[4m[1m[34mFiring Last 8[0m
Thread 2 terminated abnormally: Can't open imm_instructions/vinsertf128_ymm_ymm_xmm_imm8/instructions/vinsertf128_ymm_ymm_xmm_imm8_5/vinsertf128_ymm_ymm_xmm_imm8_5.meta.json: No such file or directory at /home/sdasgup3/x86-semantics/scripts/process_spec.pl line 580, <$fp> line 8.
Thread 2 start: vinsertf128_ymm_ymm_xmm_imm8_5
Thread 3 terminated abnormally: Can't open imm_instructions/vinsertf128_ymm_ymm_xmm_imm8/instructions/vinsertf128_ymm_ymm_xmm_imm8_45/vinsertf128_ymm_ymm_xmm_imm8_45.meta.json: No such file or directory at /home/sdasgup3/x86-semantics/scripts/process_spec.pl line 580, <$fp> line 8.
Thread 3 start: vinsertf128_ymm_ymm_xmm_imm8_45
Thread 4 terminated abnormally: Can't open imm_instructions/vinsertf128_ymm_ymm_xmm_imm8/instructions/vinsertf128_ymm_ymm_xmm_imm8_53/vinsertf128_ymm_ymm_xmm_imm8_53.meta.json: No such file or directory at /home/sdasgup3/x86-semantics/scripts/process_spec.pl line 580, <$fp> line 8.
Thread 4 start: vinsertf128_ymm_ymm_xmm_imm8_53
Thread 1 start: vinsertf128_ymm_ymm_xmm_imm8_237
/home/sdasgup3/TYLER/strata/stoke/./bin/stoke_check_circuit --target imm_instructions/vinsertf128_ymm_ymm_xmm_imm8/instructions/vinsertf128_ymm_ymm_xmm_imm8_237/vinsertf128_ymm_ymm_xmm_imm8_237.s --functions /home/sdasgup3/Github/strata-data/data-regs/functions --testcases /home/sdasgup3/Github/strata-data/data-regs/testcases.tc --def_in "{ %ymm2 %xmm3 }" --live_out "{ %ymm1 }" 
Thread 5 terminated abnormally: Can't open imm_instructions/vinsertf128_ymm_ymm_xmm_imm8/instructions/vinsertf128_ymm_ymm_xmm_imm8_77/vinsertf128_ymm_ymm_xmm_imm8_77.meta.json: No such file or directory at /home/sdasgup3/x86-semantics/scripts/process_spec.pl line 580, <$fp> line 8.
Thread 5 start: vinsertf128_ymm_ymm_xmm_imm8_77
Thread 6 terminated abnormally: Can't open imm_instructions/vinsertf128_ymm_ymm_xmm_imm8/instructions/vinsertf128_ymm_ymm_xmm_imm8_93/vinsertf128_ymm_ymm_xmm_imm8_93.meta.json: No such file or directory at /home/sdasgup3/x86-semantics/scripts/process_spec.pl line 580, <$fp> line 8.
Thread 6 start: vinsertf128_ymm_ymm_xmm_imm8_93
Thread 7 terminated abnormally: Can't open imm_instructions/vinsertf128_ymm_ymm_xmm_imm8/instructions/vinsertf128_ymm_ymm_xmm_imm8_145/vinsertf128_ymm_ymm_xmm_imm8_145.meta.json: No such file or directory at /home/sdasgup3/x86-semantics/scripts/process_spec.pl line 580, <$fp> line 8.
Thread 7 start: vinsertf128_ymm_ymm_xmm_imm8_145
Thread 8 terminated abnormally: Can't open imm_instructions/vinsertf128_ymm_ymm_xmm_imm8/instructions/vinsertf128_ymm_ymm_xmm_imm8_193/vinsertf128_ymm_ymm_xmm_imm8_193.meta.json: No such file or directory at /home/sdasgup3/x86-semantics/scripts/process_spec.pl line 580, <$fp> line 8.
Thread 8 start: vinsertf128_ymm_ymm_xmm_imm8_193
Reading the Testsuit
Preparing Sandbox
Run 6630 tests
Collect Results
Build Handler
Check Equivalence
Completed 1000cases
Completed 2000cases
Completed 3000cases
Completed 4000cases
Completed 5000cases
Completed 6000cases
Thread 1 done!: vinsertf128_ymm_ymm_xmm_imm8_237
