[4m[1m[34mFiring 30.[0m
Thread 2 start: vblendpd_ymm_ymm_ymm_imm8_6
/home/sdasgup3/TYLER/strata/stoke/./bin/stoke_check_circuit --target imm_instructions/vblendpd_ymm_ymm_ymm_imm8/instructions/vblendpd_ymm_ymm_ymm_imm8_6/vblendpd_ymm_ymm_ymm_imm8_6.s --functions /home/sdasgup3/Github/strata-data/data-regs/functions --testcases /home/sdasgup3/Github/strata-data/data-regs/testcases.tc --def_in "{ %ymm2 %ymm3 }" --live_out "{ %ymm1 }" 
Thread 1 start: vblendpd_ymm_ymm_ymm_imm8_4
/home/sdasgup3/TYLER/strata/stoke/./bin/stoke_check_circuit --target imm_instructions/vblendpd_ymm_ymm_ymm_imm8/instructions/vblendpd_ymm_ymm_ymm_imm8_4/vblendpd_ymm_ymm_ymm_imm8_4.s --functions /home/sdasgup3/Github/strata-data/data-regs/functions --testcases /home/sdasgup3/Github/strata-data/data-regs/testcases.tc --def_in "{ %ymm2 %ymm3 }" --live_out "{ %ymm1 }" 
Thread 3 start: vblendpd_ymm_ymm_ymm_imm8_7
/home/sdasgup3/TYLER/strata/stoke/./bin/stoke_check_circuit --target imm_instructions/vblendpd_ymm_ymm_ymm_imm8/instructions/vblendpd_ymm_ymm_ymm_imm8_7/vblendpd_ymm_ymm_ymm_imm8_7.s --functions /home/sdasgup3/Github/strata-data/data-regs/functions --testcases /home/sdasgup3/Github/strata-data/data-regs/testcases.tc --def_in "{ %ymm2 %ymm3 }" --live_out "{ %ymm1 }" 
Thread 4 start: vblendpd_ymm_ymm_ymm_imm8_8
/home/sdasgup3/TYLER/strata/stoke/./bin/stoke_check_circuit --target imm_instructions/vblendpd_ymm_ymm_ymm_imm8/instructions/vblendpd_ymm_ymm_ymm_imm8_8/vblendpd_ymm_ymm_ymm_imm8_8.s --functions /home/sdasgup3/Github/strata-data/data-regs/functions --testcases /home/sdasgup3/Github/strata-data/data-regs/testcases.tc --def_in "{ %ymm2 %ymm3 }" --live_out "{ %ymm1 }" 
Thread 5 start: vblendpd_ymm_ymm_ymm_imm8_9
/home/sdasgup3/TYLER/strata/stoke/./bin/stoke_check_circuit --target imm_instructions/vblendpd_ymm_ymm_ymm_imm8/instructions/vblendpd_ymm_ymm_ymm_imm8_9/vblendpd_ymm_ymm_ymm_imm8_9.s --functions /home/sdasgup3/Github/strata-data/data-regs/functions --testcases /home/sdasgup3/Github/strata-data/data-regs/testcases.tc --def_in "{ %ymm2 %ymm3 }" --live_out "{ %ymm1 }" 
Thread 6 start: vblendpd_ymm_ymm_ymm_imm8_11
/home/sdasgup3/TYLER/strata/stoke/./bin/stoke_check_circuit --target imm_instructions/vblendpd_ymm_ymm_ymm_imm8/instructions/vblendpd_ymm_ymm_ymm_imm8_11/vblendpd_ymm_ymm_ymm_imm8_11.s --functions /home/sdasgup3/Github/strata-data/data-regs/functions --testcases /home/sdasgup3/Github/strata-data/data-regs/testcases.tc --def_in "{ %ymm2 %ymm3 }" --live_out "{ %ymm1 }" 
Thread 7 start: vblendpd_ymm_ymm_ymm_imm8_20
/home/sdasgup3/TYLER/strata/stoke/./bin/stoke_check_circuit --target imm_instructions/vblendpd_ymm_ymm_ymm_imm8/instructions/vblendpd_ymm_ymm_ymm_imm8_20/vblendpd_ymm_ymm_ymm_imm8_20.s --functions /home/sdasgup3/Github/strata-data/data-regs/functions --testcases /home/sdasgup3/Github/strata-data/data-regs/testcases.tc --def_in "{ %ymm2 %ymm3 }" --live_out "{ %ymm1 }" 
Thread 8 start: vblendpd_ymm_ymm_ymm_imm8_22
/home/sdasgup3/TYLER/strata/stoke/./bin/stoke_check_circuit --target imm_instructions/vblendpd_ymm_ymm_ymm_imm8/instructions/vblendpd_ymm_ymm_ymm_imm8_22/vblendpd_ymm_ymm_ymm_imm8_22.s --functions /home/sdasgup3/Github/strata-data/data-regs/functions --testcases /home/sdasgup3/Github/strata-data/data-regs/testcases.tc --def_in "{ %ymm2 %ymm3 }" --live_out "{ %ymm1 }" 
Thread 9 start: vblendpd_ymm_ymm_ymm_imm8_23
/home/sdasgup3/TYLER/strata/stoke/./bin/stoke_check_circuit --target imm_instructions/vblendpd_ymm_ymm_ymm_imm8/instructions/vblendpd_ymm_ymm_ymm_imm8_23/vblendpd_ymm_ymm_ymm_imm8_23.s --functions /home/sdasgup3/Github/strata-data/data-regs/functions --testcases /home/sdasgup3/Github/strata-data/data-regs/testcases.tc --def_in "{ %ymm2 %ymm3 }" --live_out "{ %ymm1 }" 
Thread 10 start: vblendpd_ymm_ymm_ymm_imm8_24
/home/sdasgup3/TYLER/strata/stoke/./bin/stoke_check_circuit --target imm_instructions/vblendpd_ymm_ymm_ymm_imm8/instructions/vblendpd_ymm_ymm_ymm_imm8_24/vblendpd_ymm_ymm_ymm_imm8_24.s --functions /home/sdasgup3/Github/strata-data/data-regs/functions --testcases /home/sdasgup3/Github/strata-data/data-regs/testcases.tc --def_in "{ %ymm2 %ymm3 }" --live_out "{ %ymm1 }" 
Thread 11 start: vblendpd_ymm_ymm_ymm_imm8_25
/home/sdasgup3/TYLER/strata/stoke/./bin/stoke_check_circuit --target imm_instructions/vblendpd_ymm_ymm_ymm_imm8/instructions/vblendpd_ymm_ymm_ymm_imm8_25/vblendpd_ymm_ymm_ymm_imm8_25.s --functions /home/sdasgup3/Github/strata-data/data-regs/functions --testcases /home/sdasgup3/Github/strata-data/data-regs/testcases.tc --def_in "{ %ymm2 %ymm3 }" --live_out "{ %ymm1 }" 
Thread 12 start: vblendpd_ymm_ymm_ymm_imm8_27
/home/sdasgup3/TYLER/strata/stoke/./bin/stoke_check_circuit --target imm_instructions/vblendpd_ymm_ymm_ymm_imm8/instructions/vblendpd_ymm_ymm_ymm_imm8_27/vblendpd_ymm_ymm_ymm_imm8_27.s --functions /home/sdasgup3/Github/strata-data/data-regs/functions --testcases /home/sdasgup3/Github/strata-data/data-regs/testcases.tc --def_in "{ %ymm2 %ymm3 }" --live_out "{ %ymm1 }" 
Thread 13 start: vblendpd_ymm_ymm_ymm_imm8_29
/home/sdasgup3/TYLER/strata/stoke/./bin/stoke_check_circuit --target imm_instructions/vblendpd_ymm_ymm_ymm_imm8/instructions/vblendpd_ymm_ymm_ymm_imm8_29/vblendpd_ymm_ymm_ymm_imm8_29.s --functions /home/sdasgup3/Github/strata-data/data-regs/functions --testcases /home/sdasgup3/Github/strata-data/data-regs/testcases.tc --def_in "{ %ymm2 %ymm3 }" --live_out "{ %ymm1 }" 
Thread 14 start: vblendpd_ymm_ymm_ymm_imm8_36
/home/sdasgup3/TYLER/strata/stoke/./bin/stoke_check_circuit --target imm_instructions/vblendpd_ymm_ymm_ymm_imm8/instructions/vblendpd_ymm_ymm_ymm_imm8_36/vblendpd_ymm_ymm_ymm_imm8_36.s --functions /home/sdasgup3/Github/strata-data/data-regs/functions --testcases /home/sdasgup3/Github/strata-data/data-regs/testcases.tc --def_in "{ %ymm2 %ymm3 }" --live_out "{ %ymm1 }" 
Thread 15 start: vblendpd_ymm_ymm_ymm_imm8_38
/home/sdasgup3/TYLER/strata/stoke/./bin/stoke_check_circuit --target imm_instructions/vblendpd_ymm_ymm_ymm_imm8/instructions/vblendpd_ymm_ymm_ymm_imm8_38/vblendpd_ymm_ymm_ymm_imm8_38.s --functions /home/sdasgup3/Github/strata-data/data-regs/functions --testcases /home/sdasgup3/Github/strata-data/data-regs/testcases.tc --def_in "{ %ymm2 %ymm3 }" --live_out "{ %ymm1 }" 
Thread 16 start: vblendpd_ymm_ymm_ymm_imm8_39
/home/sdasgup3/TYLER/strata/stoke/./bin/stoke_check_circuit --target imm_instructions/vblendpd_ymm_ymm_ymm_imm8/instructions/vblendpd_ymm_ymm_ymm_imm8_39/vblendpd_ymm_ymm_ymm_imm8_39.s --functions /home/sdasgup3/Github/strata-data/data-regs/functions --testcases /home/sdasgup3/Github/strata-data/data-regs/testcases.tc --def_in "{ %ymm2 %ymm3 }" --live_out "{ %ymm1 }" 
Thread 17 start: vblendpd_ymm_ymm_ymm_imm8_40
/home/sdasgup3/TYLER/strata/stoke/./bin/stoke_check_circuit --target imm_instructions/vblendpd_ymm_ymm_ymm_imm8/instructions/vblendpd_ymm_ymm_ymm_imm8_40/vblendpd_ymm_ymm_ymm_imm8_40.s --functions /home/sdasgup3/Github/strata-data/data-regs/functions --testcases /home/sdasgup3/Github/strata-data/data-regs/testcases.tc --def_in "{ %ymm2 %ymm3 }" --live_out "{ %ymm1 }" 
Thread 18 start: vblendpd_ymm_ymm_ymm_imm8_41
/home/sdasgup3/TYLER/strata/stoke/./bin/stoke_check_circuit --target imm_instructions/vblendpd_ymm_ymm_ymm_imm8/instructions/vblendpd_ymm_ymm_ymm_imm8_41/vblendpd_ymm_ymm_ymm_imm8_41.s --functions /home/sdasgup3/Github/strata-data/data-regs/functions --testcases /home/sdasgup3/Github/strata-data/data-regs/testcases.tc --def_in "{ %ymm2 %ymm3 }" --live_out "{ %ymm1 }" 
Thread 19 start: vblendpd_ymm_ymm_ymm_imm8_45
/home/sdasgup3/TYLER/strata/stoke/./bin/stoke_check_circuit --target imm_instructions/vblendpd_ymm_ymm_ymm_imm8/instructions/vblendpd_ymm_ymm_ymm_imm8_45/vblendpd_ymm_ymm_ymm_imm8_45.s --functions /home/sdasgup3/Github/strata-data/data-regs/functions --testcases /home/sdasgup3/Github/strata-data/data-regs/testcases.tc --def_in "{ %ymm2 %ymm3 }" --live_out "{ %ymm1 }" 
Thread 20 start: vblendpd_ymm_ymm_ymm_imm8_52
/home/sdasgup3/TYLER/strata/stoke/./bin/stoke_check_circuit --target imm_instructions/vblendpd_ymm_ymm_ymm_imm8/instructions/vblendpd_ymm_ymm_ymm_imm8_52/vblendpd_ymm_ymm_ymm_imm8_52.s --functions /home/sdasgup3/Github/strata-data/data-regs/functions --testcases /home/sdasgup3/Github/strata-data/data-regs/testcases.tc --def_in "{ %ymm2 %ymm3 }" --live_out "{ %ymm1 }" 
Thread 21 start: vblendpd_ymm_ymm_ymm_imm8_54
/home/sdasgup3/TYLER/strata/stoke/./bin/stoke_check_circuit --target imm_instructions/vblendpd_ymm_ymm_ymm_imm8/instructions/vblendpd_ymm_ymm_ymm_imm8_54/vblendpd_ymm_ymm_ymm_imm8_54.s --functions /home/sdasgup3/Github/strata-data/data-regs/functions --testcases /home/sdasgup3/Github/strata-data/data-regs/testcases.tc --def_in "{ %ymm2 %ymm3 }" --live_out "{ %ymm1 }" 
Thread 22 start: vblendpd_ymm_ymm_ymm_imm8_55
/home/sdasgup3/TYLER/strata/stoke/./bin/stoke_check_circuit --target imm_instructions/vblendpd_ymm_ymm_ymm_imm8/instructions/vblendpd_ymm_ymm_ymm_imm8_55/vblendpd_ymm_ymm_ymm_imm8_55.s --functions /home/sdasgup3/Github/strata-data/data-regs/functions --testcases /home/sdasgup3/Github/strata-data/data-regs/testcases.tc --def_in "{ %ymm2 %ymm3 }" --live_out "{ %ymm1 }" 
Thread 23 start: vblendpd_ymm_ymm_ymm_imm8_56
/home/sdasgup3/TYLER/strata/stoke/./bin/stoke_check_circuit --target imm_instructions/vblendpd_ymm_ymm_ymm_imm8/instructions/vblendpd_ymm_ymm_ymm_imm8_56/vblendpd_ymm_ymm_ymm_imm8_56.s --functions /home/sdasgup3/Github/strata-data/data-regs/functions --testcases /home/sdasgup3/Github/strata-data/data-regs/testcases.tc --def_in "{ %ymm2 %ymm3 }" --live_out "{ %ymm1 }" 
Thread 24 start: vblendpd_ymm_ymm_ymm_imm8_57
/home/sdasgup3/TYLER/strata/stoke/./bin/stoke_check_circuit --target imm_instructions/vblendpd_ymm_ymm_ymm_imm8/instructions/vblendpd_ymm_ymm_ymm_imm8_57/vblendpd_ymm_ymm_ymm_imm8_57.s --functions /home/sdasgup3/Github/strata-data/data-regs/functions --testcases /home/sdasgup3/Github/strata-data/data-regs/testcases.tc --def_in "{ %ymm2 %ymm3 }" --live_out "{ %ymm1 }" 
Thread 25 start: vblendpd_ymm_ymm_ymm_imm8_59
/home/sdasgup3/TYLER/strata/stoke/./bin/stoke_check_circuit --target imm_instructions/vblendpd_ymm_ymm_ymm_imm8/instructions/vblendpd_ymm_ymm_ymm_imm8_59/vblendpd_ymm_ymm_ymm_imm8_59.s --functions /home/sdasgup3/Github/strata-data/data-regs/functions --testcases /home/sdasgup3/Github/strata-data/data-regs/testcases.tc --def_in "{ %ymm2 %ymm3 }" --live_out "{ %ymm1 }" 
Thread 26 start: vblendpd_ymm_ymm_ymm_imm8_70
/home/sdasgup3/TYLER/strata/stoke/./bin/stoke_check_circuit --target imm_instructions/vblendpd_ymm_ymm_ymm_imm8/instructions/vblendpd_ymm_ymm_ymm_imm8_70/vblendpd_ymm_ymm_ymm_imm8_70.s --functions /home/sdasgup3/Github/strata-data/data-regs/functions --testcases /home/sdasgup3/Github/strata-data/data-regs/testcases.tc --def_in "{ %ymm2 %ymm3 }" --live_out "{ %ymm1 }" 
Thread 27 start: vblendpd_ymm_ymm_ymm_imm8_71
/home/sdasgup3/TYLER/strata/stoke/./bin/stoke_check_circuit --target imm_instructions/vblendpd_ymm_ymm_ymm_imm8/instructions/vblendpd_ymm_ymm_ymm_imm8_71/vblendpd_ymm_ymm_ymm_imm8_71.s --functions /home/sdasgup3/Github/strata-data/data-regs/functions --testcases /home/sdasgup3/Github/strata-data/data-regs/testcases.tc --def_in "{ %ymm2 %ymm3 }" --live_out "{ %ymm1 }" 
Thread 28 start: vblendpd_ymm_ymm_ymm_imm8_72
/home/sdasgup3/TYLER/strata/stoke/./bin/stoke_check_circuit --target imm_instructions/vblendpd_ymm_ymm_ymm_imm8/instructions/vblendpd_ymm_ymm_ymm_imm8_72/vblendpd_ymm_ymm_ymm_imm8_72.s --functions /home/sdasgup3/Github/strata-data/data-regs/functions --testcases /home/sdasgup3/Github/strata-data/data-regs/testcases.tc --def_in "{ %ymm2 %ymm3 }" --live_out "{ %ymm1 }" 
Thread 29 start: vblendpd_ymm_ymm_ymm_imm8_73
/home/sdasgup3/TYLER/strata/stoke/./bin/stoke_check_circuit --target imm_instructions/vblendpd_ymm_ymm_ymm_imm8/instructions/vblendpd_ymm_ymm_ymm_imm8_73/vblendpd_ymm_ymm_ymm_imm8_73.s --functions /home/sdasgup3/Github/strata-data/data-regs/functions --testcases /home/sdasgup3/Github/strata-data/data-regs/testcases.tc --def_in "{ %ymm2 %ymm3 }" --live_out "{ %ymm1 }" 
Thread 30 start: vblendpd_ymm_ymm_ymm_imm8_75
/home/sdasgup3/TYLER/strata/stoke/./bin/stoke_check_circuit --target imm_instructions/vblendpd_ymm_ymm_ymm_imm8/instructions/vblendpd_ymm_ymm_ymm_imm8_75/vblendpd_ymm_ymm_ymm_imm8_75.s --functions /home/sdasgup3/Github/strata-data/data-regs/functions --testcases /home/sdasgup3/Github/strata-data/data-regs/testcases.tc --def_in "{ %ymm2 %ymm3 }" --live_out "{ %ymm1 }" 
Reading the Testsuit
Preparing Sandbox
Run 6630 tests
Collect Results
Build Handler
Check Equivalence
Completed 1000cases
Reading the Testsuit
Preparing Sandbox
Run 6630 tests
Collect Results
Build Handler
Check Equivalence
Completed 1000cases
Reading the Testsuit
Preparing Sandbox
Run 6630 tests
Collect Results
Build Handler
Check Equivalence
Completed 1000cases
Reading the Testsuit
Preparing Sandbox
Run 6630 tests
Collect Results
Build Handler
Check Equivalence
Completed 1000cases
Reading the Testsuit
Preparing Sandbox
Run 6630 tests
Collect Results
Build Handler
Check Equivalence
Completed 1000cases
Reading the Testsuit
Preparing Sandbox
Run 6630 tests
Collect Results
Build Handler
Check Equivalence
Completed 1000cases
Reading the Testsuit
Preparing Sandbox
Run 6630 tests
Collect Results
Build Handler
Check Equivalence
Completed 1000cases
Reading the Testsuit
Preparing Sandbox
Run 6630 tests
Collect Results
Build Handler
Check Equivalence
Completed 1000cases
Reading the Testsuit
Preparing Sandbox
Run 6630 tests
Collect Results
Build Handler
Check Equivalence
Completed 1000cases
Reading the Testsuit
Preparing Sandbox
Run 6630 tests
Collect Results
Build Handler
Check Equivalence
Completed 1000cases
Reading the Testsuit
Preparing Sandbox
Run 6630 tests
Collect Results
Build Handler
Check Equivalence
Completed 1000cases
Reading the Testsuit
Preparing Sandbox
Run 6630 tests
Collect Results
Build Handler
Check Equivalence
Completed 1000cases
Reading the Testsuit
Preparing Sandbox
Run 6630 tests
Collect Results
Build Handler
Check Equivalence
Completed 1000cases
Reading the Testsuit
Preparing Sandbox
Run 6630 tests
Collect Results
Build Handler
Check Equivalence
Completed 1000cases
Reading the Testsuit
Preparing Sandbox
Run 6630 tests
Collect Results
Build Handler
Check Equivalence
Completed 1000cases
Reading the Testsuit
Preparing Sandbox
Run 6630 tests
Collect Results
Build Handler
Check Equivalence
Completed 1000cases
Reading the Testsuit
Preparing Sandbox
Run 6630 tests
Collect Results
Build Handler
Check Equivalence
Completed 1000cases
Reading the Testsuit
Preparing Sandbox
Run 6630 tests
Collect Results
Build Handler
Check Equivalence
Completed 1000cases
Reading the Testsuit
Preparing Sandbox
Run 6630 tests
Collect Results
Build Handler
Check Equivalence
Completed 1000cases
Reading the Testsuit
Preparing Sandbox
Run 6630 tests
Collect Results
Build Handler
Check Equivalence
Completed 1000cases
Reading the Testsuit
Preparing Sandbox
Run 6630 tests
Collect Results
Build Handler
Check Equivalence
Completed 1000cases
Reading the Testsuit
Preparing Sandbox
Run 6630 tests
Collect Results
Build Handler
Check Equivalence
Completed 1000cases
Reading the Testsuit
Preparing Sandbox
Run 6630 tests
Collect Results
Build Handler
Check Equivalence
Completed 1000cases
Reading the Testsuit
Preparing Sandbox
Run 6630 tests
Collect Results
Build Handler
Check Equivalence
Completed 1000cases
Reading the Testsuit
Preparing Sandbox
Run 6630 tests
Collect Results
Build Handler
Check Equivalence
Completed 1000cases
Reading the Testsuit
Preparing Sandbox
Run 6630 tests
Collect Results
Build Handler
Check Equivalence
Completed 1000cases
Reading the Testsuit
Preparing Sandbox
Run 6630 tests
Collect Results
Build Handler
Check Equivalence
Completed 1000cases
Reading the Testsuit
Preparing Sandbox
Run 6630 tests
Collect Results
Build Handler
Check Equivalence
Completed 1000cases
Reading the Testsuit
Preparing Sandbox
Run 6630 tests
Collect Results
Build Handler
Check Equivalence
Completed 1000cases
Reading the Testsuit
Preparing Sandbox
Run 6630 tests
Collect Results
Build Handler
Check Equivalence
Completed 1000cases
Completed 2000cases
Completed 2000cases
Completed 2000cases
Completed 2000cases
Completed 2000cases
Completed 2000cases
Completed 2000cases
Completed 2000cases
Completed 2000cases
Completed 2000cases
Completed 2000cases
Completed 2000cases
Completed 2000cases
Completed 3000cases
Completed 2000cases
Completed 2000cases
Completed 2000cases
Completed 2000cases
Completed 2000cases
Completed 2000cases
Completed 2000cases
Completed 2000cases
Completed 2000cases
Completed 2000cases
Completed 2000cases
Completed 2000cases
Completed 2000cases
Completed 2000cases
Completed 2000cases
Completed 2000cases
Completed 2000cases
Completed 3000cases
Completed 3000cases
Completed 3000cases
Completed 3000cases
Completed 3000cases
Completed 4000cases
Completed 3000cases
Completed 3000cases
Completed 3000cases
Completed 3000cases
Completed 3000cases
Completed 3000cases
Completed 3000cases
Completed 3000cases
Completed 3000cases
Completed 3000cases
Completed 3000cases
Completed 3000cases
Completed 3000cases
Completed 3000cases
Completed 3000cases
Completed 3000cases
Completed 3000cases
Completed 3000cases
Completed 3000cases
Completed 3000cases
Completed 3000cases
Completed 3000cases
Completed 3000cases
Completed 3000cases
Completed 4000cases
Completed 4000cases
Completed 4000cases
Completed 5000cases
Completed 4000cases
Completed 4000cases
Completed 4000cases
Completed 4000cases
Completed 4000cases
Completed 4000cases
Completed 4000cases
Completed 4000cases
Completed 4000cases
Completed 4000cases
Completed 4000cases
Completed 4000cases
Completed 4000cases
Completed 4000cases
Completed 4000cases
Completed 4000cases
Completed 4000cases
Completed 4000cases
Completed 4000cases
Completed 4000cases
Completed 4000cases
Completed 4000cases
Completed 4000cases
Completed 4000cases
Completed 4000cases
Completed 5000cases
Completed 4000cases
Completed 6000cases
Completed 5000cases
Completed 5000cases
Completed 5000cases
Completed 5000cases
Completed 5000cases
Completed 5000cases
Completed 5000cases
Completed 5000cases
Completed 5000cases
Completed 5000cases
Completed 5000cases
Completed 5000cases
Completed 5000cases
Completed 5000cases
Completed 5000cases
Completed 5000cases
Completed 5000cases
Completed 5000cases
Completed 5000cases
Completed 5000cases
Thread 1 done!: vblendpd_ymm_ymm_ymm_imm8_4
Completed 5000cases
Completed 5000cases
Completed 5000cases
Completed 5000cases
Completed 5000cases
Completed 5000cases
Completed 5000cases
Completed 6000cases
Completed 5000cases
Completed 6000cases
Completed 6000cases
Completed 6000cases
Completed 6000cases
Completed 6000cases
Completed 6000cases
Completed 6000cases
Completed 6000cases
Completed 6000cases
Completed 6000cases
Completed 6000cases
Completed 6000cases
Completed 6000cases
Completed 6000cases
Completed 6000cases
Completed 6000cases
Completed 6000cases
Completed 6000cases
Completed 6000cases
Thread 25 done!: vblendpd_ymm_ymm_ymm_imm8_59
Completed 6000cases
Thread 5 done!: vblendpd_ymm_ymm_ymm_imm8_9
Completed 6000cases
Completed 6000cases
Completed 6000cases
Completed 6000cases
Completed 6000cases
Thread 12 done!: vblendpd_ymm_ymm_ymm_imm8_27
Thread 6 done!: vblendpd_ymm_ymm_ymm_imm8_11
Completed 6000cases
Thread 30 done!: vblendpd_ymm_ymm_ymm_imm8_75
Thread 10 done!: vblendpd_ymm_ymm_ymm_imm8_24
Thread 23 done!: vblendpd_ymm_ymm_ymm_imm8_56
Completed 6000cases
Thread 19 done!: vblendpd_ymm_ymm_ymm_imm8_45
Thread 28 done!: vblendpd_ymm_ymm_ymm_imm8_72
Thread 14 done!: vblendpd_ymm_ymm_ymm_imm8_36
Thread 2 done!: vblendpd_ymm_ymm_ymm_imm8_6
Completed 6000cases
Thread 8 done!: vblendpd_ymm_ymm_ymm_imm8_22
Thread 9 done!: vblendpd_ymm_ymm_ymm_imm8_23
Thread 22 done!: vblendpd_ymm_ymm_ymm_imm8_55
Thread 24 done!: vblendpd_ymm_ymm_ymm_imm8_57
Thread 21 done!: vblendpd_ymm_ymm_ymm_imm8_54
Thread 15 done!: vblendpd_ymm_ymm_ymm_imm8_38
Thread 16 done!: vblendpd_ymm_ymm_ymm_imm8_39
Thread 7 done!: vblendpd_ymm_ymm_ymm_imm8_20
Thread 17 done!: vblendpd_ymm_ymm_ymm_imm8_40
Thread 18 done!: vblendpd_ymm_ymm_ymm_imm8_41
Thread 20 done!: vblendpd_ymm_ymm_ymm_imm8_52
Thread 29 done!: vblendpd_ymm_ymm_ymm_imm8_73
Thread 13 done!: vblendpd_ymm_ymm_ymm_imm8_29
Thread 4 done!: vblendpd_ymm_ymm_ymm_imm8_8
Thread 3 done!: vblendpd_ymm_ymm_ymm_imm8_7
Thread 27 done!: vblendpd_ymm_ymm_ymm_imm8_71
Thread 11 done!: vblendpd_ymm_ymm_ymm_imm8_25
Thread 26 done!: vblendpd_ymm_ymm_ymm_imm8_70
[4m[1m[34mFiring 30.[0m
Thread 31 start: vblendpd_ymm_ymm_ymm_imm8_84
/home/sdasgup3/TYLER/strata/stoke/./bin/stoke_check_circuit --target imm_instructions/vblendpd_ymm_ymm_ymm_imm8/instructions/vblendpd_ymm_ymm_ymm_imm8_84/vblendpd_ymm_ymm_ymm_imm8_84.s --functions /home/sdasgup3/Github/strata-data/data-regs/functions --testcases /home/sdasgup3/Github/strata-data/data-regs/testcases.tc --def_in "{ %ymm2 %ymm3 }" --live_out "{ %ymm1 }" 
Thread 32 start: vblendpd_ymm_ymm_ymm_imm8_86
/home/sdasgup3/TYLER/strata/stoke/./bin/stoke_check_circuit --target imm_instructions/vblendpd_ymm_ymm_ymm_imm8/instructions/vblendpd_ymm_ymm_ymm_imm8_86/vblendpd_ymm_ymm_ymm_imm8_86.s --functions /home/sdasgup3/Github/strata-data/data-regs/functions --testcases /home/sdasgup3/Github/strata-data/data-regs/testcases.tc --def_in "{ %ymm2 %ymm3 }" --live_out "{ %ymm1 }" 
Thread 33 start: vblendpd_ymm_ymm_ymm_imm8_87
/home/sdasgup3/TYLER/strata/stoke/./bin/stoke_check_circuit --target imm_instructions/vblendpd_ymm_ymm_ymm_imm8/instructions/vblendpd_ymm_ymm_ymm_imm8_87/vblendpd_ymm_ymm_ymm_imm8_87.s --functions /home/sdasgup3/Github/strata-data/data-regs/functions --testcases /home/sdasgup3/Github/strata-data/data-regs/testcases.tc --def_in "{ %ymm2 %ymm3 }" --live_out "{ %ymm1 }" 
Thread 34 start: vblendpd_ymm_ymm_ymm_imm8_88
/home/sdasgup3/TYLER/strata/stoke/./bin/stoke_check_circuit --target imm_instructions/vblendpd_ymm_ymm_ymm_imm8/instructions/vblendpd_ymm_ymm_ymm_imm8_88/vblendpd_ymm_ymm_ymm_imm8_88.s --functions /home/sdasgup3/Github/strata-data/data-regs/functions --testcases /home/sdasgup3/Github/strata-data/data-regs/testcases.tc --def_in "{ %ymm2 %ymm3 }" --live_out "{ %ymm1 }" 
Thread 35 start: vblendpd_ymm_ymm_ymm_imm8_89
/home/sdasgup3/TYLER/strata/stoke/./bin/stoke_check_circuit --target imm_instructions/vblendpd_ymm_ymm_ymm_imm8/instructions/vblendpd_ymm_ymm_ymm_imm8_89/vblendpd_ymm_ymm_ymm_imm8_89.s --functions /home/sdasgup3/Github/strata-data/data-regs/functions --testcases /home/sdasgup3/Github/strata-data/data-regs/testcases.tc --def_in "{ %ymm2 %ymm3 }" --live_out "{ %ymm1 }" 
Thread 36 start: vblendpd_ymm_ymm_ymm_imm8_91
/home/sdasgup3/TYLER/strata/stoke/./bin/stoke_check_circuit --target imm_instructions/vblendpd_ymm_ymm_ymm_imm8/instructions/vblendpd_ymm_ymm_ymm_imm8_91/vblendpd_ymm_ymm_ymm_imm8_91.s --functions /home/sdasgup3/Github/strata-data/data-regs/functions --testcases /home/sdasgup3/Github/strata-data/data-regs/testcases.tc --def_in "{ %ymm2 %ymm3 }" --live_out "{ %ymm1 }" 
Thread 37 start: vblendpd_ymm_ymm_ymm_imm8_100
/home/sdasgup3/TYLER/strata/stoke/./bin/stoke_check_circuit --target imm_instructions/vblendpd_ymm_ymm_ymm_imm8/instructions/vblendpd_ymm_ymm_ymm_imm8_100/vblendpd_ymm_ymm_ymm_imm8_100.s --functions /home/sdasgup3/Github/strata-data/data-regs/functions --testcases /home/sdasgup3/Github/strata-data/data-regs/testcases.tc --def_in "{ %ymm2 %ymm3 }" --live_out "{ %ymm1 }" 
Thread 38 start: vblendpd_ymm_ymm_ymm_imm8_102
/home/sdasgup3/TYLER/strata/stoke/./bin/stoke_check_circuit --target imm_instructions/vblendpd_ymm_ymm_ymm_imm8/instructions/vblendpd_ymm_ymm_ymm_imm8_102/vblendpd_ymm_ymm_ymm_imm8_102.s --functions /home/sdasgup3/Github/strata-data/data-regs/functions --testcases /home/sdasgup3/Github/strata-data/data-regs/testcases.tc --def_in "{ %ymm2 %ymm3 }" --live_out "{ %ymm1 }" 
Thread 39 start: vblendpd_ymm_ymm_ymm_imm8_103
/home/sdasgup3/TYLER/strata/stoke/./bin/stoke_check_circuit --target imm_instructions/vblendpd_ymm_ymm_ymm_imm8/instructions/vblendpd_ymm_ymm_ymm_imm8_103/vblendpd_ymm_ymm_ymm_imm8_103.s --functions /home/sdasgup3/Github/strata-data/data-regs/functions --testcases /home/sdasgup3/Github/strata-data/data-regs/testcases.tc --def_in "{ %ymm2 %ymm3 }" --live_out "{ %ymm1 }" 
Thread 40 start: vblendpd_ymm_ymm_ymm_imm8_104
/home/sdasgup3/TYLER/strata/stoke/./bin/stoke_check_circuit --target imm_instructions/vblendpd_ymm_ymm_ymm_imm8/instructions/vblendpd_ymm_ymm_ymm_imm8_104/vblendpd_ymm_ymm_ymm_imm8_104.s --functions /home/sdasgup3/Github/strata-data/data-regs/functions --testcases /home/sdasgup3/Github/strata-data/data-regs/testcases.tc --def_in "{ %ymm2 %ymm3 }" --live_out "{ %ymm1 }" 
Thread 41 start: vblendpd_ymm_ymm_ymm_imm8_105
/home/sdasgup3/TYLER/strata/stoke/./bin/stoke_check_circuit --target imm_instructions/vblendpd_ymm_ymm_ymm_imm8/instructions/vblendpd_ymm_ymm_ymm_imm8_105/vblendpd_ymm_ymm_ymm_imm8_105.s --functions /home/sdasgup3/Github/strata-data/data-regs/functions --testcases /home/sdasgup3/Github/strata-data/data-regs/testcases.tc --def_in "{ %ymm2 %ymm3 }" --live_out "{ %ymm1 }" 
Thread 42 start: vblendpd_ymm_ymm_ymm_imm8_107
/home/sdasgup3/TYLER/strata/stoke/./bin/stoke_check_circuit --target imm_instructions/vblendpd_ymm_ymm_ymm_imm8/instructions/vblendpd_ymm_ymm_ymm_imm8_107/vblendpd_ymm_ymm_ymm_imm8_107.s --functions /home/sdasgup3/Github/strata-data/data-regs/functions --testcases /home/sdasgup3/Github/strata-data/data-regs/testcases.tc --def_in "{ %ymm2 %ymm3 }" --live_out "{ %ymm1 }" 
Thread 43 start: vblendpd_ymm_ymm_ymm_imm8_109
/home/sdasgup3/TYLER/strata/stoke/./bin/stoke_check_circuit --target imm_instructions/vblendpd_ymm_ymm_ymm_imm8/instructions/vblendpd_ymm_ymm_ymm_imm8_109/vblendpd_ymm_ymm_ymm_imm8_109.s --functions /home/sdasgup3/Github/strata-data/data-regs/functions --testcases /home/sdasgup3/Github/strata-data/data-regs/testcases.tc --def_in "{ %ymm2 %ymm3 }" --live_out "{ %ymm1 }" 
Thread 44 start: vblendpd_ymm_ymm_ymm_imm8_116
/home/sdasgup3/TYLER/strata/stoke/./bin/stoke_check_circuit --target imm_instructions/vblendpd_ymm_ymm_ymm_imm8/instructions/vblendpd_ymm_ymm_ymm_imm8_116/vblendpd_ymm_ymm_ymm_imm8_116.s --functions /home/sdasgup3/Github/strata-data/data-regs/functions --testcases /home/sdasgup3/Github/strata-data/data-regs/testcases.tc --def_in "{ %ymm2 %ymm3 }" --live_out "{ %ymm1 }" 
Thread 45 start: vblendpd_ymm_ymm_ymm_imm8_118
/home/sdasgup3/TYLER/strata/stoke/./bin/stoke_check_circuit --target imm_instructions/vblendpd_ymm_ymm_ymm_imm8/instructions/vblendpd_ymm_ymm_ymm_imm8_118/vblendpd_ymm_ymm_ymm_imm8_118.s --functions /home/sdasgup3/Github/strata-data/data-regs/functions --testcases /home/sdasgup3/Github/strata-data/data-regs/testcases.tc --def_in "{ %ymm2 %ymm3 }" --live_out "{ %ymm1 }" 
Thread 46 start: vblendpd_ymm_ymm_ymm_imm8_119
/home/sdasgup3/TYLER/strata/stoke/./bin/stoke_check_circuit --target imm_instructions/vblendpd_ymm_ymm_ymm_imm8/instructions/vblendpd_ymm_ymm_ymm_imm8_119/vblendpd_ymm_ymm_ymm_imm8_119.s --functions /home/sdasgup3/Github/strata-data/data-regs/functions --testcases /home/sdasgup3/Github/strata-data/data-regs/testcases.tc --def_in "{ %ymm2 %ymm3 }" --live_out "{ %ymm1 }" 
Thread 47 start: vblendpd_ymm_ymm_ymm_imm8_120
/home/sdasgup3/TYLER/strata/stoke/./bin/stoke_check_circuit --target imm_instructions/vblendpd_ymm_ymm_ymm_imm8/instructions/vblendpd_ymm_ymm_ymm_imm8_120/vblendpd_ymm_ymm_ymm_imm8_120.s --functions /home/sdasgup3/Github/strata-data/data-regs/functions --testcases /home/sdasgup3/Github/strata-data/data-regs/testcases.tc --def_in "{ %ymm2 %ymm3 }" --live_out "{ %ymm1 }" 
Thread 48 start: vblendpd_ymm_ymm_ymm_imm8_121
/home/sdasgup3/TYLER/strata/stoke/./bin/stoke_check_circuit --target imm_instructions/vblendpd_ymm_ymm_ymm_imm8/instructions/vblendpd_ymm_ymm_ymm_imm8_121/vblendpd_ymm_ymm_ymm_imm8_121.s --functions /home/sdasgup3/Github/strata-data/data-regs/functions --testcases /home/sdasgup3/Github/strata-data/data-regs/testcases.tc --def_in "{ %ymm2 %ymm3 }" --live_out "{ %ymm1 }" 
Thread 49 start: vblendpd_ymm_ymm_ymm_imm8_123
/home/sdasgup3/TYLER/strata/stoke/./bin/stoke_check_circuit --target imm_instructions/vblendpd_ymm_ymm_ymm_imm8/instructions/vblendpd_ymm_ymm_ymm_imm8_123/vblendpd_ymm_ymm_ymm_imm8_123.s --functions /home/sdasgup3/Github/strata-data/data-regs/functions --testcases /home/sdasgup3/Github/strata-data/data-regs/testcases.tc --def_in "{ %ymm2 %ymm3 }" --live_out "{ %ymm1 }" 
Thread 50 start: vblendpd_ymm_ymm_ymm_imm8_130
/home/sdasgup3/TYLER/strata/stoke/./bin/stoke_check_circuit --target imm_instructions/vblendpd_ymm_ymm_ymm_imm8/instructions/vblendpd_ymm_ymm_ymm_imm8_130/vblendpd_ymm_ymm_ymm_imm8_130.s --functions /home/sdasgup3/Github/strata-data/data-regs/functions --testcases /home/sdasgup3/Github/strata-data/data-regs/testcases.tc --def_in "{ %ymm2 %ymm3 }" --live_out "{ %ymm1 }" 
Thread 51 start: vblendpd_ymm_ymm_ymm_imm8_132
/home/sdasgup3/TYLER/strata/stoke/./bin/stoke_check_circuit --target imm_instructions/vblendpd_ymm_ymm_ymm_imm8/instructions/vblendpd_ymm_ymm_ymm_imm8_132/vblendpd_ymm_ymm_ymm_imm8_132.s --functions /home/sdasgup3/Github/strata-data/data-regs/functions --testcases /home/sdasgup3/Github/strata-data/data-regs/testcases.tc --def_in "{ %ymm2 %ymm3 }" --live_out "{ %ymm1 }" 
Thread 52 start: vblendpd_ymm_ymm_ymm_imm8_134
/home/sdasgup3/TYLER/strata/stoke/./bin/stoke_check_circuit --target imm_instructions/vblendpd_ymm_ymm_ymm_imm8/instructions/vblendpd_ymm_ymm_ymm_imm8_134/vblendpd_ymm_ymm_ymm_imm8_134.s --functions /home/sdasgup3/Github/strata-data/data-regs/functions --testcases /home/sdasgup3/Github/strata-data/data-regs/testcases.tc --def_in "{ %ymm2 %ymm3 }" --live_out "{ %ymm1 }" 
Thread 53 start: vblendpd_ymm_ymm_ymm_imm8_135
/home/sdasgup3/TYLER/strata/stoke/./bin/stoke_check_circuit --target imm_instructions/vblendpd_ymm_ymm_ymm_imm8/instructions/vblendpd_ymm_ymm_ymm_imm8_135/vblendpd_ymm_ymm_ymm_imm8_135.s --functions /home/sdasgup3/Github/strata-data/data-regs/functions --testcases /home/sdasgup3/Github/strata-data/data-regs/testcases.tc --def_in "{ %ymm2 %ymm3 }" --live_out "{ %ymm1 }" 
Thread 54 start: vblendpd_ymm_ymm_ymm_imm8_136
/home/sdasgup3/TYLER/strata/stoke/./bin/stoke_check_circuit --target imm_instructions/vblendpd_ymm_ymm_ymm_imm8/instructions/vblendpd_ymm_ymm_ymm_imm8_136/vblendpd_ymm_ymm_ymm_imm8_136.s --functions /home/sdasgup3/Github/strata-data/data-regs/functions --testcases /home/sdasgup3/Github/strata-data/data-regs/testcases.tc --def_in "{ %ymm2 %ymm3 }" --live_out "{ %ymm1 }" 
Thread 55 start: vblendpd_ymm_ymm_ymm_imm8_137
/home/sdasgup3/TYLER/strata/stoke/./bin/stoke_check_circuit --target imm_instructions/vblendpd_ymm_ymm_ymm_imm8/instructions/vblendpd_ymm_ymm_ymm_imm8_137/vblendpd_ymm_ymm_ymm_imm8_137.s --functions /home/sdasgup3/Github/strata-data/data-regs/functions --testcases /home/sdasgup3/Github/strata-data/data-regs/testcases.tc --def_in "{ %ymm2 %ymm3 }" --live_out "{ %ymm1 }" 
Thread 56 start: vblendpd_ymm_ymm_ymm_imm8_139
/home/sdasgup3/TYLER/strata/stoke/./bin/stoke_check_circuit --target imm_instructions/vblendpd_ymm_ymm_ymm_imm8/instructions/vblendpd_ymm_ymm_ymm_imm8_139/vblendpd_ymm_ymm_ymm_imm8_139.s --functions /home/sdasgup3/Github/strata-data/data-regs/functions --testcases /home/sdasgup3/Github/strata-data/data-regs/testcases.tc --def_in "{ %ymm2 %ymm3 }" --live_out "{ %ymm1 }" 
Thread 57 start: vblendpd_ymm_ymm_ymm_imm8_150
/home/sdasgup3/TYLER/strata/stoke/./bin/stoke_check_circuit --target imm_instructions/vblendpd_ymm_ymm_ymm_imm8/instructions/vblendpd_ymm_ymm_ymm_imm8_150/vblendpd_ymm_ymm_ymm_imm8_150.s --functions /home/sdasgup3/Github/strata-data/data-regs/functions --testcases /home/sdasgup3/Github/strata-data/data-regs/testcases.tc --def_in "{ %ymm2 %ymm3 }" --live_out "{ %ymm1 }" 
Thread 58 start: vblendpd_ymm_ymm_ymm_imm8_151
/home/sdasgup3/TYLER/strata/stoke/./bin/stoke_check_circuit --target imm_instructions/vblendpd_ymm_ymm_ymm_imm8/instructions/vblendpd_ymm_ymm_ymm_imm8_151/vblendpd_ymm_ymm_ymm_imm8_151.s --functions /home/sdasgup3/Github/strata-data/data-regs/functions --testcases /home/sdasgup3/Github/strata-data/data-regs/testcases.tc --def_in "{ %ymm2 %ymm3 }" --live_out "{ %ymm1 }" 
Thread 59 start: vblendpd_ymm_ymm_ymm_imm8_153
/home/sdasgup3/TYLER/strata/stoke/./bin/stoke_check_circuit --target imm_instructions/vblendpd_ymm_ymm_ymm_imm8/instructions/vblendpd_ymm_ymm_ymm_imm8_153/vblendpd_ymm_ymm_ymm_imm8_153.s --functions /home/sdasgup3/Github/strata-data/data-regs/functions --testcases /home/sdasgup3/Github/strata-data/data-regs/testcases.tc --def_in "{ %ymm2 %ymm3 }" --live_out "{ %ymm1 }" 
Thread 60 start: vblendpd_ymm_ymm_ymm_imm8_155
/home/sdasgup3/TYLER/strata/stoke/./bin/stoke_check_circuit --target imm_instructions/vblendpd_ymm_ymm_ymm_imm8/instructions/vblendpd_ymm_ymm_ymm_imm8_155/vblendpd_ymm_ymm_ymm_imm8_155.s --functions /home/sdasgup3/Github/strata-data/data-regs/functions --testcases /home/sdasgup3/Github/strata-data/data-regs/testcases.tc --def_in "{ %ymm2 %ymm3 }" --live_out "{ %ymm1 }" 
Reading the Testsuit
Preparing Sandbox
Run 6630 tests
Collect Results
Build Handler
Check Equivalence
Completed 1000cases
Reading the Testsuit
Preparing Sandbox
Run 6630 tests
Collect Results
Build Handler
Check Equivalence
Completed 1000cases
Reading the Testsuit
Preparing Sandbox
Run 6630 tests
Collect Results
Build Handler
Check Equivalence
Completed 1000cases
Reading the Testsuit
Preparing Sandbox
Run 6630 tests
Collect Results
Build Handler
Check Equivalence
Completed 1000cases
Reading the Testsuit
Preparing Sandbox
Run 6630 tests
Collect Results
Build Handler
Check Equivalence
Completed 1000cases
Reading the Testsuit
Preparing Sandbox
Run 6630 tests
Collect Results
Build Handler
Check Equivalence
Completed 1000cases
Reading the Testsuit
Preparing Sandbox
Run 6630 tests
Collect Results
Build Handler
Check Equivalence
Completed 1000cases
Reading the Testsuit
Preparing Sandbox
Run 6630 tests
Collect Results
Build Handler
Check Equivalence
Completed 1000cases
Reading the Testsuit
Preparing Sandbox
Run 6630 tests
Collect Results
Build Handler
Check Equivalence
Completed 1000cases
Reading the Testsuit
Preparing Sandbox
Run 6630 tests
Collect Results
Build Handler
Check Equivalence
Completed 1000cases
Reading the Testsuit
Preparing Sandbox
Run 6630 tests
Collect Results
Build Handler
Check Equivalence
Completed 1000cases
Reading the Testsuit
Preparing Sandbox
Run 6630 tests
Collect Results
Build Handler
Check Equivalence
Completed 1000cases
Reading the Testsuit
Preparing Sandbox
Run 6630 tests
Collect Results
Build Handler
Check Equivalence
Completed 1000cases
Reading the Testsuit
Preparing Sandbox
Run 6630 tests
Collect Results
Build Handler
Check Equivalence
Completed 1000cases
Reading the Testsuit
Preparing Sandbox
Run 6630 tests
Collect Results
Build Handler
Check Equivalence
Completed 1000cases
Reading the Testsuit
Preparing Sandbox
Run 6630 tests
Collect Results
Build Handler
Check Equivalence
Completed 1000cases
Reading the Testsuit
Preparing Sandbox
Run 6630 tests
Collect Results
Build Handler
Check Equivalence
Completed 1000cases
Reading the Testsuit
Preparing Sandbox
Run 6630 tests
Collect Results
Build Handler
Check Equivalence
Completed 1000cases
Reading the Testsuit
Preparing Sandbox
Run 6630 tests
Collect Results
Build Handler
Check Equivalence
Completed 1000cases
Reading the Testsuit
Preparing Sandbox
Run 6630 tests
Collect Results
Build Handler
Check Equivalence
Completed 1000cases
Reading the Testsuit
Preparing Sandbox
Run 6630 tests
Collect Results
Build Handler
Check Equivalence
Completed 1000cases
Reading the Testsuit
Preparing Sandbox
Run 6630 tests
Collect Results
Build Handler
Check Equivalence
Completed 1000cases
Reading the Testsuit
Preparing Sandbox
Run 6630 tests
Collect Results
Build Handler
Check Equivalence
Completed 1000cases
Reading the Testsuit
Preparing Sandbox
Run 6630 tests
Collect Results
Build Handler
Check Equivalence
Completed 1000cases
Reading the Testsuit
Preparing Sandbox
Run 6630 tests
Collect Results
Build Handler
Check Equivalence
Completed 1000cases
Reading the Testsuit
Preparing Sandbox
Run 6630 tests
Collect Results
Build Handler
Check Equivalence
Completed 1000cases
Reading the Testsuit
Preparing Sandbox
Run 6630 tests
Collect Results
Build Handler
Check Equivalence
Completed 1000cases
Reading the Testsuit
Preparing Sandbox
Run 6630 tests
Collect Results
Build Handler
Check Equivalence
Completed 1000cases
Reading the Testsuit
Preparing Sandbox
Run 6630 tests
Collect Results
Build Handler
Check Equivalence
Completed 1000cases
Reading the Testsuit
Preparing Sandbox
Run 6630 tests
Collect Results
Build Handler
Check Equivalence
Completed 1000cases
Completed 2000cases
Completed 2000cases
Completed 2000cases
Completed 2000cases
Completed 2000cases
Completed 2000cases
Completed 2000cases
Completed 2000cases
Completed 2000cases
Completed 2000cases
Completed 2000cases
Completed 2000cases
Completed 2000cases
Completed 2000cases
Completed 2000cases
Completed 2000cases
Completed 2000cases
Completed 2000cases
Completed 2000cases
Completed 2000cases
Completed 2000cases
Completed 2000cases
Completed 2000cases
Completed 2000cases
Completed 2000cases
Completed 2000cases
Completed 2000cases
Completed 2000cases
Completed 2000cases
Completed 2000cases
Completed 3000cases
Completed 3000cases
Completed 3000cases
Completed 3000cases
Completed 3000cases
Completed 3000cases
Completed 3000cases
Completed 3000cases
Completed 3000cases
Completed 3000cases
Completed 3000cases
Completed 3000cases
Completed 3000cases
Completed 3000cases
Completed 3000cases
Completed 3000cases
Completed 3000cases
Completed 3000cases
Completed 3000cases
Completed 3000cases
Completed 3000cases
Completed 3000cases
Completed 3000cases
Completed 3000cases
Completed 3000cases
Completed 3000cases
Completed 3000cases
Completed 3000cases
Completed 3000cases
Completed 3000cases
Completed 4000cases
Completed 4000cases
Completed 4000cases
Completed 4000cases
Completed 4000cases
Completed 4000cases
Completed 4000cases
Completed 4000cases
Completed 4000cases
Completed 4000cases
Completed 4000cases
Completed 4000cases
Completed 4000cases
Completed 4000cases
Completed 4000cases
Completed 4000cases
Completed 4000cases
Completed 4000cases
Completed 4000cases
Completed 4000cases
Completed 4000cases
Completed 4000cases
Completed 4000cases
Completed 4000cases
Completed 4000cases
Completed 4000cases
Completed 4000cases
Completed 4000cases
Completed 4000cases
Completed 4000cases
Completed 5000cases
Completed 5000cases
Completed 5000cases
Completed 5000cases
Completed 5000cases
Completed 5000cases
Completed 5000cases
Completed 5000cases
Completed 5000cases
Completed 5000cases
Completed 5000cases
Completed 5000cases
Completed 5000cases
Completed 5000cases
Completed 5000cases
Completed 5000cases
Completed 5000cases
Completed 5000cases
Completed 5000cases
Completed 5000cases
Completed 5000cases
Completed 5000cases
Completed 5000cases
Completed 5000cases
Completed 5000cases
Completed 5000cases
Completed 5000cases
Completed 5000cases
Completed 5000cases
Completed 5000cases
Completed 6000cases
Completed 6000cases
Completed 6000cases
Completed 6000cases
Completed 6000cases
Completed 6000cases
Completed 6000cases
Completed 6000cases
Completed 6000cases
Completed 6000cases
Completed 6000cases
Completed 6000cases
Completed 6000cases
Completed 6000cases
Completed 6000cases
Completed 6000cases
Completed 6000cases
Completed 6000cases
Completed 6000cases
Completed 6000cases
Completed 6000cases
Completed 6000cases
Completed 6000cases
Completed 6000cases
Thread 45 done!: vblendpd_ymm_ymm_ymm_imm8_118
Completed 6000cases
Thread 37 done!: vblendpd_ymm_ymm_ymm_imm8_100
Completed 6000cases
Completed 6000cases
Completed 6000cases
Completed 6000cases
Completed 6000cases
Thread 43 done!: vblendpd_ymm_ymm_ymm_imm8_109
Thread 32 done!: vblendpd_ymm_ymm_ymm_imm8_86
Thread 54 done!: vblendpd_ymm_ymm_ymm_imm8_136
Thread 59 done!: vblendpd_ymm_ymm_ymm_imm8_153
Thread 48 done!: vblendpd_ymm_ymm_ymm_imm8_121
Thread 49 done!: vblendpd_ymm_ymm_ymm_imm8_123
Thread 46 done!: vblendpd_ymm_ymm_ymm_imm8_119
Thread 33 done!: vblendpd_ymm_ymm_ymm_imm8_87
Thread 31 done!: vblendpd_ymm_ymm_ymm_imm8_84
Thread 50 done!: vblendpd_ymm_ymm_ymm_imm8_130
Thread 52 done!: vblendpd_ymm_ymm_ymm_imm8_134
Thread 44 done!: vblendpd_ymm_ymm_ymm_imm8_116
Thread 36 done!: vblendpd_ymm_ymm_ymm_imm8_91
Thread 40 done!: vblendpd_ymm_ymm_ymm_imm8_104
Thread 57 done!: vblendpd_ymm_ymm_ymm_imm8_150
Thread 39 done!: vblendpd_ymm_ymm_ymm_imm8_103
Thread 38 done!: vblendpd_ymm_ymm_ymm_imm8_102
Thread 53 done!: vblendpd_ymm_ymm_ymm_imm8_135
Thread 34 done!: vblendpd_ymm_ymm_ymm_imm8_88
Thread 35 done!: vblendpd_ymm_ymm_ymm_imm8_89
Thread 47 done!: vblendpd_ymm_ymm_ymm_imm8_120
Thread 60 done!: vblendpd_ymm_ymm_ymm_imm8_155
Thread 56 done!: vblendpd_ymm_ymm_ymm_imm8_139
Thread 41 done!: vblendpd_ymm_ymm_ymm_imm8_105
Thread 58 done!: vblendpd_ymm_ymm_ymm_imm8_151
Thread 51 done!: vblendpd_ymm_ymm_ymm_imm8_132
Thread 42 done!: vblendpd_ymm_ymm_ymm_imm8_107
Thread 55 done!: vblendpd_ymm_ymm_ymm_imm8_137
[4m[1m[34mFiring 30.[0m
Thread 61 start: vblendpd_ymm_ymm_ymm_imm8_164
/home/sdasgup3/TYLER/strata/stoke/./bin/stoke_check_circuit --target imm_instructions/vblendpd_ymm_ymm_ymm_imm8/instructions/vblendpd_ymm_ymm_ymm_imm8_164/vblendpd_ymm_ymm_ymm_imm8_164.s --functions /home/sdasgup3/Github/strata-data/data-regs/functions --testcases /home/sdasgup3/Github/strata-data/data-regs/testcases.tc --def_in "{ %ymm2 %ymm3 }" --live_out "{ %ymm1 }" 
Thread 62 start: vblendpd_ymm_ymm_ymm_imm8_166
/home/sdasgup3/TYLER/strata/stoke/./bin/stoke_check_circuit --target imm_instructions/vblendpd_ymm_ymm_ymm_imm8/instructions/vblendpd_ymm_ymm_ymm_imm8_166/vblendpd_ymm_ymm_ymm_imm8_166.s --functions /home/sdasgup3/Github/strata-data/data-regs/functions --testcases /home/sdasgup3/Github/strata-data/data-regs/testcases.tc --def_in "{ %ymm2 %ymm3 }" --live_out "{ %ymm1 }" 
Thread 63 start: vblendpd_ymm_ymm_ymm_imm8_167
/home/sdasgup3/TYLER/strata/stoke/./bin/stoke_check_circuit --target imm_instructions/vblendpd_ymm_ymm_ymm_imm8/instructions/vblendpd_ymm_ymm_ymm_imm8_167/vblendpd_ymm_ymm_ymm_imm8_167.s --functions /home/sdasgup3/Github/strata-data/data-regs/functions --testcases /home/sdasgup3/Github/strata-data/data-regs/testcases.tc --def_in "{ %ymm2 %ymm3 }" --live_out "{ %ymm1 }" 
Thread 64 start: vblendpd_ymm_ymm_ymm_imm8_168
/home/sdasgup3/TYLER/strata/stoke/./bin/stoke_check_circuit --target imm_instructions/vblendpd_ymm_ymm_ymm_imm8/instructions/vblendpd_ymm_ymm_ymm_imm8_168/vblendpd_ymm_ymm_ymm_imm8_168.s --functions /home/sdasgup3/Github/strata-data/data-regs/functions --testcases /home/sdasgup3/Github/strata-data/data-regs/testcases.tc --def_in "{ %ymm2 %ymm3 }" --live_out "{ %ymm1 }" 
Thread 65 start: vblendpd_ymm_ymm_ymm_imm8_169
/home/sdasgup3/TYLER/strata/stoke/./bin/stoke_check_circuit --target imm_instructions/vblendpd_ymm_ymm_ymm_imm8/instructions/vblendpd_ymm_ymm_ymm_imm8_169/vblendpd_ymm_ymm_ymm_imm8_169.s --functions /home/sdasgup3/Github/strata-data/data-regs/functions --testcases /home/sdasgup3/Github/strata-data/data-regs/testcases.tc --def_in "{ %ymm2 %ymm3 }" --live_out "{ %ymm1 }" 
Thread 66 start: vblendpd_ymm_ymm_ymm_imm8_171
/home/sdasgup3/TYLER/strata/stoke/./bin/stoke_check_circuit --target imm_instructions/vblendpd_ymm_ymm_ymm_imm8/instructions/vblendpd_ymm_ymm_ymm_imm8_171/vblendpd_ymm_ymm_ymm_imm8_171.s --functions /home/sdasgup3/Github/strata-data/data-regs/functions --testcases /home/sdasgup3/Github/strata-data/data-regs/testcases.tc --def_in "{ %ymm2 %ymm3 }" --live_out "{ %ymm1 }" 
Thread 67 start: vblendpd_ymm_ymm_ymm_imm8_180
/home/sdasgup3/TYLER/strata/stoke/./bin/stoke_check_circuit --target imm_instructions/vblendpd_ymm_ymm_ymm_imm8/instructions/vblendpd_ymm_ymm_ymm_imm8_180/vblendpd_ymm_ymm_ymm_imm8_180.s --functions /home/sdasgup3/Github/strata-data/data-regs/functions --testcases /home/sdasgup3/Github/strata-data/data-regs/testcases.tc --def_in "{ %ymm2 %ymm3 }" --live_out "{ %ymm1 }" 
Thread 68 start: vblendpd_ymm_ymm_ymm_imm8_182
/home/sdasgup3/TYLER/strata/stoke/./bin/stoke_check_circuit --target imm_instructions/vblendpd_ymm_ymm_ymm_imm8/instructions/vblendpd_ymm_ymm_ymm_imm8_182/vblendpd_ymm_ymm_ymm_imm8_182.s --functions /home/sdasgup3/Github/strata-data/data-regs/functions --testcases /home/sdasgup3/Github/strata-data/data-regs/testcases.tc --def_in "{ %ymm2 %ymm3 }" --live_out "{ %ymm1 }" 
Thread 69 start: vblendpd_ymm_ymm_ymm_imm8_183
/home/sdasgup3/TYLER/strata/stoke/./bin/stoke_check_circuit --target imm_instructions/vblendpd_ymm_ymm_ymm_imm8/instructions/vblendpd_ymm_ymm_ymm_imm8_183/vblendpd_ymm_ymm_ymm_imm8_183.s --functions /home/sdasgup3/Github/strata-data/data-regs/functions --testcases /home/sdasgup3/Github/strata-data/data-regs/testcases.tc --def_in "{ %ymm2 %ymm3 }" --live_out "{ %ymm1 }" 
Thread 70 start: vblendpd_ymm_ymm_ymm_imm8_184
/home/sdasgup3/TYLER/strata/stoke/./bin/stoke_check_circuit --target imm_instructions/vblendpd_ymm_ymm_ymm_imm8/instructions/vblendpd_ymm_ymm_ymm_imm8_184/vblendpd_ymm_ymm_ymm_imm8_184.s --functions /home/sdasgup3/Github/strata-data/data-regs/functions --testcases /home/sdasgup3/Github/strata-data/data-regs/testcases.tc --def_in "{ %ymm2 %ymm3 }" --live_out "{ %ymm1 }" 
Thread 71 start: vblendpd_ymm_ymm_ymm_imm8_185
/home/sdasgup3/TYLER/strata/stoke/./bin/stoke_check_circuit --target imm_instructions/vblendpd_ymm_ymm_ymm_imm8/instructions/vblendpd_ymm_ymm_ymm_imm8_185/vblendpd_ymm_ymm_ymm_imm8_185.s --functions /home/sdasgup3/Github/strata-data/data-regs/functions --testcases /home/sdasgup3/Github/strata-data/data-regs/testcases.tc --def_in "{ %ymm2 %ymm3 }" --live_out "{ %ymm1 }" 
Thread 72 start: vblendpd_ymm_ymm_ymm_imm8_187
/home/sdasgup3/TYLER/strata/stoke/./bin/stoke_check_circuit --target imm_instructions/vblendpd_ymm_ymm_ymm_imm8/instructions/vblendpd_ymm_ymm_ymm_imm8_187/vblendpd_ymm_ymm_ymm_imm8_187.s --functions /home/sdasgup3/Github/strata-data/data-regs/functions --testcases /home/sdasgup3/Github/strata-data/data-regs/testcases.tc --def_in "{ %ymm2 %ymm3 }" --live_out "{ %ymm1 }" 
Thread 73 start: vblendpd_ymm_ymm_ymm_imm8_190
/home/sdasgup3/TYLER/strata/stoke/./bin/stoke_check_circuit --target imm_instructions/vblendpd_ymm_ymm_ymm_imm8/instructions/vblendpd_ymm_ymm_ymm_imm8_190/vblendpd_ymm_ymm_ymm_imm8_190.s --functions /home/sdasgup3/Github/strata-data/data-regs/functions --testcases /home/sdasgup3/Github/strata-data/data-regs/testcases.tc --def_in "{ %ymm2 %ymm3 }" --live_out "{ %ymm1 }" 
Thread 74 start: vblendpd_ymm_ymm_ymm_imm8_196
/home/sdasgup3/TYLER/strata/stoke/./bin/stoke_check_circuit --target imm_instructions/vblendpd_ymm_ymm_ymm_imm8/instructions/vblendpd_ymm_ymm_ymm_imm8_196/vblendpd_ymm_ymm_ymm_imm8_196.s --functions /home/sdasgup3/Github/strata-data/data-regs/functions --testcases /home/sdasgup3/Github/strata-data/data-regs/testcases.tc --def_in "{ %ymm2 %ymm3 }" --live_out "{ %ymm1 }" 
Thread 75 start: vblendpd_ymm_ymm_ymm_imm8_198
/home/sdasgup3/TYLER/strata/stoke/./bin/stoke_check_circuit --target imm_instructions/vblendpd_ymm_ymm_ymm_imm8/instructions/vblendpd_ymm_ymm_ymm_imm8_198/vblendpd_ymm_ymm_ymm_imm8_198.s --functions /home/sdasgup3/Github/strata-data/data-regs/functions --testcases /home/sdasgup3/Github/strata-data/data-regs/testcases.tc --def_in "{ %ymm2 %ymm3 }" --live_out "{ %ymm1 }" 
Thread 76 start: vblendpd_ymm_ymm_ymm_imm8_199
/home/sdasgup3/TYLER/strata/stoke/./bin/stoke_check_circuit --target imm_instructions/vblendpd_ymm_ymm_ymm_imm8/instructions/vblendpd_ymm_ymm_ymm_imm8_199/vblendpd_ymm_ymm_ymm_imm8_199.s --functions /home/sdasgup3/Github/strata-data/data-regs/functions --testcases /home/sdasgup3/Github/strata-data/data-regs/testcases.tc --def_in "{ %ymm2 %ymm3 }" --live_out "{ %ymm1 }" 
Thread 77 start: vblendpd_ymm_ymm_ymm_imm8_200
/home/sdasgup3/TYLER/strata/stoke/./bin/stoke_check_circuit --target imm_instructions/vblendpd_ymm_ymm_ymm_imm8/instructions/vblendpd_ymm_ymm_ymm_imm8_200/vblendpd_ymm_ymm_ymm_imm8_200.s --functions /home/sdasgup3/Github/strata-data/data-regs/functions --testcases /home/sdasgup3/Github/strata-data/data-regs/testcases.tc --def_in "{ %ymm2 %ymm3 }" --live_out "{ %ymm1 }" 
Thread 78 start: vblendpd_ymm_ymm_ymm_imm8_201
/home/sdasgup3/TYLER/strata/stoke/./bin/stoke_check_circuit --target imm_instructions/vblendpd_ymm_ymm_ymm_imm8/instructions/vblendpd_ymm_ymm_ymm_imm8_201/vblendpd_ymm_ymm_ymm_imm8_201.s --functions /home/sdasgup3/Github/strata-data/data-regs/functions --testcases /home/sdasgup3/Github/strata-data/data-regs/testcases.tc --def_in "{ %ymm2 %ymm3 }" --live_out "{ %ymm1 }" 
Thread 79 start: vblendpd_ymm_ymm_ymm_imm8_203
/home/sdasgup3/TYLER/strata/stoke/./bin/stoke_check_circuit --target imm_instructions/vblendpd_ymm_ymm_ymm_imm8/instructions/vblendpd_ymm_ymm_ymm_imm8_203/vblendpd_ymm_ymm_ymm_imm8_203.s --functions /home/sdasgup3/Github/strata-data/data-regs/functions --testcases /home/sdasgup3/Github/strata-data/data-regs/testcases.tc --def_in "{ %ymm2 %ymm3 }" --live_out "{ %ymm1 }" 
Thread 80 start: vblendpd_ymm_ymm_ymm_imm8_212
/home/sdasgup3/TYLER/strata/stoke/./bin/stoke_check_circuit --target imm_instructions/vblendpd_ymm_ymm_ymm_imm8/instructions/vblendpd_ymm_ymm_ymm_imm8_212/vblendpd_ymm_ymm_ymm_imm8_212.s --functions /home/sdasgup3/Github/strata-data/data-regs/functions --testcases /home/sdasgup3/Github/strata-data/data-regs/testcases.tc --def_in "{ %ymm2 %ymm3 }" --live_out "{ %ymm1 }" 
Thread 81 start: vblendpd_ymm_ymm_ymm_imm8_214
/home/sdasgup3/TYLER/strata/stoke/./bin/stoke_check_circuit --target imm_instructions/vblendpd_ymm_ymm_ymm_imm8/instructions/vblendpd_ymm_ymm_ymm_imm8_214/vblendpd_ymm_ymm_ymm_imm8_214.s --functions /home/sdasgup3/Github/strata-data/data-regs/functions --testcases /home/sdasgup3/Github/strata-data/data-regs/testcases.tc --def_in "{ %ymm2 %ymm3 }" --live_out "{ %ymm1 }" 
Thread 82 start: vblendpd_ymm_ymm_ymm_imm8_215
/home/sdasgup3/TYLER/strata/stoke/./bin/stoke_check_circuit --target imm_instructions/vblendpd_ymm_ymm_ymm_imm8/instructions/vblendpd_ymm_ymm_ymm_imm8_215/vblendpd_ymm_ymm_ymm_imm8_215.s --functions /home/sdasgup3/Github/strata-data/data-regs/functions --testcases /home/sdasgup3/Github/strata-data/data-regs/testcases.tc --def_in "{ %ymm2 %ymm3 }" --live_out "{ %ymm1 }" 
Thread 83 start: vblendpd_ymm_ymm_ymm_imm8_216
/home/sdasgup3/TYLER/strata/stoke/./bin/stoke_check_circuit --target imm_instructions/vblendpd_ymm_ymm_ymm_imm8/instructions/vblendpd_ymm_ymm_ymm_imm8_216/vblendpd_ymm_ymm_ymm_imm8_216.s --functions /home/sdasgup3/Github/strata-data/data-regs/functions --testcases /home/sdasgup3/Github/strata-data/data-regs/testcases.tc --def_in "{ %ymm2 %ymm3 }" --live_out "{ %ymm1 }" 
Thread 84 start: vblendpd_ymm_ymm_ymm_imm8_217
/home/sdasgup3/TYLER/strata/stoke/./bin/stoke_check_circuit --target imm_instructions/vblendpd_ymm_ymm_ymm_imm8/instructions/vblendpd_ymm_ymm_ymm_imm8_217/vblendpd_ymm_ymm_ymm_imm8_217.s --functions /home/sdasgup3/Github/strata-data/data-regs/functions --testcases /home/sdasgup3/Github/strata-data/data-regs/testcases.tc --def_in "{ %ymm2 %ymm3 }" --live_out "{ %ymm1 }" 
Thread 85 start: vblendpd_ymm_ymm_ymm_imm8_219
/home/sdasgup3/TYLER/strata/stoke/./bin/stoke_check_circuit --target imm_instructions/vblendpd_ymm_ymm_ymm_imm8/instructions/vblendpd_ymm_ymm_ymm_imm8_219/vblendpd_ymm_ymm_ymm_imm8_219.s --functions /home/sdasgup3/Github/strata-data/data-regs/functions --testcases /home/sdasgup3/Github/strata-data/data-regs/testcases.tc --def_in "{ %ymm2 %ymm3 }" --live_out "{ %ymm1 }" 
Thread 86 start: vblendpd_ymm_ymm_ymm_imm8_226
/home/sdasgup3/TYLER/strata/stoke/./bin/stoke_check_circuit --target imm_instructions/vblendpd_ymm_ymm_ymm_imm8/instructions/vblendpd_ymm_ymm_ymm_imm8_226/vblendpd_ymm_ymm_ymm_imm8_226.s --functions /home/sdasgup3/Github/strata-data/data-regs/functions --testcases /home/sdasgup3/Github/strata-data/data-regs/testcases.tc --def_in "{ %ymm2 %ymm3 }" --live_out "{ %ymm1 }" 
Thread 87 start: vblendpd_ymm_ymm_ymm_imm8_228
/home/sdasgup3/TYLER/strata/stoke/./bin/stoke_check_circuit --target imm_instructions/vblendpd_ymm_ymm_ymm_imm8/instructions/vblendpd_ymm_ymm_ymm_imm8_228/vblendpd_ymm_ymm_ymm_imm8_228.s --functions /home/sdasgup3/Github/strata-data/data-regs/functions --testcases /home/sdasgup3/Github/strata-data/data-regs/testcases.tc --def_in "{ %ymm2 %ymm3 }" --live_out "{ %ymm1 }" 
Thread 88 start: vblendpd_ymm_ymm_ymm_imm8_230
/home/sdasgup3/TYLER/strata/stoke/./bin/stoke_check_circuit --target imm_instructions/vblendpd_ymm_ymm_ymm_imm8/instructions/vblendpd_ymm_ymm_ymm_imm8_230/vblendpd_ymm_ymm_ymm_imm8_230.s --functions /home/sdasgup3/Github/strata-data/data-regs/functions --testcases /home/sdasgup3/Github/strata-data/data-regs/testcases.tc --def_in "{ %ymm2 %ymm3 }" --live_out "{ %ymm1 }" 
Thread 89 start: vblendpd_ymm_ymm_ymm_imm8_231
/home/sdasgup3/TYLER/strata/stoke/./bin/stoke_check_circuit --target imm_instructions/vblendpd_ymm_ymm_ymm_imm8/instructions/vblendpd_ymm_ymm_ymm_imm8_231/vblendpd_ymm_ymm_ymm_imm8_231.s --functions /home/sdasgup3/Github/strata-data/data-regs/functions --testcases /home/sdasgup3/Github/strata-data/data-regs/testcases.tc --def_in "{ %ymm2 %ymm3 }" --live_out "{ %ymm1 }" 
Thread 90 start: vblendpd_ymm_ymm_ymm_imm8_232
/home/sdasgup3/TYLER/strata/stoke/./bin/stoke_check_circuit --target imm_instructions/vblendpd_ymm_ymm_ymm_imm8/instructions/vblendpd_ymm_ymm_ymm_imm8_232/vblendpd_ymm_ymm_ymm_imm8_232.s --functions /home/sdasgup3/Github/strata-data/data-regs/functions --testcases /home/sdasgup3/Github/strata-data/data-regs/testcases.tc --def_in "{ %ymm2 %ymm3 }" --live_out "{ %ymm1 }" 
Reading the Testsuit
Preparing Sandbox
Run 6630 tests
Collect Results
Build Handler
Check Equivalence
Completed 1000cases
Reading the Testsuit
Preparing Sandbox
Run 6630 tests
Collect Results
Build Handler
Check Equivalence
Completed 1000cases
Reading the Testsuit
Preparing Sandbox
Run 6630 tests
Collect Results
Build Handler
Check Equivalence
Completed 1000cases
Reading the Testsuit
Preparing Sandbox
Run 6630 tests
Collect Results
Build Handler
Check Equivalence
Completed 1000cases
Reading the Testsuit
Preparing Sandbox
Run 6630 tests
Collect Results
Build Handler
Check Equivalence
Completed 1000cases
Reading the Testsuit
Preparing Sandbox
Run 6630 tests
Collect Results
Build Handler
Check Equivalence
Completed 1000cases
Reading the Testsuit
Preparing Sandbox
Run 6630 tests
Collect Results
Build Handler
Check Equivalence
Completed 1000cases
Reading the Testsuit
Preparing Sandbox
Run 6630 tests
Collect Results
Build Handler
Check Equivalence
Completed 1000cases
Reading the Testsuit
Preparing Sandbox
Run 6630 tests
Collect Results
Build Handler
Check Equivalence
Completed 1000cases
Reading the Testsuit
Preparing Sandbox
Run 6630 tests
Collect Results
Build Handler
Check Equivalence
Completed 1000cases
Reading the Testsuit
Preparing Sandbox
Run 6630 tests
Collect Results
Build Handler
Check Equivalence
Completed 1000cases
Reading the Testsuit
Preparing Sandbox
Run 6630 tests
Collect Results
Build Handler
Check Equivalence
Completed 1000cases
Reading the Testsuit
Preparing Sandbox
Run 6630 tests
Collect Results
Build Handler
Check Equivalence
Completed 1000cases
Reading the Testsuit
Preparing Sandbox
Run 6630 tests
Collect Results
Build Handler
Check Equivalence
Completed 1000cases
Reading the Testsuit
Preparing Sandbox
Run 6630 tests
Collect Results
Build Handler
Check Equivalence
Completed 1000cases
Reading the Testsuit
Preparing Sandbox
Run 6630 tests
Collect Results
Build Handler
Check Equivalence
Completed 1000cases
Reading the Testsuit
Preparing Sandbox
Run 6630 tests
Collect Results
Build Handler
Check Equivalence
Completed 1000cases
Reading the Testsuit
Preparing Sandbox
Run 6630 tests
Collect Results
Build Handler
Check Equivalence
Completed 1000cases
Reading the Testsuit
Preparing Sandbox
Run 6630 tests
Collect Results
Build Handler
Check Equivalence
Completed 1000cases
Reading the Testsuit
Preparing Sandbox
Run 6630 tests
Collect Results
Build Handler
Check Equivalence
Completed 1000cases
Reading the Testsuit
Preparing Sandbox
Run 6630 tests
Collect Results
Build Handler
Check Equivalence
Completed 1000cases
Reading the Testsuit
Preparing Sandbox
Run 6630 tests
Collect Results
Build Handler
Check Equivalence
Completed 1000cases
Reading the Testsuit
Preparing Sandbox
Run 6630 tests
Collect Results
Build Handler
Check Equivalence
Completed 1000cases
Reading the Testsuit
Preparing Sandbox
Run 6630 tests
Collect Results
Build Handler
Check Equivalence
Completed 1000cases
Reading the Testsuit
Preparing Sandbox
Run 6630 tests
Collect Results
Build Handler
Check Equivalence
Completed 1000cases
Reading the Testsuit
Preparing Sandbox
Run 6630 tests
Collect Results
Build Handler
Check Equivalence
Completed 1000cases
Reading the Testsuit
Preparing Sandbox
Run 6630 tests
Collect Results
Build Handler
Check Equivalence
Completed 1000cases
Reading the Testsuit
Preparing Sandbox
Run 6630 tests
Collect Results
Build Handler
Check Equivalence
Completed 1000cases
Reading the Testsuit
Preparing Sandbox
Run 6630 tests
Collect Results
Build Handler
Check Equivalence
Completed 1000cases
Reading the Testsuit
Preparing Sandbox
Run 6630 tests
Collect Results
Build Handler
Check Equivalence
Completed 1000cases
Completed 2000cases
Completed 2000cases
Completed 2000cases
Completed 2000cases
Completed 2000cases
Completed 2000cases
Completed 2000cases
Completed 2000cases
Completed 2000cases
Completed 2000cases
Completed 2000cases
Completed 2000cases
Completed 2000cases
Completed 2000cases
Completed 2000cases
Completed 2000cases
Completed 2000cases
Completed 2000cases
Completed 2000cases
Completed 2000cases
Completed 2000cases
Completed 2000cases
Completed 2000cases
Completed 2000cases
Completed 2000cases
Completed 2000cases
Completed 2000cases
Completed 2000cases
Completed 2000cases
Completed 2000cases
Completed 3000cases
Completed 3000cases
Completed 3000cases
Completed 3000cases
Completed 3000cases
Completed 3000cases
Completed 3000cases
Completed 3000cases
Completed 3000cases
Completed 3000cases
Completed 3000cases
Completed 3000cases
Completed 3000cases
Completed 3000cases
Completed 3000cases
Completed 3000cases
Completed 3000cases
Completed 3000cases
Completed 3000cases
Completed 3000cases
Completed 3000cases
Completed 3000cases
Completed 3000cases
Completed 3000cases
Completed 3000cases
Completed 3000cases
Completed 3000cases
Completed 3000cases
Completed 3000cases
Completed 3000cases
Completed 4000cases
Completed 4000cases
Completed 4000cases
Completed 4000cases
Completed 4000cases
Completed 4000cases
Completed 4000cases
Completed 4000cases
Completed 4000cases
Completed 4000cases
Completed 4000cases
Completed 4000cases
Completed 4000cases
Completed 4000cases
Completed 4000cases
Completed 4000cases
Completed 4000cases
Completed 4000cases
Completed 4000cases
Completed 4000cases
Completed 4000cases
Completed 4000cases
Completed 4000cases
Completed 4000cases
Completed 4000cases
Completed 4000cases
Completed 5000cases
Completed 5000cases
Completed 4000cases
Completed 4000cases
Completed 4000cases
Completed 4000cases
Completed 5000cases
Completed 5000cases
Completed 5000cases
Completed 5000cases
Completed 5000cases
Completed 5000cases
Completed 5000cases
Completed 5000cases
Completed 6000cases
Completed 5000cases
Completed 5000cases
Completed 5000cases
Completed 5000cases
Completed 5000cases
Completed 5000cases
Completed 5000cases
Completed 5000cases
Completed 5000cases
Completed 5000cases
Completed 5000cases
Completed 5000cases
Completed 5000cases
Completed 6000cases
Completed 5000cases
Completed 5000cases
Completed 5000cases
Completed 5000cases
Completed 5000cases
Completed 5000cases
Completed 5000cases
Thread 77 done!: vblendpd_ymm_ymm_ymm_imm8_200
Completed 6000cases
Completed 6000cases
Completed 6000cases
Completed 6000cases
Completed 6000cases
Completed 6000cases
Completed 6000cases
Completed 6000cases
Thread 90 done!: vblendpd_ymm_ymm_ymm_imm8_232
Completed 6000cases
Completed 6000cases
Completed 6000cases
Completed 6000cases
Completed 6000cases
Thread 69 done!: vblendpd_ymm_ymm_ymm_imm8_183
Completed 6000cases
Completed 6000cases
Completed 6000cases
Completed 6000cases
Completed 6000cases
Completed 6000cases
Completed 6000cases
Thread 78 done!: vblendpd_ymm_ymm_ymm_imm8_201
Completed 6000cases
Completed 6000cases
Completed 6000cases
Completed 6000cases
Thread 74 done!: vblendpd_ymm_ymm_ymm_imm8_196
Completed 6000cases
Completed 6000cases
Thread 81 done!: vblendpd_ymm_ymm_ymm_imm8_214
Completed 6000cases
Thread 87 done!: vblendpd_ymm_ymm_ymm_imm8_228
Thread 70 done!: vblendpd_ymm_ymm_ymm_imm8_184
Thread 62 done!: vblendpd_ymm_ymm_ymm_imm8_166
Completed 6000cases
Thread 84 done!: vblendpd_ymm_ymm_ymm_imm8_217
Thread 79 done!: vblendpd_ymm_ymm_ymm_imm8_203
Thread 83 done!: vblendpd_ymm_ymm_ymm_imm8_216
Thread 88 done!: vblendpd_ymm_ymm_ymm_imm8_230
Thread 86 done!: vblendpd_ymm_ymm_ymm_imm8_226
Thread 61 done!: vblendpd_ymm_ymm_ymm_imm8_164
Thread 72 done!: vblendpd_ymm_ymm_ymm_imm8_187
Thread 71 done!: vblendpd_ymm_ymm_ymm_imm8_185
Thread 64 done!: vblendpd_ymm_ymm_ymm_imm8_168
Thread 80 done!: vblendpd_ymm_ymm_ymm_imm8_212
Thread 68 done!: vblendpd_ymm_ymm_ymm_imm8_182
Thread 67 done!: vblendpd_ymm_ymm_ymm_imm8_180
Thread 73 done!: vblendpd_ymm_ymm_ymm_imm8_190
Thread 76 done!: vblendpd_ymm_ymm_ymm_imm8_199
Thread 65 done!: vblendpd_ymm_ymm_ymm_imm8_169
Thread 75 done!: vblendpd_ymm_ymm_ymm_imm8_198
Thread 82 done!: vblendpd_ymm_ymm_ymm_imm8_215
Thread 85 done!: vblendpd_ymm_ymm_ymm_imm8_219
Thread 66 done!: vblendpd_ymm_ymm_ymm_imm8_171
Thread 63 done!: vblendpd_ymm_ymm_ymm_imm8_167
Thread 89 done!: vblendpd_ymm_ymm_ymm_imm8_231
[4m[1m[34mFiring Last 10[0m
Thread 91 start: vblendpd_ymm_ymm_ymm_imm8_233
/home/sdasgup3/TYLER/strata/stoke/./bin/stoke_check_circuit --target imm_instructions/vblendpd_ymm_ymm_ymm_imm8/instructions/vblendpd_ymm_ymm_ymm_imm8_233/vblendpd_ymm_ymm_ymm_imm8_233.s --functions /home/sdasgup3/Github/strata-data/data-regs/functions --testcases /home/sdasgup3/Github/strata-data/data-regs/testcases.tc --def_in "{ %ymm2 %ymm3 }" --live_out "{ %ymm1 }" 
Thread 92 start: vblendpd_ymm_ymm_ymm_imm8_235
/home/sdasgup3/TYLER/strata/stoke/./bin/stoke_check_circuit --target imm_instructions/vblendpd_ymm_ymm_ymm_imm8/instructions/vblendpd_ymm_ymm_ymm_imm8_235/vblendpd_ymm_ymm_ymm_imm8_235.s --functions /home/sdasgup3/Github/strata-data/data-regs/functions --testcases /home/sdasgup3/Github/strata-data/data-regs/testcases.tc --def_in "{ %ymm2 %ymm3 }" --live_out "{ %ymm1 }" 
Thread 93 start: vblendpd_ymm_ymm_ymm_imm8_244
/home/sdasgup3/TYLER/strata/stoke/./bin/stoke_check_circuit --target imm_instructions/vblendpd_ymm_ymm_ymm_imm8/instructions/vblendpd_ymm_ymm_ymm_imm8_244/vblendpd_ymm_ymm_ymm_imm8_244.s --functions /home/sdasgup3/Github/strata-data/data-regs/functions --testcases /home/sdasgup3/Github/strata-data/data-regs/testcases.tc --def_in "{ %ymm2 %ymm3 }" --live_out "{ %ymm1 }" 
Thread 94 start: vblendpd_ymm_ymm_ymm_imm8_245
/home/sdasgup3/TYLER/strata/stoke/./bin/stoke_check_circuit --target imm_instructions/vblendpd_ymm_ymm_ymm_imm8/instructions/vblendpd_ymm_ymm_ymm_imm8_245/vblendpd_ymm_ymm_ymm_imm8_245.s --functions /home/sdasgup3/Github/strata-data/data-regs/functions --testcases /home/sdasgup3/Github/strata-data/data-regs/testcases.tc --def_in "{ %ymm2 %ymm3 }" --live_out "{ %ymm1 }" 
Thread 95 start: vblendpd_ymm_ymm_ymm_imm8_246
/home/sdasgup3/TYLER/strata/stoke/./bin/stoke_check_circuit --target imm_instructions/vblendpd_ymm_ymm_ymm_imm8/instructions/vblendpd_ymm_ymm_ymm_imm8_246/vblendpd_ymm_ymm_ymm_imm8_246.s --functions /home/sdasgup3/Github/strata-data/data-regs/functions --testcases /home/sdasgup3/Github/strata-data/data-regs/testcases.tc --def_in "{ %ymm2 %ymm3 }" --live_out "{ %ymm1 }" 
Thread 96 start: vblendpd_ymm_ymm_ymm_imm8_247
/home/sdasgup3/TYLER/strata/stoke/./bin/stoke_check_circuit --target imm_instructions/vblendpd_ymm_ymm_ymm_imm8/instructions/vblendpd_ymm_ymm_ymm_imm8_247/vblendpd_ymm_ymm_ymm_imm8_247.s --functions /home/sdasgup3/Github/strata-data/data-regs/functions --testcases /home/sdasgup3/Github/strata-data/data-regs/testcases.tc --def_in "{ %ymm2 %ymm3 }" --live_out "{ %ymm1 }" 
Thread 97 start: vblendpd_ymm_ymm_ymm_imm8_248
/home/sdasgup3/TYLER/strata/stoke/./bin/stoke_check_circuit --target imm_instructions/vblendpd_ymm_ymm_ymm_imm8/instructions/vblendpd_ymm_ymm_ymm_imm8_248/vblendpd_ymm_ymm_ymm_imm8_248.s --functions /home/sdasgup3/Github/strata-data/data-regs/functions --testcases /home/sdasgup3/Github/strata-data/data-regs/testcases.tc --def_in "{ %ymm2 %ymm3 }" --live_out "{ %ymm1 }" 
Thread 98 start: vblendpd_ymm_ymm_ymm_imm8_249
/home/sdasgup3/TYLER/strata/stoke/./bin/stoke_check_circuit --target imm_instructions/vblendpd_ymm_ymm_ymm_imm8/instructions/vblendpd_ymm_ymm_ymm_imm8_249/vblendpd_ymm_ymm_ymm_imm8_249.s --functions /home/sdasgup3/Github/strata-data/data-regs/functions --testcases /home/sdasgup3/Github/strata-data/data-regs/testcases.tc --def_in "{ %ymm2 %ymm3 }" --live_out "{ %ymm1 }" 
Thread 99 start: vblendpd_ymm_ymm_ymm_imm8_250
/home/sdasgup3/TYLER/strata/stoke/./bin/stoke_check_circuit --target imm_instructions/vblendpd_ymm_ymm_ymm_imm8/instructions/vblendpd_ymm_ymm_ymm_imm8_250/vblendpd_ymm_ymm_ymm_imm8_250.s --functions /home/sdasgup3/Github/strata-data/data-regs/functions --testcases /home/sdasgup3/Github/strata-data/data-regs/testcases.tc --def_in "{ %ymm2 %ymm3 }" --live_out "{ %ymm1 }" 
Thread 100 start: vblendpd_ymm_ymm_ymm_imm8_251
/home/sdasgup3/TYLER/strata/stoke/./bin/stoke_check_circuit --target imm_instructions/vblendpd_ymm_ymm_ymm_imm8/instructions/vblendpd_ymm_ymm_ymm_imm8_251/vblendpd_ymm_ymm_ymm_imm8_251.s --functions /home/sdasgup3/Github/strata-data/data-regs/functions --testcases /home/sdasgup3/Github/strata-data/data-regs/testcases.tc --def_in "{ %ymm2 %ymm3 }" --live_out "{ %ymm1 }" 
Reading the Testsuit
Preparing Sandbox
Run 6630 tests
Collect Results
Build Handler
Check Equivalence
Completed 1000cases
Reading the Testsuit
Preparing Sandbox
Run 6630 tests
Collect Results
Build Handler
Check Equivalence
Completed 1000cases
Reading the Testsuit
Preparing Sandbox
Run 6630 tests
Collect Results
Build Handler
Check Equivalence
Completed 1000cases
Reading the Testsuit
Preparing Sandbox
Run 6630 tests
Collect Results
Build Handler
Check Equivalence
Completed 1000cases
Reading the Testsuit
Preparing Sandbox
Run 6630 tests
Collect Results
Build Handler
Check Equivalence
Completed 1000cases
Reading the Testsuit
Preparing Sandbox
Run 6630 tests
Collect Results
Build Handler
Check Equivalence
Completed 1000cases
Reading the Testsuit
Preparing Sandbox
Run 6630 tests
Collect Results
Build Handler
Check Equivalence
Completed 1000cases
Reading the Testsuit
Preparing Sandbox
Run 6630 tests
Collect Results
Build Handler
Check Equivalence
Completed 1000cases
Reading the Testsuit
Preparing Sandbox
Run 6630 tests
Collect Results
Build Handler
Check Equivalence
Completed 1000cases
Reading the Testsuit
Preparing Sandbox
Run 6630 tests
Collect Results
Build Handler
Check Equivalence
Completed 1000cases
Completed 2000cases
Completed 2000cases
Completed 2000cases
Completed 2000cases
Completed 2000cases
Completed 2000cases
Completed 2000cases
Completed 2000cases
Completed 2000cases
Completed 2000cases
Completed 3000cases
Completed 3000cases
Completed 3000cases
Completed 3000cases
Completed 3000cases
Completed 3000cases
Completed 3000cases
Completed 3000cases
Completed 3000cases
Completed 3000cases
Completed 4000cases
Completed 4000cases
Completed 4000cases
Completed 4000cases
Completed 4000cases
Completed 4000cases
Completed 4000cases
Completed 4000cases
Completed 4000cases
Completed 4000cases
Completed 5000cases
Completed 5000cases
Completed 5000cases
Completed 5000cases
Completed 5000cases
Completed 5000cases
Completed 5000cases
Completed 5000cases
Completed 5000cases
Completed 5000cases
Completed 6000cases
Completed 6000cases
Completed 6000cases
Completed 6000cases
Completed 6000cases
Completed 6000cases
Completed 6000cases
Completed 6000cases
Completed 6000cases
Thread 97 done!: vblendpd_ymm_ymm_ymm_imm8_248
Thread 98 done!: vblendpd_ymm_ymm_ymm_imm8_249
Thread 94 done!: vblendpd_ymm_ymm_ymm_imm8_245
Completed 6000cases
Thread 92 done!: vblendpd_ymm_ymm_ymm_imm8_235
Thread 95 done!: vblendpd_ymm_ymm_ymm_imm8_246
Thread 93 done!: vblendpd_ymm_ymm_ymm_imm8_244
Thread 96 done!: vblendpd_ymm_ymm_ymm_imm8_247
Thread 99 done!: vblendpd_ymm_ymm_ymm_imm8_250
Thread 100 done!: vblendpd_ymm_ymm_ymm_imm8_251
Thread 91 done!: vblendpd_ymm_ymm_ymm_imm8_233
