/home/sdasgup3/Github/strata/stoke/bin/specgen compare --circuit_dir /home/sdasgup3/Github/strata-data/circuits --opcode vblendpd_ymm_ymm_ymm_imm8_0 
Equivalent.
/home/sdasgup3/Github/strata/stoke/bin/specgen compare --circuit_dir /home/sdasgup3/Github/strata-data/circuits --opcode vblendpd_ymm_ymm_ymm_imm8_1 
Equivalent.
/home/sdasgup3/Github/strata/stoke/bin/specgen compare --circuit_dir /home/sdasgup3/Github/strata-data/circuits --opcode vblendpd_ymm_ymm_ymm_imm8_2 
Equivalent.
/home/sdasgup3/Github/strata/stoke/bin/specgen compare --circuit_dir /home/sdasgup3/Github/strata-data/circuits --opcode vblendpd_ymm_ymm_ymm_imm8_3 
Equivalent.
/home/sdasgup3/Github/strata/stoke/bin/specgen compare --circuit_dir /home/sdasgup3/Github/strata-data/circuits --opcode vblendpd_ymm_ymm_ymm_imm8_4 
strata does not support 'vblendpd $0x4, %ymm3, %ymm2, %ymm1'.
/home/sdasgup3/Github/strata/stoke/bin/specgen compare --circuit_dir /home/sdasgup3/Github/strata-data/circuits --opcode vblendpd_ymm_ymm_ymm_imm8_5 
Equivalent.
/home/sdasgup3/Github/strata/stoke/bin/specgen compare --circuit_dir /home/sdasgup3/Github/strata-data/circuits --opcode vblendpd_ymm_ymm_ymm_imm8_6 
strata does not support 'vblendpd $0x6, %ymm3, %ymm2, %ymm1'.
/home/sdasgup3/Github/strata/stoke/bin/specgen compare --circuit_dir /home/sdasgup3/Github/strata-data/circuits --opcode vblendpd_ymm_ymm_ymm_imm8_7 
strata does not support 'vblendpd $0x7, %ymm3, %ymm2, %ymm1'.
/home/sdasgup3/Github/strata/stoke/bin/specgen compare --circuit_dir /home/sdasgup3/Github/strata-data/circuits --opcode vblendpd_ymm_ymm_ymm_imm8_8 
strata does not support 'vblendpd $0x8, %ymm3, %ymm2, %ymm1'.
/home/sdasgup3/Github/strata/stoke/bin/specgen compare --circuit_dir /home/sdasgup3/Github/strata-data/circuits --opcode vblendpd_ymm_ymm_ymm_imm8_9 
strata does not support 'vblendpd $0x9, %ymm3, %ymm2, %ymm1'.
/home/sdasgup3/Github/strata/stoke/bin/specgen compare --circuit_dir /home/sdasgup3/Github/strata-data/circuits --opcode vblendpd_ymm_ymm_ymm_imm8_10 
Equivalent.
/home/sdasgup3/Github/strata/stoke/bin/specgen compare --circuit_dir /home/sdasgup3/Github/strata-data/circuits --opcode vblendpd_ymm_ymm_ymm_imm8_11 
strata does not support 'vblendpd $0xb, %ymm3, %ymm2, %ymm1'.
/home/sdasgup3/Github/strata/stoke/bin/specgen compare --circuit_dir /home/sdasgup3/Github/strata-data/circuits --opcode vblendpd_ymm_ymm_ymm_imm8_12 
Equivalent.
/home/sdasgup3/Github/strata/stoke/bin/specgen compare --circuit_dir /home/sdasgup3/Github/strata-data/circuits --opcode vblendpd_ymm_ymm_ymm_imm8_13 
Equivalent.
/home/sdasgup3/Github/strata/stoke/bin/specgen compare --circuit_dir /home/sdasgup3/Github/strata-data/circuits --opcode vblendpd_ymm_ymm_ymm_imm8_14 
Equivalent.
/home/sdasgup3/Github/strata/stoke/bin/specgen compare --circuit_dir /home/sdasgup3/Github/strata-data/circuits --opcode vblendpd_ymm_ymm_ymm_imm8_15 
Equivalent.
/home/sdasgup3/Github/strata/stoke/bin/specgen compare --circuit_dir /home/sdasgup3/Github/strata-data/circuits --opcode vblendpd_ymm_ymm_ymm_imm8_16 
Equivalent.
/home/sdasgup3/Github/strata/stoke/bin/specgen compare --circuit_dir /home/sdasgup3/Github/strata-data/circuits --opcode vblendpd_ymm_ymm_ymm_imm8_17 
Equivalent.
/home/sdasgup3/Github/strata/stoke/bin/specgen compare --circuit_dir /home/sdasgup3/Github/strata-data/circuits --opcode vblendpd_ymm_ymm_ymm_imm8_18 
Equivalent.
/home/sdasgup3/Github/strata/stoke/bin/specgen compare --circuit_dir /home/sdasgup3/Github/strata-data/circuits --opcode vblendpd_ymm_ymm_ymm_imm8_19 
Equivalent.
/home/sdasgup3/Github/strata/stoke/bin/specgen compare --circuit_dir /home/sdasgup3/Github/strata-data/circuits --opcode vblendpd_ymm_ymm_ymm_imm8_20 
strata does not support 'vblendpd $0x14, %ymm3, %ymm2, %ymm1'.
/home/sdasgup3/Github/strata/stoke/bin/specgen compare --circuit_dir /home/sdasgup3/Github/strata-data/circuits --opcode vblendpd_ymm_ymm_ymm_imm8_21 
Equivalent.
/home/sdasgup3/Github/strata/stoke/bin/specgen compare --circuit_dir /home/sdasgup3/Github/strata-data/circuits --opcode vblendpd_ymm_ymm_ymm_imm8_22 
strata does not support 'vblendpd $0x16, %ymm3, %ymm2, %ymm1'.
/home/sdasgup3/Github/strata/stoke/bin/specgen compare --circuit_dir /home/sdasgup3/Github/strata-data/circuits --opcode vblendpd_ymm_ymm_ymm_imm8_23 
strata does not support 'vblendpd $0x17, %ymm3, %ymm2, %ymm1'.
/home/sdasgup3/Github/strata/stoke/bin/specgen compare --circuit_dir /home/sdasgup3/Github/strata-data/circuits --opcode vblendpd_ymm_ymm_ymm_imm8_24 
strata does not support 'vblendpd $0x18, %ymm3, %ymm2, %ymm1'.
/home/sdasgup3/Github/strata/stoke/bin/specgen compare --circuit_dir /home/sdasgup3/Github/strata-data/circuits --opcode vblendpd_ymm_ymm_ymm_imm8_25 
strata does not support 'vblendpd $0x19, %ymm3, %ymm2, %ymm1'.
/home/sdasgup3/Github/strata/stoke/bin/specgen compare --circuit_dir /home/sdasgup3/Github/strata-data/circuits --opcode vblendpd_ymm_ymm_ymm_imm8_26 
Equivalent.
/home/sdasgup3/Github/strata/stoke/bin/specgen compare --circuit_dir /home/sdasgup3/Github/strata-data/circuits --opcode vblendpd_ymm_ymm_ymm_imm8_27 
strata does not support 'vblendpd $0x1b, %ymm3, %ymm2, %ymm1'.
/home/sdasgup3/Github/strata/stoke/bin/specgen compare --circuit_dir /home/sdasgup3/Github/strata-data/circuits --opcode vblendpd_ymm_ymm_ymm_imm8_28 
Equivalent.
/home/sdasgup3/Github/strata/stoke/bin/specgen compare --circuit_dir /home/sdasgup3/Github/strata-data/circuits --opcode vblendpd_ymm_ymm_ymm_imm8_29 
strata does not support 'vblendpd $0x1d, %ymm3, %ymm2, %ymm1'.
/home/sdasgup3/Github/strata/stoke/bin/specgen compare --circuit_dir /home/sdasgup3/Github/strata-data/circuits --opcode vblendpd_ymm_ymm_ymm_imm8_30 
Equivalent.
/home/sdasgup3/Github/strata/stoke/bin/specgen compare --circuit_dir /home/sdasgup3/Github/strata-data/circuits --opcode vblendpd_ymm_ymm_ymm_imm8_31 
Equivalent.
/home/sdasgup3/Github/strata/stoke/bin/specgen compare --circuit_dir /home/sdasgup3/Github/strata-data/circuits --opcode vblendpd_ymm_ymm_ymm_imm8_32 
Equivalent.
/home/sdasgup3/Github/strata/stoke/bin/specgen compare --circuit_dir /home/sdasgup3/Github/strata-data/circuits --opcode vblendpd_ymm_ymm_ymm_imm8_33 
Equivalent.
/home/sdasgup3/Github/strata/stoke/bin/specgen compare --circuit_dir /home/sdasgup3/Github/strata-data/circuits --opcode vblendpd_ymm_ymm_ymm_imm8_34 
Equivalent.
/home/sdasgup3/Github/strata/stoke/bin/specgen compare --circuit_dir /home/sdasgup3/Github/strata-data/circuits --opcode vblendpd_ymm_ymm_ymm_imm8_35 
Equivalent.
/home/sdasgup3/Github/strata/stoke/bin/specgen compare --circuit_dir /home/sdasgup3/Github/strata-data/circuits --opcode vblendpd_ymm_ymm_ymm_imm8_36 
strata does not support 'vblendpd $0x24, %ymm3, %ymm2, %ymm1'.
/home/sdasgup3/Github/strata/stoke/bin/specgen compare --circuit_dir /home/sdasgup3/Github/strata-data/circuits --opcode vblendpd_ymm_ymm_ymm_imm8_37 
Equivalent.
/home/sdasgup3/Github/strata/stoke/bin/specgen compare --circuit_dir /home/sdasgup3/Github/strata-data/circuits --opcode vblendpd_ymm_ymm_ymm_imm8_38 
strata does not support 'vblendpd $0x26, %ymm3, %ymm2, %ymm1'.
/home/sdasgup3/Github/strata/stoke/bin/specgen compare --circuit_dir /home/sdasgup3/Github/strata-data/circuits --opcode vblendpd_ymm_ymm_ymm_imm8_39 
strata does not support 'vblendpd $0x27, %ymm3, %ymm2, %ymm1'.
/home/sdasgup3/Github/strata/stoke/bin/specgen compare --circuit_dir /home/sdasgup3/Github/strata-data/circuits --opcode vblendpd_ymm_ymm_ymm_imm8_40 
strata does not support 'vblendpd $0x28, %ymm3, %ymm2, %ymm1'.
/home/sdasgup3/Github/strata/stoke/bin/specgen compare --circuit_dir /home/sdasgup3/Github/strata-data/circuits --opcode vblendpd_ymm_ymm_ymm_imm8_41 
strata does not support 'vblendpd $0x29, %ymm3, %ymm2, %ymm1'.
/home/sdasgup3/Github/strata/stoke/bin/specgen compare --circuit_dir /home/sdasgup3/Github/strata-data/circuits --opcode vblendpd_ymm_ymm_ymm_imm8_42 
Equivalent.
/home/sdasgup3/Github/strata/stoke/bin/specgen compare --circuit_dir /home/sdasgup3/Github/strata-data/circuits --opcode vblendpd_ymm_ymm_ymm_imm8_43 
Equivalent.
/home/sdasgup3/Github/strata/stoke/bin/specgen compare --circuit_dir /home/sdasgup3/Github/strata-data/circuits --opcode vblendpd_ymm_ymm_ymm_imm8_44 
Equivalent.
/home/sdasgup3/Github/strata/stoke/bin/specgen compare --circuit_dir /home/sdasgup3/Github/strata-data/circuits --opcode vblendpd_ymm_ymm_ymm_imm8_45 
strata does not support 'vblendpd $0x2d, %ymm3, %ymm2, %ymm1'.
/home/sdasgup3/Github/strata/stoke/bin/specgen compare --circuit_dir /home/sdasgup3/Github/strata-data/circuits --opcode vblendpd_ymm_ymm_ymm_imm8_46 
Equivalent.
/home/sdasgup3/Github/strata/stoke/bin/specgen compare --circuit_dir /home/sdasgup3/Github/strata-data/circuits --opcode vblendpd_ymm_ymm_ymm_imm8_47 
Equivalent.
/home/sdasgup3/Github/strata/stoke/bin/specgen compare --circuit_dir /home/sdasgup3/Github/strata-data/circuits --opcode vblendpd_ymm_ymm_ymm_imm8_48 
Equivalent.
/home/sdasgup3/Github/strata/stoke/bin/specgen compare --circuit_dir /home/sdasgup3/Github/strata-data/circuits --opcode vblendpd_ymm_ymm_ymm_imm8_49 
Equivalent.
/home/sdasgup3/Github/strata/stoke/bin/specgen compare --circuit_dir /home/sdasgup3/Github/strata-data/circuits --opcode vblendpd_ymm_ymm_ymm_imm8_50 
Equivalent.
/home/sdasgup3/Github/strata/stoke/bin/specgen compare --circuit_dir /home/sdasgup3/Github/strata-data/circuits --opcode vblendpd_ymm_ymm_ymm_imm8_51 
Equivalent.
/home/sdasgup3/Github/strata/stoke/bin/specgen compare --circuit_dir /home/sdasgup3/Github/strata-data/circuits --opcode vblendpd_ymm_ymm_ymm_imm8_52 
strata does not support 'vblendpd $0x34, %ymm3, %ymm2, %ymm1'.
/home/sdasgup3/Github/strata/stoke/bin/specgen compare --circuit_dir /home/sdasgup3/Github/strata-data/circuits --opcode vblendpd_ymm_ymm_ymm_imm8_53 
Equivalent.
/home/sdasgup3/Github/strata/stoke/bin/specgen compare --circuit_dir /home/sdasgup3/Github/strata-data/circuits --opcode vblendpd_ymm_ymm_ymm_imm8_54 
strata does not support 'vblendpd $0x36, %ymm3, %ymm2, %ymm1'.
/home/sdasgup3/Github/strata/stoke/bin/specgen compare --circuit_dir /home/sdasgup3/Github/strata-data/circuits --opcode vblendpd_ymm_ymm_ymm_imm8_55 
strata does not support 'vblendpd $0x37, %ymm3, %ymm2, %ymm1'.
/home/sdasgup3/Github/strata/stoke/bin/specgen compare --circuit_dir /home/sdasgup3/Github/strata-data/circuits --opcode vblendpd_ymm_ymm_ymm_imm8_56 
strata does not support 'vblendpd $0x38, %ymm3, %ymm2, %ymm1'.
/home/sdasgup3/Github/strata/stoke/bin/specgen compare --circuit_dir /home/sdasgup3/Github/strata-data/circuits --opcode vblendpd_ymm_ymm_ymm_imm8_57 
strata does not support 'vblendpd $0x39, %ymm3, %ymm2, %ymm1'.
/home/sdasgup3/Github/strata/stoke/bin/specgen compare --circuit_dir /home/sdasgup3/Github/strata-data/circuits --opcode vblendpd_ymm_ymm_ymm_imm8_58 
Equivalent.
/home/sdasgup3/Github/strata/stoke/bin/specgen compare --circuit_dir /home/sdasgup3/Github/strata-data/circuits --opcode vblendpd_ymm_ymm_ymm_imm8_59 
strata does not support 'vblendpd $0x3b, %ymm3, %ymm2, %ymm1'.
/home/sdasgup3/Github/strata/stoke/bin/specgen compare --circuit_dir /home/sdasgup3/Github/strata-data/circuits --opcode vblendpd_ymm_ymm_ymm_imm8_60 
Equivalent.
/home/sdasgup3/Github/strata/stoke/bin/specgen compare --circuit_dir /home/sdasgup3/Github/strata-data/circuits --opcode vblendpd_ymm_ymm_ymm_imm8_61 
Equivalent.
/home/sdasgup3/Github/strata/stoke/bin/specgen compare --circuit_dir /home/sdasgup3/Github/strata-data/circuits --opcode vblendpd_ymm_ymm_ymm_imm8_62 
Equivalent.
/home/sdasgup3/Github/strata/stoke/bin/specgen compare --circuit_dir /home/sdasgup3/Github/strata-data/circuits --opcode vblendpd_ymm_ymm_ymm_imm8_63 
Equivalent.
/home/sdasgup3/Github/strata/stoke/bin/specgen compare --circuit_dir /home/sdasgup3/Github/strata-data/circuits --opcode vblendpd_ymm_ymm_ymm_imm8_64 
Equivalent.
/home/sdasgup3/Github/strata/stoke/bin/specgen compare --circuit_dir /home/sdasgup3/Github/strata-data/circuits --opcode vblendpd_ymm_ymm_ymm_imm8_65 
Equivalent.
/home/sdasgup3/Github/strata/stoke/bin/specgen compare --circuit_dir /home/sdasgup3/Github/strata-data/circuits --opcode vblendpd_ymm_ymm_ymm_imm8_66 
Equivalent.
/home/sdasgup3/Github/strata/stoke/bin/specgen compare --circuit_dir /home/sdasgup3/Github/strata-data/circuits --opcode vblendpd_ymm_ymm_ymm_imm8_67 
Equivalent.
/home/sdasgup3/Github/strata/stoke/bin/specgen compare --circuit_dir /home/sdasgup3/Github/strata-data/circuits --opcode vblendpd_ymm_ymm_ymm_imm8_68 
Equivalent.
/home/sdasgup3/Github/strata/stoke/bin/specgen compare --circuit_dir /home/sdasgup3/Github/strata-data/circuits --opcode vblendpd_ymm_ymm_ymm_imm8_69 
Equivalent.
/home/sdasgup3/Github/strata/stoke/bin/specgen compare --circuit_dir /home/sdasgup3/Github/strata-data/circuits --opcode vblendpd_ymm_ymm_ymm_imm8_70 
strata does not support 'vblendpd $0x46, %ymm3, %ymm2, %ymm1'.
/home/sdasgup3/Github/strata/stoke/bin/specgen compare --circuit_dir /home/sdasgup3/Github/strata-data/circuits --opcode vblendpd_ymm_ymm_ymm_imm8_71 
strata does not support 'vblendpd $0x47, %ymm3, %ymm2, %ymm1'.
/home/sdasgup3/Github/strata/stoke/bin/specgen compare --circuit_dir /home/sdasgup3/Github/strata-data/circuits --opcode vblendpd_ymm_ymm_ymm_imm8_72 
strata does not support 'vblendpd $0x48, %ymm3, %ymm2, %ymm1'.
/home/sdasgup3/Github/strata/stoke/bin/specgen compare --circuit_dir /home/sdasgup3/Github/strata-data/circuits --opcode vblendpd_ymm_ymm_ymm_imm8_73 
strata does not support 'vblendpd $0x49, %ymm3, %ymm2, %ymm1'.
/home/sdasgup3/Github/strata/stoke/bin/specgen compare --circuit_dir /home/sdasgup3/Github/strata-data/circuits --opcode vblendpd_ymm_ymm_ymm_imm8_74 
Equivalent.
/home/sdasgup3/Github/strata/stoke/bin/specgen compare --circuit_dir /home/sdasgup3/Github/strata-data/circuits --opcode vblendpd_ymm_ymm_ymm_imm8_75 
strata does not support 'vblendpd $0x4b, %ymm3, %ymm2, %ymm1'.
/home/sdasgup3/Github/strata/stoke/bin/specgen compare --circuit_dir /home/sdasgup3/Github/strata-data/circuits --opcode vblendpd_ymm_ymm_ymm_imm8_76 
Equivalent.
/home/sdasgup3/Github/strata/stoke/bin/specgen compare --circuit_dir /home/sdasgup3/Github/strata-data/circuits --opcode vblendpd_ymm_ymm_ymm_imm8_77 
Equivalent.
/home/sdasgup3/Github/strata/stoke/bin/specgen compare --circuit_dir /home/sdasgup3/Github/strata-data/circuits --opcode vblendpd_ymm_ymm_ymm_imm8_78 
Equivalent.
/home/sdasgup3/Github/strata/stoke/bin/specgen compare --circuit_dir /home/sdasgup3/Github/strata-data/circuits --opcode vblendpd_ymm_ymm_ymm_imm8_79 
Equivalent.
/home/sdasgup3/Github/strata/stoke/bin/specgen compare --circuit_dir /home/sdasgup3/Github/strata-data/circuits --opcode vblendpd_ymm_ymm_ymm_imm8_80 
Equivalent.
/home/sdasgup3/Github/strata/stoke/bin/specgen compare --circuit_dir /home/sdasgup3/Github/strata-data/circuits --opcode vblendpd_ymm_ymm_ymm_imm8_81 
Equivalent.
/home/sdasgup3/Github/strata/stoke/bin/specgen compare --circuit_dir /home/sdasgup3/Github/strata-data/circuits --opcode vblendpd_ymm_ymm_ymm_imm8_82 
Equivalent.
/home/sdasgup3/Github/strata/stoke/bin/specgen compare --circuit_dir /home/sdasgup3/Github/strata-data/circuits --opcode vblendpd_ymm_ymm_ymm_imm8_83 
Equivalent.
/home/sdasgup3/Github/strata/stoke/bin/specgen compare --circuit_dir /home/sdasgup3/Github/strata-data/circuits --opcode vblendpd_ymm_ymm_ymm_imm8_84 
strata does not support 'vblendpd $0x54, %ymm3, %ymm2, %ymm1'.
/home/sdasgup3/Github/strata/stoke/bin/specgen compare --circuit_dir /home/sdasgup3/Github/strata-data/circuits --opcode vblendpd_ymm_ymm_ymm_imm8_85 
Equivalent.
/home/sdasgup3/Github/strata/stoke/bin/specgen compare --circuit_dir /home/sdasgup3/Github/strata-data/circuits --opcode vblendpd_ymm_ymm_ymm_imm8_86 
strata does not support 'vblendpd $0x56, %ymm3, %ymm2, %ymm1'.
/home/sdasgup3/Github/strata/stoke/bin/specgen compare --circuit_dir /home/sdasgup3/Github/strata-data/circuits --opcode vblendpd_ymm_ymm_ymm_imm8_87 
strata does not support 'vblendpd $0x57, %ymm3, %ymm2, %ymm1'.
/home/sdasgup3/Github/strata/stoke/bin/specgen compare --circuit_dir /home/sdasgup3/Github/strata-data/circuits --opcode vblendpd_ymm_ymm_ymm_imm8_88 
strata does not support 'vblendpd $0x58, %ymm3, %ymm2, %ymm1'.
/home/sdasgup3/Github/strata/stoke/bin/specgen compare --circuit_dir /home/sdasgup3/Github/strata-data/circuits --opcode vblendpd_ymm_ymm_ymm_imm8_89 
strata does not support 'vblendpd $0x59, %ymm3, %ymm2, %ymm1'.
/home/sdasgup3/Github/strata/stoke/bin/specgen compare --circuit_dir /home/sdasgup3/Github/strata-data/circuits --opcode vblendpd_ymm_ymm_ymm_imm8_90 
Equivalent.
/home/sdasgup3/Github/strata/stoke/bin/specgen compare --circuit_dir /home/sdasgup3/Github/strata-data/circuits --opcode vblendpd_ymm_ymm_ymm_imm8_91 
strata does not support 'vblendpd $0x5b, %ymm3, %ymm2, %ymm1'.
/home/sdasgup3/Github/strata/stoke/bin/specgen compare --circuit_dir /home/sdasgup3/Github/strata-data/circuits --opcode vblendpd_ymm_ymm_ymm_imm8_92 
Equivalent.
/home/sdasgup3/Github/strata/stoke/bin/specgen compare --circuit_dir /home/sdasgup3/Github/strata-data/circuits --opcode vblendpd_ymm_ymm_ymm_imm8_93 
Equivalent.
/home/sdasgup3/Github/strata/stoke/bin/specgen compare --circuit_dir /home/sdasgup3/Github/strata-data/circuits --opcode vblendpd_ymm_ymm_ymm_imm8_94 
Equivalent.
/home/sdasgup3/Github/strata/stoke/bin/specgen compare --circuit_dir /home/sdasgup3/Github/strata-data/circuits --opcode vblendpd_ymm_ymm_ymm_imm8_95 
Equivalent.
/home/sdasgup3/Github/strata/stoke/bin/specgen compare --circuit_dir /home/sdasgup3/Github/strata-data/circuits --opcode vblendpd_ymm_ymm_ymm_imm8_96 
Equivalent.
/home/sdasgup3/Github/strata/stoke/bin/specgen compare --circuit_dir /home/sdasgup3/Github/strata-data/circuits --opcode vblendpd_ymm_ymm_ymm_imm8_97 
Equivalent.
/home/sdasgup3/Github/strata/stoke/bin/specgen compare --circuit_dir /home/sdasgup3/Github/strata-data/circuits --opcode vblendpd_ymm_ymm_ymm_imm8_98 
Equivalent.
/home/sdasgup3/Github/strata/stoke/bin/specgen compare --circuit_dir /home/sdasgup3/Github/strata-data/circuits --opcode vblendpd_ymm_ymm_ymm_imm8_99 
Equivalent.
/home/sdasgup3/Github/strata/stoke/bin/specgen compare --circuit_dir /home/sdasgup3/Github/strata-data/circuits --opcode vblendpd_ymm_ymm_ymm_imm8_100 
strata does not support 'vblendpd $0x64, %ymm3, %ymm2, %ymm1'.
/home/sdasgup3/Github/strata/stoke/bin/specgen compare --circuit_dir /home/sdasgup3/Github/strata-data/circuits --opcode vblendpd_ymm_ymm_ymm_imm8_101 
Equivalent.
/home/sdasgup3/Github/strata/stoke/bin/specgen compare --circuit_dir /home/sdasgup3/Github/strata-data/circuits --opcode vblendpd_ymm_ymm_ymm_imm8_102 
strata does not support 'vblendpd $0x66, %ymm3, %ymm2, %ymm1'.
/home/sdasgup3/Github/strata/stoke/bin/specgen compare --circuit_dir /home/sdasgup3/Github/strata-data/circuits --opcode vblendpd_ymm_ymm_ymm_imm8_103 
strata does not support 'vblendpd $0x67, %ymm3, %ymm2, %ymm1'.
/home/sdasgup3/Github/strata/stoke/bin/specgen compare --circuit_dir /home/sdasgup3/Github/strata-data/circuits --opcode vblendpd_ymm_ymm_ymm_imm8_104 
strata does not support 'vblendpd $0x68, %ymm3, %ymm2, %ymm1'.
/home/sdasgup3/Github/strata/stoke/bin/specgen compare --circuit_dir /home/sdasgup3/Github/strata-data/circuits --opcode vblendpd_ymm_ymm_ymm_imm8_105 
strata does not support 'vblendpd $0x69, %ymm3, %ymm2, %ymm1'.
/home/sdasgup3/Github/strata/stoke/bin/specgen compare --circuit_dir /home/sdasgup3/Github/strata-data/circuits --opcode vblendpd_ymm_ymm_ymm_imm8_106 
Equivalent.
/home/sdasgup3/Github/strata/stoke/bin/specgen compare --circuit_dir /home/sdasgup3/Github/strata-data/circuits --opcode vblendpd_ymm_ymm_ymm_imm8_107 
strata does not support 'vblendpd $0x6b, %ymm3, %ymm2, %ymm1'.
/home/sdasgup3/Github/strata/stoke/bin/specgen compare --circuit_dir /home/sdasgup3/Github/strata-data/circuits --opcode vblendpd_ymm_ymm_ymm_imm8_108 
Equivalent.
/home/sdasgup3/Github/strata/stoke/bin/specgen compare --circuit_dir /home/sdasgup3/Github/strata-data/circuits --opcode vblendpd_ymm_ymm_ymm_imm8_109 
strata does not support 'vblendpd $0x6d, %ymm3, %ymm2, %ymm1'.
/home/sdasgup3/Github/strata/stoke/bin/specgen compare --circuit_dir /home/sdasgup3/Github/strata-data/circuits --opcode vblendpd_ymm_ymm_ymm_imm8_110 
Equivalent.
/home/sdasgup3/Github/strata/stoke/bin/specgen compare --circuit_dir /home/sdasgup3/Github/strata-data/circuits --opcode vblendpd_ymm_ymm_ymm_imm8_111 
Equivalent.
/home/sdasgup3/Github/strata/stoke/bin/specgen compare --circuit_dir /home/sdasgup3/Github/strata-data/circuits --opcode vblendpd_ymm_ymm_ymm_imm8_112 
Equivalent.
/home/sdasgup3/Github/strata/stoke/bin/specgen compare --circuit_dir /home/sdasgup3/Github/strata-data/circuits --opcode vblendpd_ymm_ymm_ymm_imm8_113 
Equivalent.
/home/sdasgup3/Github/strata/stoke/bin/specgen compare --circuit_dir /home/sdasgup3/Github/strata-data/circuits --opcode vblendpd_ymm_ymm_ymm_imm8_114 
Equivalent.
/home/sdasgup3/Github/strata/stoke/bin/specgen compare --circuit_dir /home/sdasgup3/Github/strata-data/circuits --opcode vblendpd_ymm_ymm_ymm_imm8_115 
Equivalent.
/home/sdasgup3/Github/strata/stoke/bin/specgen compare --circuit_dir /home/sdasgup3/Github/strata-data/circuits --opcode vblendpd_ymm_ymm_ymm_imm8_116 
strata does not support 'vblendpd $0x74, %ymm3, %ymm2, %ymm1'.
/home/sdasgup3/Github/strata/stoke/bin/specgen compare --circuit_dir /home/sdasgup3/Github/strata-data/circuits --opcode vblendpd_ymm_ymm_ymm_imm8_117 
Equivalent.
/home/sdasgup3/Github/strata/stoke/bin/specgen compare --circuit_dir /home/sdasgup3/Github/strata-data/circuits --opcode vblendpd_ymm_ymm_ymm_imm8_118 
strata does not support 'vblendpd $0x76, %ymm3, %ymm2, %ymm1'.
/home/sdasgup3/Github/strata/stoke/bin/specgen compare --circuit_dir /home/sdasgup3/Github/strata-data/circuits --opcode vblendpd_ymm_ymm_ymm_imm8_119 
strata does not support 'vblendpd $0x77, %ymm3, %ymm2, %ymm1'.
/home/sdasgup3/Github/strata/stoke/bin/specgen compare --circuit_dir /home/sdasgup3/Github/strata-data/circuits --opcode vblendpd_ymm_ymm_ymm_imm8_120 
strata does not support 'vblendpd $0x78, %ymm3, %ymm2, %ymm1'.
/home/sdasgup3/Github/strata/stoke/bin/specgen compare --circuit_dir /home/sdasgup3/Github/strata-data/circuits --opcode vblendpd_ymm_ymm_ymm_imm8_121 
strata does not support 'vblendpd $0x79, %ymm3, %ymm2, %ymm1'.
/home/sdasgup3/Github/strata/stoke/bin/specgen compare --circuit_dir /home/sdasgup3/Github/strata-data/circuits --opcode vblendpd_ymm_ymm_ymm_imm8_122 
Equivalent.
/home/sdasgup3/Github/strata/stoke/bin/specgen compare --circuit_dir /home/sdasgup3/Github/strata-data/circuits --opcode vblendpd_ymm_ymm_ymm_imm8_123 
strata does not support 'vblendpd $0x7b, %ymm3, %ymm2, %ymm1'.
/home/sdasgup3/Github/strata/stoke/bin/specgen compare --circuit_dir /home/sdasgup3/Github/strata-data/circuits --opcode vblendpd_ymm_ymm_ymm_imm8_124 
Equivalent.
/home/sdasgup3/Github/strata/stoke/bin/specgen compare --circuit_dir /home/sdasgup3/Github/strata-data/circuits --opcode vblendpd_ymm_ymm_ymm_imm8_125 
Equivalent.
/home/sdasgup3/Github/strata/stoke/bin/specgen compare --circuit_dir /home/sdasgup3/Github/strata-data/circuits --opcode vblendpd_ymm_ymm_ymm_imm8_126 
Equivalent.
/home/sdasgup3/Github/strata/stoke/bin/specgen compare --circuit_dir /home/sdasgup3/Github/strata-data/circuits --opcode vblendpd_ymm_ymm_ymm_imm8_127 
Equivalent.
/home/sdasgup3/Github/strata/stoke/bin/specgen compare --circuit_dir /home/sdasgup3/Github/strata-data/circuits --opcode vblendpd_ymm_ymm_ymm_imm8_128 
Equivalent.
/home/sdasgup3/Github/strata/stoke/bin/specgen compare --circuit_dir /home/sdasgup3/Github/strata-data/circuits --opcode vblendpd_ymm_ymm_ymm_imm8_129 
Equivalent.
/home/sdasgup3/Github/strata/stoke/bin/specgen compare --circuit_dir /home/sdasgup3/Github/strata-data/circuits --opcode vblendpd_ymm_ymm_ymm_imm8_130 
strata does not support 'vblendpd $0x82, %ymm3, %ymm2, %ymm1'.
/home/sdasgup3/Github/strata/stoke/bin/specgen compare --circuit_dir /home/sdasgup3/Github/strata-data/circuits --opcode vblendpd_ymm_ymm_ymm_imm8_131 
Equivalent.
/home/sdasgup3/Github/strata/stoke/bin/specgen compare --circuit_dir /home/sdasgup3/Github/strata-data/circuits --opcode vblendpd_ymm_ymm_ymm_imm8_132 
strata does not support 'vblendpd $0x84, %ymm3, %ymm2, %ymm1'.
/home/sdasgup3/Github/strata/stoke/bin/specgen compare --circuit_dir /home/sdasgup3/Github/strata-data/circuits --opcode vblendpd_ymm_ymm_ymm_imm8_133 
Equivalent.
/home/sdasgup3/Github/strata/stoke/bin/specgen compare --circuit_dir /home/sdasgup3/Github/strata-data/circuits --opcode vblendpd_ymm_ymm_ymm_imm8_134 
strata does not support 'vblendpd $0x86, %ymm3, %ymm2, %ymm1'.
/home/sdasgup3/Github/strata/stoke/bin/specgen compare --circuit_dir /home/sdasgup3/Github/strata-data/circuits --opcode vblendpd_ymm_ymm_ymm_imm8_135 
strata does not support 'vblendpd $0x87, %ymm3, %ymm2, %ymm1'.
/home/sdasgup3/Github/strata/stoke/bin/specgen compare --circuit_dir /home/sdasgup3/Github/strata-data/circuits --opcode vblendpd_ymm_ymm_ymm_imm8_136 
strata does not support 'vblendpd $0x88, %ymm3, %ymm2, %ymm1'.
/home/sdasgup3/Github/strata/stoke/bin/specgen compare --circuit_dir /home/sdasgup3/Github/strata-data/circuits --opcode vblendpd_ymm_ymm_ymm_imm8_137 
strata does not support 'vblendpd $0x89, %ymm3, %ymm2, %ymm1'.
/home/sdasgup3/Github/strata/stoke/bin/specgen compare --circuit_dir /home/sdasgup3/Github/strata-data/circuits --opcode vblendpd_ymm_ymm_ymm_imm8_138 
Equivalent.
/home/sdasgup3/Github/strata/stoke/bin/specgen compare --circuit_dir /home/sdasgup3/Github/strata-data/circuits --opcode vblendpd_ymm_ymm_ymm_imm8_139 
strata does not support 'vblendpd $0x8b, %ymm3, %ymm2, %ymm1'.
/home/sdasgup3/Github/strata/stoke/bin/specgen compare --circuit_dir /home/sdasgup3/Github/strata-data/circuits --opcode vblendpd_ymm_ymm_ymm_imm8_140 
Equivalent.
/home/sdasgup3/Github/strata/stoke/bin/specgen compare --circuit_dir /home/sdasgup3/Github/strata-data/circuits --opcode vblendpd_ymm_ymm_ymm_imm8_141 
Equivalent.
/home/sdasgup3/Github/strata/stoke/bin/specgen compare --circuit_dir /home/sdasgup3/Github/strata-data/circuits --opcode vblendpd_ymm_ymm_ymm_imm8_142 
Equivalent.
/home/sdasgup3/Github/strata/stoke/bin/specgen compare --circuit_dir /home/sdasgup3/Github/strata-data/circuits --opcode vblendpd_ymm_ymm_ymm_imm8_143 
Equivalent.
/home/sdasgup3/Github/strata/stoke/bin/specgen compare --circuit_dir /home/sdasgup3/Github/strata-data/circuits --opcode vblendpd_ymm_ymm_ymm_imm8_144 
Equivalent.
/home/sdasgup3/Github/strata/stoke/bin/specgen compare --circuit_dir /home/sdasgup3/Github/strata-data/circuits --opcode vblendpd_ymm_ymm_ymm_imm8_145 
Equivalent.
/home/sdasgup3/Github/strata/stoke/bin/specgen compare --circuit_dir /home/sdasgup3/Github/strata-data/circuits --opcode vblendpd_ymm_ymm_ymm_imm8_146 
Equivalent.
/home/sdasgup3/Github/strata/stoke/bin/specgen compare --circuit_dir /home/sdasgup3/Github/strata-data/circuits --opcode vblendpd_ymm_ymm_ymm_imm8_147 
Equivalent.
/home/sdasgup3/Github/strata/stoke/bin/specgen compare --circuit_dir /home/sdasgup3/Github/strata-data/circuits --opcode vblendpd_ymm_ymm_ymm_imm8_148 
Equivalent.
/home/sdasgup3/Github/strata/stoke/bin/specgen compare --circuit_dir /home/sdasgup3/Github/strata-data/circuits --opcode vblendpd_ymm_ymm_ymm_imm8_149 
Equivalent.
/home/sdasgup3/Github/strata/stoke/bin/specgen compare --circuit_dir /home/sdasgup3/Github/strata-data/circuits --opcode vblendpd_ymm_ymm_ymm_imm8_150 
strata does not support 'vblendpd $0x96, %ymm3, %ymm2, %ymm1'.
/home/sdasgup3/Github/strata/stoke/bin/specgen compare --circuit_dir /home/sdasgup3/Github/strata-data/circuits --opcode vblendpd_ymm_ymm_ymm_imm8_151 
strata does not support 'vblendpd $0x97, %ymm3, %ymm2, %ymm1'.
/home/sdasgup3/Github/strata/stoke/bin/specgen compare --circuit_dir /home/sdasgup3/Github/strata-data/circuits --opcode vblendpd_ymm_ymm_ymm_imm8_152 
Equivalent.
/home/sdasgup3/Github/strata/stoke/bin/specgen compare --circuit_dir /home/sdasgup3/Github/strata-data/circuits --opcode vblendpd_ymm_ymm_ymm_imm8_153 
strata does not support 'vblendpd $0x99, %ymm3, %ymm2, %ymm1'.
/home/sdasgup3/Github/strata/stoke/bin/specgen compare --circuit_dir /home/sdasgup3/Github/strata-data/circuits --opcode vblendpd_ymm_ymm_ymm_imm8_154 
Equivalent.
/home/sdasgup3/Github/strata/stoke/bin/specgen compare --circuit_dir /home/sdasgup3/Github/strata-data/circuits --opcode vblendpd_ymm_ymm_ymm_imm8_155 
strata does not support 'vblendpd $0x9b, %ymm3, %ymm2, %ymm1'.
/home/sdasgup3/Github/strata/stoke/bin/specgen compare --circuit_dir /home/sdasgup3/Github/strata-data/circuits --opcode vblendpd_ymm_ymm_ymm_imm8_156 
Equivalent.
/home/sdasgup3/Github/strata/stoke/bin/specgen compare --circuit_dir /home/sdasgup3/Github/strata-data/circuits --opcode vblendpd_ymm_ymm_ymm_imm8_157 
Equivalent.
/home/sdasgup3/Github/strata/stoke/bin/specgen compare --circuit_dir /home/sdasgup3/Github/strata-data/circuits --opcode vblendpd_ymm_ymm_ymm_imm8_158 
Equivalent.
/home/sdasgup3/Github/strata/stoke/bin/specgen compare --circuit_dir /home/sdasgup3/Github/strata-data/circuits --opcode vblendpd_ymm_ymm_ymm_imm8_159 
Equivalent.
/home/sdasgup3/Github/strata/stoke/bin/specgen compare --circuit_dir /home/sdasgup3/Github/strata-data/circuits --opcode vblendpd_ymm_ymm_ymm_imm8_160 
Equivalent.
/home/sdasgup3/Github/strata/stoke/bin/specgen compare --circuit_dir /home/sdasgup3/Github/strata-data/circuits --opcode vblendpd_ymm_ymm_ymm_imm8_161 
Equivalent.
/home/sdasgup3/Github/strata/stoke/bin/specgen compare --circuit_dir /home/sdasgup3/Github/strata-data/circuits --opcode vblendpd_ymm_ymm_ymm_imm8_162 
Equivalent.
/home/sdasgup3/Github/strata/stoke/bin/specgen compare --circuit_dir /home/sdasgup3/Github/strata-data/circuits --opcode vblendpd_ymm_ymm_ymm_imm8_163 
Equivalent.
/home/sdasgup3/Github/strata/stoke/bin/specgen compare --circuit_dir /home/sdasgup3/Github/strata-data/circuits --opcode vblendpd_ymm_ymm_ymm_imm8_164 
strata does not support 'vblendpd $0xa4, %ymm3, %ymm2, %ymm1'.
/home/sdasgup3/Github/strata/stoke/bin/specgen compare --circuit_dir /home/sdasgup3/Github/strata-data/circuits --opcode vblendpd_ymm_ymm_ymm_imm8_165 
Equivalent.
/home/sdasgup3/Github/strata/stoke/bin/specgen compare --circuit_dir /home/sdasgup3/Github/strata-data/circuits --opcode vblendpd_ymm_ymm_ymm_imm8_166 
strata does not support 'vblendpd $0xa6, %ymm3, %ymm2, %ymm1'.
/home/sdasgup3/Github/strata/stoke/bin/specgen compare --circuit_dir /home/sdasgup3/Github/strata-data/circuits --opcode vblendpd_ymm_ymm_ymm_imm8_167 
strata does not support 'vblendpd $0xa7, %ymm3, %ymm2, %ymm1'.
/home/sdasgup3/Github/strata/stoke/bin/specgen compare --circuit_dir /home/sdasgup3/Github/strata-data/circuits --opcode vblendpd_ymm_ymm_ymm_imm8_168 
strata does not support 'vblendpd $0xa8, %ymm3, %ymm2, %ymm1'.
/home/sdasgup3/Github/strata/stoke/bin/specgen compare --circuit_dir /home/sdasgup3/Github/strata-data/circuits --opcode vblendpd_ymm_ymm_ymm_imm8_169 
strata does not support 'vblendpd $0xa9, %ymm3, %ymm2, %ymm1'.
/home/sdasgup3/Github/strata/stoke/bin/specgen compare --circuit_dir /home/sdasgup3/Github/strata-data/circuits --opcode vblendpd_ymm_ymm_ymm_imm8_170 
Equivalent.
/home/sdasgup3/Github/strata/stoke/bin/specgen compare --circuit_dir /home/sdasgup3/Github/strata-data/circuits --opcode vblendpd_ymm_ymm_ymm_imm8_171 
strata does not support 'vblendpd $0xab, %ymm3, %ymm2, %ymm1'.
/home/sdasgup3/Github/strata/stoke/bin/specgen compare --circuit_dir /home/sdasgup3/Github/strata-data/circuits --opcode vblendpd_ymm_ymm_ymm_imm8_172 
Equivalent.
/home/sdasgup3/Github/strata/stoke/bin/specgen compare --circuit_dir /home/sdasgup3/Github/strata-data/circuits --opcode vblendpd_ymm_ymm_ymm_imm8_173 
Equivalent.
/home/sdasgup3/Github/strata/stoke/bin/specgen compare --circuit_dir /home/sdasgup3/Github/strata-data/circuits --opcode vblendpd_ymm_ymm_ymm_imm8_174 
Equivalent.
/home/sdasgup3/Github/strata/stoke/bin/specgen compare --circuit_dir /home/sdasgup3/Github/strata-data/circuits --opcode vblendpd_ymm_ymm_ymm_imm8_175 
Equivalent.
/home/sdasgup3/Github/strata/stoke/bin/specgen compare --circuit_dir /home/sdasgup3/Github/strata-data/circuits --opcode vblendpd_ymm_ymm_ymm_imm8_176 
Equivalent.
/home/sdasgup3/Github/strata/stoke/bin/specgen compare --circuit_dir /home/sdasgup3/Github/strata-data/circuits --opcode vblendpd_ymm_ymm_ymm_imm8_177 
Equivalent.
/home/sdasgup3/Github/strata/stoke/bin/specgen compare --circuit_dir /home/sdasgup3/Github/strata-data/circuits --opcode vblendpd_ymm_ymm_ymm_imm8_178 
Equivalent.
/home/sdasgup3/Github/strata/stoke/bin/specgen compare --circuit_dir /home/sdasgup3/Github/strata-data/circuits --opcode vblendpd_ymm_ymm_ymm_imm8_179 
Equivalent.
/home/sdasgup3/Github/strata/stoke/bin/specgen compare --circuit_dir /home/sdasgup3/Github/strata-data/circuits --opcode vblendpd_ymm_ymm_ymm_imm8_180 
strata does not support 'vblendpd $0xb4, %ymm3, %ymm2, %ymm1'.
/home/sdasgup3/Github/strata/stoke/bin/specgen compare --circuit_dir /home/sdasgup3/Github/strata-data/circuits --opcode vblendpd_ymm_ymm_ymm_imm8_181 
Equivalent.
/home/sdasgup3/Github/strata/stoke/bin/specgen compare --circuit_dir /home/sdasgup3/Github/strata-data/circuits --opcode vblendpd_ymm_ymm_ymm_imm8_182 
strata does not support 'vblendpd $0xb6, %ymm3, %ymm2, %ymm1'.
/home/sdasgup3/Github/strata/stoke/bin/specgen compare --circuit_dir /home/sdasgup3/Github/strata-data/circuits --opcode vblendpd_ymm_ymm_ymm_imm8_183 
strata does not support 'vblendpd $0xb7, %ymm3, %ymm2, %ymm1'.
/home/sdasgup3/Github/strata/stoke/bin/specgen compare --circuit_dir /home/sdasgup3/Github/strata-data/circuits --opcode vblendpd_ymm_ymm_ymm_imm8_184 
strata does not support 'vblendpd $0xb8, %ymm3, %ymm2, %ymm1'.
/home/sdasgup3/Github/strata/stoke/bin/specgen compare --circuit_dir /home/sdasgup3/Github/strata-data/circuits --opcode vblendpd_ymm_ymm_ymm_imm8_185 
strata does not support 'vblendpd $0xb9, %ymm3, %ymm2, %ymm1'.
/home/sdasgup3/Github/strata/stoke/bin/specgen compare --circuit_dir /home/sdasgup3/Github/strata-data/circuits --opcode vblendpd_ymm_ymm_ymm_imm8_186 
Equivalent.
/home/sdasgup3/Github/strata/stoke/bin/specgen compare --circuit_dir /home/sdasgup3/Github/strata-data/circuits --opcode vblendpd_ymm_ymm_ymm_imm8_187 
strata does not support 'vblendpd $0xbb, %ymm3, %ymm2, %ymm1'.
/home/sdasgup3/Github/strata/stoke/bin/specgen compare --circuit_dir /home/sdasgup3/Github/strata-data/circuits --opcode vblendpd_ymm_ymm_ymm_imm8_188 
Equivalent.
/home/sdasgup3/Github/strata/stoke/bin/specgen compare --circuit_dir /home/sdasgup3/Github/strata-data/circuits --opcode vblendpd_ymm_ymm_ymm_imm8_189 
Equivalent.
/home/sdasgup3/Github/strata/stoke/bin/specgen compare --circuit_dir /home/sdasgup3/Github/strata-data/circuits --opcode vblendpd_ymm_ymm_ymm_imm8_190 
strata does not support 'vblendpd $0xbe, %ymm3, %ymm2, %ymm1'.
/home/sdasgup3/Github/strata/stoke/bin/specgen compare --circuit_dir /home/sdasgup3/Github/strata-data/circuits --opcode vblendpd_ymm_ymm_ymm_imm8_191 
Equivalent.
/home/sdasgup3/Github/strata/stoke/bin/specgen compare --circuit_dir /home/sdasgup3/Github/strata-data/circuits --opcode vblendpd_ymm_ymm_ymm_imm8_192 
Equivalent.
/home/sdasgup3/Github/strata/stoke/bin/specgen compare --circuit_dir /home/sdasgup3/Github/strata-data/circuits --opcode vblendpd_ymm_ymm_ymm_imm8_193 
Equivalent.
/home/sdasgup3/Github/strata/stoke/bin/specgen compare --circuit_dir /home/sdasgup3/Github/strata-data/circuits --opcode vblendpd_ymm_ymm_ymm_imm8_194 
Equivalent.
/home/sdasgup3/Github/strata/stoke/bin/specgen compare --circuit_dir /home/sdasgup3/Github/strata-data/circuits --opcode vblendpd_ymm_ymm_ymm_imm8_195 
Equivalent.
/home/sdasgup3/Github/strata/stoke/bin/specgen compare --circuit_dir /home/sdasgup3/Github/strata-data/circuits --opcode vblendpd_ymm_ymm_ymm_imm8_196 
strata does not support 'vblendpd $0xc4, %ymm3, %ymm2, %ymm1'.
/home/sdasgup3/Github/strata/stoke/bin/specgen compare --circuit_dir /home/sdasgup3/Github/strata-data/circuits --opcode vblendpd_ymm_ymm_ymm_imm8_197 
Equivalent.
/home/sdasgup3/Github/strata/stoke/bin/specgen compare --circuit_dir /home/sdasgup3/Github/strata-data/circuits --opcode vblendpd_ymm_ymm_ymm_imm8_198 
strata does not support 'vblendpd $0xc6, %ymm3, %ymm2, %ymm1'.
/home/sdasgup3/Github/strata/stoke/bin/specgen compare --circuit_dir /home/sdasgup3/Github/strata-data/circuits --opcode vblendpd_ymm_ymm_ymm_imm8_199 
strata does not support 'vblendpd $0xc7, %ymm3, %ymm2, %ymm1'.
/home/sdasgup3/Github/strata/stoke/bin/specgen compare --circuit_dir /home/sdasgup3/Github/strata-data/circuits --opcode vblendpd_ymm_ymm_ymm_imm8_200 
strata does not support 'vblendpd $0xc8, %ymm3, %ymm2, %ymm1'.
/home/sdasgup3/Github/strata/stoke/bin/specgen compare --circuit_dir /home/sdasgup3/Github/strata-data/circuits --opcode vblendpd_ymm_ymm_ymm_imm8_201 
strata does not support 'vblendpd $0xc9, %ymm3, %ymm2, %ymm1'.
/home/sdasgup3/Github/strata/stoke/bin/specgen compare --circuit_dir /home/sdasgup3/Github/strata-data/circuits --opcode vblendpd_ymm_ymm_ymm_imm8_202 
Equivalent.
/home/sdasgup3/Github/strata/stoke/bin/specgen compare --circuit_dir /home/sdasgup3/Github/strata-data/circuits --opcode vblendpd_ymm_ymm_ymm_imm8_203 
strata does not support 'vblendpd $0xcb, %ymm3, %ymm2, %ymm1'.
/home/sdasgup3/Github/strata/stoke/bin/specgen compare --circuit_dir /home/sdasgup3/Github/strata-data/circuits --opcode vblendpd_ymm_ymm_ymm_imm8_204 
Equivalent.
/home/sdasgup3/Github/strata/stoke/bin/specgen compare --circuit_dir /home/sdasgup3/Github/strata-data/circuits --opcode vblendpd_ymm_ymm_ymm_imm8_205 
Equivalent.
/home/sdasgup3/Github/strata/stoke/bin/specgen compare --circuit_dir /home/sdasgup3/Github/strata-data/circuits --opcode vblendpd_ymm_ymm_ymm_imm8_206 
Equivalent.
/home/sdasgup3/Github/strata/stoke/bin/specgen compare --circuit_dir /home/sdasgup3/Github/strata-data/circuits --opcode vblendpd_ymm_ymm_ymm_imm8_207 
Equivalent.
/home/sdasgup3/Github/strata/stoke/bin/specgen compare --circuit_dir /home/sdasgup3/Github/strata-data/circuits --opcode vblendpd_ymm_ymm_ymm_imm8_208 
Equivalent.
/home/sdasgup3/Github/strata/stoke/bin/specgen compare --circuit_dir /home/sdasgup3/Github/strata-data/circuits --opcode vblendpd_ymm_ymm_ymm_imm8_209 
Equivalent.
/home/sdasgup3/Github/strata/stoke/bin/specgen compare --circuit_dir /home/sdasgup3/Github/strata-data/circuits --opcode vblendpd_ymm_ymm_ymm_imm8_210 
Equivalent.
/home/sdasgup3/Github/strata/stoke/bin/specgen compare --circuit_dir /home/sdasgup3/Github/strata-data/circuits --opcode vblendpd_ymm_ymm_ymm_imm8_211 
Equivalent.
/home/sdasgup3/Github/strata/stoke/bin/specgen compare --circuit_dir /home/sdasgup3/Github/strata-data/circuits --opcode vblendpd_ymm_ymm_ymm_imm8_212 
strata does not support 'vblendpd $0xd4, %ymm3, %ymm2, %ymm1'.
/home/sdasgup3/Github/strata/stoke/bin/specgen compare --circuit_dir /home/sdasgup3/Github/strata-data/circuits --opcode vblendpd_ymm_ymm_ymm_imm8_213 
Equivalent.
/home/sdasgup3/Github/strata/stoke/bin/specgen compare --circuit_dir /home/sdasgup3/Github/strata-data/circuits --opcode vblendpd_ymm_ymm_ymm_imm8_214 
strata does not support 'vblendpd $0xd6, %ymm3, %ymm2, %ymm1'.
/home/sdasgup3/Github/strata/stoke/bin/specgen compare --circuit_dir /home/sdasgup3/Github/strata-data/circuits --opcode vblendpd_ymm_ymm_ymm_imm8_215 
strata does not support 'vblendpd $0xd7, %ymm3, %ymm2, %ymm1'.
/home/sdasgup3/Github/strata/stoke/bin/specgen compare --circuit_dir /home/sdasgup3/Github/strata-data/circuits --opcode vblendpd_ymm_ymm_ymm_imm8_216 
strata does not support 'vblendpd $0xd8, %ymm3, %ymm2, %ymm1'.
/home/sdasgup3/Github/strata/stoke/bin/specgen compare --circuit_dir /home/sdasgup3/Github/strata-data/circuits --opcode vblendpd_ymm_ymm_ymm_imm8_217 
strata does not support 'vblendpd $0xd9, %ymm3, %ymm2, %ymm1'.
/home/sdasgup3/Github/strata/stoke/bin/specgen compare --circuit_dir /home/sdasgup3/Github/strata-data/circuits --opcode vblendpd_ymm_ymm_ymm_imm8_218 
Equivalent.
/home/sdasgup3/Github/strata/stoke/bin/specgen compare --circuit_dir /home/sdasgup3/Github/strata-data/circuits --opcode vblendpd_ymm_ymm_ymm_imm8_219 
strata does not support 'vblendpd $0xdb, %ymm3, %ymm2, %ymm1'.
/home/sdasgup3/Github/strata/stoke/bin/specgen compare --circuit_dir /home/sdasgup3/Github/strata-data/circuits --opcode vblendpd_ymm_ymm_ymm_imm8_220 
Equivalent.
/home/sdasgup3/Github/strata/stoke/bin/specgen compare --circuit_dir /home/sdasgup3/Github/strata-data/circuits --opcode vblendpd_ymm_ymm_ymm_imm8_221 
Equivalent.
/home/sdasgup3/Github/strata/stoke/bin/specgen compare --circuit_dir /home/sdasgup3/Github/strata-data/circuits --opcode vblendpd_ymm_ymm_ymm_imm8_222 
Equivalent.
/home/sdasgup3/Github/strata/stoke/bin/specgen compare --circuit_dir /home/sdasgup3/Github/strata-data/circuits --opcode vblendpd_ymm_ymm_ymm_imm8_223 
Equivalent.
/home/sdasgup3/Github/strata/stoke/bin/specgen compare --circuit_dir /home/sdasgup3/Github/strata-data/circuits --opcode vblendpd_ymm_ymm_ymm_imm8_224 
Equivalent.
/home/sdasgup3/Github/strata/stoke/bin/specgen compare --circuit_dir /home/sdasgup3/Github/strata-data/circuits --opcode vblendpd_ymm_ymm_ymm_imm8_225 
Equivalent.
/home/sdasgup3/Github/strata/stoke/bin/specgen compare --circuit_dir /home/sdasgup3/Github/strata-data/circuits --opcode vblendpd_ymm_ymm_ymm_imm8_226 
strata does not support 'vblendpd $0xe2, %ymm3, %ymm2, %ymm1'.
/home/sdasgup3/Github/strata/stoke/bin/specgen compare --circuit_dir /home/sdasgup3/Github/strata-data/circuits --opcode vblendpd_ymm_ymm_ymm_imm8_227 
Equivalent.
/home/sdasgup3/Github/strata/stoke/bin/specgen compare --circuit_dir /home/sdasgup3/Github/strata-data/circuits --opcode vblendpd_ymm_ymm_ymm_imm8_228 
strata does not support 'vblendpd $0xe4, %ymm3, %ymm2, %ymm1'.
/home/sdasgup3/Github/strata/stoke/bin/specgen compare --circuit_dir /home/sdasgup3/Github/strata-data/circuits --opcode vblendpd_ymm_ymm_ymm_imm8_229 
Equivalent.
/home/sdasgup3/Github/strata/stoke/bin/specgen compare --circuit_dir /home/sdasgup3/Github/strata-data/circuits --opcode vblendpd_ymm_ymm_ymm_imm8_230 
strata does not support 'vblendpd $0xe6, %ymm3, %ymm2, %ymm1'.
/home/sdasgup3/Github/strata/stoke/bin/specgen compare --circuit_dir /home/sdasgup3/Github/strata-data/circuits --opcode vblendpd_ymm_ymm_ymm_imm8_231 
strata does not support 'vblendpd $0xe7, %ymm3, %ymm2, %ymm1'.
/home/sdasgup3/Github/strata/stoke/bin/specgen compare --circuit_dir /home/sdasgup3/Github/strata-data/circuits --opcode vblendpd_ymm_ymm_ymm_imm8_232 
strata does not support 'vblendpd $0xe8, %ymm3, %ymm2, %ymm1'.
/home/sdasgup3/Github/strata/stoke/bin/specgen compare --circuit_dir /home/sdasgup3/Github/strata-data/circuits --opcode vblendpd_ymm_ymm_ymm_imm8_233 
strata does not support 'vblendpd $0xe9, %ymm3, %ymm2, %ymm1'.
/home/sdasgup3/Github/strata/stoke/bin/specgen compare --circuit_dir /home/sdasgup3/Github/strata-data/circuits --opcode vblendpd_ymm_ymm_ymm_imm8_234 
Equivalent.
/home/sdasgup3/Github/strata/stoke/bin/specgen compare --circuit_dir /home/sdasgup3/Github/strata-data/circuits --opcode vblendpd_ymm_ymm_ymm_imm8_235 
strata does not support 'vblendpd $0xeb, %ymm3, %ymm2, %ymm1'.
/home/sdasgup3/Github/strata/stoke/bin/specgen compare --circuit_dir /home/sdasgup3/Github/strata-data/circuits --opcode vblendpd_ymm_ymm_ymm_imm8_236 
Equivalent.
/home/sdasgup3/Github/strata/stoke/bin/specgen compare --circuit_dir /home/sdasgup3/Github/strata-data/circuits --opcode vblendpd_ymm_ymm_ymm_imm8_237 
Equivalent.
/home/sdasgup3/Github/strata/stoke/bin/specgen compare --circuit_dir /home/sdasgup3/Github/strata-data/circuits --opcode vblendpd_ymm_ymm_ymm_imm8_238 
Equivalent.
/home/sdasgup3/Github/strata/stoke/bin/specgen compare --circuit_dir /home/sdasgup3/Github/strata-data/circuits --opcode vblendpd_ymm_ymm_ymm_imm8_239 
Equivalent.
/home/sdasgup3/Github/strata/stoke/bin/specgen compare --circuit_dir /home/sdasgup3/Github/strata-data/circuits --opcode vblendpd_ymm_ymm_ymm_imm8_240 
Equivalent.
/home/sdasgup3/Github/strata/stoke/bin/specgen compare --circuit_dir /home/sdasgup3/Github/strata-data/circuits --opcode vblendpd_ymm_ymm_ymm_imm8_241 
Equivalent.
/home/sdasgup3/Github/strata/stoke/bin/specgen compare --circuit_dir /home/sdasgup3/Github/strata-data/circuits --opcode vblendpd_ymm_ymm_ymm_imm8_242 
Equivalent.
/home/sdasgup3/Github/strata/stoke/bin/specgen compare --circuit_dir /home/sdasgup3/Github/strata-data/circuits --opcode vblendpd_ymm_ymm_ymm_imm8_243 
Equivalent.
/home/sdasgup3/Github/strata/stoke/bin/specgen compare --circuit_dir /home/sdasgup3/Github/strata-data/circuits --opcode vblendpd_ymm_ymm_ymm_imm8_244 
strata does not support 'vblendpd $0xf4, %ymm3, %ymm2, %ymm1'.
/home/sdasgup3/Github/strata/stoke/bin/specgen compare --circuit_dir /home/sdasgup3/Github/strata-data/circuits --opcode vblendpd_ymm_ymm_ymm_imm8_245 
strata does not support 'vblendpd $0xf5, %ymm3, %ymm2, %ymm1'.
/home/sdasgup3/Github/strata/stoke/bin/specgen compare --circuit_dir /home/sdasgup3/Github/strata-data/circuits --opcode vblendpd_ymm_ymm_ymm_imm8_246 
strata does not support 'vblendpd $0xf6, %ymm3, %ymm2, %ymm1'.
/home/sdasgup3/Github/strata/stoke/bin/specgen compare --circuit_dir /home/sdasgup3/Github/strata-data/circuits --opcode vblendpd_ymm_ymm_ymm_imm8_247 
strata does not support 'vblendpd $0xf7, %ymm3, %ymm2, %ymm1'.
/home/sdasgup3/Github/strata/stoke/bin/specgen compare --circuit_dir /home/sdasgup3/Github/strata-data/circuits --opcode vblendpd_ymm_ymm_ymm_imm8_248 
strata does not support 'vblendpd $0xf8, %ymm3, %ymm2, %ymm1'.
/home/sdasgup3/Github/strata/stoke/bin/specgen compare --circuit_dir /home/sdasgup3/Github/strata-data/circuits --opcode vblendpd_ymm_ymm_ymm_imm8_249 
strata does not support 'vblendpd $0xf9, %ymm3, %ymm2, %ymm1'.
/home/sdasgup3/Github/strata/stoke/bin/specgen compare --circuit_dir /home/sdasgup3/Github/strata-data/circuits --opcode vblendpd_ymm_ymm_ymm_imm8_250 
strata does not support 'vblendpd $0xfa, %ymm3, %ymm2, %ymm1'.
/home/sdasgup3/Github/strata/stoke/bin/specgen compare --circuit_dir /home/sdasgup3/Github/strata-data/circuits --opcode vblendpd_ymm_ymm_ymm_imm8_251 
strata does not support 'vblendpd $0xfb, %ymm3, %ymm2, %ymm1'.
/home/sdasgup3/Github/strata/stoke/bin/specgen compare --circuit_dir /home/sdasgup3/Github/strata-data/circuits --opcode vblendpd_ymm_ymm_ymm_imm8_252 
Equivalent.
/home/sdasgup3/Github/strata/stoke/bin/specgen compare --circuit_dir /home/sdasgup3/Github/strata-data/circuits --opcode vblendpd_ymm_ymm_ymm_imm8_253 
Equivalent.
/home/sdasgup3/Github/strata/stoke/bin/specgen compare --circuit_dir /home/sdasgup3/Github/strata-data/circuits --opcode vblendpd_ymm_ymm_ymm_imm8_254 
Equivalent.
/home/sdasgup3/Github/strata/stoke/bin/specgen compare --circuit_dir /home/sdasgup3/Github/strata-data/circuits --opcode vblendpd_ymm_ymm_ymm_imm8_255 
Equivalent.
