[4m[1m[34mFiring Last 25[0m
Thread 4 start: pslld_xmm_imm8_10
/home/sdasgup3/TYLER/strata/stoke/./bin/stoke_check_circuit --target imm_instructions/pslld_xmm_imm8/instructions/pslld_xmm_imm8_10/pslld_xmm_imm8_10.s --functions /home/sdasgup3/Github/strata-data/data-regs/functions --testcases /home/sdasgup3/Github/strata-data/data-regs/testcases.tc --def_in "{ %xmm1 }" --live_out "{ %xmm1 }" 
Thread 1 start: pslld_xmm_imm8_7
/home/sdasgup3/TYLER/strata/stoke/./bin/stoke_check_circuit --target imm_instructions/pslld_xmm_imm8/instructions/pslld_xmm_imm8_7/pslld_xmm_imm8_7.s --functions /home/sdasgup3/Github/strata-data/data-regs/functions --testcases /home/sdasgup3/Github/strata-data/data-regs/testcases.tc --def_in "{ %xmm1 }" --live_out "{ %xmm1 }" 
Thread 5 start: pslld_xmm_imm8_11
/home/sdasgup3/TYLER/strata/stoke/./bin/stoke_check_circuit --target imm_instructions/pslld_xmm_imm8/instructions/pslld_xmm_imm8_11/pslld_xmm_imm8_11.s --functions /home/sdasgup3/Github/strata-data/data-regs/functions --testcases /home/sdasgup3/Github/strata-data/data-regs/testcases.tc --def_in "{ %xmm1 }" --live_out "{ %xmm1 }" 
Thread 2 start: pslld_xmm_imm8_8
/home/sdasgup3/TYLER/strata/stoke/./bin/stoke_check_circuit --target imm_instructions/pslld_xmm_imm8/instructions/pslld_xmm_imm8_8/pslld_xmm_imm8_8.s --functions /home/sdasgup3/Github/strata-data/data-regs/functions --testcases /home/sdasgup3/Github/strata-data/data-regs/testcases.tc --def_in "{ %xmm1 }" --live_out "{ %xmm1 }" 
Thread 3 start: pslld_xmm_imm8_9
/home/sdasgup3/TYLER/strata/stoke/./bin/stoke_check_circuit --target imm_instructions/pslld_xmm_imm8/instructions/pslld_xmm_imm8_9/pslld_xmm_imm8_9.s --functions /home/sdasgup3/Github/strata-data/data-regs/functions --testcases /home/sdasgup3/Github/strata-data/data-regs/testcases.tc --def_in "{ %xmm1 }" --live_out "{ %xmm1 }" 
Thread 6 start: pslld_xmm_imm8_12
/home/sdasgup3/TYLER/strata/stoke/./bin/stoke_check_circuit --target imm_instructions/pslld_xmm_imm8/instructions/pslld_xmm_imm8_12/pslld_xmm_imm8_12.s --functions /home/sdasgup3/Github/strata-data/data-regs/functions --testcases /home/sdasgup3/Github/strata-data/data-regs/testcases.tc --def_in "{ %xmm1 }" --live_out "{ %xmm1 }" 
Thread 7 start: pslld_xmm_imm8_13
/home/sdasgup3/TYLER/strata/stoke/./bin/stoke_check_circuit --target imm_instructions/pslld_xmm_imm8/instructions/pslld_xmm_imm8_13/pslld_xmm_imm8_13.s --functions /home/sdasgup3/Github/strata-data/data-regs/functions --testcases /home/sdasgup3/Github/strata-data/data-regs/testcases.tc --def_in "{ %xmm1 }" --live_out "{ %xmm1 }" 
Thread 8 start: pslld_xmm_imm8_14
/home/sdasgup3/TYLER/strata/stoke/./bin/stoke_check_circuit --target imm_instructions/pslld_xmm_imm8/instructions/pslld_xmm_imm8_14/pslld_xmm_imm8_14.s --functions /home/sdasgup3/Github/strata-data/data-regs/functions --testcases /home/sdasgup3/Github/strata-data/data-regs/testcases.tc --def_in "{ %xmm1 }" --live_out "{ %xmm1 }" 
Thread 9 start: pslld_xmm_imm8_15
/home/sdasgup3/TYLER/strata/stoke/./bin/stoke_check_circuit --target imm_instructions/pslld_xmm_imm8/instructions/pslld_xmm_imm8_15/pslld_xmm_imm8_15.s --functions /home/sdasgup3/Github/strata-data/data-regs/functions --testcases /home/sdasgup3/Github/strata-data/data-regs/testcases.tc --def_in "{ %xmm1 }" --live_out "{ %xmm1 }" 
Thread 10 start: pslld_xmm_imm8_16
/home/sdasgup3/TYLER/strata/stoke/./bin/stoke_check_circuit --target imm_instructions/pslld_xmm_imm8/instructions/pslld_xmm_imm8_16/pslld_xmm_imm8_16.s --functions /home/sdasgup3/Github/strata-data/data-regs/functions --testcases /home/sdasgup3/Github/strata-data/data-regs/testcases.tc --def_in "{ %xmm1 }" --live_out "{ %xmm1 }" 
Thread 11 start: pslld_xmm_imm8_17
/home/sdasgup3/TYLER/strata/stoke/./bin/stoke_check_circuit --target imm_instructions/pslld_xmm_imm8/instructions/pslld_xmm_imm8_17/pslld_xmm_imm8_17.s --functions /home/sdasgup3/Github/strata-data/data-regs/functions --testcases /home/sdasgup3/Github/strata-data/data-regs/testcases.tc --def_in "{ %xmm1 }" --live_out "{ %xmm1 }" 
Thread 12 start: pslld_xmm_imm8_18
/home/sdasgup3/TYLER/strata/stoke/./bin/stoke_check_circuit --target imm_instructions/pslld_xmm_imm8/instructions/pslld_xmm_imm8_18/pslld_xmm_imm8_18.s --functions /home/sdasgup3/Github/strata-data/data-regs/functions --testcases /home/sdasgup3/Github/strata-data/data-regs/testcases.tc --def_in "{ %xmm1 }" --live_out "{ %xmm1 }" 
Thread 13 start: pslld_xmm_imm8_19
/home/sdasgup3/TYLER/strata/stoke/./bin/stoke_check_circuit --target imm_instructions/pslld_xmm_imm8/instructions/pslld_xmm_imm8_19/pslld_xmm_imm8_19.s --functions /home/sdasgup3/Github/strata-data/data-regs/functions --testcases /home/sdasgup3/Github/strata-data/data-regs/testcases.tc --def_in "{ %xmm1 }" --live_out "{ %xmm1 }" 
Thread 14 start: pslld_xmm_imm8_20
/home/sdasgup3/TYLER/strata/stoke/./bin/stoke_check_circuit --target imm_instructions/pslld_xmm_imm8/instructions/pslld_xmm_imm8_20/pslld_xmm_imm8_20.s --functions /home/sdasgup3/Github/strata-data/data-regs/functions --testcases /home/sdasgup3/Github/strata-data/data-regs/testcases.tc --def_in "{ %xmm1 }" --live_out "{ %xmm1 }" 
Thread 15 start: pslld_xmm_imm8_21
/home/sdasgup3/TYLER/strata/stoke/./bin/stoke_check_circuit --target imm_instructions/pslld_xmm_imm8/instructions/pslld_xmm_imm8_21/pslld_xmm_imm8_21.s --functions /home/sdasgup3/Github/strata-data/data-regs/functions --testcases /home/sdasgup3/Github/strata-data/data-regs/testcases.tc --def_in "{ %xmm1 }" --live_out "{ %xmm1 }" 
Thread 16 start: pslld_xmm_imm8_22
/home/sdasgup3/TYLER/strata/stoke/./bin/stoke_check_circuit --target imm_instructions/pslld_xmm_imm8/instructions/pslld_xmm_imm8_22/pslld_xmm_imm8_22.s --functions /home/sdasgup3/Github/strata-data/data-regs/functions --testcases /home/sdasgup3/Github/strata-data/data-regs/testcases.tc --def_in "{ %xmm1 }" --live_out "{ %xmm1 }" 
Thread 17 start: pslld_xmm_imm8_23
/home/sdasgup3/TYLER/strata/stoke/./bin/stoke_check_circuit --target imm_instructions/pslld_xmm_imm8/instructions/pslld_xmm_imm8_23/pslld_xmm_imm8_23.s --functions /home/sdasgup3/Github/strata-data/data-regs/functions --testcases /home/sdasgup3/Github/strata-data/data-regs/testcases.tc --def_in "{ %xmm1 }" --live_out "{ %xmm1 }" 
Thread 18 start: pslld_xmm_imm8_24
/home/sdasgup3/TYLER/strata/stoke/./bin/stoke_check_circuit --target imm_instructions/pslld_xmm_imm8/instructions/pslld_xmm_imm8_24/pslld_xmm_imm8_24.s --functions /home/sdasgup3/Github/strata-data/data-regs/functions --testcases /home/sdasgup3/Github/strata-data/data-regs/testcases.tc --def_in "{ %xmm1 }" --live_out "{ %xmm1 }" 
Thread 19 start: pslld_xmm_imm8_25
/home/sdasgup3/TYLER/strata/stoke/./bin/stoke_check_circuit --target imm_instructions/pslld_xmm_imm8/instructions/pslld_xmm_imm8_25/pslld_xmm_imm8_25.s --functions /home/sdasgup3/Github/strata-data/data-regs/functions --testcases /home/sdasgup3/Github/strata-data/data-regs/testcases.tc --def_in "{ %xmm1 }" --live_out "{ %xmm1 }" 
Thread 20 start: pslld_xmm_imm8_26
/home/sdasgup3/TYLER/strata/stoke/./bin/stoke_check_circuit --target imm_instructions/pslld_xmm_imm8/instructions/pslld_xmm_imm8_26/pslld_xmm_imm8_26.s --functions /home/sdasgup3/Github/strata-data/data-regs/functions --testcases /home/sdasgup3/Github/strata-data/data-regs/testcases.tc --def_in "{ %xmm1 }" --live_out "{ %xmm1 }" 
Thread 21 start: pslld_xmm_imm8_27
/home/sdasgup3/TYLER/strata/stoke/./bin/stoke_check_circuit --target imm_instructions/pslld_xmm_imm8/instructions/pslld_xmm_imm8_27/pslld_xmm_imm8_27.s --functions /home/sdasgup3/Github/strata-data/data-regs/functions --testcases /home/sdasgup3/Github/strata-data/data-regs/testcases.tc --def_in "{ %xmm1 }" --live_out "{ %xmm1 }" 
Thread 22 start: pslld_xmm_imm8_28
/home/sdasgup3/TYLER/strata/stoke/./bin/stoke_check_circuit --target imm_instructions/pslld_xmm_imm8/instructions/pslld_xmm_imm8_28/pslld_xmm_imm8_28.s --functions /home/sdasgup3/Github/strata-data/data-regs/functions --testcases /home/sdasgup3/Github/strata-data/data-regs/testcases.tc --def_in "{ %xmm1 }" --live_out "{ %xmm1 }" 
Thread 23 start: pslld_xmm_imm8_29
/home/sdasgup3/TYLER/strata/stoke/./bin/stoke_check_circuit --target imm_instructions/pslld_xmm_imm8/instructions/pslld_xmm_imm8_29/pslld_xmm_imm8_29.s --functions /home/sdasgup3/Github/strata-data/data-regs/functions --testcases /home/sdasgup3/Github/strata-data/data-regs/testcases.tc --def_in "{ %xmm1 }" --live_out "{ %xmm1 }" 
Thread 24 start: pslld_xmm_imm8_30
/home/sdasgup3/TYLER/strata/stoke/./bin/stoke_check_circuit --target imm_instructions/pslld_xmm_imm8/instructions/pslld_xmm_imm8_30/pslld_xmm_imm8_30.s --functions /home/sdasgup3/Github/strata-data/data-regs/functions --testcases /home/sdasgup3/Github/strata-data/data-regs/testcases.tc --def_in "{ %xmm1 }" --live_out "{ %xmm1 }" 
Thread 25 start: pslld_xmm_imm8_31
/home/sdasgup3/TYLER/strata/stoke/./bin/stoke_check_circuit --target imm_instructions/pslld_xmm_imm8/instructions/pslld_xmm_imm8_31/pslld_xmm_imm8_31.s --functions /home/sdasgup3/Github/strata-data/data-regs/functions --testcases /home/sdasgup3/Github/strata-data/data-regs/testcases.tc --def_in "{ %xmm1 }" --live_out "{ %xmm1 }" 
Reading the Testsuit
Preparing Sandbox
Run 6630 tests
Collect Results
Build Handler
Check Equivalence
Completed 1000cases
Reading the Testsuit
Preparing Sandbox
Run 6630 tests
Collect Results
Build Handler
Check Equivalence
Completed 1000cases
Reading the Testsuit
Preparing Sandbox
Run 6630 tests
Collect Results
Build Handler
Check Equivalence
Completed 1000cases
Reading the Testsuit
Preparing Sandbox
Run 6630 tests
Collect Results
Build Handler
Check Equivalence
Completed 1000cases
Reading the Testsuit
Preparing Sandbox
Run 6630 tests
Collect Results
Build Handler
Check Equivalence
Completed 1000cases
Reading the Testsuit
Preparing Sandbox
Run 6630 tests
Collect Results
Build Handler
Check Equivalence
Completed 1000cases
Reading the Testsuit
Preparing Sandbox
Run 6630 tests
Collect Results
Build Handler
Check Equivalence
Completed 1000cases
Reading the Testsuit
Preparing Sandbox
Run 6630 tests
Collect Results
Build Handler
Check Equivalence
Completed 1000cases
Reading the Testsuit
Preparing Sandbox
Run 6630 tests
Collect Results
Build Handler
Check Equivalence
Completed 1000cases
Reading the Testsuit
Preparing Sandbox
Run 6630 tests
Collect Results
Build Handler
Check Equivalence
Completed 1000cases
Reading the Testsuit
Preparing Sandbox
Run 6630 tests
Collect Results
Build Handler
Check Equivalence
Completed 1000cases
Reading the Testsuit
Preparing Sandbox
Run 6630 tests
Collect Results
Build Handler
Check Equivalence
Completed 1000cases
Reading the Testsuit
Preparing Sandbox
Run 6630 tests
Collect Results
Build Handler
Check Equivalence
Completed 1000cases
Reading the Testsuit
Preparing Sandbox
Run 6630 tests
Collect Results
Build Handler
Check Equivalence
Completed 1000cases
Reading the Testsuit
Preparing Sandbox
Run 6630 tests
Collect Results
Build Handler
Check Equivalence
Completed 1000cases
Reading the Testsuit
Preparing Sandbox
Run 6630 tests
Collect Results
Build Handler
Check Equivalence
Completed 1000cases
Reading the Testsuit
Preparing Sandbox
Run 6630 tests
Collect Results
Build Handler
Check Equivalence
Completed 1000cases
Reading the Testsuit
Preparing Sandbox
Run 6630 tests
Collect Results
Build Handler
Check Equivalence
Completed 1000cases
Reading the Testsuit
Preparing Sandbox
Run 6630 tests
Collect Results
Build Handler
Check Equivalence
Completed 1000cases
Reading the Testsuit
Preparing Sandbox
Run 6630 tests
Collect Results
Build Handler
Check Equivalence
Completed 1000cases
Reading the Testsuit
Preparing Sandbox
Run 6630 tests
Collect Results
Build Handler
Check Equivalence
Completed 1000cases
Reading the Testsuit
Preparing Sandbox
Run 6630 tests
Collect Results
Build Handler
Check Equivalence
Completed 1000cases
Reading the Testsuit
Preparing Sandbox
Run 6630 tests
Collect Results
Build Handler
Check Equivalence
Completed 1000cases
Reading the Testsuit
Preparing Sandbox
Run 6630 tests
Collect Results
Build Handler
Check Equivalence
Completed 1000cases
Reading the Testsuit
Preparing Sandbox
Run 6630 tests
Collect Results
Build Handler
Check Equivalence
Completed 1000cases
Completed 2000cases
Completed 2000cases
Completed 2000cases
Completed 2000cases
Completed 2000cases
Completed 2000cases
Completed 2000cases
Completed 2000cases
Completed 2000cases
Completed 2000cases
Completed 2000cases
Completed 2000cases
Completed 2000cases
Completed 2000cases
Completed 2000cases
Completed 2000cases
Completed 2000cases
Completed 2000cases
Completed 2000cases
Completed 2000cases
Completed 2000cases
Completed 2000cases
Completed 2000cases
Completed 2000cases
Completed 2000cases
Completed 3000cases
Completed 3000cases
Completed 3000cases
Completed 3000cases
Completed 3000cases
Completed 3000cases
Completed 3000cases
Completed 3000cases
Completed 3000cases
Completed 3000cases
Completed 3000cases
Completed 3000cases
Completed 3000cases
Completed 3000cases
Completed 3000cases
Completed 3000cases
Completed 3000cases
Completed 3000cases
Completed 3000cases
Completed 3000cases
Completed 3000cases
Completed 3000cases
Completed 3000cases
Completed 3000cases
Completed 3000cases
Completed 4000cases
Completed 4000cases
Completed 4000cases
Completed 4000cases
Completed 4000cases
Completed 4000cases
Completed 4000cases
Completed 4000cases
Completed 4000cases
Completed 4000cases
Completed 4000cases
Completed 4000cases
Completed 4000cases
Completed 4000cases
Completed 4000cases
Completed 4000cases
Completed 4000cases
Completed 4000cases
Completed 4000cases
Completed 4000cases
Completed 4000cases
Completed 4000cases
Completed 4000cases
Completed 4000cases
Completed 4000cases
Completed 5000cases
Completed 5000cases
Completed 5000cases
Completed 5000cases
Completed 5000cases
Completed 5000cases
Completed 5000cases
Completed 5000cases
Completed 5000cases
Completed 5000cases
Completed 5000cases
Completed 5000cases
Completed 5000cases
Completed 5000cases
Completed 5000cases
Completed 5000cases
Completed 5000cases
Completed 5000cases
Completed 5000cases
Completed 5000cases
Completed 5000cases
Completed 5000cases
Completed 5000cases
Completed 5000cases
Completed 5000cases
Completed 6000cases
Completed 6000cases
Completed 6000cases
Completed 6000cases
Completed 6000cases
Completed 6000cases
Completed 6000cases
Completed 6000cases
Completed 6000cases
Completed 6000cases
Completed 6000cases
Completed 6000cases
Completed 6000cases
Completed 6000cases
Completed 6000cases
Completed 6000cases
Thread 19 done!: pslld_xmm_imm8_25
Completed 6000cases
Completed 6000cases
Thread 5 done!: pslld_xmm_imm8_11
Thread 2 done!: pslld_xmm_imm8_8
Thread 3 done!: pslld_xmm_imm8_9
Completed 6000cases
Completed 6000cases
Thread 11 done!: pslld_xmm_imm8_17
Thread 16 done!: pslld_xmm_imm8_22
Completed 6000cases
Completed 6000cases
Completed 6000cases
Thread 9 done!: pslld_xmm_imm8_15
Completed 6000cases
Thread 1 done!: pslld_xmm_imm8_7
Thread 20 done!: pslld_xmm_imm8_26
Thread 25 done!: pslld_xmm_imm8_31
Completed 6000cases
Thread 12 done!: pslld_xmm_imm8_18
Thread 14 done!: pslld_xmm_imm8_20
Thread 22 done!: pslld_xmm_imm8_28
Thread 6 done!: pslld_xmm_imm8_12
Thread 17 done!: pslld_xmm_imm8_23
Thread 10 done!: pslld_xmm_imm8_16
Thread 18 done!: pslld_xmm_imm8_24
Thread 8 done!: pslld_xmm_imm8_14
Thread 13 done!: pslld_xmm_imm8_19
Thread 4 done!: pslld_xmm_imm8_10
Thread 7 done!: pslld_xmm_imm8_13
Thread 21 done!: pslld_xmm_imm8_27
Thread 23 done!: pslld_xmm_imm8_29
Thread 15 done!: pslld_xmm_imm8_21
Thread 24 done!: pslld_xmm_imm8_30
