[4m[1m[34mFiring Last 24[0m
Thread 1 start: vpalignr_ymm_ymm_ymm_imm8_1
/home/sdasgup3/TYLER/strata/stoke/./bin/stoke_check_circuit --target imm_instructions/vpalignr_ymm_ymm_ymm_imm8/instructions/vpalignr_ymm_ymm_ymm_imm8_1/vpalignr_ymm_ymm_ymm_imm8_1.s --functions /home/sdasgup3/Github/strata-data/data-regs/functions --testcases /home/sdasgup3/Github/strata-data/data-regs/testcases.tc --def_in "{ %ymm2 %ymm3 }" --live_out "{ %ymm1 }" 
Thread 2 start: vpalignr_ymm_ymm_ymm_imm8_2
/home/sdasgup3/TYLER/strata/stoke/./bin/stoke_check_circuit --target imm_instructions/vpalignr_ymm_ymm_ymm_imm8/instructions/vpalignr_ymm_ymm_ymm_imm8_2/vpalignr_ymm_ymm_ymm_imm8_2.s --functions /home/sdasgup3/Github/strata-data/data-regs/functions --testcases /home/sdasgup3/Github/strata-data/data-regs/testcases.tc --def_in "{ %ymm2 %ymm3 }" --live_out "{ %ymm1 }" 
Thread 3 start: vpalignr_ymm_ymm_ymm_imm8_3
/home/sdasgup3/TYLER/strata/stoke/./bin/stoke_check_circuit --target imm_instructions/vpalignr_ymm_ymm_ymm_imm8/instructions/vpalignr_ymm_ymm_ymm_imm8_3/vpalignr_ymm_ymm_ymm_imm8_3.s --functions /home/sdasgup3/Github/strata-data/data-regs/functions --testcases /home/sdasgup3/Github/strata-data/data-regs/testcases.tc --def_in "{ %ymm2 %ymm3 }" --live_out "{ %ymm1 }" 
Thread 4 start: vpalignr_ymm_ymm_ymm_imm8_5
/home/sdasgup3/TYLER/strata/stoke/./bin/stoke_check_circuit --target imm_instructions/vpalignr_ymm_ymm_ymm_imm8/instructions/vpalignr_ymm_ymm_ymm_imm8_5/vpalignr_ymm_ymm_ymm_imm8_5.s --functions /home/sdasgup3/Github/strata-data/data-regs/functions --testcases /home/sdasgup3/Github/strata-data/data-regs/testcases.tc --def_in "{ %ymm2 %ymm3 }" --live_out "{ %ymm1 }" 
Thread 5 start: vpalignr_ymm_ymm_ymm_imm8_6
/home/sdasgup3/TYLER/strata/stoke/./bin/stoke_check_circuit --target imm_instructions/vpalignr_ymm_ymm_ymm_imm8/instructions/vpalignr_ymm_ymm_ymm_imm8_6/vpalignr_ymm_ymm_ymm_imm8_6.s --functions /home/sdasgup3/Github/strata-data/data-regs/functions --testcases /home/sdasgup3/Github/strata-data/data-regs/testcases.tc --def_in "{ %ymm2 %ymm3 }" --live_out "{ %ymm1 }" 
Thread 6 start: vpalignr_ymm_ymm_ymm_imm8_7
/home/sdasgup3/TYLER/strata/stoke/./bin/stoke_check_circuit --target imm_instructions/vpalignr_ymm_ymm_ymm_imm8/instructions/vpalignr_ymm_ymm_ymm_imm8_7/vpalignr_ymm_ymm_ymm_imm8_7.s --functions /home/sdasgup3/Github/strata-data/data-regs/functions --testcases /home/sdasgup3/Github/strata-data/data-regs/testcases.tc --def_in "{ %ymm2 %ymm3 }" --live_out "{ %ymm1 }" 
Thread 7 start: vpalignr_ymm_ymm_ymm_imm8_9
/home/sdasgup3/TYLER/strata/stoke/./bin/stoke_check_circuit --target imm_instructions/vpalignr_ymm_ymm_ymm_imm8/instructions/vpalignr_ymm_ymm_ymm_imm8_9/vpalignr_ymm_ymm_ymm_imm8_9.s --functions /home/sdasgup3/Github/strata-data/data-regs/functions --testcases /home/sdasgup3/Github/strata-data/data-regs/testcases.tc --def_in "{ %ymm2 %ymm3 }" --live_out "{ %ymm1 }" 
Thread 8 start: vpalignr_ymm_ymm_ymm_imm8_10
/home/sdasgup3/TYLER/strata/stoke/./bin/stoke_check_circuit --target imm_instructions/vpalignr_ymm_ymm_ymm_imm8/instructions/vpalignr_ymm_ymm_ymm_imm8_10/vpalignr_ymm_ymm_ymm_imm8_10.s --functions /home/sdasgup3/Github/strata-data/data-regs/functions --testcases /home/sdasgup3/Github/strata-data/data-regs/testcases.tc --def_in "{ %ymm2 %ymm3 }" --live_out "{ %ymm1 }" 
Thread 9 start: vpalignr_ymm_ymm_ymm_imm8_11
/home/sdasgup3/TYLER/strata/stoke/./bin/stoke_check_circuit --target imm_instructions/vpalignr_ymm_ymm_ymm_imm8/instructions/vpalignr_ymm_ymm_ymm_imm8_11/vpalignr_ymm_ymm_ymm_imm8_11.s --functions /home/sdasgup3/Github/strata-data/data-regs/functions --testcases /home/sdasgup3/Github/strata-data/data-regs/testcases.tc --def_in "{ %ymm2 %ymm3 }" --live_out "{ %ymm1 }" 
Thread 10 start: vpalignr_ymm_ymm_ymm_imm8_12
/home/sdasgup3/TYLER/strata/stoke/./bin/stoke_check_circuit --target imm_instructions/vpalignr_ymm_ymm_ymm_imm8/instructions/vpalignr_ymm_ymm_ymm_imm8_12/vpalignr_ymm_ymm_ymm_imm8_12.s --functions /home/sdasgup3/Github/strata-data/data-regs/functions --testcases /home/sdasgup3/Github/strata-data/data-regs/testcases.tc --def_in "{ %ymm2 %ymm3 }" --live_out "{ %ymm1 }" 
Thread 11 start: vpalignr_ymm_ymm_ymm_imm8_13
/home/sdasgup3/TYLER/strata/stoke/./bin/stoke_check_circuit --target imm_instructions/vpalignr_ymm_ymm_ymm_imm8/instructions/vpalignr_ymm_ymm_ymm_imm8_13/vpalignr_ymm_ymm_ymm_imm8_13.s --functions /home/sdasgup3/Github/strata-data/data-regs/functions --testcases /home/sdasgup3/Github/strata-data/data-regs/testcases.tc --def_in "{ %ymm2 %ymm3 }" --live_out "{ %ymm1 }" 
Thread 12 start: vpalignr_ymm_ymm_ymm_imm8_14
/home/sdasgup3/TYLER/strata/stoke/./bin/stoke_check_circuit --target imm_instructions/vpalignr_ymm_ymm_ymm_imm8/instructions/vpalignr_ymm_ymm_ymm_imm8_14/vpalignr_ymm_ymm_ymm_imm8_14.s --functions /home/sdasgup3/Github/strata-data/data-regs/functions --testcases /home/sdasgup3/Github/strata-data/data-regs/testcases.tc --def_in "{ %ymm2 %ymm3 }" --live_out "{ %ymm1 }" 
Thread 13 start: vpalignr_ymm_ymm_ymm_imm8_15
/home/sdasgup3/TYLER/strata/stoke/./bin/stoke_check_circuit --target imm_instructions/vpalignr_ymm_ymm_ymm_imm8/instructions/vpalignr_ymm_ymm_ymm_imm8_15/vpalignr_ymm_ymm_ymm_imm8_15.s --functions /home/sdasgup3/Github/strata-data/data-regs/functions --testcases /home/sdasgup3/Github/strata-data/data-regs/testcases.tc --def_in "{ %ymm2 %ymm3 }" --live_out "{ %ymm1 }" 
Thread 14 start: vpalignr_ymm_ymm_ymm_imm8_17
/home/sdasgup3/TYLER/strata/stoke/./bin/stoke_check_circuit --target imm_instructions/vpalignr_ymm_ymm_ymm_imm8/instructions/vpalignr_ymm_ymm_ymm_imm8_17/vpalignr_ymm_ymm_ymm_imm8_17.s --functions /home/sdasgup3/Github/strata-data/data-regs/functions --testcases /home/sdasgup3/Github/strata-data/data-regs/testcases.tc --def_in "{ %ymm2 %ymm3 }" --live_out "{ %ymm1 }" 
Thread 15 start: vpalignr_ymm_ymm_ymm_imm8_18
/home/sdasgup3/TYLER/strata/stoke/./bin/stoke_check_circuit --target imm_instructions/vpalignr_ymm_ymm_ymm_imm8/instructions/vpalignr_ymm_ymm_ymm_imm8_18/vpalignr_ymm_ymm_ymm_imm8_18.s --functions /home/sdasgup3/Github/strata-data/data-regs/functions --testcases /home/sdasgup3/Github/strata-data/data-regs/testcases.tc --def_in "{ %ymm2 %ymm3 }" --live_out "{ %ymm1 }" 
Thread 16 start: vpalignr_ymm_ymm_ymm_imm8_19
/home/sdasgup3/TYLER/strata/stoke/./bin/stoke_check_circuit --target imm_instructions/vpalignr_ymm_ymm_ymm_imm8/instructions/vpalignr_ymm_ymm_ymm_imm8_19/vpalignr_ymm_ymm_ymm_imm8_19.s --functions /home/sdasgup3/Github/strata-data/data-regs/functions --testcases /home/sdasgup3/Github/strata-data/data-regs/testcases.tc --def_in "{ %ymm2 %ymm3 }" --live_out "{ %ymm1 }" 
Thread 17 start: vpalignr_ymm_ymm_ymm_imm8_21
/home/sdasgup3/TYLER/strata/stoke/./bin/stoke_check_circuit --target imm_instructions/vpalignr_ymm_ymm_ymm_imm8/instructions/vpalignr_ymm_ymm_ymm_imm8_21/vpalignr_ymm_ymm_ymm_imm8_21.s --functions /home/sdasgup3/Github/strata-data/data-regs/functions --testcases /home/sdasgup3/Github/strata-data/data-regs/testcases.tc --def_in "{ %ymm2 %ymm3 }" --live_out "{ %ymm1 }" 
Thread 18 start: vpalignr_ymm_ymm_ymm_imm8_22
/home/sdasgup3/TYLER/strata/stoke/./bin/stoke_check_circuit --target imm_instructions/vpalignr_ymm_ymm_ymm_imm8/instructions/vpalignr_ymm_ymm_ymm_imm8_22/vpalignr_ymm_ymm_ymm_imm8_22.s --functions /home/sdasgup3/Github/strata-data/data-regs/functions --testcases /home/sdasgup3/Github/strata-data/data-regs/testcases.tc --def_in "{ %ymm2 %ymm3 }" --live_out "{ %ymm1 }" 
Thread 19 start: vpalignr_ymm_ymm_ymm_imm8_23
/home/sdasgup3/TYLER/strata/stoke/./bin/stoke_check_circuit --target imm_instructions/vpalignr_ymm_ymm_ymm_imm8/instructions/vpalignr_ymm_ymm_ymm_imm8_23/vpalignr_ymm_ymm_ymm_imm8_23.s --functions /home/sdasgup3/Github/strata-data/data-regs/functions --testcases /home/sdasgup3/Github/strata-data/data-regs/testcases.tc --def_in "{ %ymm2 %ymm3 }" --live_out "{ %ymm1 }" 
Thread 20 start: vpalignr_ymm_ymm_ymm_imm8_25
/home/sdasgup3/TYLER/strata/stoke/./bin/stoke_check_circuit --target imm_instructions/vpalignr_ymm_ymm_ymm_imm8/instructions/vpalignr_ymm_ymm_ymm_imm8_25/vpalignr_ymm_ymm_ymm_imm8_25.s --functions /home/sdasgup3/Github/strata-data/data-regs/functions --testcases /home/sdasgup3/Github/strata-data/data-regs/testcases.tc --def_in "{ %ymm2 %ymm3 }" --live_out "{ %ymm1 }" 
Thread 21 start: vpalignr_ymm_ymm_ymm_imm8_26
/home/sdasgup3/TYLER/strata/stoke/./bin/stoke_check_circuit --target imm_instructions/vpalignr_ymm_ymm_ymm_imm8/instructions/vpalignr_ymm_ymm_ymm_imm8_26/vpalignr_ymm_ymm_ymm_imm8_26.s --functions /home/sdasgup3/Github/strata-data/data-regs/functions --testcases /home/sdasgup3/Github/strata-data/data-regs/testcases.tc --def_in "{ %ymm2 %ymm3 }" --live_out "{ %ymm1 }" 
Thread 22 start: vpalignr_ymm_ymm_ymm_imm8_27
/home/sdasgup3/TYLER/strata/stoke/./bin/stoke_check_circuit --target imm_instructions/vpalignr_ymm_ymm_ymm_imm8/instructions/vpalignr_ymm_ymm_ymm_imm8_27/vpalignr_ymm_ymm_ymm_imm8_27.s --functions /home/sdasgup3/Github/strata-data/data-regs/functions --testcases /home/sdasgup3/Github/strata-data/data-regs/testcases.tc --def_in "{ %ymm2 %ymm3 }" --live_out "{ %ymm1 }" 
Thread 23 start: vpalignr_ymm_ymm_ymm_imm8_29
/home/sdasgup3/TYLER/strata/stoke/./bin/stoke_check_circuit --target imm_instructions/vpalignr_ymm_ymm_ymm_imm8/instructions/vpalignr_ymm_ymm_ymm_imm8_29/vpalignr_ymm_ymm_ymm_imm8_29.s --functions /home/sdasgup3/Github/strata-data/data-regs/functions --testcases /home/sdasgup3/Github/strata-data/data-regs/testcases.tc --def_in "{ %ymm2 %ymm3 }" --live_out "{ %ymm1 }" 
Thread 24 start: vpalignr_ymm_ymm_ymm_imm8_30
/home/sdasgup3/TYLER/strata/stoke/./bin/stoke_check_circuit --target imm_instructions/vpalignr_ymm_ymm_ymm_imm8/instructions/vpalignr_ymm_ymm_ymm_imm8_30/vpalignr_ymm_ymm_ymm_imm8_30.s --functions /home/sdasgup3/Github/strata-data/data-regs/functions --testcases /home/sdasgup3/Github/strata-data/data-regs/testcases.tc --def_in "{ %ymm2 %ymm3 }" --live_out "{ %ymm1 }" 
Reading the Testsuit
Preparing Sandbox
Run 6630 tests
Collect Results
Build Handler
Check Equivalence
Completed 1000cases
Reading the Testsuit
Preparing Sandbox
Run 6630 tests
Collect Results
Build Handler
Check Equivalence
Completed 1000cases
Reading the Testsuit
Preparing Sandbox
Run 6630 tests
Collect Results
Build Handler
Check Equivalence
Completed 1000cases
Reading the Testsuit
Preparing Sandbox
Run 6630 tests
Collect Results
Build Handler
Check Equivalence
Completed 1000cases
Reading the Testsuit
Preparing Sandbox
Run 6630 tests
Collect Results
Build Handler
Check Equivalence
Completed 1000cases
Reading the Testsuit
Preparing Sandbox
Run 6630 tests
Collect Results
Build Handler
Check Equivalence
Completed 1000cases
Reading the Testsuit
Preparing Sandbox
Run 6630 tests
Collect Results
Build Handler
Check Equivalence
Completed 1000cases
Reading the Testsuit
Preparing Sandbox
Run 6630 tests
Collect Results
Build Handler
Check Equivalence
Completed 1000cases
Reading the Testsuit
Preparing Sandbox
Run 6630 tests
Collect Results
Build Handler
Check Equivalence
Completed 1000cases
Reading the Testsuit
Preparing Sandbox
Run 6630 tests
Collect Results
Build Handler
Check Equivalence
Completed 1000cases
Reading the Testsuit
Preparing Sandbox
Run 6630 tests
Collect Results
Build Handler
Check Equivalence
Completed 1000cases
Reading the Testsuit
Preparing Sandbox
Run 6630 tests
Collect Results
Build Handler
Check Equivalence
Completed 1000cases
Reading the Testsuit
Preparing Sandbox
Run 6630 tests
Collect Results
Build Handler
Check Equivalence
Completed 1000cases
Reading the Testsuit
Preparing Sandbox
Run 6630 tests
Collect Results
Build Handler
Check Equivalence
Completed 1000cases
Reading the Testsuit
Preparing Sandbox
Run 6630 tests
Collect Results
Build Handler
Check Equivalence
Completed 1000cases
Reading the Testsuit
Preparing Sandbox
Run 6630 tests
Collect Results
Build Handler
Check Equivalence
Completed 1000cases
Reading the Testsuit
Preparing Sandbox
Run 6630 tests
Collect Results
Build Handler
Check Equivalence
Completed 1000cases
Reading the Testsuit
Preparing Sandbox
Run 6630 tests
Collect Results
Build Handler
Check Equivalence
Completed 1000cases
Reading the Testsuit
Preparing Sandbox
Run 6630 tests
Collect Results
Build Handler
Check Equivalence
Completed 1000cases
Reading the Testsuit
Preparing Sandbox
Run 6630 tests
Collect Results
Build Handler
Check Equivalence
Completed 1000cases
Reading the Testsuit
Preparing Sandbox
Run 6630 tests
Collect Results
Build Handler
Check Equivalence
Completed 1000cases
Reading the Testsuit
Preparing Sandbox
Run 6630 tests
Collect Results
Build Handler
Check Equivalence
Completed 1000cases
Reading the Testsuit
Preparing Sandbox
Run 6630 tests
Collect Results
Build Handler
Check Equivalence
Completed 1000cases
Reading the Testsuit
Preparing Sandbox
Run 6630 tests
Collect Results
Build Handler
Check Equivalence
Completed 1000cases
Completed 2000cases
Completed 2000cases
Completed 2000cases
Completed 2000cases
Completed 2000cases
Completed 2000cases
Completed 2000cases
Completed 2000cases
Completed 2000cases
Completed 2000cases
Completed 2000cases
Completed 2000cases
Completed 2000cases
Completed 2000cases
Completed 2000cases
Completed 2000cases
Completed 2000cases
Completed 2000cases
Completed 2000cases
Completed 2000cases
Completed 2000cases
Completed 2000cases
Completed 2000cases
Completed 2000cases
Completed 3000cases
Completed 3000cases
Completed 3000cases
Completed 3000cases
Completed 3000cases
Completed 3000cases
Completed 3000cases
Completed 3000cases
Completed 3000cases
Completed 3000cases
Completed 3000cases
Completed 3000cases
Completed 3000cases
Completed 3000cases
Completed 3000cases
Completed 3000cases
Completed 3000cases
Completed 3000cases
Completed 3000cases
Completed 3000cases
Completed 3000cases
Completed 3000cases
Completed 3000cases
Completed 3000cases
Completed 4000cases
Completed 4000cases
Completed 4000cases
Completed 4000cases
Completed 4000cases
Completed 4000cases
Completed 4000cases
Completed 4000cases
Completed 4000cases
Completed 4000cases
Completed 4000cases
Completed 4000cases
Completed 4000cases
Completed 4000cases
Completed 4000cases
Completed 4000cases
Completed 4000cases
Completed 4000cases
Completed 4000cases
Completed 4000cases
Completed 4000cases
Completed 4000cases
Completed 4000cases
Completed 4000cases
Completed 5000cases
Completed 5000cases
Completed 5000cases
Completed 5000cases
Completed 5000cases
Completed 5000cases
Completed 5000cases
Completed 5000cases
Completed 5000cases
Completed 5000cases
Completed 5000cases
Completed 5000cases
Completed 5000cases
Completed 5000cases
Completed 5000cases
Completed 5000cases
Completed 5000cases
Completed 5000cases
Completed 5000cases
Completed 5000cases
Completed 5000cases
Completed 5000cases
Completed 5000cases
Completed 5000cases
Completed 6000cases
Completed 6000cases
Completed 6000cases
Completed 6000cases
Completed 6000cases
Completed 6000cases
Completed 6000cases
Completed 6000cases
Completed 6000cases
Completed 6000cases
Completed 6000cases
Completed 6000cases
Completed 6000cases
Completed 6000cases
Completed 6000cases
Completed 6000cases
Thread 8 done!: vpalignr_ymm_ymm_ymm_imm8_10
Completed 6000cases
Thread 16 done!: vpalignr_ymm_ymm_ymm_imm8_19
Completed 6000cases
Completed 6000cases
Thread 13 done!: vpalignr_ymm_ymm_ymm_imm8_15
Completed 6000cases
Completed 6000cases
Completed 6000cases
Thread 11 done!: vpalignr_ymm_ymm_ymm_imm8_13
Thread 12 done!: vpalignr_ymm_ymm_ymm_imm8_14
Completed 6000cases
Thread 24 done!: vpalignr_ymm_ymm_ymm_imm8_30
Thread 5 done!: vpalignr_ymm_ymm_ymm_imm8_6
Completed 6000cases
Thread 14 done!: vpalignr_ymm_ymm_ymm_imm8_17
Thread 9 done!: vpalignr_ymm_ymm_ymm_imm8_11
Thread 7 done!: vpalignr_ymm_ymm_ymm_imm8_9
Thread 2 done!: vpalignr_ymm_ymm_ymm_imm8_2
Thread 20 done!: vpalignr_ymm_ymm_ymm_imm8_25
Thread 17 done!: vpalignr_ymm_ymm_ymm_imm8_21
Thread 23 done!: vpalignr_ymm_ymm_ymm_imm8_29
Thread 4 done!: vpalignr_ymm_ymm_ymm_imm8_5
Thread 15 done!: vpalignr_ymm_ymm_ymm_imm8_18
Thread 3 done!: vpalignr_ymm_ymm_ymm_imm8_3
Thread 21 done!: vpalignr_ymm_ymm_ymm_imm8_26
Thread 6 done!: vpalignr_ymm_ymm_ymm_imm8_7
Thread 10 done!: vpalignr_ymm_ymm_ymm_imm8_12
Thread 19 done!: vpalignr_ymm_ymm_ymm_imm8_23
Thread 18 done!: vpalignr_ymm_ymm_ymm_imm8_22
Thread 22 done!: vpalignr_ymm_ymm_ymm_imm8_27
Thread 1 done!: vpalignr_ymm_ymm_ymm_imm8_1
