/home/sdasgup3/Github/strata/stoke/bin/specgen compare --circuit_dir /home/sdasgup3/Github/strata-data/circuits --opcode vpblendw_xmm_xmm_xmm_imm8_0 
Equivalent.
/home/sdasgup3/Github/strata/stoke/bin/specgen compare --circuit_dir /home/sdasgup3/Github/strata-data/circuits --opcode vpblendw_xmm_xmm_xmm_imm8_1 
Equivalent.
/home/sdasgup3/Github/strata/stoke/bin/specgen compare --circuit_dir /home/sdasgup3/Github/strata-data/circuits --opcode vpblendw_xmm_xmm_xmm_imm8_2 
strata does not support 'vpblendw $0x2, %xmm3, %xmm2, %xmm1'.
/home/sdasgup3/Github/strata/stoke/bin/specgen compare --circuit_dir /home/sdasgup3/Github/strata-data/circuits --opcode vpblendw_xmm_xmm_xmm_imm8_3 
Equivalent.
/home/sdasgup3/Github/strata/stoke/bin/specgen compare --circuit_dir /home/sdasgup3/Github/strata-data/circuits --opcode vpblendw_xmm_xmm_xmm_imm8_4 
strata does not support 'vpblendw $0x4, %xmm3, %xmm2, %xmm1'.
/home/sdasgup3/Github/strata/stoke/bin/specgen compare --circuit_dir /home/sdasgup3/Github/strata-data/circuits --opcode vpblendw_xmm_xmm_xmm_imm8_5 
strata does not support 'vpblendw $0x5, %xmm3, %xmm2, %xmm1'.
/home/sdasgup3/Github/strata/stoke/bin/specgen compare --circuit_dir /home/sdasgup3/Github/strata-data/circuits --opcode vpblendw_xmm_xmm_xmm_imm8_6 
strata does not support 'vpblendw $0x6, %xmm3, %xmm2, %xmm1'.
/home/sdasgup3/Github/strata/stoke/bin/specgen compare --circuit_dir /home/sdasgup3/Github/strata-data/circuits --opcode vpblendw_xmm_xmm_xmm_imm8_7 
strata does not support 'vpblendw $0x7, %xmm3, %xmm2, %xmm1'.
/home/sdasgup3/Github/strata/stoke/bin/specgen compare --circuit_dir /home/sdasgup3/Github/strata-data/circuits --opcode vpblendw_xmm_xmm_xmm_imm8_8 
strata does not support 'vpblendw $0x8, %xmm3, %xmm2, %xmm1'.
/home/sdasgup3/Github/strata/stoke/bin/specgen compare --circuit_dir /home/sdasgup3/Github/strata-data/circuits --opcode vpblendw_xmm_xmm_xmm_imm8_9 
strata does not support 'vpblendw $0x9, %xmm3, %xmm2, %xmm1'.
/home/sdasgup3/Github/strata/stoke/bin/specgen compare --circuit_dir /home/sdasgup3/Github/strata-data/circuits --opcode vpblendw_xmm_xmm_xmm_imm8_10 
strata does not support 'vpblendw $0xa, %xmm3, %xmm2, %xmm1'.
/home/sdasgup3/Github/strata/stoke/bin/specgen compare --circuit_dir /home/sdasgup3/Github/strata-data/circuits --opcode vpblendw_xmm_xmm_xmm_imm8_11 
strata does not support 'vpblendw $0xb, %xmm3, %xmm2, %xmm1'.
/home/sdasgup3/Github/strata/stoke/bin/specgen compare --circuit_dir /home/sdasgup3/Github/strata-data/circuits --opcode vpblendw_xmm_xmm_xmm_imm8_12 
Equivalent.
/home/sdasgup3/Github/strata/stoke/bin/specgen compare --circuit_dir /home/sdasgup3/Github/strata-data/circuits --opcode vpblendw_xmm_xmm_xmm_imm8_13 
strata does not support 'vpblendw $0xd, %xmm3, %xmm2, %xmm1'.
/home/sdasgup3/Github/strata/stoke/bin/specgen compare --circuit_dir /home/sdasgup3/Github/strata-data/circuits --opcode vpblendw_xmm_xmm_xmm_imm8_14 
Equivalent.
/home/sdasgup3/Github/strata/stoke/bin/specgen compare --circuit_dir /home/sdasgup3/Github/strata-data/circuits --opcode vpblendw_xmm_xmm_xmm_imm8_15 
Equivalent.
/home/sdasgup3/Github/strata/stoke/bin/specgen compare --circuit_dir /home/sdasgup3/Github/strata-data/circuits --opcode vpblendw_xmm_xmm_xmm_imm8_16 
Equivalent.
/home/sdasgup3/Github/strata/stoke/bin/specgen compare --circuit_dir /home/sdasgup3/Github/strata-data/circuits --opcode vpblendw_xmm_xmm_xmm_imm8_17 
Equivalent.
/home/sdasgup3/Github/strata/stoke/bin/specgen compare --circuit_dir /home/sdasgup3/Github/strata-data/circuits --opcode vpblendw_xmm_xmm_xmm_imm8_18 
strata does not support 'vpblendw $0x12, %xmm3, %xmm2, %xmm1'.
/home/sdasgup3/Github/strata/stoke/bin/specgen compare --circuit_dir /home/sdasgup3/Github/strata-data/circuits --opcode vpblendw_xmm_xmm_xmm_imm8_19 
Equivalent.
/home/sdasgup3/Github/strata/stoke/bin/specgen compare --circuit_dir /home/sdasgup3/Github/strata-data/circuits --opcode vpblendw_xmm_xmm_xmm_imm8_20 
strata does not support 'vpblendw $0x14, %xmm3, %xmm2, %xmm1'.
/home/sdasgup3/Github/strata/stoke/bin/specgen compare --circuit_dir /home/sdasgup3/Github/strata-data/circuits --opcode vpblendw_xmm_xmm_xmm_imm8_21 
strata does not support 'vpblendw $0x15, %xmm3, %xmm2, %xmm1'.
/home/sdasgup3/Github/strata/stoke/bin/specgen compare --circuit_dir /home/sdasgup3/Github/strata-data/circuits --opcode vpblendw_xmm_xmm_xmm_imm8_22 
strata does not support 'vpblendw $0x16, %xmm3, %xmm2, %xmm1'.
/home/sdasgup3/Github/strata/stoke/bin/specgen compare --circuit_dir /home/sdasgup3/Github/strata-data/circuits --opcode vpblendw_xmm_xmm_xmm_imm8_23 
strata does not support 'vpblendw $0x17, %xmm3, %xmm2, %xmm1'.
/home/sdasgup3/Github/strata/stoke/bin/specgen compare --circuit_dir /home/sdasgup3/Github/strata-data/circuits --opcode vpblendw_xmm_xmm_xmm_imm8_24 
strata does not support 'vpblendw $0x18, %xmm3, %xmm2, %xmm1'.
/home/sdasgup3/Github/strata/stoke/bin/specgen compare --circuit_dir /home/sdasgup3/Github/strata-data/circuits --opcode vpblendw_xmm_xmm_xmm_imm8_25 
strata does not support 'vpblendw $0x19, %xmm3, %xmm2, %xmm1'.
/home/sdasgup3/Github/strata/stoke/bin/specgen compare --circuit_dir /home/sdasgup3/Github/strata-data/circuits --opcode vpblendw_xmm_xmm_xmm_imm8_26 
strata does not support 'vpblendw $0x1a, %xmm3, %xmm2, %xmm1'.
/home/sdasgup3/Github/strata/stoke/bin/specgen compare --circuit_dir /home/sdasgup3/Github/strata-data/circuits --opcode vpblendw_xmm_xmm_xmm_imm8_27 
strata does not support 'vpblendw $0x1b, %xmm3, %xmm2, %xmm1'.
/home/sdasgup3/Github/strata/stoke/bin/specgen compare --circuit_dir /home/sdasgup3/Github/strata-data/circuits --opcode vpblendw_xmm_xmm_xmm_imm8_28 
strata does not support 'vpblendw $0x1c, %xmm3, %xmm2, %xmm1'.
/home/sdasgup3/Github/strata/stoke/bin/specgen compare --circuit_dir /home/sdasgup3/Github/strata-data/circuits --opcode vpblendw_xmm_xmm_xmm_imm8_29 
strata does not support 'vpblendw $0x1d, %xmm3, %xmm2, %xmm1'.
/home/sdasgup3/Github/strata/stoke/bin/specgen compare --circuit_dir /home/sdasgup3/Github/strata-data/circuits --opcode vpblendw_xmm_xmm_xmm_imm8_30 
strata does not support 'vpblendw $0x1e, %xmm3, %xmm2, %xmm1'.
/home/sdasgup3/Github/strata/stoke/bin/specgen compare --circuit_dir /home/sdasgup3/Github/strata-data/circuits --opcode vpblendw_xmm_xmm_xmm_imm8_31 
Equivalent.
/home/sdasgup3/Github/strata/stoke/bin/specgen compare --circuit_dir /home/sdasgup3/Github/strata-data/circuits --opcode vpblendw_xmm_xmm_xmm_imm8_32 
strata does not support 'vpblendw $0x20, %xmm3, %xmm2, %xmm1'.
/home/sdasgup3/Github/strata/stoke/bin/specgen compare --circuit_dir /home/sdasgup3/Github/strata-data/circuits --opcode vpblendw_xmm_xmm_xmm_imm8_33 
strata does not support 'vpblendw $0x21, %xmm3, %xmm2, %xmm1'.
/home/sdasgup3/Github/strata/stoke/bin/specgen compare --circuit_dir /home/sdasgup3/Github/strata-data/circuits --opcode vpblendw_xmm_xmm_xmm_imm8_34 
strata does not support 'vpblendw $0x22, %xmm3, %xmm2, %xmm1'.
/home/sdasgup3/Github/strata/stoke/bin/specgen compare --circuit_dir /home/sdasgup3/Github/strata-data/circuits --opcode vpblendw_xmm_xmm_xmm_imm8_35 
strata does not support 'vpblendw $0x23, %xmm3, %xmm2, %xmm1'.
/home/sdasgup3/Github/strata/stoke/bin/specgen compare --circuit_dir /home/sdasgup3/Github/strata-data/circuits --opcode vpblendw_xmm_xmm_xmm_imm8_36 
strata does not support 'vpblendw $0x24, %xmm3, %xmm2, %xmm1'.
/home/sdasgup3/Github/strata/stoke/bin/specgen compare --circuit_dir /home/sdasgup3/Github/strata-data/circuits --opcode vpblendw_xmm_xmm_xmm_imm8_37 
strata does not support 'vpblendw $0x25, %xmm3, %xmm2, %xmm1'.
/home/sdasgup3/Github/strata/stoke/bin/specgen compare --circuit_dir /home/sdasgup3/Github/strata-data/circuits --opcode vpblendw_xmm_xmm_xmm_imm8_38 
strata does not support 'vpblendw $0x26, %xmm3, %xmm2, %xmm1'.
/home/sdasgup3/Github/strata/stoke/bin/specgen compare --circuit_dir /home/sdasgup3/Github/strata-data/circuits --opcode vpblendw_xmm_xmm_xmm_imm8_39 
strata does not support 'vpblendw $0x27, %xmm3, %xmm2, %xmm1'.
/home/sdasgup3/Github/strata/stoke/bin/specgen compare --circuit_dir /home/sdasgup3/Github/strata-data/circuits --opcode vpblendw_xmm_xmm_xmm_imm8_40 
strata does not support 'vpblendw $0x28, %xmm3, %xmm2, %xmm1'.
/home/sdasgup3/Github/strata/stoke/bin/specgen compare --circuit_dir /home/sdasgup3/Github/strata-data/circuits --opcode vpblendw_xmm_xmm_xmm_imm8_41 
strata does not support 'vpblendw $0x29, %xmm3, %xmm2, %xmm1'.
/home/sdasgup3/Github/strata/stoke/bin/specgen compare --circuit_dir /home/sdasgup3/Github/strata-data/circuits --opcode vpblendw_xmm_xmm_xmm_imm8_42 
strata does not support 'vpblendw $0x2a, %xmm3, %xmm2, %xmm1'.
/home/sdasgup3/Github/strata/stoke/bin/specgen compare --circuit_dir /home/sdasgup3/Github/strata-data/circuits --opcode vpblendw_xmm_xmm_xmm_imm8_43 
strata does not support 'vpblendw $0x2b, %xmm3, %xmm2, %xmm1'.
/home/sdasgup3/Github/strata/stoke/bin/specgen compare --circuit_dir /home/sdasgup3/Github/strata-data/circuits --opcode vpblendw_xmm_xmm_xmm_imm8_44 
strata does not support 'vpblendw $0x2c, %xmm3, %xmm2, %xmm1'.
/home/sdasgup3/Github/strata/stoke/bin/specgen compare --circuit_dir /home/sdasgup3/Github/strata-data/circuits --opcode vpblendw_xmm_xmm_xmm_imm8_45 
strata does not support 'vpblendw $0x2d, %xmm3, %xmm2, %xmm1'.
/home/sdasgup3/Github/strata/stoke/bin/specgen compare --circuit_dir /home/sdasgup3/Github/strata-data/circuits --opcode vpblendw_xmm_xmm_xmm_imm8_46 
strata does not support 'vpblendw $0x2e, %xmm3, %xmm2, %xmm1'.
/home/sdasgup3/Github/strata/stoke/bin/specgen compare --circuit_dir /home/sdasgup3/Github/strata-data/circuits --opcode vpblendw_xmm_xmm_xmm_imm8_47 
strata does not support 'vpblendw $0x2f, %xmm3, %xmm2, %xmm1'.
/home/sdasgup3/Github/strata/stoke/bin/specgen compare --circuit_dir /home/sdasgup3/Github/strata-data/circuits --opcode vpblendw_xmm_xmm_xmm_imm8_48 
Equivalent.
/home/sdasgup3/Github/strata/stoke/bin/specgen compare --circuit_dir /home/sdasgup3/Github/strata-data/circuits --opcode vpblendw_xmm_xmm_xmm_imm8_49 
strata does not support 'vpblendw $0x31, %xmm3, %xmm2, %xmm1'.
/home/sdasgup3/Github/strata/stoke/bin/specgen compare --circuit_dir /home/sdasgup3/Github/strata-data/circuits --opcode vpblendw_xmm_xmm_xmm_imm8_50 
strata does not support 'vpblendw $0x32, %xmm3, %xmm2, %xmm1'.
/home/sdasgup3/Github/strata/stoke/bin/specgen compare --circuit_dir /home/sdasgup3/Github/strata-data/circuits --opcode vpblendw_xmm_xmm_xmm_imm8_51 
strata does not support 'vpblendw $0x33, %xmm3, %xmm2, %xmm1'.
/home/sdasgup3/Github/strata/stoke/bin/specgen compare --circuit_dir /home/sdasgup3/Github/strata-data/circuits --opcode vpblendw_xmm_xmm_xmm_imm8_52 
strata does not support 'vpblendw $0x34, %xmm3, %xmm2, %xmm1'.
/home/sdasgup3/Github/strata/stoke/bin/specgen compare --circuit_dir /home/sdasgup3/Github/strata-data/circuits --opcode vpblendw_xmm_xmm_xmm_imm8_53 
strata does not support 'vpblendw $0x35, %xmm3, %xmm2, %xmm1'.
/home/sdasgup3/Github/strata/stoke/bin/specgen compare --circuit_dir /home/sdasgup3/Github/strata-data/circuits --opcode vpblendw_xmm_xmm_xmm_imm8_54 
strata does not support 'vpblendw $0x36, %xmm3, %xmm2, %xmm1'.
/home/sdasgup3/Github/strata/stoke/bin/specgen compare --circuit_dir /home/sdasgup3/Github/strata-data/circuits --opcode vpblendw_xmm_xmm_xmm_imm8_55 
strata does not support 'vpblendw $0x37, %xmm3, %xmm2, %xmm1'.
/home/sdasgup3/Github/strata/stoke/bin/specgen compare --circuit_dir /home/sdasgup3/Github/strata-data/circuits --opcode vpblendw_xmm_xmm_xmm_imm8_56 
strata does not support 'vpblendw $0x38, %xmm3, %xmm2, %xmm1'.
/home/sdasgup3/Github/strata/stoke/bin/specgen compare --circuit_dir /home/sdasgup3/Github/strata-data/circuits --opcode vpblendw_xmm_xmm_xmm_imm8_57 
strata does not support 'vpblendw $0x39, %xmm3, %xmm2, %xmm1'.
/home/sdasgup3/Github/strata/stoke/bin/specgen compare --circuit_dir /home/sdasgup3/Github/strata-data/circuits --opcode vpblendw_xmm_xmm_xmm_imm8_58 
strata does not support 'vpblendw $0x3a, %xmm3, %xmm2, %xmm1'.
/home/sdasgup3/Github/strata/stoke/bin/specgen compare --circuit_dir /home/sdasgup3/Github/strata-data/circuits --opcode vpblendw_xmm_xmm_xmm_imm8_59 
strata does not support 'vpblendw $0x3b, %xmm3, %xmm2, %xmm1'.
/home/sdasgup3/Github/strata/stoke/bin/specgen compare --circuit_dir /home/sdasgup3/Github/strata-data/circuits --opcode vpblendw_xmm_xmm_xmm_imm8_60 
strata does not support 'vpblendw $0x3c, %xmm3, %xmm2, %xmm1'.
/home/sdasgup3/Github/strata/stoke/bin/specgen compare --circuit_dir /home/sdasgup3/Github/strata-data/circuits --opcode vpblendw_xmm_xmm_xmm_imm8_61 
strata does not support 'vpblendw $0x3d, %xmm3, %xmm2, %xmm1'.
/home/sdasgup3/Github/strata/stoke/bin/specgen compare --circuit_dir /home/sdasgup3/Github/strata-data/circuits --opcode vpblendw_xmm_xmm_xmm_imm8_62 
strata does not support 'vpblendw $0x3e, %xmm3, %xmm2, %xmm1'.
/home/sdasgup3/Github/strata/stoke/bin/specgen compare --circuit_dir /home/sdasgup3/Github/strata-data/circuits --opcode vpblendw_xmm_xmm_xmm_imm8_63 
Equivalent.
/home/sdasgup3/Github/strata/stoke/bin/specgen compare --circuit_dir /home/sdasgup3/Github/strata-data/circuits --opcode vpblendw_xmm_xmm_xmm_imm8_64 
strata does not support 'vpblendw $0x40, %xmm3, %xmm2, %xmm1'.
/home/sdasgup3/Github/strata/stoke/bin/specgen compare --circuit_dir /home/sdasgup3/Github/strata-data/circuits --opcode vpblendw_xmm_xmm_xmm_imm8_65 
strata does not support 'vpblendw $0x41, %xmm3, %xmm2, %xmm1'.
/home/sdasgup3/Github/strata/stoke/bin/specgen compare --circuit_dir /home/sdasgup3/Github/strata-data/circuits --opcode vpblendw_xmm_xmm_xmm_imm8_66 
strata does not support 'vpblendw $0x42, %xmm3, %xmm2, %xmm1'.
/home/sdasgup3/Github/strata/stoke/bin/specgen compare --circuit_dir /home/sdasgup3/Github/strata-data/circuits --opcode vpblendw_xmm_xmm_xmm_imm8_67 
strata does not support 'vpblendw $0x43, %xmm3, %xmm2, %xmm1'.
/home/sdasgup3/Github/strata/stoke/bin/specgen compare --circuit_dir /home/sdasgup3/Github/strata-data/circuits --opcode vpblendw_xmm_xmm_xmm_imm8_68 
strata does not support 'vpblendw $0x44, %xmm3, %xmm2, %xmm1'.
/home/sdasgup3/Github/strata/stoke/bin/specgen compare --circuit_dir /home/sdasgup3/Github/strata-data/circuits --opcode vpblendw_xmm_xmm_xmm_imm8_69 
strata does not support 'vpblendw $0x45, %xmm3, %xmm2, %xmm1'.
/home/sdasgup3/Github/strata/stoke/bin/specgen compare --circuit_dir /home/sdasgup3/Github/strata-data/circuits --opcode vpblendw_xmm_xmm_xmm_imm8_70 
strata does not support 'vpblendw $0x46, %xmm3, %xmm2, %xmm1'.
/home/sdasgup3/Github/strata/stoke/bin/specgen compare --circuit_dir /home/sdasgup3/Github/strata-data/circuits --opcode vpblendw_xmm_xmm_xmm_imm8_71 
strata does not support 'vpblendw $0x47, %xmm3, %xmm2, %xmm1'.
/home/sdasgup3/Github/strata/stoke/bin/specgen compare --circuit_dir /home/sdasgup3/Github/strata-data/circuits --opcode vpblendw_xmm_xmm_xmm_imm8_72 
strata does not support 'vpblendw $0x48, %xmm3, %xmm2, %xmm1'.
/home/sdasgup3/Github/strata/stoke/bin/specgen compare --circuit_dir /home/sdasgup3/Github/strata-data/circuits --opcode vpblendw_xmm_xmm_xmm_imm8_73 
strata does not support 'vpblendw $0x49, %xmm3, %xmm2, %xmm1'.
/home/sdasgup3/Github/strata/stoke/bin/specgen compare --circuit_dir /home/sdasgup3/Github/strata-data/circuits --opcode vpblendw_xmm_xmm_xmm_imm8_74 
strata does not support 'vpblendw $0x4a, %xmm3, %xmm2, %xmm1'.
/home/sdasgup3/Github/strata/stoke/bin/specgen compare --circuit_dir /home/sdasgup3/Github/strata-data/circuits --opcode vpblendw_xmm_xmm_xmm_imm8_75 
strata does not support 'vpblendw $0x4b, %xmm3, %xmm2, %xmm1'.
/home/sdasgup3/Github/strata/stoke/bin/specgen compare --circuit_dir /home/sdasgup3/Github/strata-data/circuits --opcode vpblendw_xmm_xmm_xmm_imm8_76 
strata does not support 'vpblendw $0x4c, %xmm3, %xmm2, %xmm1'.
/home/sdasgup3/Github/strata/stoke/bin/specgen compare --circuit_dir /home/sdasgup3/Github/strata-data/circuits --opcode vpblendw_xmm_xmm_xmm_imm8_77 
strata does not support 'vpblendw $0x4d, %xmm3, %xmm2, %xmm1'.
/home/sdasgup3/Github/strata/stoke/bin/specgen compare --circuit_dir /home/sdasgup3/Github/strata-data/circuits --opcode vpblendw_xmm_xmm_xmm_imm8_78 
strata does not support 'vpblendw $0x4e, %xmm3, %xmm2, %xmm1'.
/home/sdasgup3/Github/strata/stoke/bin/specgen compare --circuit_dir /home/sdasgup3/Github/strata-data/circuits --opcode vpblendw_xmm_xmm_xmm_imm8_79 
strata does not support 'vpblendw $0x4f, %xmm3, %xmm2, %xmm1'.
/home/sdasgup3/Github/strata/stoke/bin/specgen compare --circuit_dir /home/sdasgup3/Github/strata-data/circuits --opcode vpblendw_xmm_xmm_xmm_imm8_80 
strata does not support 'vpblendw $0x50, %xmm3, %xmm2, %xmm1'.
/home/sdasgup3/Github/strata/stoke/bin/specgen compare --circuit_dir /home/sdasgup3/Github/strata-data/circuits --opcode vpblendw_xmm_xmm_xmm_imm8_81 
strata does not support 'vpblendw $0x51, %xmm3, %xmm2, %xmm1'.
/home/sdasgup3/Github/strata/stoke/bin/specgen compare --circuit_dir /home/sdasgup3/Github/strata-data/circuits --opcode vpblendw_xmm_xmm_xmm_imm8_82 
strata does not support 'vpblendw $0x52, %xmm3, %xmm2, %xmm1'.
/home/sdasgup3/Github/strata/stoke/bin/specgen compare --circuit_dir /home/sdasgup3/Github/strata-data/circuits --opcode vpblendw_xmm_xmm_xmm_imm8_83 
strata does not support 'vpblendw $0x53, %xmm3, %xmm2, %xmm1'.
/home/sdasgup3/Github/strata/stoke/bin/specgen compare --circuit_dir /home/sdasgup3/Github/strata-data/circuits --opcode vpblendw_xmm_xmm_xmm_imm8_84 
strata does not support 'vpblendw $0x54, %xmm3, %xmm2, %xmm1'.
/home/sdasgup3/Github/strata/stoke/bin/specgen compare --circuit_dir /home/sdasgup3/Github/strata-data/circuits --opcode vpblendw_xmm_xmm_xmm_imm8_85 
strata does not support 'vpblendw $0x55, %xmm3, %xmm2, %xmm1'.
/home/sdasgup3/Github/strata/stoke/bin/specgen compare --circuit_dir /home/sdasgup3/Github/strata-data/circuits --opcode vpblendw_xmm_xmm_xmm_imm8_86 
strata does not support 'vpblendw $0x56, %xmm3, %xmm2, %xmm1'.
/home/sdasgup3/Github/strata/stoke/bin/specgen compare --circuit_dir /home/sdasgup3/Github/strata-data/circuits --opcode vpblendw_xmm_xmm_xmm_imm8_87 
strata does not support 'vpblendw $0x57, %xmm3, %xmm2, %xmm1'.
/home/sdasgup3/Github/strata/stoke/bin/specgen compare --circuit_dir /home/sdasgup3/Github/strata-data/circuits --opcode vpblendw_xmm_xmm_xmm_imm8_88 
strata does not support 'vpblendw $0x58, %xmm3, %xmm2, %xmm1'.
/home/sdasgup3/Github/strata/stoke/bin/specgen compare --circuit_dir /home/sdasgup3/Github/strata-data/circuits --opcode vpblendw_xmm_xmm_xmm_imm8_89 
strata does not support 'vpblendw $0x59, %xmm3, %xmm2, %xmm1'.
/home/sdasgup3/Github/strata/stoke/bin/specgen compare --circuit_dir /home/sdasgup3/Github/strata-data/circuits --opcode vpblendw_xmm_xmm_xmm_imm8_90 
strata does not support 'vpblendw $0x5a, %xmm3, %xmm2, %xmm1'.
/home/sdasgup3/Github/strata/stoke/bin/specgen compare --circuit_dir /home/sdasgup3/Github/strata-data/circuits --opcode vpblendw_xmm_xmm_xmm_imm8_91 
strata does not support 'vpblendw $0x5b, %xmm3, %xmm2, %xmm1'.
/home/sdasgup3/Github/strata/stoke/bin/specgen compare --circuit_dir /home/sdasgup3/Github/strata-data/circuits --opcode vpblendw_xmm_xmm_xmm_imm8_92 
strata does not support 'vpblendw $0x5c, %xmm3, %xmm2, %xmm1'.
/home/sdasgup3/Github/strata/stoke/bin/specgen compare --circuit_dir /home/sdasgup3/Github/strata-data/circuits --opcode vpblendw_xmm_xmm_xmm_imm8_93 
strata does not support 'vpblendw $0x5d, %xmm3, %xmm2, %xmm1'.
/home/sdasgup3/Github/strata/stoke/bin/specgen compare --circuit_dir /home/sdasgup3/Github/strata-data/circuits --opcode vpblendw_xmm_xmm_xmm_imm8_94 
strata does not support 'vpblendw $0x5e, %xmm3, %xmm2, %xmm1'.
/home/sdasgup3/Github/strata/stoke/bin/specgen compare --circuit_dir /home/sdasgup3/Github/strata-data/circuits --opcode vpblendw_xmm_xmm_xmm_imm8_95 
Circuit for 'vpblendw $0x5f, %xmm3, %xmm2, %xmm1' (opcode vpblendw_xmm_xmm_xmm_imm8_95)
  not equivalent for '%ymm1':
    strata:        0x0₁₂₈ ∘ (((maxcmp_single(0xffff₃₂, 0x0₃₂) = 0x1₁ ? 0xffff₃₂ : 0x0₃₂) ∘ (maxcmp_single(0xffff₃₂, 0x0₃₂) = 0x1₁ ? 0xffff₃₂ : 0x0₃₂) ⊕ ((maxcmp_single(0xffff₃₂, 0x0₃₂) = 0x1₁ ? 0xffff₃₂ : 0x0₃₂) ∘ (maxcmp_single(0xffff₃₂, 0x0₃₂) = 0x1₁ ? 0xffff₃₂ : 0x0₃₂) | %ymm2[127:64]) | %ymm3[127:64] ⊕ (maxcmp_single(0xffff₃₂, 0x0₃₂) = 0x1₁ ? 0xffff₃₂ : 0x0₃₂) ∘ (maxcmp_single(0xffff₃₂, 0x0₃₂) = 0x1₁ ? 0xffff₃₂ : 0x0₃₂) ⊕ (%ymm3[127:64] | %ymm3[127:64] ⊕ (maxcmp_single(0xffff₃₂, 0x0₃₂) = 0x1₁ ? 0xffff₃₂ : 0x0₃₂) ∘ (maxcmp_single(0xffff₃₂, 0x0₃₂) = 0x1₁ ? 0xffff₃₂ : 0x0₃₂))) ∘ ((maxcmp_single(0xffff₃₂, 0xffffffff₃₂) = 0x1₁ ? 0xffff₃₂ : 0xffffffff₃₂) ∘ (maxcmp_single(0xffff₃₂, 0xffffffff₃₂) = 0x1₁ ? 0xffff₃₂ : 0xffffffff₃₂) ⊕ ((maxcmp_single(0xffff₃₂, 0xffffffff₃₂) = 0x1₁ ? 0xffff₃₂ : 0xffffffff₃₂) ∘ (maxcmp_single(0xffff₃₂, 0xffffffff₃₂) = 0x1₁ ? 0xffff₃₂ : 0xffffffff₃₂) | %ymm2[63:0]) | %ymm3[63:0] ⊕ (maxcmp_single(0xffff₃₂, 0xffffffff₃₂) = 0x1₁ ? 0xffff₃₂ : 0xffffffff₃₂) ∘ (maxcmp_single(0xffff₃₂, 0xffffffff₃₂) = 0x1₁ ? 0xffff₃₂ : 0xffffffff₃₂) ⊕ (%ymm3[63:0] | %ymm3[63:0] ⊕ (maxcmp_single(0xffff₃₂, 0xffffffff₃₂) = 0x1₁ ? 0xffff₃₂ : 0xffffffff₃₂) ∘ (maxcmp_single(0xffff₃₂, 0xffffffff₃₂) = 0x1₁ ? 0xffff₃₂ : 0xffffffff₃₂))))
    hand-written:  0x0₁₂₈ ∘ (%ymm2[127:112] ∘ (%ymm3[111:96] ∘ (%ymm2[95:80] ∘ %ymm3[79:0])))


/home/sdasgup3/Github/strata/stoke/bin/specgen compare --circuit_dir /home/sdasgup3/Github/strata-data/circuits --opcode vpblendw_xmm_xmm_xmm_imm8_96 
strata does not support 'vpblendw $0x60, %xmm3, %xmm2, %xmm1'.
/home/sdasgup3/Github/strata/stoke/bin/specgen compare --circuit_dir /home/sdasgup3/Github/strata-data/circuits --opcode vpblendw_xmm_xmm_xmm_imm8_97 
strata does not support 'vpblendw $0x61, %xmm3, %xmm2, %xmm1'.
/home/sdasgup3/Github/strata/stoke/bin/specgen compare --circuit_dir /home/sdasgup3/Github/strata-data/circuits --opcode vpblendw_xmm_xmm_xmm_imm8_98 
strata does not support 'vpblendw $0x62, %xmm3, %xmm2, %xmm1'.
/home/sdasgup3/Github/strata/stoke/bin/specgen compare --circuit_dir /home/sdasgup3/Github/strata-data/circuits --opcode vpblendw_xmm_xmm_xmm_imm8_99 
strata does not support 'vpblendw $0x63, %xmm3, %xmm2, %xmm1'.
/home/sdasgup3/Github/strata/stoke/bin/specgen compare --circuit_dir /home/sdasgup3/Github/strata-data/circuits --opcode vpblendw_xmm_xmm_xmm_imm8_100 
strata does not support 'vpblendw $0x64, %xmm3, %xmm2, %xmm1'.
/home/sdasgup3/Github/strata/stoke/bin/specgen compare --circuit_dir /home/sdasgup3/Github/strata-data/circuits --opcode vpblendw_xmm_xmm_xmm_imm8_101 
strata does not support 'vpblendw $0x65, %xmm3, %xmm2, %xmm1'.
/home/sdasgup3/Github/strata/stoke/bin/specgen compare --circuit_dir /home/sdasgup3/Github/strata-data/circuits --opcode vpblendw_xmm_xmm_xmm_imm8_102 
strata does not support 'vpblendw $0x66, %xmm3, %xmm2, %xmm1'.
/home/sdasgup3/Github/strata/stoke/bin/specgen compare --circuit_dir /home/sdasgup3/Github/strata-data/circuits --opcode vpblendw_xmm_xmm_xmm_imm8_103 
strata does not support 'vpblendw $0x67, %xmm3, %xmm2, %xmm1'.
/home/sdasgup3/Github/strata/stoke/bin/specgen compare --circuit_dir /home/sdasgup3/Github/strata-data/circuits --opcode vpblendw_xmm_xmm_xmm_imm8_104 
strata does not support 'vpblendw $0x68, %xmm3, %xmm2, %xmm1'.
/home/sdasgup3/Github/strata/stoke/bin/specgen compare --circuit_dir /home/sdasgup3/Github/strata-data/circuits --opcode vpblendw_xmm_xmm_xmm_imm8_105 
strata does not support 'vpblendw $0x69, %xmm3, %xmm2, %xmm1'.
/home/sdasgup3/Github/strata/stoke/bin/specgen compare --circuit_dir /home/sdasgup3/Github/strata-data/circuits --opcode vpblendw_xmm_xmm_xmm_imm8_106 
strata does not support 'vpblendw $0x6a, %xmm3, %xmm2, %xmm1'.
/home/sdasgup3/Github/strata/stoke/bin/specgen compare --circuit_dir /home/sdasgup3/Github/strata-data/circuits --opcode vpblendw_xmm_xmm_xmm_imm8_107 
strata does not support 'vpblendw $0x6b, %xmm3, %xmm2, %xmm1'.
/home/sdasgup3/Github/strata/stoke/bin/specgen compare --circuit_dir /home/sdasgup3/Github/strata-data/circuits --opcode vpblendw_xmm_xmm_xmm_imm8_108 
strata does not support 'vpblendw $0x6c, %xmm3, %xmm2, %xmm1'.
/home/sdasgup3/Github/strata/stoke/bin/specgen compare --circuit_dir /home/sdasgup3/Github/strata-data/circuits --opcode vpblendw_xmm_xmm_xmm_imm8_109 
strata does not support 'vpblendw $0x6d, %xmm3, %xmm2, %xmm1'.
/home/sdasgup3/Github/strata/stoke/bin/specgen compare --circuit_dir /home/sdasgup3/Github/strata-data/circuits --opcode vpblendw_xmm_xmm_xmm_imm8_110 
strata does not support 'vpblendw $0x6e, %xmm3, %xmm2, %xmm1'.
/home/sdasgup3/Github/strata/stoke/bin/specgen compare --circuit_dir /home/sdasgup3/Github/strata-data/circuits --opcode vpblendw_xmm_xmm_xmm_imm8_111 
strata does not support 'vpblendw $0x6f, %xmm3, %xmm2, %xmm1'.
/home/sdasgup3/Github/strata/stoke/bin/specgen compare --circuit_dir /home/sdasgup3/Github/strata-data/circuits --opcode vpblendw_xmm_xmm_xmm_imm8_112 
strata does not support 'vpblendw $0x70, %xmm3, %xmm2, %xmm1'.
/home/sdasgup3/Github/strata/stoke/bin/specgen compare --circuit_dir /home/sdasgup3/Github/strata-data/circuits --opcode vpblendw_xmm_xmm_xmm_imm8_113 
strata does not support 'vpblendw $0x71, %xmm3, %xmm2, %xmm1'.
/home/sdasgup3/Github/strata/stoke/bin/specgen compare --circuit_dir /home/sdasgup3/Github/strata-data/circuits --opcode vpblendw_xmm_xmm_xmm_imm8_114 
strata does not support 'vpblendw $0x72, %xmm3, %xmm2, %xmm1'.
/home/sdasgup3/Github/strata/stoke/bin/specgen compare --circuit_dir /home/sdasgup3/Github/strata-data/circuits --opcode vpblendw_xmm_xmm_xmm_imm8_115 
strata does not support 'vpblendw $0x73, %xmm3, %xmm2, %xmm1'.
/home/sdasgup3/Github/strata/stoke/bin/specgen compare --circuit_dir /home/sdasgup3/Github/strata-data/circuits --opcode vpblendw_xmm_xmm_xmm_imm8_116 
strata does not support 'vpblendw $0x74, %xmm3, %xmm2, %xmm1'.
/home/sdasgup3/Github/strata/stoke/bin/specgen compare --circuit_dir /home/sdasgup3/Github/strata-data/circuits --opcode vpblendw_xmm_xmm_xmm_imm8_117 
strata does not support 'vpblendw $0x75, %xmm3, %xmm2, %xmm1'.
/home/sdasgup3/Github/strata/stoke/bin/specgen compare --circuit_dir /home/sdasgup3/Github/strata-data/circuits --opcode vpblendw_xmm_xmm_xmm_imm8_118 
strata does not support 'vpblendw $0x76, %xmm3, %xmm2, %xmm1'.
/home/sdasgup3/Github/strata/stoke/bin/specgen compare --circuit_dir /home/sdasgup3/Github/strata-data/circuits --opcode vpblendw_xmm_xmm_xmm_imm8_119 
strata does not support 'vpblendw $0x77, %xmm3, %xmm2, %xmm1'.
/home/sdasgup3/Github/strata/stoke/bin/specgen compare --circuit_dir /home/sdasgup3/Github/strata-data/circuits --opcode vpblendw_xmm_xmm_xmm_imm8_120 
strata does not support 'vpblendw $0x78, %xmm3, %xmm2, %xmm1'.
/home/sdasgup3/Github/strata/stoke/bin/specgen compare --circuit_dir /home/sdasgup3/Github/strata-data/circuits --opcode vpblendw_xmm_xmm_xmm_imm8_121 
strata does not support 'vpblendw $0x79, %xmm3, %xmm2, %xmm1'.
/home/sdasgup3/Github/strata/stoke/bin/specgen compare --circuit_dir /home/sdasgup3/Github/strata-data/circuits --opcode vpblendw_xmm_xmm_xmm_imm8_122 
strata does not support 'vpblendw $0x7a, %xmm3, %xmm2, %xmm1'.
/home/sdasgup3/Github/strata/stoke/bin/specgen compare --circuit_dir /home/sdasgup3/Github/strata-data/circuits --opcode vpblendw_xmm_xmm_xmm_imm8_123 
strata does not support 'vpblendw $0x7b, %xmm3, %xmm2, %xmm1'.
/home/sdasgup3/Github/strata/stoke/bin/specgen compare --circuit_dir /home/sdasgup3/Github/strata-data/circuits --opcode vpblendw_xmm_xmm_xmm_imm8_124 
strata does not support 'vpblendw $0x7c, %xmm3, %xmm2, %xmm1'.
/home/sdasgup3/Github/strata/stoke/bin/specgen compare --circuit_dir /home/sdasgup3/Github/strata-data/circuits --opcode vpblendw_xmm_xmm_xmm_imm8_125 
strata does not support 'vpblendw $0x7d, %xmm3, %xmm2, %xmm1'.
/home/sdasgup3/Github/strata/stoke/bin/specgen compare --circuit_dir /home/sdasgup3/Github/strata-data/circuits --opcode vpblendw_xmm_xmm_xmm_imm8_126 
strata does not support 'vpblendw $0x7e, %xmm3, %xmm2, %xmm1'.
/home/sdasgup3/Github/strata/stoke/bin/specgen compare --circuit_dir /home/sdasgup3/Github/strata-data/circuits --opcode vpblendw_xmm_xmm_xmm_imm8_127 
strata does not support 'vpblendw $0x7f, %xmm3, %xmm2, %xmm1'.
/home/sdasgup3/Github/strata/stoke/bin/specgen compare --circuit_dir /home/sdasgup3/Github/strata-data/circuits --opcode vpblendw_xmm_xmm_xmm_imm8_128 
strata does not support 'vpblendw $0x80, %xmm3, %xmm2, %xmm1'.
/home/sdasgup3/Github/strata/stoke/bin/specgen compare --circuit_dir /home/sdasgup3/Github/strata-data/circuits --opcode vpblendw_xmm_xmm_xmm_imm8_129 
strata does not support 'vpblendw $0x81, %xmm3, %xmm2, %xmm1'.
/home/sdasgup3/Github/strata/stoke/bin/specgen compare --circuit_dir /home/sdasgup3/Github/strata-data/circuits --opcode vpblendw_xmm_xmm_xmm_imm8_130 
strata does not support 'vpblendw $0x82, %xmm3, %xmm2, %xmm1'.
/home/sdasgup3/Github/strata/stoke/bin/specgen compare --circuit_dir /home/sdasgup3/Github/strata-data/circuits --opcode vpblendw_xmm_xmm_xmm_imm8_131 
strata does not support 'vpblendw $0x83, %xmm3, %xmm2, %xmm1'.
/home/sdasgup3/Github/strata/stoke/bin/specgen compare --circuit_dir /home/sdasgup3/Github/strata-data/circuits --opcode vpblendw_xmm_xmm_xmm_imm8_132 
strata does not support 'vpblendw $0x84, %xmm3, %xmm2, %xmm1'.
/home/sdasgup3/Github/strata/stoke/bin/specgen compare --circuit_dir /home/sdasgup3/Github/strata-data/circuits --opcode vpblendw_xmm_xmm_xmm_imm8_133 
strata does not support 'vpblendw $0x85, %xmm3, %xmm2, %xmm1'.
/home/sdasgup3/Github/strata/stoke/bin/specgen compare --circuit_dir /home/sdasgup3/Github/strata-data/circuits --opcode vpblendw_xmm_xmm_xmm_imm8_134 
strata does not support 'vpblendw $0x86, %xmm3, %xmm2, %xmm1'.
/home/sdasgup3/Github/strata/stoke/bin/specgen compare --circuit_dir /home/sdasgup3/Github/strata-data/circuits --opcode vpblendw_xmm_xmm_xmm_imm8_135 
strata does not support 'vpblendw $0x87, %xmm3, %xmm2, %xmm1'.
/home/sdasgup3/Github/strata/stoke/bin/specgen compare --circuit_dir /home/sdasgup3/Github/strata-data/circuits --opcode vpblendw_xmm_xmm_xmm_imm8_136 
strata does not support 'vpblendw $0x88, %xmm3, %xmm2, %xmm1'.
/home/sdasgup3/Github/strata/stoke/bin/specgen compare --circuit_dir /home/sdasgup3/Github/strata-data/circuits --opcode vpblendw_xmm_xmm_xmm_imm8_137 
strata does not support 'vpblendw $0x89, %xmm3, %xmm2, %xmm1'.
/home/sdasgup3/Github/strata/stoke/bin/specgen compare --circuit_dir /home/sdasgup3/Github/strata-data/circuits --opcode vpblendw_xmm_xmm_xmm_imm8_138 
strata does not support 'vpblendw $0x8a, %xmm3, %xmm2, %xmm1'.
/home/sdasgup3/Github/strata/stoke/bin/specgen compare --circuit_dir /home/sdasgup3/Github/strata-data/circuits --opcode vpblendw_xmm_xmm_xmm_imm8_139 
strata does not support 'vpblendw $0x8b, %xmm3, %xmm2, %xmm1'.
/home/sdasgup3/Github/strata/stoke/bin/specgen compare --circuit_dir /home/sdasgup3/Github/strata-data/circuits --opcode vpblendw_xmm_xmm_xmm_imm8_140 
strata does not support 'vpblendw $0x8c, %xmm3, %xmm2, %xmm1'.
/home/sdasgup3/Github/strata/stoke/bin/specgen compare --circuit_dir /home/sdasgup3/Github/strata-data/circuits --opcode vpblendw_xmm_xmm_xmm_imm8_141 
strata does not support 'vpblendw $0x8d, %xmm3, %xmm2, %xmm1'.
/home/sdasgup3/Github/strata/stoke/bin/specgen compare --circuit_dir /home/sdasgup3/Github/strata-data/circuits --opcode vpblendw_xmm_xmm_xmm_imm8_142 
strata does not support 'vpblendw $0x8e, %xmm3, %xmm2, %xmm1'.
/home/sdasgup3/Github/strata/stoke/bin/specgen compare --circuit_dir /home/sdasgup3/Github/strata-data/circuits --opcode vpblendw_xmm_xmm_xmm_imm8_143 
strata does not support 'vpblendw $0x8f, %xmm3, %xmm2, %xmm1'.
/home/sdasgup3/Github/strata/stoke/bin/specgen compare --circuit_dir /home/sdasgup3/Github/strata-data/circuits --opcode vpblendw_xmm_xmm_xmm_imm8_144 
strata does not support 'vpblendw $0x90, %xmm3, %xmm2, %xmm1'.
/home/sdasgup3/Github/strata/stoke/bin/specgen compare --circuit_dir /home/sdasgup3/Github/strata-data/circuits --opcode vpblendw_xmm_xmm_xmm_imm8_145 
strata does not support 'vpblendw $0x91, %xmm3, %xmm2, %xmm1'.
/home/sdasgup3/Github/strata/stoke/bin/specgen compare --circuit_dir /home/sdasgup3/Github/strata-data/circuits --opcode vpblendw_xmm_xmm_xmm_imm8_146 
strata does not support 'vpblendw $0x92, %xmm3, %xmm2, %xmm1'.
/home/sdasgup3/Github/strata/stoke/bin/specgen compare --circuit_dir /home/sdasgup3/Github/strata-data/circuits --opcode vpblendw_xmm_xmm_xmm_imm8_147 
strata does not support 'vpblendw $0x93, %xmm3, %xmm2, %xmm1'.
/home/sdasgup3/Github/strata/stoke/bin/specgen compare --circuit_dir /home/sdasgup3/Github/strata-data/circuits --opcode vpblendw_xmm_xmm_xmm_imm8_148 
strata does not support 'vpblendw $0x94, %xmm3, %xmm2, %xmm1'.
/home/sdasgup3/Github/strata/stoke/bin/specgen compare --circuit_dir /home/sdasgup3/Github/strata-data/circuits --opcode vpblendw_xmm_xmm_xmm_imm8_149 
strata does not support 'vpblendw $0x95, %xmm3, %xmm2, %xmm1'.
/home/sdasgup3/Github/strata/stoke/bin/specgen compare --circuit_dir /home/sdasgup3/Github/strata-data/circuits --opcode vpblendw_xmm_xmm_xmm_imm8_150 
strata does not support 'vpblendw $0x96, %xmm3, %xmm2, %xmm1'.
/home/sdasgup3/Github/strata/stoke/bin/specgen compare --circuit_dir /home/sdasgup3/Github/strata-data/circuits --opcode vpblendw_xmm_xmm_xmm_imm8_151 
strata does not support 'vpblendw $0x97, %xmm3, %xmm2, %xmm1'.
/home/sdasgup3/Github/strata/stoke/bin/specgen compare --circuit_dir /home/sdasgup3/Github/strata-data/circuits --opcode vpblendw_xmm_xmm_xmm_imm8_152 
strata does not support 'vpblendw $0x98, %xmm3, %xmm2, %xmm1'.
/home/sdasgup3/Github/strata/stoke/bin/specgen compare --circuit_dir /home/sdasgup3/Github/strata-data/circuits --opcode vpblendw_xmm_xmm_xmm_imm8_153 
strata does not support 'vpblendw $0x99, %xmm3, %xmm2, %xmm1'.
/home/sdasgup3/Github/strata/stoke/bin/specgen compare --circuit_dir /home/sdasgup3/Github/strata-data/circuits --opcode vpblendw_xmm_xmm_xmm_imm8_154 
strata does not support 'vpblendw $0x9a, %xmm3, %xmm2, %xmm1'.
/home/sdasgup3/Github/strata/stoke/bin/specgen compare --circuit_dir /home/sdasgup3/Github/strata-data/circuits --opcode vpblendw_xmm_xmm_xmm_imm8_155 
strata does not support 'vpblendw $0x9b, %xmm3, %xmm2, %xmm1'.
/home/sdasgup3/Github/strata/stoke/bin/specgen compare --circuit_dir /home/sdasgup3/Github/strata-data/circuits --opcode vpblendw_xmm_xmm_xmm_imm8_156 
strata does not support 'vpblendw $0x9c, %xmm3, %xmm2, %xmm1'.
/home/sdasgup3/Github/strata/stoke/bin/specgen compare --circuit_dir /home/sdasgup3/Github/strata-data/circuits --opcode vpblendw_xmm_xmm_xmm_imm8_157 
strata does not support 'vpblendw $0x9d, %xmm3, %xmm2, %xmm1'.
/home/sdasgup3/Github/strata/stoke/bin/specgen compare --circuit_dir /home/sdasgup3/Github/strata-data/circuits --opcode vpblendw_xmm_xmm_xmm_imm8_158 
strata does not support 'vpblendw $0x9e, %xmm3, %xmm2, %xmm1'.
/home/sdasgup3/Github/strata/stoke/bin/specgen compare --circuit_dir /home/sdasgup3/Github/strata-data/circuits --opcode vpblendw_xmm_xmm_xmm_imm8_159 
strata does not support 'vpblendw $0x9f, %xmm3, %xmm2, %xmm1'.
/home/sdasgup3/Github/strata/stoke/bin/specgen compare --circuit_dir /home/sdasgup3/Github/strata-data/circuits --opcode vpblendw_xmm_xmm_xmm_imm8_160 
strata does not support 'vpblendw $0xa0, %xmm3, %xmm2, %xmm1'.
/home/sdasgup3/Github/strata/stoke/bin/specgen compare --circuit_dir /home/sdasgup3/Github/strata-data/circuits --opcode vpblendw_xmm_xmm_xmm_imm8_161 
strata does not support 'vpblendw $0xa1, %xmm3, %xmm2, %xmm1'.
/home/sdasgup3/Github/strata/stoke/bin/specgen compare --circuit_dir /home/sdasgup3/Github/strata-data/circuits --opcode vpblendw_xmm_xmm_xmm_imm8_162 
strata does not support 'vpblendw $0xa2, %xmm3, %xmm2, %xmm1'.
/home/sdasgup3/Github/strata/stoke/bin/specgen compare --circuit_dir /home/sdasgup3/Github/strata-data/circuits --opcode vpblendw_xmm_xmm_xmm_imm8_163 
strata does not support 'vpblendw $0xa3, %xmm3, %xmm2, %xmm1'.
/home/sdasgup3/Github/strata/stoke/bin/specgen compare --circuit_dir /home/sdasgup3/Github/strata-data/circuits --opcode vpblendw_xmm_xmm_xmm_imm8_164 
strata does not support 'vpblendw $0xa4, %xmm3, %xmm2, %xmm1'.
/home/sdasgup3/Github/strata/stoke/bin/specgen compare --circuit_dir /home/sdasgup3/Github/strata-data/circuits --opcode vpblendw_xmm_xmm_xmm_imm8_165 
strata does not support 'vpblendw $0xa5, %xmm3, %xmm2, %xmm1'.
/home/sdasgup3/Github/strata/stoke/bin/specgen compare --circuit_dir /home/sdasgup3/Github/strata-data/circuits --opcode vpblendw_xmm_xmm_xmm_imm8_166 
strata does not support 'vpblendw $0xa6, %xmm3, %xmm2, %xmm1'.
/home/sdasgup3/Github/strata/stoke/bin/specgen compare --circuit_dir /home/sdasgup3/Github/strata-data/circuits --opcode vpblendw_xmm_xmm_xmm_imm8_167 
strata does not support 'vpblendw $0xa7, %xmm3, %xmm2, %xmm1'.
/home/sdasgup3/Github/strata/stoke/bin/specgen compare --circuit_dir /home/sdasgup3/Github/strata-data/circuits --opcode vpblendw_xmm_xmm_xmm_imm8_168 
strata does not support 'vpblendw $0xa8, %xmm3, %xmm2, %xmm1'.
/home/sdasgup3/Github/strata/stoke/bin/specgen compare --circuit_dir /home/sdasgup3/Github/strata-data/circuits --opcode vpblendw_xmm_xmm_xmm_imm8_169 
strata does not support 'vpblendw $0xa9, %xmm3, %xmm2, %xmm1'.
/home/sdasgup3/Github/strata/stoke/bin/specgen compare --circuit_dir /home/sdasgup3/Github/strata-data/circuits --opcode vpblendw_xmm_xmm_xmm_imm8_170 
strata does not support 'vpblendw $0xaa, %xmm3, %xmm2, %xmm1'.
/home/sdasgup3/Github/strata/stoke/bin/specgen compare --circuit_dir /home/sdasgup3/Github/strata-data/circuits --opcode vpblendw_xmm_xmm_xmm_imm8_171 
strata does not support 'vpblendw $0xab, %xmm3, %xmm2, %xmm1'.
/home/sdasgup3/Github/strata/stoke/bin/specgen compare --circuit_dir /home/sdasgup3/Github/strata-data/circuits --opcode vpblendw_xmm_xmm_xmm_imm8_172 
strata does not support 'vpblendw $0xac, %xmm3, %xmm2, %xmm1'.
/home/sdasgup3/Github/strata/stoke/bin/specgen compare --circuit_dir /home/sdasgup3/Github/strata-data/circuits --opcode vpblendw_xmm_xmm_xmm_imm8_173 
strata does not support 'vpblendw $0xad, %xmm3, %xmm2, %xmm1'.
/home/sdasgup3/Github/strata/stoke/bin/specgen compare --circuit_dir /home/sdasgup3/Github/strata-data/circuits --opcode vpblendw_xmm_xmm_xmm_imm8_174 
strata does not support 'vpblendw $0xae, %xmm3, %xmm2, %xmm1'.
/home/sdasgup3/Github/strata/stoke/bin/specgen compare --circuit_dir /home/sdasgup3/Github/strata-data/circuits --opcode vpblendw_xmm_xmm_xmm_imm8_175 
strata does not support 'vpblendw $0xaf, %xmm3, %xmm2, %xmm1'.
/home/sdasgup3/Github/strata/stoke/bin/specgen compare --circuit_dir /home/sdasgup3/Github/strata-data/circuits --opcode vpblendw_xmm_xmm_xmm_imm8_176 
strata does not support 'vpblendw $0xb0, %xmm3, %xmm2, %xmm1'.
/home/sdasgup3/Github/strata/stoke/bin/specgen compare --circuit_dir /home/sdasgup3/Github/strata-data/circuits --opcode vpblendw_xmm_xmm_xmm_imm8_177 
strata does not support 'vpblendw $0xb1, %xmm3, %xmm2, %xmm1'.
/home/sdasgup3/Github/strata/stoke/bin/specgen compare --circuit_dir /home/sdasgup3/Github/strata-data/circuits --opcode vpblendw_xmm_xmm_xmm_imm8_178 
strata does not support 'vpblendw $0xb2, %xmm3, %xmm2, %xmm1'.
/home/sdasgup3/Github/strata/stoke/bin/specgen compare --circuit_dir /home/sdasgup3/Github/strata-data/circuits --opcode vpblendw_xmm_xmm_xmm_imm8_179 
strata does not support 'vpblendw $0xb3, %xmm3, %xmm2, %xmm1'.
/home/sdasgup3/Github/strata/stoke/bin/specgen compare --circuit_dir /home/sdasgup3/Github/strata-data/circuits --opcode vpblendw_xmm_xmm_xmm_imm8_180 
strata does not support 'vpblendw $0xb4, %xmm3, %xmm2, %xmm1'.
/home/sdasgup3/Github/strata/stoke/bin/specgen compare --circuit_dir /home/sdasgup3/Github/strata-data/circuits --opcode vpblendw_xmm_xmm_xmm_imm8_181 
strata does not support 'vpblendw $0xb5, %xmm3, %xmm2, %xmm1'.
/home/sdasgup3/Github/strata/stoke/bin/specgen compare --circuit_dir /home/sdasgup3/Github/strata-data/circuits --opcode vpblendw_xmm_xmm_xmm_imm8_182 
strata does not support 'vpblendw $0xb6, %xmm3, %xmm2, %xmm1'.
/home/sdasgup3/Github/strata/stoke/bin/specgen compare --circuit_dir /home/sdasgup3/Github/strata-data/circuits --opcode vpblendw_xmm_xmm_xmm_imm8_183 
strata does not support 'vpblendw $0xb7, %xmm3, %xmm2, %xmm1'.
/home/sdasgup3/Github/strata/stoke/bin/specgen compare --circuit_dir /home/sdasgup3/Github/strata-data/circuits --opcode vpblendw_xmm_xmm_xmm_imm8_184 
strata does not support 'vpblendw $0xb8, %xmm3, %xmm2, %xmm1'.
/home/sdasgup3/Github/strata/stoke/bin/specgen compare --circuit_dir /home/sdasgup3/Github/strata-data/circuits --opcode vpblendw_xmm_xmm_xmm_imm8_185 
strata does not support 'vpblendw $0xb9, %xmm3, %xmm2, %xmm1'.
/home/sdasgup3/Github/strata/stoke/bin/specgen compare --circuit_dir /home/sdasgup3/Github/strata-data/circuits --opcode vpblendw_xmm_xmm_xmm_imm8_186 
strata does not support 'vpblendw $0xba, %xmm3, %xmm2, %xmm1'.
/home/sdasgup3/Github/strata/stoke/bin/specgen compare --circuit_dir /home/sdasgup3/Github/strata-data/circuits --opcode vpblendw_xmm_xmm_xmm_imm8_187 
strata does not support 'vpblendw $0xbb, %xmm3, %xmm2, %xmm1'.
/home/sdasgup3/Github/strata/stoke/bin/specgen compare --circuit_dir /home/sdasgup3/Github/strata-data/circuits --opcode vpblendw_xmm_xmm_xmm_imm8_188 
strata does not support 'vpblendw $0xbc, %xmm3, %xmm2, %xmm1'.
/home/sdasgup3/Github/strata/stoke/bin/specgen compare --circuit_dir /home/sdasgup3/Github/strata-data/circuits --opcode vpblendw_xmm_xmm_xmm_imm8_189 
strata does not support 'vpblendw $0xbd, %xmm3, %xmm2, %xmm1'.
/home/sdasgup3/Github/strata/stoke/bin/specgen compare --circuit_dir /home/sdasgup3/Github/strata-data/circuits --opcode vpblendw_xmm_xmm_xmm_imm8_190 
strata does not support 'vpblendw $0xbe, %xmm3, %xmm2, %xmm1'.
/home/sdasgup3/Github/strata/stoke/bin/specgen compare --circuit_dir /home/sdasgup3/Github/strata-data/circuits --opcode vpblendw_xmm_xmm_xmm_imm8_191 
strata does not support 'vpblendw $0xbf, %xmm3, %xmm2, %xmm1'.
/home/sdasgup3/Github/strata/stoke/bin/specgen compare --circuit_dir /home/sdasgup3/Github/strata-data/circuits --opcode vpblendw_xmm_xmm_xmm_imm8_192 
Equivalent.
/home/sdasgup3/Github/strata/stoke/bin/specgen compare --circuit_dir /home/sdasgup3/Github/strata-data/circuits --opcode vpblendw_xmm_xmm_xmm_imm8_193 
strata does not support 'vpblendw $0xc1, %xmm3, %xmm2, %xmm1'.
/home/sdasgup3/Github/strata/stoke/bin/specgen compare --circuit_dir /home/sdasgup3/Github/strata-data/circuits --opcode vpblendw_xmm_xmm_xmm_imm8_194 
strata does not support 'vpblendw $0xc2, %xmm3, %xmm2, %xmm1'.
/home/sdasgup3/Github/strata/stoke/bin/specgen compare --circuit_dir /home/sdasgup3/Github/strata-data/circuits --opcode vpblendw_xmm_xmm_xmm_imm8_195 
Equivalent.
/home/sdasgup3/Github/strata/stoke/bin/specgen compare --circuit_dir /home/sdasgup3/Github/strata-data/circuits --opcode vpblendw_xmm_xmm_xmm_imm8_196 
strata does not support 'vpblendw $0xc4, %xmm3, %xmm2, %xmm1'.
/home/sdasgup3/Github/strata/stoke/bin/specgen compare --circuit_dir /home/sdasgup3/Github/strata-data/circuits --opcode vpblendw_xmm_xmm_xmm_imm8_197 
strata does not support 'vpblendw $0xc5, %xmm3, %xmm2, %xmm1'.
/home/sdasgup3/Github/strata/stoke/bin/specgen compare --circuit_dir /home/sdasgup3/Github/strata-data/circuits --opcode vpblendw_xmm_xmm_xmm_imm8_198 
strata does not support 'vpblendw $0xc6, %xmm3, %xmm2, %xmm1'.
/home/sdasgup3/Github/strata/stoke/bin/specgen compare --circuit_dir /home/sdasgup3/Github/strata-data/circuits --opcode vpblendw_xmm_xmm_xmm_imm8_199 
strata does not support 'vpblendw $0xc7, %xmm3, %xmm2, %xmm1'.
/home/sdasgup3/Github/strata/stoke/bin/specgen compare --circuit_dir /home/sdasgup3/Github/strata-data/circuits --opcode vpblendw_xmm_xmm_xmm_imm8_200 
strata does not support 'vpblendw $0xc8, %xmm3, %xmm2, %xmm1'.
/home/sdasgup3/Github/strata/stoke/bin/specgen compare --circuit_dir /home/sdasgup3/Github/strata-data/circuits --opcode vpblendw_xmm_xmm_xmm_imm8_201 
strata does not support 'vpblendw $0xc9, %xmm3, %xmm2, %xmm1'.
/home/sdasgup3/Github/strata/stoke/bin/specgen compare --circuit_dir /home/sdasgup3/Github/strata-data/circuits --opcode vpblendw_xmm_xmm_xmm_imm8_202 
strata does not support 'vpblendw $0xca, %xmm3, %xmm2, %xmm1'.
/home/sdasgup3/Github/strata/stoke/bin/specgen compare --circuit_dir /home/sdasgup3/Github/strata-data/circuits --opcode vpblendw_xmm_xmm_xmm_imm8_203 
strata does not support 'vpblendw $0xcb, %xmm3, %xmm2, %xmm1'.
/home/sdasgup3/Github/strata/stoke/bin/specgen compare --circuit_dir /home/sdasgup3/Github/strata-data/circuits --opcode vpblendw_xmm_xmm_xmm_imm8_204 
strata does not support 'vpblendw $0xcc, %xmm3, %xmm2, %xmm1'.
/home/sdasgup3/Github/strata/stoke/bin/specgen compare --circuit_dir /home/sdasgup3/Github/strata-data/circuits --opcode vpblendw_xmm_xmm_xmm_imm8_205 
strata does not support 'vpblendw $0xcd, %xmm3, %xmm2, %xmm1'.
/home/sdasgup3/Github/strata/stoke/bin/specgen compare --circuit_dir /home/sdasgup3/Github/strata-data/circuits --opcode vpblendw_xmm_xmm_xmm_imm8_206 
strata does not support 'vpblendw $0xce, %xmm3, %xmm2, %xmm1'.
/home/sdasgup3/Github/strata/stoke/bin/specgen compare --circuit_dir /home/sdasgup3/Github/strata-data/circuits --opcode vpblendw_xmm_xmm_xmm_imm8_207 
Equivalent.
/home/sdasgup3/Github/strata/stoke/bin/specgen compare --circuit_dir /home/sdasgup3/Github/strata-data/circuits --opcode vpblendw_xmm_xmm_xmm_imm8_208 
strata does not support 'vpblendw $0xd0, %xmm3, %xmm2, %xmm1'.
/home/sdasgup3/Github/strata/stoke/bin/specgen compare --circuit_dir /home/sdasgup3/Github/strata-data/circuits --opcode vpblendw_xmm_xmm_xmm_imm8_209 
strata does not support 'vpblendw $0xd1, %xmm3, %xmm2, %xmm1'.
/home/sdasgup3/Github/strata/stoke/bin/specgen compare --circuit_dir /home/sdasgup3/Github/strata-data/circuits --opcode vpblendw_xmm_xmm_xmm_imm8_210 
strata does not support 'vpblendw $0xd2, %xmm3, %xmm2, %xmm1'.
/home/sdasgup3/Github/strata/stoke/bin/specgen compare --circuit_dir /home/sdasgup3/Github/strata-data/circuits --opcode vpblendw_xmm_xmm_xmm_imm8_211 
strata does not support 'vpblendw $0xd3, %xmm3, %xmm2, %xmm1'.
/home/sdasgup3/Github/strata/stoke/bin/specgen compare --circuit_dir /home/sdasgup3/Github/strata-data/circuits --opcode vpblendw_xmm_xmm_xmm_imm8_212 
strata does not support 'vpblendw $0xd4, %xmm3, %xmm2, %xmm1'.
/home/sdasgup3/Github/strata/stoke/bin/specgen compare --circuit_dir /home/sdasgup3/Github/strata-data/circuits --opcode vpblendw_xmm_xmm_xmm_imm8_213 
strata does not support 'vpblendw $0xd5, %xmm3, %xmm2, %xmm1'.
/home/sdasgup3/Github/strata/stoke/bin/specgen compare --circuit_dir /home/sdasgup3/Github/strata-data/circuits --opcode vpblendw_xmm_xmm_xmm_imm8_214 
strata does not support 'vpblendw $0xd6, %xmm3, %xmm2, %xmm1'.
/home/sdasgup3/Github/strata/stoke/bin/specgen compare --circuit_dir /home/sdasgup3/Github/strata-data/circuits --opcode vpblendw_xmm_xmm_xmm_imm8_215 
strata does not support 'vpblendw $0xd7, %xmm3, %xmm2, %xmm1'.
/home/sdasgup3/Github/strata/stoke/bin/specgen compare --circuit_dir /home/sdasgup3/Github/strata-data/circuits --opcode vpblendw_xmm_xmm_xmm_imm8_216 
strata does not support 'vpblendw $0xd8, %xmm3, %xmm2, %xmm1'.
/home/sdasgup3/Github/strata/stoke/bin/specgen compare --circuit_dir /home/sdasgup3/Github/strata-data/circuits --opcode vpblendw_xmm_xmm_xmm_imm8_217 
strata does not support 'vpblendw $0xd9, %xmm3, %xmm2, %xmm1'.
/home/sdasgup3/Github/strata/stoke/bin/specgen compare --circuit_dir /home/sdasgup3/Github/strata-data/circuits --opcode vpblendw_xmm_xmm_xmm_imm8_218 
strata does not support 'vpblendw $0xda, %xmm3, %xmm2, %xmm1'.
/home/sdasgup3/Github/strata/stoke/bin/specgen compare --circuit_dir /home/sdasgup3/Github/strata-data/circuits --opcode vpblendw_xmm_xmm_xmm_imm8_219 
strata does not support 'vpblendw $0xdb, %xmm3, %xmm2, %xmm1'.
/home/sdasgup3/Github/strata/stoke/bin/specgen compare --circuit_dir /home/sdasgup3/Github/strata-data/circuits --opcode vpblendw_xmm_xmm_xmm_imm8_220 
strata does not support 'vpblendw $0xdc, %xmm3, %xmm2, %xmm1'.
/home/sdasgup3/Github/strata/stoke/bin/specgen compare --circuit_dir /home/sdasgup3/Github/strata-data/circuits --opcode vpblendw_xmm_xmm_xmm_imm8_221 
strata does not support 'vpblendw $0xdd, %xmm3, %xmm2, %xmm1'.
/home/sdasgup3/Github/strata/stoke/bin/specgen compare --circuit_dir /home/sdasgup3/Github/strata-data/circuits --opcode vpblendw_xmm_xmm_xmm_imm8_222 
strata does not support 'vpblendw $0xde, %xmm3, %xmm2, %xmm1'.
/home/sdasgup3/Github/strata/stoke/bin/specgen compare --circuit_dir /home/sdasgup3/Github/strata-data/circuits --opcode vpblendw_xmm_xmm_xmm_imm8_223 
strata does not support 'vpblendw $0xdf, %xmm3, %xmm2, %xmm1'.
/home/sdasgup3/Github/strata/stoke/bin/specgen compare --circuit_dir /home/sdasgup3/Github/strata-data/circuits --opcode vpblendw_xmm_xmm_xmm_imm8_224 
Equivalent.
/home/sdasgup3/Github/strata/stoke/bin/specgen compare --circuit_dir /home/sdasgup3/Github/strata-data/circuits --opcode vpblendw_xmm_xmm_xmm_imm8_225 
strata does not support 'vpblendw $0xe1, %xmm3, %xmm2, %xmm1'.
/home/sdasgup3/Github/strata/stoke/bin/specgen compare --circuit_dir /home/sdasgup3/Github/strata-data/circuits --opcode vpblendw_xmm_xmm_xmm_imm8_226 
Equivalent.
/home/sdasgup3/Github/strata/stoke/bin/specgen compare --circuit_dir /home/sdasgup3/Github/strata-data/circuits --opcode vpblendw_xmm_xmm_xmm_imm8_227 
strata does not support 'vpblendw $0xe3, %xmm3, %xmm2, %xmm1'.
/home/sdasgup3/Github/strata/stoke/bin/specgen compare --circuit_dir /home/sdasgup3/Github/strata-data/circuits --opcode vpblendw_xmm_xmm_xmm_imm8_228 
strata does not support 'vpblendw $0xe4, %xmm3, %xmm2, %xmm1'.
/home/sdasgup3/Github/strata/stoke/bin/specgen compare --circuit_dir /home/sdasgup3/Github/strata-data/circuits --opcode vpblendw_xmm_xmm_xmm_imm8_229 
strata does not support 'vpblendw $0xe5, %xmm3, %xmm2, %xmm1'.
/home/sdasgup3/Github/strata/stoke/bin/specgen compare --circuit_dir /home/sdasgup3/Github/strata-data/circuits --opcode vpblendw_xmm_xmm_xmm_imm8_230 
strata does not support 'vpblendw $0xe6, %xmm3, %xmm2, %xmm1'.
/home/sdasgup3/Github/strata/stoke/bin/specgen compare --circuit_dir /home/sdasgup3/Github/strata-data/circuits --opcode vpblendw_xmm_xmm_xmm_imm8_231 
strata does not support 'vpblendw $0xe7, %xmm3, %xmm2, %xmm1'.
/home/sdasgup3/Github/strata/stoke/bin/specgen compare --circuit_dir /home/sdasgup3/Github/strata-data/circuits --opcode vpblendw_xmm_xmm_xmm_imm8_232 
strata does not support 'vpblendw $0xe8, %xmm3, %xmm2, %xmm1'.
/home/sdasgup3/Github/strata/stoke/bin/specgen compare --circuit_dir /home/sdasgup3/Github/strata-data/circuits --opcode vpblendw_xmm_xmm_xmm_imm8_233 
strata does not support 'vpblendw $0xe9, %xmm3, %xmm2, %xmm1'.
/home/sdasgup3/Github/strata/stoke/bin/specgen compare --circuit_dir /home/sdasgup3/Github/strata-data/circuits --opcode vpblendw_xmm_xmm_xmm_imm8_234 
strata does not support 'vpblendw $0xea, %xmm3, %xmm2, %xmm1'.
/home/sdasgup3/Github/strata/stoke/bin/specgen compare --circuit_dir /home/sdasgup3/Github/strata-data/circuits --opcode vpblendw_xmm_xmm_xmm_imm8_235 
strata does not support 'vpblendw $0xeb, %xmm3, %xmm2, %xmm1'.
/home/sdasgup3/Github/strata/stoke/bin/specgen compare --circuit_dir /home/sdasgup3/Github/strata-data/circuits --opcode vpblendw_xmm_xmm_xmm_imm8_236 
Equivalent.
/home/sdasgup3/Github/strata/stoke/bin/specgen compare --circuit_dir /home/sdasgup3/Github/strata-data/circuits --opcode vpblendw_xmm_xmm_xmm_imm8_237 
strata does not support 'vpblendw $0xed, %xmm3, %xmm2, %xmm1'.
/home/sdasgup3/Github/strata/stoke/bin/specgen compare --circuit_dir /home/sdasgup3/Github/strata-data/circuits --opcode vpblendw_xmm_xmm_xmm_imm8_238 
Equivalent.
/home/sdasgup3/Github/strata/stoke/bin/specgen compare --circuit_dir /home/sdasgup3/Github/strata-data/circuits --opcode vpblendw_xmm_xmm_xmm_imm8_239 
strata does not support 'vpblendw $0xef, %xmm3, %xmm2, %xmm1'.
/home/sdasgup3/Github/strata/stoke/bin/specgen compare --circuit_dir /home/sdasgup3/Github/strata-data/circuits --opcode vpblendw_xmm_xmm_xmm_imm8_240 
Equivalent.
/home/sdasgup3/Github/strata/stoke/bin/specgen compare --circuit_dir /home/sdasgup3/Github/strata-data/circuits --opcode vpblendw_xmm_xmm_xmm_imm8_241 
Equivalent.
/home/sdasgup3/Github/strata/stoke/bin/specgen compare --circuit_dir /home/sdasgup3/Github/strata-data/circuits --opcode vpblendw_xmm_xmm_xmm_imm8_242 
strata does not support 'vpblendw $0xf2, %xmm3, %xmm2, %xmm1'.
/home/sdasgup3/Github/strata/stoke/bin/specgen compare --circuit_dir /home/sdasgup3/Github/strata-data/circuits --opcode vpblendw_xmm_xmm_xmm_imm8_243 
Equivalent.
/home/sdasgup3/Github/strata/stoke/bin/specgen compare --circuit_dir /home/sdasgup3/Github/strata-data/circuits --opcode vpblendw_xmm_xmm_xmm_imm8_244 
strata does not support 'vpblendw $0xf4, %xmm3, %xmm2, %xmm1'.
/home/sdasgup3/Github/strata/stoke/bin/specgen compare --circuit_dir /home/sdasgup3/Github/strata-data/circuits --opcode vpblendw_xmm_xmm_xmm_imm8_245 
strata does not support 'vpblendw $0xf5, %xmm3, %xmm2, %xmm1'.
/home/sdasgup3/Github/strata/stoke/bin/specgen compare --circuit_dir /home/sdasgup3/Github/strata-data/circuits --opcode vpblendw_xmm_xmm_xmm_imm8_246 
strata does not support 'vpblendw $0xf6, %xmm3, %xmm2, %xmm1'.
/home/sdasgup3/Github/strata/stoke/bin/specgen compare --circuit_dir /home/sdasgup3/Github/strata-data/circuits --opcode vpblendw_xmm_xmm_xmm_imm8_247 
strata does not support 'vpblendw $0xf7, %xmm3, %xmm2, %xmm1'.
/home/sdasgup3/Github/strata/stoke/bin/specgen compare --circuit_dir /home/sdasgup3/Github/strata-data/circuits --opcode vpblendw_xmm_xmm_xmm_imm8_248 
strata does not support 'vpblendw $0xf8, %xmm3, %xmm2, %xmm1'.
/home/sdasgup3/Github/strata/stoke/bin/specgen compare --circuit_dir /home/sdasgup3/Github/strata-data/circuits --opcode vpblendw_xmm_xmm_xmm_imm8_249 
strata does not support 'vpblendw $0xf9, %xmm3, %xmm2, %xmm1'.
/home/sdasgup3/Github/strata/stoke/bin/specgen compare --circuit_dir /home/sdasgup3/Github/strata-data/circuits --opcode vpblendw_xmm_xmm_xmm_imm8_250 
strata does not support 'vpblendw $0xfa, %xmm3, %xmm2, %xmm1'.
/home/sdasgup3/Github/strata/stoke/bin/specgen compare --circuit_dir /home/sdasgup3/Github/strata-data/circuits --opcode vpblendw_xmm_xmm_xmm_imm8_251 
Equivalent.
/home/sdasgup3/Github/strata/stoke/bin/specgen compare --circuit_dir /home/sdasgup3/Github/strata-data/circuits --opcode vpblendw_xmm_xmm_xmm_imm8_252 
Equivalent.
/home/sdasgup3/Github/strata/stoke/bin/specgen compare --circuit_dir /home/sdasgup3/Github/strata-data/circuits --opcode vpblendw_xmm_xmm_xmm_imm8_253 
Equivalent.
/home/sdasgup3/Github/strata/stoke/bin/specgen compare --circuit_dir /home/sdasgup3/Github/strata-data/circuits --opcode vpblendw_xmm_xmm_xmm_imm8_254 
Equivalent.
/home/sdasgup3/Github/strata/stoke/bin/specgen compare --circuit_dir /home/sdasgup3/Github/strata-data/circuits --opcode vpblendw_xmm_xmm_xmm_imm8_255 
Equivalent.
