/home/sdasgup3/Github/strata/stoke/bin/specgen compare --circuit_dir /home/sdasgup3/Github/strata-data/circuits --opcode psraw_xmm_imm8_0 
Equivalent.
/home/sdasgup3/Github/strata/stoke/bin/specgen compare --circuit_dir /home/sdasgup3/Github/strata-data/circuits --opcode psraw_xmm_imm8_1 
strata does not support 'psraw $0x1, %xmm1'.
/home/sdasgup3/Github/strata/stoke/bin/specgen compare --circuit_dir /home/sdasgup3/Github/strata-data/circuits --opcode psraw_xmm_imm8_2 
strata does not support 'psraw $0x2, %xmm1'.
/home/sdasgup3/Github/strata/stoke/bin/specgen compare --circuit_dir /home/sdasgup3/Github/strata-data/circuits --opcode psraw_xmm_imm8_3 
strata does not support 'psraw $0x3, %xmm1'.
/home/sdasgup3/Github/strata/stoke/bin/specgen compare --circuit_dir /home/sdasgup3/Github/strata-data/circuits --opcode psraw_xmm_imm8_4 
strata does not support 'psraw $0x4, %xmm1'.
/home/sdasgup3/Github/strata/stoke/bin/specgen compare --circuit_dir /home/sdasgup3/Github/strata-data/circuits --opcode psraw_xmm_imm8_5 
strata does not support 'psraw $0x5, %xmm1'.
/home/sdasgup3/Github/strata/stoke/bin/specgen compare --circuit_dir /home/sdasgup3/Github/strata-data/circuits --opcode psraw_xmm_imm8_6 
strata does not support 'psraw $0x6, %xmm1'.
/home/sdasgup3/Github/strata/stoke/bin/specgen compare --circuit_dir /home/sdasgup3/Github/strata-data/circuits --opcode psraw_xmm_imm8_7 
strata does not support 'psraw $0x7, %xmm1'.
/home/sdasgup3/Github/strata/stoke/bin/specgen compare --circuit_dir /home/sdasgup3/Github/strata-data/circuits --opcode psraw_xmm_imm8_8 
strata does not support 'psraw $0x8, %xmm1'.
/home/sdasgup3/Github/strata/stoke/bin/specgen compare --circuit_dir /home/sdasgup3/Github/strata-data/circuits --opcode psraw_xmm_imm8_9 
strata does not support 'psraw $0x9, %xmm1'.
/home/sdasgup3/Github/strata/stoke/bin/specgen compare --circuit_dir /home/sdasgup3/Github/strata-data/circuits --opcode psraw_xmm_imm8_10 
strata does not support 'psraw $0xa, %xmm1'.
/home/sdasgup3/Github/strata/stoke/bin/specgen compare --circuit_dir /home/sdasgup3/Github/strata-data/circuits --opcode psraw_xmm_imm8_11 
strata does not support 'psraw $0xb, %xmm1'.
/home/sdasgup3/Github/strata/stoke/bin/specgen compare --circuit_dir /home/sdasgup3/Github/strata-data/circuits --opcode psraw_xmm_imm8_12 
strata does not support 'psraw $0xc, %xmm1'.
/home/sdasgup3/Github/strata/stoke/bin/specgen compare --circuit_dir /home/sdasgup3/Github/strata-data/circuits --opcode psraw_xmm_imm8_13 
strata does not support 'psraw $0xd, %xmm1'.
/home/sdasgup3/Github/strata/stoke/bin/specgen compare --circuit_dir /home/sdasgup3/Github/strata-data/circuits --opcode psraw_xmm_imm8_14 
strata does not support 'psraw $0xe, %xmm1'.
/home/sdasgup3/Github/strata/stoke/bin/specgen compare --circuit_dir /home/sdasgup3/Github/strata-data/circuits --opcode psraw_xmm_imm8_15 
strata does not support 'psraw $0xf, %xmm1'.
/home/sdasgup3/Github/strata/stoke/bin/specgen compare --circuit_dir /home/sdasgup3/Github/strata-data/circuits --opcode psraw_xmm_imm8_16 
strata does not support 'psraw $0x10, %xmm1'.
/home/sdasgup3/Github/strata/stoke/bin/specgen compare --circuit_dir /home/sdasgup3/Github/strata-data/circuits --opcode psraw_xmm_imm8_17 
strata does not support 'psraw $0x11, %xmm1'.
/home/sdasgup3/Github/strata/stoke/bin/specgen compare --circuit_dir /home/sdasgup3/Github/strata-data/circuits --opcode psraw_xmm_imm8_18 
strata does not support 'psraw $0x12, %xmm1'.
/home/sdasgup3/Github/strata/stoke/bin/specgen compare --circuit_dir /home/sdasgup3/Github/strata-data/circuits --opcode psraw_xmm_imm8_19 
strata does not support 'psraw $0x13, %xmm1'.
/home/sdasgup3/Github/strata/stoke/bin/specgen compare --circuit_dir /home/sdasgup3/Github/strata-data/circuits --opcode psraw_xmm_imm8_20 
strata does not support 'psraw $0x14, %xmm1'.
/home/sdasgup3/Github/strata/stoke/bin/specgen compare --circuit_dir /home/sdasgup3/Github/strata-data/circuits --opcode psraw_xmm_imm8_21 
strata does not support 'psraw $0x15, %xmm1'.
/home/sdasgup3/Github/strata/stoke/bin/specgen compare --circuit_dir /home/sdasgup3/Github/strata-data/circuits --opcode psraw_xmm_imm8_22 
strata does not support 'psraw $0x16, %xmm1'.
/home/sdasgup3/Github/strata/stoke/bin/specgen compare --circuit_dir /home/sdasgup3/Github/strata-data/circuits --opcode psraw_xmm_imm8_23 
strata does not support 'psraw $0x17, %xmm1'.
/home/sdasgup3/Github/strata/stoke/bin/specgen compare --circuit_dir /home/sdasgup3/Github/strata-data/circuits --opcode psraw_xmm_imm8_24 
strata does not support 'psraw $0x18, %xmm1'.
/home/sdasgup3/Github/strata/stoke/bin/specgen compare --circuit_dir /home/sdasgup3/Github/strata-data/circuits --opcode psraw_xmm_imm8_25 
strata does not support 'psraw $0x19, %xmm1'.
/home/sdasgup3/Github/strata/stoke/bin/specgen compare --circuit_dir /home/sdasgup3/Github/strata-data/circuits --opcode psraw_xmm_imm8_26 
strata does not support 'psraw $0x1a, %xmm1'.
/home/sdasgup3/Github/strata/stoke/bin/specgen compare --circuit_dir /home/sdasgup3/Github/strata-data/circuits --opcode psraw_xmm_imm8_27 
strata does not support 'psraw $0x1b, %xmm1'.
/home/sdasgup3/Github/strata/stoke/bin/specgen compare --circuit_dir /home/sdasgup3/Github/strata-data/circuits --opcode psraw_xmm_imm8_28 
strata does not support 'psraw $0x1c, %xmm1'.
/home/sdasgup3/Github/strata/stoke/bin/specgen compare --circuit_dir /home/sdasgup3/Github/strata-data/circuits --opcode psraw_xmm_imm8_29 
strata does not support 'psraw $0x1d, %xmm1'.
/home/sdasgup3/Github/strata/stoke/bin/specgen compare --circuit_dir /home/sdasgup3/Github/strata-data/circuits --opcode psraw_xmm_imm8_30 
strata does not support 'psraw $0x1e, %xmm1'.
/home/sdasgup3/Github/strata/stoke/bin/specgen compare --circuit_dir /home/sdasgup3/Github/strata-data/circuits --opcode psraw_xmm_imm8_31 
strata does not support 'psraw $0x1f, %xmm1'.
/home/sdasgup3/Github/strata/stoke/bin/specgen compare --circuit_dir /home/sdasgup3/Github/strata-data/circuits --opcode psraw_xmm_imm8_32 
strata does not support 'psraw $0x20, %xmm1'.
/home/sdasgup3/Github/strata/stoke/bin/specgen compare --circuit_dir /home/sdasgup3/Github/strata-data/circuits --opcode psraw_xmm_imm8_33 
strata does not support 'psraw $0x21, %xmm1'.
/home/sdasgup3/Github/strata/stoke/bin/specgen compare --circuit_dir /home/sdasgup3/Github/strata-data/circuits --opcode psraw_xmm_imm8_34 
strata does not support 'psraw $0x22, %xmm1'.
/home/sdasgup3/Github/strata/stoke/bin/specgen compare --circuit_dir /home/sdasgup3/Github/strata-data/circuits --opcode psraw_xmm_imm8_35 
strata does not support 'psraw $0x23, %xmm1'.
/home/sdasgup3/Github/strata/stoke/bin/specgen compare --circuit_dir /home/sdasgup3/Github/strata-data/circuits --opcode psraw_xmm_imm8_36 
strata does not support 'psraw $0x24, %xmm1'.
/home/sdasgup3/Github/strata/stoke/bin/specgen compare --circuit_dir /home/sdasgup3/Github/strata-data/circuits --opcode psraw_xmm_imm8_37 
strata does not support 'psraw $0x25, %xmm1'.
/home/sdasgup3/Github/strata/stoke/bin/specgen compare --circuit_dir /home/sdasgup3/Github/strata-data/circuits --opcode psraw_xmm_imm8_38 
strata does not support 'psraw $0x26, %xmm1'.
/home/sdasgup3/Github/strata/stoke/bin/specgen compare --circuit_dir /home/sdasgup3/Github/strata-data/circuits --opcode psraw_xmm_imm8_39 
strata does not support 'psraw $0x27, %xmm1'.
/home/sdasgup3/Github/strata/stoke/bin/specgen compare --circuit_dir /home/sdasgup3/Github/strata-data/circuits --opcode psraw_xmm_imm8_40 
strata does not support 'psraw $0x28, %xmm1'.
/home/sdasgup3/Github/strata/stoke/bin/specgen compare --circuit_dir /home/sdasgup3/Github/strata-data/circuits --opcode psraw_xmm_imm8_41 
strata does not support 'psraw $0x29, %xmm1'.
/home/sdasgup3/Github/strata/stoke/bin/specgen compare --circuit_dir /home/sdasgup3/Github/strata-data/circuits --opcode psraw_xmm_imm8_42 
strata does not support 'psraw $0x2a, %xmm1'.
/home/sdasgup3/Github/strata/stoke/bin/specgen compare --circuit_dir /home/sdasgup3/Github/strata-data/circuits --opcode psraw_xmm_imm8_43 
strata does not support 'psraw $0x2b, %xmm1'.
/home/sdasgup3/Github/strata/stoke/bin/specgen compare --circuit_dir /home/sdasgup3/Github/strata-data/circuits --opcode psraw_xmm_imm8_44 
strata does not support 'psraw $0x2c, %xmm1'.
/home/sdasgup3/Github/strata/stoke/bin/specgen compare --circuit_dir /home/sdasgup3/Github/strata-data/circuits --opcode psraw_xmm_imm8_45 
strata does not support 'psraw $0x2d, %xmm1'.
/home/sdasgup3/Github/strata/stoke/bin/specgen compare --circuit_dir /home/sdasgup3/Github/strata-data/circuits --opcode psraw_xmm_imm8_46 
strata does not support 'psraw $0x2e, %xmm1'.
/home/sdasgup3/Github/strata/stoke/bin/specgen compare --circuit_dir /home/sdasgup3/Github/strata-data/circuits --opcode psraw_xmm_imm8_47 
strata does not support 'psraw $0x2f, %xmm1'.
/home/sdasgup3/Github/strata/stoke/bin/specgen compare --circuit_dir /home/sdasgup3/Github/strata-data/circuits --opcode psraw_xmm_imm8_48 
strata does not support 'psraw $0x30, %xmm1'.
/home/sdasgup3/Github/strata/stoke/bin/specgen compare --circuit_dir /home/sdasgup3/Github/strata-data/circuits --opcode psraw_xmm_imm8_49 
strata does not support 'psraw $0x31, %xmm1'.
/home/sdasgup3/Github/strata/stoke/bin/specgen compare --circuit_dir /home/sdasgup3/Github/strata-data/circuits --opcode psraw_xmm_imm8_50 
strata does not support 'psraw $0x32, %xmm1'.
/home/sdasgup3/Github/strata/stoke/bin/specgen compare --circuit_dir /home/sdasgup3/Github/strata-data/circuits --opcode psraw_xmm_imm8_51 
strata does not support 'psraw $0x33, %xmm1'.
/home/sdasgup3/Github/strata/stoke/bin/specgen compare --circuit_dir /home/sdasgup3/Github/strata-data/circuits --opcode psraw_xmm_imm8_52 
strata does not support 'psraw $0x34, %xmm1'.
/home/sdasgup3/Github/strata/stoke/bin/specgen compare --circuit_dir /home/sdasgup3/Github/strata-data/circuits --opcode psraw_xmm_imm8_53 
strata does not support 'psraw $0x35, %xmm1'.
/home/sdasgup3/Github/strata/stoke/bin/specgen compare --circuit_dir /home/sdasgup3/Github/strata-data/circuits --opcode psraw_xmm_imm8_54 
strata does not support 'psraw $0x36, %xmm1'.
/home/sdasgup3/Github/strata/stoke/bin/specgen compare --circuit_dir /home/sdasgup3/Github/strata-data/circuits --opcode psraw_xmm_imm8_55 
strata does not support 'psraw $0x37, %xmm1'.
/home/sdasgup3/Github/strata/stoke/bin/specgen compare --circuit_dir /home/sdasgup3/Github/strata-data/circuits --opcode psraw_xmm_imm8_56 
strata does not support 'psraw $0x38, %xmm1'.
/home/sdasgup3/Github/strata/stoke/bin/specgen compare --circuit_dir /home/sdasgup3/Github/strata-data/circuits --opcode psraw_xmm_imm8_57 
strata does not support 'psraw $0x39, %xmm1'.
/home/sdasgup3/Github/strata/stoke/bin/specgen compare --circuit_dir /home/sdasgup3/Github/strata-data/circuits --opcode psraw_xmm_imm8_58 
strata does not support 'psraw $0x3a, %xmm1'.
/home/sdasgup3/Github/strata/stoke/bin/specgen compare --circuit_dir /home/sdasgup3/Github/strata-data/circuits --opcode psraw_xmm_imm8_59 
strata does not support 'psraw $0x3b, %xmm1'.
/home/sdasgup3/Github/strata/stoke/bin/specgen compare --circuit_dir /home/sdasgup3/Github/strata-data/circuits --opcode psraw_xmm_imm8_60 
strata does not support 'psraw $0x3c, %xmm1'.
/home/sdasgup3/Github/strata/stoke/bin/specgen compare --circuit_dir /home/sdasgup3/Github/strata-data/circuits --opcode psraw_xmm_imm8_61 
strata does not support 'psraw $0x3d, %xmm1'.
/home/sdasgup3/Github/strata/stoke/bin/specgen compare --circuit_dir /home/sdasgup3/Github/strata-data/circuits --opcode psraw_xmm_imm8_62 
strata does not support 'psraw $0x3e, %xmm1'.
/home/sdasgup3/Github/strata/stoke/bin/specgen compare --circuit_dir /home/sdasgup3/Github/strata-data/circuits --opcode psraw_xmm_imm8_63 
strata does not support 'psraw $0x3f, %xmm1'.
/home/sdasgup3/Github/strata/stoke/bin/specgen compare --circuit_dir /home/sdasgup3/Github/strata-data/circuits --opcode psraw_xmm_imm8_64 
strata does not support 'psraw $0x40, %xmm1'.
/home/sdasgup3/Github/strata/stoke/bin/specgen compare --circuit_dir /home/sdasgup3/Github/strata-data/circuits --opcode psraw_xmm_imm8_65 
strata does not support 'psraw $0x41, %xmm1'.
/home/sdasgup3/Github/strata/stoke/bin/specgen compare --circuit_dir /home/sdasgup3/Github/strata-data/circuits --opcode psraw_xmm_imm8_66 
strata does not support 'psraw $0x42, %xmm1'.
/home/sdasgup3/Github/strata/stoke/bin/specgen compare --circuit_dir /home/sdasgup3/Github/strata-data/circuits --opcode psraw_xmm_imm8_67 
strata does not support 'psraw $0x43, %xmm1'.
/home/sdasgup3/Github/strata/stoke/bin/specgen compare --circuit_dir /home/sdasgup3/Github/strata-data/circuits --opcode psraw_xmm_imm8_68 
strata does not support 'psraw $0x44, %xmm1'.
/home/sdasgup3/Github/strata/stoke/bin/specgen compare --circuit_dir /home/sdasgup3/Github/strata-data/circuits --opcode psraw_xmm_imm8_69 
strata does not support 'psraw $0x45, %xmm1'.
/home/sdasgup3/Github/strata/stoke/bin/specgen compare --circuit_dir /home/sdasgup3/Github/strata-data/circuits --opcode psraw_xmm_imm8_70 
strata does not support 'psraw $0x46, %xmm1'.
/home/sdasgup3/Github/strata/stoke/bin/specgen compare --circuit_dir /home/sdasgup3/Github/strata-data/circuits --opcode psraw_xmm_imm8_71 
strata does not support 'psraw $0x47, %xmm1'.
/home/sdasgup3/Github/strata/stoke/bin/specgen compare --circuit_dir /home/sdasgup3/Github/strata-data/circuits --opcode psraw_xmm_imm8_72 
strata does not support 'psraw $0x48, %xmm1'.
/home/sdasgup3/Github/strata/stoke/bin/specgen compare --circuit_dir /home/sdasgup3/Github/strata-data/circuits --opcode psraw_xmm_imm8_73 
strata does not support 'psraw $0x49, %xmm1'.
/home/sdasgup3/Github/strata/stoke/bin/specgen compare --circuit_dir /home/sdasgup3/Github/strata-data/circuits --opcode psraw_xmm_imm8_74 
strata does not support 'psraw $0x4a, %xmm1'.
/home/sdasgup3/Github/strata/stoke/bin/specgen compare --circuit_dir /home/sdasgup3/Github/strata-data/circuits --opcode psraw_xmm_imm8_75 
strata does not support 'psraw $0x4b, %xmm1'.
/home/sdasgup3/Github/strata/stoke/bin/specgen compare --circuit_dir /home/sdasgup3/Github/strata-data/circuits --opcode psraw_xmm_imm8_76 
strata does not support 'psraw $0x4c, %xmm1'.
/home/sdasgup3/Github/strata/stoke/bin/specgen compare --circuit_dir /home/sdasgup3/Github/strata-data/circuits --opcode psraw_xmm_imm8_77 
strata does not support 'psraw $0x4d, %xmm1'.
/home/sdasgup3/Github/strata/stoke/bin/specgen compare --circuit_dir /home/sdasgup3/Github/strata-data/circuits --opcode psraw_xmm_imm8_78 
strata does not support 'psraw $0x4e, %xmm1'.
/home/sdasgup3/Github/strata/stoke/bin/specgen compare --circuit_dir /home/sdasgup3/Github/strata-data/circuits --opcode psraw_xmm_imm8_79 
strata does not support 'psraw $0x4f, %xmm1'.
/home/sdasgup3/Github/strata/stoke/bin/specgen compare --circuit_dir /home/sdasgup3/Github/strata-data/circuits --opcode psraw_xmm_imm8_80 
strata does not support 'psraw $0x50, %xmm1'.
/home/sdasgup3/Github/strata/stoke/bin/specgen compare --circuit_dir /home/sdasgup3/Github/strata-data/circuits --opcode psraw_xmm_imm8_81 
strata does not support 'psraw $0x51, %xmm1'.
/home/sdasgup3/Github/strata/stoke/bin/specgen compare --circuit_dir /home/sdasgup3/Github/strata-data/circuits --opcode psraw_xmm_imm8_82 
strata does not support 'psraw $0x52, %xmm1'.
/home/sdasgup3/Github/strata/stoke/bin/specgen compare --circuit_dir /home/sdasgup3/Github/strata-data/circuits --opcode psraw_xmm_imm8_83 
strata does not support 'psraw $0x53, %xmm1'.
/home/sdasgup3/Github/strata/stoke/bin/specgen compare --circuit_dir /home/sdasgup3/Github/strata-data/circuits --opcode psraw_xmm_imm8_84 
strata does not support 'psraw $0x54, %xmm1'.
/home/sdasgup3/Github/strata/stoke/bin/specgen compare --circuit_dir /home/sdasgup3/Github/strata-data/circuits --opcode psraw_xmm_imm8_85 
strata does not support 'psraw $0x55, %xmm1'.
/home/sdasgup3/Github/strata/stoke/bin/specgen compare --circuit_dir /home/sdasgup3/Github/strata-data/circuits --opcode psraw_xmm_imm8_86 
strata does not support 'psraw $0x56, %xmm1'.
/home/sdasgup3/Github/strata/stoke/bin/specgen compare --circuit_dir /home/sdasgup3/Github/strata-data/circuits --opcode psraw_xmm_imm8_87 
strata does not support 'psraw $0x57, %xmm1'.
/home/sdasgup3/Github/strata/stoke/bin/specgen compare --circuit_dir /home/sdasgup3/Github/strata-data/circuits --opcode psraw_xmm_imm8_88 
strata does not support 'psraw $0x58, %xmm1'.
/home/sdasgup3/Github/strata/stoke/bin/specgen compare --circuit_dir /home/sdasgup3/Github/strata-data/circuits --opcode psraw_xmm_imm8_89 
strata does not support 'psraw $0x59, %xmm1'.
/home/sdasgup3/Github/strata/stoke/bin/specgen compare --circuit_dir /home/sdasgup3/Github/strata-data/circuits --opcode psraw_xmm_imm8_90 
strata does not support 'psraw $0x5a, %xmm1'.
/home/sdasgup3/Github/strata/stoke/bin/specgen compare --circuit_dir /home/sdasgup3/Github/strata-data/circuits --opcode psraw_xmm_imm8_91 
strata does not support 'psraw $0x5b, %xmm1'.
/home/sdasgup3/Github/strata/stoke/bin/specgen compare --circuit_dir /home/sdasgup3/Github/strata-data/circuits --opcode psraw_xmm_imm8_92 
strata does not support 'psraw $0x5c, %xmm1'.
/home/sdasgup3/Github/strata/stoke/bin/specgen compare --circuit_dir /home/sdasgup3/Github/strata-data/circuits --opcode psraw_xmm_imm8_93 
strata does not support 'psraw $0x5d, %xmm1'.
/home/sdasgup3/Github/strata/stoke/bin/specgen compare --circuit_dir /home/sdasgup3/Github/strata-data/circuits --opcode psraw_xmm_imm8_94 
strata does not support 'psraw $0x5e, %xmm1'.
/home/sdasgup3/Github/strata/stoke/bin/specgen compare --circuit_dir /home/sdasgup3/Github/strata-data/circuits --opcode psraw_xmm_imm8_95 
strata does not support 'psraw $0x5f, %xmm1'.
/home/sdasgup3/Github/strata/stoke/bin/specgen compare --circuit_dir /home/sdasgup3/Github/strata-data/circuits --opcode psraw_xmm_imm8_96 
strata does not support 'psraw $0x60, %xmm1'.
/home/sdasgup3/Github/strata/stoke/bin/specgen compare --circuit_dir /home/sdasgup3/Github/strata-data/circuits --opcode psraw_xmm_imm8_97 
strata does not support 'psraw $0x61, %xmm1'.
/home/sdasgup3/Github/strata/stoke/bin/specgen compare --circuit_dir /home/sdasgup3/Github/strata-data/circuits --opcode psraw_xmm_imm8_98 
strata does not support 'psraw $0x62, %xmm1'.
/home/sdasgup3/Github/strata/stoke/bin/specgen compare --circuit_dir /home/sdasgup3/Github/strata-data/circuits --opcode psraw_xmm_imm8_99 
strata does not support 'psraw $0x63, %xmm1'.
/home/sdasgup3/Github/strata/stoke/bin/specgen compare --circuit_dir /home/sdasgup3/Github/strata-data/circuits --opcode psraw_xmm_imm8_100 
strata does not support 'psraw $0x64, %xmm1'.
/home/sdasgup3/Github/strata/stoke/bin/specgen compare --circuit_dir /home/sdasgup3/Github/strata-data/circuits --opcode psraw_xmm_imm8_101 
strata does not support 'psraw $0x65, %xmm1'.
/home/sdasgup3/Github/strata/stoke/bin/specgen compare --circuit_dir /home/sdasgup3/Github/strata-data/circuits --opcode psraw_xmm_imm8_102 
strata does not support 'psraw $0x66, %xmm1'.
/home/sdasgup3/Github/strata/stoke/bin/specgen compare --circuit_dir /home/sdasgup3/Github/strata-data/circuits --opcode psraw_xmm_imm8_103 
strata does not support 'psraw $0x67, %xmm1'.
/home/sdasgup3/Github/strata/stoke/bin/specgen compare --circuit_dir /home/sdasgup3/Github/strata-data/circuits --opcode psraw_xmm_imm8_104 
strata does not support 'psraw $0x68, %xmm1'.
/home/sdasgup3/Github/strata/stoke/bin/specgen compare --circuit_dir /home/sdasgup3/Github/strata-data/circuits --opcode psraw_xmm_imm8_105 
strata does not support 'psraw $0x69, %xmm1'.
/home/sdasgup3/Github/strata/stoke/bin/specgen compare --circuit_dir /home/sdasgup3/Github/strata-data/circuits --opcode psraw_xmm_imm8_106 
strata does not support 'psraw $0x6a, %xmm1'.
/home/sdasgup3/Github/strata/stoke/bin/specgen compare --circuit_dir /home/sdasgup3/Github/strata-data/circuits --opcode psraw_xmm_imm8_107 
strata does not support 'psraw $0x6b, %xmm1'.
/home/sdasgup3/Github/strata/stoke/bin/specgen compare --circuit_dir /home/sdasgup3/Github/strata-data/circuits --opcode psraw_xmm_imm8_108 
strata does not support 'psraw $0x6c, %xmm1'.
/home/sdasgup3/Github/strata/stoke/bin/specgen compare --circuit_dir /home/sdasgup3/Github/strata-data/circuits --opcode psraw_xmm_imm8_109 
strata does not support 'psraw $0x6d, %xmm1'.
/home/sdasgup3/Github/strata/stoke/bin/specgen compare --circuit_dir /home/sdasgup3/Github/strata-data/circuits --opcode psraw_xmm_imm8_110 
strata does not support 'psraw $0x6e, %xmm1'.
/home/sdasgup3/Github/strata/stoke/bin/specgen compare --circuit_dir /home/sdasgup3/Github/strata-data/circuits --opcode psraw_xmm_imm8_111 
strata does not support 'psraw $0x6f, %xmm1'.
/home/sdasgup3/Github/strata/stoke/bin/specgen compare --circuit_dir /home/sdasgup3/Github/strata-data/circuits --opcode psraw_xmm_imm8_112 
strata does not support 'psraw $0x70, %xmm1'.
/home/sdasgup3/Github/strata/stoke/bin/specgen compare --circuit_dir /home/sdasgup3/Github/strata-data/circuits --opcode psraw_xmm_imm8_113 
strata does not support 'psraw $0x71, %xmm1'.
/home/sdasgup3/Github/strata/stoke/bin/specgen compare --circuit_dir /home/sdasgup3/Github/strata-data/circuits --opcode psraw_xmm_imm8_114 
strata does not support 'psraw $0x72, %xmm1'.
/home/sdasgup3/Github/strata/stoke/bin/specgen compare --circuit_dir /home/sdasgup3/Github/strata-data/circuits --opcode psraw_xmm_imm8_115 
strata does not support 'psraw $0x73, %xmm1'.
/home/sdasgup3/Github/strata/stoke/bin/specgen compare --circuit_dir /home/sdasgup3/Github/strata-data/circuits --opcode psraw_xmm_imm8_116 
strata does not support 'psraw $0x74, %xmm1'.
/home/sdasgup3/Github/strata/stoke/bin/specgen compare --circuit_dir /home/sdasgup3/Github/strata-data/circuits --opcode psraw_xmm_imm8_117 
strata does not support 'psraw $0x75, %xmm1'.
/home/sdasgup3/Github/strata/stoke/bin/specgen compare --circuit_dir /home/sdasgup3/Github/strata-data/circuits --opcode psraw_xmm_imm8_118 
strata does not support 'psraw $0x76, %xmm1'.
/home/sdasgup3/Github/strata/stoke/bin/specgen compare --circuit_dir /home/sdasgup3/Github/strata-data/circuits --opcode psraw_xmm_imm8_119 
strata does not support 'psraw $0x77, %xmm1'.
/home/sdasgup3/Github/strata/stoke/bin/specgen compare --circuit_dir /home/sdasgup3/Github/strata-data/circuits --opcode psraw_xmm_imm8_120 
strata does not support 'psraw $0x78, %xmm1'.
/home/sdasgup3/Github/strata/stoke/bin/specgen compare --circuit_dir /home/sdasgup3/Github/strata-data/circuits --opcode psraw_xmm_imm8_121 
strata does not support 'psraw $0x79, %xmm1'.
/home/sdasgup3/Github/strata/stoke/bin/specgen compare --circuit_dir /home/sdasgup3/Github/strata-data/circuits --opcode psraw_xmm_imm8_122 
strata does not support 'psraw $0x7a, %xmm1'.
/home/sdasgup3/Github/strata/stoke/bin/specgen compare --circuit_dir /home/sdasgup3/Github/strata-data/circuits --opcode psraw_xmm_imm8_123 
strata does not support 'psraw $0x7b, %xmm1'.
/home/sdasgup3/Github/strata/stoke/bin/specgen compare --circuit_dir /home/sdasgup3/Github/strata-data/circuits --opcode psraw_xmm_imm8_124 
strata does not support 'psraw $0x7c, %xmm1'.
/home/sdasgup3/Github/strata/stoke/bin/specgen compare --circuit_dir /home/sdasgup3/Github/strata-data/circuits --opcode psraw_xmm_imm8_125 
strata does not support 'psraw $0x7d, %xmm1'.
/home/sdasgup3/Github/strata/stoke/bin/specgen compare --circuit_dir /home/sdasgup3/Github/strata-data/circuits --opcode psraw_xmm_imm8_126 
strata does not support 'psraw $0x7e, %xmm1'.
/home/sdasgup3/Github/strata/stoke/bin/specgen compare --circuit_dir /home/sdasgup3/Github/strata-data/circuits --opcode psraw_xmm_imm8_127 
strata does not support 'psraw $0x7f, %xmm1'.
/home/sdasgup3/Github/strata/stoke/bin/specgen compare --circuit_dir /home/sdasgup3/Github/strata-data/circuits --opcode psraw_xmm_imm8_128 
strata does not support 'psraw $0x80, %xmm1'.
/home/sdasgup3/Github/strata/stoke/bin/specgen compare --circuit_dir /home/sdasgup3/Github/strata-data/circuits --opcode psraw_xmm_imm8_129 
strata does not support 'psraw $0x81, %xmm1'.
/home/sdasgup3/Github/strata/stoke/bin/specgen compare --circuit_dir /home/sdasgup3/Github/strata-data/circuits --opcode psraw_xmm_imm8_130 
strata does not support 'psraw $0x82, %xmm1'.
/home/sdasgup3/Github/strata/stoke/bin/specgen compare --circuit_dir /home/sdasgup3/Github/strata-data/circuits --opcode psraw_xmm_imm8_131 
strata does not support 'psraw $0x83, %xmm1'.
/home/sdasgup3/Github/strata/stoke/bin/specgen compare --circuit_dir /home/sdasgup3/Github/strata-data/circuits --opcode psraw_xmm_imm8_132 
strata does not support 'psraw $0x84, %xmm1'.
/home/sdasgup3/Github/strata/stoke/bin/specgen compare --circuit_dir /home/sdasgup3/Github/strata-data/circuits --opcode psraw_xmm_imm8_133 
strata does not support 'psraw $0x85, %xmm1'.
/home/sdasgup3/Github/strata/stoke/bin/specgen compare --circuit_dir /home/sdasgup3/Github/strata-data/circuits --opcode psraw_xmm_imm8_134 
strata does not support 'psraw $0x86, %xmm1'.
/home/sdasgup3/Github/strata/stoke/bin/specgen compare --circuit_dir /home/sdasgup3/Github/strata-data/circuits --opcode psraw_xmm_imm8_135 
strata does not support 'psraw $0x87, %xmm1'.
/home/sdasgup3/Github/strata/stoke/bin/specgen compare --circuit_dir /home/sdasgup3/Github/strata-data/circuits --opcode psraw_xmm_imm8_136 
strata does not support 'psraw $0x88, %xmm1'.
/home/sdasgup3/Github/strata/stoke/bin/specgen compare --circuit_dir /home/sdasgup3/Github/strata-data/circuits --opcode psraw_xmm_imm8_137 
strata does not support 'psraw $0x89, %xmm1'.
/home/sdasgup3/Github/strata/stoke/bin/specgen compare --circuit_dir /home/sdasgup3/Github/strata-data/circuits --opcode psraw_xmm_imm8_138 
strata does not support 'psraw $0x8a, %xmm1'.
/home/sdasgup3/Github/strata/stoke/bin/specgen compare --circuit_dir /home/sdasgup3/Github/strata-data/circuits --opcode psraw_xmm_imm8_139 
strata does not support 'psraw $0x8b, %xmm1'.
/home/sdasgup3/Github/strata/stoke/bin/specgen compare --circuit_dir /home/sdasgup3/Github/strata-data/circuits --opcode psraw_xmm_imm8_140 
strata does not support 'psraw $0x8c, %xmm1'.
/home/sdasgup3/Github/strata/stoke/bin/specgen compare --circuit_dir /home/sdasgup3/Github/strata-data/circuits --opcode psraw_xmm_imm8_141 
strata does not support 'psraw $0x8d, %xmm1'.
/home/sdasgup3/Github/strata/stoke/bin/specgen compare --circuit_dir /home/sdasgup3/Github/strata-data/circuits --opcode psraw_xmm_imm8_142 
strata does not support 'psraw $0x8e, %xmm1'.
/home/sdasgup3/Github/strata/stoke/bin/specgen compare --circuit_dir /home/sdasgup3/Github/strata-data/circuits --opcode psraw_xmm_imm8_143 
strata does not support 'psraw $0x8f, %xmm1'.
/home/sdasgup3/Github/strata/stoke/bin/specgen compare --circuit_dir /home/sdasgup3/Github/strata-data/circuits --opcode psraw_xmm_imm8_144 
strata does not support 'psraw $0x90, %xmm1'.
/home/sdasgup3/Github/strata/stoke/bin/specgen compare --circuit_dir /home/sdasgup3/Github/strata-data/circuits --opcode psraw_xmm_imm8_145 
strata does not support 'psraw $0x91, %xmm1'.
/home/sdasgup3/Github/strata/stoke/bin/specgen compare --circuit_dir /home/sdasgup3/Github/strata-data/circuits --opcode psraw_xmm_imm8_146 
strata does not support 'psraw $0x92, %xmm1'.
/home/sdasgup3/Github/strata/stoke/bin/specgen compare --circuit_dir /home/sdasgup3/Github/strata-data/circuits --opcode psraw_xmm_imm8_147 
strata does not support 'psraw $0x93, %xmm1'.
/home/sdasgup3/Github/strata/stoke/bin/specgen compare --circuit_dir /home/sdasgup3/Github/strata-data/circuits --opcode psraw_xmm_imm8_148 
strata does not support 'psraw $0x94, %xmm1'.
/home/sdasgup3/Github/strata/stoke/bin/specgen compare --circuit_dir /home/sdasgup3/Github/strata-data/circuits --opcode psraw_xmm_imm8_149 
strata does not support 'psraw $0x95, %xmm1'.
/home/sdasgup3/Github/strata/stoke/bin/specgen compare --circuit_dir /home/sdasgup3/Github/strata-data/circuits --opcode psraw_xmm_imm8_150 
strata does not support 'psraw $0x96, %xmm1'.
/home/sdasgup3/Github/strata/stoke/bin/specgen compare --circuit_dir /home/sdasgup3/Github/strata-data/circuits --opcode psraw_xmm_imm8_151 
strata does not support 'psraw $0x97, %xmm1'.
/home/sdasgup3/Github/strata/stoke/bin/specgen compare --circuit_dir /home/sdasgup3/Github/strata-data/circuits --opcode psraw_xmm_imm8_152 
strata does not support 'psraw $0x98, %xmm1'.
/home/sdasgup3/Github/strata/stoke/bin/specgen compare --circuit_dir /home/sdasgup3/Github/strata-data/circuits --opcode psraw_xmm_imm8_153 
strata does not support 'psraw $0x99, %xmm1'.
/home/sdasgup3/Github/strata/stoke/bin/specgen compare --circuit_dir /home/sdasgup3/Github/strata-data/circuits --opcode psraw_xmm_imm8_154 
strata does not support 'psraw $0x9a, %xmm1'.
/home/sdasgup3/Github/strata/stoke/bin/specgen compare --circuit_dir /home/sdasgup3/Github/strata-data/circuits --opcode psraw_xmm_imm8_155 
strata does not support 'psraw $0x9b, %xmm1'.
/home/sdasgup3/Github/strata/stoke/bin/specgen compare --circuit_dir /home/sdasgup3/Github/strata-data/circuits --opcode psraw_xmm_imm8_156 
strata does not support 'psraw $0x9c, %xmm1'.
/home/sdasgup3/Github/strata/stoke/bin/specgen compare --circuit_dir /home/sdasgup3/Github/strata-data/circuits --opcode psraw_xmm_imm8_157 
strata does not support 'psraw $0x9d, %xmm1'.
/home/sdasgup3/Github/strata/stoke/bin/specgen compare --circuit_dir /home/sdasgup3/Github/strata-data/circuits --opcode psraw_xmm_imm8_158 
strata does not support 'psraw $0x9e, %xmm1'.
/home/sdasgup3/Github/strata/stoke/bin/specgen compare --circuit_dir /home/sdasgup3/Github/strata-data/circuits --opcode psraw_xmm_imm8_159 
strata does not support 'psraw $0x9f, %xmm1'.
/home/sdasgup3/Github/strata/stoke/bin/specgen compare --circuit_dir /home/sdasgup3/Github/strata-data/circuits --opcode psraw_xmm_imm8_160 
strata does not support 'psraw $0xa0, %xmm1'.
/home/sdasgup3/Github/strata/stoke/bin/specgen compare --circuit_dir /home/sdasgup3/Github/strata-data/circuits --opcode psraw_xmm_imm8_161 
strata does not support 'psraw $0xa1, %xmm1'.
/home/sdasgup3/Github/strata/stoke/bin/specgen compare --circuit_dir /home/sdasgup3/Github/strata-data/circuits --opcode psraw_xmm_imm8_162 
strata does not support 'psraw $0xa2, %xmm1'.
/home/sdasgup3/Github/strata/stoke/bin/specgen compare --circuit_dir /home/sdasgup3/Github/strata-data/circuits --opcode psraw_xmm_imm8_163 
strata does not support 'psraw $0xa3, %xmm1'.
/home/sdasgup3/Github/strata/stoke/bin/specgen compare --circuit_dir /home/sdasgup3/Github/strata-data/circuits --opcode psraw_xmm_imm8_164 
strata does not support 'psraw $0xa4, %xmm1'.
/home/sdasgup3/Github/strata/stoke/bin/specgen compare --circuit_dir /home/sdasgup3/Github/strata-data/circuits --opcode psraw_xmm_imm8_165 
strata does not support 'psraw $0xa5, %xmm1'.
/home/sdasgup3/Github/strata/stoke/bin/specgen compare --circuit_dir /home/sdasgup3/Github/strata-data/circuits --opcode psraw_xmm_imm8_166 
strata does not support 'psraw $0xa6, %xmm1'.
/home/sdasgup3/Github/strata/stoke/bin/specgen compare --circuit_dir /home/sdasgup3/Github/strata-data/circuits --opcode psraw_xmm_imm8_167 
strata does not support 'psraw $0xa7, %xmm1'.
/home/sdasgup3/Github/strata/stoke/bin/specgen compare --circuit_dir /home/sdasgup3/Github/strata-data/circuits --opcode psraw_xmm_imm8_168 
strata does not support 'psraw $0xa8, %xmm1'.
/home/sdasgup3/Github/strata/stoke/bin/specgen compare --circuit_dir /home/sdasgup3/Github/strata-data/circuits --opcode psraw_xmm_imm8_169 
strata does not support 'psraw $0xa9, %xmm1'.
/home/sdasgup3/Github/strata/stoke/bin/specgen compare --circuit_dir /home/sdasgup3/Github/strata-data/circuits --opcode psraw_xmm_imm8_170 
strata does not support 'psraw $0xaa, %xmm1'.
/home/sdasgup3/Github/strata/stoke/bin/specgen compare --circuit_dir /home/sdasgup3/Github/strata-data/circuits --opcode psraw_xmm_imm8_171 
strata does not support 'psraw $0xab, %xmm1'.
/home/sdasgup3/Github/strata/stoke/bin/specgen compare --circuit_dir /home/sdasgup3/Github/strata-data/circuits --opcode psraw_xmm_imm8_172 
strata does not support 'psraw $0xac, %xmm1'.
/home/sdasgup3/Github/strata/stoke/bin/specgen compare --circuit_dir /home/sdasgup3/Github/strata-data/circuits --opcode psraw_xmm_imm8_173 
strata does not support 'psraw $0xad, %xmm1'.
/home/sdasgup3/Github/strata/stoke/bin/specgen compare --circuit_dir /home/sdasgup3/Github/strata-data/circuits --opcode psraw_xmm_imm8_174 
strata does not support 'psraw $0xae, %xmm1'.
/home/sdasgup3/Github/strata/stoke/bin/specgen compare --circuit_dir /home/sdasgup3/Github/strata-data/circuits --opcode psraw_xmm_imm8_175 
strata does not support 'psraw $0xaf, %xmm1'.
/home/sdasgup3/Github/strata/stoke/bin/specgen compare --circuit_dir /home/sdasgup3/Github/strata-data/circuits --opcode psraw_xmm_imm8_176 
strata does not support 'psraw $0xb0, %xmm1'.
/home/sdasgup3/Github/strata/stoke/bin/specgen compare --circuit_dir /home/sdasgup3/Github/strata-data/circuits --opcode psraw_xmm_imm8_177 
strata does not support 'psraw $0xb1, %xmm1'.
/home/sdasgup3/Github/strata/stoke/bin/specgen compare --circuit_dir /home/sdasgup3/Github/strata-data/circuits --opcode psraw_xmm_imm8_178 
strata does not support 'psraw $0xb2, %xmm1'.
/home/sdasgup3/Github/strata/stoke/bin/specgen compare --circuit_dir /home/sdasgup3/Github/strata-data/circuits --opcode psraw_xmm_imm8_179 
strata does not support 'psraw $0xb3, %xmm1'.
/home/sdasgup3/Github/strata/stoke/bin/specgen compare --circuit_dir /home/sdasgup3/Github/strata-data/circuits --opcode psraw_xmm_imm8_180 
strata does not support 'psraw $0xb4, %xmm1'.
/home/sdasgup3/Github/strata/stoke/bin/specgen compare --circuit_dir /home/sdasgup3/Github/strata-data/circuits --opcode psraw_xmm_imm8_181 
strata does not support 'psraw $0xb5, %xmm1'.
/home/sdasgup3/Github/strata/stoke/bin/specgen compare --circuit_dir /home/sdasgup3/Github/strata-data/circuits --opcode psraw_xmm_imm8_182 
strata does not support 'psraw $0xb6, %xmm1'.
/home/sdasgup3/Github/strata/stoke/bin/specgen compare --circuit_dir /home/sdasgup3/Github/strata-data/circuits --opcode psraw_xmm_imm8_183 
strata does not support 'psraw $0xb7, %xmm1'.
/home/sdasgup3/Github/strata/stoke/bin/specgen compare --circuit_dir /home/sdasgup3/Github/strata-data/circuits --opcode psraw_xmm_imm8_184 
strata does not support 'psraw $0xb8, %xmm1'.
/home/sdasgup3/Github/strata/stoke/bin/specgen compare --circuit_dir /home/sdasgup3/Github/strata-data/circuits --opcode psraw_xmm_imm8_185 
strata does not support 'psraw $0xb9, %xmm1'.
/home/sdasgup3/Github/strata/stoke/bin/specgen compare --circuit_dir /home/sdasgup3/Github/strata-data/circuits --opcode psraw_xmm_imm8_186 
strata does not support 'psraw $0xba, %xmm1'.
/home/sdasgup3/Github/strata/stoke/bin/specgen compare --circuit_dir /home/sdasgup3/Github/strata-data/circuits --opcode psraw_xmm_imm8_187 
strata does not support 'psraw $0xbb, %xmm1'.
/home/sdasgup3/Github/strata/stoke/bin/specgen compare --circuit_dir /home/sdasgup3/Github/strata-data/circuits --opcode psraw_xmm_imm8_188 
strata does not support 'psraw $0xbc, %xmm1'.
/home/sdasgup3/Github/strata/stoke/bin/specgen compare --circuit_dir /home/sdasgup3/Github/strata-data/circuits --opcode psraw_xmm_imm8_189 
strata does not support 'psraw $0xbd, %xmm1'.
/home/sdasgup3/Github/strata/stoke/bin/specgen compare --circuit_dir /home/sdasgup3/Github/strata-data/circuits --opcode psraw_xmm_imm8_190 
strata does not support 'psraw $0xbe, %xmm1'.
/home/sdasgup3/Github/strata/stoke/bin/specgen compare --circuit_dir /home/sdasgup3/Github/strata-data/circuits --opcode psraw_xmm_imm8_191 
strata does not support 'psraw $0xbf, %xmm1'.
/home/sdasgup3/Github/strata/stoke/bin/specgen compare --circuit_dir /home/sdasgup3/Github/strata-data/circuits --opcode psraw_xmm_imm8_192 
strata does not support 'psraw $0xc0, %xmm1'.
/home/sdasgup3/Github/strata/stoke/bin/specgen compare --circuit_dir /home/sdasgup3/Github/strata-data/circuits --opcode psraw_xmm_imm8_193 
strata does not support 'psraw $0xc1, %xmm1'.
/home/sdasgup3/Github/strata/stoke/bin/specgen compare --circuit_dir /home/sdasgup3/Github/strata-data/circuits --opcode psraw_xmm_imm8_194 
strata does not support 'psraw $0xc2, %xmm1'.
/home/sdasgup3/Github/strata/stoke/bin/specgen compare --circuit_dir /home/sdasgup3/Github/strata-data/circuits --opcode psraw_xmm_imm8_195 
strata does not support 'psraw $0xc3, %xmm1'.
/home/sdasgup3/Github/strata/stoke/bin/specgen compare --circuit_dir /home/sdasgup3/Github/strata-data/circuits --opcode psraw_xmm_imm8_196 
strata does not support 'psraw $0xc4, %xmm1'.
/home/sdasgup3/Github/strata/stoke/bin/specgen compare --circuit_dir /home/sdasgup3/Github/strata-data/circuits --opcode psraw_xmm_imm8_197 
strata does not support 'psraw $0xc5, %xmm1'.
/home/sdasgup3/Github/strata/stoke/bin/specgen compare --circuit_dir /home/sdasgup3/Github/strata-data/circuits --opcode psraw_xmm_imm8_198 
strata does not support 'psraw $0xc6, %xmm1'.
/home/sdasgup3/Github/strata/stoke/bin/specgen compare --circuit_dir /home/sdasgup3/Github/strata-data/circuits --opcode psraw_xmm_imm8_199 
strata does not support 'psraw $0xc7, %xmm1'.
/home/sdasgup3/Github/strata/stoke/bin/specgen compare --circuit_dir /home/sdasgup3/Github/strata-data/circuits --opcode psraw_xmm_imm8_200 
strata does not support 'psraw $0xc8, %xmm1'.
/home/sdasgup3/Github/strata/stoke/bin/specgen compare --circuit_dir /home/sdasgup3/Github/strata-data/circuits --opcode psraw_xmm_imm8_201 
strata does not support 'psraw $0xc9, %xmm1'.
/home/sdasgup3/Github/strata/stoke/bin/specgen compare --circuit_dir /home/sdasgup3/Github/strata-data/circuits --opcode psraw_xmm_imm8_202 
strata does not support 'psraw $0xca, %xmm1'.
/home/sdasgup3/Github/strata/stoke/bin/specgen compare --circuit_dir /home/sdasgup3/Github/strata-data/circuits --opcode psraw_xmm_imm8_203 
strata does not support 'psraw $0xcb, %xmm1'.
/home/sdasgup3/Github/strata/stoke/bin/specgen compare --circuit_dir /home/sdasgup3/Github/strata-data/circuits --opcode psraw_xmm_imm8_204 
strata does not support 'psraw $0xcc, %xmm1'.
/home/sdasgup3/Github/strata/stoke/bin/specgen compare --circuit_dir /home/sdasgup3/Github/strata-data/circuits --opcode psraw_xmm_imm8_205 
strata does not support 'psraw $0xcd, %xmm1'.
/home/sdasgup3/Github/strata/stoke/bin/specgen compare --circuit_dir /home/sdasgup3/Github/strata-data/circuits --opcode psraw_xmm_imm8_206 
strata does not support 'psraw $0xce, %xmm1'.
/home/sdasgup3/Github/strata/stoke/bin/specgen compare --circuit_dir /home/sdasgup3/Github/strata-data/circuits --opcode psraw_xmm_imm8_207 
strata does not support 'psraw $0xcf, %xmm1'.
/home/sdasgup3/Github/strata/stoke/bin/specgen compare --circuit_dir /home/sdasgup3/Github/strata-data/circuits --opcode psraw_xmm_imm8_208 
strata does not support 'psraw $0xd0, %xmm1'.
/home/sdasgup3/Github/strata/stoke/bin/specgen compare --circuit_dir /home/sdasgup3/Github/strata-data/circuits --opcode psraw_xmm_imm8_209 
strata does not support 'psraw $0xd1, %xmm1'.
/home/sdasgup3/Github/strata/stoke/bin/specgen compare --circuit_dir /home/sdasgup3/Github/strata-data/circuits --opcode psraw_xmm_imm8_210 
strata does not support 'psraw $0xd2, %xmm1'.
/home/sdasgup3/Github/strata/stoke/bin/specgen compare --circuit_dir /home/sdasgup3/Github/strata-data/circuits --opcode psraw_xmm_imm8_211 
strata does not support 'psraw $0xd3, %xmm1'.
/home/sdasgup3/Github/strata/stoke/bin/specgen compare --circuit_dir /home/sdasgup3/Github/strata-data/circuits --opcode psraw_xmm_imm8_212 
strata does not support 'psraw $0xd4, %xmm1'.
/home/sdasgup3/Github/strata/stoke/bin/specgen compare --circuit_dir /home/sdasgup3/Github/strata-data/circuits --opcode psraw_xmm_imm8_213 
strata does not support 'psraw $0xd5, %xmm1'.
/home/sdasgup3/Github/strata/stoke/bin/specgen compare --circuit_dir /home/sdasgup3/Github/strata-data/circuits --opcode psraw_xmm_imm8_214 
strata does not support 'psraw $0xd6, %xmm1'.
/home/sdasgup3/Github/strata/stoke/bin/specgen compare --circuit_dir /home/sdasgup3/Github/strata-data/circuits --opcode psraw_xmm_imm8_215 
strata does not support 'psraw $0xd7, %xmm1'.
/home/sdasgup3/Github/strata/stoke/bin/specgen compare --circuit_dir /home/sdasgup3/Github/strata-data/circuits --opcode psraw_xmm_imm8_216 
strata does not support 'psraw $0xd8, %xmm1'.
/home/sdasgup3/Github/strata/stoke/bin/specgen compare --circuit_dir /home/sdasgup3/Github/strata-data/circuits --opcode psraw_xmm_imm8_217 
strata does not support 'psraw $0xd9, %xmm1'.
/home/sdasgup3/Github/strata/stoke/bin/specgen compare --circuit_dir /home/sdasgup3/Github/strata-data/circuits --opcode psraw_xmm_imm8_218 
strata does not support 'psraw $0xda, %xmm1'.
/home/sdasgup3/Github/strata/stoke/bin/specgen compare --circuit_dir /home/sdasgup3/Github/strata-data/circuits --opcode psraw_xmm_imm8_219 
strata does not support 'psraw $0xdb, %xmm1'.
/home/sdasgup3/Github/strata/stoke/bin/specgen compare --circuit_dir /home/sdasgup3/Github/strata-data/circuits --opcode psraw_xmm_imm8_220 
strata does not support 'psraw $0xdc, %xmm1'.
/home/sdasgup3/Github/strata/stoke/bin/specgen compare --circuit_dir /home/sdasgup3/Github/strata-data/circuits --opcode psraw_xmm_imm8_221 
strata does not support 'psraw $0xdd, %xmm1'.
/home/sdasgup3/Github/strata/stoke/bin/specgen compare --circuit_dir /home/sdasgup3/Github/strata-data/circuits --opcode psraw_xmm_imm8_222 
strata does not support 'psraw $0xde, %xmm1'.
/home/sdasgup3/Github/strata/stoke/bin/specgen compare --circuit_dir /home/sdasgup3/Github/strata-data/circuits --opcode psraw_xmm_imm8_223 
strata does not support 'psraw $0xdf, %xmm1'.
/home/sdasgup3/Github/strata/stoke/bin/specgen compare --circuit_dir /home/sdasgup3/Github/strata-data/circuits --opcode psraw_xmm_imm8_224 
strata does not support 'psraw $0xe0, %xmm1'.
/home/sdasgup3/Github/strata/stoke/bin/specgen compare --circuit_dir /home/sdasgup3/Github/strata-data/circuits --opcode psraw_xmm_imm8_225 
strata does not support 'psraw $0xe1, %xmm1'.
/home/sdasgup3/Github/strata/stoke/bin/specgen compare --circuit_dir /home/sdasgup3/Github/strata-data/circuits --opcode psraw_xmm_imm8_226 
strata does not support 'psraw $0xe2, %xmm1'.
/home/sdasgup3/Github/strata/stoke/bin/specgen compare --circuit_dir /home/sdasgup3/Github/strata-data/circuits --opcode psraw_xmm_imm8_227 
strata does not support 'psraw $0xe3, %xmm1'.
/home/sdasgup3/Github/strata/stoke/bin/specgen compare --circuit_dir /home/sdasgup3/Github/strata-data/circuits --opcode psraw_xmm_imm8_228 
strata does not support 'psraw $0xe4, %xmm1'.
/home/sdasgup3/Github/strata/stoke/bin/specgen compare --circuit_dir /home/sdasgup3/Github/strata-data/circuits --opcode psraw_xmm_imm8_229 
strata does not support 'psraw $0xe5, %xmm1'.
/home/sdasgup3/Github/strata/stoke/bin/specgen compare --circuit_dir /home/sdasgup3/Github/strata-data/circuits --opcode psraw_xmm_imm8_230 
strata does not support 'psraw $0xe6, %xmm1'.
/home/sdasgup3/Github/strata/stoke/bin/specgen compare --circuit_dir /home/sdasgup3/Github/strata-data/circuits --opcode psraw_xmm_imm8_231 
strata does not support 'psraw $0xe7, %xmm1'.
/home/sdasgup3/Github/strata/stoke/bin/specgen compare --circuit_dir /home/sdasgup3/Github/strata-data/circuits --opcode psraw_xmm_imm8_232 
strata does not support 'psraw $0xe8, %xmm1'.
/home/sdasgup3/Github/strata/stoke/bin/specgen compare --circuit_dir /home/sdasgup3/Github/strata-data/circuits --opcode psraw_xmm_imm8_233 
strata does not support 'psraw $0xe9, %xmm1'.
/home/sdasgup3/Github/strata/stoke/bin/specgen compare --circuit_dir /home/sdasgup3/Github/strata-data/circuits --opcode psraw_xmm_imm8_234 
strata does not support 'psraw $0xea, %xmm1'.
/home/sdasgup3/Github/strata/stoke/bin/specgen compare --circuit_dir /home/sdasgup3/Github/strata-data/circuits --opcode psraw_xmm_imm8_235 
strata does not support 'psraw $0xeb, %xmm1'.
/home/sdasgup3/Github/strata/stoke/bin/specgen compare --circuit_dir /home/sdasgup3/Github/strata-data/circuits --opcode psraw_xmm_imm8_236 
strata does not support 'psraw $0xec, %xmm1'.
/home/sdasgup3/Github/strata/stoke/bin/specgen compare --circuit_dir /home/sdasgup3/Github/strata-data/circuits --opcode psraw_xmm_imm8_237 
strata does not support 'psraw $0xed, %xmm1'.
/home/sdasgup3/Github/strata/stoke/bin/specgen compare --circuit_dir /home/sdasgup3/Github/strata-data/circuits --opcode psraw_xmm_imm8_238 
strata does not support 'psraw $0xee, %xmm1'.
/home/sdasgup3/Github/strata/stoke/bin/specgen compare --circuit_dir /home/sdasgup3/Github/strata-data/circuits --opcode psraw_xmm_imm8_239 
strata does not support 'psraw $0xef, %xmm1'.
/home/sdasgup3/Github/strata/stoke/bin/specgen compare --circuit_dir /home/sdasgup3/Github/strata-data/circuits --opcode psraw_xmm_imm8_240 
strata does not support 'psraw $0xf0, %xmm1'.
/home/sdasgup3/Github/strata/stoke/bin/specgen compare --circuit_dir /home/sdasgup3/Github/strata-data/circuits --opcode psraw_xmm_imm8_241 
strata does not support 'psraw $0xf1, %xmm1'.
/home/sdasgup3/Github/strata/stoke/bin/specgen compare --circuit_dir /home/sdasgup3/Github/strata-data/circuits --opcode psraw_xmm_imm8_242 
strata does not support 'psraw $0xf2, %xmm1'.
/home/sdasgup3/Github/strata/stoke/bin/specgen compare --circuit_dir /home/sdasgup3/Github/strata-data/circuits --opcode psraw_xmm_imm8_243 
strata does not support 'psraw $0xf3, %xmm1'.
/home/sdasgup3/Github/strata/stoke/bin/specgen compare --circuit_dir /home/sdasgup3/Github/strata-data/circuits --opcode psraw_xmm_imm8_244 
strata does not support 'psraw $0xf4, %xmm1'.
/home/sdasgup3/Github/strata/stoke/bin/specgen compare --circuit_dir /home/sdasgup3/Github/strata-data/circuits --opcode psraw_xmm_imm8_245 
strata does not support 'psraw $0xf5, %xmm1'.
/home/sdasgup3/Github/strata/stoke/bin/specgen compare --circuit_dir /home/sdasgup3/Github/strata-data/circuits --opcode psraw_xmm_imm8_246 
strata does not support 'psraw $0xf6, %xmm1'.
/home/sdasgup3/Github/strata/stoke/bin/specgen compare --circuit_dir /home/sdasgup3/Github/strata-data/circuits --opcode psraw_xmm_imm8_247 
strata does not support 'psraw $0xf7, %xmm1'.
/home/sdasgup3/Github/strata/stoke/bin/specgen compare --circuit_dir /home/sdasgup3/Github/strata-data/circuits --opcode psraw_xmm_imm8_248 
strata does not support 'psraw $0xf8, %xmm1'.
/home/sdasgup3/Github/strata/stoke/bin/specgen compare --circuit_dir /home/sdasgup3/Github/strata-data/circuits --opcode psraw_xmm_imm8_249 
strata does not support 'psraw $0xf9, %xmm1'.
/home/sdasgup3/Github/strata/stoke/bin/specgen compare --circuit_dir /home/sdasgup3/Github/strata-data/circuits --opcode psraw_xmm_imm8_250 
strata does not support 'psraw $0xfa, %xmm1'.
/home/sdasgup3/Github/strata/stoke/bin/specgen compare --circuit_dir /home/sdasgup3/Github/strata-data/circuits --opcode psraw_xmm_imm8_251 
strata does not support 'psraw $0xfb, %xmm1'.
/home/sdasgup3/Github/strata/stoke/bin/specgen compare --circuit_dir /home/sdasgup3/Github/strata-data/circuits --opcode psraw_xmm_imm8_252 
strata does not support 'psraw $0xfc, %xmm1'.
/home/sdasgup3/Github/strata/stoke/bin/specgen compare --circuit_dir /home/sdasgup3/Github/strata-data/circuits --opcode psraw_xmm_imm8_253 
strata does not support 'psraw $0xfd, %xmm1'.
/home/sdasgup3/Github/strata/stoke/bin/specgen compare --circuit_dir /home/sdasgup3/Github/strata-data/circuits --opcode psraw_xmm_imm8_254 
strata does not support 'psraw $0xfe, %xmm1'.
/home/sdasgup3/Github/strata/stoke/bin/specgen compare --circuit_dir /home/sdasgup3/Github/strata-data/circuits --opcode psraw_xmm_imm8_255 
strata does not support 'psraw $0xff, %xmm1'.
