[4m[1m[34mFiring 30.[0m
Thread 1 start: dppd_xmm_xmm_imm8_1
timeout 30m  /home/sdasgup3/Github/strata/stoke/./bin/stoke_check_circuit --strata_path /home/sdasgup3/Github/strata-data/circuits --target concrete_instances/immediate-variants/dppd_xmm_xmm_imm8/instructions/dppd_xmm_xmm_imm8_1/dppd_xmm_xmm_imm8_1.s --functions /home/sdasgup3/Github/strata-data/data-regs/functions --testcases /home/sdasgup3/Github/strata-data/data-regs/testcases.tc --def_in "{ %xmm1 %xmm2 }" --live_out "{ %xmm1 }" --maybe_undef_out "{ }" 
Thread 4 start: dppd_xmm_xmm_imm8_5
timeout 30m  /home/sdasgup3/Github/strata/stoke/./bin/stoke_check_circuit --strata_path /home/sdasgup3/Github/strata-data/circuits --target concrete_instances/immediate-variants/dppd_xmm_xmm_imm8/instructions/dppd_xmm_xmm_imm8_5/dppd_xmm_xmm_imm8_5.s --functions /home/sdasgup3/Github/strata-data/data-regs/functions --testcases /home/sdasgup3/Github/strata-data/data-regs/testcases.tc --def_in "{ %xmm1 %xmm2 }" --live_out "{ %xmm1 }" --maybe_undef_out "{ }" 
Thread 2 start: dppd_xmm_xmm_imm8_2
timeout 30m  /home/sdasgup3/Github/strata/stoke/./bin/stoke_check_circuit --strata_path /home/sdasgup3/Github/strata-data/circuits --target concrete_instances/immediate-variants/dppd_xmm_xmm_imm8/instructions/dppd_xmm_xmm_imm8_2/dppd_xmm_xmm_imm8_2.s --functions /home/sdasgup3/Github/strata-data/data-regs/functions --testcases /home/sdasgup3/Github/strata-data/data-regs/testcases.tc --def_in "{ %xmm1 %xmm2 }" --live_out "{ %xmm1 }" --maybe_undef_out "{ }" 
Thread 3 start: dppd_xmm_xmm_imm8_3
timeout 30m  /home/sdasgup3/Github/strata/stoke/./bin/stoke_check_circuit --strata_path /home/sdasgup3/Github/strata-data/circuits --target concrete_instances/immediate-variants/dppd_xmm_xmm_imm8/instructions/dppd_xmm_xmm_imm8_3/dppd_xmm_xmm_imm8_3.s --functions /home/sdasgup3/Github/strata-data/data-regs/functions --testcases /home/sdasgup3/Github/strata-data/data-regs/testcases.tc --def_in "{ %xmm1 %xmm2 }" --live_out "{ %xmm1 }" --maybe_undef_out "{ }" 
Thread 7 start: dppd_xmm_xmm_imm8_9
timeout 30m  /home/sdasgup3/Github/strata/stoke/./bin/stoke_check_circuit --strata_path /home/sdasgup3/Github/strata-data/circuits --target concrete_instances/immediate-variants/dppd_xmm_xmm_imm8/instructions/dppd_xmm_xmm_imm8_9/dppd_xmm_xmm_imm8_9.s --functions /home/sdasgup3/Github/strata-data/data-regs/functions --testcases /home/sdasgup3/Github/strata-data/data-regs/testcases.tc --def_in "{ %xmm1 %xmm2 }" --live_out "{ %xmm1 }" --maybe_undef_out "{ }" 
Thread 6 start: dppd_xmm_xmm_imm8_7
timeout 30m  /home/sdasgup3/Github/strata/stoke/./bin/stoke_check_circuit --strata_path /home/sdasgup3/Github/strata-data/circuits --target concrete_instances/immediate-variants/dppd_xmm_xmm_imm8/instructions/dppd_xmm_xmm_imm8_7/dppd_xmm_xmm_imm8_7.s --functions /home/sdasgup3/Github/strata-data/data-regs/functions --testcases /home/sdasgup3/Github/strata-data/data-regs/testcases.tc --def_in "{ %xmm1 %xmm2 }" --live_out "{ %xmm1 }" --maybe_undef_out "{ }" 
Thread 5 start: dppd_xmm_xmm_imm8_6
timeout 30m  /home/sdasgup3/Github/strata/stoke/./bin/stoke_check_circuit --strata_path /home/sdasgup3/Github/strata-data/circuits --target concrete_instances/immediate-variants/dppd_xmm_xmm_imm8/instructions/dppd_xmm_xmm_imm8_6/dppd_xmm_xmm_imm8_6.s --functions /home/sdasgup3/Github/strata-data/data-regs/functions --testcases /home/sdasgup3/Github/strata-data/data-regs/testcases.tc --def_in "{ %xmm1 %xmm2 }" --live_out "{ %xmm1 }" --maybe_undef_out "{ }" 
Thread 8 start: dppd_xmm_xmm_imm8_10
timeout 30m  /home/sdasgup3/Github/strata/stoke/./bin/stoke_check_circuit --strata_path /home/sdasgup3/Github/strata-data/circuits --target concrete_instances/immediate-variants/dppd_xmm_xmm_imm8/instructions/dppd_xmm_xmm_imm8_10/dppd_xmm_xmm_imm8_10.s --functions /home/sdasgup3/Github/strata-data/data-regs/functions --testcases /home/sdasgup3/Github/strata-data/data-regs/testcases.tc --def_in "{ %xmm1 %xmm2 }" --live_out "{ %xmm1 }" --maybe_undef_out "{ }" 
Thread 9 start: dppd_xmm_xmm_imm8_11
timeout 30m  /home/sdasgup3/Github/strata/stoke/./bin/stoke_check_circuit --strata_path /home/sdasgup3/Github/strata-data/circuits --target concrete_instances/immediate-variants/dppd_xmm_xmm_imm8/instructions/dppd_xmm_xmm_imm8_11/dppd_xmm_xmm_imm8_11.s --functions /home/sdasgup3/Github/strata-data/data-regs/functions --testcases /home/sdasgup3/Github/strata-data/data-regs/testcases.tc --def_in "{ %xmm1 %xmm2 }" --live_out "{ %xmm1 }" --maybe_undef_out "{ }" 
Thread 10 start: dppd_xmm_xmm_imm8_13
timeout 30m  /home/sdasgup3/Github/strata/stoke/./bin/stoke_check_circuit --strata_path /home/sdasgup3/Github/strata-data/circuits --target concrete_instances/immediate-variants/dppd_xmm_xmm_imm8/instructions/dppd_xmm_xmm_imm8_13/dppd_xmm_xmm_imm8_13.s --functions /home/sdasgup3/Github/strata-data/data-regs/functions --testcases /home/sdasgup3/Github/strata-data/data-regs/testcases.tc --def_in "{ %xmm1 %xmm2 }" --live_out "{ %xmm1 }" --maybe_undef_out "{ }" 
Thread 11 start: dppd_xmm_xmm_imm8_14
timeout 30m  /home/sdasgup3/Github/strata/stoke/./bin/stoke_check_circuit --strata_path /home/sdasgup3/Github/strata-data/circuits --target concrete_instances/immediate-variants/dppd_xmm_xmm_imm8/instructions/dppd_xmm_xmm_imm8_14/dppd_xmm_xmm_imm8_14.s --functions /home/sdasgup3/Github/strata-data/data-regs/functions --testcases /home/sdasgup3/Github/strata-data/data-regs/testcases.tc --def_in "{ %xmm1 %xmm2 }" --live_out "{ %xmm1 }" --maybe_undef_out "{ }" 
Thread 12 start: dppd_xmm_xmm_imm8_15
timeout 30m  /home/sdasgup3/Github/strata/stoke/./bin/stoke_check_circuit --strata_path /home/sdasgup3/Github/strata-data/circuits --target concrete_instances/immediate-variants/dppd_xmm_xmm_imm8/instructions/dppd_xmm_xmm_imm8_15/dppd_xmm_xmm_imm8_15.s --functions /home/sdasgup3/Github/strata-data/data-regs/functions --testcases /home/sdasgup3/Github/strata-data/data-regs/testcases.tc --def_in "{ %xmm1 %xmm2 }" --live_out "{ %xmm1 }" --maybe_undef_out "{ }" 
Thread 13 start: dppd_xmm_xmm_imm8_18
timeout 30m  /home/sdasgup3/Github/strata/stoke/./bin/stoke_check_circuit --strata_path /home/sdasgup3/Github/strata-data/circuits --target concrete_instances/immediate-variants/dppd_xmm_xmm_imm8/instructions/dppd_xmm_xmm_imm8_18/dppd_xmm_xmm_imm8_18.s --functions /home/sdasgup3/Github/strata-data/data-regs/functions --testcases /home/sdasgup3/Github/strata-data/data-regs/testcases.tc --def_in "{ %xmm1 %xmm2 }" --live_out "{ %xmm1 }" --maybe_undef_out "{ }" 
Thread 14 start: dppd_xmm_xmm_imm8_19
timeout 30m  /home/sdasgup3/Github/strata/stoke/./bin/stoke_check_circuit --strata_path /home/sdasgup3/Github/strata-data/circuits --target concrete_instances/immediate-variants/dppd_xmm_xmm_imm8/instructions/dppd_xmm_xmm_imm8_19/dppd_xmm_xmm_imm8_19.s --functions /home/sdasgup3/Github/strata-data/data-regs/functions --testcases /home/sdasgup3/Github/strata-data/data-regs/testcases.tc --def_in "{ %xmm1 %xmm2 }" --live_out "{ %xmm1 }" --maybe_undef_out "{ }" 
Thread 15 start: dppd_xmm_xmm_imm8_21
timeout 30m  /home/sdasgup3/Github/strata/stoke/./bin/stoke_check_circuit --strata_path /home/sdasgup3/Github/strata-data/circuits --target concrete_instances/immediate-variants/dppd_xmm_xmm_imm8/instructions/dppd_xmm_xmm_imm8_21/dppd_xmm_xmm_imm8_21.s --functions /home/sdasgup3/Github/strata-data/data-regs/functions --testcases /home/sdasgup3/Github/strata-data/data-regs/testcases.tc --def_in "{ %xmm1 %xmm2 }" --live_out "{ %xmm1 }" --maybe_undef_out "{ }" 
Thread 16 start: dppd_xmm_xmm_imm8_22
timeout 30m  /home/sdasgup3/Github/strata/stoke/./bin/stoke_check_circuit --strata_path /home/sdasgup3/Github/strata-data/circuits --target concrete_instances/immediate-variants/dppd_xmm_xmm_imm8/instructions/dppd_xmm_xmm_imm8_22/dppd_xmm_xmm_imm8_22.s --functions /home/sdasgup3/Github/strata-data/data-regs/functions --testcases /home/sdasgup3/Github/strata-data/data-regs/testcases.tc --def_in "{ %xmm1 %xmm2 }" --live_out "{ %xmm1 }" --maybe_undef_out "{ }" 
Thread 17 start: dppd_xmm_xmm_imm8_23
timeout 30m  /home/sdasgup3/Github/strata/stoke/./bin/stoke_check_circuit --strata_path /home/sdasgup3/Github/strata-data/circuits --target concrete_instances/immediate-variants/dppd_xmm_xmm_imm8/instructions/dppd_xmm_xmm_imm8_23/dppd_xmm_xmm_imm8_23.s --functions /home/sdasgup3/Github/strata-data/data-regs/functions --testcases /home/sdasgup3/Github/strata-data/data-regs/testcases.tc --def_in "{ %xmm1 %xmm2 }" --live_out "{ %xmm1 }" --maybe_undef_out "{ }" 
Thread 18 start: dppd_xmm_xmm_imm8_25
timeout 30m  /home/sdasgup3/Github/strata/stoke/./bin/stoke_check_circuit --strata_path /home/sdasgup3/Github/strata-data/circuits --target concrete_instances/immediate-variants/dppd_xmm_xmm_imm8/instructions/dppd_xmm_xmm_imm8_25/dppd_xmm_xmm_imm8_25.s --functions /home/sdasgup3/Github/strata-data/data-regs/functions --testcases /home/sdasgup3/Github/strata-data/data-regs/testcases.tc --def_in "{ %xmm1 %xmm2 }" --live_out "{ %xmm1 }" --maybe_undef_out "{ }" 
Thread 19 start: dppd_xmm_xmm_imm8_27
timeout 30m  /home/sdasgup3/Github/strata/stoke/./bin/stoke_check_circuit --strata_path /home/sdasgup3/Github/strata-data/circuits --target concrete_instances/immediate-variants/dppd_xmm_xmm_imm8/instructions/dppd_xmm_xmm_imm8_27/dppd_xmm_xmm_imm8_27.s --functions /home/sdasgup3/Github/strata-data/data-regs/functions --testcases /home/sdasgup3/Github/strata-data/data-regs/testcases.tc --def_in "{ %xmm1 %xmm2 }" --live_out "{ %xmm1 }" --maybe_undef_out "{ }" 
Thread 20 start: dppd_xmm_xmm_imm8_28
timeout 30m  /home/sdasgup3/Github/strata/stoke/./bin/stoke_check_circuit --strata_path /home/sdasgup3/Github/strata-data/circuits --target concrete_instances/immediate-variants/dppd_xmm_xmm_imm8/instructions/dppd_xmm_xmm_imm8_28/dppd_xmm_xmm_imm8_28.s --functions /home/sdasgup3/Github/strata-data/data-regs/functions --testcases /home/sdasgup3/Github/strata-data/data-regs/testcases.tc --def_in "{ %xmm1 %xmm2 }" --live_out "{ %xmm1 }" --maybe_undef_out "{ }" 
Thread 21 start: dppd_xmm_xmm_imm8_29
timeout 30m  /home/sdasgup3/Github/strata/stoke/./bin/stoke_check_circuit --strata_path /home/sdasgup3/Github/strata-data/circuits --target concrete_instances/immediate-variants/dppd_xmm_xmm_imm8/instructions/dppd_xmm_xmm_imm8_29/dppd_xmm_xmm_imm8_29.s --functions /home/sdasgup3/Github/strata-data/data-regs/functions --testcases /home/sdasgup3/Github/strata-data/data-regs/testcases.tc --def_in "{ %xmm1 %xmm2 }" --live_out "{ %xmm1 }" --maybe_undef_out "{ }" 
Thread 22 start: dppd_xmm_xmm_imm8_30
timeout 30m  /home/sdasgup3/Github/strata/stoke/./bin/stoke_check_circuit --strata_path /home/sdasgup3/Github/strata-data/circuits --target concrete_instances/immediate-variants/dppd_xmm_xmm_imm8/instructions/dppd_xmm_xmm_imm8_30/dppd_xmm_xmm_imm8_30.s --functions /home/sdasgup3/Github/strata-data/data-regs/functions --testcases /home/sdasgup3/Github/strata-data/data-regs/testcases.tc --def_in "{ %xmm1 %xmm2 }" --live_out "{ %xmm1 }" --maybe_undef_out "{ }" 
Thread 23 start: dppd_xmm_xmm_imm8_31
timeout 30m  /home/sdasgup3/Github/strata/stoke/./bin/stoke_check_circuit --strata_path /home/sdasgup3/Github/strata-data/circuits --target concrete_instances/immediate-variants/dppd_xmm_xmm_imm8/instructions/dppd_xmm_xmm_imm8_31/dppd_xmm_xmm_imm8_31.s --functions /home/sdasgup3/Github/strata-data/data-regs/functions --testcases /home/sdasgup3/Github/strata-data/data-regs/testcases.tc --def_in "{ %xmm1 %xmm2 }" --live_out "{ %xmm1 }" --maybe_undef_out "{ }" 
Thread 24 start: dppd_xmm_xmm_imm8_33
timeout 30m  /home/sdasgup3/Github/strata/stoke/./bin/stoke_check_circuit --strata_path /home/sdasgup3/Github/strata-data/circuits --target concrete_instances/immediate-variants/dppd_xmm_xmm_imm8/instructions/dppd_xmm_xmm_imm8_33/dppd_xmm_xmm_imm8_33.s --functions /home/sdasgup3/Github/strata-data/data-regs/functions --testcases /home/sdasgup3/Github/strata-data/data-regs/testcases.tc --def_in "{ %xmm1 %xmm2 }" --live_out "{ %xmm1 }" --maybe_undef_out "{ }" 
Thread 25 start: dppd_xmm_xmm_imm8_34
timeout 30m  /home/sdasgup3/Github/strata/stoke/./bin/stoke_check_circuit --strata_path /home/sdasgup3/Github/strata-data/circuits --target concrete_instances/immediate-variants/dppd_xmm_xmm_imm8/instructions/dppd_xmm_xmm_imm8_34/dppd_xmm_xmm_imm8_34.s --functions /home/sdasgup3/Github/strata-data/data-regs/functions --testcases /home/sdasgup3/Github/strata-data/data-regs/testcases.tc --def_in "{ %xmm1 %xmm2 }" --live_out "{ %xmm1 }" --maybe_undef_out "{ }" 
Thread 26 start: dppd_xmm_xmm_imm8_35
timeout 30m  /home/sdasgup3/Github/strata/stoke/./bin/stoke_check_circuit --strata_path /home/sdasgup3/Github/strata-data/circuits --target concrete_instances/immediate-variants/dppd_xmm_xmm_imm8/instructions/dppd_xmm_xmm_imm8_35/dppd_xmm_xmm_imm8_35.s --functions /home/sdasgup3/Github/strata-data/data-regs/functions --testcases /home/sdasgup3/Github/strata-data/data-regs/testcases.tc --def_in "{ %xmm1 %xmm2 }" --live_out "{ %xmm1 }" --maybe_undef_out "{ }" 
Thread 27 start: dppd_xmm_xmm_imm8_38
timeout 30m  /home/sdasgup3/Github/strata/stoke/./bin/stoke_check_circuit --strata_path /home/sdasgup3/Github/strata-data/circuits --target concrete_instances/immediate-variants/dppd_xmm_xmm_imm8/instructions/dppd_xmm_xmm_imm8_38/dppd_xmm_xmm_imm8_38.s --functions /home/sdasgup3/Github/strata-data/data-regs/functions --testcases /home/sdasgup3/Github/strata-data/data-regs/testcases.tc --def_in "{ %xmm1 %xmm2 }" --live_out "{ %xmm1 }" --maybe_undef_out "{ }" 
Thread 28 start: dppd_xmm_xmm_imm8_39
timeout 30m  /home/sdasgup3/Github/strata/stoke/./bin/stoke_check_circuit --strata_path /home/sdasgup3/Github/strata-data/circuits --target concrete_instances/immediate-variants/dppd_xmm_xmm_imm8/instructions/dppd_xmm_xmm_imm8_39/dppd_xmm_xmm_imm8_39.s --functions /home/sdasgup3/Github/strata-data/data-regs/functions --testcases /home/sdasgup3/Github/strata-data/data-regs/testcases.tc --def_in "{ %xmm1 %xmm2 }" --live_out "{ %xmm1 }" --maybe_undef_out "{ }" 
Thread 29 start: dppd_xmm_xmm_imm8_41
timeout 30m  /home/sdasgup3/Github/strata/stoke/./bin/stoke_check_circuit --strata_path /home/sdasgup3/Github/strata-data/circuits --target concrete_instances/immediate-variants/dppd_xmm_xmm_imm8/instructions/dppd_xmm_xmm_imm8_41/dppd_xmm_xmm_imm8_41.s --functions /home/sdasgup3/Github/strata-data/data-regs/functions --testcases /home/sdasgup3/Github/strata-data/data-regs/testcases.tc --def_in "{ %xmm1 %xmm2 }" --live_out "{ %xmm1 }" --maybe_undef_out "{ }" 
Thread 30 start: dppd_xmm_xmm_imm8_42
timeout 30m  /home/sdasgup3/Github/strata/stoke/./bin/stoke_check_circuit --strata_path /home/sdasgup3/Github/strata-data/circuits --target concrete_instances/immediate-variants/dppd_xmm_xmm_imm8/instructions/dppd_xmm_xmm_imm8_42/dppd_xmm_xmm_imm8_42.s --functions /home/sdasgup3/Github/strata-data/data-regs/functions --testcases /home/sdasgup3/Github/strata-data/data-regs/testcases.tc --def_in "{ %xmm1 %xmm2 }" --live_out "{ %xmm1 }" --maybe_undef_out "{ }" 
Reading the Testsuit
Preparing Sandbox
Run 6630 tests
Collect Results
Check Equivalence
Completed 1000cases
Reading the Testsuit
Preparing Sandbox
Run 6630 tests
Collect Results
Check Equivalence
Completed 1000cases
Reading the Testsuit
Preparing Sandbox
Run 6630 tests
Collect Results
Check Equivalence
Completed 1000cases
Reading the Testsuit
Preparing Sandbox
Run 6630 tests
Collect Results
Check Equivalence
Completed 1000cases
Reading the Testsuit
Preparing Sandbox
Run 6630 tests
Collect Results
Check Equivalence
Completed 1000cases
Reading the Testsuit
Preparing Sandbox
Run 6630 tests
Collect Results
Check Equivalence
Completed 1000cases
Reading the Testsuit
Preparing Sandbox
Run 6630 tests
Collect Results
Check Equivalence
Completed 1000cases
Reading the Testsuit
Preparing Sandbox
Run 6630 tests
Collect Results
Check Equivalence
Completed 1000cases
Reading the Testsuit
Preparing Sandbox
Run 6630 tests
Collect Results
Check Equivalence
Completed 1000cases
Reading the Testsuit
Preparing Sandbox
Run 6630 tests
Collect Results
Check Equivalence
Completed 1000cases
Reading the Testsuit
Preparing Sandbox
Run 6630 tests
Collect Results
Check Equivalence
Completed 1000cases
Reading the Testsuit
Preparing Sandbox
Run 6630 tests
Collect Results
Check Equivalence
Completed 1000cases
Reading the Testsuit
Preparing Sandbox
Run 6630 tests
Collect Results
Check Equivalence
Completed 1000cases
Reading the Testsuit
Preparing Sandbox
Run 6630 tests
Collect Results
Check Equivalence
Completed 1000cases
Reading the Testsuit
Preparing Sandbox
Run 6630 tests
Collect Results
Check Equivalence
Completed 1000cases
Reading the Testsuit
Preparing Sandbox
Run 6630 tests
Collect Results
Check Equivalence
Completed 1000cases
Reading the Testsuit
Preparing Sandbox
Run 6630 tests
Collect Results
Check Equivalence
Completed 1000cases
Reading the Testsuit
Preparing Sandbox
Run 6630 tests
Collect Results
Check Equivalence
Completed 1000cases
Reading the Testsuit
Preparing Sandbox
Run 6630 tests
Collect Results
Check Equivalence
Completed 1000cases
Reading the Testsuit
Preparing Sandbox
Run 6630 tests
Collect Results
Check Equivalence
Completed 1000cases
Reading the Testsuit
Preparing Sandbox
Run 6630 tests
Collect Results
Check Equivalence
Completed 1000cases
Reading the Testsuit
Preparing Sandbox
Run 6630 tests
Collect Results
Check Equivalence
Completed 1000cases
Reading the Testsuit
Preparing Sandbox
Run 6630 tests
Collect Results
Check Equivalence
Completed 1000cases
Reading the Testsuit
Preparing Sandbox
Run 6630 tests
Collect Results
Check Equivalence
Completed 1000cases
Reading the Testsuit
Preparing Sandbox
Run 6630 tests
Collect Results
Check Equivalence
Completed 1000cases
Completed 2000cases
Reading the Testsuit
Preparing Sandbox
Run 6630 tests
Collect Results
Check Equivalence
Completed 1000cases
Reading the Testsuit
Preparing Sandbox
Run 6630 tests
Collect Results
Check Equivalence
Completed 1000cases
Reading the Testsuit
Preparing Sandbox
Run 6630 tests
Collect Results
Check Equivalence
Completed 1000cases
Reading the Testsuit
Preparing Sandbox
Run 6630 tests
Collect Results
Check Equivalence
Completed 1000cases
Reading the Testsuit
Preparing Sandbox
Run 6630 tests
Collect Results
Check Equivalence
Completed 1000cases
Completed 2000cases
Completed 2000cases
Completed 3000cases
Completed 2000cases
Completed 2000cases
Completed 2000cases
Completed 2000cases
Completed 2000cases
Completed 2000cases
Completed 2000cases
Completed 3000cases
Completed 2000cases
Completed 2000cases
Completed 2000cases
Completed 2000cases
Completed 2000cases
Completed 2000cases
Completed 2000cases
Completed 2000cases
Completed 2000cases
Completed 2000cases
Completed 2000cases
Completed 2000cases
Completed 2000cases
Completed 2000cases
Completed 2000cases
Completed 2000cases
Completed 2000cases
Completed 2000cases
Completed 2000cases
Completed 2000cases
Completed 4000cases
Completed 3000cases
Completed 4000cases
Completed 3000cases
Completed 3000cases
Completed 3000cases
Completed 3000cases
Completed 3000cases
Completed 3000cases
Completed 3000cases
Completed 3000cases
Completed 3000cases
Completed 3000cases
Completed 3000cases
Completed 3000cases
Completed 3000cases
Completed 3000cases
Completed 3000cases
Completed 3000cases
Completed 3000cases
Completed 5000cases
Completed 3000cases
Completed 3000cases
Completed 3000cases
Completed 3000cases
Completed 3000cases
Completed 3000cases
Completed 3000cases
Completed 3000cases
Completed 3000cases
Completed 3000cases
Completed 5000cases
Completed 4000cases
Completed 4000cases
Completed 4000cases
Completed 4000cases
Completed 4000cases
Completed 6000cases
Completed 4000cases
Completed 4000cases
Completed 4000cases
Completed 4000cases
Completed 4000cases
Completed 4000cases
Completed 4000cases
Completed 4000cases
Completed 4000cases
Completed 4000cases
Completed 4000cases
Completed 4000cases
Completed 4000cases
Completed 4000cases
Completed 4000cases
Completed 4000cases
Completed 6000cases
Completed 4000cases
Execution time dppd_xmm_xmm_imm8_28: 50 s
Thread 20 done!: dppd_xmm_xmm_imm8_28
Completed 4000cases
Completed 4000cases
Completed 4000cases
Completed 4000cases
Completed 4000cases
Completed 5000cases
Completed 4000cases
Completed 5000cases
Completed 5000cases
Completed 5000cases
Completed 5000cases
Completed 5000cases
Completed 5000cases
Completed 5000cases
Completed 5000cases
Completed 5000cases
Completed 5000cases
Execution time dppd_xmm_xmm_imm8_21: 55 s
Thread 15 done!: dppd_xmm_xmm_imm8_21
Completed 5000cases
Completed 5000cases
Completed 5000cases
Completed 5000cases
Completed 5000cases
Completed 5000cases
Completed 5000cases
Completed 5000cases
Completed 5000cases
Completed 5000cases
Completed 5000cases
Completed 5000cases
Completed 5000cases
Completed 5000cases
Completed 6000cases
Completed 5000cases
Completed 6000cases
Completed 6000cases
Completed 5000cases
Completed 5000cases
Completed 6000cases
Completed 6000cases
Completed 6000cases
Completed 6000cases
Completed 6000cases
Completed 6000cases
Completed 6000cases
Completed 6000cases
Completed 6000cases
Completed 6000cases
Execution time dppd_xmm_xmm_imm8_3: 66 s
Thread 3 done!: dppd_xmm_xmm_imm8_3
Completed 6000cases
Execution time dppd_xmm_xmm_imm8_13: 66 s
Thread 10 done!: dppd_xmm_xmm_imm8_13
Completed 6000cases
Execution time dppd_xmm_xmm_imm8_11: 66 s
Thread 9 done!: dppd_xmm_xmm_imm8_11
Completed 6000cases
Completed 6000cases
Completed 6000cases
Execution time dppd_xmm_xmm_imm8_1: 68 s
Thread 1 done!: dppd_xmm_xmm_imm8_1
Execution time dppd_xmm_xmm_imm8_2: 68 s
Thread 2 done!: dppd_xmm_xmm_imm8_2
Execution time dppd_xmm_xmm_imm8_10: 68 s
Thread 8 done!: dppd_xmm_xmm_imm8_10
Execution time dppd_xmm_xmm_imm8_42: 69 s
Thread 30 done!: dppd_xmm_xmm_imm8_42
Completed 6000cases
Completed 6000cases
Completed 6000cases
Execution time dppd_xmm_xmm_imm8_7: 69 s
Thread 6 done!: dppd_xmm_xmm_imm8_7
Execution time dppd_xmm_xmm_imm8_14: 69 s
Thread 11 done!: dppd_xmm_xmm_imm8_14
Completed 6000cases
Completed 6000cases
Execution time dppd_xmm_xmm_imm8_15: 70 s
Thread 12 done!: dppd_xmm_xmm_imm8_15
Completed 6000cases
Execution time dppd_xmm_xmm_imm8_9: 70 s
Thread 7 done!: dppd_xmm_xmm_imm8_9
Completed 6000cases
Execution time dppd_xmm_xmm_imm8_5: 70 s
Thread 4 done!: dppd_xmm_xmm_imm8_5
Execution time dppd_xmm_xmm_imm8_6: 70 s
Thread 5 done!: dppd_xmm_xmm_imm8_6
Completed 6000cases
Completed 6000cases
Completed 6000cases
Execution time dppd_xmm_xmm_imm8_29: 71 s
Thread 21 done!: dppd_xmm_xmm_imm8_29
Execution time dppd_xmm_xmm_imm8_23: 71 s
Thread 17 done!: dppd_xmm_xmm_imm8_23
Execution time dppd_xmm_xmm_imm8_33: 72 s
Thread 24 done!: dppd_xmm_xmm_imm8_33
Execution time dppd_xmm_xmm_imm8_22: 72 s
Thread 16 done!: dppd_xmm_xmm_imm8_22
Execution time dppd_xmm_xmm_imm8_35: 72 s
Thread 26 done!: dppd_xmm_xmm_imm8_35
Execution time dppd_xmm_xmm_imm8_18: 73 s
Thread 13 done!: dppd_xmm_xmm_imm8_18
Execution time dppd_xmm_xmm_imm8_30: 73 s
Thread 22 done!: dppd_xmm_xmm_imm8_30
Execution time dppd_xmm_xmm_imm8_38: 73 s
Thread 27 done!: dppd_xmm_xmm_imm8_38
Execution time dppd_xmm_xmm_imm8_34: 74 s
Thread 25 done!: dppd_xmm_xmm_imm8_34
Execution time dppd_xmm_xmm_imm8_31: 74 s
Thread 23 done!: dppd_xmm_xmm_imm8_31
Execution time dppd_xmm_xmm_imm8_19: 74 s
Thread 14 done!: dppd_xmm_xmm_imm8_19
Execution time dppd_xmm_xmm_imm8_39: 74 s
Thread 28 done!: dppd_xmm_xmm_imm8_39
Execution time dppd_xmm_xmm_imm8_25: 75 s
Thread 18 done!: dppd_xmm_xmm_imm8_25
Execution time dppd_xmm_xmm_imm8_27: 75 s
Thread 19 done!: dppd_xmm_xmm_imm8_27
Execution time dppd_xmm_xmm_imm8_41: 75 s
Thread 29 done!: dppd_xmm_xmm_imm8_41
[4m[1m[34mFiring 30.[0m
Thread 31 start: dppd_xmm_xmm_imm8_45
timeout 30m  /home/sdasgup3/Github/strata/stoke/./bin/stoke_check_circuit --strata_path /home/sdasgup3/Github/strata-data/circuits --target concrete_instances/immediate-variants/dppd_xmm_xmm_imm8/instructions/dppd_xmm_xmm_imm8_45/dppd_xmm_xmm_imm8_45.s --functions /home/sdasgup3/Github/strata-data/data-regs/functions --testcases /home/sdasgup3/Github/strata-data/data-regs/testcases.tc --def_in "{ %xmm1 %xmm2 }" --live_out "{ %xmm1 }" --maybe_undef_out "{ }" 
Thread 32 start: dppd_xmm_xmm_imm8_46
timeout 30m  /home/sdasgup3/Github/strata/stoke/./bin/stoke_check_circuit --strata_path /home/sdasgup3/Github/strata-data/circuits --target concrete_instances/immediate-variants/dppd_xmm_xmm_imm8/instructions/dppd_xmm_xmm_imm8_46/dppd_xmm_xmm_imm8_46.s --functions /home/sdasgup3/Github/strata-data/data-regs/functions --testcases /home/sdasgup3/Github/strata-data/data-regs/testcases.tc --def_in "{ %xmm1 %xmm2 }" --live_out "{ %xmm1 }" --maybe_undef_out "{ }" 
Thread 34 start: dppd_xmm_xmm_imm8_61
timeout 30m  /home/sdasgup3/Github/strata/stoke/./bin/stoke_check_circuit --strata_path /home/sdasgup3/Github/strata-data/circuits --target concrete_instances/immediate-variants/dppd_xmm_xmm_imm8/instructions/dppd_xmm_xmm_imm8_61/dppd_xmm_xmm_imm8_61.s --functions /home/sdasgup3/Github/strata-data/data-regs/functions --testcases /home/sdasgup3/Github/strata-data/data-regs/testcases.tc --def_in "{ %xmm1 %xmm2 }" --live_out "{ %xmm1 }" --maybe_undef_out "{ }" 
Thread 33 start: dppd_xmm_xmm_imm8_47
timeout 30m  /home/sdasgup3/Github/strata/stoke/./bin/stoke_check_circuit --strata_path /home/sdasgup3/Github/strata-data/circuits --target concrete_instances/immediate-variants/dppd_xmm_xmm_imm8/instructions/dppd_xmm_xmm_imm8_47/dppd_xmm_xmm_imm8_47.s --functions /home/sdasgup3/Github/strata-data/data-regs/functions --testcases /home/sdasgup3/Github/strata-data/data-regs/testcases.tc --def_in "{ %xmm1 %xmm2 }" --live_out "{ %xmm1 }" --maybe_undef_out "{ }" 
Thread 35 start: dppd_xmm_xmm_imm8_65
timeout 30m  /home/sdasgup3/Github/strata/stoke/./bin/stoke_check_circuit --strata_path /home/sdasgup3/Github/strata-data/circuits --target concrete_instances/immediate-variants/dppd_xmm_xmm_imm8/instructions/dppd_xmm_xmm_imm8_65/dppd_xmm_xmm_imm8_65.s --functions /home/sdasgup3/Github/strata-data/data-regs/functions --testcases /home/sdasgup3/Github/strata-data/data-regs/testcases.tc --def_in "{ %xmm1 %xmm2 }" --live_out "{ %xmm1 }" --maybe_undef_out "{ }" 
Thread 36 start: dppd_xmm_xmm_imm8_66
timeout 30m  /home/sdasgup3/Github/strata/stoke/./bin/stoke_check_circuit --strata_path /home/sdasgup3/Github/strata-data/circuits --target concrete_instances/immediate-variants/dppd_xmm_xmm_imm8/instructions/dppd_xmm_xmm_imm8_66/dppd_xmm_xmm_imm8_66.s --functions /home/sdasgup3/Github/strata-data/data-regs/functions --testcases /home/sdasgup3/Github/strata-data/data-regs/testcases.tc --def_in "{ %xmm1 %xmm2 }" --live_out "{ %xmm1 }" --maybe_undef_out "{ }" 
Thread 37 start: dppd_xmm_xmm_imm8_67
timeout 30m  /home/sdasgup3/Github/strata/stoke/./bin/stoke_check_circuit --strata_path /home/sdasgup3/Github/strata-data/circuits --target concrete_instances/immediate-variants/dppd_xmm_xmm_imm8/instructions/dppd_xmm_xmm_imm8_67/dppd_xmm_xmm_imm8_67.s --functions /home/sdasgup3/Github/strata-data/data-regs/functions --testcases /home/sdasgup3/Github/strata-data/data-regs/testcases.tc --def_in "{ %xmm1 %xmm2 }" --live_out "{ %xmm1 }" --maybe_undef_out "{ }" 
Thread 38 start: dppd_xmm_xmm_imm8_69
timeout 30m  /home/sdasgup3/Github/strata/stoke/./bin/stoke_check_circuit --strata_path /home/sdasgup3/Github/strata-data/circuits --target concrete_instances/immediate-variants/dppd_xmm_xmm_imm8/instructions/dppd_xmm_xmm_imm8_69/dppd_xmm_xmm_imm8_69.s --functions /home/sdasgup3/Github/strata-data/data-regs/functions --testcases /home/sdasgup3/Github/strata-data/data-regs/testcases.tc --def_in "{ %xmm1 %xmm2 }" --live_out "{ %xmm1 }" --maybe_undef_out "{ }" 
Thread 39 start: dppd_xmm_xmm_imm8_70
timeout 30m  /home/sdasgup3/Github/strata/stoke/./bin/stoke_check_circuit --strata_path /home/sdasgup3/Github/strata-data/circuits --target concrete_instances/immediate-variants/dppd_xmm_xmm_imm8/instructions/dppd_xmm_xmm_imm8_70/dppd_xmm_xmm_imm8_70.s --functions /home/sdasgup3/Github/strata-data/data-regs/functions --testcases /home/sdasgup3/Github/strata-data/data-regs/testcases.tc --def_in "{ %xmm1 %xmm2 }" --live_out "{ %xmm1 }" --maybe_undef_out "{ }" 
Thread 40 start: dppd_xmm_xmm_imm8_71
timeout 30m  /home/sdasgup3/Github/strata/stoke/./bin/stoke_check_circuit --strata_path /home/sdasgup3/Github/strata-data/circuits --target concrete_instances/immediate-variants/dppd_xmm_xmm_imm8/instructions/dppd_xmm_xmm_imm8_71/dppd_xmm_xmm_imm8_71.s --functions /home/sdasgup3/Github/strata-data/data-regs/functions --testcases /home/sdasgup3/Github/strata-data/data-regs/testcases.tc --def_in "{ %xmm1 %xmm2 }" --live_out "{ %xmm1 }" --maybe_undef_out "{ }" 
Thread 41 start: dppd_xmm_xmm_imm8_73
timeout 30m  /home/sdasgup3/Github/strata/stoke/./bin/stoke_check_circuit --strata_path /home/sdasgup3/Github/strata-data/circuits --target concrete_instances/immediate-variants/dppd_xmm_xmm_imm8/instructions/dppd_xmm_xmm_imm8_73/dppd_xmm_xmm_imm8_73.s --functions /home/sdasgup3/Github/strata-data/data-regs/functions --testcases /home/sdasgup3/Github/strata-data/data-regs/testcases.tc --def_in "{ %xmm1 %xmm2 }" --live_out "{ %xmm1 }" --maybe_undef_out "{ }" 
Thread 42 start: dppd_xmm_xmm_imm8_74
timeout 30m  /home/sdasgup3/Github/strata/stoke/./bin/stoke_check_circuit --strata_path /home/sdasgup3/Github/strata-data/circuits --target concrete_instances/immediate-variants/dppd_xmm_xmm_imm8/instructions/dppd_xmm_xmm_imm8_74/dppd_xmm_xmm_imm8_74.s --functions /home/sdasgup3/Github/strata-data/data-regs/functions --testcases /home/sdasgup3/Github/strata-data/data-regs/testcases.tc --def_in "{ %xmm1 %xmm2 }" --live_out "{ %xmm1 }" --maybe_undef_out "{ }" 
Thread 43 start: dppd_xmm_xmm_imm8_75
timeout 30m  /home/sdasgup3/Github/strata/stoke/./bin/stoke_check_circuit --strata_path /home/sdasgup3/Github/strata-data/circuits --target concrete_instances/immediate-variants/dppd_xmm_xmm_imm8/instructions/dppd_xmm_xmm_imm8_75/dppd_xmm_xmm_imm8_75.s --functions /home/sdasgup3/Github/strata-data/data-regs/functions --testcases /home/sdasgup3/Github/strata-data/data-regs/testcases.tc --def_in "{ %xmm1 %xmm2 }" --live_out "{ %xmm1 }" --maybe_undef_out "{ }" 
Thread 44 start: dppd_xmm_xmm_imm8_77
timeout 30m  /home/sdasgup3/Github/strata/stoke/./bin/stoke_check_circuit --strata_path /home/sdasgup3/Github/strata-data/circuits --target concrete_instances/immediate-variants/dppd_xmm_xmm_imm8/instructions/dppd_xmm_xmm_imm8_77/dppd_xmm_xmm_imm8_77.s --functions /home/sdasgup3/Github/strata-data/data-regs/functions --testcases /home/sdasgup3/Github/strata-data/data-regs/testcases.tc --def_in "{ %xmm1 %xmm2 }" --live_out "{ %xmm1 }" --maybe_undef_out "{ }" 
Thread 45 start: dppd_xmm_xmm_imm8_78
timeout 30m  /home/sdasgup3/Github/strata/stoke/./bin/stoke_check_circuit --strata_path /home/sdasgup3/Github/strata-data/circuits --target concrete_instances/immediate-variants/dppd_xmm_xmm_imm8/instructions/dppd_xmm_xmm_imm8_78/dppd_xmm_xmm_imm8_78.s --functions /home/sdasgup3/Github/strata-data/data-regs/functions --testcases /home/sdasgup3/Github/strata-data/data-regs/testcases.tc --def_in "{ %xmm1 %xmm2 }" --live_out "{ %xmm1 }" --maybe_undef_out "{ }" 
Thread 46 start: dppd_xmm_xmm_imm8_79
timeout 30m  /home/sdasgup3/Github/strata/stoke/./bin/stoke_check_circuit --strata_path /home/sdasgup3/Github/strata-data/circuits --target concrete_instances/immediate-variants/dppd_xmm_xmm_imm8/instructions/dppd_xmm_xmm_imm8_79/dppd_xmm_xmm_imm8_79.s --functions /home/sdasgup3/Github/strata-data/data-regs/functions --testcases /home/sdasgup3/Github/strata-data/data-regs/testcases.tc --def_in "{ %xmm1 %xmm2 }" --live_out "{ %xmm1 }" --maybe_undef_out "{ }" 
Thread 47 start: dppd_xmm_xmm_imm8_82
timeout 30m  /home/sdasgup3/Github/strata/stoke/./bin/stoke_check_circuit --strata_path /home/sdasgup3/Github/strata-data/circuits --target concrete_instances/immediate-variants/dppd_xmm_xmm_imm8/instructions/dppd_xmm_xmm_imm8_82/dppd_xmm_xmm_imm8_82.s --functions /home/sdasgup3/Github/strata-data/data-regs/functions --testcases /home/sdasgup3/Github/strata-data/data-regs/testcases.tc --def_in "{ %xmm1 %xmm2 }" --live_out "{ %xmm1 }" --maybe_undef_out "{ }" 
Thread 48 start: dppd_xmm_xmm_imm8_87
timeout 30m  /home/sdasgup3/Github/strata/stoke/./bin/stoke_check_circuit --strata_path /home/sdasgup3/Github/strata-data/circuits --target concrete_instances/immediate-variants/dppd_xmm_xmm_imm8/instructions/dppd_xmm_xmm_imm8_87/dppd_xmm_xmm_imm8_87.s --functions /home/sdasgup3/Github/strata-data/data-regs/functions --testcases /home/sdasgup3/Github/strata-data/data-regs/testcases.tc --def_in "{ %xmm1 %xmm2 }" --live_out "{ %xmm1 }" --maybe_undef_out "{ }" 
Thread 49 start: dppd_xmm_xmm_imm8_89
timeout 30m  /home/sdasgup3/Github/strata/stoke/./bin/stoke_check_circuit --strata_path /home/sdasgup3/Github/strata-data/circuits --target concrete_instances/immediate-variants/dppd_xmm_xmm_imm8/instructions/dppd_xmm_xmm_imm8_89/dppd_xmm_xmm_imm8_89.s --functions /home/sdasgup3/Github/strata-data/data-regs/functions --testcases /home/sdasgup3/Github/strata-data/data-regs/testcases.tc --def_in "{ %xmm1 %xmm2 }" --live_out "{ %xmm1 }" --maybe_undef_out "{ }" 
Thread 50 start: dppd_xmm_xmm_imm8_91
timeout 30m  /home/sdasgup3/Github/strata/stoke/./bin/stoke_check_circuit --strata_path /home/sdasgup3/Github/strata-data/circuits --target concrete_instances/immediate-variants/dppd_xmm_xmm_imm8/instructions/dppd_xmm_xmm_imm8_91/dppd_xmm_xmm_imm8_91.s --functions /home/sdasgup3/Github/strata-data/data-regs/functions --testcases /home/sdasgup3/Github/strata-data/data-regs/testcases.tc --def_in "{ %xmm1 %xmm2 }" --live_out "{ %xmm1 }" --maybe_undef_out "{ }" 
Thread 51 start: dppd_xmm_xmm_imm8_93
timeout 30m  /home/sdasgup3/Github/strata/stoke/./bin/stoke_check_circuit --strata_path /home/sdasgup3/Github/strata-data/circuits --target concrete_instances/immediate-variants/dppd_xmm_xmm_imm8/instructions/dppd_xmm_xmm_imm8_93/dppd_xmm_xmm_imm8_93.s --functions /home/sdasgup3/Github/strata-data/data-regs/functions --testcases /home/sdasgup3/Github/strata-data/data-regs/testcases.tc --def_in "{ %xmm1 %xmm2 }" --live_out "{ %xmm1 }" --maybe_undef_out "{ }" 
Thread 52 start: dppd_xmm_xmm_imm8_94
timeout 30m  /home/sdasgup3/Github/strata/stoke/./bin/stoke_check_circuit --strata_path /home/sdasgup3/Github/strata-data/circuits --target concrete_instances/immediate-variants/dppd_xmm_xmm_imm8/instructions/dppd_xmm_xmm_imm8_94/dppd_xmm_xmm_imm8_94.s --functions /home/sdasgup3/Github/strata-data/data-regs/functions --testcases /home/sdasgup3/Github/strata-data/data-regs/testcases.tc --def_in "{ %xmm1 %xmm2 }" --live_out "{ %xmm1 }" --maybe_undef_out "{ }" 
Thread 56 start: dppd_xmm_xmm_imm8_101
timeout 30m  /home/sdasgup3/Github/strata/stoke/./bin/stoke_check_circuit --strata_path /home/sdasgup3/Github/strata-data/circuits --target concrete_instances/immediate-variants/dppd_xmm_xmm_imm8/instructions/dppd_xmm_xmm_imm8_101/dppd_xmm_xmm_imm8_101.s --functions /home/sdasgup3/Github/strata-data/data-regs/functions --testcases /home/sdasgup3/Github/strata-data/data-regs/testcases.tc --def_in "{ %xmm1 %xmm2 }" --live_out "{ %xmm1 }" --maybe_undef_out "{ }" 
Thread 55 start: dppd_xmm_xmm_imm8_99
timeout 30m  /home/sdasgup3/Github/strata/stoke/./bin/stoke_check_circuit --strata_path /home/sdasgup3/Github/strata-data/circuits --target concrete_instances/immediate-variants/dppd_xmm_xmm_imm8/instructions/dppd_xmm_xmm_imm8_99/dppd_xmm_xmm_imm8_99.s --functions /home/sdasgup3/Github/strata-data/data-regs/functions --testcases /home/sdasgup3/Github/strata-data/data-regs/testcases.tc --def_in "{ %xmm1 %xmm2 }" --live_out "{ %xmm1 }" --maybe_undef_out "{ }" 
Thread 53 start: dppd_xmm_xmm_imm8_97
timeout 30m  /home/sdasgup3/Github/strata/stoke/./bin/stoke_check_circuit --strata_path /home/sdasgup3/Github/strata-data/circuits --target concrete_instances/immediate-variants/dppd_xmm_xmm_imm8/instructions/dppd_xmm_xmm_imm8_97/dppd_xmm_xmm_imm8_97.s --functions /home/sdasgup3/Github/strata-data/data-regs/functions --testcases /home/sdasgup3/Github/strata-data/data-regs/testcases.tc --def_in "{ %xmm1 %xmm2 }" --live_out "{ %xmm1 }" --maybe_undef_out "{ }" 
Thread 54 start: dppd_xmm_xmm_imm8_98
timeout 30m  /home/sdasgup3/Github/strata/stoke/./bin/stoke_check_circuit --strata_path /home/sdasgup3/Github/strata-data/circuits --target concrete_instances/immediate-variants/dppd_xmm_xmm_imm8/instructions/dppd_xmm_xmm_imm8_98/dppd_xmm_xmm_imm8_98.s --functions /home/sdasgup3/Github/strata-data/data-regs/functions --testcases /home/sdasgup3/Github/strata-data/data-regs/testcases.tc --def_in "{ %xmm1 %xmm2 }" --live_out "{ %xmm1 }" --maybe_undef_out "{ }" 
Thread 57 start: dppd_xmm_xmm_imm8_102
timeout 30m  /home/sdasgup3/Github/strata/stoke/./bin/stoke_check_circuit --strata_path /home/sdasgup3/Github/strata-data/circuits --target concrete_instances/immediate-variants/dppd_xmm_xmm_imm8/instructions/dppd_xmm_xmm_imm8_102/dppd_xmm_xmm_imm8_102.s --functions /home/sdasgup3/Github/strata-data/data-regs/functions --testcases /home/sdasgup3/Github/strata-data/data-regs/testcases.tc --def_in "{ %xmm1 %xmm2 }" --live_out "{ %xmm1 }" --maybe_undef_out "{ }" 
Thread 58 start: dppd_xmm_xmm_imm8_103
timeout 30m  /home/sdasgup3/Github/strata/stoke/./bin/stoke_check_circuit --strata_path /home/sdasgup3/Github/strata-data/circuits --target concrete_instances/immediate-variants/dppd_xmm_xmm_imm8/instructions/dppd_xmm_xmm_imm8_103/dppd_xmm_xmm_imm8_103.s --functions /home/sdasgup3/Github/strata-data/data-regs/functions --testcases /home/sdasgup3/Github/strata-data/data-regs/testcases.tc --def_in "{ %xmm1 %xmm2 }" --live_out "{ %xmm1 }" --maybe_undef_out "{ }" 
Thread 59 start: dppd_xmm_xmm_imm8_105
timeout 30m  /home/sdasgup3/Github/strata/stoke/./bin/stoke_check_circuit --strata_path /home/sdasgup3/Github/strata-data/circuits --target concrete_instances/immediate-variants/dppd_xmm_xmm_imm8/instructions/dppd_xmm_xmm_imm8_105/dppd_xmm_xmm_imm8_105.s --functions /home/sdasgup3/Github/strata-data/data-regs/functions --testcases /home/sdasgup3/Github/strata-data/data-regs/testcases.tc --def_in "{ %xmm1 %xmm2 }" --live_out "{ %xmm1 }" --maybe_undef_out "{ }" 
Thread 60 start: dppd_xmm_xmm_imm8_106
timeout 30m  /home/sdasgup3/Github/strata/stoke/./bin/stoke_check_circuit --strata_path /home/sdasgup3/Github/strata-data/circuits --target concrete_instances/immediate-variants/dppd_xmm_xmm_imm8/instructions/dppd_xmm_xmm_imm8_106/dppd_xmm_xmm_imm8_106.s --functions /home/sdasgup3/Github/strata-data/data-regs/functions --testcases /home/sdasgup3/Github/strata-data/data-regs/testcases.tc --def_in "{ %xmm1 %xmm2 }" --live_out "{ %xmm1 }" --maybe_undef_out "{ }" 
Reading the Testsuit
Preparing Sandbox
Run 6630 tests
Collect Results
Check Equivalence
Completed 1000cases
Reading the Testsuit
Preparing Sandbox
Run 6630 tests
Collect Results
Check Equivalence
Completed 1000cases
Reading the Testsuit
Preparing Sandbox
Run 6630 tests
Collect Results
Check Equivalence
Completed 1000cases
Reading the Testsuit
Preparing Sandbox
Run 6630 tests
Collect Results
Check Equivalence
Completed 1000cases
Reading the Testsuit
Preparing Sandbox
Run 6630 tests
Collect Results
Check Equivalence
Completed 1000cases
Reading the Testsuit
Preparing Sandbox
Run 6630 tests
Collect Results
Check Equivalence
Completed 1000cases
Reading the Testsuit
Preparing Sandbox
Run 6630 tests
Collect Results
Check Equivalence
Completed 1000cases
Reading the Testsuit
Preparing Sandbox
Run 6630 tests
Collect Results
Check Equivalence
Completed 1000cases
Reading the Testsuit
Preparing Sandbox
Run 6630 tests
Collect Results
Check Equivalence
Completed 1000cases
Reading the Testsuit
Preparing Sandbox
Run 6630 tests
Collect Results
Check Equivalence
Completed 1000cases
Reading the Testsuit
Preparing Sandbox
Run 6630 tests
Collect Results
Check Equivalence
Completed 1000cases
Reading the Testsuit
Preparing Sandbox
Run 6630 tests
Collect Results
Check Equivalence
Completed 1000cases
Reading the Testsuit
Preparing Sandbox
Run 6630 tests
Collect Results
Check Equivalence
Completed 1000cases
Reading the Testsuit
Preparing Sandbox
Run 6630 tests
Collect Results
Check Equivalence
Completed 1000cases
Reading the Testsuit
Preparing Sandbox
Run 6630 tests
Collect Results
Check Equivalence
Completed 1000cases
Reading the Testsuit
Preparing Sandbox
Run 6630 tests
Collect Results
Check Equivalence
Completed 1000cases
Reading the Testsuit
Preparing Sandbox
Run 6630 tests
Collect Results
Check Equivalence
Completed 1000cases
Reading the Testsuit
Preparing Sandbox
Run 6630 tests
Collect Results
Check Equivalence
Completed 1000cases
Reading the Testsuit
Preparing Sandbox
Run 6630 tests
Collect Results
Check Equivalence
Completed 1000cases
Reading the Testsuit
Preparing Sandbox
Run 6630 tests
Collect Results
Check Equivalence
Completed 1000cases
Reading the Testsuit
Preparing Sandbox
Run 6630 tests
Collect Results
Check Equivalence
Completed 1000cases
Reading the Testsuit
Preparing Sandbox
Run 6630 tests
Collect Results
Check Equivalence
Completed 1000cases
Reading the Testsuit
Preparing Sandbox
Run 6630 tests
Collect Results
Check Equivalence
Completed 1000cases
Reading the Testsuit
Preparing Sandbox
Run 6630 tests
Collect Results
Check Equivalence
Completed 1000cases
Reading the Testsuit
Preparing Sandbox
Run 6630 tests
Collect Results
Check Equivalence
Completed 1000cases
Reading the Testsuit
Preparing Sandbox
Run 6630 tests
Collect Results
Check Equivalence
Completed 1000cases
Reading the Testsuit
Preparing Sandbox
Run 6630 tests
Collect Results
Check Equivalence
Completed 1000cases
Reading the Testsuit
Preparing Sandbox
Run 6630 tests
Collect Results
Check Equivalence
Completed 1000cases
Reading the Testsuit
Preparing Sandbox
Run 6630 tests
Collect Results
Check Equivalence
Completed 1000cases
Reading the Testsuit
Preparing Sandbox
Run 6630 tests
Collect Results
Check Equivalence
Completed 1000cases
Completed 2000cases
Completed 2000cases
Completed 2000cases
Completed 2000cases
Completed 2000cases
Completed 2000cases
Completed 2000cases
Completed 2000cases
Completed 2000cases
Completed 2000cases
Completed 3000cases
Completed 2000cases
Completed 2000cases
Completed 2000cases
Completed 2000cases
Completed 2000cases
Completed 2000cases
Completed 2000cases
Completed 2000cases
Completed 2000cases
Completed 2000cases
Completed 2000cases
Completed 2000cases
Completed 2000cases
Completed 2000cases
Completed 2000cases
Completed 2000cases
Completed 2000cases
Completed 2000cases
Completed 2000cases
Completed 2000cases
Completed 3000cases
Completed 3000cases
Completed 3000cases
Completed 3000cases
Completed 3000cases
Completed 4000cases
Completed 3000cases
Completed 3000cases
Completed 3000cases
Completed 3000cases
Completed 3000cases
Completed 3000cases
Completed 3000cases
Completed 3000cases
Completed 3000cases
Completed 3000cases
Completed 3000cases
Completed 3000cases
Completed 3000cases
Completed 3000cases
Completed 4000cases
Completed 3000cases
Completed 3000cases
Completed 3000cases
Completed 3000cases
Completed 3000cases
Completed 3000cases
Completed 3000cases
Completed 3000cases
Completed 3000cases
Completed 3000cases
Completed 5000cases
Completed 4000cases
Completed 4000cases
Completed 4000cases
Completed 4000cases
Completed 4000cases
Completed 4000cases
Completed 4000cases
Completed 4000cases
Completed 4000cases
Completed 5000cases
Completed 4000cases
Completed 4000cases
Completed 4000cases
Completed 4000cases
Completed 4000cases
Completed 4000cases
Completed 4000cases
Completed 4000cases
Completed 4000cases
Completed 4000cases
Completed 6000cases
Completed 4000cases
Completed 4000cases
Completed 4000cases
Completed 4000cases
Completed 4000cases
Completed 4000cases
Completed 4000cases
Completed 4000cases
Completed 4000cases
Completed 5000cases
Completed 5000cases
Completed 5000cases
Completed 6000cases
Completed 5000cases
Completed 5000cases
Execution time dppd_xmm_xmm_imm8_91: 53 s
Thread 50 done!: dppd_xmm_xmm_imm8_91
Completed 5000cases
Completed 5000cases
Completed 5000cases
Completed 5000cases
Completed 5000cases
Completed 5000cases
Completed 5000cases
Completed 5000cases
Completed 5000cases
Completed 5000cases
Completed 5000cases
Completed 5000cases
Execution time dppd_xmm_xmm_imm8_105: 58 s
Thread 59 done!: dppd_xmm_xmm_imm8_105
Completed 5000cases
Completed 5000cases
Completed 5000cases
Completed 5000cases
Completed 5000cases
Completed 6000cases
Completed 5000cases
Completed 5000cases
Completed 5000cases
Completed 6000cases
Completed 5000cases
Completed 6000cases
Completed 5000cases
Completed 5000cases
Completed 6000cases
Completed 6000cases
Completed 6000cases
Completed 6000cases
Completed 6000cases
Completed 6000cases
Completed 6000cases
Completed 6000cases
Completed 6000cases
Completed 6000cases
Execution time dppd_xmm_xmm_imm8_69: 67 s
Thread 38 done!: dppd_xmm_xmm_imm8_69
Completed 6000cases
Execution time dppd_xmm_xmm_imm8_66: 68 s
Thread 36 done!: dppd_xmm_xmm_imm8_66
Completed 6000cases
Execution time dppd_xmm_xmm_imm8_73: 67 s
Thread 41 done!: dppd_xmm_xmm_imm8_73
Completed 6000cases
Completed 6000cases
Execution time dppd_xmm_xmm_imm8_78: 67 s
Thread 45 done!: dppd_xmm_xmm_imm8_78
Completed 6000cases
Execution time dppd_xmm_xmm_imm8_70: 68 s
Thread 39 done!: dppd_xmm_xmm_imm8_70
Completed 6000cases
Completed 6000cases
Execution time dppd_xmm_xmm_imm8_79: 68 s
Thread 46 done!: dppd_xmm_xmm_imm8_79
Completed 6000cases
Execution time dppd_xmm_xmm_imm8_77: 68 s
Thread 44 done!: dppd_xmm_xmm_imm8_77
Execution time dppd_xmm_xmm_imm8_74: 68 s
Thread 42 done!: dppd_xmm_xmm_imm8_74
Completed 6000cases
Completed 6000cases
Completed 6000cases
Execution time dppd_xmm_xmm_imm8_67: 70 s
Thread 37 done!: dppd_xmm_xmm_imm8_67
Completed 6000cases
Execution time dppd_xmm_xmm_imm8_71: 69 s
Thread 40 done!: dppd_xmm_xmm_imm8_71
Completed 6000cases
Execution time dppd_xmm_xmm_imm8_75: 69 s
Thread 43 done!: dppd_xmm_xmm_imm8_75
Execution time dppd_xmm_xmm_imm8_65: 71 s
Thread 35 done!: dppd_xmm_xmm_imm8_65
Completed 6000cases
Completed 6000cases
Execution time dppd_xmm_xmm_imm8_89: 71 s
Thread 49 done!: dppd_xmm_xmm_imm8_89
Execution time dppd_xmm_xmm_imm8_106: 72 s
Thread 60 done!: dppd_xmm_xmm_imm8_106
Execution time dppd_xmm_xmm_imm8_47: 73 s
Thread 33 done!: dppd_xmm_xmm_imm8_47
Execution time dppd_xmm_xmm_imm8_82: 72 s
Thread 47 done!: dppd_xmm_xmm_imm8_82
Execution time dppd_xmm_xmm_imm8_46: 73 s
Thread 32 done!: dppd_xmm_xmm_imm8_46
Execution time dppd_xmm_xmm_imm8_45: 73 s
Thread 31 done!: dppd_xmm_xmm_imm8_45
Execution time dppd_xmm_xmm_imm8_87: 72 s
Thread 48 done!: dppd_xmm_xmm_imm8_87
Execution time dppd_xmm_xmm_imm8_101: 72 s
Thread 56 done!: dppd_xmm_xmm_imm8_101
Execution time dppd_xmm_xmm_imm8_103: 73 s
Thread 58 done!: dppd_xmm_xmm_imm8_103
Execution time dppd_xmm_xmm_imm8_93: 73 s
Thread 51 done!: dppd_xmm_xmm_imm8_93
Execution time dppd_xmm_xmm_imm8_102: 73 s
Thread 57 done!: dppd_xmm_xmm_imm8_102
Execution time dppd_xmm_xmm_imm8_94: 74 s
Thread 52 done!: dppd_xmm_xmm_imm8_94
Execution time dppd_xmm_xmm_imm8_61: 75 s
Thread 34 done!: dppd_xmm_xmm_imm8_61
Execution time dppd_xmm_xmm_imm8_98: 74 s
Thread 54 done!: dppd_xmm_xmm_imm8_98
Execution time dppd_xmm_xmm_imm8_99: 74 s
Thread 55 done!: dppd_xmm_xmm_imm8_99
Execution time dppd_xmm_xmm_imm8_97: 75 s
Thread 53 done!: dppd_xmm_xmm_imm8_97
[4m[1m[34mFiring 30.[0m
Thread 61 start: dppd_xmm_xmm_imm8_107
timeout 30m  /home/sdasgup3/Github/strata/stoke/./bin/stoke_check_circuit --strata_path /home/sdasgup3/Github/strata-data/circuits --target concrete_instances/immediate-variants/dppd_xmm_xmm_imm8/instructions/dppd_xmm_xmm_imm8_107/dppd_xmm_xmm_imm8_107.s --functions /home/sdasgup3/Github/strata-data/data-regs/functions --testcases /home/sdasgup3/Github/strata-data/data-regs/testcases.tc --def_in "{ %xmm1 %xmm2 }" --live_out "{ %xmm1 }" --maybe_undef_out "{ }" 
Thread 62 start: dppd_xmm_xmm_imm8_109
timeout 30m  /home/sdasgup3/Github/strata/stoke/./bin/stoke_check_circuit --strata_path /home/sdasgup3/Github/strata-data/circuits --target concrete_instances/immediate-variants/dppd_xmm_xmm_imm8/instructions/dppd_xmm_xmm_imm8_109/dppd_xmm_xmm_imm8_109.s --functions /home/sdasgup3/Github/strata-data/data-regs/functions --testcases /home/sdasgup3/Github/strata-data/data-regs/testcases.tc --def_in "{ %xmm1 %xmm2 }" --live_out "{ %xmm1 }" --maybe_undef_out "{ }" 
Thread 63 start: dppd_xmm_xmm_imm8_110
timeout 30m  /home/sdasgup3/Github/strata/stoke/./bin/stoke_check_circuit --strata_path /home/sdasgup3/Github/strata-data/circuits --target concrete_instances/immediate-variants/dppd_xmm_xmm_imm8/instructions/dppd_xmm_xmm_imm8_110/dppd_xmm_xmm_imm8_110.s --functions /home/sdasgup3/Github/strata-data/data-regs/functions --testcases /home/sdasgup3/Github/strata-data/data-regs/testcases.tc --def_in "{ %xmm1 %xmm2 }" --live_out "{ %xmm1 }" --maybe_undef_out "{ }" 
Thread 64 start: dppd_xmm_xmm_imm8_111
timeout 30m  /home/sdasgup3/Github/strata/stoke/./bin/stoke_check_circuit --strata_path /home/sdasgup3/Github/strata-data/circuits --target concrete_instances/immediate-variants/dppd_xmm_xmm_imm8/instructions/dppd_xmm_xmm_imm8_111/dppd_xmm_xmm_imm8_111.s --functions /home/sdasgup3/Github/strata-data/data-regs/functions --testcases /home/sdasgup3/Github/strata-data/data-regs/testcases.tc --def_in "{ %xmm1 %xmm2 }" --live_out "{ %xmm1 }" --maybe_undef_out "{ }" 
Thread 65 start: dppd_xmm_xmm_imm8_129
timeout 30m  /home/sdasgup3/Github/strata/stoke/./bin/stoke_check_circuit --strata_path /home/sdasgup3/Github/strata-data/circuits --target concrete_instances/immediate-variants/dppd_xmm_xmm_imm8/instructions/dppd_xmm_xmm_imm8_129/dppd_xmm_xmm_imm8_129.s --functions /home/sdasgup3/Github/strata-data/data-regs/functions --testcases /home/sdasgup3/Github/strata-data/data-regs/testcases.tc --def_in "{ %xmm1 %xmm2 }" --live_out "{ %xmm1 }" --maybe_undef_out "{ }" 
Thread 66 start: dppd_xmm_xmm_imm8_130
timeout 30m  /home/sdasgup3/Github/strata/stoke/./bin/stoke_check_circuit --strata_path /home/sdasgup3/Github/strata-data/circuits --target concrete_instances/immediate-variants/dppd_xmm_xmm_imm8/instructions/dppd_xmm_xmm_imm8_130/dppd_xmm_xmm_imm8_130.s --functions /home/sdasgup3/Github/strata-data/data-regs/functions --testcases /home/sdasgup3/Github/strata-data/data-regs/testcases.tc --def_in "{ %xmm1 %xmm2 }" --live_out "{ %xmm1 }" --maybe_undef_out "{ }" 
Thread 67 start: dppd_xmm_xmm_imm8_131
timeout 30m  /home/sdasgup3/Github/strata/stoke/./bin/stoke_check_circuit --strata_path /home/sdasgup3/Github/strata-data/circuits --target concrete_instances/immediate-variants/dppd_xmm_xmm_imm8/instructions/dppd_xmm_xmm_imm8_131/dppd_xmm_xmm_imm8_131.s --functions /home/sdasgup3/Github/strata-data/data-regs/functions --testcases /home/sdasgup3/Github/strata-data/data-regs/testcases.tc --def_in "{ %xmm1 %xmm2 }" --live_out "{ %xmm1 }" --maybe_undef_out "{ }" 
Thread 68 start: dppd_xmm_xmm_imm8_133
timeout 30m  /home/sdasgup3/Github/strata/stoke/./bin/stoke_check_circuit --strata_path /home/sdasgup3/Github/strata-data/circuits --target concrete_instances/immediate-variants/dppd_xmm_xmm_imm8/instructions/dppd_xmm_xmm_imm8_133/dppd_xmm_xmm_imm8_133.s --functions /home/sdasgup3/Github/strata-data/data-regs/functions --testcases /home/sdasgup3/Github/strata-data/data-regs/testcases.tc --def_in "{ %xmm1 %xmm2 }" --live_out "{ %xmm1 }" --maybe_undef_out "{ }" 
Thread 69 start: dppd_xmm_xmm_imm8_134
timeout 30m  /home/sdasgup3/Github/strata/stoke/./bin/stoke_check_circuit --strata_path /home/sdasgup3/Github/strata-data/circuits --target concrete_instances/immediate-variants/dppd_xmm_xmm_imm8/instructions/dppd_xmm_xmm_imm8_134/dppd_xmm_xmm_imm8_134.s --functions /home/sdasgup3/Github/strata-data/data-regs/functions --testcases /home/sdasgup3/Github/strata-data/data-regs/testcases.tc --def_in "{ %xmm1 %xmm2 }" --live_out "{ %xmm1 }" --maybe_undef_out "{ }" 
Thread 70 start: dppd_xmm_xmm_imm8_135
timeout 30m  /home/sdasgup3/Github/strata/stoke/./bin/stoke_check_circuit --strata_path /home/sdasgup3/Github/strata-data/circuits --target concrete_instances/immediate-variants/dppd_xmm_xmm_imm8/instructions/dppd_xmm_xmm_imm8_135/dppd_xmm_xmm_imm8_135.s --functions /home/sdasgup3/Github/strata-data/data-regs/functions --testcases /home/sdasgup3/Github/strata-data/data-regs/testcases.tc --def_in "{ %xmm1 %xmm2 }" --live_out "{ %xmm1 }" --maybe_undef_out "{ }" 
Thread 71 start: dppd_xmm_xmm_imm8_137
timeout 30m  /home/sdasgup3/Github/strata/stoke/./bin/stoke_check_circuit --strata_path /home/sdasgup3/Github/strata-data/circuits --target concrete_instances/immediate-variants/dppd_xmm_xmm_imm8/instructions/dppd_xmm_xmm_imm8_137/dppd_xmm_xmm_imm8_137.s --functions /home/sdasgup3/Github/strata-data/data-regs/functions --testcases /home/sdasgup3/Github/strata-data/data-regs/testcases.tc --def_in "{ %xmm1 %xmm2 }" --live_out "{ %xmm1 }" --maybe_undef_out "{ }" 
Thread 72 start: dppd_xmm_xmm_imm8_138
timeout 30m  /home/sdasgup3/Github/strata/stoke/./bin/stoke_check_circuit --strata_path /home/sdasgup3/Github/strata-data/circuits --target concrete_instances/immediate-variants/dppd_xmm_xmm_imm8/instructions/dppd_xmm_xmm_imm8_138/dppd_xmm_xmm_imm8_138.s --functions /home/sdasgup3/Github/strata-data/data-regs/functions --testcases /home/sdasgup3/Github/strata-data/data-regs/testcases.tc --def_in "{ %xmm1 %xmm2 }" --live_out "{ %xmm1 }" --maybe_undef_out "{ }" 
Thread 73 start: dppd_xmm_xmm_imm8_139
timeout 30m  /home/sdasgup3/Github/strata/stoke/./bin/stoke_check_circuit --strata_path /home/sdasgup3/Github/strata-data/circuits --target concrete_instances/immediate-variants/dppd_xmm_xmm_imm8/instructions/dppd_xmm_xmm_imm8_139/dppd_xmm_xmm_imm8_139.s --functions /home/sdasgup3/Github/strata-data/data-regs/functions --testcases /home/sdasgup3/Github/strata-data/data-regs/testcases.tc --def_in "{ %xmm1 %xmm2 }" --live_out "{ %xmm1 }" --maybe_undef_out "{ }" 
Thread 74 start: dppd_xmm_xmm_imm8_141
timeout 30m  /home/sdasgup3/Github/strata/stoke/./bin/stoke_check_circuit --strata_path /home/sdasgup3/Github/strata-data/circuits --target concrete_instances/immediate-variants/dppd_xmm_xmm_imm8/instructions/dppd_xmm_xmm_imm8_141/dppd_xmm_xmm_imm8_141.s --functions /home/sdasgup3/Github/strata-data/data-regs/functions --testcases /home/sdasgup3/Github/strata-data/data-regs/testcases.tc --def_in "{ %xmm1 %xmm2 }" --live_out "{ %xmm1 }" --maybe_undef_out "{ }" 
Thread 75 start: dppd_xmm_xmm_imm8_142
timeout 30m  /home/sdasgup3/Github/strata/stoke/./bin/stoke_check_circuit --strata_path /home/sdasgup3/Github/strata-data/circuits --target concrete_instances/immediate-variants/dppd_xmm_xmm_imm8/instructions/dppd_xmm_xmm_imm8_142/dppd_xmm_xmm_imm8_142.s --functions /home/sdasgup3/Github/strata-data/data-regs/functions --testcases /home/sdasgup3/Github/strata-data/data-regs/testcases.tc --def_in "{ %xmm1 %xmm2 }" --live_out "{ %xmm1 }" --maybe_undef_out "{ }" 
Thread 76 start: dppd_xmm_xmm_imm8_143
timeout 30m  /home/sdasgup3/Github/strata/stoke/./bin/stoke_check_circuit --strata_path /home/sdasgup3/Github/strata-data/circuits --target concrete_instances/immediate-variants/dppd_xmm_xmm_imm8/instructions/dppd_xmm_xmm_imm8_143/dppd_xmm_xmm_imm8_143.s --functions /home/sdasgup3/Github/strata-data/data-regs/functions --testcases /home/sdasgup3/Github/strata-data/data-regs/testcases.tc --def_in "{ %xmm1 %xmm2 }" --live_out "{ %xmm1 }" --maybe_undef_out "{ }" 
Thread 77 start: dppd_xmm_xmm_imm8_146
timeout 30m  /home/sdasgup3/Github/strata/stoke/./bin/stoke_check_circuit --strata_path /home/sdasgup3/Github/strata-data/circuits --target concrete_instances/immediate-variants/dppd_xmm_xmm_imm8/instructions/dppd_xmm_xmm_imm8_146/dppd_xmm_xmm_imm8_146.s --functions /home/sdasgup3/Github/strata-data/data-regs/functions --testcases /home/sdasgup3/Github/strata-data/data-regs/testcases.tc --def_in "{ %xmm1 %xmm2 }" --live_out "{ %xmm1 }" --maybe_undef_out "{ }" 
Thread 78 start: dppd_xmm_xmm_imm8_152
timeout 30m  /home/sdasgup3/Github/strata/stoke/./bin/stoke_check_circuit --strata_path /home/sdasgup3/Github/strata-data/circuits --target concrete_instances/immediate-variants/dppd_xmm_xmm_imm8/instructions/dppd_xmm_xmm_imm8_152/dppd_xmm_xmm_imm8_152.s --functions /home/sdasgup3/Github/strata-data/data-regs/functions --testcases /home/sdasgup3/Github/strata-data/data-regs/testcases.tc --def_in "{ %xmm1 %xmm2 }" --live_out "{ %xmm1 }" --maybe_undef_out "{ }" 
Thread 79 start: dppd_xmm_xmm_imm8_157
timeout 30m  /home/sdasgup3/Github/strata/stoke/./bin/stoke_check_circuit --strata_path /home/sdasgup3/Github/strata-data/circuits --target concrete_instances/immediate-variants/dppd_xmm_xmm_imm8/instructions/dppd_xmm_xmm_imm8_157/dppd_xmm_xmm_imm8_157.s --functions /home/sdasgup3/Github/strata-data/data-regs/functions --testcases /home/sdasgup3/Github/strata-data/data-regs/testcases.tc --def_in "{ %xmm1 %xmm2 }" --live_out "{ %xmm1 }" --maybe_undef_out "{ }" 
Thread 80 start: dppd_xmm_xmm_imm8_162
timeout 30m  /home/sdasgup3/Github/strata/stoke/./bin/stoke_check_circuit --strata_path /home/sdasgup3/Github/strata-data/circuits --target concrete_instances/immediate-variants/dppd_xmm_xmm_imm8/instructions/dppd_xmm_xmm_imm8_162/dppd_xmm_xmm_imm8_162.s --functions /home/sdasgup3/Github/strata-data/data-regs/functions --testcases /home/sdasgup3/Github/strata-data/data-regs/testcases.tc --def_in "{ %xmm1 %xmm2 }" --live_out "{ %xmm1 }" --maybe_undef_out "{ }" 
Thread 81 start: dppd_xmm_xmm_imm8_163
timeout 30m  /home/sdasgup3/Github/strata/stoke/./bin/stoke_check_circuit --strata_path /home/sdasgup3/Github/strata-data/circuits --target concrete_instances/immediate-variants/dppd_xmm_xmm_imm8/instructions/dppd_xmm_xmm_imm8_163/dppd_xmm_xmm_imm8_163.s --functions /home/sdasgup3/Github/strata-data/data-regs/functions --testcases /home/sdasgup3/Github/strata-data/data-regs/testcases.tc --def_in "{ %xmm1 %xmm2 }" --live_out "{ %xmm1 }" --maybe_undef_out "{ }" 
Thread 82 start: dppd_xmm_xmm_imm8_165
timeout 30m  /home/sdasgup3/Github/strata/stoke/./bin/stoke_check_circuit --strata_path /home/sdasgup3/Github/strata-data/circuits --target concrete_instances/immediate-variants/dppd_xmm_xmm_imm8/instructions/dppd_xmm_xmm_imm8_165/dppd_xmm_xmm_imm8_165.s --functions /home/sdasgup3/Github/strata-data/data-regs/functions --testcases /home/sdasgup3/Github/strata-data/data-regs/testcases.tc --def_in "{ %xmm1 %xmm2 }" --live_out "{ %xmm1 }" --maybe_undef_out "{ }" 
Thread 83 start: dppd_xmm_xmm_imm8_167
timeout 30m  /home/sdasgup3/Github/strata/stoke/./bin/stoke_check_circuit --strata_path /home/sdasgup3/Github/strata-data/circuits --target concrete_instances/immediate-variants/dppd_xmm_xmm_imm8/instructions/dppd_xmm_xmm_imm8_167/dppd_xmm_xmm_imm8_167.s --functions /home/sdasgup3/Github/strata-data/data-regs/functions --testcases /home/sdasgup3/Github/strata-data/data-regs/testcases.tc --def_in "{ %xmm1 %xmm2 }" --live_out "{ %xmm1 }" --maybe_undef_out "{ }" 
Thread 84 start: dppd_xmm_xmm_imm8_169
timeout 30m  /home/sdasgup3/Github/strata/stoke/./bin/stoke_check_circuit --strata_path /home/sdasgup3/Github/strata-data/circuits --target concrete_instances/immediate-variants/dppd_xmm_xmm_imm8/instructions/dppd_xmm_xmm_imm8_169/dppd_xmm_xmm_imm8_169.s --functions /home/sdasgup3/Github/strata-data/data-regs/functions --testcases /home/sdasgup3/Github/strata-data/data-regs/testcases.tc --def_in "{ %xmm1 %xmm2 }" --live_out "{ %xmm1 }" --maybe_undef_out "{ }" 
Thread 85 start: dppd_xmm_xmm_imm8_170
timeout 30m  /home/sdasgup3/Github/strata/stoke/./bin/stoke_check_circuit --strata_path /home/sdasgup3/Github/strata-data/circuits --target concrete_instances/immediate-variants/dppd_xmm_xmm_imm8/instructions/dppd_xmm_xmm_imm8_170/dppd_xmm_xmm_imm8_170.s --functions /home/sdasgup3/Github/strata-data/data-regs/functions --testcases /home/sdasgup3/Github/strata-data/data-regs/testcases.tc --def_in "{ %xmm1 %xmm2 }" --live_out "{ %xmm1 }" --maybe_undef_out "{ }" 
Thread 86 start: dppd_xmm_xmm_imm8_171
timeout 30m  /home/sdasgup3/Github/strata/stoke/./bin/stoke_check_circuit --strata_path /home/sdasgup3/Github/strata-data/circuits --target concrete_instances/immediate-variants/dppd_xmm_xmm_imm8/instructions/dppd_xmm_xmm_imm8_171/dppd_xmm_xmm_imm8_171.s --functions /home/sdasgup3/Github/strata-data/data-regs/functions --testcases /home/sdasgup3/Github/strata-data/data-regs/testcases.tc --def_in "{ %xmm1 %xmm2 }" --live_out "{ %xmm1 }" --maybe_undef_out "{ }" 
Thread 87 start: dppd_xmm_xmm_imm8_173
timeout 30m  /home/sdasgup3/Github/strata/stoke/./bin/stoke_check_circuit --strata_path /home/sdasgup3/Github/strata-data/circuits --target concrete_instances/immediate-variants/dppd_xmm_xmm_imm8/instructions/dppd_xmm_xmm_imm8_173/dppd_xmm_xmm_imm8_173.s --functions /home/sdasgup3/Github/strata-data/data-regs/functions --testcases /home/sdasgup3/Github/strata-data/data-regs/testcases.tc --def_in "{ %xmm1 %xmm2 }" --live_out "{ %xmm1 }" --maybe_undef_out "{ }" 
Thread 88 start: dppd_xmm_xmm_imm8_174
timeout 30m  /home/sdasgup3/Github/strata/stoke/./bin/stoke_check_circuit --strata_path /home/sdasgup3/Github/strata-data/circuits --target concrete_instances/immediate-variants/dppd_xmm_xmm_imm8/instructions/dppd_xmm_xmm_imm8_174/dppd_xmm_xmm_imm8_174.s --functions /home/sdasgup3/Github/strata-data/data-regs/functions --testcases /home/sdasgup3/Github/strata-data/data-regs/testcases.tc --def_in "{ %xmm1 %xmm2 }" --live_out "{ %xmm1 }" --maybe_undef_out "{ }" 
Thread 89 start: dppd_xmm_xmm_imm8_175
timeout 30m  /home/sdasgup3/Github/strata/stoke/./bin/stoke_check_circuit --strata_path /home/sdasgup3/Github/strata-data/circuits --target concrete_instances/immediate-variants/dppd_xmm_xmm_imm8/instructions/dppd_xmm_xmm_imm8_175/dppd_xmm_xmm_imm8_175.s --functions /home/sdasgup3/Github/strata-data/data-regs/functions --testcases /home/sdasgup3/Github/strata-data/data-regs/testcases.tc --def_in "{ %xmm1 %xmm2 }" --live_out "{ %xmm1 }" --maybe_undef_out "{ }" 
Thread 90 start: dppd_xmm_xmm_imm8_178
timeout 30m  /home/sdasgup3/Github/strata/stoke/./bin/stoke_check_circuit --strata_path /home/sdasgup3/Github/strata-data/circuits --target concrete_instances/immediate-variants/dppd_xmm_xmm_imm8/instructions/dppd_xmm_xmm_imm8_178/dppd_xmm_xmm_imm8_178.s --functions /home/sdasgup3/Github/strata-data/data-regs/functions --testcases /home/sdasgup3/Github/strata-data/data-regs/testcases.tc --def_in "{ %xmm1 %xmm2 }" --live_out "{ %xmm1 }" --maybe_undef_out "{ }" 
Reading the Testsuit
Preparing Sandbox
Run 6630 tests
Collect Results
Check Equivalence
Completed 1000cases
Reading the Testsuit
Preparing Sandbox
Run 6630 tests
Collect Results
Check Equivalence
Completed 1000cases
Reading the Testsuit
Preparing Sandbox
Run 6630 tests
Collect Results
Check Equivalence
Completed 1000cases
Reading the Testsuit
Preparing Sandbox
Run 6630 tests
Collect Results
Check Equivalence
Completed 1000cases
Reading the Testsuit
Preparing Sandbox
Run 6630 tests
Collect Results
Check Equivalence
Completed 1000cases
Reading the Testsuit
Preparing Sandbox
Run 6630 tests
Collect Results
Check Equivalence
Completed 1000cases
Reading the Testsuit
Preparing Sandbox
Run 6630 tests
Collect Results
Check Equivalence
Completed 1000cases
Reading the Testsuit
Preparing Sandbox
Run 6630 tests
Collect Results
Check Equivalence
Completed 1000cases
Reading the Testsuit
Preparing Sandbox
Run 6630 tests
Collect Results
Check Equivalence
Completed 1000cases
Reading the Testsuit
Preparing Sandbox
Run 6630 tests
Collect Results
Check Equivalence
Completed 1000cases
Reading the Testsuit
Preparing Sandbox
Run 6630 tests
Collect Results
Check Equivalence
Completed 1000cases
Reading the Testsuit
Preparing Sandbox
Run 6630 tests
Collect Results
Check Equivalence
Completed 1000cases
Reading the Testsuit
Preparing Sandbox
Run 6630 tests
Collect Results
Check Equivalence
Completed 1000cases
Reading the Testsuit
Preparing Sandbox
Run 6630 tests
Collect Results
Check Equivalence
Completed 1000cases
Reading the Testsuit
Preparing Sandbox
Run 6630 tests
Collect Results
Check Equivalence
Completed 1000cases
Reading the Testsuit
Preparing Sandbox
Run 6630 tests
Collect Results
Check Equivalence
Completed 1000cases
Reading the Testsuit
Preparing Sandbox
Run 6630 tests
Collect Results
Check Equivalence
Completed 1000cases
Reading the Testsuit
Preparing Sandbox
Run 6630 tests
Collect Results
Check Equivalence
Completed 1000cases
Reading the Testsuit
Preparing Sandbox
Run 6630 tests
Collect Results
Check Equivalence
Completed 1000cases
Reading the Testsuit
Preparing Sandbox
Run 6630 tests
Collect Results
Check Equivalence
Completed 1000cases
Reading the Testsuit
Preparing Sandbox
Run 6630 tests
Collect Results
Check Equivalence
Completed 1000cases
Reading the Testsuit
Preparing Sandbox
Run 6630 tests
Collect Results
Check Equivalence
Completed 1000cases
Reading the Testsuit
Preparing Sandbox
Run 6630 tests
Collect Results
Check Equivalence
Completed 1000cases
Reading the Testsuit
Preparing Sandbox
Run 6630 tests
Collect Results
Check Equivalence
Completed 1000cases
Reading the Testsuit
Preparing Sandbox
Run 6630 tests
Collect Results
Check Equivalence
Completed 1000cases
Reading the Testsuit
Preparing Sandbox
Run 6630 tests
Collect Results
Check Equivalence
Completed 1000cases
Reading the Testsuit
Preparing Sandbox
Run 6630 tests
Collect Results
Check Equivalence
Completed 1000cases
Reading the Testsuit
Preparing Sandbox
Run 6630 tests
Collect Results
Check Equivalence
Completed 1000cases
Reading the Testsuit
Preparing Sandbox
Run 6630 tests
Collect Results
Check Equivalence
Completed 1000cases
Reading the Testsuit
Preparing Sandbox
Run 6630 tests
Collect Results
Check Equivalence
Completed 1000cases
Completed 2000cases
Completed 2000cases
Completed 2000cases
Completed 2000cases
Completed 2000cases
Completed 2000cases
Completed 2000cases
Completed 2000cases
Completed 2000cases
Completed 2000cases
Completed 2000cases
Completed 2000cases
Completed 2000cases
Completed 2000cases
Completed 2000cases
Completed 2000cases
Completed 2000cases
Completed 2000cases
Completed 2000cases
Completed 2000cases
Completed 2000cases
Completed 2000cases
Completed 2000cases
Completed 2000cases
Completed 2000cases
Completed 2000cases
Completed 2000cases
Completed 2000cases
Completed 2000cases
Completed 2000cases
Completed 3000cases
Completed 3000cases
Completed 3000cases
Completed 3000cases
Completed 3000cases
Completed 3000cases
Completed 3000cases
Completed 3000cases
Completed 3000cases
Completed 3000cases
Completed 3000cases
Completed 3000cases
Completed 3000cases
Completed 3000cases
Completed 3000cases
Completed 3000cases
Completed 3000cases
Completed 3000cases
Completed 3000cases
Completed 3000cases
Completed 3000cases
Completed 3000cases
Completed 3000cases
Completed 3000cases
Completed 3000cases
Completed 3000cases
Completed 3000cases
Completed 3000cases
Completed 3000cases
Completed 3000cases
Completed 4000cases
Completed 4000cases
Completed 4000cases
Completed 4000cases
Completed 4000cases
Completed 4000cases
Completed 4000cases
Completed 4000cases
Completed 4000cases
Completed 4000cases
Completed 4000cases
Completed 4000cases
Completed 4000cases
Completed 4000cases
Completed 4000cases
Completed 4000cases
Completed 4000cases
Completed 4000cases
Completed 4000cases
Completed 4000cases
Completed 4000cases
Completed 4000cases
Completed 4000cases
Completed 4000cases
Completed 4000cases
Completed 4000cases
Completed 4000cases
Completed 4000cases
Completed 5000cases
Completed 4000cases
Completed 4000cases
Completed 5000cases
Completed 5000cases
Completed 5000cases
Completed 5000cases
Completed 5000cases
Completed 5000cases
Completed 5000cases
Completed 5000cases
Completed 5000cases
Completed 5000cases
Completed 5000cases
Completed 5000cases
Completed 5000cases
Completed 5000cases
Completed 5000cases
Completed 5000cases
Completed 6000cases
Completed 5000cases
Completed 5000cases
Completed 5000cases
Completed 5000cases
Completed 5000cases
Completed 5000cases
Completed 5000cases
Completed 5000cases
Completed 5000cases
Completed 5000cases
Completed 5000cases
Completed 5000cases
Completed 5000cases
Completed 6000cases
Completed 6000cases
Completed 6000cases
Completed 6000cases
Completed 6000cases
Completed 6000cases
Completed 6000cases
Completed 6000cases
Completed 6000cases
Completed 6000cases
Completed 6000cases
Execution time dppd_xmm_xmm_imm8_131: 65 s
Thread 67 done!: dppd_xmm_xmm_imm8_131
Completed 6000cases
Completed 6000cases
Completed 6000cases
Completed 6000cases
Execution time dppd_xmm_xmm_imm8_152: 66 s
Thread 78 done!: dppd_xmm_xmm_imm8_152
Completed 6000cases
Execution time dppd_xmm_xmm_imm8_142: 68 s
Thread 75 done!: dppd_xmm_xmm_imm8_142
Completed 6000cases
Completed 6000cases
Execution time dppd_xmm_xmm_imm8_137: 68 s
Thread 71 done!: dppd_xmm_xmm_imm8_137
Execution time dppd_xmm_xmm_imm8_107: 68 s
Thread 61 done!: dppd_xmm_xmm_imm8_107
Execution time dppd_xmm_xmm_imm8_135: 69 s
Thread 70 done!: dppd_xmm_xmm_imm8_135
Completed 6000cases
Execution time dppd_xmm_xmm_imm8_143: 69 s
Thread 76 done!: dppd_xmm_xmm_imm8_143
Completed 6000cases
Execution time dppd_xmm_xmm_imm8_141: 69 s
Thread 74 done!: dppd_xmm_xmm_imm8_141
Completed 6000cases
Completed 6000cases
Completed 6000cases
Completed 6000cases
Execution time dppd_xmm_xmm_imm8_139: 69 s
Thread 73 done!: dppd_xmm_xmm_imm8_139
Completed 6000cases
Completed 6000cases
Completed 6000cases
Execution time dppd_xmm_xmm_imm8_130: 70 s
Thread 66 done!: dppd_xmm_xmm_imm8_130
Completed 6000cases
Execution time dppd_xmm_xmm_imm8_133: 71 s
Thread 68 done!: dppd_xmm_xmm_imm8_133
Execution time dppd_xmm_xmm_imm8_134: 71 s
Thread 69 done!: dppd_xmm_xmm_imm8_134
Completed 6000cases
Execution time dppd_xmm_xmm_imm8_129: 71 s
Thread 65 done!: dppd_xmm_xmm_imm8_129
Execution time dppd_xmm_xmm_imm8_138: 71 s
Thread 72 done!: dppd_xmm_xmm_imm8_138
Execution time dppd_xmm_xmm_imm8_110: 72 s
Thread 63 done!: dppd_xmm_xmm_imm8_110
Execution time dppd_xmm_xmm_imm8_173: 71 s
Thread 87 done!: dppd_xmm_xmm_imm8_173
Execution time dppd_xmm_xmm_imm8_165: 72 s
Thread 82 done!: dppd_xmm_xmm_imm8_165
Execution time dppd_xmm_xmm_imm8_111: 73 s
Thread 64 done!: dppd_xmm_xmm_imm8_111
Execution time dppd_xmm_xmm_imm8_170: 72 s
Thread 85 done!: dppd_xmm_xmm_imm8_170
Execution time dppd_xmm_xmm_imm8_167: 73 s
Thread 83 done!: dppd_xmm_xmm_imm8_167
Execution time dppd_xmm_xmm_imm8_146: 73 s
Thread 77 done!: dppd_xmm_xmm_imm8_146
Execution time dppd_xmm_xmm_imm8_169: 73 s
Thread 84 done!: dppd_xmm_xmm_imm8_169
Execution time dppd_xmm_xmm_imm8_163: 73 s
Thread 81 done!: dppd_xmm_xmm_imm8_163
Execution time dppd_xmm_xmm_imm8_178: 73 s
Thread 90 done!: dppd_xmm_xmm_imm8_178
Execution time dppd_xmm_xmm_imm8_109: 74 s
Thread 62 done!: dppd_xmm_xmm_imm8_109
Execution time dppd_xmm_xmm_imm8_171: 73 s
Thread 86 done!: dppd_xmm_xmm_imm8_171
Execution time dppd_xmm_xmm_imm8_174: 73 s
Thread 88 done!: dppd_xmm_xmm_imm8_174
Execution time dppd_xmm_xmm_imm8_175: 73 s
Thread 89 done!: dppd_xmm_xmm_imm8_175
Execution time dppd_xmm_xmm_imm8_157: 74 s
Thread 79 done!: dppd_xmm_xmm_imm8_157
Execution time dppd_xmm_xmm_imm8_162: 74 s
Thread 80 done!: dppd_xmm_xmm_imm8_162
[4m[1m[34mFiring Last 28[0m
Thread 92 start: dppd_xmm_xmm_imm8_194
timeout 30m  /home/sdasgup3/Github/strata/stoke/./bin/stoke_check_circuit --strata_path /home/sdasgup3/Github/strata-data/circuits --target concrete_instances/immediate-variants/dppd_xmm_xmm_imm8/instructions/dppd_xmm_xmm_imm8_194/dppd_xmm_xmm_imm8_194.s --functions /home/sdasgup3/Github/strata-data/data-regs/functions --testcases /home/sdasgup3/Github/strata-data/data-regs/testcases.tc --def_in "{ %xmm1 %xmm2 }" --live_out "{ %xmm1 }" --maybe_undef_out "{ }" 
Thread 94 start: dppd_xmm_xmm_imm8_197
timeout 30m  /home/sdasgup3/Github/strata/stoke/./bin/stoke_check_circuit --strata_path /home/sdasgup3/Github/strata-data/circuits --target concrete_instances/immediate-variants/dppd_xmm_xmm_imm8/instructions/dppd_xmm_xmm_imm8_197/dppd_xmm_xmm_imm8_197.s --functions /home/sdasgup3/Github/strata-data/data-regs/functions --testcases /home/sdasgup3/Github/strata-data/data-regs/testcases.tc --def_in "{ %xmm1 %xmm2 }" --live_out "{ %xmm1 }" --maybe_undef_out "{ }" 
Thread 91 start: dppd_xmm_xmm_imm8_193
timeout 30m  /home/sdasgup3/Github/strata/stoke/./bin/stoke_check_circuit --strata_path /home/sdasgup3/Github/strata-data/circuits --target concrete_instances/immediate-variants/dppd_xmm_xmm_imm8/instructions/dppd_xmm_xmm_imm8_193/dppd_xmm_xmm_imm8_193.s --functions /home/sdasgup3/Github/strata-data/data-regs/functions --testcases /home/sdasgup3/Github/strata-data/data-regs/testcases.tc --def_in "{ %xmm1 %xmm2 }" --live_out "{ %xmm1 }" --maybe_undef_out "{ }" 
Thread 95 start: dppd_xmm_xmm_imm8_198
timeout 30m  /home/sdasgup3/Github/strata/stoke/./bin/stoke_check_circuit --strata_path /home/sdasgup3/Github/strata-data/circuits --target concrete_instances/immediate-variants/dppd_xmm_xmm_imm8/instructions/dppd_xmm_xmm_imm8_198/dppd_xmm_xmm_imm8_198.s --functions /home/sdasgup3/Github/strata-data/data-regs/functions --testcases /home/sdasgup3/Github/strata-data/data-regs/testcases.tc --def_in "{ %xmm1 %xmm2 }" --live_out "{ %xmm1 }" --maybe_undef_out "{ }" 
Thread 93 start: dppd_xmm_xmm_imm8_195
timeout 30m  /home/sdasgup3/Github/strata/stoke/./bin/stoke_check_circuit --strata_path /home/sdasgup3/Github/strata-data/circuits --target concrete_instances/immediate-variants/dppd_xmm_xmm_imm8/instructions/dppd_xmm_xmm_imm8_195/dppd_xmm_xmm_imm8_195.s --functions /home/sdasgup3/Github/strata-data/data-regs/functions --testcases /home/sdasgup3/Github/strata-data/data-regs/testcases.tc --def_in "{ %xmm1 %xmm2 }" --live_out "{ %xmm1 }" --maybe_undef_out "{ }" 
Thread 96 start: dppd_xmm_xmm_imm8_199
timeout 30m  /home/sdasgup3/Github/strata/stoke/./bin/stoke_check_circuit --strata_path /home/sdasgup3/Github/strata-data/circuits --target concrete_instances/immediate-variants/dppd_xmm_xmm_imm8/instructions/dppd_xmm_xmm_imm8_199/dppd_xmm_xmm_imm8_199.s --functions /home/sdasgup3/Github/strata-data/data-regs/functions --testcases /home/sdasgup3/Github/strata-data/data-regs/testcases.tc --def_in "{ %xmm1 %xmm2 }" --live_out "{ %xmm1 }" --maybe_undef_out "{ }" 
Thread 97 start: dppd_xmm_xmm_imm8_201
timeout 30m  /home/sdasgup3/Github/strata/stoke/./bin/stoke_check_circuit --strata_path /home/sdasgup3/Github/strata-data/circuits --target concrete_instances/immediate-variants/dppd_xmm_xmm_imm8/instructions/dppd_xmm_xmm_imm8_201/dppd_xmm_xmm_imm8_201.s --functions /home/sdasgup3/Github/strata-data/data-regs/functions --testcases /home/sdasgup3/Github/strata-data/data-regs/testcases.tc --def_in "{ %xmm1 %xmm2 }" --live_out "{ %xmm1 }" --maybe_undef_out "{ }" 
Thread 98 start: dppd_xmm_xmm_imm8_202
timeout 30m  /home/sdasgup3/Github/strata/stoke/./bin/stoke_check_circuit --strata_path /home/sdasgup3/Github/strata-data/circuits --target concrete_instances/immediate-variants/dppd_xmm_xmm_imm8/instructions/dppd_xmm_xmm_imm8_202/dppd_xmm_xmm_imm8_202.s --functions /home/sdasgup3/Github/strata-data/data-regs/functions --testcases /home/sdasgup3/Github/strata-data/data-regs/testcases.tc --def_in "{ %xmm1 %xmm2 }" --live_out "{ %xmm1 }" --maybe_undef_out "{ }" 
Thread 99 start: dppd_xmm_xmm_imm8_203
timeout 30m  /home/sdasgup3/Github/strata/stoke/./bin/stoke_check_circuit --strata_path /home/sdasgup3/Github/strata-data/circuits --target concrete_instances/immediate-variants/dppd_xmm_xmm_imm8/instructions/dppd_xmm_xmm_imm8_203/dppd_xmm_xmm_imm8_203.s --functions /home/sdasgup3/Github/strata-data/data-regs/functions --testcases /home/sdasgup3/Github/strata-data/data-regs/testcases.tc --def_in "{ %xmm1 %xmm2 }" --live_out "{ %xmm1 }" --maybe_undef_out "{ }" 
Thread 100 start: dppd_xmm_xmm_imm8_204
timeout 30m  /home/sdasgup3/Github/strata/stoke/./bin/stoke_check_circuit --strata_path /home/sdasgup3/Github/strata-data/circuits --target concrete_instances/immediate-variants/dppd_xmm_xmm_imm8/instructions/dppd_xmm_xmm_imm8_204/dppd_xmm_xmm_imm8_204.s --functions /home/sdasgup3/Github/strata-data/data-regs/functions --testcases /home/sdasgup3/Github/strata-data/data-regs/testcases.tc --def_in "{ %xmm1 %xmm2 }" --live_out "{ %xmm1 }" --maybe_undef_out "{ }" 
Thread 101 start: dppd_xmm_xmm_imm8_205
timeout 30m  /home/sdasgup3/Github/strata/stoke/./bin/stoke_check_circuit --strata_path /home/sdasgup3/Github/strata-data/circuits --target concrete_instances/immediate-variants/dppd_xmm_xmm_imm8/instructions/dppd_xmm_xmm_imm8_205/dppd_xmm_xmm_imm8_205.s --functions /home/sdasgup3/Github/strata-data/data-regs/functions --testcases /home/sdasgup3/Github/strata-data/data-regs/testcases.tc --def_in "{ %xmm1 %xmm2 }" --live_out "{ %xmm1 }" --maybe_undef_out "{ }" 
Thread 102 start: dppd_xmm_xmm_imm8_206
timeout 30m  /home/sdasgup3/Github/strata/stoke/./bin/stoke_check_circuit --strata_path /home/sdasgup3/Github/strata-data/circuits --target concrete_instances/immediate-variants/dppd_xmm_xmm_imm8/instructions/dppd_xmm_xmm_imm8_206/dppd_xmm_xmm_imm8_206.s --functions /home/sdasgup3/Github/strata-data/data-regs/functions --testcases /home/sdasgup3/Github/strata-data/data-regs/testcases.tc --def_in "{ %xmm1 %xmm2 }" --live_out "{ %xmm1 }" --maybe_undef_out "{ }" 
Thread 103 start: dppd_xmm_xmm_imm8_207
timeout 30m  /home/sdasgup3/Github/strata/stoke/./bin/stoke_check_circuit --strata_path /home/sdasgup3/Github/strata-data/circuits --target concrete_instances/immediate-variants/dppd_xmm_xmm_imm8/instructions/dppd_xmm_xmm_imm8_207/dppd_xmm_xmm_imm8_207.s --functions /home/sdasgup3/Github/strata-data/data-regs/functions --testcases /home/sdasgup3/Github/strata-data/data-regs/testcases.tc --def_in "{ %xmm1 %xmm2 }" --live_out "{ %xmm1 }" --maybe_undef_out "{ }" 
Thread 104 start: dppd_xmm_xmm_imm8_209
timeout 30m  /home/sdasgup3/Github/strata/stoke/./bin/stoke_check_circuit --strata_path /home/sdasgup3/Github/strata-data/circuits --target concrete_instances/immediate-variants/dppd_xmm_xmm_imm8/instructions/dppd_xmm_xmm_imm8_209/dppd_xmm_xmm_imm8_209.s --functions /home/sdasgup3/Github/strata-data/data-regs/functions --testcases /home/sdasgup3/Github/strata-data/data-regs/testcases.tc --def_in "{ %xmm1 %xmm2 }" --live_out "{ %xmm1 }" --maybe_undef_out "{ }" 
Thread 105 start: dppd_xmm_xmm_imm8_210
timeout 30m  /home/sdasgup3/Github/strata/stoke/./bin/stoke_check_circuit --strata_path /home/sdasgup3/Github/strata-data/circuits --target concrete_instances/immediate-variants/dppd_xmm_xmm_imm8/instructions/dppd_xmm_xmm_imm8_210/dppd_xmm_xmm_imm8_210.s --functions /home/sdasgup3/Github/strata-data/data-regs/functions --testcases /home/sdasgup3/Github/strata-data/data-regs/testcases.tc --def_in "{ %xmm1 %xmm2 }" --live_out "{ %xmm1 }" --maybe_undef_out "{ }" 
Thread 106 start: dppd_xmm_xmm_imm8_218
timeout 30m  /home/sdasgup3/Github/strata/stoke/./bin/stoke_check_circuit --strata_path /home/sdasgup3/Github/strata-data/circuits --target concrete_instances/immediate-variants/dppd_xmm_xmm_imm8/instructions/dppd_xmm_xmm_imm8_218/dppd_xmm_xmm_imm8_218.s --functions /home/sdasgup3/Github/strata-data/data-regs/functions --testcases /home/sdasgup3/Github/strata-data/data-regs/testcases.tc --def_in "{ %xmm1 %xmm2 }" --live_out "{ %xmm1 }" --maybe_undef_out "{ }" 
Thread 107 start: dppd_xmm_xmm_imm8_225
timeout 30m  /home/sdasgup3/Github/strata/stoke/./bin/stoke_check_circuit --strata_path /home/sdasgup3/Github/strata-data/circuits --target concrete_instances/immediate-variants/dppd_xmm_xmm_imm8/instructions/dppd_xmm_xmm_imm8_225/dppd_xmm_xmm_imm8_225.s --functions /home/sdasgup3/Github/strata-data/data-regs/functions --testcases /home/sdasgup3/Github/strata-data/data-regs/testcases.tc --def_in "{ %xmm1 %xmm2 }" --live_out "{ %xmm1 }" --maybe_undef_out "{ }" 
Thread 108 start: dppd_xmm_xmm_imm8_226
timeout 30m  /home/sdasgup3/Github/strata/stoke/./bin/stoke_check_circuit --strata_path /home/sdasgup3/Github/strata-data/circuits --target concrete_instances/immediate-variants/dppd_xmm_xmm_imm8/instructions/dppd_xmm_xmm_imm8_226/dppd_xmm_xmm_imm8_226.s --functions /home/sdasgup3/Github/strata-data/data-regs/functions --testcases /home/sdasgup3/Github/strata-data/data-regs/testcases.tc --def_in "{ %xmm1 %xmm2 }" --live_out "{ %xmm1 }" --maybe_undef_out "{ }" 
Thread 109 start: dppd_xmm_xmm_imm8_227
timeout 30m  /home/sdasgup3/Github/strata/stoke/./bin/stoke_check_circuit --strata_path /home/sdasgup3/Github/strata-data/circuits --target concrete_instances/immediate-variants/dppd_xmm_xmm_imm8/instructions/dppd_xmm_xmm_imm8_227/dppd_xmm_xmm_imm8_227.s --functions /home/sdasgup3/Github/strata-data/data-regs/functions --testcases /home/sdasgup3/Github/strata-data/data-regs/testcases.tc --def_in "{ %xmm1 %xmm2 }" --live_out "{ %xmm1 }" --maybe_undef_out "{ }" 
Thread 110 start: dppd_xmm_xmm_imm8_229
timeout 30m  /home/sdasgup3/Github/strata/stoke/./bin/stoke_check_circuit --strata_path /home/sdasgup3/Github/strata-data/circuits --target concrete_instances/immediate-variants/dppd_xmm_xmm_imm8/instructions/dppd_xmm_xmm_imm8_229/dppd_xmm_xmm_imm8_229.s --functions /home/sdasgup3/Github/strata-data/data-regs/functions --testcases /home/sdasgup3/Github/strata-data/data-regs/testcases.tc --def_in "{ %xmm1 %xmm2 }" --live_out "{ %xmm1 }" --maybe_undef_out "{ }" 
Thread 111 start: dppd_xmm_xmm_imm8_230
timeout 30m  /home/sdasgup3/Github/strata/stoke/./bin/stoke_check_circuit --strata_path /home/sdasgup3/Github/strata-data/circuits --target concrete_instances/immediate-variants/dppd_xmm_xmm_imm8/instructions/dppd_xmm_xmm_imm8_230/dppd_xmm_xmm_imm8_230.s --functions /home/sdasgup3/Github/strata-data/data-regs/functions --testcases /home/sdasgup3/Github/strata-data/data-regs/testcases.tc --def_in "{ %xmm1 %xmm2 }" --live_out "{ %xmm1 }" --maybe_undef_out "{ }" 
Thread 112 start: dppd_xmm_xmm_imm8_231
timeout 30m  /home/sdasgup3/Github/strata/stoke/./bin/stoke_check_circuit --strata_path /home/sdasgup3/Github/strata-data/circuits --target concrete_instances/immediate-variants/dppd_xmm_xmm_imm8/instructions/dppd_xmm_xmm_imm8_231/dppd_xmm_xmm_imm8_231.s --functions /home/sdasgup3/Github/strata-data/data-regs/functions --testcases /home/sdasgup3/Github/strata-data/data-regs/testcases.tc --def_in "{ %xmm1 %xmm2 }" --live_out "{ %xmm1 }" --maybe_undef_out "{ }" 
Thread 113 start: dppd_xmm_xmm_imm8_233
timeout 30m  /home/sdasgup3/Github/strata/stoke/./bin/stoke_check_circuit --strata_path /home/sdasgup3/Github/strata-data/circuits --target concrete_instances/immediate-variants/dppd_xmm_xmm_imm8/instructions/dppd_xmm_xmm_imm8_233/dppd_xmm_xmm_imm8_233.s --functions /home/sdasgup3/Github/strata-data/data-regs/functions --testcases /home/sdasgup3/Github/strata-data/data-regs/testcases.tc --def_in "{ %xmm1 %xmm2 }" --live_out "{ %xmm1 }" --maybe_undef_out "{ }" 
Thread 114 start: dppd_xmm_xmm_imm8_234
timeout 30m  /home/sdasgup3/Github/strata/stoke/./bin/stoke_check_circuit --strata_path /home/sdasgup3/Github/strata-data/circuits --target concrete_instances/immediate-variants/dppd_xmm_xmm_imm8/instructions/dppd_xmm_xmm_imm8_234/dppd_xmm_xmm_imm8_234.s --functions /home/sdasgup3/Github/strata-data/data-regs/functions --testcases /home/sdasgup3/Github/strata-data/data-regs/testcases.tc --def_in "{ %xmm1 %xmm2 }" --live_out "{ %xmm1 }" --maybe_undef_out "{ }" 
Thread 116 start: dppd_xmm_xmm_imm8_237
timeout 30m  /home/sdasgup3/Github/strata/stoke/./bin/stoke_check_circuit --strata_path /home/sdasgup3/Github/strata-data/circuits --target concrete_instances/immediate-variants/dppd_xmm_xmm_imm8/instructions/dppd_xmm_xmm_imm8_237/dppd_xmm_xmm_imm8_237.s --functions /home/sdasgup3/Github/strata-data/data-regs/functions --testcases /home/sdasgup3/Github/strata-data/data-regs/testcases.tc --def_in "{ %xmm1 %xmm2 }" --live_out "{ %xmm1 }" --maybe_undef_out "{ }" 
Thread 115 start: dppd_xmm_xmm_imm8_235
timeout 30m  /home/sdasgup3/Github/strata/stoke/./bin/stoke_check_circuit --strata_path /home/sdasgup3/Github/strata-data/circuits --target concrete_instances/immediate-variants/dppd_xmm_xmm_imm8/instructions/dppd_xmm_xmm_imm8_235/dppd_xmm_xmm_imm8_235.s --functions /home/sdasgup3/Github/strata-data/data-regs/functions --testcases /home/sdasgup3/Github/strata-data/data-regs/testcases.tc --def_in "{ %xmm1 %xmm2 }" --live_out "{ %xmm1 }" --maybe_undef_out "{ }" 
Thread 117 start: dppd_xmm_xmm_imm8_238
timeout 30m  /home/sdasgup3/Github/strata/stoke/./bin/stoke_check_circuit --strata_path /home/sdasgup3/Github/strata-data/circuits --target concrete_instances/immediate-variants/dppd_xmm_xmm_imm8/instructions/dppd_xmm_xmm_imm8_238/dppd_xmm_xmm_imm8_238.s --functions /home/sdasgup3/Github/strata-data/data-regs/functions --testcases /home/sdasgup3/Github/strata-data/data-regs/testcases.tc --def_in "{ %xmm1 %xmm2 }" --live_out "{ %xmm1 }" --maybe_undef_out "{ }" 
Thread 118 start: dppd_xmm_xmm_imm8_239
timeout 30m  /home/sdasgup3/Github/strata/stoke/./bin/stoke_check_circuit --strata_path /home/sdasgup3/Github/strata-data/circuits --target concrete_instances/immediate-variants/dppd_xmm_xmm_imm8/instructions/dppd_xmm_xmm_imm8_239/dppd_xmm_xmm_imm8_239.s --functions /home/sdasgup3/Github/strata-data/data-regs/functions --testcases /home/sdasgup3/Github/strata-data/data-regs/testcases.tc --def_in "{ %xmm1 %xmm2 }" --live_out "{ %xmm1 }" --maybe_undef_out "{ }" 
Reading the Testsuit
Preparing Sandbox
Run 6630 tests
Collect Results
Check Equivalence
Completed 1000cases
Reading the Testsuit
Preparing Sandbox
Run 6630 tests
Collect Results
Check Equivalence
Completed 1000cases
Reading the Testsuit
Preparing Sandbox
Run 6630 tests
Collect Results
Check Equivalence
Completed 1000cases
Reading the Testsuit
Preparing Sandbox
Run 6630 tests
Collect Results
Check Equivalence
Completed 1000cases
Reading the Testsuit
Preparing Sandbox
Run 6630 tests
Collect Results
Check Equivalence
Completed 1000cases
Reading the Testsuit
Preparing Sandbox
Run 6630 tests
Collect Results
Check Equivalence
Completed 1000cases
Reading the Testsuit
Preparing Sandbox
Run 6630 tests
Collect Results
Check Equivalence
Completed 1000cases
Reading the Testsuit
Preparing Sandbox
Run 6630 tests
Collect Results
Check Equivalence
Completed 1000cases
Reading the Testsuit
Preparing Sandbox
Run 6630 tests
Collect Results
Check Equivalence
Completed 1000cases
Reading the Testsuit
Preparing Sandbox
Run 6630 tests
Collect Results
Check Equivalence
Completed 1000cases
Reading the Testsuit
Preparing Sandbox
Run 6630 tests
Collect Results
Check Equivalence
Completed 1000cases
Reading the Testsuit
Preparing Sandbox
Run 6630 tests
Collect Results
Check Equivalence
Completed 1000cases
Reading the Testsuit
Preparing Sandbox
Run 6630 tests
Collect Results
Check Equivalence
Completed 1000cases
Reading the Testsuit
Preparing Sandbox
Run 6630 tests
Collect Results
Check Equivalence
Completed 1000cases
Reading the Testsuit
Preparing Sandbox
Run 6630 tests
Collect Results
Check Equivalence
Completed 1000cases
Reading the Testsuit
Preparing Sandbox
Run 6630 tests
Collect Results
Check Equivalence
Completed 1000cases
Reading the Testsuit
Preparing Sandbox
Run 6630 tests
Collect Results
Check Equivalence
Completed 1000cases
Reading the Testsuit
Preparing Sandbox
Run 6630 tests
Collect Results
Check Equivalence
Completed 1000cases
Reading the Testsuit
Preparing Sandbox
Run 6630 tests
Collect Results
Check Equivalence
Completed 1000cases
Reading the Testsuit
Preparing Sandbox
Run 6630 tests
Collect Results
Check Equivalence
Completed 1000cases
Reading the Testsuit
Preparing Sandbox
Run 6630 tests
Collect Results
Check Equivalence
Completed 1000cases
Reading the Testsuit
Preparing Sandbox
Run 6630 tests
Collect Results
Check Equivalence
Completed 1000cases
Reading the Testsuit
Preparing Sandbox
Run 6630 tests
Collect Results
Check Equivalence
Completed 1000cases
Reading the Testsuit
Preparing Sandbox
Run 6630 tests
Collect Results
Check Equivalence
Completed 1000cases
Reading the Testsuit
Preparing Sandbox
Run 6630 tests
Collect Results
Check Equivalence
Completed 1000cases
Reading the Testsuit
Preparing Sandbox
Run 6630 tests
Collect Results
Check Equivalence
Completed 1000cases
Reading the Testsuit
Preparing Sandbox
Run 6630 tests
Collect Results
Check Equivalence
Completed 1000cases
Reading the Testsuit
Preparing Sandbox
Run 6630 tests
Collect Results
Check Equivalence
Completed 1000cases
Completed 2000cases
Completed 2000cases
Completed 2000cases
Completed 2000cases
Completed 2000cases
Completed 2000cases
Completed 2000cases
Completed 2000cases
Completed 2000cases
Completed 2000cases
Completed 2000cases
Completed 2000cases
Completed 2000cases
Completed 2000cases
Completed 2000cases
Completed 2000cases
Completed 2000cases
Completed 2000cases
Completed 2000cases
Completed 2000cases
Completed 2000cases
Completed 2000cases
Completed 2000cases
Completed 2000cases
Completed 2000cases
Completed 2000cases
Completed 2000cases
Completed 2000cases
Completed 3000cases
Completed 3000cases
Completed 3000cases
Completed 3000cases
Completed 3000cases
Completed 3000cases
Completed 3000cases
Completed 3000cases
Completed 3000cases
Completed 3000cases
Completed 3000cases
Completed 3000cases
Completed 3000cases
Completed 3000cases
Completed 3000cases
Completed 3000cases
Completed 3000cases
Completed 3000cases
Completed 3000cases
Completed 3000cases
Completed 3000cases
Completed 3000cases
Completed 3000cases
Completed 3000cases
Completed 3000cases
Completed 3000cases
Completed 4000cases
Completed 3000cases
Completed 3000cases
Completed 4000cases
Completed 4000cases
Completed 4000cases
Completed 4000cases
Completed 4000cases
Completed 4000cases
Completed 4000cases
Completed 4000cases
Completed 4000cases
Completed 4000cases
Completed 4000cases
Completed 4000cases
Completed 4000cases
Completed 4000cases
Completed 4000cases
Completed 4000cases
Completed 4000cases
Completed 4000cases
Completed 4000cases
Completed 4000cases
Completed 4000cases
Completed 4000cases
Completed 4000cases
Completed 4000cases
Completed 5000cases
Completed 4000cases
Completed 5000cases
Completed 4000cases
Completed 5000cases
Completed 5000cases
Completed 4000cases
Completed 5000cases
Completed 5000cases
Completed 5000cases
Completed 5000cases
Completed 5000cases
Completed 5000cases
Completed 5000cases
Completed 5000cases
Completed 5000cases
Completed 5000cases
Completed 5000cases
Completed 5000cases
Completed 5000cases
Completed 5000cases
Completed 5000cases
Completed 5000cases
Completed 5000cases
Completed 5000cases
Completed 5000cases
Completed 5000cases
Completed 6000cases
Completed 5000cases
Completed 6000cases
Completed 6000cases
Completed 6000cases
Completed 6000cases
Completed 6000cases
Completed 5000cases
Completed 5000cases
Completed 6000cases
Completed 6000cases
Completed 6000cases
Completed 6000cases
Completed 5000cases
Completed 6000cases
Completed 6000cases
Completed 6000cases
Completed 6000cases
Completed 6000cases
Execution time dppd_xmm_xmm_imm8_235: 63 s
Thread 115 done!: dppd_xmm_xmm_imm8_235
Completed 6000cases
Completed 6000cases
Completed 6000cases
Execution time dppd_xmm_xmm_imm8_195: 64 s
Thread 93 done!: dppd_xmm_xmm_imm8_195
Completed 6000cases
Execution time dppd_xmm_xmm_imm8_202: 65 s
Thread 98 done!: dppd_xmm_xmm_imm8_202
Completed 6000cases
Execution time dppd_xmm_xmm_imm8_201: 66 s
Thread 97 done!: dppd_xmm_xmm_imm8_201
Completed 6000cases
Execution time dppd_xmm_xmm_imm8_204: 65 s
Thread 100 done!: dppd_xmm_xmm_imm8_204
Completed 6000cases
Completed 6000cases
Execution time dppd_xmm_xmm_imm8_193: 66 s
Thread 91 done!: dppd_xmm_xmm_imm8_193
Execution time dppd_xmm_xmm_imm8_194: 66 s
Thread 92 done!: dppd_xmm_xmm_imm8_194
Execution time dppd_xmm_xmm_imm8_197: 66 s
Thread 94 done!: dppd_xmm_xmm_imm8_197
Completed 6000cases
Execution time dppd_xmm_xmm_imm8_207: 66 s
Thread 103 done!: dppd_xmm_xmm_imm8_207
Execution time dppd_xmm_xmm_imm8_198: 67 s
Thread 95 done!: dppd_xmm_xmm_imm8_198
Execution time dppd_xmm_xmm_imm8_206: 66 s
Thread 102 done!: dppd_xmm_xmm_imm8_206
Execution time dppd_xmm_xmm_imm8_209: 67 s
Thread 104 done!: dppd_xmm_xmm_imm8_209
Completed 6000cases
Execution time dppd_xmm_xmm_imm8_205: 67 s
Thread 101 done!: dppd_xmm_xmm_imm8_205
Execution time dppd_xmm_xmm_imm8_203: 67 s
Thread 99 done!: dppd_xmm_xmm_imm8_203
Execution time dppd_xmm_xmm_imm8_218: 68 s
Thread 106 done!: dppd_xmm_xmm_imm8_218
Execution time dppd_xmm_xmm_imm8_199: 69 s
Thread 96 done!: dppd_xmm_xmm_imm8_199
Execution time dppd_xmm_xmm_imm8_238: 68 s
Thread 117 done!: dppd_xmm_xmm_imm8_238
Execution time dppd_xmm_xmm_imm8_237: 68 s
Thread 116 done!: dppd_xmm_xmm_imm8_237
Completed 6000cases
Completed 6000cases
Completed 6000cases
Execution time dppd_xmm_xmm_imm8_210: 68 s
Thread 105 done!: dppd_xmm_xmm_imm8_210
Execution time dppd_xmm_xmm_imm8_229: 69 s
Thread 110 done!: dppd_xmm_xmm_imm8_229
Execution time dppd_xmm_xmm_imm8_231: 69 s
Thread 112 done!: dppd_xmm_xmm_imm8_231
Execution time dppd_xmm_xmm_imm8_227: 70 s
Thread 109 done!: dppd_xmm_xmm_imm8_227
Execution time dppd_xmm_xmm_imm8_234: 70 s
Thread 114 done!: dppd_xmm_xmm_imm8_234
Execution time dppd_xmm_xmm_imm8_230: 70 s
Thread 111 done!: dppd_xmm_xmm_imm8_230
Execution time dppd_xmm_xmm_imm8_239: 71 s
Thread 118 done!: dppd_xmm_xmm_imm8_239
Execution time dppd_xmm_xmm_imm8_226: 72 s
Thread 108 done!: dppd_xmm_xmm_imm8_226
Execution time dppd_xmm_xmm_imm8_233: 72 s
Thread 113 done!: dppd_xmm_xmm_imm8_233
Execution time dppd_xmm_xmm_imm8_225: 73 s
Thread 107 done!: dppd_xmm_xmm_imm8_225
