[4m[1m[34mFiring 1.[0m
Thread 1 start: extractps_r32_xmm_imm8_186
timeout 30m  /home/sdasgup3/Github/strata/stoke/./bin/stoke_check_circuit --strata_path /home/sdasgup3/Github/strata-data/circuits --target concrete_instances/immediate-variants/extractps_r32_xmm_imm8/instructions/extractps_r32_xmm_imm8_186/extractps_r32_xmm_imm8_186.s --functions /home/sdasgup3/Github/strata-data/data-regs/functions --testcases /home/sdasgup3/Github/strata-data/data-regs/testcases.tc --def_in "{ %xmm1 }" --live_out "{ %rbx }" --maybe_undef_out "{ }" 
Reading the Testsuit
Preparing Sandbox
Run 6630 tests
Collect Results
Check Equivalence
Completed 1000cases
Completed 2000cases
Completed 3000cases
Completed 4000cases
Completed 5000cases
Completed 6000cases
Execution time extractps_r32_xmm_imm8_186: 53 s
Thread 1 done!: extractps_r32_xmm_imm8_186
[4m[1m[34mFiring 1.[0m
Thread 2 start: extractps_r32_xmm_imm8_231
timeout 30m  /home/sdasgup3/Github/strata/stoke/./bin/stoke_check_circuit --strata_path /home/sdasgup3/Github/strata-data/circuits --target concrete_instances/immediate-variants/extractps_r32_xmm_imm8/instructions/extractps_r32_xmm_imm8_231/extractps_r32_xmm_imm8_231.s --functions /home/sdasgup3/Github/strata-data/data-regs/functions --testcases /home/sdasgup3/Github/strata-data/data-regs/testcases.tc --def_in "{ %xmm1 }" --live_out "{ %rbx }" --maybe_undef_out "{ }" 
Reading the Testsuit
Preparing Sandbox
Run 6630 tests
Collect Results
Check Equivalence
Completed 1000cases
Completed 2000cases
Completed 3000cases
Completed 4000cases
Completed 5000cases
Completed 6000cases
Execution time extractps_r32_xmm_imm8_231: 48 s
Thread 2 done!: extractps_r32_xmm_imm8_231
[4m[1m[34mFiring 1.[0m
Thread 3 start: extractps_r32_xmm_imm8_253
timeout 30m  /home/sdasgup3/Github/strata/stoke/./bin/stoke_check_circuit --strata_path /home/sdasgup3/Github/strata-data/circuits --target concrete_instances/immediate-variants/extractps_r32_xmm_imm8/instructions/extractps_r32_xmm_imm8_253/extractps_r32_xmm_imm8_253.s --functions /home/sdasgup3/Github/strata-data/data-regs/functions --testcases /home/sdasgup3/Github/strata-data/data-regs/testcases.tc --def_in "{ %xmm1 }" --live_out "{ %rbx }" --maybe_undef_out "{ }" 
Reading the Testsuit
Preparing Sandbox
Run 6630 tests
Collect Results
Check Equivalence
Completed 1000cases
Completed 2000cases
Completed 3000cases
Completed 4000cases
Completed 5000cases
Completed 6000cases
Execution time extractps_r32_xmm_imm8_253: 46 s
Thread 3 done!: extractps_r32_xmm_imm8_253
