[4m[1m[34mFiring Last 1[0m
Thread 1 start: shrxl_r32_m32_r32
Modiy /home/sdasgup3/Github/strata-data/data-regs/testcases.tc using %rcx
Modiied: concrete_instances/memory-variants/shrxl_r32_m32_r32/instructions/../testcases.09.tc
/home/sdasgup3/Github/strata/stoke/./bin/stoke_check_circuit --strata_path /home/sdasgup3/Github/strata-data/circuits --target concrete_instances/memory-variants/shrxl_r32_m32_r32/instructions/shrxl_r32_m32_r32/shrxl_r32_m32_r32.s --functions /home/sdasgup3/Github/strata-data/data-regs/functions --testcases concrete_instances/memory-variants/shrxl_r32_m32_r32/instructions/../testcases.09.tc --def_in "{ %rcx %edx }" --live_out "{ %rbx }" 
Reading the Testsuit
Preparing Sandbox
Run 6630 tests
Collect Results
Check Equivalence
0
1
2
3
4
5
6
7
8
9
10
11
12
13
14
15