[4m[1m[34mFiring Last 18[0m
Thread 4 start: pshufd_xmm_xmm_imm8_61
/home/sdasgup3/TYLER/strata/stoke/./bin/stoke_check_circuit --target imm_instructions/pshufd_xmm_xmm_imm8/instructions/pshufd_xmm_xmm_imm8_61/pshufd_xmm_xmm_imm8_61.s --functions /home/sdasgup3/Github/strata-data/data-regs/functions --testcases /home/sdasgup3/Github/strata-data/data-regs/testcases.tc --def_in "{ %xmm2 }" --live_out "{ %xmm1 }" 
Thread 5 start: pshufd_xmm_xmm_imm8_67
/home/sdasgup3/TYLER/strata/stoke/./bin/stoke_check_circuit --target imm_instructions/pshufd_xmm_xmm_imm8/instructions/pshufd_xmm_xmm_imm8_67/pshufd_xmm_xmm_imm8_67.s --functions /home/sdasgup3/Github/strata-data/data-regs/functions --testcases /home/sdasgup3/Github/strata-data/data-regs/testcases.tc --def_in "{ %xmm2 }" --live_out "{ %xmm1 }" 
Thread 6 start: pshufd_xmm_xmm_imm8_113
/home/sdasgup3/TYLER/strata/stoke/./bin/stoke_check_circuit --target imm_instructions/pshufd_xmm_xmm_imm8/instructions/pshufd_xmm_xmm_imm8_113/pshufd_xmm_xmm_imm8_113.s --functions /home/sdasgup3/Github/strata-data/data-regs/functions --testcases /home/sdasgup3/Github/strata-data/data-regs/testcases.tc --def_in "{ %xmm2 }" --live_out "{ %xmm1 }" 
Thread 1 start: pshufd_xmm_xmm_imm8_4
/home/sdasgup3/TYLER/strata/stoke/./bin/stoke_check_circuit --target imm_instructions/pshufd_xmm_xmm_imm8/instructions/pshufd_xmm_xmm_imm8_4/pshufd_xmm_xmm_imm8_4.s --functions /home/sdasgup3/Github/strata-data/data-regs/functions --testcases /home/sdasgup3/Github/strata-data/data-regs/testcases.tc --def_in "{ %xmm2 }" --live_out "{ %xmm1 }" 
Thread 2 start: pshufd_xmm_xmm_imm8_35
/home/sdasgup3/TYLER/strata/stoke/./bin/stoke_check_circuit --target imm_instructions/pshufd_xmm_xmm_imm8/instructions/pshufd_xmm_xmm_imm8_35/pshufd_xmm_xmm_imm8_35.s --functions /home/sdasgup3/Github/strata-data/data-regs/functions --testcases /home/sdasgup3/Github/strata-data/data-regs/testcases.tc --def_in "{ %xmm2 }" --live_out "{ %xmm1 }" 
Thread 3 start: pshufd_xmm_xmm_imm8_39
/home/sdasgup3/TYLER/strata/stoke/./bin/stoke_check_circuit --target imm_instructions/pshufd_xmm_xmm_imm8/instructions/pshufd_xmm_xmm_imm8_39/pshufd_xmm_xmm_imm8_39.s --functions /home/sdasgup3/Github/strata-data/data-regs/functions --testcases /home/sdasgup3/Github/strata-data/data-regs/testcases.tc --def_in "{ %xmm2 }" --live_out "{ %xmm1 }" 
Thread 9 start: pshufd_xmm_xmm_imm8_172
/home/sdasgup3/TYLER/strata/stoke/./bin/stoke_check_circuit --target imm_instructions/pshufd_xmm_xmm_imm8/instructions/pshufd_xmm_xmm_imm8_172/pshufd_xmm_xmm_imm8_172.s --functions /home/sdasgup3/Github/strata-data/data-regs/functions --testcases /home/sdasgup3/Github/strata-data/data-regs/testcases.tc --def_in "{ %xmm2 }" --live_out "{ %xmm1 }" 
Thread 7 start: pshufd_xmm_xmm_imm8_145
/home/sdasgup3/TYLER/strata/stoke/./bin/stoke_check_circuit --target imm_instructions/pshufd_xmm_xmm_imm8/instructions/pshufd_xmm_xmm_imm8_145/pshufd_xmm_xmm_imm8_145.s --functions /home/sdasgup3/Github/strata-data/data-regs/functions --testcases /home/sdasgup3/Github/strata-data/data-regs/testcases.tc --def_in "{ %xmm2 }" --live_out "{ %xmm1 }" 
Thread 8 start: pshufd_xmm_xmm_imm8_146
/home/sdasgup3/TYLER/strata/stoke/./bin/stoke_check_circuit --target imm_instructions/pshufd_xmm_xmm_imm8/instructions/pshufd_xmm_xmm_imm8_146/pshufd_xmm_xmm_imm8_146.s --functions /home/sdasgup3/Github/strata-data/data-regs/functions --testcases /home/sdasgup3/Github/strata-data/data-regs/testcases.tc --def_in "{ %xmm2 }" --live_out "{ %xmm1 }" 
Thread 15 start: pshufd_xmm_xmm_imm8_29
/home/sdasgup3/TYLER/strata/stoke/./bin/stoke_check_circuit --target imm_instructions/pshufd_xmm_xmm_imm8/instructions/pshufd_xmm_xmm_imm8_29/pshufd_xmm_xmm_imm8_29.s --functions /home/sdasgup3/Github/strata-data/data-regs/functions --testcases /home/sdasgup3/Github/strata-data/data-regs/testcases.tc --def_in "{ %xmm2 }" --live_out "{ %xmm1 }" 
Thread 14 start: pshufd_xmm_xmm_imm8_25
/home/sdasgup3/TYLER/strata/stoke/./bin/stoke_check_circuit --target imm_instructions/pshufd_xmm_xmm_imm8/instructions/pshufd_xmm_xmm_imm8_25/pshufd_xmm_xmm_imm8_25.s --functions /home/sdasgup3/Github/strata-data/data-regs/functions --testcases /home/sdasgup3/Github/strata-data/data-regs/testcases.tc --def_in "{ %xmm2 }" --live_out "{ %xmm1 }" 
Thread 13 start: pshufd_xmm_xmm_imm8_19
/home/sdasgup3/TYLER/strata/stoke/./bin/stoke_check_circuit --target imm_instructions/pshufd_xmm_xmm_imm8/instructions/pshufd_xmm_xmm_imm8_19/pshufd_xmm_xmm_imm8_19.s --functions /home/sdasgup3/Github/strata-data/data-regs/functions --testcases /home/sdasgup3/Github/strata-data/data-regs/testcases.tc --def_in "{ %xmm2 }" --live_out "{ %xmm1 }" 
Thread 10 start: pshufd_xmm_xmm_imm8_198
/home/sdasgup3/TYLER/strata/stoke/./bin/stoke_check_circuit --target imm_instructions/pshufd_xmm_xmm_imm8/instructions/pshufd_xmm_xmm_imm8_198/pshufd_xmm_xmm_imm8_198.s --functions /home/sdasgup3/Github/strata-data/data-regs/functions --testcases /home/sdasgup3/Github/strata-data/data-regs/testcases.tc --def_in "{ %xmm2 }" --live_out "{ %xmm1 }" 
Thread 11 start: pshufd_xmm_xmm_imm8_208
/home/sdasgup3/TYLER/strata/stoke/./bin/stoke_check_circuit --target imm_instructions/pshufd_xmm_xmm_imm8/instructions/pshufd_xmm_xmm_imm8_208/pshufd_xmm_xmm_imm8_208.s --functions /home/sdasgup3/Github/strata-data/data-regs/functions --testcases /home/sdasgup3/Github/strata-data/data-regs/testcases.tc --def_in "{ %xmm2 }" --live_out "{ %xmm1 }" 
Thread 12 start: pshufd_xmm_xmm_imm8_209
/home/sdasgup3/TYLER/strata/stoke/./bin/stoke_check_circuit --target imm_instructions/pshufd_xmm_xmm_imm8/instructions/pshufd_xmm_xmm_imm8_209/pshufd_xmm_xmm_imm8_209.s --functions /home/sdasgup3/Github/strata-data/data-regs/functions --testcases /home/sdasgup3/Github/strata-data/data-regs/testcases.tc --def_in "{ %xmm2 }" --live_out "{ %xmm1 }" 
Thread 16 start: pshufd_xmm_xmm_imm8_31
/home/sdasgup3/TYLER/strata/stoke/./bin/stoke_check_circuit --target imm_instructions/pshufd_xmm_xmm_imm8/instructions/pshufd_xmm_xmm_imm8_31/pshufd_xmm_xmm_imm8_31.s --functions /home/sdasgup3/Github/strata-data/data-regs/functions --testcases /home/sdasgup3/Github/strata-data/data-regs/testcases.tc --def_in "{ %xmm2 }" --live_out "{ %xmm1 }" 
Thread 17 start: pshufd_xmm_xmm_imm8_49
/home/sdasgup3/TYLER/strata/stoke/./bin/stoke_check_circuit --target imm_instructions/pshufd_xmm_xmm_imm8/instructions/pshufd_xmm_xmm_imm8_49/pshufd_xmm_xmm_imm8_49.s --functions /home/sdasgup3/Github/strata-data/data-regs/functions --testcases /home/sdasgup3/Github/strata-data/data-regs/testcases.tc --def_in "{ %xmm2 }" --live_out "{ %xmm1 }" 
Thread 18 start: pshufd_xmm_xmm_imm8_193
/home/sdasgup3/TYLER/strata/stoke/./bin/stoke_check_circuit --target imm_instructions/pshufd_xmm_xmm_imm8/instructions/pshufd_xmm_xmm_imm8_193/pshufd_xmm_xmm_imm8_193.s --functions /home/sdasgup3/Github/strata-data/data-regs/functions --testcases /home/sdasgup3/Github/strata-data/data-regs/testcases.tc --def_in "{ %xmm2 }" --live_out "{ %xmm1 }" 
Reading the Testsuit
Preparing Sandbox
Run 6630 tests
Collect Results
Build Handler
Check Equivalence
Completed 1000cases
Reading the Testsuit
Preparing Sandbox
Run 6630 tests
Collect Results
Build Handler
Check Equivalence
Completed 1000cases
Reading the Testsuit
Preparing Sandbox
Run 6630 tests
Collect Results
Build Handler
Check Equivalence
Completed 1000cases
Reading the Testsuit
Preparing Sandbox
Run 6630 tests
Collect Results
Build Handler
Check Equivalence
Completed 1000cases
Reading the Testsuit
Preparing Sandbox
Run 6630 tests
Collect Results
Build Handler
Check Equivalence
Completed 1000cases
Reading the Testsuit
Preparing Sandbox
Run 6630 tests
Collect Results
Build Handler
Check Equivalence
Completed 1000cases
Reading the Testsuit
Preparing Sandbox
Run 6630 tests
Collect Results
Build Handler
Check Equivalence
Completed 1000cases
Reading the Testsuit
Preparing Sandbox
Run 6630 tests
Collect Results
Build Handler
Check Equivalence
Completed 1000cases
Reading the Testsuit
Preparing Sandbox
Run 6630 tests
Collect Results
Build Handler
Check Equivalence
Completed 1000cases
Reading the Testsuit
Preparing Sandbox
Run 6630 tests
Collect Results
Build Handler
Check Equivalence
Completed 1000cases
Reading the Testsuit
Preparing Sandbox
Run 6630 tests
Collect Results
Build Handler
Check Equivalence
Completed 1000cases
Reading the Testsuit
Preparing Sandbox
Run 6630 tests
Collect Results
Build Handler
Check Equivalence
Completed 1000cases
Reading the Testsuit
Preparing Sandbox
Run 6630 tests
Collect Results
Build Handler
Check Equivalence
Completed 1000cases
Reading the Testsuit
Preparing Sandbox
Run 6630 tests
Collect Results
Build Handler
Check Equivalence
Completed 1000cases
Reading the Testsuit
Preparing Sandbox
Run 6630 tests
Collect Results
Build Handler
Check Equivalence
Completed 1000cases
Reading the Testsuit
Preparing Sandbox
Run 6630 tests
Collect Results
Build Handler
Check Equivalence
Completed 1000cases
Reading the Testsuit
Preparing Sandbox
Run 6630 tests
Collect Results
Build Handler
Check Equivalence
Completed 1000cases
Reading the Testsuit
Preparing Sandbox
Run 6630 tests
Collect Results
Build Handler
Check Equivalence
Completed 1000cases
Completed 2000cases
Completed 2000cases
Completed 2000cases
Completed 2000cases
Completed 2000cases
Completed 2000cases
Completed 2000cases
Completed 2000cases
Completed 2000cases
Completed 2000cases
Completed 2000cases
Completed 2000cases
Completed 2000cases
Completed 2000cases
Completed 2000cases
Completed 2000cases
Completed 2000cases
Completed 2000cases
Completed 3000cases
Completed 3000cases
Completed 3000cases
Completed 3000cases
Completed 3000cases
Completed 3000cases
Completed 3000cases
Completed 3000cases
Completed 3000cases
Completed 3000cases
Completed 3000cases
Completed 3000cases
Completed 3000cases
Completed 3000cases
Completed 3000cases
Completed 3000cases
Completed 3000cases
Completed 3000cases
Completed 4000cases
Completed 4000cases
Completed 4000cases
Completed 4000cases
Completed 4000cases
Completed 4000cases
Completed 4000cases
Completed 4000cases
Completed 4000cases
Completed 4000cases
Completed 4000cases
Completed 4000cases
Completed 4000cases
Completed 4000cases
Completed 4000cases
Completed 4000cases
Completed 4000cases
Completed 4000cases
Completed 5000cases
Completed 5000cases
Completed 5000cases
Completed 5000cases
Completed 5000cases
Completed 5000cases
Completed 5000cases
Completed 5000cases
Completed 5000cases
Completed 5000cases
Completed 5000cases
Completed 5000cases
Completed 5000cases
Completed 5000cases
Completed 5000cases
Completed 5000cases
Completed 5000cases
Completed 5000cases
Completed 6000cases
Completed 6000cases
Completed 6000cases
Completed 6000cases
Completed 6000cases
Completed 6000cases
Completed 6000cases
Completed 6000cases
Completed 6000cases
Completed 6000cases
Completed 6000cases
Completed 6000cases
Completed 6000cases
Completed 6000cases
Completed 6000cases
Completed 6000cases
Completed 6000cases
Completed 6000cases
Thread 12 done!: pshufd_xmm_xmm_imm8_209
Thread 11 done!: pshufd_xmm_xmm_imm8_208
Thread 13 done!: pshufd_xmm_xmm_imm8_19
Thread 8 done!: pshufd_xmm_xmm_imm8_146
Thread 7 done!: pshufd_xmm_xmm_imm8_145
Thread 4 done!: pshufd_xmm_xmm_imm8_61
Thread 14 done!: pshufd_xmm_xmm_imm8_25
Thread 15 done!: pshufd_xmm_xmm_imm8_29
Thread 18 done!: pshufd_xmm_xmm_imm8_193
Thread 5 done!: pshufd_xmm_xmm_imm8_67
Thread 3 done!: pshufd_xmm_xmm_imm8_39
Thread 6 done!: pshufd_xmm_xmm_imm8_113
Thread 17 done!: pshufd_xmm_xmm_imm8_49
Thread 9 done!: pshufd_xmm_xmm_imm8_172
Thread 10 done!: pshufd_xmm_xmm_imm8_198
Thread 2 done!: pshufd_xmm_xmm_imm8_35
Thread 1 done!: pshufd_xmm_xmm_imm8_4
Thread 16 done!: pshufd_xmm_xmm_imm8_31
