[4m[1m[34mFiring 1.[0m
Thread 1 start: pshufd_xmm_xmm_imm8_4
timeout 30m  /home/sdasgup3/Github/strata/stoke/./bin/stoke_check_circuit --strata_path /home/sdasgup3/Github/strata-data/circuits --target concrete_instances/immediate-variants/pshufd_xmm_xmm_imm8/instructions/pshufd_xmm_xmm_imm8_4/pshufd_xmm_xmm_imm8_4.s --functions /home/sdasgup3/Github/strata-data/data-regs/functions --testcases /home/sdasgup3/Github/strata-data/data-regs/testcases.tc --def_in "{ %xmm2 }" --live_out "{ %xmm1 }" --maybe_undef_out "{ }" 
Reading the Testsuit
Preparing Sandbox
Run 6630 tests
Collect Results
Check Equivalence
Completed 1000cases
Completed 2000cases
Completed 3000cases
Completed 4000cases
Completed 5000cases
Completed 6000cases
Execution time pshufd_xmm_xmm_imm8_4: 54 s
Thread 1 done!: pshufd_xmm_xmm_imm8_4
[4m[1m[34mFiring 1.[0m
Thread 2 start: pshufd_xmm_xmm_imm8_35
timeout 30m  /home/sdasgup3/Github/strata/stoke/./bin/stoke_check_circuit --strata_path /home/sdasgup3/Github/strata-data/circuits --target concrete_instances/immediate-variants/pshufd_xmm_xmm_imm8/instructions/pshufd_xmm_xmm_imm8_35/pshufd_xmm_xmm_imm8_35.s --functions /home/sdasgup3/Github/strata-data/data-regs/functions --testcases /home/sdasgup3/Github/strata-data/data-regs/testcases.tc --def_in "{ %xmm2 }" --live_out "{ %xmm1 }" --maybe_undef_out "{ }" 
Reading the Testsuit
Preparing Sandbox
Run 6630 tests
Collect Results
Check Equivalence
Completed 1000cases
Completed 2000cases
Completed 3000cases
Completed 4000cases
Completed 5000cases
Completed 6000cases
Execution time pshufd_xmm_xmm_imm8_35: 48 s
Thread 2 done!: pshufd_xmm_xmm_imm8_35
[4m[1m[34mFiring 1.[0m
Thread 3 start: pshufd_xmm_xmm_imm8_39
timeout 30m  /home/sdasgup3/Github/strata/stoke/./bin/stoke_check_circuit --strata_path /home/sdasgup3/Github/strata-data/circuits --target concrete_instances/immediate-variants/pshufd_xmm_xmm_imm8/instructions/pshufd_xmm_xmm_imm8_39/pshufd_xmm_xmm_imm8_39.s --functions /home/sdasgup3/Github/strata-data/data-regs/functions --testcases /home/sdasgup3/Github/strata-data/data-regs/testcases.tc --def_in "{ %xmm2 }" --live_out "{ %xmm1 }" --maybe_undef_out "{ }" 
Reading the Testsuit
Preparing Sandbox
Run 6630 tests
Collect Results
Check Equivalence
Completed 1000cases
Completed 2000cases
Completed 3000cases
Completed 4000cases
Completed 5000cases
Completed 6000cases
Execution time pshufd_xmm_xmm_imm8_39: 46 s
Thread 3 done!: pshufd_xmm_xmm_imm8_39
[4m[1m[34mFiring 1.[0m
Thread 4 start: pshufd_xmm_xmm_imm8_61
timeout 30m  /home/sdasgup3/Github/strata/stoke/./bin/stoke_check_circuit --strata_path /home/sdasgup3/Github/strata-data/circuits --target concrete_instances/immediate-variants/pshufd_xmm_xmm_imm8/instructions/pshufd_xmm_xmm_imm8_61/pshufd_xmm_xmm_imm8_61.s --functions /home/sdasgup3/Github/strata-data/data-regs/functions --testcases /home/sdasgup3/Github/strata-data/data-regs/testcases.tc --def_in "{ %xmm2 }" --live_out "{ %xmm1 }" --maybe_undef_out "{ }" 
Reading the Testsuit
Preparing Sandbox
Run 6630 tests
Collect Results
Check Equivalence
Completed 1000cases
Completed 2000cases
Completed 3000cases
Completed 4000cases
Completed 5000cases
Completed 6000cases
Execution time pshufd_xmm_xmm_imm8_61: 44 s
Thread 4 done!: pshufd_xmm_xmm_imm8_61
[4m[1m[34mFiring 1.[0m
Thread 5 start: pshufd_xmm_xmm_imm8_67
timeout 30m  /home/sdasgup3/Github/strata/stoke/./bin/stoke_check_circuit --strata_path /home/sdasgup3/Github/strata-data/circuits --target concrete_instances/immediate-variants/pshufd_xmm_xmm_imm8/instructions/pshufd_xmm_xmm_imm8_67/pshufd_xmm_xmm_imm8_67.s --functions /home/sdasgup3/Github/strata-data/data-regs/functions --testcases /home/sdasgup3/Github/strata-data/data-regs/testcases.tc --def_in "{ %xmm2 }" --live_out "{ %xmm1 }" --maybe_undef_out "{ }" 
Reading the Testsuit
Preparing Sandbox
Run 6630 tests
Collect Results
Check Equivalence
Completed 1000cases
Completed 2000cases
Completed 3000cases
Completed 4000cases
Completed 5000cases
Completed 6000cases
Execution time pshufd_xmm_xmm_imm8_67: 44 s
Thread 5 done!: pshufd_xmm_xmm_imm8_67
[4m[1m[34mFiring 1.[0m
Thread 6 start: pshufd_xmm_xmm_imm8_113
timeout 30m  /home/sdasgup3/Github/strata/stoke/./bin/stoke_check_circuit --strata_path /home/sdasgup3/Github/strata-data/circuits --target concrete_instances/immediate-variants/pshufd_xmm_xmm_imm8/instructions/pshufd_xmm_xmm_imm8_113/pshufd_xmm_xmm_imm8_113.s --functions /home/sdasgup3/Github/strata-data/data-regs/functions --testcases /home/sdasgup3/Github/strata-data/data-regs/testcases.tc --def_in "{ %xmm2 }" --live_out "{ %xmm1 }" --maybe_undef_out "{ }" 
Reading the Testsuit
Preparing Sandbox
Run 6630 tests
Collect Results
Check Equivalence
Completed 1000cases
Completed 2000cases
Completed 3000cases
Completed 4000cases
Completed 5000cases
Completed 6000cases
Execution time pshufd_xmm_xmm_imm8_113: 44 s
Thread 6 done!: pshufd_xmm_xmm_imm8_113
[4m[1m[34mFiring 1.[0m
Thread 7 start: pshufd_xmm_xmm_imm8_145
timeout 30m  /home/sdasgup3/Github/strata/stoke/./bin/stoke_check_circuit --strata_path /home/sdasgup3/Github/strata-data/circuits --target concrete_instances/immediate-variants/pshufd_xmm_xmm_imm8/instructions/pshufd_xmm_xmm_imm8_145/pshufd_xmm_xmm_imm8_145.s --functions /home/sdasgup3/Github/strata-data/data-regs/functions --testcases /home/sdasgup3/Github/strata-data/data-regs/testcases.tc --def_in "{ %xmm2 }" --live_out "{ %xmm1 }" --maybe_undef_out "{ }" 
Reading the Testsuit
Preparing Sandbox
Run 6630 tests
Collect Results
Check Equivalence
Completed 1000cases
Completed 2000cases
Completed 3000cases
Completed 4000cases
Completed 5000cases
Completed 6000cases
Execution time pshufd_xmm_xmm_imm8_145: 45 s
Thread 7 done!: pshufd_xmm_xmm_imm8_145
[4m[1m[34mFiring 1.[0m
Thread 8 start: pshufd_xmm_xmm_imm8_146
timeout 30m  /home/sdasgup3/Github/strata/stoke/./bin/stoke_check_circuit --strata_path /home/sdasgup3/Github/strata-data/circuits --target concrete_instances/immediate-variants/pshufd_xmm_xmm_imm8/instructions/pshufd_xmm_xmm_imm8_146/pshufd_xmm_xmm_imm8_146.s --functions /home/sdasgup3/Github/strata-data/data-regs/functions --testcases /home/sdasgup3/Github/strata-data/data-regs/testcases.tc --def_in "{ %xmm2 }" --live_out "{ %xmm1 }" --maybe_undef_out "{ }" 
Reading the Testsuit
Preparing Sandbox
Run 6630 tests
Collect Results
Check Equivalence
Completed 1000cases
Completed 2000cases
Completed 3000cases
Completed 4000cases
Completed 5000cases
Completed 6000cases
Execution time pshufd_xmm_xmm_imm8_146: 44 s
Thread 8 done!: pshufd_xmm_xmm_imm8_146
[4m[1m[34mFiring 1.[0m
Thread 9 start: pshufd_xmm_xmm_imm8_157
timeout 30m  /home/sdasgup3/Github/strata/stoke/./bin/stoke_check_circuit --strata_path /home/sdasgup3/Github/strata-data/circuits --target concrete_instances/immediate-variants/pshufd_xmm_xmm_imm8/instructions/pshufd_xmm_xmm_imm8_157/pshufd_xmm_xmm_imm8_157.s --functions /home/sdasgup3/Github/strata-data/data-regs/functions --testcases /home/sdasgup3/Github/strata-data/data-regs/testcases.tc --def_in "{ %xmm2 }" --live_out "{ %xmm1 }" --maybe_undef_out "{ }" 
Reading the Testsuit
Preparing Sandbox
Run 6630 tests
Collect Results
Check Equivalence
Completed 1000cases
Completed 2000cases
Completed 3000cases
Completed 4000cases
Completed 5000cases
Completed 6000cases
Execution time pshufd_xmm_xmm_imm8_157: 45 s
Thread 9 done!: pshufd_xmm_xmm_imm8_157
[4m[1m[34mFiring 1.[0m
Thread 10 start: pshufd_xmm_xmm_imm8_172
timeout 30m  /home/sdasgup3/Github/strata/stoke/./bin/stoke_check_circuit --strata_path /home/sdasgup3/Github/strata-data/circuits --target concrete_instances/immediate-variants/pshufd_xmm_xmm_imm8/instructions/pshufd_xmm_xmm_imm8_172/pshufd_xmm_xmm_imm8_172.s --functions /home/sdasgup3/Github/strata-data/data-regs/functions --testcases /home/sdasgup3/Github/strata-data/data-regs/testcases.tc --def_in "{ %xmm2 }" --live_out "{ %xmm1 }" --maybe_undef_out "{ }" 
Reading the Testsuit
Preparing Sandbox
Run 6630 tests
Collect Results
Check Equivalence
Completed 1000cases
Completed 2000cases
Completed 3000cases
Completed 4000cases
Completed 5000cases
Completed 6000cases
Execution time pshufd_xmm_xmm_imm8_172: 44 s
Thread 10 done!: pshufd_xmm_xmm_imm8_172
[4m[1m[34mFiring 1.[0m
Thread 11 start: pshufd_xmm_xmm_imm8_177
timeout 30m  /home/sdasgup3/Github/strata/stoke/./bin/stoke_check_circuit --strata_path /home/sdasgup3/Github/strata-data/circuits --target concrete_instances/immediate-variants/pshufd_xmm_xmm_imm8/instructions/pshufd_xmm_xmm_imm8_177/pshufd_xmm_xmm_imm8_177.s --functions /home/sdasgup3/Github/strata-data/data-regs/functions --testcases /home/sdasgup3/Github/strata-data/data-regs/testcases.tc --def_in "{ %xmm2 }" --live_out "{ %xmm1 }" --maybe_undef_out "{ }" 
Reading the Testsuit
Preparing Sandbox
Run 6630 tests
Collect Results
Check Equivalence
Completed 1000cases
Completed 2000cases
Completed 3000cases
Completed 4000cases
Completed 5000cases
Completed 6000cases
Execution time pshufd_xmm_xmm_imm8_177: 44 s
Thread 11 done!: pshufd_xmm_xmm_imm8_177
[4m[1m[34mFiring 1.[0m
Thread 12 start: pshufd_xmm_xmm_imm8_198
timeout 30m  /home/sdasgup3/Github/strata/stoke/./bin/stoke_check_circuit --strata_path /home/sdasgup3/Github/strata-data/circuits --target concrete_instances/immediate-variants/pshufd_xmm_xmm_imm8/instructions/pshufd_xmm_xmm_imm8_198/pshufd_xmm_xmm_imm8_198.s --functions /home/sdasgup3/Github/strata-data/data-regs/functions --testcases /home/sdasgup3/Github/strata-data/data-regs/testcases.tc --def_in "{ %xmm2 }" --live_out "{ %xmm1 }" --maybe_undef_out "{ }" 
Reading the Testsuit
Preparing Sandbox
Run 6630 tests
Collect Results
Check Equivalence
Completed 1000cases
Completed 2000cases
Completed 3000cases
Completed 4000cases
Completed 5000cases
Completed 6000cases
Execution time pshufd_xmm_xmm_imm8_198: 44 s
Thread 12 done!: pshufd_xmm_xmm_imm8_198
[4m[1m[34mFiring 1.[0m
Thread 13 start: pshufd_xmm_xmm_imm8_208
timeout 30m  /home/sdasgup3/Github/strata/stoke/./bin/stoke_check_circuit --strata_path /home/sdasgup3/Github/strata-data/circuits --target concrete_instances/immediate-variants/pshufd_xmm_xmm_imm8/instructions/pshufd_xmm_xmm_imm8_208/pshufd_xmm_xmm_imm8_208.s --functions /home/sdasgup3/Github/strata-data/data-regs/functions --testcases /home/sdasgup3/Github/strata-data/data-regs/testcases.tc --def_in "{ %xmm2 }" --live_out "{ %xmm1 }" --maybe_undef_out "{ }" 
Reading the Testsuit
Preparing Sandbox
Run 6630 tests
Collect Results
Check Equivalence
Completed 1000cases
Completed 2000cases
Completed 3000cases
Completed 4000cases
Completed 5000cases
Completed 6000cases
Execution time pshufd_xmm_xmm_imm8_208: 45 s
Thread 13 done!: pshufd_xmm_xmm_imm8_208
[4m[1m[34mFiring 1.[0m
Thread 14 start: pshufd_xmm_xmm_imm8_209
timeout 30m  /home/sdasgup3/Github/strata/stoke/./bin/stoke_check_circuit --strata_path /home/sdasgup3/Github/strata-data/circuits --target concrete_instances/immediate-variants/pshufd_xmm_xmm_imm8/instructions/pshufd_xmm_xmm_imm8_209/pshufd_xmm_xmm_imm8_209.s --functions /home/sdasgup3/Github/strata-data/data-regs/functions --testcases /home/sdasgup3/Github/strata-data/data-regs/testcases.tc --def_in "{ %xmm2 }" --live_out "{ %xmm1 }" --maybe_undef_out "{ }" 
Reading the Testsuit
Preparing Sandbox
Run 6630 tests
Collect Results
Check Equivalence
Completed 1000cases
Completed 2000cases
Completed 3000cases
Completed 4000cases
Completed 5000cases
Completed 6000cases
Execution time pshufd_xmm_xmm_imm8_209: 45 s
Thread 14 done!: pshufd_xmm_xmm_imm8_209
[4m[1m[34mFiring 1.[0m
Thread 15 start: pshufd_xmm_xmm_imm8_19
timeout 30m  /home/sdasgup3/Github/strata/stoke/./bin/stoke_check_circuit --strata_path /home/sdasgup3/Github/strata-data/circuits --target concrete_instances/immediate-variants/pshufd_xmm_xmm_imm8/instructions/pshufd_xmm_xmm_imm8_19/pshufd_xmm_xmm_imm8_19.s --functions /home/sdasgup3/Github/strata-data/data-regs/functions --testcases /home/sdasgup3/Github/strata-data/data-regs/testcases.tc --def_in "{ %xmm2 }" --live_out "{ %xmm1 }" --maybe_undef_out "{ }" 
Reading the Testsuit
Preparing Sandbox
Run 6630 tests
Collect Results
Check Equivalence
Completed 1000cases
Completed 2000cases
Completed 3000cases
Completed 4000cases
Completed 5000cases
Completed 6000cases
Execution time pshufd_xmm_xmm_imm8_19: 44 s
Thread 15 done!: pshufd_xmm_xmm_imm8_19
[4m[1m[34mFiring 1.[0m
Thread 16 start: pshufd_xmm_xmm_imm8_25
timeout 30m  /home/sdasgup3/Github/strata/stoke/./bin/stoke_check_circuit --strata_path /home/sdasgup3/Github/strata-data/circuits --target concrete_instances/immediate-variants/pshufd_xmm_xmm_imm8/instructions/pshufd_xmm_xmm_imm8_25/pshufd_xmm_xmm_imm8_25.s --functions /home/sdasgup3/Github/strata-data/data-regs/functions --testcases /home/sdasgup3/Github/strata-data/data-regs/testcases.tc --def_in "{ %xmm2 }" --live_out "{ %xmm1 }" --maybe_undef_out "{ }" 
Reading the Testsuit
Preparing Sandbox
Run 6630 tests
Collect Results
Check Equivalence
Completed 1000cases
Completed 2000cases
Completed 3000cases
Completed 4000cases
Completed 5000cases
Completed 6000cases
Execution time pshufd_xmm_xmm_imm8_25: 43 s
Thread 16 done!: pshufd_xmm_xmm_imm8_25
[4m[1m[34mFiring 1.[0m
Thread 17 start: pshufd_xmm_xmm_imm8_29
timeout 30m  /home/sdasgup3/Github/strata/stoke/./bin/stoke_check_circuit --strata_path /home/sdasgup3/Github/strata-data/circuits --target concrete_instances/immediate-variants/pshufd_xmm_xmm_imm8/instructions/pshufd_xmm_xmm_imm8_29/pshufd_xmm_xmm_imm8_29.s --functions /home/sdasgup3/Github/strata-data/data-regs/functions --testcases /home/sdasgup3/Github/strata-data/data-regs/testcases.tc --def_in "{ %xmm2 }" --live_out "{ %xmm1 }" --maybe_undef_out "{ }" 
Reading the Testsuit
Preparing Sandbox
Run 6630 tests
Collect Results
Check Equivalence
Completed 1000cases
Completed 2000cases
Completed 3000cases
Completed 4000cases
Completed 5000cases
Completed 6000cases
Execution time pshufd_xmm_xmm_imm8_29: 45 s
Thread 17 done!: pshufd_xmm_xmm_imm8_29
[4m[1m[34mFiring 1.[0m
Thread 18 start: pshufd_xmm_xmm_imm8_31
timeout 30m  /home/sdasgup3/Github/strata/stoke/./bin/stoke_check_circuit --strata_path /home/sdasgup3/Github/strata-data/circuits --target concrete_instances/immediate-variants/pshufd_xmm_xmm_imm8/instructions/pshufd_xmm_xmm_imm8_31/pshufd_xmm_xmm_imm8_31.s --functions /home/sdasgup3/Github/strata-data/data-regs/functions --testcases /home/sdasgup3/Github/strata-data/data-regs/testcases.tc --def_in "{ %xmm2 }" --live_out "{ %xmm1 }" --maybe_undef_out "{ }" 
Reading the Testsuit
Preparing Sandbox
Run 6630 tests
Collect Results
Check Equivalence
Completed 1000cases
Completed 2000cases
Completed 3000cases
Completed 4000cases
Completed 5000cases
Completed 6000cases
Execution time pshufd_xmm_xmm_imm8_31: 43 s
Thread 18 done!: pshufd_xmm_xmm_imm8_31
[4m[1m[34mFiring 1.[0m
Thread 19 start: pshufd_xmm_xmm_imm8_49
timeout 30m  /home/sdasgup3/Github/strata/stoke/./bin/stoke_check_circuit --strata_path /home/sdasgup3/Github/strata-data/circuits --target concrete_instances/immediate-variants/pshufd_xmm_xmm_imm8/instructions/pshufd_xmm_xmm_imm8_49/pshufd_xmm_xmm_imm8_49.s --functions /home/sdasgup3/Github/strata-data/data-regs/functions --testcases /home/sdasgup3/Github/strata-data/data-regs/testcases.tc --def_in "{ %xmm2 }" --live_out "{ %xmm1 }" --maybe_undef_out "{ }" 
Reading the Testsuit
Preparing Sandbox
Run 6630 tests
Collect Results
Check Equivalence
Completed 1000cases
Completed 2000cases
Completed 3000cases
Completed 4000cases
Completed 5000cases
Completed 6000cases
Execution time pshufd_xmm_xmm_imm8_49: 44 s
Thread 19 done!: pshufd_xmm_xmm_imm8_49
[4m[1m[34mFiring 1.[0m
Thread 20 start: pshufd_xmm_xmm_imm8_193
timeout 30m  /home/sdasgup3/Github/strata/stoke/./bin/stoke_check_circuit --strata_path /home/sdasgup3/Github/strata-data/circuits --target concrete_instances/immediate-variants/pshufd_xmm_xmm_imm8/instructions/pshufd_xmm_xmm_imm8_193/pshufd_xmm_xmm_imm8_193.s --functions /home/sdasgup3/Github/strata-data/data-regs/functions --testcases /home/sdasgup3/Github/strata-data/data-regs/testcases.tc --def_in "{ %xmm2 }" --live_out "{ %xmm1 }" --maybe_undef_out "{ }" 
Reading the Testsuit
Preparing Sandbox
Run 6630 tests
Collect Results
Check Equivalence
Completed 1000cases
Completed 2000cases
Completed 3000cases
Completed 4000cases
Completed 5000cases
Completed 6000cases
Execution time pshufd_xmm_xmm_imm8_193: 45 s
Thread 20 done!: pshufd_xmm_xmm_imm8_193
