[4m[1m[34mFiring Last 22[0m
Thread 1 start: palignr_xmm_xmm_imm8_1
/home/sdasgup3/TYLER/strata/stoke/./bin/stoke_check_circuit --target imm_instructions/palignr_xmm_xmm_imm8/instructions/palignr_xmm_xmm_imm8_1/palignr_xmm_xmm_imm8_1.s --functions /home/sdasgup3/Github/strata-data/data-regs/functions --testcases /home/sdasgup3/Github/strata-data/data-regs/testcases.tc --def_in "{ %xmm1 %xmm2 }" --live_out "{ %xmm1 }" 
Thread 2 start: palignr_xmm_xmm_imm8_2
/home/sdasgup3/TYLER/strata/stoke/./bin/stoke_check_circuit --target imm_instructions/palignr_xmm_xmm_imm8/instructions/palignr_xmm_xmm_imm8_2/palignr_xmm_xmm_imm8_2.s --functions /home/sdasgup3/Github/strata-data/data-regs/functions --testcases /home/sdasgup3/Github/strata-data/data-regs/testcases.tc --def_in "{ %xmm1 %xmm2 }" --live_out "{ %xmm1 }" 
Thread 3 start: palignr_xmm_xmm_imm8_3
/home/sdasgup3/TYLER/strata/stoke/./bin/stoke_check_circuit --target imm_instructions/palignr_xmm_xmm_imm8/instructions/palignr_xmm_xmm_imm8_3/palignr_xmm_xmm_imm8_3.s --functions /home/sdasgup3/Github/strata-data/data-regs/functions --testcases /home/sdasgup3/Github/strata-data/data-regs/testcases.tc --def_in "{ %xmm1 %xmm2 }" --live_out "{ %xmm1 }" 
Thread 4 start: palignr_xmm_xmm_imm8_5
/home/sdasgup3/TYLER/strata/stoke/./bin/stoke_check_circuit --target imm_instructions/palignr_xmm_xmm_imm8/instructions/palignr_xmm_xmm_imm8_5/palignr_xmm_xmm_imm8_5.s --functions /home/sdasgup3/Github/strata-data/data-regs/functions --testcases /home/sdasgup3/Github/strata-data/data-regs/testcases.tc --def_in "{ %xmm1 %xmm2 }" --live_out "{ %xmm1 }" 
Thread 5 start: palignr_xmm_xmm_imm8_6
/home/sdasgup3/TYLER/strata/stoke/./bin/stoke_check_circuit --target imm_instructions/palignr_xmm_xmm_imm8/instructions/palignr_xmm_xmm_imm8_6/palignr_xmm_xmm_imm8_6.s --functions /home/sdasgup3/Github/strata-data/data-regs/functions --testcases /home/sdasgup3/Github/strata-data/data-regs/testcases.tc --def_in "{ %xmm1 %xmm2 }" --live_out "{ %xmm1 }" 
Thread 6 start: palignr_xmm_xmm_imm8_7
/home/sdasgup3/TYLER/strata/stoke/./bin/stoke_check_circuit --target imm_instructions/palignr_xmm_xmm_imm8/instructions/palignr_xmm_xmm_imm8_7/palignr_xmm_xmm_imm8_7.s --functions /home/sdasgup3/Github/strata-data/data-regs/functions --testcases /home/sdasgup3/Github/strata-data/data-regs/testcases.tc --def_in "{ %xmm1 %xmm2 }" --live_out "{ %xmm1 }" 
Thread 7 start: palignr_xmm_xmm_imm8_9
/home/sdasgup3/TYLER/strata/stoke/./bin/stoke_check_circuit --target imm_instructions/palignr_xmm_xmm_imm8/instructions/palignr_xmm_xmm_imm8_9/palignr_xmm_xmm_imm8_9.s --functions /home/sdasgup3/Github/strata-data/data-regs/functions --testcases /home/sdasgup3/Github/strata-data/data-regs/testcases.tc --def_in "{ %xmm1 %xmm2 }" --live_out "{ %xmm1 }" 
Thread 8 start: palignr_xmm_xmm_imm8_10
/home/sdasgup3/TYLER/strata/stoke/./bin/stoke_check_circuit --target imm_instructions/palignr_xmm_xmm_imm8/instructions/palignr_xmm_xmm_imm8_10/palignr_xmm_xmm_imm8_10.s --functions /home/sdasgup3/Github/strata-data/data-regs/functions --testcases /home/sdasgup3/Github/strata-data/data-regs/testcases.tc --def_in "{ %xmm1 %xmm2 }" --live_out "{ %xmm1 }" 
Thread 9 start: palignr_xmm_xmm_imm8_11
/home/sdasgup3/TYLER/strata/stoke/./bin/stoke_check_circuit --target imm_instructions/palignr_xmm_xmm_imm8/instructions/palignr_xmm_xmm_imm8_11/palignr_xmm_xmm_imm8_11.s --functions /home/sdasgup3/Github/strata-data/data-regs/functions --testcases /home/sdasgup3/Github/strata-data/data-regs/testcases.tc --def_in "{ %xmm1 %xmm2 }" --live_out "{ %xmm1 }" 
Thread 10 start: palignr_xmm_xmm_imm8_13
/home/sdasgup3/TYLER/strata/stoke/./bin/stoke_check_circuit --target imm_instructions/palignr_xmm_xmm_imm8/instructions/palignr_xmm_xmm_imm8_13/palignr_xmm_xmm_imm8_13.s --functions /home/sdasgup3/Github/strata-data/data-regs/functions --testcases /home/sdasgup3/Github/strata-data/data-regs/testcases.tc --def_in "{ %xmm1 %xmm2 }" --live_out "{ %xmm1 }" 
Thread 11 start: palignr_xmm_xmm_imm8_14
/home/sdasgup3/TYLER/strata/stoke/./bin/stoke_check_circuit --target imm_instructions/palignr_xmm_xmm_imm8/instructions/palignr_xmm_xmm_imm8_14/palignr_xmm_xmm_imm8_14.s --functions /home/sdasgup3/Github/strata-data/data-regs/functions --testcases /home/sdasgup3/Github/strata-data/data-regs/testcases.tc --def_in "{ %xmm1 %xmm2 }" --live_out "{ %xmm1 }" 
Thread 12 start: palignr_xmm_xmm_imm8_15
/home/sdasgup3/TYLER/strata/stoke/./bin/stoke_check_circuit --target imm_instructions/palignr_xmm_xmm_imm8/instructions/palignr_xmm_xmm_imm8_15/palignr_xmm_xmm_imm8_15.s --functions /home/sdasgup3/Github/strata-data/data-regs/functions --testcases /home/sdasgup3/Github/strata-data/data-regs/testcases.tc --def_in "{ %xmm1 %xmm2 }" --live_out "{ %xmm1 }" 
Thread 13 start: palignr_xmm_xmm_imm8_17
/home/sdasgup3/TYLER/strata/stoke/./bin/stoke_check_circuit --target imm_instructions/palignr_xmm_xmm_imm8/instructions/palignr_xmm_xmm_imm8_17/palignr_xmm_xmm_imm8_17.s --functions /home/sdasgup3/Github/strata-data/data-regs/functions --testcases /home/sdasgup3/Github/strata-data/data-regs/testcases.tc --def_in "{ %xmm1 %xmm2 }" --live_out "{ %xmm1 }" 
Thread 14 start: palignr_xmm_xmm_imm8_18
/home/sdasgup3/TYLER/strata/stoke/./bin/stoke_check_circuit --target imm_instructions/palignr_xmm_xmm_imm8/instructions/palignr_xmm_xmm_imm8_18/palignr_xmm_xmm_imm8_18.s --functions /home/sdasgup3/Github/strata-data/data-regs/functions --testcases /home/sdasgup3/Github/strata-data/data-regs/testcases.tc --def_in "{ %xmm1 %xmm2 }" --live_out "{ %xmm1 }" 
Thread 15 start: palignr_xmm_xmm_imm8_19
/home/sdasgup3/TYLER/strata/stoke/./bin/stoke_check_circuit --target imm_instructions/palignr_xmm_xmm_imm8/instructions/palignr_xmm_xmm_imm8_19/palignr_xmm_xmm_imm8_19.s --functions /home/sdasgup3/Github/strata-data/data-regs/functions --testcases /home/sdasgup3/Github/strata-data/data-regs/testcases.tc --def_in "{ %xmm1 %xmm2 }" --live_out "{ %xmm1 }" 
Thread 16 start: palignr_xmm_xmm_imm8_21
/home/sdasgup3/TYLER/strata/stoke/./bin/stoke_check_circuit --target imm_instructions/palignr_xmm_xmm_imm8/instructions/palignr_xmm_xmm_imm8_21/palignr_xmm_xmm_imm8_21.s --functions /home/sdasgup3/Github/strata-data/data-regs/functions --testcases /home/sdasgup3/Github/strata-data/data-regs/testcases.tc --def_in "{ %xmm1 %xmm2 }" --live_out "{ %xmm1 }" 
Thread 17 start: palignr_xmm_xmm_imm8_22
/home/sdasgup3/TYLER/strata/stoke/./bin/stoke_check_circuit --target imm_instructions/palignr_xmm_xmm_imm8/instructions/palignr_xmm_xmm_imm8_22/palignr_xmm_xmm_imm8_22.s --functions /home/sdasgup3/Github/strata-data/data-regs/functions --testcases /home/sdasgup3/Github/strata-data/data-regs/testcases.tc --def_in "{ %xmm1 %xmm2 }" --live_out "{ %xmm1 }" 
Thread 18 start: palignr_xmm_xmm_imm8_23
/home/sdasgup3/TYLER/strata/stoke/./bin/stoke_check_circuit --target imm_instructions/palignr_xmm_xmm_imm8/instructions/palignr_xmm_xmm_imm8_23/palignr_xmm_xmm_imm8_23.s --functions /home/sdasgup3/Github/strata-data/data-regs/functions --testcases /home/sdasgup3/Github/strata-data/data-regs/testcases.tc --def_in "{ %xmm1 %xmm2 }" --live_out "{ %xmm1 }" 
Thread 19 start: palignr_xmm_xmm_imm8_25
/home/sdasgup3/TYLER/strata/stoke/./bin/stoke_check_circuit --target imm_instructions/palignr_xmm_xmm_imm8/instructions/palignr_xmm_xmm_imm8_25/palignr_xmm_xmm_imm8_25.s --functions /home/sdasgup3/Github/strata-data/data-regs/functions --testcases /home/sdasgup3/Github/strata-data/data-regs/testcases.tc --def_in "{ %xmm1 %xmm2 }" --live_out "{ %xmm1 }" 
Thread 20 start: palignr_xmm_xmm_imm8_26
/home/sdasgup3/TYLER/strata/stoke/./bin/stoke_check_circuit --target imm_instructions/palignr_xmm_xmm_imm8/instructions/palignr_xmm_xmm_imm8_26/palignr_xmm_xmm_imm8_26.s --functions /home/sdasgup3/Github/strata-data/data-regs/functions --testcases /home/sdasgup3/Github/strata-data/data-regs/testcases.tc --def_in "{ %xmm1 %xmm2 }" --live_out "{ %xmm1 }" 
Thread 21 start: palignr_xmm_xmm_imm8_27
/home/sdasgup3/TYLER/strata/stoke/./bin/stoke_check_circuit --target imm_instructions/palignr_xmm_xmm_imm8/instructions/palignr_xmm_xmm_imm8_27/palignr_xmm_xmm_imm8_27.s --functions /home/sdasgup3/Github/strata-data/data-regs/functions --testcases /home/sdasgup3/Github/strata-data/data-regs/testcases.tc --def_in "{ %xmm1 %xmm2 }" --live_out "{ %xmm1 }" 
Thread 22 start: palignr_xmm_xmm_imm8_29
/home/sdasgup3/TYLER/strata/stoke/./bin/stoke_check_circuit --target imm_instructions/palignr_xmm_xmm_imm8/instructions/palignr_xmm_xmm_imm8_29/palignr_xmm_xmm_imm8_29.s --functions /home/sdasgup3/Github/strata-data/data-regs/functions --testcases /home/sdasgup3/Github/strata-data/data-regs/testcases.tc --def_in "{ %xmm1 %xmm2 }" --live_out "{ %xmm1 }" 
Reading the Testsuit
Preparing Sandbox
Run 6630 tests
Collect Results
Build Handler
Check Equivalence
Completed 1000cases
Reading the Testsuit
Preparing Sandbox
Run 6630 tests
Collect Results
Build Handler
Check Equivalence
Completed 1000cases
Reading the Testsuit
Preparing Sandbox
Run 6630 tests
Collect Results
Build Handler
Check Equivalence
Completed 1000cases
Reading the Testsuit
Preparing Sandbox
Run 6630 tests
Collect Results
Build Handler
Check Equivalence
Completed 1000cases
Reading the Testsuit
Preparing Sandbox
Run 6630 tests
Collect Results
Build Handler
Check Equivalence
Completed 1000cases
Reading the Testsuit
Preparing Sandbox
Run 6630 tests
Collect Results
Build Handler
Check Equivalence
Completed 1000cases
Reading the Testsuit
Preparing Sandbox
Run 6630 tests
Collect Results
Build Handler
Check Equivalence
Completed 1000cases
Reading the Testsuit
Preparing Sandbox
Run 6630 tests
Collect Results
Build Handler
Check Equivalence
Completed 1000cases
Reading the Testsuit
Preparing Sandbox
Run 6630 tests
Collect Results
Build Handler
Check Equivalence
Completed 1000cases
Reading the Testsuit
Preparing Sandbox
Run 6630 tests
Collect Results
Build Handler
Check Equivalence
Completed 1000cases
Reading the Testsuit
Preparing Sandbox
Run 6630 tests
Collect Results
Build Handler
Check Equivalence
Completed 1000cases
Reading the Testsuit
Preparing Sandbox
Run 6630 tests
Collect Results
Build Handler
Check Equivalence
Completed 1000cases
Reading the Testsuit
Preparing Sandbox
Run 6630 tests
Collect Results
Build Handler
Check Equivalence
Completed 1000cases
Reading the Testsuit
Preparing Sandbox
Run 6630 tests
Collect Results
Build Handler
Check Equivalence
Completed 1000cases
Reading the Testsuit
Preparing Sandbox
Run 6630 tests
Collect Results
Build Handler
Check Equivalence
Completed 1000cases
Reading the Testsuit
Preparing Sandbox
Run 6630 tests
Collect Results
Build Handler
Check Equivalence
Completed 1000cases
Reading the Testsuit
Preparing Sandbox
Run 6630 tests
Collect Results
Build Handler
Check Equivalence
Completed 1000cases
Reading the Testsuit
Preparing Sandbox
Run 6630 tests
Collect Results
Build Handler
Check Equivalence
Completed 1000cases
Reading the Testsuit
Preparing Sandbox
Run 6630 tests
Collect Results
Build Handler
Check Equivalence
Completed 1000cases
Reading the Testsuit
Preparing Sandbox
Run 6630 tests
Collect Results
Build Handler
Check Equivalence
Completed 1000cases
Reading the Testsuit
Preparing Sandbox
Run 6630 tests
Collect Results
Build Handler
Check Equivalence
Completed 1000cases
Reading the Testsuit
Preparing Sandbox
Run 6630 tests
Collect Results
Build Handler
Check Equivalence
Completed 1000cases
Completed 2000cases
Completed 2000cases
Completed 2000cases
Completed 2000cases
Completed 2000cases
Completed 2000cases
Completed 2000cases
Completed 2000cases
Completed 2000cases
Completed 2000cases
Completed 2000cases
Completed 2000cases
Completed 2000cases
Completed 2000cases
Completed 2000cases
Completed 2000cases
Completed 2000cases
Completed 2000cases
Completed 2000cases
Completed 2000cases
Completed 2000cases
Completed 2000cases
Completed 3000cases
Completed 3000cases
Completed 3000cases
Completed 3000cases
Completed 3000cases
Completed 3000cases
Completed 3000cases
Completed 3000cases
Completed 3000cases
Completed 3000cases
Completed 3000cases
Completed 3000cases
Completed 3000cases
Completed 3000cases
Completed 3000cases
Completed 3000cases
Completed 3000cases
Completed 3000cases
Completed 3000cases
Completed 3000cases
Completed 3000cases
Completed 3000cases
Completed 4000cases
Completed 4000cases
Completed 4000cases
Completed 4000cases
Completed 4000cases
Completed 4000cases
Completed 4000cases
Completed 4000cases
Completed 4000cases
Completed 4000cases
Completed 4000cases
Completed 4000cases
Completed 4000cases
Completed 4000cases
Completed 4000cases
Completed 4000cases
Completed 4000cases
Completed 4000cases
Completed 4000cases
Completed 4000cases
Completed 4000cases
Completed 4000cases
Completed 5000cases
Completed 5000cases
Completed 5000cases
Completed 5000cases
Completed 5000cases
Completed 5000cases
Completed 5000cases
Completed 5000cases
Completed 5000cases
Completed 5000cases
Completed 5000cases
Completed 5000cases
Completed 5000cases
Completed 5000cases
Completed 5000cases
Completed 5000cases
Completed 5000cases
Completed 5000cases
Completed 5000cases
Completed 5000cases
Completed 5000cases
Completed 5000cases
Completed 6000cases
Completed 6000cases
Completed 6000cases
Completed 6000cases
Completed 6000cases
Completed 6000cases
Completed 6000cases
Completed 6000cases
Completed 6000cases
Completed 6000cases
Completed 6000cases
Completed 6000cases
Completed 6000cases
Completed 6000cases
Completed 6000cases
Completed 6000cases
Completed 6000cases
Completed 6000cases
Completed 6000cases
Completed 6000cases
Completed 6000cases
Completed 6000cases
Thread 19 done!: palignr_xmm_xmm_imm8_25
Thread 18 done!: palignr_xmm_xmm_imm8_23
Thread 1 done!: palignr_xmm_xmm_imm8_1
Thread 11 done!: palignr_xmm_xmm_imm8_14
Thread 14 done!: palignr_xmm_xmm_imm8_18
Thread 3 done!: palignr_xmm_xmm_imm8_3
Thread 2 done!: palignr_xmm_xmm_imm8_2
Thread 21 done!: palignr_xmm_xmm_imm8_27
Thread 12 done!: palignr_xmm_xmm_imm8_15
Thread 10 done!: palignr_xmm_xmm_imm8_13
Thread 15 done!: palignr_xmm_xmm_imm8_19
Thread 20 done!: palignr_xmm_xmm_imm8_26
Thread 9 done!: palignr_xmm_xmm_imm8_11
Thread 7 done!: palignr_xmm_xmm_imm8_9
Thread 22 done!: palignr_xmm_xmm_imm8_29
Thread 6 done!: palignr_xmm_xmm_imm8_7
Thread 4 done!: palignr_xmm_xmm_imm8_5
Thread 13 done!: palignr_xmm_xmm_imm8_17
Thread 17 done!: palignr_xmm_xmm_imm8_22
Thread 5 done!: palignr_xmm_xmm_imm8_6
Thread 8 done!: palignr_xmm_xmm_imm8_10
Thread 16 done!: palignr_xmm_xmm_imm8_21
