[4m[1m[34mFiring 1.[0m
Thread 1 start: palignr_xmm_xmm_imm8_59
timeout 30m  /home/sdasgup3/Github/strata/stoke/./bin/stoke_check_circuit --strata_path /home/sdasgup3/Github/strata-data/circuits --target concrete_instances/immediate-variants/palignr_xmm_xmm_imm8/instructions/palignr_xmm_xmm_imm8_59/palignr_xmm_xmm_imm8_59.s --functions /home/sdasgup3/Github/strata-data/data-regs/functions --testcases /home/sdasgup3/Github/strata-data/data-regs/testcases.tc --def_in "{ %xmm1 %xmm2 }" --live_out "{ %xmm1 }" --maybe_undef_out "{ }" 
Reading the Testsuit
Preparing Sandbox
Run 6630 tests
Collect Results
Check Equivalence
Completed 1000cases
Completed 2000cases
Completed 3000cases
Completed 4000cases
Completed 5000cases
Completed 6000cases
Execution time palignr_xmm_xmm_imm8_59: 51 s
Thread 1 done!: palignr_xmm_xmm_imm8_59
[4m[1m[34mFiring 1.[0m
Thread 2 start: palignr_xmm_xmm_imm8_62
timeout 30m  /home/sdasgup3/Github/strata/stoke/./bin/stoke_check_circuit --strata_path /home/sdasgup3/Github/strata-data/circuits --target concrete_instances/immediate-variants/palignr_xmm_xmm_imm8/instructions/palignr_xmm_xmm_imm8_62/palignr_xmm_xmm_imm8_62.s --functions /home/sdasgup3/Github/strata-data/data-regs/functions --testcases /home/sdasgup3/Github/strata-data/data-regs/testcases.tc --def_in "{ %xmm1 %xmm2 }" --live_out "{ %xmm1 }" --maybe_undef_out "{ }" 
Reading the Testsuit
Preparing Sandbox
Run 6630 tests
Collect Results
Check Equivalence
Completed 1000cases
Completed 2000cases
Completed 3000cases
Completed 4000cases
Completed 5000cases
Completed 6000cases
Execution time palignr_xmm_xmm_imm8_62: 47 s
Thread 2 done!: palignr_xmm_xmm_imm8_62
[4m[1m[34mFiring 1.[0m
Thread 3 start: palignr_xmm_xmm_imm8_177
timeout 30m  /home/sdasgup3/Github/strata/stoke/./bin/stoke_check_circuit --strata_path /home/sdasgup3/Github/strata-data/circuits --target concrete_instances/immediate-variants/palignr_xmm_xmm_imm8/instructions/palignr_xmm_xmm_imm8_177/palignr_xmm_xmm_imm8_177.s --functions /home/sdasgup3/Github/strata-data/data-regs/functions --testcases /home/sdasgup3/Github/strata-data/data-regs/testcases.tc --def_in "{ %xmm1 %xmm2 }" --live_out "{ %xmm1 }" --maybe_undef_out "{ }" 
Reading the Testsuit
Preparing Sandbox
Run 6630 tests
Collect Results
Check Equivalence
Completed 1000cases
Completed 2000cases
Completed 3000cases
Completed 4000cases
Completed 5000cases
Completed 6000cases
Execution time palignr_xmm_xmm_imm8_177: 44 s
Thread 3 done!: palignr_xmm_xmm_imm8_177
[4m[1m[34mFiring 1.[0m
Thread 4 start: palignr_xmm_xmm_imm8_198
timeout 30m  /home/sdasgup3/Github/strata/stoke/./bin/stoke_check_circuit --strata_path /home/sdasgup3/Github/strata-data/circuits --target concrete_instances/immediate-variants/palignr_xmm_xmm_imm8/instructions/palignr_xmm_xmm_imm8_198/palignr_xmm_xmm_imm8_198.s --functions /home/sdasgup3/Github/strata-data/data-regs/functions --testcases /home/sdasgup3/Github/strata-data/data-regs/testcases.tc --def_in "{ %xmm1 %xmm2 }" --live_out "{ %xmm1 }" --maybe_undef_out "{ }" 
Reading the Testsuit
Preparing Sandbox
Run 6630 tests
Collect Results
Check Equivalence
Completed 1000cases
Completed 2000cases
Completed 3000cases
Completed 4000cases
Completed 5000cases
Completed 6000cases
Execution time palignr_xmm_xmm_imm8_198: 43 s
Thread 4 done!: palignr_xmm_xmm_imm8_198
[4m[1m[34mFiring 1.[0m
Thread 5 start: palignr_xmm_xmm_imm8_229
timeout 30m  /home/sdasgup3/Github/strata/stoke/./bin/stoke_check_circuit --strata_path /home/sdasgup3/Github/strata-data/circuits --target concrete_instances/immediate-variants/palignr_xmm_xmm_imm8/instructions/palignr_xmm_xmm_imm8_229/palignr_xmm_xmm_imm8_229.s --functions /home/sdasgup3/Github/strata-data/data-regs/functions --testcases /home/sdasgup3/Github/strata-data/data-regs/testcases.tc --def_in "{ %xmm1 %xmm2 }" --live_out "{ %xmm1 }" --maybe_undef_out "{ }" 
Reading the Testsuit
Preparing Sandbox
Run 6630 tests
Collect Results
Check Equivalence
Completed 1000cases
Completed 2000cases
Completed 3000cases
Completed 4000cases
Completed 5000cases
Completed 6000cases
Execution time palignr_xmm_xmm_imm8_229: 44 s
Thread 5 done!: palignr_xmm_xmm_imm8_229
[4m[1m[34mFiring 1.[0m
Thread 6 start: palignr_xmm_xmm_imm8_1
timeout 30m  /home/sdasgup3/Github/strata/stoke/./bin/stoke_check_circuit --strata_path /home/sdasgup3/Github/strata-data/circuits --target concrete_instances/immediate-variants/palignr_xmm_xmm_imm8/instructions/palignr_xmm_xmm_imm8_1/palignr_xmm_xmm_imm8_1.s --functions /home/sdasgup3/Github/strata-data/data-regs/functions --testcases /home/sdasgup3/Github/strata-data/data-regs/testcases.tc --def_in "{ %xmm1 %xmm2 }" --live_out "{ %xmm1 }" --maybe_undef_out "{ }" 
Reading the Testsuit
Preparing Sandbox
Run 6630 tests
Collect Results
Check Equivalence
Completed 1000cases
Completed 2000cases
Completed 3000cases
Completed 4000cases
Completed 5000cases
Completed 6000cases
Execution time palignr_xmm_xmm_imm8_1: 44 s
Thread 6 done!: palignr_xmm_xmm_imm8_1
[4m[1m[34mFiring 1.[0m
Thread 7 start: palignr_xmm_xmm_imm8_2
timeout 30m  /home/sdasgup3/Github/strata/stoke/./bin/stoke_check_circuit --strata_path /home/sdasgup3/Github/strata-data/circuits --target concrete_instances/immediate-variants/palignr_xmm_xmm_imm8/instructions/palignr_xmm_xmm_imm8_2/palignr_xmm_xmm_imm8_2.s --functions /home/sdasgup3/Github/strata-data/data-regs/functions --testcases /home/sdasgup3/Github/strata-data/data-regs/testcases.tc --def_in "{ %xmm1 %xmm2 }" --live_out "{ %xmm1 }" --maybe_undef_out "{ }" 
Reading the Testsuit
Preparing Sandbox
Run 6630 tests
Collect Results
Check Equivalence
Completed 1000cases
Completed 2000cases
Completed 3000cases
Completed 4000cases
Completed 5000cases
Completed 6000cases
Execution time palignr_xmm_xmm_imm8_2: 43 s
Thread 7 done!: palignr_xmm_xmm_imm8_2
[4m[1m[34mFiring 1.[0m
Thread 8 start: palignr_xmm_xmm_imm8_3
timeout 30m  /home/sdasgup3/Github/strata/stoke/./bin/stoke_check_circuit --strata_path /home/sdasgup3/Github/strata-data/circuits --target concrete_instances/immediate-variants/palignr_xmm_xmm_imm8/instructions/palignr_xmm_xmm_imm8_3/palignr_xmm_xmm_imm8_3.s --functions /home/sdasgup3/Github/strata-data/data-regs/functions --testcases /home/sdasgup3/Github/strata-data/data-regs/testcases.tc --def_in "{ %xmm1 %xmm2 }" --live_out "{ %xmm1 }" --maybe_undef_out "{ }" 
Reading the Testsuit
Preparing Sandbox
Run 6630 tests
Collect Results
Check Equivalence
Completed 1000cases
Completed 2000cases
Completed 3000cases
Completed 4000cases
Completed 5000cases
Completed 6000cases
Execution time palignr_xmm_xmm_imm8_3: 43 s
Thread 8 done!: palignr_xmm_xmm_imm8_3
[4m[1m[34mFiring 1.[0m
Thread 9 start: palignr_xmm_xmm_imm8_5
timeout 30m  /home/sdasgup3/Github/strata/stoke/./bin/stoke_check_circuit --strata_path /home/sdasgup3/Github/strata-data/circuits --target concrete_instances/immediate-variants/palignr_xmm_xmm_imm8/instructions/palignr_xmm_xmm_imm8_5/palignr_xmm_xmm_imm8_5.s --functions /home/sdasgup3/Github/strata-data/data-regs/functions --testcases /home/sdasgup3/Github/strata-data/data-regs/testcases.tc --def_in "{ %xmm1 %xmm2 }" --live_out "{ %xmm1 }" --maybe_undef_out "{ }" 
Reading the Testsuit
Preparing Sandbox
Run 6630 tests
Collect Results
Check Equivalence
Completed 1000cases
Completed 2000cases
Completed 3000cases
Completed 4000cases
Completed 5000cases
Completed 6000cases
Execution time palignr_xmm_xmm_imm8_5: 44 s
Thread 9 done!: palignr_xmm_xmm_imm8_5
[4m[1m[34mFiring 1.[0m
Thread 10 start: palignr_xmm_xmm_imm8_6
timeout 30m  /home/sdasgup3/Github/strata/stoke/./bin/stoke_check_circuit --strata_path /home/sdasgup3/Github/strata-data/circuits --target concrete_instances/immediate-variants/palignr_xmm_xmm_imm8/instructions/palignr_xmm_xmm_imm8_6/palignr_xmm_xmm_imm8_6.s --functions /home/sdasgup3/Github/strata-data/data-regs/functions --testcases /home/sdasgup3/Github/strata-data/data-regs/testcases.tc --def_in "{ %xmm1 %xmm2 }" --live_out "{ %xmm1 }" --maybe_undef_out "{ }" 
Reading the Testsuit
Preparing Sandbox
Run 6630 tests
Collect Results
Check Equivalence
Completed 1000cases
Completed 2000cases
Completed 3000cases
Completed 4000cases
Completed 5000cases
Completed 6000cases
Execution time palignr_xmm_xmm_imm8_6: 44 s
Thread 10 done!: palignr_xmm_xmm_imm8_6
[4m[1m[34mFiring 1.[0m
Thread 11 start: palignr_xmm_xmm_imm8_7
timeout 30m  /home/sdasgup3/Github/strata/stoke/./bin/stoke_check_circuit --strata_path /home/sdasgup3/Github/strata-data/circuits --target concrete_instances/immediate-variants/palignr_xmm_xmm_imm8/instructions/palignr_xmm_xmm_imm8_7/palignr_xmm_xmm_imm8_7.s --functions /home/sdasgup3/Github/strata-data/data-regs/functions --testcases /home/sdasgup3/Github/strata-data/data-regs/testcases.tc --def_in "{ %xmm1 %xmm2 }" --live_out "{ %xmm1 }" --maybe_undef_out "{ }" 
Reading the Testsuit
Preparing Sandbox
Run 6630 tests
Collect Results
Check Equivalence
Completed 1000cases
Completed 2000cases
Completed 3000cases
Completed 4000cases
Completed 5000cases
Completed 6000cases
Execution time palignr_xmm_xmm_imm8_7: 43 s
Thread 11 done!: palignr_xmm_xmm_imm8_7
[4m[1m[34mFiring 1.[0m
Thread 12 start: palignr_xmm_xmm_imm8_9
timeout 30m  /home/sdasgup3/Github/strata/stoke/./bin/stoke_check_circuit --strata_path /home/sdasgup3/Github/strata-data/circuits --target concrete_instances/immediate-variants/palignr_xmm_xmm_imm8/instructions/palignr_xmm_xmm_imm8_9/palignr_xmm_xmm_imm8_9.s --functions /home/sdasgup3/Github/strata-data/data-regs/functions --testcases /home/sdasgup3/Github/strata-data/data-regs/testcases.tc --def_in "{ %xmm1 %xmm2 }" --live_out "{ %xmm1 }" --maybe_undef_out "{ }" 
Reading the Testsuit
Preparing Sandbox
Run 6630 tests
Collect Results
Check Equivalence
Completed 1000cases
Completed 2000cases
Completed 3000cases
Completed 4000cases
Completed 5000cases
Completed 6000cases
Execution time palignr_xmm_xmm_imm8_9: 43 s
Thread 12 done!: palignr_xmm_xmm_imm8_9
[4m[1m[34mFiring 1.[0m
Thread 13 start: palignr_xmm_xmm_imm8_10
timeout 30m  /home/sdasgup3/Github/strata/stoke/./bin/stoke_check_circuit --strata_path /home/sdasgup3/Github/strata-data/circuits --target concrete_instances/immediate-variants/palignr_xmm_xmm_imm8/instructions/palignr_xmm_xmm_imm8_10/palignr_xmm_xmm_imm8_10.s --functions /home/sdasgup3/Github/strata-data/data-regs/functions --testcases /home/sdasgup3/Github/strata-data/data-regs/testcases.tc --def_in "{ %xmm1 %xmm2 }" --live_out "{ %xmm1 }" --maybe_undef_out "{ }" 
Reading the Testsuit
Preparing Sandbox
Run 6630 tests
Collect Results
Check Equivalence
Completed 1000cases
Completed 2000cases
Completed 3000cases
Completed 4000cases
Completed 5000cases
Completed 6000cases
Execution time palignr_xmm_xmm_imm8_10: 43 s
Thread 13 done!: palignr_xmm_xmm_imm8_10
[4m[1m[34mFiring 1.[0m
Thread 14 start: palignr_xmm_xmm_imm8_11
timeout 30m  /home/sdasgup3/Github/strata/stoke/./bin/stoke_check_circuit --strata_path /home/sdasgup3/Github/strata-data/circuits --target concrete_instances/immediate-variants/palignr_xmm_xmm_imm8/instructions/palignr_xmm_xmm_imm8_11/palignr_xmm_xmm_imm8_11.s --functions /home/sdasgup3/Github/strata-data/data-regs/functions --testcases /home/sdasgup3/Github/strata-data/data-regs/testcases.tc --def_in "{ %xmm1 %xmm2 }" --live_out "{ %xmm1 }" --maybe_undef_out "{ }" 
Reading the Testsuit
Preparing Sandbox
Run 6630 tests
Collect Results
Check Equivalence
Completed 1000cases
Completed 2000cases
Completed 3000cases
Completed 4000cases
Completed 5000cases
Completed 6000cases
Execution time palignr_xmm_xmm_imm8_11: 43 s
Thread 14 done!: palignr_xmm_xmm_imm8_11
[4m[1m[34mFiring 1.[0m
Thread 15 start: palignr_xmm_xmm_imm8_13
timeout 30m  /home/sdasgup3/Github/strata/stoke/./bin/stoke_check_circuit --strata_path /home/sdasgup3/Github/strata-data/circuits --target concrete_instances/immediate-variants/palignr_xmm_xmm_imm8/instructions/palignr_xmm_xmm_imm8_13/palignr_xmm_xmm_imm8_13.s --functions /home/sdasgup3/Github/strata-data/data-regs/functions --testcases /home/sdasgup3/Github/strata-data/data-regs/testcases.tc --def_in "{ %xmm1 %xmm2 }" --live_out "{ %xmm1 }" --maybe_undef_out "{ }" 
Reading the Testsuit
Preparing Sandbox
Run 6630 tests
Collect Results
Check Equivalence
Completed 1000cases
Completed 2000cases
Completed 3000cases
Completed 4000cases
Completed 5000cases
Completed 6000cases
Execution time palignr_xmm_xmm_imm8_13: 43 s
Thread 15 done!: palignr_xmm_xmm_imm8_13
[4m[1m[34mFiring 1.[0m
Thread 16 start: palignr_xmm_xmm_imm8_14
timeout 30m  /home/sdasgup3/Github/strata/stoke/./bin/stoke_check_circuit --strata_path /home/sdasgup3/Github/strata-data/circuits --target concrete_instances/immediate-variants/palignr_xmm_xmm_imm8/instructions/palignr_xmm_xmm_imm8_14/palignr_xmm_xmm_imm8_14.s --functions /home/sdasgup3/Github/strata-data/data-regs/functions --testcases /home/sdasgup3/Github/strata-data/data-regs/testcases.tc --def_in "{ %xmm1 %xmm2 }" --live_out "{ %xmm1 }" --maybe_undef_out "{ }" 
Reading the Testsuit
Preparing Sandbox
Run 6630 tests
Collect Results
Check Equivalence
Completed 1000cases
Completed 2000cases
Completed 3000cases
Completed 4000cases
Completed 5000cases
Completed 6000cases
Execution time palignr_xmm_xmm_imm8_14: 42 s
Thread 16 done!: palignr_xmm_xmm_imm8_14
[4m[1m[34mFiring 1.[0m
Thread 17 start: palignr_xmm_xmm_imm8_15
timeout 30m  /home/sdasgup3/Github/strata/stoke/./bin/stoke_check_circuit --strata_path /home/sdasgup3/Github/strata-data/circuits --target concrete_instances/immediate-variants/palignr_xmm_xmm_imm8/instructions/palignr_xmm_xmm_imm8_15/palignr_xmm_xmm_imm8_15.s --functions /home/sdasgup3/Github/strata-data/data-regs/functions --testcases /home/sdasgup3/Github/strata-data/data-regs/testcases.tc --def_in "{ %xmm1 %xmm2 }" --live_out "{ %xmm1 }" --maybe_undef_out "{ }" 
Reading the Testsuit
Preparing Sandbox
Run 6630 tests
Collect Results
Check Equivalence
Completed 1000cases
Completed 2000cases
Completed 3000cases
Completed 4000cases
Completed 5000cases
Completed 6000cases
Execution time palignr_xmm_xmm_imm8_15: 41 s
Thread 17 done!: palignr_xmm_xmm_imm8_15
[4m[1m[34mFiring 1.[0m
Thread 18 start: palignr_xmm_xmm_imm8_17
timeout 30m  /home/sdasgup3/Github/strata/stoke/./bin/stoke_check_circuit --strata_path /home/sdasgup3/Github/strata-data/circuits --target concrete_instances/immediate-variants/palignr_xmm_xmm_imm8/instructions/palignr_xmm_xmm_imm8_17/palignr_xmm_xmm_imm8_17.s --functions /home/sdasgup3/Github/strata-data/data-regs/functions --testcases /home/sdasgup3/Github/strata-data/data-regs/testcases.tc --def_in "{ %xmm1 %xmm2 }" --live_out "{ %xmm1 }" --maybe_undef_out "{ }" 
Reading the Testsuit
Preparing Sandbox
Run 6630 tests
Collect Results
Check Equivalence
Completed 1000cases
Completed 2000cases
Completed 3000cases
Completed 4000cases
Completed 5000cases
Completed 6000cases
Execution time palignr_xmm_xmm_imm8_17: 43 s
Thread 18 done!: palignr_xmm_xmm_imm8_17
[4m[1m[34mFiring 1.[0m
Thread 19 start: palignr_xmm_xmm_imm8_18
timeout 30m  /home/sdasgup3/Github/strata/stoke/./bin/stoke_check_circuit --strata_path /home/sdasgup3/Github/strata-data/circuits --target concrete_instances/immediate-variants/palignr_xmm_xmm_imm8/instructions/palignr_xmm_xmm_imm8_18/palignr_xmm_xmm_imm8_18.s --functions /home/sdasgup3/Github/strata-data/data-regs/functions --testcases /home/sdasgup3/Github/strata-data/data-regs/testcases.tc --def_in "{ %xmm1 %xmm2 }" --live_out "{ %xmm1 }" --maybe_undef_out "{ }" 
Reading the Testsuit
Preparing Sandbox
Run 6630 tests
Collect Results
Check Equivalence
Completed 1000cases
Completed 2000cases
Completed 3000cases
Completed 4000cases
Completed 5000cases
Completed 6000cases
Execution time palignr_xmm_xmm_imm8_18: 42 s
Thread 19 done!: palignr_xmm_xmm_imm8_18
[4m[1m[34mFiring 1.[0m
Thread 20 start: palignr_xmm_xmm_imm8_19
timeout 30m  /home/sdasgup3/Github/strata/stoke/./bin/stoke_check_circuit --strata_path /home/sdasgup3/Github/strata-data/circuits --target concrete_instances/immediate-variants/palignr_xmm_xmm_imm8/instructions/palignr_xmm_xmm_imm8_19/palignr_xmm_xmm_imm8_19.s --functions /home/sdasgup3/Github/strata-data/data-regs/functions --testcases /home/sdasgup3/Github/strata-data/data-regs/testcases.tc --def_in "{ %xmm1 %xmm2 }" --live_out "{ %xmm1 }" --maybe_undef_out "{ }" 
Reading the Testsuit
Preparing Sandbox
Run 6630 tests
Collect Results
Check Equivalence
Completed 1000cases
Completed 2000cases
Completed 3000cases
Completed 4000cases
Completed 5000cases
Completed 6000cases
Execution time palignr_xmm_xmm_imm8_19: 42 s
Thread 20 done!: palignr_xmm_xmm_imm8_19
[4m[1m[34mFiring 1.[0m
Thread 21 start: palignr_xmm_xmm_imm8_21
timeout 30m  /home/sdasgup3/Github/strata/stoke/./bin/stoke_check_circuit --strata_path /home/sdasgup3/Github/strata-data/circuits --target concrete_instances/immediate-variants/palignr_xmm_xmm_imm8/instructions/palignr_xmm_xmm_imm8_21/palignr_xmm_xmm_imm8_21.s --functions /home/sdasgup3/Github/strata-data/data-regs/functions --testcases /home/sdasgup3/Github/strata-data/data-regs/testcases.tc --def_in "{ %xmm1 %xmm2 }" --live_out "{ %xmm1 }" --maybe_undef_out "{ }" 
Reading the Testsuit
Preparing Sandbox
Run 6630 tests
Collect Results
Check Equivalence
Completed 1000cases
Completed 2000cases
Completed 3000cases
Completed 4000cases
Completed 5000cases
Completed 6000cases
Execution time palignr_xmm_xmm_imm8_21: 41 s
Thread 21 done!: palignr_xmm_xmm_imm8_21
[4m[1m[34mFiring 1.[0m
Thread 22 start: palignr_xmm_xmm_imm8_22
timeout 30m  /home/sdasgup3/Github/strata/stoke/./bin/stoke_check_circuit --strata_path /home/sdasgup3/Github/strata-data/circuits --target concrete_instances/immediate-variants/palignr_xmm_xmm_imm8/instructions/palignr_xmm_xmm_imm8_22/palignr_xmm_xmm_imm8_22.s --functions /home/sdasgup3/Github/strata-data/data-regs/functions --testcases /home/sdasgup3/Github/strata-data/data-regs/testcases.tc --def_in "{ %xmm1 %xmm2 }" --live_out "{ %xmm1 }" --maybe_undef_out "{ }" 
Reading the Testsuit
Preparing Sandbox
Run 6630 tests
Collect Results
Check Equivalence
Completed 1000cases
Completed 2000cases
Completed 3000cases
Completed 4000cases
Completed 5000cases
Completed 6000cases
Execution time palignr_xmm_xmm_imm8_22: 40 s
Thread 22 done!: palignr_xmm_xmm_imm8_22
[4m[1m[34mFiring 1.[0m
Thread 23 start: palignr_xmm_xmm_imm8_23
timeout 30m  /home/sdasgup3/Github/strata/stoke/./bin/stoke_check_circuit --strata_path /home/sdasgup3/Github/strata-data/circuits --target concrete_instances/immediate-variants/palignr_xmm_xmm_imm8/instructions/palignr_xmm_xmm_imm8_23/palignr_xmm_xmm_imm8_23.s --functions /home/sdasgup3/Github/strata-data/data-regs/functions --testcases /home/sdasgup3/Github/strata-data/data-regs/testcases.tc --def_in "{ %xmm1 %xmm2 }" --live_out "{ %xmm1 }" --maybe_undef_out "{ }" 
Reading the Testsuit
Preparing Sandbox
Run 6630 tests
Collect Results
Check Equivalence
Completed 1000cases
Completed 2000cases
Completed 3000cases
Completed 4000cases
Completed 5000cases
Completed 6000cases
Execution time palignr_xmm_xmm_imm8_23: 42 s
Thread 23 done!: palignr_xmm_xmm_imm8_23
[4m[1m[34mFiring 1.[0m
Thread 24 start: palignr_xmm_xmm_imm8_25
timeout 30m  /home/sdasgup3/Github/strata/stoke/./bin/stoke_check_circuit --strata_path /home/sdasgup3/Github/strata-data/circuits --target concrete_instances/immediate-variants/palignr_xmm_xmm_imm8/instructions/palignr_xmm_xmm_imm8_25/palignr_xmm_xmm_imm8_25.s --functions /home/sdasgup3/Github/strata-data/data-regs/functions --testcases /home/sdasgup3/Github/strata-data/data-regs/testcases.tc --def_in "{ %xmm1 %xmm2 }" --live_out "{ %xmm1 }" --maybe_undef_out "{ }" 
Reading the Testsuit
Preparing Sandbox
Run 6630 tests
Collect Results
Check Equivalence
Completed 1000cases
Completed 2000cases
Completed 3000cases
Completed 4000cases
Completed 5000cases
Completed 6000cases
Execution time palignr_xmm_xmm_imm8_25: 41 s
Thread 24 done!: palignr_xmm_xmm_imm8_25
[4m[1m[34mFiring 1.[0m
Thread 25 start: palignr_xmm_xmm_imm8_26
timeout 30m  /home/sdasgup3/Github/strata/stoke/./bin/stoke_check_circuit --strata_path /home/sdasgup3/Github/strata-data/circuits --target concrete_instances/immediate-variants/palignr_xmm_xmm_imm8/instructions/palignr_xmm_xmm_imm8_26/palignr_xmm_xmm_imm8_26.s --functions /home/sdasgup3/Github/strata-data/data-regs/functions --testcases /home/sdasgup3/Github/strata-data/data-regs/testcases.tc --def_in "{ %xmm1 %xmm2 }" --live_out "{ %xmm1 }" --maybe_undef_out "{ }" 
Reading the Testsuit
Preparing Sandbox
Run 6630 tests
Collect Results
Check Equivalence
Completed 1000cases
Completed 2000cases
Completed 3000cases
Completed 4000cases
Completed 5000cases
Completed 6000cases
Execution time palignr_xmm_xmm_imm8_26: 42 s
Thread 25 done!: palignr_xmm_xmm_imm8_26
[4m[1m[34mFiring 1.[0m
Thread 26 start: palignr_xmm_xmm_imm8_27
timeout 30m  /home/sdasgup3/Github/strata/stoke/./bin/stoke_check_circuit --strata_path /home/sdasgup3/Github/strata-data/circuits --target concrete_instances/immediate-variants/palignr_xmm_xmm_imm8/instructions/palignr_xmm_xmm_imm8_27/palignr_xmm_xmm_imm8_27.s --functions /home/sdasgup3/Github/strata-data/data-regs/functions --testcases /home/sdasgup3/Github/strata-data/data-regs/testcases.tc --def_in "{ %xmm1 %xmm2 }" --live_out "{ %xmm1 }" --maybe_undef_out "{ }" 
Reading the Testsuit
Preparing Sandbox
Run 6630 tests
Collect Results
Check Equivalence
Completed 1000cases
Completed 2000cases
Completed 3000cases
Completed 4000cases
Completed 5000cases
Completed 6000cases
Execution time palignr_xmm_xmm_imm8_27: 40 s
Thread 26 done!: palignr_xmm_xmm_imm8_27
[4m[1m[34mFiring 1.[0m
Thread 27 start: palignr_xmm_xmm_imm8_29
timeout 30m  /home/sdasgup3/Github/strata/stoke/./bin/stoke_check_circuit --strata_path /home/sdasgup3/Github/strata-data/circuits --target concrete_instances/immediate-variants/palignr_xmm_xmm_imm8/instructions/palignr_xmm_xmm_imm8_29/palignr_xmm_xmm_imm8_29.s --functions /home/sdasgup3/Github/strata-data/data-regs/functions --testcases /home/sdasgup3/Github/strata-data/data-regs/testcases.tc --def_in "{ %xmm1 %xmm2 }" --live_out "{ %xmm1 }" --maybe_undef_out "{ }" 
Reading the Testsuit
Preparing Sandbox
Run 6630 tests
Collect Results
Check Equivalence
Completed 1000cases
Completed 2000cases
Completed 3000cases
Completed 4000cases
Completed 5000cases
Completed 6000cases
Execution time palignr_xmm_xmm_imm8_29: 41 s
Thread 27 done!: palignr_xmm_xmm_imm8_29
