[4m[1m[34mFiring 1.[0m
Thread 1 start: vpextrw_r32_xmm_imm8_142
timeout 30m  /home/sdasgup3/Github/strata/stoke/./bin/stoke_check_circuit --strata_path /home/sdasgup3/Github/strata-data/circuits --target concrete_instances/immediate-variants/vpextrw_r32_xmm_imm8/instructions/vpextrw_r32_xmm_imm8_142/vpextrw_r32_xmm_imm8_142.s --functions /home/sdasgup3/Github/strata-data/data-regs/functions --testcases /home/sdasgup3/Github/strata-data/data-regs/testcases.tc --def_in "{ %xmm1 }" --live_out "{ %rbx }" --maybe_undef_out "{ }" 
Reading the Testsuit
Preparing Sandbox
Run 6630 tests
Collect Results
Check Equivalence
Completed 1000cases
Completed 2000cases
Completed 3000cases
Completed 4000cases
Completed 5000cases
Completed 6000cases
Execution time vpextrw_r32_xmm_imm8_142: 52 s
Thread 1 done!: vpextrw_r32_xmm_imm8_142
[4m[1m[34mFiring 1.[0m
Thread 2 start: vpextrw_r32_xmm_imm8_180
timeout 30m  /home/sdasgup3/Github/strata/stoke/./bin/stoke_check_circuit --strata_path /home/sdasgup3/Github/strata-data/circuits --target concrete_instances/immediate-variants/vpextrw_r32_xmm_imm8/instructions/vpextrw_r32_xmm_imm8_180/vpextrw_r32_xmm_imm8_180.s --functions /home/sdasgup3/Github/strata-data/data-regs/functions --testcases /home/sdasgup3/Github/strata-data/data-regs/testcases.tc --def_in "{ %xmm1 }" --live_out "{ %rbx }" --maybe_undef_out "{ }" 
Reading the Testsuit
Preparing Sandbox
Run 6630 tests
Collect Results
Check Equivalence
Completed 1000cases
Completed 2000cases
Completed 3000cases
Completed 4000cases
Completed 5000cases
Completed 6000cases
Execution time vpextrw_r32_xmm_imm8_180: 47 s
Thread 2 done!: vpextrw_r32_xmm_imm8_180
