[4m[1m[34mFiring Last 5[0m
Thread 3 start: vextractf128_xmm_ymm_imm8_147
timeout 30m  /home/sdasgup3/Github/strata/stoke/./bin/stoke_check_circuit --strata_path /home/sdasgup3/Github/strata-data/circuits --target concrete_instances/immediate-variants/vextractf128_xmm_ymm_imm8/instructions/vextractf128_xmm_ymm_imm8_147/vextractf128_xmm_ymm_imm8_147.s --functions /home/sdasgup3/Github/strata-data/data-regs/functions --testcases /home/sdasgup3/Github/strata-data/data-regs/testcases.tc --def_in "{ %ymm1 }" --live_out "{ %ymm1 }" --maybe_undef_out "{ }" 
Thread 5 start: vextractf128_xmm_ymm_imm8_248
timeout 30m  /home/sdasgup3/Github/strata/stoke/./bin/stoke_check_circuit --strata_path /home/sdasgup3/Github/strata-data/circuits --target concrete_instances/immediate-variants/vextractf128_xmm_ymm_imm8/instructions/vextractf128_xmm_ymm_imm8_248/vextractf128_xmm_ymm_imm8_248.s --functions /home/sdasgup3/Github/strata-data/data-regs/functions --testcases /home/sdasgup3/Github/strata-data/data-regs/testcases.tc --def_in "{ %ymm1 }" --live_out "{ %ymm1 }" --maybe_undef_out "{ }" 
Thread 1 start: vextractf128_xmm_ymm_imm8_2
timeout 30m  /home/sdasgup3/Github/strata/stoke/./bin/stoke_check_circuit --strata_path /home/sdasgup3/Github/strata-data/circuits --target concrete_instances/immediate-variants/vextractf128_xmm_ymm_imm8/instructions/vextractf128_xmm_ymm_imm8_2/vextractf128_xmm_ymm_imm8_2.s --functions /home/sdasgup3/Github/strata-data/data-regs/functions --testcases /home/sdasgup3/Github/strata-data/data-regs/testcases.tc --def_in "{ %ymm1 }" --live_out "{ %ymm1 }" --maybe_undef_out "{ }" 
Thread 4 start: vextractf128_xmm_ymm_imm8_221
timeout 30m  /home/sdasgup3/Github/strata/stoke/./bin/stoke_check_circuit --strata_path /home/sdasgup3/Github/strata-data/circuits --target concrete_instances/immediate-variants/vextractf128_xmm_ymm_imm8/instructions/vextractf128_xmm_ymm_imm8_221/vextractf128_xmm_ymm_imm8_221.s --functions /home/sdasgup3/Github/strata-data/data-regs/functions --testcases /home/sdasgup3/Github/strata-data/data-regs/testcases.tc --def_in "{ %ymm1 }" --live_out "{ %ymm1 }" --maybe_undef_out "{ }" 
Thread 2 start: vextractf128_xmm_ymm_imm8_75
timeout 30m  /home/sdasgup3/Github/strata/stoke/./bin/stoke_check_circuit --strata_path /home/sdasgup3/Github/strata-data/circuits --target concrete_instances/immediate-variants/vextractf128_xmm_ymm_imm8/instructions/vextractf128_xmm_ymm_imm8_75/vextractf128_xmm_ymm_imm8_75.s --functions /home/sdasgup3/Github/strata-data/data-regs/functions --testcases /home/sdasgup3/Github/strata-data/data-regs/testcases.tc --def_in "{ %ymm1 }" --live_out "{ %ymm1 }" --maybe_undef_out "{ }" 
Reading the Testsuit
Preparing Sandbox
Run 6630 tests
Collect Results
Check Equivalence
Completed 1000cases
Reading the Testsuit
Preparing Sandbox
Run 6630 tests
Collect Results
Check Equivalence
Completed 1000cases
Reading the Testsuit
Preparing Sandbox
Run 6630 tests
Collect Results
Check Equivalence
Completed 1000cases
Reading the Testsuit
Preparing Sandbox
Run 6630 tests
Collect Results
Check Equivalence
Completed 1000cases
Reading the Testsuit
Preparing Sandbox
Run 6630 tests
Collect Results
Check Equivalence
Completed 1000cases
Completed 2000cases
Completed 2000cases
Completed 2000cases
Completed 2000cases
Completed 2000cases
Completed 3000cases
Completed 3000cases
Completed 3000cases
Completed 3000cases
Completed 3000cases
Completed 4000cases
Completed 4000cases
Completed 4000cases
Completed 4000cases
Completed 4000cases
Completed 5000cases
Completed 5000cases
Completed 5000cases
Completed 5000cases
Completed 5000cases
Completed 6000cases
Completed 6000cases
Completed 6000cases
Completed 6000cases
Completed 6000cases
Execution time vextractf128_xmm_ymm_imm8_75: 39 s
Thread 2 done!: vextractf128_xmm_ymm_imm8_75
Execution time vextractf128_xmm_ymm_imm8_147: 39 s
Thread 3 done!: vextractf128_xmm_ymm_imm8_147
Execution time vextractf128_xmm_ymm_imm8_248: 40 s
Thread 5 done!: vextractf128_xmm_ymm_imm8_248
Execution time vextractf128_xmm_ymm_imm8_221: 40 s
Thread 4 done!: vextractf128_xmm_ymm_imm8_221
Execution time vextractf128_xmm_ymm_imm8_2: 40 s
Thread 1 done!: vextractf128_xmm_ymm_imm8_2
