/home/sdasgup3/Github/strata/stoke/bin/specgen compare --circuit_dir /home/sdasgup3/Github/strata-data/circuits --opcode pblendw_xmm_xmm_imm8_0 
Equivalent.
/home/sdasgup3/Github/strata/stoke/bin/specgen compare --circuit_dir /home/sdasgup3/Github/strata-data/circuits --opcode pblendw_xmm_xmm_imm8_1 
Equivalent.
/home/sdasgup3/Github/strata/stoke/bin/specgen compare --circuit_dir /home/sdasgup3/Github/strata-data/circuits --opcode pblendw_xmm_xmm_imm8_2 
Equivalent.
/home/sdasgup3/Github/strata/stoke/bin/specgen compare --circuit_dir /home/sdasgup3/Github/strata-data/circuits --opcode pblendw_xmm_xmm_imm8_3 
Equivalent.
/home/sdasgup3/Github/strata/stoke/bin/specgen compare --circuit_dir /home/sdasgup3/Github/strata-data/circuits --opcode pblendw_xmm_xmm_imm8_4 
Equivalent.
/home/sdasgup3/Github/strata/stoke/bin/specgen compare --circuit_dir /home/sdasgup3/Github/strata-data/circuits --opcode pblendw_xmm_xmm_imm8_5 
strata does not support 'pblendw $0x5, %xmm2, %xmm1'.
/home/sdasgup3/Github/strata/stoke/bin/specgen compare --circuit_dir /home/sdasgup3/Github/strata-data/circuits --opcode pblendw_xmm_xmm_imm8_6 
strata does not support 'pblendw $0x6, %xmm2, %xmm1'.
/home/sdasgup3/Github/strata/stoke/bin/specgen compare --circuit_dir /home/sdasgup3/Github/strata-data/circuits --opcode pblendw_xmm_xmm_imm8_7 
strata does not support 'pblendw $0x7, %xmm2, %xmm1'.
/home/sdasgup3/Github/strata/stoke/bin/specgen compare --circuit_dir /home/sdasgup3/Github/strata-data/circuits --opcode pblendw_xmm_xmm_imm8_8 
Equivalent.
/home/sdasgup3/Github/strata/stoke/bin/specgen compare --circuit_dir /home/sdasgup3/Github/strata-data/circuits --opcode pblendw_xmm_xmm_imm8_9 
strata does not support 'pblendw $0x9, %xmm2, %xmm1'.
/home/sdasgup3/Github/strata/stoke/bin/specgen compare --circuit_dir /home/sdasgup3/Github/strata-data/circuits --opcode pblendw_xmm_xmm_imm8_10 
strata does not support 'pblendw $0xa, %xmm2, %xmm1'.
/home/sdasgup3/Github/strata/stoke/bin/specgen compare --circuit_dir /home/sdasgup3/Github/strata-data/circuits --opcode pblendw_xmm_xmm_imm8_11 
strata does not support 'pblendw $0xb, %xmm2, %xmm1'.
/home/sdasgup3/Github/strata/stoke/bin/specgen compare --circuit_dir /home/sdasgup3/Github/strata-data/circuits --opcode pblendw_xmm_xmm_imm8_12 
Equivalent.
/home/sdasgup3/Github/strata/stoke/bin/specgen compare --circuit_dir /home/sdasgup3/Github/strata-data/circuits --opcode pblendw_xmm_xmm_imm8_13 
strata does not support 'pblendw $0xd, %xmm2, %xmm1'.
/home/sdasgup3/Github/strata/stoke/bin/specgen compare --circuit_dir /home/sdasgup3/Github/strata-data/circuits --opcode pblendw_xmm_xmm_imm8_14 
Equivalent.
/home/sdasgup3/Github/strata/stoke/bin/specgen compare --circuit_dir /home/sdasgup3/Github/strata-data/circuits --opcode pblendw_xmm_xmm_imm8_15 
Equivalent.
/home/sdasgup3/Github/strata/stoke/bin/specgen compare --circuit_dir /home/sdasgup3/Github/strata-data/circuits --opcode pblendw_xmm_xmm_imm8_16 
strata does not support 'pblendw $0x10, %xmm2, %xmm1'.
/home/sdasgup3/Github/strata/stoke/bin/specgen compare --circuit_dir /home/sdasgup3/Github/strata-data/circuits --opcode pblendw_xmm_xmm_imm8_17 
Equivalent.
/home/sdasgup3/Github/strata/stoke/bin/specgen compare --circuit_dir /home/sdasgup3/Github/strata-data/circuits --opcode pblendw_xmm_xmm_imm8_18 
strata does not support 'pblendw $0x12, %xmm2, %xmm1'.
/home/sdasgup3/Github/strata/stoke/bin/specgen compare --circuit_dir /home/sdasgup3/Github/strata-data/circuits --opcode pblendw_xmm_xmm_imm8_19 
strata does not support 'pblendw $0x13, %xmm2, %xmm1'.
/home/sdasgup3/Github/strata/stoke/bin/specgen compare --circuit_dir /home/sdasgup3/Github/strata-data/circuits --opcode pblendw_xmm_xmm_imm8_20 
strata does not support 'pblendw $0x14, %xmm2, %xmm1'.
/home/sdasgup3/Github/strata/stoke/bin/specgen compare --circuit_dir /home/sdasgup3/Github/strata-data/circuits --opcode pblendw_xmm_xmm_imm8_21 
strata does not support 'pblendw $0x15, %xmm2, %xmm1'.
/home/sdasgup3/Github/strata/stoke/bin/specgen compare --circuit_dir /home/sdasgup3/Github/strata-data/circuits --opcode pblendw_xmm_xmm_imm8_22 
strata does not support 'pblendw $0x16, %xmm2, %xmm1'.
/home/sdasgup3/Github/strata/stoke/bin/specgen compare --circuit_dir /home/sdasgup3/Github/strata-data/circuits --opcode pblendw_xmm_xmm_imm8_23 
strata does not support 'pblendw $0x17, %xmm2, %xmm1'.
/home/sdasgup3/Github/strata/stoke/bin/specgen compare --circuit_dir /home/sdasgup3/Github/strata-data/circuits --opcode pblendw_xmm_xmm_imm8_24 
strata does not support 'pblendw $0x18, %xmm2, %xmm1'.
/home/sdasgup3/Github/strata/stoke/bin/specgen compare --circuit_dir /home/sdasgup3/Github/strata-data/circuits --opcode pblendw_xmm_xmm_imm8_25 
strata does not support 'pblendw $0x19, %xmm2, %xmm1'.
/home/sdasgup3/Github/strata/stoke/bin/specgen compare --circuit_dir /home/sdasgup3/Github/strata-data/circuits --opcode pblendw_xmm_xmm_imm8_26 
strata does not support 'pblendw $0x1a, %xmm2, %xmm1'.
/home/sdasgup3/Github/strata/stoke/bin/specgen compare --circuit_dir /home/sdasgup3/Github/strata-data/circuits --opcode pblendw_xmm_xmm_imm8_27 
strata does not support 'pblendw $0x1b, %xmm2, %xmm1'.
/home/sdasgup3/Github/strata/stoke/bin/specgen compare --circuit_dir /home/sdasgup3/Github/strata-data/circuits --opcode pblendw_xmm_xmm_imm8_28 
strata does not support 'pblendw $0x1c, %xmm2, %xmm1'.
/home/sdasgup3/Github/strata/stoke/bin/specgen compare --circuit_dir /home/sdasgup3/Github/strata-data/circuits --opcode pblendw_xmm_xmm_imm8_29 
strata does not support 'pblendw $0x1d, %xmm2, %xmm1'.
/home/sdasgup3/Github/strata/stoke/bin/specgen compare --circuit_dir /home/sdasgup3/Github/strata-data/circuits --opcode pblendw_xmm_xmm_imm8_30 
strata does not support 'pblendw $0x1e, %xmm2, %xmm1'.
/home/sdasgup3/Github/strata/stoke/bin/specgen compare --circuit_dir /home/sdasgup3/Github/strata-data/circuits --opcode pblendw_xmm_xmm_imm8_31 
strata does not support 'pblendw $0x1f, %xmm2, %xmm1'.
/home/sdasgup3/Github/strata/stoke/bin/specgen compare --circuit_dir /home/sdasgup3/Github/strata-data/circuits --opcode pblendw_xmm_xmm_imm8_32 
strata does not support 'pblendw $0x20, %xmm2, %xmm1'.
/home/sdasgup3/Github/strata/stoke/bin/specgen compare --circuit_dir /home/sdasgup3/Github/strata-data/circuits --opcode pblendw_xmm_xmm_imm8_33 
strata does not support 'pblendw $0x21, %xmm2, %xmm1'.
/home/sdasgup3/Github/strata/stoke/bin/specgen compare --circuit_dir /home/sdasgup3/Github/strata-data/circuits --opcode pblendw_xmm_xmm_imm8_34 
strata does not support 'pblendw $0x22, %xmm2, %xmm1'.
/home/sdasgup3/Github/strata/stoke/bin/specgen compare --circuit_dir /home/sdasgup3/Github/strata-data/circuits --opcode pblendw_xmm_xmm_imm8_35 
Equivalent.
/home/sdasgup3/Github/strata/stoke/bin/specgen compare --circuit_dir /home/sdasgup3/Github/strata-data/circuits --opcode pblendw_xmm_xmm_imm8_36 
strata does not support 'pblendw $0x24, %xmm2, %xmm1'.
/home/sdasgup3/Github/strata/stoke/bin/specgen compare --circuit_dir /home/sdasgup3/Github/strata-data/circuits --opcode pblendw_xmm_xmm_imm8_37 
strata does not support 'pblendw $0x25, %xmm2, %xmm1'.
/home/sdasgup3/Github/strata/stoke/bin/specgen compare --circuit_dir /home/sdasgup3/Github/strata-data/circuits --opcode pblendw_xmm_xmm_imm8_38 
strata does not support 'pblendw $0x26, %xmm2, %xmm1'.
/home/sdasgup3/Github/strata/stoke/bin/specgen compare --circuit_dir /home/sdasgup3/Github/strata-data/circuits --opcode pblendw_xmm_xmm_imm8_39 
strata does not support 'pblendw $0x27, %xmm2, %xmm1'.
/home/sdasgup3/Github/strata/stoke/bin/specgen compare --circuit_dir /home/sdasgup3/Github/strata-data/circuits --opcode pblendw_xmm_xmm_imm8_40 
strata does not support 'pblendw $0x28, %xmm2, %xmm1'.
/home/sdasgup3/Github/strata/stoke/bin/specgen compare --circuit_dir /home/sdasgup3/Github/strata-data/circuits --opcode pblendw_xmm_xmm_imm8_41 
strata does not support 'pblendw $0x29, %xmm2, %xmm1'.
/home/sdasgup3/Github/strata/stoke/bin/specgen compare --circuit_dir /home/sdasgup3/Github/strata-data/circuits --opcode pblendw_xmm_xmm_imm8_42 
strata does not support 'pblendw $0x2a, %xmm2, %xmm1'.
/home/sdasgup3/Github/strata/stoke/bin/specgen compare --circuit_dir /home/sdasgup3/Github/strata-data/circuits --opcode pblendw_xmm_xmm_imm8_43 
strata does not support 'pblendw $0x2b, %xmm2, %xmm1'.
/home/sdasgup3/Github/strata/stoke/bin/specgen compare --circuit_dir /home/sdasgup3/Github/strata-data/circuits --opcode pblendw_xmm_xmm_imm8_44 
strata does not support 'pblendw $0x2c, %xmm2, %xmm1'.
/home/sdasgup3/Github/strata/stoke/bin/specgen compare --circuit_dir /home/sdasgup3/Github/strata-data/circuits --opcode pblendw_xmm_xmm_imm8_45 
strata does not support 'pblendw $0x2d, %xmm2, %xmm1'.
/home/sdasgup3/Github/strata/stoke/bin/specgen compare --circuit_dir /home/sdasgup3/Github/strata-data/circuits --opcode pblendw_xmm_xmm_imm8_46 
strata does not support 'pblendw $0x2e, %xmm2, %xmm1'.
/home/sdasgup3/Github/strata/stoke/bin/specgen compare --circuit_dir /home/sdasgup3/Github/strata-data/circuits --opcode pblendw_xmm_xmm_imm8_47 
Equivalent.
/home/sdasgup3/Github/strata/stoke/bin/specgen compare --circuit_dir /home/sdasgup3/Github/strata-data/circuits --opcode pblendw_xmm_xmm_imm8_48 
Equivalent.
/home/sdasgup3/Github/strata/stoke/bin/specgen compare --circuit_dir /home/sdasgup3/Github/strata-data/circuits --opcode pblendw_xmm_xmm_imm8_49 
strata does not support 'pblendw $0x31, %xmm2, %xmm1'.
/home/sdasgup3/Github/strata/stoke/bin/specgen compare --circuit_dir /home/sdasgup3/Github/strata-data/circuits --opcode pblendw_xmm_xmm_imm8_50 
strata does not support 'pblendw $0x32, %xmm2, %xmm1'.
/home/sdasgup3/Github/strata/stoke/bin/specgen compare --circuit_dir /home/sdasgup3/Github/strata-data/circuits --opcode pblendw_xmm_xmm_imm8_51 
Equivalent.
/home/sdasgup3/Github/strata/stoke/bin/specgen compare --circuit_dir /home/sdasgup3/Github/strata-data/circuits --opcode pblendw_xmm_xmm_imm8_52 
strata does not support 'pblendw $0x34, %xmm2, %xmm1'.
/home/sdasgup3/Github/strata/stoke/bin/specgen compare --circuit_dir /home/sdasgup3/Github/strata-data/circuits --opcode pblendw_xmm_xmm_imm8_53 
strata does not support 'pblendw $0x35, %xmm2, %xmm1'.
/home/sdasgup3/Github/strata/stoke/bin/specgen compare --circuit_dir /home/sdasgup3/Github/strata-data/circuits --opcode pblendw_xmm_xmm_imm8_54 
strata does not support 'pblendw $0x36, %xmm2, %xmm1'.
/home/sdasgup3/Github/strata/stoke/bin/specgen compare --circuit_dir /home/sdasgup3/Github/strata-data/circuits --opcode pblendw_xmm_xmm_imm8_55 
strata does not support 'pblendw $0x37, %xmm2, %xmm1'.
/home/sdasgup3/Github/strata/stoke/bin/specgen compare --circuit_dir /home/sdasgup3/Github/strata-data/circuits --opcode pblendw_xmm_xmm_imm8_56 
strata does not support 'pblendw $0x38, %xmm2, %xmm1'.
/home/sdasgup3/Github/strata/stoke/bin/specgen compare --circuit_dir /home/sdasgup3/Github/strata-data/circuits --opcode pblendw_xmm_xmm_imm8_57 
strata does not support 'pblendw $0x39, %xmm2, %xmm1'.
/home/sdasgup3/Github/strata/stoke/bin/specgen compare --circuit_dir /home/sdasgup3/Github/strata-data/circuits --opcode pblendw_xmm_xmm_imm8_58 
strata does not support 'pblendw $0x3a, %xmm2, %xmm1'.
/home/sdasgup3/Github/strata/stoke/bin/specgen compare --circuit_dir /home/sdasgup3/Github/strata-data/circuits --opcode pblendw_xmm_xmm_imm8_59 
strata does not support 'pblendw $0x3b, %xmm2, %xmm1'.
/home/sdasgup3/Github/strata/stoke/bin/specgen compare --circuit_dir /home/sdasgup3/Github/strata-data/circuits --opcode pblendw_xmm_xmm_imm8_60 
Equivalent.
/home/sdasgup3/Github/strata/stoke/bin/specgen compare --circuit_dir /home/sdasgup3/Github/strata-data/circuits --opcode pblendw_xmm_xmm_imm8_61 
strata does not support 'pblendw $0x3d, %xmm2, %xmm1'.
/home/sdasgup3/Github/strata/stoke/bin/specgen compare --circuit_dir /home/sdasgup3/Github/strata-data/circuits --opcode pblendw_xmm_xmm_imm8_62 
Equivalent.
/home/sdasgup3/Github/strata/stoke/bin/specgen compare --circuit_dir /home/sdasgup3/Github/strata-data/circuits --opcode pblendw_xmm_xmm_imm8_63 
Equivalent.
/home/sdasgup3/Github/strata/stoke/bin/specgen compare --circuit_dir /home/sdasgup3/Github/strata-data/circuits --opcode pblendw_xmm_xmm_imm8_64 
Equivalent.
/home/sdasgup3/Github/strata/stoke/bin/specgen compare --circuit_dir /home/sdasgup3/Github/strata-data/circuits --opcode pblendw_xmm_xmm_imm8_65 
strata does not support 'pblendw $0x41, %xmm2, %xmm1'.
/home/sdasgup3/Github/strata/stoke/bin/specgen compare --circuit_dir /home/sdasgup3/Github/strata-data/circuits --opcode pblendw_xmm_xmm_imm8_66 
strata does not support 'pblendw $0x42, %xmm2, %xmm1'.
/home/sdasgup3/Github/strata/stoke/bin/specgen compare --circuit_dir /home/sdasgup3/Github/strata-data/circuits --opcode pblendw_xmm_xmm_imm8_67 
Equivalent.
/home/sdasgup3/Github/strata/stoke/bin/specgen compare --circuit_dir /home/sdasgup3/Github/strata-data/circuits --opcode pblendw_xmm_xmm_imm8_68 
strata does not support 'pblendw $0x44, %xmm2, %xmm1'.
/home/sdasgup3/Github/strata/stoke/bin/specgen compare --circuit_dir /home/sdasgup3/Github/strata-data/circuits --opcode pblendw_xmm_xmm_imm8_69 
strata does not support 'pblendw $0x45, %xmm2, %xmm1'.
/home/sdasgup3/Github/strata/stoke/bin/specgen compare --circuit_dir /home/sdasgup3/Github/strata-data/circuits --opcode pblendw_xmm_xmm_imm8_70 
strata does not support 'pblendw $0x46, %xmm2, %xmm1'.
/home/sdasgup3/Github/strata/stoke/bin/specgen compare --circuit_dir /home/sdasgup3/Github/strata-data/circuits --opcode pblendw_xmm_xmm_imm8_71 
strata does not support 'pblendw $0x47, %xmm2, %xmm1'.
/home/sdasgup3/Github/strata/stoke/bin/specgen compare --circuit_dir /home/sdasgup3/Github/strata-data/circuits --opcode pblendw_xmm_xmm_imm8_72 
strata does not support 'pblendw $0x48, %xmm2, %xmm1'.
/home/sdasgup3/Github/strata/stoke/bin/specgen compare --circuit_dir /home/sdasgup3/Github/strata-data/circuits --opcode pblendw_xmm_xmm_imm8_73 
strata does not support 'pblendw $0x49, %xmm2, %xmm1'.
/home/sdasgup3/Github/strata/stoke/bin/specgen compare --circuit_dir /home/sdasgup3/Github/strata-data/circuits --opcode pblendw_xmm_xmm_imm8_74 
strata does not support 'pblendw $0x4a, %xmm2, %xmm1'.
/home/sdasgup3/Github/strata/stoke/bin/specgen compare --circuit_dir /home/sdasgup3/Github/strata-data/circuits --opcode pblendw_xmm_xmm_imm8_75 
strata does not support 'pblendw $0x4b, %xmm2, %xmm1'.
/home/sdasgup3/Github/strata/stoke/bin/specgen compare --circuit_dir /home/sdasgup3/Github/strata-data/circuits --opcode pblendw_xmm_xmm_imm8_76 
strata does not support 'pblendw $0x4c, %xmm2, %xmm1'.
/home/sdasgup3/Github/strata/stoke/bin/specgen compare --circuit_dir /home/sdasgup3/Github/strata-data/circuits --opcode pblendw_xmm_xmm_imm8_77 
strata does not support 'pblendw $0x4d, %xmm2, %xmm1'.
/home/sdasgup3/Github/strata/stoke/bin/specgen compare --circuit_dir /home/sdasgup3/Github/strata-data/circuits --opcode pblendw_xmm_xmm_imm8_78 
strata does not support 'pblendw $0x4e, %xmm2, %xmm1'.
/home/sdasgup3/Github/strata/stoke/bin/specgen compare --circuit_dir /home/sdasgup3/Github/strata-data/circuits --opcode pblendw_xmm_xmm_imm8_79 
Equivalent.
/home/sdasgup3/Github/strata/stoke/bin/specgen compare --circuit_dir /home/sdasgup3/Github/strata-data/circuits --opcode pblendw_xmm_xmm_imm8_80 
strata does not support 'pblendw $0x50, %xmm2, %xmm1'.
/home/sdasgup3/Github/strata/stoke/bin/specgen compare --circuit_dir /home/sdasgup3/Github/strata-data/circuits --opcode pblendw_xmm_xmm_imm8_81 
strata does not support 'pblendw $0x51, %xmm2, %xmm1'.
/home/sdasgup3/Github/strata/stoke/bin/specgen compare --circuit_dir /home/sdasgup3/Github/strata-data/circuits --opcode pblendw_xmm_xmm_imm8_82 
strata does not support 'pblendw $0x52, %xmm2, %xmm1'.
/home/sdasgup3/Github/strata/stoke/bin/specgen compare --circuit_dir /home/sdasgup3/Github/strata-data/circuits --opcode pblendw_xmm_xmm_imm8_83 
strata does not support 'pblendw $0x53, %xmm2, %xmm1'.
/home/sdasgup3/Github/strata/stoke/bin/specgen compare --circuit_dir /home/sdasgup3/Github/strata-data/circuits --opcode pblendw_xmm_xmm_imm8_84 
strata does not support 'pblendw $0x54, %xmm2, %xmm1'.
/home/sdasgup3/Github/strata/stoke/bin/specgen compare --circuit_dir /home/sdasgup3/Github/strata-data/circuits --opcode pblendw_xmm_xmm_imm8_85 
strata does not support 'pblendw $0x55, %xmm2, %xmm1'.
/home/sdasgup3/Github/strata/stoke/bin/specgen compare --circuit_dir /home/sdasgup3/Github/strata-data/circuits --opcode pblendw_xmm_xmm_imm8_86 
strata does not support 'pblendw $0x56, %xmm2, %xmm1'.
/home/sdasgup3/Github/strata/stoke/bin/specgen compare --circuit_dir /home/sdasgup3/Github/strata-data/circuits --opcode pblendw_xmm_xmm_imm8_87 
strata does not support 'pblendw $0x57, %xmm2, %xmm1'.
/home/sdasgup3/Github/strata/stoke/bin/specgen compare --circuit_dir /home/sdasgup3/Github/strata-data/circuits --opcode pblendw_xmm_xmm_imm8_88 
strata does not support 'pblendw $0x58, %xmm2, %xmm1'.
/home/sdasgup3/Github/strata/stoke/bin/specgen compare --circuit_dir /home/sdasgup3/Github/strata-data/circuits --opcode pblendw_xmm_xmm_imm8_89 
strata does not support 'pblendw $0x59, %xmm2, %xmm1'.
/home/sdasgup3/Github/strata/stoke/bin/specgen compare --circuit_dir /home/sdasgup3/Github/strata-data/circuits --opcode pblendw_xmm_xmm_imm8_90 
strata does not support 'pblendw $0x5a, %xmm2, %xmm1'.
/home/sdasgup3/Github/strata/stoke/bin/specgen compare --circuit_dir /home/sdasgup3/Github/strata-data/circuits --opcode pblendw_xmm_xmm_imm8_91 
strata does not support 'pblendw $0x5b, %xmm2, %xmm1'.
/home/sdasgup3/Github/strata/stoke/bin/specgen compare --circuit_dir /home/sdasgup3/Github/strata-data/circuits --opcode pblendw_xmm_xmm_imm8_92 
strata does not support 'pblendw $0x5c, %xmm2, %xmm1'.
/home/sdasgup3/Github/strata/stoke/bin/specgen compare --circuit_dir /home/sdasgup3/Github/strata-data/circuits --opcode pblendw_xmm_xmm_imm8_93 
strata does not support 'pblendw $0x5d, %xmm2, %xmm1'.
/home/sdasgup3/Github/strata/stoke/bin/specgen compare --circuit_dir /home/sdasgup3/Github/strata-data/circuits --opcode pblendw_xmm_xmm_imm8_94 
strata does not support 'pblendw $0x5e, %xmm2, %xmm1'.
/home/sdasgup3/Github/strata/stoke/bin/specgen compare --circuit_dir /home/sdasgup3/Github/strata-data/circuits --opcode pblendw_xmm_xmm_imm8_95 
strata does not support 'pblendw $0x5f, %xmm2, %xmm1'.
/home/sdasgup3/Github/strata/stoke/bin/specgen compare --circuit_dir /home/sdasgup3/Github/strata-data/circuits --opcode pblendw_xmm_xmm_imm8_96 
strata does not support 'pblendw $0x60, %xmm2, %xmm1'.
/home/sdasgup3/Github/strata/stoke/bin/specgen compare --circuit_dir /home/sdasgup3/Github/strata-data/circuits --opcode pblendw_xmm_xmm_imm8_97 
strata does not support 'pblendw $0x61, %xmm2, %xmm1'.
/home/sdasgup3/Github/strata/stoke/bin/specgen compare --circuit_dir /home/sdasgup3/Github/strata-data/circuits --opcode pblendw_xmm_xmm_imm8_98 
strata does not support 'pblendw $0x62, %xmm2, %xmm1'.
/home/sdasgup3/Github/strata/stoke/bin/specgen compare --circuit_dir /home/sdasgup3/Github/strata-data/circuits --opcode pblendw_xmm_xmm_imm8_99 
strata does not support 'pblendw $0x63, %xmm2, %xmm1'.
/home/sdasgup3/Github/strata/stoke/bin/specgen compare --circuit_dir /home/sdasgup3/Github/strata-data/circuits --opcode pblendw_xmm_xmm_imm8_100 
strata does not support 'pblendw $0x64, %xmm2, %xmm1'.
/home/sdasgup3/Github/strata/stoke/bin/specgen compare --circuit_dir /home/sdasgup3/Github/strata-data/circuits --opcode pblendw_xmm_xmm_imm8_101 
strata does not support 'pblendw $0x65, %xmm2, %xmm1'.
/home/sdasgup3/Github/strata/stoke/bin/specgen compare --circuit_dir /home/sdasgup3/Github/strata-data/circuits --opcode pblendw_xmm_xmm_imm8_102 
strata does not support 'pblendw $0x66, %xmm2, %xmm1'.
/home/sdasgup3/Github/strata/stoke/bin/specgen compare --circuit_dir /home/sdasgup3/Github/strata-data/circuits --opcode pblendw_xmm_xmm_imm8_103 
strata does not support 'pblendw $0x67, %xmm2, %xmm1'.
/home/sdasgup3/Github/strata/stoke/bin/specgen compare --circuit_dir /home/sdasgup3/Github/strata-data/circuits --opcode pblendw_xmm_xmm_imm8_104 
strata does not support 'pblendw $0x68, %xmm2, %xmm1'.
/home/sdasgup3/Github/strata/stoke/bin/specgen compare --circuit_dir /home/sdasgup3/Github/strata-data/circuits --opcode pblendw_xmm_xmm_imm8_105 
strata does not support 'pblendw $0x69, %xmm2, %xmm1'.
/home/sdasgup3/Github/strata/stoke/bin/specgen compare --circuit_dir /home/sdasgup3/Github/strata-data/circuits --opcode pblendw_xmm_xmm_imm8_106 
strata does not support 'pblendw $0x6a, %xmm2, %xmm1'.
/home/sdasgup3/Github/strata/stoke/bin/specgen compare --circuit_dir /home/sdasgup3/Github/strata-data/circuits --opcode pblendw_xmm_xmm_imm8_107 
strata does not support 'pblendw $0x6b, %xmm2, %xmm1'.
/home/sdasgup3/Github/strata/stoke/bin/specgen compare --circuit_dir /home/sdasgup3/Github/strata-data/circuits --opcode pblendw_xmm_xmm_imm8_108 
strata does not support 'pblendw $0x6c, %xmm2, %xmm1'.
/home/sdasgup3/Github/strata/stoke/bin/specgen compare --circuit_dir /home/sdasgup3/Github/strata-data/circuits --opcode pblendw_xmm_xmm_imm8_109 
strata does not support 'pblendw $0x6d, %xmm2, %xmm1'.
/home/sdasgup3/Github/strata/stoke/bin/specgen compare --circuit_dir /home/sdasgup3/Github/strata-data/circuits --opcode pblendw_xmm_xmm_imm8_110 
Equivalent.
/home/sdasgup3/Github/strata/stoke/bin/specgen compare --circuit_dir /home/sdasgup3/Github/strata-data/circuits --opcode pblendw_xmm_xmm_imm8_111 
strata does not support 'pblendw $0x6f, %xmm2, %xmm1'.
/home/sdasgup3/Github/strata/stoke/bin/specgen compare --circuit_dir /home/sdasgup3/Github/strata-data/circuits --opcode pblendw_xmm_xmm_imm8_112 
strata does not support 'pblendw $0x70, %xmm2, %xmm1'.
/home/sdasgup3/Github/strata/stoke/bin/specgen compare --circuit_dir /home/sdasgup3/Github/strata-data/circuits --opcode pblendw_xmm_xmm_imm8_113 
strata does not support 'pblendw $0x71, %xmm2, %xmm1'.
/home/sdasgup3/Github/strata/stoke/bin/specgen compare --circuit_dir /home/sdasgup3/Github/strata-data/circuits --opcode pblendw_xmm_xmm_imm8_114 
strata does not support 'pblendw $0x72, %xmm2, %xmm1'.
/home/sdasgup3/Github/strata/stoke/bin/specgen compare --circuit_dir /home/sdasgup3/Github/strata-data/circuits --opcode pblendw_xmm_xmm_imm8_115 
strata does not support 'pblendw $0x73, %xmm2, %xmm1'.
/home/sdasgup3/Github/strata/stoke/bin/specgen compare --circuit_dir /home/sdasgup3/Github/strata-data/circuits --opcode pblendw_xmm_xmm_imm8_116 
strata does not support 'pblendw $0x74, %xmm2, %xmm1'.
/home/sdasgup3/Github/strata/stoke/bin/specgen compare --circuit_dir /home/sdasgup3/Github/strata-data/circuits --opcode pblendw_xmm_xmm_imm8_117 
strata does not support 'pblendw $0x75, %xmm2, %xmm1'.
/home/sdasgup3/Github/strata/stoke/bin/specgen compare --circuit_dir /home/sdasgup3/Github/strata-data/circuits --opcode pblendw_xmm_xmm_imm8_118 
strata does not support 'pblendw $0x76, %xmm2, %xmm1'.
/home/sdasgup3/Github/strata/stoke/bin/specgen compare --circuit_dir /home/sdasgup3/Github/strata-data/circuits --opcode pblendw_xmm_xmm_imm8_119 
strata does not support 'pblendw $0x77, %xmm2, %xmm1'.
/home/sdasgup3/Github/strata/stoke/bin/specgen compare --circuit_dir /home/sdasgup3/Github/strata-data/circuits --opcode pblendw_xmm_xmm_imm8_120 
strata does not support 'pblendw $0x78, %xmm2, %xmm1'.
/home/sdasgup3/Github/strata/stoke/bin/specgen compare --circuit_dir /home/sdasgup3/Github/strata-data/circuits --opcode pblendw_xmm_xmm_imm8_121 
strata does not support 'pblendw $0x79, %xmm2, %xmm1'.
/home/sdasgup3/Github/strata/stoke/bin/specgen compare --circuit_dir /home/sdasgup3/Github/strata-data/circuits --opcode pblendw_xmm_xmm_imm8_122 
strata does not support 'pblendw $0x7a, %xmm2, %xmm1'.
/home/sdasgup3/Github/strata/stoke/bin/specgen compare --circuit_dir /home/sdasgup3/Github/strata-data/circuits --opcode pblendw_xmm_xmm_imm8_123 
strata does not support 'pblendw $0x7b, %xmm2, %xmm1'.
/home/sdasgup3/Github/strata/stoke/bin/specgen compare --circuit_dir /home/sdasgup3/Github/strata-data/circuits --opcode pblendw_xmm_xmm_imm8_124 
strata does not support 'pblendw $0x7c, %xmm2, %xmm1'.
/home/sdasgup3/Github/strata/stoke/bin/specgen compare --circuit_dir /home/sdasgup3/Github/strata-data/circuits --opcode pblendw_xmm_xmm_imm8_125 
strata does not support 'pblendw $0x7d, %xmm2, %xmm1'.
/home/sdasgup3/Github/strata/stoke/bin/specgen compare --circuit_dir /home/sdasgup3/Github/strata-data/circuits --opcode pblendw_xmm_xmm_imm8_126 
strata does not support 'pblendw $0x7e, %xmm2, %xmm1'.
/home/sdasgup3/Github/strata/stoke/bin/specgen compare --circuit_dir /home/sdasgup3/Github/strata-data/circuits --opcode pblendw_xmm_xmm_imm8_127 
Equivalent.
/home/sdasgup3/Github/strata/stoke/bin/specgen compare --circuit_dir /home/sdasgup3/Github/strata-data/circuits --opcode pblendw_xmm_xmm_imm8_128 
strata does not support 'pblendw $0x80, %xmm2, %xmm1'.
/home/sdasgup3/Github/strata/stoke/bin/specgen compare --circuit_dir /home/sdasgup3/Github/strata-data/circuits --opcode pblendw_xmm_xmm_imm8_129 
strata does not support 'pblendw $0x81, %xmm2, %xmm1'.
/home/sdasgup3/Github/strata/stoke/bin/specgen compare --circuit_dir /home/sdasgup3/Github/strata-data/circuits --opcode pblendw_xmm_xmm_imm8_130 
strata does not support 'pblendw $0x82, %xmm2, %xmm1'.
/home/sdasgup3/Github/strata/stoke/bin/specgen compare --circuit_dir /home/sdasgup3/Github/strata-data/circuits --opcode pblendw_xmm_xmm_imm8_131 
strata does not support 'pblendw $0x83, %xmm2, %xmm1'.
/home/sdasgup3/Github/strata/stoke/bin/specgen compare --circuit_dir /home/sdasgup3/Github/strata-data/circuits --opcode pblendw_xmm_xmm_imm8_132 
strata does not support 'pblendw $0x84, %xmm2, %xmm1'.
/home/sdasgup3/Github/strata/stoke/bin/specgen compare --circuit_dir /home/sdasgup3/Github/strata-data/circuits --opcode pblendw_xmm_xmm_imm8_133 
strata does not support 'pblendw $0x85, %xmm2, %xmm1'.
/home/sdasgup3/Github/strata/stoke/bin/specgen compare --circuit_dir /home/sdasgup3/Github/strata-data/circuits --opcode pblendw_xmm_xmm_imm8_134 
strata does not support 'pblendw $0x86, %xmm2, %xmm1'.
/home/sdasgup3/Github/strata/stoke/bin/specgen compare --circuit_dir /home/sdasgup3/Github/strata-data/circuits --opcode pblendw_xmm_xmm_imm8_135 
strata does not support 'pblendw $0x87, %xmm2, %xmm1'.
/home/sdasgup3/Github/strata/stoke/bin/specgen compare --circuit_dir /home/sdasgup3/Github/strata-data/circuits --opcode pblendw_xmm_xmm_imm8_136 
strata does not support 'pblendw $0x88, %xmm2, %xmm1'.
/home/sdasgup3/Github/strata/stoke/bin/specgen compare --circuit_dir /home/sdasgup3/Github/strata-data/circuits --opcode pblendw_xmm_xmm_imm8_137 
strata does not support 'pblendw $0x89, %xmm2, %xmm1'.
/home/sdasgup3/Github/strata/stoke/bin/specgen compare --circuit_dir /home/sdasgup3/Github/strata-data/circuits --opcode pblendw_xmm_xmm_imm8_138 
strata does not support 'pblendw $0x8a, %xmm2, %xmm1'.
/home/sdasgup3/Github/strata/stoke/bin/specgen compare --circuit_dir /home/sdasgup3/Github/strata-data/circuits --opcode pblendw_xmm_xmm_imm8_139 
strata does not support 'pblendw $0x8b, %xmm2, %xmm1'.
/home/sdasgup3/Github/strata/stoke/bin/specgen compare --circuit_dir /home/sdasgup3/Github/strata-data/circuits --opcode pblendw_xmm_xmm_imm8_140 
strata does not support 'pblendw $0x8c, %xmm2, %xmm1'.
/home/sdasgup3/Github/strata/stoke/bin/specgen compare --circuit_dir /home/sdasgup3/Github/strata-data/circuits --opcode pblendw_xmm_xmm_imm8_141 
strata does not support 'pblendw $0x8d, %xmm2, %xmm1'.
/home/sdasgup3/Github/strata/stoke/bin/specgen compare --circuit_dir /home/sdasgup3/Github/strata-data/circuits --opcode pblendw_xmm_xmm_imm8_142 
strata does not support 'pblendw $0x8e, %xmm2, %xmm1'.
/home/sdasgup3/Github/strata/stoke/bin/specgen compare --circuit_dir /home/sdasgup3/Github/strata-data/circuits --opcode pblendw_xmm_xmm_imm8_143 
Equivalent.
/home/sdasgup3/Github/strata/stoke/bin/specgen compare --circuit_dir /home/sdasgup3/Github/strata-data/circuits --opcode pblendw_xmm_xmm_imm8_144 
strata does not support 'pblendw $0x90, %xmm2, %xmm1'.
/home/sdasgup3/Github/strata/stoke/bin/specgen compare --circuit_dir /home/sdasgup3/Github/strata-data/circuits --opcode pblendw_xmm_xmm_imm8_145 
strata does not support 'pblendw $0x91, %xmm2, %xmm1'.
/home/sdasgup3/Github/strata/stoke/bin/specgen compare --circuit_dir /home/sdasgup3/Github/strata-data/circuits --opcode pblendw_xmm_xmm_imm8_146 
strata does not support 'pblendw $0x92, %xmm2, %xmm1'.
/home/sdasgup3/Github/strata/stoke/bin/specgen compare --circuit_dir /home/sdasgup3/Github/strata-data/circuits --opcode pblendw_xmm_xmm_imm8_147 
strata does not support 'pblendw $0x93, %xmm2, %xmm1'.
/home/sdasgup3/Github/strata/stoke/bin/specgen compare --circuit_dir /home/sdasgup3/Github/strata-data/circuits --opcode pblendw_xmm_xmm_imm8_148 
strata does not support 'pblendw $0x94, %xmm2, %xmm1'.
/home/sdasgup3/Github/strata/stoke/bin/specgen compare --circuit_dir /home/sdasgup3/Github/strata-data/circuits --opcode pblendw_xmm_xmm_imm8_149 
strata does not support 'pblendw $0x95, %xmm2, %xmm1'.
/home/sdasgup3/Github/strata/stoke/bin/specgen compare --circuit_dir /home/sdasgup3/Github/strata-data/circuits --opcode pblendw_xmm_xmm_imm8_150 
strata does not support 'pblendw $0x96, %xmm2, %xmm1'.
/home/sdasgup3/Github/strata/stoke/bin/specgen compare --circuit_dir /home/sdasgup3/Github/strata-data/circuits --opcode pblendw_xmm_xmm_imm8_151 
strata does not support 'pblendw $0x97, %xmm2, %xmm1'.
/home/sdasgup3/Github/strata/stoke/bin/specgen compare --circuit_dir /home/sdasgup3/Github/strata-data/circuits --opcode pblendw_xmm_xmm_imm8_152 
strata does not support 'pblendw $0x98, %xmm2, %xmm1'.
/home/sdasgup3/Github/strata/stoke/bin/specgen compare --circuit_dir /home/sdasgup3/Github/strata-data/circuits --opcode pblendw_xmm_xmm_imm8_153 
strata does not support 'pblendw $0x99, %xmm2, %xmm1'.
/home/sdasgup3/Github/strata/stoke/bin/specgen compare --circuit_dir /home/sdasgup3/Github/strata-data/circuits --opcode pblendw_xmm_xmm_imm8_154 
strata does not support 'pblendw $0x9a, %xmm2, %xmm1'.
/home/sdasgup3/Github/strata/stoke/bin/specgen compare --circuit_dir /home/sdasgup3/Github/strata-data/circuits --opcode pblendw_xmm_xmm_imm8_155 
strata does not support 'pblendw $0x9b, %xmm2, %xmm1'.
/home/sdasgup3/Github/strata/stoke/bin/specgen compare --circuit_dir /home/sdasgup3/Github/strata-data/circuits --opcode pblendw_xmm_xmm_imm8_156 
strata does not support 'pblendw $0x9c, %xmm2, %xmm1'.
/home/sdasgup3/Github/strata/stoke/bin/specgen compare --circuit_dir /home/sdasgup3/Github/strata-data/circuits --opcode pblendw_xmm_xmm_imm8_157 
strata does not support 'pblendw $0x9d, %xmm2, %xmm1'.
/home/sdasgup3/Github/strata/stoke/bin/specgen compare --circuit_dir /home/sdasgup3/Github/strata-data/circuits --opcode pblendw_xmm_xmm_imm8_158 
strata does not support 'pblendw $0x9e, %xmm2, %xmm1'.
/home/sdasgup3/Github/strata/stoke/bin/specgen compare --circuit_dir /home/sdasgup3/Github/strata-data/circuits --opcode pblendw_xmm_xmm_imm8_159 
strata does not support 'pblendw $0x9f, %xmm2, %xmm1'.
/home/sdasgup3/Github/strata/stoke/bin/specgen compare --circuit_dir /home/sdasgup3/Github/strata-data/circuits --opcode pblendw_xmm_xmm_imm8_160 
strata does not support 'pblendw $0xa0, %xmm2, %xmm1'.
/home/sdasgup3/Github/strata/stoke/bin/specgen compare --circuit_dir /home/sdasgup3/Github/strata-data/circuits --opcode pblendw_xmm_xmm_imm8_161 
strata does not support 'pblendw $0xa1, %xmm2, %xmm1'.
/home/sdasgup3/Github/strata/stoke/bin/specgen compare --circuit_dir /home/sdasgup3/Github/strata-data/circuits --opcode pblendw_xmm_xmm_imm8_162 
strata does not support 'pblendw $0xa2, %xmm2, %xmm1'.
/home/sdasgup3/Github/strata/stoke/bin/specgen compare --circuit_dir /home/sdasgup3/Github/strata-data/circuits --opcode pblendw_xmm_xmm_imm8_163 
strata does not support 'pblendw $0xa3, %xmm2, %xmm1'.
/home/sdasgup3/Github/strata/stoke/bin/specgen compare --circuit_dir /home/sdasgup3/Github/strata-data/circuits --opcode pblendw_xmm_xmm_imm8_164 
strata does not support 'pblendw $0xa4, %xmm2, %xmm1'.
/home/sdasgup3/Github/strata/stoke/bin/specgen compare --circuit_dir /home/sdasgup3/Github/strata-data/circuits --opcode pblendw_xmm_xmm_imm8_165 
strata does not support 'pblendw $0xa5, %xmm2, %xmm1'.
/home/sdasgup3/Github/strata/stoke/bin/specgen compare --circuit_dir /home/sdasgup3/Github/strata-data/circuits --opcode pblendw_xmm_xmm_imm8_166 
strata does not support 'pblendw $0xa6, %xmm2, %xmm1'.
/home/sdasgup3/Github/strata/stoke/bin/specgen compare --circuit_dir /home/sdasgup3/Github/strata-data/circuits --opcode pblendw_xmm_xmm_imm8_167 
strata does not support 'pblendw $0xa7, %xmm2, %xmm1'.
/home/sdasgup3/Github/strata/stoke/bin/specgen compare --circuit_dir /home/sdasgup3/Github/strata-data/circuits --opcode pblendw_xmm_xmm_imm8_168 
strata does not support 'pblendw $0xa8, %xmm2, %xmm1'.
/home/sdasgup3/Github/strata/stoke/bin/specgen compare --circuit_dir /home/sdasgup3/Github/strata-data/circuits --opcode pblendw_xmm_xmm_imm8_169 
strata does not support 'pblendw $0xa9, %xmm2, %xmm1'.
/home/sdasgup3/Github/strata/stoke/bin/specgen compare --circuit_dir /home/sdasgup3/Github/strata-data/circuits --opcode pblendw_xmm_xmm_imm8_170 
strata does not support 'pblendw $0xaa, %xmm2, %xmm1'.
/home/sdasgup3/Github/strata/stoke/bin/specgen compare --circuit_dir /home/sdasgup3/Github/strata-data/circuits --opcode pblendw_xmm_xmm_imm8_171 
strata does not support 'pblendw $0xab, %xmm2, %xmm1'.
/home/sdasgup3/Github/strata/stoke/bin/specgen compare --circuit_dir /home/sdasgup3/Github/strata-data/circuits --opcode pblendw_xmm_xmm_imm8_172 
strata does not support 'pblendw $0xac, %xmm2, %xmm1'.
/home/sdasgup3/Github/strata/stoke/bin/specgen compare --circuit_dir /home/sdasgup3/Github/strata-data/circuits --opcode pblendw_xmm_xmm_imm8_173 
strata does not support 'pblendw $0xad, %xmm2, %xmm1'.
/home/sdasgup3/Github/strata/stoke/bin/specgen compare --circuit_dir /home/sdasgup3/Github/strata-data/circuits --opcode pblendw_xmm_xmm_imm8_174 
strata does not support 'pblendw $0xae, %xmm2, %xmm1'.
/home/sdasgup3/Github/strata/stoke/bin/specgen compare --circuit_dir /home/sdasgup3/Github/strata-data/circuits --opcode pblendw_xmm_xmm_imm8_175 
strata does not support 'pblendw $0xaf, %xmm2, %xmm1'.
/home/sdasgup3/Github/strata/stoke/bin/specgen compare --circuit_dir /home/sdasgup3/Github/strata-data/circuits --opcode pblendw_xmm_xmm_imm8_176 
strata does not support 'pblendw $0xb0, %xmm2, %xmm1'.
/home/sdasgup3/Github/strata/stoke/bin/specgen compare --circuit_dir /home/sdasgup3/Github/strata-data/circuits --opcode pblendw_xmm_xmm_imm8_177 
strata does not support 'pblendw $0xb1, %xmm2, %xmm1'.
/home/sdasgup3/Github/strata/stoke/bin/specgen compare --circuit_dir /home/sdasgup3/Github/strata-data/circuits --opcode pblendw_xmm_xmm_imm8_178 
strata does not support 'pblendw $0xb2, %xmm2, %xmm1'.
/home/sdasgup3/Github/strata/stoke/bin/specgen compare --circuit_dir /home/sdasgup3/Github/strata-data/circuits --opcode pblendw_xmm_xmm_imm8_179 
strata does not support 'pblendw $0xb3, %xmm2, %xmm1'.
/home/sdasgup3/Github/strata/stoke/bin/specgen compare --circuit_dir /home/sdasgup3/Github/strata-data/circuits --opcode pblendw_xmm_xmm_imm8_180 
strata does not support 'pblendw $0xb4, %xmm2, %xmm1'.
/home/sdasgup3/Github/strata/stoke/bin/specgen compare --circuit_dir /home/sdasgup3/Github/strata-data/circuits --opcode pblendw_xmm_xmm_imm8_181 
strata does not support 'pblendw $0xb5, %xmm2, %xmm1'.
/home/sdasgup3/Github/strata/stoke/bin/specgen compare --circuit_dir /home/sdasgup3/Github/strata-data/circuits --opcode pblendw_xmm_xmm_imm8_182 
strata does not support 'pblendw $0xb6, %xmm2, %xmm1'.
/home/sdasgup3/Github/strata/stoke/bin/specgen compare --circuit_dir /home/sdasgup3/Github/strata-data/circuits --opcode pblendw_xmm_xmm_imm8_183 
strata does not support 'pblendw $0xb7, %xmm2, %xmm1'.
/home/sdasgup3/Github/strata/stoke/bin/specgen compare --circuit_dir /home/sdasgup3/Github/strata-data/circuits --opcode pblendw_xmm_xmm_imm8_184 
strata does not support 'pblendw $0xb8, %xmm2, %xmm1'.
/home/sdasgup3/Github/strata/stoke/bin/specgen compare --circuit_dir /home/sdasgup3/Github/strata-data/circuits --opcode pblendw_xmm_xmm_imm8_185 
strata does not support 'pblendw $0xb9, %xmm2, %xmm1'.
/home/sdasgup3/Github/strata/stoke/bin/specgen compare --circuit_dir /home/sdasgup3/Github/strata-data/circuits --opcode pblendw_xmm_xmm_imm8_186 
strata does not support 'pblendw $0xba, %xmm2, %xmm1'.
/home/sdasgup3/Github/strata/stoke/bin/specgen compare --circuit_dir /home/sdasgup3/Github/strata-data/circuits --opcode pblendw_xmm_xmm_imm8_187 
strata does not support 'pblendw $0xbb, %xmm2, %xmm1'.
/home/sdasgup3/Github/strata/stoke/bin/specgen compare --circuit_dir /home/sdasgup3/Github/strata-data/circuits --opcode pblendw_xmm_xmm_imm8_188 
strata does not support 'pblendw $0xbc, %xmm2, %xmm1'.
/home/sdasgup3/Github/strata/stoke/bin/specgen compare --circuit_dir /home/sdasgup3/Github/strata-data/circuits --opcode pblendw_xmm_xmm_imm8_189 
strata does not support 'pblendw $0xbd, %xmm2, %xmm1'.
/home/sdasgup3/Github/strata/stoke/bin/specgen compare --circuit_dir /home/sdasgup3/Github/strata-data/circuits --opcode pblendw_xmm_xmm_imm8_190 
strata does not support 'pblendw $0xbe, %xmm2, %xmm1'.
/home/sdasgup3/Github/strata/stoke/bin/specgen compare --circuit_dir /home/sdasgup3/Github/strata-data/circuits --opcode pblendw_xmm_xmm_imm8_191 
Equivalent.
/home/sdasgup3/Github/strata/stoke/bin/specgen compare --circuit_dir /home/sdasgup3/Github/strata-data/circuits --opcode pblendw_xmm_xmm_imm8_192 
Equivalent.
/home/sdasgup3/Github/strata/stoke/bin/specgen compare --circuit_dir /home/sdasgup3/Github/strata-data/circuits --opcode pblendw_xmm_xmm_imm8_193 
strata does not support 'pblendw $0xc1, %xmm2, %xmm1'.
/home/sdasgup3/Github/strata/stoke/bin/specgen compare --circuit_dir /home/sdasgup3/Github/strata-data/circuits --opcode pblendw_xmm_xmm_imm8_194 
strata does not support 'pblendw $0xc2, %xmm2, %xmm1'.
/home/sdasgup3/Github/strata/stoke/bin/specgen compare --circuit_dir /home/sdasgup3/Github/strata-data/circuits --opcode pblendw_xmm_xmm_imm8_195 
Equivalent.
/home/sdasgup3/Github/strata/stoke/bin/specgen compare --circuit_dir /home/sdasgup3/Github/strata-data/circuits --opcode pblendw_xmm_xmm_imm8_196 
strata does not support 'pblendw $0xc4, %xmm2, %xmm1'.
/home/sdasgup3/Github/strata/stoke/bin/specgen compare --circuit_dir /home/sdasgup3/Github/strata-data/circuits --opcode pblendw_xmm_xmm_imm8_197 
strata does not support 'pblendw $0xc5, %xmm2, %xmm1'.
/home/sdasgup3/Github/strata/stoke/bin/specgen compare --circuit_dir /home/sdasgup3/Github/strata-data/circuits --opcode pblendw_xmm_xmm_imm8_198 
strata does not support 'pblendw $0xc6, %xmm2, %xmm1'.
/home/sdasgup3/Github/strata/stoke/bin/specgen compare --circuit_dir /home/sdasgup3/Github/strata-data/circuits --opcode pblendw_xmm_xmm_imm8_199 
strata does not support 'pblendw $0xc7, %xmm2, %xmm1'.
/home/sdasgup3/Github/strata/stoke/bin/specgen compare --circuit_dir /home/sdasgup3/Github/strata-data/circuits --opcode pblendw_xmm_xmm_imm8_200 
strata does not support 'pblendw $0xc8, %xmm2, %xmm1'.
/home/sdasgup3/Github/strata/stoke/bin/specgen compare --circuit_dir /home/sdasgup3/Github/strata-data/circuits --opcode pblendw_xmm_xmm_imm8_201 
strata does not support 'pblendw $0xc9, %xmm2, %xmm1'.
/home/sdasgup3/Github/strata/stoke/bin/specgen compare --circuit_dir /home/sdasgup3/Github/strata-data/circuits --opcode pblendw_xmm_xmm_imm8_202 
strata does not support 'pblendw $0xca, %xmm2, %xmm1'.
/home/sdasgup3/Github/strata/stoke/bin/specgen compare --circuit_dir /home/sdasgup3/Github/strata-data/circuits --opcode pblendw_xmm_xmm_imm8_203 
strata does not support 'pblendw $0xcb, %xmm2, %xmm1'.
/home/sdasgup3/Github/strata/stoke/bin/specgen compare --circuit_dir /home/sdasgup3/Github/strata-data/circuits --opcode pblendw_xmm_xmm_imm8_204 
Equivalent.
/home/sdasgup3/Github/strata/stoke/bin/specgen compare --circuit_dir /home/sdasgup3/Github/strata-data/circuits --opcode pblendw_xmm_xmm_imm8_205 
strata does not support 'pblendw $0xcd, %xmm2, %xmm1'.
/home/sdasgup3/Github/strata/stoke/bin/specgen compare --circuit_dir /home/sdasgup3/Github/strata-data/circuits --opcode pblendw_xmm_xmm_imm8_206 
strata does not support 'pblendw $0xce, %xmm2, %xmm1'.
/home/sdasgup3/Github/strata/stoke/bin/specgen compare --circuit_dir /home/sdasgup3/Github/strata-data/circuits --opcode pblendw_xmm_xmm_imm8_207 
Equivalent.
/home/sdasgup3/Github/strata/stoke/bin/specgen compare --circuit_dir /home/sdasgup3/Github/strata-data/circuits --opcode pblendw_xmm_xmm_imm8_208 
strata does not support 'pblendw $0xd0, %xmm2, %xmm1'.
/home/sdasgup3/Github/strata/stoke/bin/specgen compare --circuit_dir /home/sdasgup3/Github/strata-data/circuits --opcode pblendw_xmm_xmm_imm8_209 
strata does not support 'pblendw $0xd1, %xmm2, %xmm1'.
/home/sdasgup3/Github/strata/stoke/bin/specgen compare --circuit_dir /home/sdasgup3/Github/strata-data/circuits --opcode pblendw_xmm_xmm_imm8_210 
strata does not support 'pblendw $0xd2, %xmm2, %xmm1'.
/home/sdasgup3/Github/strata/stoke/bin/specgen compare --circuit_dir /home/sdasgup3/Github/strata-data/circuits --opcode pblendw_xmm_xmm_imm8_211 
Equivalent.
/home/sdasgup3/Github/strata/stoke/bin/specgen compare --circuit_dir /home/sdasgup3/Github/strata-data/circuits --opcode pblendw_xmm_xmm_imm8_212 
strata does not support 'pblendw $0xd4, %xmm2, %xmm1'.
/home/sdasgup3/Github/strata/stoke/bin/specgen compare --circuit_dir /home/sdasgup3/Github/strata-data/circuits --opcode pblendw_xmm_xmm_imm8_213 
strata does not support 'pblendw $0xd5, %xmm2, %xmm1'.
/home/sdasgup3/Github/strata/stoke/bin/specgen compare --circuit_dir /home/sdasgup3/Github/strata-data/circuits --opcode pblendw_xmm_xmm_imm8_214 
strata does not support 'pblendw $0xd6, %xmm2, %xmm1'.
/home/sdasgup3/Github/strata/stoke/bin/specgen compare --circuit_dir /home/sdasgup3/Github/strata-data/circuits --opcode pblendw_xmm_xmm_imm8_215 
strata does not support 'pblendw $0xd7, %xmm2, %xmm1'.
/home/sdasgup3/Github/strata/stoke/bin/specgen compare --circuit_dir /home/sdasgup3/Github/strata-data/circuits --opcode pblendw_xmm_xmm_imm8_216 
strata does not support 'pblendw $0xd8, %xmm2, %xmm1'.
/home/sdasgup3/Github/strata/stoke/bin/specgen compare --circuit_dir /home/sdasgup3/Github/strata-data/circuits --opcode pblendw_xmm_xmm_imm8_217 
strata does not support 'pblendw $0xd9, %xmm2, %xmm1'.
/home/sdasgup3/Github/strata/stoke/bin/specgen compare --circuit_dir /home/sdasgup3/Github/strata-data/circuits --opcode pblendw_xmm_xmm_imm8_218 
strata does not support 'pblendw $0xda, %xmm2, %xmm1'.
/home/sdasgup3/Github/strata/stoke/bin/specgen compare --circuit_dir /home/sdasgup3/Github/strata-data/circuits --opcode pblendw_xmm_xmm_imm8_219 
strata does not support 'pblendw $0xdb, %xmm2, %xmm1'.
/home/sdasgup3/Github/strata/stoke/bin/specgen compare --circuit_dir /home/sdasgup3/Github/strata-data/circuits --opcode pblendw_xmm_xmm_imm8_220 
Equivalent.
/home/sdasgup3/Github/strata/stoke/bin/specgen compare --circuit_dir /home/sdasgup3/Github/strata-data/circuits --opcode pblendw_xmm_xmm_imm8_221 
strata does not support 'pblendw $0xdd, %xmm2, %xmm1'.
/home/sdasgup3/Github/strata/stoke/bin/specgen compare --circuit_dir /home/sdasgup3/Github/strata-data/circuits --opcode pblendw_xmm_xmm_imm8_222 
strata does not support 'pblendw $0xde, %xmm2, %xmm1'.
/home/sdasgup3/Github/strata/stoke/bin/specgen compare --circuit_dir /home/sdasgup3/Github/strata-data/circuits --opcode pblendw_xmm_xmm_imm8_223 
Equivalent.
/home/sdasgup3/Github/strata/stoke/bin/specgen compare --circuit_dir /home/sdasgup3/Github/strata-data/circuits --opcode pblendw_xmm_xmm_imm8_224 
strata does not support 'pblendw $0xe0, %xmm2, %xmm1'.
/home/sdasgup3/Github/strata/stoke/bin/specgen compare --circuit_dir /home/sdasgup3/Github/strata-data/circuits --opcode pblendw_xmm_xmm_imm8_225 
strata does not support 'pblendw $0xe1, %xmm2, %xmm1'.
/home/sdasgup3/Github/strata/stoke/bin/specgen compare --circuit_dir /home/sdasgup3/Github/strata-data/circuits --opcode pblendw_xmm_xmm_imm8_226 
strata does not support 'pblendw $0xe2, %xmm2, %xmm1'.
/home/sdasgup3/Github/strata/stoke/bin/specgen compare --circuit_dir /home/sdasgup3/Github/strata-data/circuits --opcode pblendw_xmm_xmm_imm8_227 
strata does not support 'pblendw $0xe3, %xmm2, %xmm1'.
/home/sdasgup3/Github/strata/stoke/bin/specgen compare --circuit_dir /home/sdasgup3/Github/strata-data/circuits --opcode pblendw_xmm_xmm_imm8_228 
strata does not support 'pblendw $0xe4, %xmm2, %xmm1'.
/home/sdasgup3/Github/strata/stoke/bin/specgen compare --circuit_dir /home/sdasgup3/Github/strata-data/circuits --opcode pblendw_xmm_xmm_imm8_229 
strata does not support 'pblendw $0xe5, %xmm2, %xmm1'.
/home/sdasgup3/Github/strata/stoke/bin/specgen compare --circuit_dir /home/sdasgup3/Github/strata-data/circuits --opcode pblendw_xmm_xmm_imm8_230 
strata does not support 'pblendw $0xe6, %xmm2, %xmm1'.
/home/sdasgup3/Github/strata/stoke/bin/specgen compare --circuit_dir /home/sdasgup3/Github/strata-data/circuits --opcode pblendw_xmm_xmm_imm8_231 
strata does not support 'pblendw $0xe7, %xmm2, %xmm1'.
/home/sdasgup3/Github/strata/stoke/bin/specgen compare --circuit_dir /home/sdasgup3/Github/strata-data/circuits --opcode pblendw_xmm_xmm_imm8_232 
strata does not support 'pblendw $0xe8, %xmm2, %xmm1'.
/home/sdasgup3/Github/strata/stoke/bin/specgen compare --circuit_dir /home/sdasgup3/Github/strata-data/circuits --opcode pblendw_xmm_xmm_imm8_233 
strata does not support 'pblendw $0xe9, %xmm2, %xmm1'.
/home/sdasgup3/Github/strata/stoke/bin/specgen compare --circuit_dir /home/sdasgup3/Github/strata-data/circuits --opcode pblendw_xmm_xmm_imm8_234 
strata does not support 'pblendw $0xea, %xmm2, %xmm1'.
/home/sdasgup3/Github/strata/stoke/bin/specgen compare --circuit_dir /home/sdasgup3/Github/strata-data/circuits --opcode pblendw_xmm_xmm_imm8_235 
strata does not support 'pblendw $0xeb, %xmm2, %xmm1'.
/home/sdasgup3/Github/strata/stoke/bin/specgen compare --circuit_dir /home/sdasgup3/Github/strata-data/circuits --opcode pblendw_xmm_xmm_imm8_236 
Circuit for 'pblendw $0xec, %xmm2, %xmm1' (opcode pblendw_xmm_xmm_imm8_236)
  not equivalent for '%xmm1':
    strata:        %ymm2[127:80] ∘ %ymm1[79:72] ∘ %ymm1[71:64] ∘ (%ymm2[63:32] ∘ vfmsub132_double(0x0₃₂ ∘ %ymm2[31:0], vfnmsub132_double(0x0₆₄, %ymm1[63:0], 0x0₆₄), 0x0₃₂ ∘ %ymm2[31:0])[31:0])
    hand-written:  %ymm2[127:112] ∘ (%ymm2[111:96] ∘ (%ymm2[95:80] ∘ (%ymm1[79:64] ∘ (%ymm2[63:48] ∘ (%ymm2[47:32] ∘ %ymm1[31:0])))))


/home/sdasgup3/Github/strata/stoke/bin/specgen compare --circuit_dir /home/sdasgup3/Github/strata-data/circuits --opcode pblendw_xmm_xmm_imm8_237 
Equivalent.
/home/sdasgup3/Github/strata/stoke/bin/specgen compare --circuit_dir /home/sdasgup3/Github/strata-data/circuits --opcode pblendw_xmm_xmm_imm8_238 
Equivalent.
/home/sdasgup3/Github/strata/stoke/bin/specgen compare --circuit_dir /home/sdasgup3/Github/strata-data/circuits --opcode pblendw_xmm_xmm_imm8_239 
Equivalent.
/home/sdasgup3/Github/strata/stoke/bin/specgen compare --circuit_dir /home/sdasgup3/Github/strata-data/circuits --opcode pblendw_xmm_xmm_imm8_240 
Equivalent.
/home/sdasgup3/Github/strata/stoke/bin/specgen compare --circuit_dir /home/sdasgup3/Github/strata-data/circuits --opcode pblendw_xmm_xmm_imm8_241 
Equivalent.
/home/sdasgup3/Github/strata/stoke/bin/specgen compare --circuit_dir /home/sdasgup3/Github/strata-data/circuits --opcode pblendw_xmm_xmm_imm8_242 
Equivalent.
/home/sdasgup3/Github/strata/stoke/bin/specgen compare --circuit_dir /home/sdasgup3/Github/strata-data/circuits --opcode pblendw_xmm_xmm_imm8_243 
Equivalent.
/home/sdasgup3/Github/strata/stoke/bin/specgen compare --circuit_dir /home/sdasgup3/Github/strata-data/circuits --opcode pblendw_xmm_xmm_imm8_244 
Equivalent.
/home/sdasgup3/Github/strata/stoke/bin/specgen compare --circuit_dir /home/sdasgup3/Github/strata-data/circuits --opcode pblendw_xmm_xmm_imm8_245 
strata does not support 'pblendw $0xf5, %xmm2, %xmm1'.
/home/sdasgup3/Github/strata/stoke/bin/specgen compare --circuit_dir /home/sdasgup3/Github/strata-data/circuits --opcode pblendw_xmm_xmm_imm8_246 
strata does not support 'pblendw $0xf6, %xmm2, %xmm1'.
/home/sdasgup3/Github/strata/stoke/bin/specgen compare --circuit_dir /home/sdasgup3/Github/strata-data/circuits --opcode pblendw_xmm_xmm_imm8_247 
strata does not support 'pblendw $0xf7, %xmm2, %xmm1'.
/home/sdasgup3/Github/strata/stoke/bin/specgen compare --circuit_dir /home/sdasgup3/Github/strata-data/circuits --opcode pblendw_xmm_xmm_imm8_248 
strata does not support 'pblendw $0xf8, %xmm2, %xmm1'.
/home/sdasgup3/Github/strata/stoke/bin/specgen compare --circuit_dir /home/sdasgup3/Github/strata-data/circuits --opcode pblendw_xmm_xmm_imm8_249 
strata does not support 'pblendw $0xf9, %xmm2, %xmm1'.
/home/sdasgup3/Github/strata/stoke/bin/specgen compare --circuit_dir /home/sdasgup3/Github/strata-data/circuits --opcode pblendw_xmm_xmm_imm8_250 
strata does not support 'pblendw $0xfa, %xmm2, %xmm1'.
/home/sdasgup3/Github/strata/stoke/bin/specgen compare --circuit_dir /home/sdasgup3/Github/strata-data/circuits --opcode pblendw_xmm_xmm_imm8_251 
Equivalent.
/home/sdasgup3/Github/strata/stoke/bin/specgen compare --circuit_dir /home/sdasgup3/Github/strata-data/circuits --opcode pblendw_xmm_xmm_imm8_252 
Equivalent.
/home/sdasgup3/Github/strata/stoke/bin/specgen compare --circuit_dir /home/sdasgup3/Github/strata-data/circuits --opcode pblendw_xmm_xmm_imm8_253 
Equivalent.
/home/sdasgup3/Github/strata/stoke/bin/specgen compare --circuit_dir /home/sdasgup3/Github/strata-data/circuits --opcode pblendw_xmm_xmm_imm8_254 
Equivalent.
/home/sdasgup3/Github/strata/stoke/bin/specgen compare --circuit_dir /home/sdasgup3/Github/strata-data/circuits --opcode pblendw_xmm_xmm_imm8_255 
Equivalent.
