[4m[1m[34mFiring 1.[0m
Thread 1 start: pextrw_r32_xmm_imm8_10
timeout 30m  /home/sdasgup3/Github/strata/stoke/./bin/stoke_check_circuit --strata_path /home/sdasgup3/Github/strata-data/circuits --target concrete_instances/immediate-variants/pextrw_r32_xmm_imm8/instructions/pextrw_r32_xmm_imm8_10/pextrw_r32_xmm_imm8_10.s --functions /home/sdasgup3/Github/strata-data/data-regs/functions --testcases /home/sdasgup3/Github/strata-data/data-regs/testcases.tc --def_in "{ %xmm1 }" --live_out "{ %rbx }" --maybe_undef_out "{ }" 
Reading the Testsuit
Preparing Sandbox
Run 6630 tests
Collect Results
Check Equivalence
Completed 1000cases
Completed 2000cases
Completed 3000cases
Completed 4000cases
Completed 5000cases
Completed 6000cases
Execution time pextrw_r32_xmm_imm8_10: 53 s
Thread 1 done!: pextrw_r32_xmm_imm8_10
[4m[1m[34mFiring 1.[0m
Thread 2 start: pextrw_r32_xmm_imm8_140
timeout 30m  /home/sdasgup3/Github/strata/stoke/./bin/stoke_check_circuit --strata_path /home/sdasgup3/Github/strata-data/circuits --target concrete_instances/immediate-variants/pextrw_r32_xmm_imm8/instructions/pextrw_r32_xmm_imm8_140/pextrw_r32_xmm_imm8_140.s --functions /home/sdasgup3/Github/strata-data/data-regs/functions --testcases /home/sdasgup3/Github/strata-data/data-regs/testcases.tc --def_in "{ %xmm1 }" --live_out "{ %rbx }" --maybe_undef_out "{ }" 
Reading the Testsuit
Preparing Sandbox
Run 6630 tests
Collect Results
Check Equivalence
Completed 1000cases
Completed 2000cases
Completed 3000cases
Completed 4000cases
Completed 5000cases
Completed 6000cases
Execution time pextrw_r32_xmm_imm8_140: 48 s
Thread 2 done!: pextrw_r32_xmm_imm8_140
