/home/sdasgup3/Github/strata/stoke/bin/specgen compare --circuit_dir /home/sdasgup3/Github/strata-data/circuits --opcode vpermilps_ymm_ymm_imm8_0 
Equivalent.
/home/sdasgup3/Github/strata/stoke/bin/specgen compare --circuit_dir /home/sdasgup3/Github/strata-data/circuits --opcode vpermilps_ymm_ymm_imm8_1 
Equivalent.
/home/sdasgup3/Github/strata/stoke/bin/specgen compare --circuit_dir /home/sdasgup3/Github/strata-data/circuits --opcode vpermilps_ymm_ymm_imm8_2 
strata does not support 'vpermilps $0x2, %ymm2, %ymm1'.
/home/sdasgup3/Github/strata/stoke/bin/specgen compare --circuit_dir /home/sdasgup3/Github/strata-data/circuits --opcode vpermilps_ymm_ymm_imm8_3 
strata does not support 'vpermilps $0x3, %ymm2, %ymm1'.
/home/sdasgup3/Github/strata/stoke/bin/specgen compare --circuit_dir /home/sdasgup3/Github/strata-data/circuits --opcode vpermilps_ymm_ymm_imm8_4 
strata does not support 'vpermilps $0x4, %ymm2, %ymm1'.
/home/sdasgup3/Github/strata/stoke/bin/specgen compare --circuit_dir /home/sdasgup3/Github/strata-data/circuits --opcode vpermilps_ymm_ymm_imm8_5 
Equivalent.
/home/sdasgup3/Github/strata/stoke/bin/specgen compare --circuit_dir /home/sdasgup3/Github/strata-data/circuits --opcode vpermilps_ymm_ymm_imm8_6 
strata does not support 'vpermilps $0x6, %ymm2, %ymm1'.
/home/sdasgup3/Github/strata/stoke/bin/specgen compare --circuit_dir /home/sdasgup3/Github/strata-data/circuits --opcode vpermilps_ymm_ymm_imm8_7 
strata does not support 'vpermilps $0x7, %ymm2, %ymm1'.
/home/sdasgup3/Github/strata/stoke/bin/specgen compare --circuit_dir /home/sdasgup3/Github/strata-data/circuits --opcode vpermilps_ymm_ymm_imm8_8 
strata does not support 'vpermilps $0x8, %ymm2, %ymm1'.
/home/sdasgup3/Github/strata/stoke/bin/specgen compare --circuit_dir /home/sdasgup3/Github/strata-data/circuits --opcode vpermilps_ymm_ymm_imm8_9 
Equivalent.
/home/sdasgup3/Github/strata/stoke/bin/specgen compare --circuit_dir /home/sdasgup3/Github/strata-data/circuits --opcode vpermilps_ymm_ymm_imm8_10 
Equivalent.
/home/sdasgup3/Github/strata/stoke/bin/specgen compare --circuit_dir /home/sdasgup3/Github/strata-data/circuits --opcode vpermilps_ymm_ymm_imm8_11 
strata does not support 'vpermilps $0xb, %ymm2, %ymm1'.
/home/sdasgup3/Github/strata/stoke/bin/specgen compare --circuit_dir /home/sdasgup3/Github/strata-data/circuits --opcode vpermilps_ymm_ymm_imm8_12 
strata does not support 'vpermilps $0xc, %ymm2, %ymm1'.
/home/sdasgup3/Github/strata/stoke/bin/specgen compare --circuit_dir /home/sdasgup3/Github/strata-data/circuits --opcode vpermilps_ymm_ymm_imm8_13 
strata does not support 'vpermilps $0xd, %ymm2, %ymm1'.
/home/sdasgup3/Github/strata/stoke/bin/specgen compare --circuit_dir /home/sdasgup3/Github/strata-data/circuits --opcode vpermilps_ymm_ymm_imm8_14 
Equivalent.
/home/sdasgup3/Github/strata/stoke/bin/specgen compare --circuit_dir /home/sdasgup3/Github/strata-data/circuits --opcode vpermilps_ymm_ymm_imm8_15 
Equivalent.
/home/sdasgup3/Github/strata/stoke/bin/specgen compare --circuit_dir /home/sdasgup3/Github/strata-data/circuits --opcode vpermilps_ymm_ymm_imm8_16 
strata does not support 'vpermilps $0x10, %ymm2, %ymm1'.
/home/sdasgup3/Github/strata/stoke/bin/specgen compare --circuit_dir /home/sdasgup3/Github/strata-data/circuits --opcode vpermilps_ymm_ymm_imm8_17 
Equivalent.
/home/sdasgup3/Github/strata/stoke/bin/specgen compare --circuit_dir /home/sdasgup3/Github/strata-data/circuits --opcode vpermilps_ymm_ymm_imm8_18 
strata does not support 'vpermilps $0x12, %ymm2, %ymm1'.
/home/sdasgup3/Github/strata/stoke/bin/specgen compare --circuit_dir /home/sdasgup3/Github/strata-data/circuits --opcode vpermilps_ymm_ymm_imm8_19 
Equivalent.
/home/sdasgup3/Github/strata/stoke/bin/specgen compare --circuit_dir /home/sdasgup3/Github/strata-data/circuits --opcode vpermilps_ymm_ymm_imm8_20 
strata does not support 'vpermilps $0x14, %ymm2, %ymm1'.
/home/sdasgup3/Github/strata/stoke/bin/specgen compare --circuit_dir /home/sdasgup3/Github/strata-data/circuits --opcode vpermilps_ymm_ymm_imm8_21 
strata does not support 'vpermilps $0x15, %ymm2, %ymm1'.
/home/sdasgup3/Github/strata/stoke/bin/specgen compare --circuit_dir /home/sdasgup3/Github/strata-data/circuits --opcode vpermilps_ymm_ymm_imm8_22 
strata does not support 'vpermilps $0x16, %ymm2, %ymm1'.
/home/sdasgup3/Github/strata/stoke/bin/specgen compare --circuit_dir /home/sdasgup3/Github/strata-data/circuits --opcode vpermilps_ymm_ymm_imm8_23 
strata does not support 'vpermilps $0x17, %ymm2, %ymm1'.
/home/sdasgup3/Github/strata/stoke/bin/specgen compare --circuit_dir /home/sdasgup3/Github/strata-data/circuits --opcode vpermilps_ymm_ymm_imm8_24 
strata does not support 'vpermilps $0x18, %ymm2, %ymm1'.
/home/sdasgup3/Github/strata/stoke/bin/specgen compare --circuit_dir /home/sdasgup3/Github/strata-data/circuits --opcode vpermilps_ymm_ymm_imm8_25 
strata does not support 'vpermilps $0x19, %ymm2, %ymm1'.
/home/sdasgup3/Github/strata/stoke/bin/specgen compare --circuit_dir /home/sdasgup3/Github/strata-data/circuits --opcode vpermilps_ymm_ymm_imm8_26 
strata does not support 'vpermilps $0x1a, %ymm2, %ymm1'.
/home/sdasgup3/Github/strata/stoke/bin/specgen compare --circuit_dir /home/sdasgup3/Github/strata-data/circuits --opcode vpermilps_ymm_ymm_imm8_27 
strata does not support 'vpermilps $0x1b, %ymm2, %ymm1'.
/home/sdasgup3/Github/strata/stoke/bin/specgen compare --circuit_dir /home/sdasgup3/Github/strata-data/circuits --opcode vpermilps_ymm_ymm_imm8_28 
strata does not support 'vpermilps $0x1c, %ymm2, %ymm1'.
/home/sdasgup3/Github/strata/stoke/bin/specgen compare --circuit_dir /home/sdasgup3/Github/strata-data/circuits --opcode vpermilps_ymm_ymm_imm8_29 
strata does not support 'vpermilps $0x1d, %ymm2, %ymm1'.
/home/sdasgup3/Github/strata/stoke/bin/specgen compare --circuit_dir /home/sdasgup3/Github/strata-data/circuits --opcode vpermilps_ymm_ymm_imm8_30 
Equivalent.
/home/sdasgup3/Github/strata/stoke/bin/specgen compare --circuit_dir /home/sdasgup3/Github/strata-data/circuits --opcode vpermilps_ymm_ymm_imm8_31 
strata does not support 'vpermilps $0x1f, %ymm2, %ymm1'.
/home/sdasgup3/Github/strata/stoke/bin/specgen compare --circuit_dir /home/sdasgup3/Github/strata-data/circuits --opcode vpermilps_ymm_ymm_imm8_32 
strata does not support 'vpermilps $0x20, %ymm2, %ymm1'.
/home/sdasgup3/Github/strata/stoke/bin/specgen compare --circuit_dir /home/sdasgup3/Github/strata-data/circuits --opcode vpermilps_ymm_ymm_imm8_33 
strata does not support 'vpermilps $0x21, %ymm2, %ymm1'.
/home/sdasgup3/Github/strata/stoke/bin/specgen compare --circuit_dir /home/sdasgup3/Github/strata-data/circuits --opcode vpermilps_ymm_ymm_imm8_34 
Equivalent.
/home/sdasgup3/Github/strata/stoke/bin/specgen compare --circuit_dir /home/sdasgup3/Github/strata-data/circuits --opcode vpermilps_ymm_ymm_imm8_35 
strata does not support 'vpermilps $0x23, %ymm2, %ymm1'.
/home/sdasgup3/Github/strata/stoke/bin/specgen compare --circuit_dir /home/sdasgup3/Github/strata-data/circuits --opcode vpermilps_ymm_ymm_imm8_36 
strata does not support 'vpermilps $0x24, %ymm2, %ymm1'.
/home/sdasgup3/Github/strata/stoke/bin/specgen compare --circuit_dir /home/sdasgup3/Github/strata-data/circuits --opcode vpermilps_ymm_ymm_imm8_37 
strata does not support 'vpermilps $0x25, %ymm2, %ymm1'.
/home/sdasgup3/Github/strata/stoke/bin/specgen compare --circuit_dir /home/sdasgup3/Github/strata-data/circuits --opcode vpermilps_ymm_ymm_imm8_38 
Equivalent.
/home/sdasgup3/Github/strata/stoke/bin/specgen compare --circuit_dir /home/sdasgup3/Github/strata-data/circuits --opcode vpermilps_ymm_ymm_imm8_39 
Equivalent.
/home/sdasgup3/Github/strata/stoke/bin/specgen compare --circuit_dir /home/sdasgup3/Github/strata-data/circuits --opcode vpermilps_ymm_ymm_imm8_40 
strata does not support 'vpermilps $0x28, %ymm2, %ymm1'.
/home/sdasgup3/Github/strata/stoke/bin/specgen compare --circuit_dir /home/sdasgup3/Github/strata-data/circuits --opcode vpermilps_ymm_ymm_imm8_41 
strata does not support 'vpermilps $0x29, %ymm2, %ymm1'.
/home/sdasgup3/Github/strata/stoke/bin/specgen compare --circuit_dir /home/sdasgup3/Github/strata-data/circuits --opcode vpermilps_ymm_ymm_imm8_42 
strata does not support 'vpermilps $0x2a, %ymm2, %ymm1'.
/home/sdasgup3/Github/strata/stoke/bin/specgen compare --circuit_dir /home/sdasgup3/Github/strata-data/circuits --opcode vpermilps_ymm_ymm_imm8_43 
strata does not support 'vpermilps $0x2b, %ymm2, %ymm1'.
/home/sdasgup3/Github/strata/stoke/bin/specgen compare --circuit_dir /home/sdasgup3/Github/strata-data/circuits --opcode vpermilps_ymm_ymm_imm8_44 
strata does not support 'vpermilps $0x2c, %ymm2, %ymm1'.
/home/sdasgup3/Github/strata/stoke/bin/specgen compare --circuit_dir /home/sdasgup3/Github/strata-data/circuits --opcode vpermilps_ymm_ymm_imm8_45 
strata does not support 'vpermilps $0x2d, %ymm2, %ymm1'.
/home/sdasgup3/Github/strata/stoke/bin/specgen compare --circuit_dir /home/sdasgup3/Github/strata-data/circuits --opcode vpermilps_ymm_ymm_imm8_46 
strata does not support 'vpermilps $0x2e, %ymm2, %ymm1'.
/home/sdasgup3/Github/strata/stoke/bin/specgen compare --circuit_dir /home/sdasgup3/Github/strata-data/circuits --opcode vpermilps_ymm_ymm_imm8_47 
strata does not support 'vpermilps $0x2f, %ymm2, %ymm1'.
/home/sdasgup3/Github/strata/stoke/bin/specgen compare --circuit_dir /home/sdasgup3/Github/strata-data/circuits --opcode vpermilps_ymm_ymm_imm8_48 
strata does not support 'vpermilps $0x30, %ymm2, %ymm1'.
/home/sdasgup3/Github/strata/stoke/bin/specgen compare --circuit_dir /home/sdasgup3/Github/strata-data/circuits --opcode vpermilps_ymm_ymm_imm8_49 
strata does not support 'vpermilps $0x31, %ymm2, %ymm1'.
/home/sdasgup3/Github/strata/stoke/bin/specgen compare --circuit_dir /home/sdasgup3/Github/strata-data/circuits --opcode vpermilps_ymm_ymm_imm8_50 
Equivalent.
/home/sdasgup3/Github/strata/stoke/bin/specgen compare --circuit_dir /home/sdasgup3/Github/strata-data/circuits --opcode vpermilps_ymm_ymm_imm8_51 
Equivalent.
/home/sdasgup3/Github/strata/stoke/bin/specgen compare --circuit_dir /home/sdasgup3/Github/strata-data/circuits --opcode vpermilps_ymm_ymm_imm8_52 
strata does not support 'vpermilps $0x34, %ymm2, %ymm1'.
/home/sdasgup3/Github/strata/stoke/bin/specgen compare --circuit_dir /home/sdasgup3/Github/strata-data/circuits --opcode vpermilps_ymm_ymm_imm8_53 
strata does not support 'vpermilps $0x35, %ymm2, %ymm1'.
/home/sdasgup3/Github/strata/stoke/bin/specgen compare --circuit_dir /home/sdasgup3/Github/strata-data/circuits --opcode vpermilps_ymm_ymm_imm8_54 
strata does not support 'vpermilps $0x36, %ymm2, %ymm1'.
/home/sdasgup3/Github/strata/stoke/bin/specgen compare --circuit_dir /home/sdasgup3/Github/strata-data/circuits --opcode vpermilps_ymm_ymm_imm8_55 
Equivalent.
/home/sdasgup3/Github/strata/stoke/bin/specgen compare --circuit_dir /home/sdasgup3/Github/strata-data/circuits --opcode vpermilps_ymm_ymm_imm8_56 
strata does not support 'vpermilps $0x38, %ymm2, %ymm1'.
/home/sdasgup3/Github/strata/stoke/bin/specgen compare --circuit_dir /home/sdasgup3/Github/strata-data/circuits --opcode vpermilps_ymm_ymm_imm8_57 
strata does not support 'vpermilps $0x39, %ymm2, %ymm1'.
/home/sdasgup3/Github/strata/stoke/bin/specgen compare --circuit_dir /home/sdasgup3/Github/strata-data/circuits --opcode vpermilps_ymm_ymm_imm8_58 
strata does not support 'vpermilps $0x3a, %ymm2, %ymm1'.
/home/sdasgup3/Github/strata/stoke/bin/specgen compare --circuit_dir /home/sdasgup3/Github/strata-data/circuits --opcode vpermilps_ymm_ymm_imm8_59 
strata does not support 'vpermilps $0x3b, %ymm2, %ymm1'.
/home/sdasgup3/Github/strata/stoke/bin/specgen compare --circuit_dir /home/sdasgup3/Github/strata-data/circuits --opcode vpermilps_ymm_ymm_imm8_60 
strata does not support 'vpermilps $0x3c, %ymm2, %ymm1'.
/home/sdasgup3/Github/strata/stoke/bin/specgen compare --circuit_dir /home/sdasgup3/Github/strata-data/circuits --opcode vpermilps_ymm_ymm_imm8_61 
Equivalent.
/home/sdasgup3/Github/strata/stoke/bin/specgen compare --circuit_dir /home/sdasgup3/Github/strata-data/circuits --opcode vpermilps_ymm_ymm_imm8_62 
strata does not support 'vpermilps $0x3e, %ymm2, %ymm1'.
/home/sdasgup3/Github/strata/stoke/bin/specgen compare --circuit_dir /home/sdasgup3/Github/strata-data/circuits --opcode vpermilps_ymm_ymm_imm8_63 
strata does not support 'vpermilps $0x3f, %ymm2, %ymm1'.
/home/sdasgup3/Github/strata/stoke/bin/specgen compare --circuit_dir /home/sdasgup3/Github/strata-data/circuits --opcode vpermilps_ymm_ymm_imm8_64 
Equivalent.
/home/sdasgup3/Github/strata/stoke/bin/specgen compare --circuit_dir /home/sdasgup3/Github/strata-data/circuits --opcode vpermilps_ymm_ymm_imm8_65 
strata does not support 'vpermilps $0x41, %ymm2, %ymm1'.
/home/sdasgup3/Github/strata/stoke/bin/specgen compare --circuit_dir /home/sdasgup3/Github/strata-data/circuits --opcode vpermilps_ymm_ymm_imm8_66 
strata does not support 'vpermilps $0x42, %ymm2, %ymm1'.
/home/sdasgup3/Github/strata/stoke/bin/specgen compare --circuit_dir /home/sdasgup3/Github/strata-data/circuits --opcode vpermilps_ymm_ymm_imm8_67 
strata does not support 'vpermilps $0x43, %ymm2, %ymm1'.
/home/sdasgup3/Github/strata/stoke/bin/specgen compare --circuit_dir /home/sdasgup3/Github/strata-data/circuits --opcode vpermilps_ymm_ymm_imm8_68 
Equivalent.
/home/sdasgup3/Github/strata/stoke/bin/specgen compare --circuit_dir /home/sdasgup3/Github/strata-data/circuits --opcode vpermilps_ymm_ymm_imm8_69 
Equivalent.
/home/sdasgup3/Github/strata/stoke/bin/specgen compare --circuit_dir /home/sdasgup3/Github/strata-data/circuits --opcode vpermilps_ymm_ymm_imm8_70 
strata does not support 'vpermilps $0x46, %ymm2, %ymm1'.
/home/sdasgup3/Github/strata/stoke/bin/specgen compare --circuit_dir /home/sdasgup3/Github/strata-data/circuits --opcode vpermilps_ymm_ymm_imm8_71 
Equivalent.
/home/sdasgup3/Github/strata/stoke/bin/specgen compare --circuit_dir /home/sdasgup3/Github/strata-data/circuits --opcode vpermilps_ymm_ymm_imm8_72 
Equivalent.
/home/sdasgup3/Github/strata/stoke/bin/specgen compare --circuit_dir /home/sdasgup3/Github/strata-data/circuits --opcode vpermilps_ymm_ymm_imm8_73 
Equivalent.
/home/sdasgup3/Github/strata/stoke/bin/specgen compare --circuit_dir /home/sdasgup3/Github/strata-data/circuits --opcode vpermilps_ymm_ymm_imm8_74 
Equivalent.
/home/sdasgup3/Github/strata/stoke/bin/specgen compare --circuit_dir /home/sdasgup3/Github/strata-data/circuits --opcode vpermilps_ymm_ymm_imm8_75 
strata does not support 'vpermilps $0x4b, %ymm2, %ymm1'.
/home/sdasgup3/Github/strata/stoke/bin/specgen compare --circuit_dir /home/sdasgup3/Github/strata-data/circuits --opcode vpermilps_ymm_ymm_imm8_76 
strata does not support 'vpermilps $0x4c, %ymm2, %ymm1'.
/home/sdasgup3/Github/strata/stoke/bin/specgen compare --circuit_dir /home/sdasgup3/Github/strata-data/circuits --opcode vpermilps_ymm_ymm_imm8_77 
Equivalent.
/home/sdasgup3/Github/strata/stoke/bin/specgen compare --circuit_dir /home/sdasgup3/Github/strata-data/circuits --opcode vpermilps_ymm_ymm_imm8_78 
Equivalent.
/home/sdasgup3/Github/strata/stoke/bin/specgen compare --circuit_dir /home/sdasgup3/Github/strata-data/circuits --opcode vpermilps_ymm_ymm_imm8_79 
strata does not support 'vpermilps $0x4f, %ymm2, %ymm1'.
/home/sdasgup3/Github/strata/stoke/bin/specgen compare --circuit_dir /home/sdasgup3/Github/strata-data/circuits --opcode vpermilps_ymm_ymm_imm8_80 
Equivalent.
/home/sdasgup3/Github/strata/stoke/bin/specgen compare --circuit_dir /home/sdasgup3/Github/strata-data/circuits --opcode vpermilps_ymm_ymm_imm8_81 
strata does not support 'vpermilps $0x51, %ymm2, %ymm1'.
/home/sdasgup3/Github/strata/stoke/bin/specgen compare --circuit_dir /home/sdasgup3/Github/strata-data/circuits --opcode vpermilps_ymm_ymm_imm8_82 
strata does not support 'vpermilps $0x52, %ymm2, %ymm1'.
/home/sdasgup3/Github/strata/stoke/bin/specgen compare --circuit_dir /home/sdasgup3/Github/strata-data/circuits --opcode vpermilps_ymm_ymm_imm8_83 
Equivalent.
/home/sdasgup3/Github/strata/stoke/bin/specgen compare --circuit_dir /home/sdasgup3/Github/strata-data/circuits --opcode vpermilps_ymm_ymm_imm8_84 
Equivalent.
/home/sdasgup3/Github/strata/stoke/bin/specgen compare --circuit_dir /home/sdasgup3/Github/strata-data/circuits --opcode vpermilps_ymm_ymm_imm8_85 
strata does not support 'vpermilps $0x55, %ymm2, %ymm1'.
/home/sdasgup3/Github/strata/stoke/bin/specgen compare --circuit_dir /home/sdasgup3/Github/strata-data/circuits --opcode vpermilps_ymm_ymm_imm8_86 
strata does not support 'vpermilps $0x56, %ymm2, %ymm1'.
/home/sdasgup3/Github/strata/stoke/bin/specgen compare --circuit_dir /home/sdasgup3/Github/strata-data/circuits --opcode vpermilps_ymm_ymm_imm8_87 
strata does not support 'vpermilps $0x57, %ymm2, %ymm1'.
/home/sdasgup3/Github/strata/stoke/bin/specgen compare --circuit_dir /home/sdasgup3/Github/strata-data/circuits --opcode vpermilps_ymm_ymm_imm8_88 
strata does not support 'vpermilps $0x58, %ymm2, %ymm1'.
/home/sdasgup3/Github/strata/stoke/bin/specgen compare --circuit_dir /home/sdasgup3/Github/strata-data/circuits --opcode vpermilps_ymm_ymm_imm8_89 
strata does not support 'vpermilps $0x59, %ymm2, %ymm1'.
/home/sdasgup3/Github/strata/stoke/bin/specgen compare --circuit_dir /home/sdasgup3/Github/strata-data/circuits --opcode vpermilps_ymm_ymm_imm8_90 
strata does not support 'vpermilps $0x5a, %ymm2, %ymm1'.
/home/sdasgup3/Github/strata/stoke/bin/specgen compare --circuit_dir /home/sdasgup3/Github/strata-data/circuits --opcode vpermilps_ymm_ymm_imm8_91 
strata does not support 'vpermilps $0x5b, %ymm2, %ymm1'.
/home/sdasgup3/Github/strata/stoke/bin/specgen compare --circuit_dir /home/sdasgup3/Github/strata-data/circuits --opcode vpermilps_ymm_ymm_imm8_92 
Equivalent.
/home/sdasgup3/Github/strata/stoke/bin/specgen compare --circuit_dir /home/sdasgup3/Github/strata-data/circuits --opcode vpermilps_ymm_ymm_imm8_93 
Equivalent.
/home/sdasgup3/Github/strata/stoke/bin/specgen compare --circuit_dir /home/sdasgup3/Github/strata-data/circuits --opcode vpermilps_ymm_ymm_imm8_94 
strata does not support 'vpermilps $0x5e, %ymm2, %ymm1'.
/home/sdasgup3/Github/strata/stoke/bin/specgen compare --circuit_dir /home/sdasgup3/Github/strata-data/circuits --opcode vpermilps_ymm_ymm_imm8_95 
Equivalent.
/home/sdasgup3/Github/strata/stoke/bin/specgen compare --circuit_dir /home/sdasgup3/Github/strata-data/circuits --opcode vpermilps_ymm_ymm_imm8_96 
Equivalent.
/home/sdasgup3/Github/strata/stoke/bin/specgen compare --circuit_dir /home/sdasgup3/Github/strata-data/circuits --opcode vpermilps_ymm_ymm_imm8_97 
strata does not support 'vpermilps $0x61, %ymm2, %ymm1'.
/home/sdasgup3/Github/strata/stoke/bin/specgen compare --circuit_dir /home/sdasgup3/Github/strata-data/circuits --opcode vpermilps_ymm_ymm_imm8_98 
strata does not support 'vpermilps $0x62, %ymm2, %ymm1'.
/home/sdasgup3/Github/strata/stoke/bin/specgen compare --circuit_dir /home/sdasgup3/Github/strata-data/circuits --opcode vpermilps_ymm_ymm_imm8_99 
Equivalent.
/home/sdasgup3/Github/strata/stoke/bin/specgen compare --circuit_dir /home/sdasgup3/Github/strata-data/circuits --opcode vpermilps_ymm_ymm_imm8_100 
strata does not support 'vpermilps $0x64, %ymm2, %ymm1'.
/home/sdasgup3/Github/strata/stoke/bin/specgen compare --circuit_dir /home/sdasgup3/Github/strata-data/circuits --opcode vpermilps_ymm_ymm_imm8_101 
strata does not support 'vpermilps $0x65, %ymm2, %ymm1'.
/home/sdasgup3/Github/strata/stoke/bin/specgen compare --circuit_dir /home/sdasgup3/Github/strata-data/circuits --opcode vpermilps_ymm_ymm_imm8_102 
Equivalent.
/home/sdasgup3/Github/strata/stoke/bin/specgen compare --circuit_dir /home/sdasgup3/Github/strata-data/circuits --opcode vpermilps_ymm_ymm_imm8_103 
strata does not support 'vpermilps $0x67, %ymm2, %ymm1'.
/home/sdasgup3/Github/strata/stoke/bin/specgen compare --circuit_dir /home/sdasgup3/Github/strata-data/circuits --opcode vpermilps_ymm_ymm_imm8_104 
strata does not support 'vpermilps $0x68, %ymm2, %ymm1'.
/home/sdasgup3/Github/strata/stoke/bin/specgen compare --circuit_dir /home/sdasgup3/Github/strata-data/circuits --opcode vpermilps_ymm_ymm_imm8_105 
strata does not support 'vpermilps $0x69, %ymm2, %ymm1'.
/home/sdasgup3/Github/strata/stoke/bin/specgen compare --circuit_dir /home/sdasgup3/Github/strata-data/circuits --opcode vpermilps_ymm_ymm_imm8_106 
strata does not support 'vpermilps $0x6a, %ymm2, %ymm1'.
/home/sdasgup3/Github/strata/stoke/bin/specgen compare --circuit_dir /home/sdasgup3/Github/strata-data/circuits --opcode vpermilps_ymm_ymm_imm8_107 
Equivalent.
/home/sdasgup3/Github/strata/stoke/bin/specgen compare --circuit_dir /home/sdasgup3/Github/strata-data/circuits --opcode vpermilps_ymm_ymm_imm8_108 
strata does not support 'vpermilps $0x6c, %ymm2, %ymm1'.
/home/sdasgup3/Github/strata/stoke/bin/specgen compare --circuit_dir /home/sdasgup3/Github/strata-data/circuits --opcode vpermilps_ymm_ymm_imm8_109 
strata does not support 'vpermilps $0x6d, %ymm2, %ymm1'.
/home/sdasgup3/Github/strata/stoke/bin/specgen compare --circuit_dir /home/sdasgup3/Github/strata-data/circuits --opcode vpermilps_ymm_ymm_imm8_110 
strata does not support 'vpermilps $0x6e, %ymm2, %ymm1'.
/home/sdasgup3/Github/strata/stoke/bin/specgen compare --circuit_dir /home/sdasgup3/Github/strata-data/circuits --opcode vpermilps_ymm_ymm_imm8_111 
strata does not support 'vpermilps $0x6f, %ymm2, %ymm1'.
/home/sdasgup3/Github/strata/stoke/bin/specgen compare --circuit_dir /home/sdasgup3/Github/strata-data/circuits --opcode vpermilps_ymm_ymm_imm8_112 
strata does not support 'vpermilps $0x70, %ymm2, %ymm1'.
/home/sdasgup3/Github/strata/stoke/bin/specgen compare --circuit_dir /home/sdasgup3/Github/strata-data/circuits --opcode vpermilps_ymm_ymm_imm8_113 
strata does not support 'vpermilps $0x71, %ymm2, %ymm1'.
/home/sdasgup3/Github/strata/stoke/bin/specgen compare --circuit_dir /home/sdasgup3/Github/strata-data/circuits --opcode vpermilps_ymm_ymm_imm8_114 
Equivalent.
/home/sdasgup3/Github/strata/stoke/bin/specgen compare --circuit_dir /home/sdasgup3/Github/strata-data/circuits --opcode vpermilps_ymm_ymm_imm8_115 
Equivalent.
/home/sdasgup3/Github/strata/stoke/bin/specgen compare --circuit_dir /home/sdasgup3/Github/strata-data/circuits --opcode vpermilps_ymm_ymm_imm8_116 
strata does not support 'vpermilps $0x74, %ymm2, %ymm1'.
/home/sdasgup3/Github/strata/stoke/bin/specgen compare --circuit_dir /home/sdasgup3/Github/strata-data/circuits --opcode vpermilps_ymm_ymm_imm8_117 
strata does not support 'vpermilps $0x75, %ymm2, %ymm1'.
/home/sdasgup3/Github/strata/stoke/bin/specgen compare --circuit_dir /home/sdasgup3/Github/strata-data/circuits --opcode vpermilps_ymm_ymm_imm8_118 
Equivalent.
/home/sdasgup3/Github/strata/stoke/bin/specgen compare --circuit_dir /home/sdasgup3/Github/strata-data/circuits --opcode vpermilps_ymm_ymm_imm8_119 
Equivalent.
/home/sdasgup3/Github/strata/stoke/bin/specgen compare --circuit_dir /home/sdasgup3/Github/strata-data/circuits --opcode vpermilps_ymm_ymm_imm8_120 
strata does not support 'vpermilps $0x78, %ymm2, %ymm1'.
/home/sdasgup3/Github/strata/stoke/bin/specgen compare --circuit_dir /home/sdasgup3/Github/strata-data/circuits --opcode vpermilps_ymm_ymm_imm8_121 
strata does not support 'vpermilps $0x79, %ymm2, %ymm1'.
/home/sdasgup3/Github/strata/stoke/bin/specgen compare --circuit_dir /home/sdasgup3/Github/strata-data/circuits --opcode vpermilps_ymm_ymm_imm8_122 
strata does not support 'vpermilps $0x7a, %ymm2, %ymm1'.
/home/sdasgup3/Github/strata/stoke/bin/specgen compare --circuit_dir /home/sdasgup3/Github/strata-data/circuits --opcode vpermilps_ymm_ymm_imm8_123 
strata does not support 'vpermilps $0x7b, %ymm2, %ymm1'.
/home/sdasgup3/Github/strata/stoke/bin/specgen compare --circuit_dir /home/sdasgup3/Github/strata-data/circuits --opcode vpermilps_ymm_ymm_imm8_124 
strata does not support 'vpermilps $0x7c, %ymm2, %ymm1'.
/home/sdasgup3/Github/strata/stoke/bin/specgen compare --circuit_dir /home/sdasgup3/Github/strata-data/circuits --opcode vpermilps_ymm_ymm_imm8_125 
strata does not support 'vpermilps $0x7d, %ymm2, %ymm1'.
/home/sdasgup3/Github/strata/stoke/bin/specgen compare --circuit_dir /home/sdasgup3/Github/strata-data/circuits --opcode vpermilps_ymm_ymm_imm8_126 
Equivalent.
/home/sdasgup3/Github/strata/stoke/bin/specgen compare --circuit_dir /home/sdasgup3/Github/strata-data/circuits --opcode vpermilps_ymm_ymm_imm8_127 
strata does not support 'vpermilps $0x7f, %ymm2, %ymm1'.
/home/sdasgup3/Github/strata/stoke/bin/specgen compare --circuit_dir /home/sdasgup3/Github/strata-data/circuits --opcode vpermilps_ymm_ymm_imm8_128 
strata does not support 'vpermilps $0x80, %ymm2, %ymm1'.
/home/sdasgup3/Github/strata/stoke/bin/specgen compare --circuit_dir /home/sdasgup3/Github/strata-data/circuits --opcode vpermilps_ymm_ymm_imm8_129 
strata does not support 'vpermilps $0x81, %ymm2, %ymm1'.
/home/sdasgup3/Github/strata/stoke/bin/specgen compare --circuit_dir /home/sdasgup3/Github/strata-data/circuits --opcode vpermilps_ymm_ymm_imm8_130 
strata does not support 'vpermilps $0x82, %ymm2, %ymm1'.
/home/sdasgup3/Github/strata/stoke/bin/specgen compare --circuit_dir /home/sdasgup3/Github/strata-data/circuits --opcode vpermilps_ymm_ymm_imm8_131 
strata does not support 'vpermilps $0x83, %ymm2, %ymm1'.
/home/sdasgup3/Github/strata/stoke/bin/specgen compare --circuit_dir /home/sdasgup3/Github/strata-data/circuits --opcode vpermilps_ymm_ymm_imm8_132 
strata does not support 'vpermilps $0x84, %ymm2, %ymm1'.
/home/sdasgup3/Github/strata/stoke/bin/specgen compare --circuit_dir /home/sdasgup3/Github/strata-data/circuits --opcode vpermilps_ymm_ymm_imm8_133 
strata does not support 'vpermilps $0x85, %ymm2, %ymm1'.
/home/sdasgup3/Github/strata/stoke/bin/specgen compare --circuit_dir /home/sdasgup3/Github/strata-data/circuits --opcode vpermilps_ymm_ymm_imm8_134 
strata does not support 'vpermilps $0x86, %ymm2, %ymm1'.
/home/sdasgup3/Github/strata/stoke/bin/specgen compare --circuit_dir /home/sdasgup3/Github/strata-data/circuits --opcode vpermilps_ymm_ymm_imm8_135 
strata does not support 'vpermilps $0x87, %ymm2, %ymm1'.
/home/sdasgup3/Github/strata/stoke/bin/specgen compare --circuit_dir /home/sdasgup3/Github/strata-data/circuits --opcode vpermilps_ymm_ymm_imm8_136 
Equivalent.
/home/sdasgup3/Github/strata/stoke/bin/specgen compare --circuit_dir /home/sdasgup3/Github/strata-data/circuits --opcode vpermilps_ymm_ymm_imm8_137 
strata does not support 'vpermilps $0x89, %ymm2, %ymm1'.
/home/sdasgup3/Github/strata/stoke/bin/specgen compare --circuit_dir /home/sdasgup3/Github/strata-data/circuits --opcode vpermilps_ymm_ymm_imm8_138 
Equivalent.
/home/sdasgup3/Github/strata/stoke/bin/specgen compare --circuit_dir /home/sdasgup3/Github/strata-data/circuits --opcode vpermilps_ymm_ymm_imm8_139 
strata does not support 'vpermilps $0x8b, %ymm2, %ymm1'.
/home/sdasgup3/Github/strata/stoke/bin/specgen compare --circuit_dir /home/sdasgup3/Github/strata-data/circuits --opcode vpermilps_ymm_ymm_imm8_140 
strata does not support 'vpermilps $0x8c, %ymm2, %ymm1'.
/home/sdasgup3/Github/strata/stoke/bin/specgen compare --circuit_dir /home/sdasgup3/Github/strata-data/circuits --opcode vpermilps_ymm_ymm_imm8_141 
strata does not support 'vpermilps $0x8d, %ymm2, %ymm1'.
/home/sdasgup3/Github/strata/stoke/bin/specgen compare --circuit_dir /home/sdasgup3/Github/strata-data/circuits --opcode vpermilps_ymm_ymm_imm8_142 
strata does not support 'vpermilps $0x8e, %ymm2, %ymm1'.
/home/sdasgup3/Github/strata/stoke/bin/specgen compare --circuit_dir /home/sdasgup3/Github/strata-data/circuits --opcode vpermilps_ymm_ymm_imm8_143 
strata does not support 'vpermilps $0x8f, %ymm2, %ymm1'.
/home/sdasgup3/Github/strata/stoke/bin/specgen compare --circuit_dir /home/sdasgup3/Github/strata-data/circuits --opcode vpermilps_ymm_ymm_imm8_144 
Equivalent.
/home/sdasgup3/Github/strata/stoke/bin/specgen compare --circuit_dir /home/sdasgup3/Github/strata-data/circuits --opcode vpermilps_ymm_ymm_imm8_145 
strata does not support 'vpermilps $0x91, %ymm2, %ymm1'.
/home/sdasgup3/Github/strata/stoke/bin/specgen compare --circuit_dir /home/sdasgup3/Github/strata-data/circuits --opcode vpermilps_ymm_ymm_imm8_146 
strata does not support 'vpermilps $0x92, %ymm2, %ymm1'.
/home/sdasgup3/Github/strata/stoke/bin/specgen compare --circuit_dir /home/sdasgup3/Github/strata-data/circuits --opcode vpermilps_ymm_ymm_imm8_147 
strata does not support 'vpermilps $0x93, %ymm2, %ymm1'.
/home/sdasgup3/Github/strata/stoke/bin/specgen compare --circuit_dir /home/sdasgup3/Github/strata-data/circuits --opcode vpermilps_ymm_ymm_imm8_148 
strata does not support 'vpermilps $0x94, %ymm2, %ymm1'.
/home/sdasgup3/Github/strata/stoke/bin/specgen compare --circuit_dir /home/sdasgup3/Github/strata-data/circuits --opcode vpermilps_ymm_ymm_imm8_149 
Equivalent.
/home/sdasgup3/Github/strata/stoke/bin/specgen compare --circuit_dir /home/sdasgup3/Github/strata-data/circuits --opcode vpermilps_ymm_ymm_imm8_150 
strata does not support 'vpermilps $0x96, %ymm2, %ymm1'.
/home/sdasgup3/Github/strata/stoke/bin/specgen compare --circuit_dir /home/sdasgup3/Github/strata-data/circuits --opcode vpermilps_ymm_ymm_imm8_151 
strata does not support 'vpermilps $0x97, %ymm2, %ymm1'.
/home/sdasgup3/Github/strata/stoke/bin/specgen compare --circuit_dir /home/sdasgup3/Github/strata-data/circuits --opcode vpermilps_ymm_ymm_imm8_152 
strata does not support 'vpermilps $0x98, %ymm2, %ymm1'.
/home/sdasgup3/Github/strata/stoke/bin/specgen compare --circuit_dir /home/sdasgup3/Github/strata-data/circuits --opcode vpermilps_ymm_ymm_imm8_153 
Equivalent.
/home/sdasgup3/Github/strata/stoke/bin/specgen compare --circuit_dir /home/sdasgup3/Github/strata-data/circuits --opcode vpermilps_ymm_ymm_imm8_154 
strata does not support 'vpermilps $0x9a, %ymm2, %ymm1'.
/home/sdasgup3/Github/strata/stoke/bin/specgen compare --circuit_dir /home/sdasgup3/Github/strata-data/circuits --opcode vpermilps_ymm_ymm_imm8_155 
strata does not support 'vpermilps $0x9b, %ymm2, %ymm1'.
/home/sdasgup3/Github/strata/stoke/bin/specgen compare --circuit_dir /home/sdasgup3/Github/strata-data/circuits --opcode vpermilps_ymm_ymm_imm8_156 
strata does not support 'vpermilps $0x9c, %ymm2, %ymm1'.
/home/sdasgup3/Github/strata/stoke/bin/specgen compare --circuit_dir /home/sdasgup3/Github/strata-data/circuits --opcode vpermilps_ymm_ymm_imm8_157 
Equivalent.
/home/sdasgup3/Github/strata/stoke/bin/specgen compare --circuit_dir /home/sdasgup3/Github/strata-data/circuits --opcode vpermilps_ymm_ymm_imm8_158 
strata does not support 'vpermilps $0x9e, %ymm2, %ymm1'.
/home/sdasgup3/Github/strata/stoke/bin/specgen compare --circuit_dir /home/sdasgup3/Github/strata-data/circuits --opcode vpermilps_ymm_ymm_imm8_159 
strata does not support 'vpermilps $0x9f, %ymm2, %ymm1'.
/home/sdasgup3/Github/strata/stoke/bin/specgen compare --circuit_dir /home/sdasgup3/Github/strata-data/circuits --opcode vpermilps_ymm_ymm_imm8_160 
Equivalent.
/home/sdasgup3/Github/strata/stoke/bin/specgen compare --circuit_dir /home/sdasgup3/Github/strata-data/circuits --opcode vpermilps_ymm_ymm_imm8_161 
strata does not support 'vpermilps $0xa1, %ymm2, %ymm1'.
/home/sdasgup3/Github/strata/stoke/bin/specgen compare --circuit_dir /home/sdasgup3/Github/strata-data/circuits --opcode vpermilps_ymm_ymm_imm8_162 
strata does not support 'vpermilps $0xa2, %ymm2, %ymm1'.
/home/sdasgup3/Github/strata/stoke/bin/specgen compare --circuit_dir /home/sdasgup3/Github/strata-data/circuits --opcode vpermilps_ymm_ymm_imm8_163 
strata does not support 'vpermilps $0xa3, %ymm2, %ymm1'.
/home/sdasgup3/Github/strata/stoke/bin/specgen compare --circuit_dir /home/sdasgup3/Github/strata-data/circuits --opcode vpermilps_ymm_ymm_imm8_164 
strata does not support 'vpermilps $0xa4, %ymm2, %ymm1'.
/home/sdasgup3/Github/strata/stoke/bin/specgen compare --circuit_dir /home/sdasgup3/Github/strata-data/circuits --opcode vpermilps_ymm_ymm_imm8_165 
strata does not support 'vpermilps $0xa5, %ymm2, %ymm1'.
/home/sdasgup3/Github/strata/stoke/bin/specgen compare --circuit_dir /home/sdasgup3/Github/strata-data/circuits --opcode vpermilps_ymm_ymm_imm8_166 
strata does not support 'vpermilps $0xa6, %ymm2, %ymm1'.
/home/sdasgup3/Github/strata/stoke/bin/specgen compare --circuit_dir /home/sdasgup3/Github/strata-data/circuits --opcode vpermilps_ymm_ymm_imm8_167 
strata does not support 'vpermilps $0xa7, %ymm2, %ymm1'.
/home/sdasgup3/Github/strata/stoke/bin/specgen compare --circuit_dir /home/sdasgup3/Github/strata-data/circuits --opcode vpermilps_ymm_ymm_imm8_168 
strata does not support 'vpermilps $0xa8, %ymm2, %ymm1'.
/home/sdasgup3/Github/strata/stoke/bin/specgen compare --circuit_dir /home/sdasgup3/Github/strata-data/circuits --opcode vpermilps_ymm_ymm_imm8_169 
strata does not support 'vpermilps $0xa9, %ymm2, %ymm1'.
/home/sdasgup3/Github/strata/stoke/bin/specgen compare --circuit_dir /home/sdasgup3/Github/strata-data/circuits --opcode vpermilps_ymm_ymm_imm8_170 
Equivalent.
/home/sdasgup3/Github/strata/stoke/bin/specgen compare --circuit_dir /home/sdasgup3/Github/strata-data/circuits --opcode vpermilps_ymm_ymm_imm8_171 
Equivalent.
/home/sdasgup3/Github/strata/stoke/bin/specgen compare --circuit_dir /home/sdasgup3/Github/strata-data/circuits --opcode vpermilps_ymm_ymm_imm8_172 
strata does not support 'vpermilps $0xac, %ymm2, %ymm1'.
/home/sdasgup3/Github/strata/stoke/bin/specgen compare --circuit_dir /home/sdasgup3/Github/strata-data/circuits --opcode vpermilps_ymm_ymm_imm8_173 
Equivalent.
/home/sdasgup3/Github/strata/stoke/bin/specgen compare --circuit_dir /home/sdasgup3/Github/strata-data/circuits --opcode vpermilps_ymm_ymm_imm8_174 
Equivalent.
/home/sdasgup3/Github/strata/stoke/bin/specgen compare --circuit_dir /home/sdasgup3/Github/strata-data/circuits --opcode vpermilps_ymm_ymm_imm8_175 
Equivalent.
/home/sdasgup3/Github/strata/stoke/bin/specgen compare --circuit_dir /home/sdasgup3/Github/strata-data/circuits --opcode vpermilps_ymm_ymm_imm8_176 
strata does not support 'vpermilps $0xb0, %ymm2, %ymm1'.
/home/sdasgup3/Github/strata/stoke/bin/specgen compare --circuit_dir /home/sdasgup3/Github/strata-data/circuits --opcode vpermilps_ymm_ymm_imm8_177 
strata does not support 'vpermilps $0xb1, %ymm2, %ymm1'.
/home/sdasgup3/Github/strata/stoke/bin/specgen compare --circuit_dir /home/sdasgup3/Github/strata-data/circuits --opcode vpermilps_ymm_ymm_imm8_178 
strata does not support 'vpermilps $0xb2, %ymm2, %ymm1'.
/home/sdasgup3/Github/strata/stoke/bin/specgen compare --circuit_dir /home/sdasgup3/Github/strata-data/circuits --opcode vpermilps_ymm_ymm_imm8_179 
strata does not support 'vpermilps $0xb3, %ymm2, %ymm1'.
/home/sdasgup3/Github/strata/stoke/bin/specgen compare --circuit_dir /home/sdasgup3/Github/strata-data/circuits --opcode vpermilps_ymm_ymm_imm8_180 
strata does not support 'vpermilps $0xb4, %ymm2, %ymm1'.
/home/sdasgup3/Github/strata/stoke/bin/specgen compare --circuit_dir /home/sdasgup3/Github/strata-data/circuits --opcode vpermilps_ymm_ymm_imm8_181 
strata does not support 'vpermilps $0xb5, %ymm2, %ymm1'.
/home/sdasgup3/Github/strata/stoke/bin/specgen compare --circuit_dir /home/sdasgup3/Github/strata-data/circuits --opcode vpermilps_ymm_ymm_imm8_182 
Equivalent.
/home/sdasgup3/Github/strata/stoke/bin/specgen compare --circuit_dir /home/sdasgup3/Github/strata-data/circuits --opcode vpermilps_ymm_ymm_imm8_183 
Equivalent.
/home/sdasgup3/Github/strata/stoke/bin/specgen compare --circuit_dir /home/sdasgup3/Github/strata-data/circuits --opcode vpermilps_ymm_ymm_imm8_184 
Equivalent.
/home/sdasgup3/Github/strata/stoke/bin/specgen compare --circuit_dir /home/sdasgup3/Github/strata-data/circuits --opcode vpermilps_ymm_ymm_imm8_185 
strata does not support 'vpermilps $0xb9, %ymm2, %ymm1'.
/home/sdasgup3/Github/strata/stoke/bin/specgen compare --circuit_dir /home/sdasgup3/Github/strata-data/circuits --opcode vpermilps_ymm_ymm_imm8_186 
Equivalent.
/home/sdasgup3/Github/strata/stoke/bin/specgen compare --circuit_dir /home/sdasgup3/Github/strata-data/circuits --opcode vpermilps_ymm_ymm_imm8_187 
strata does not support 'vpermilps $0xbb, %ymm2, %ymm1'.
/home/sdasgup3/Github/strata/stoke/bin/specgen compare --circuit_dir /home/sdasgup3/Github/strata-data/circuits --opcode vpermilps_ymm_ymm_imm8_188 
Equivalent.
/home/sdasgup3/Github/strata/stoke/bin/specgen compare --circuit_dir /home/sdasgup3/Github/strata-data/circuits --opcode vpermilps_ymm_ymm_imm8_189 
strata does not support 'vpermilps $0xbd, %ymm2, %ymm1'.
/home/sdasgup3/Github/strata/stoke/bin/specgen compare --circuit_dir /home/sdasgup3/Github/strata-data/circuits --opcode vpermilps_ymm_ymm_imm8_190 
Equivalent.
/home/sdasgup3/Github/strata/stoke/bin/specgen compare --circuit_dir /home/sdasgup3/Github/strata-data/circuits --opcode vpermilps_ymm_ymm_imm8_191 
Equivalent.
/home/sdasgup3/Github/strata/stoke/bin/specgen compare --circuit_dir /home/sdasgup3/Github/strata-data/circuits --opcode vpermilps_ymm_ymm_imm8_192 
Equivalent.
/home/sdasgup3/Github/strata/stoke/bin/specgen compare --circuit_dir /home/sdasgup3/Github/strata-data/circuits --opcode vpermilps_ymm_ymm_imm8_193 
strata does not support 'vpermilps $0xc1, %ymm2, %ymm1'.
/home/sdasgup3/Github/strata/stoke/bin/specgen compare --circuit_dir /home/sdasgup3/Github/strata-data/circuits --opcode vpermilps_ymm_ymm_imm8_194 
strata does not support 'vpermilps $0xc2, %ymm2, %ymm1'.
/home/sdasgup3/Github/strata/stoke/bin/specgen compare --circuit_dir /home/sdasgup3/Github/strata-data/circuits --opcode vpermilps_ymm_ymm_imm8_195 
strata does not support 'vpermilps $0xc3, %ymm2, %ymm1'.
/home/sdasgup3/Github/strata/stoke/bin/specgen compare --circuit_dir /home/sdasgup3/Github/strata-data/circuits --opcode vpermilps_ymm_ymm_imm8_196 
strata does not support 'vpermilps $0xc4, %ymm2, %ymm1'.
/home/sdasgup3/Github/strata/stoke/bin/specgen compare --circuit_dir /home/sdasgup3/Github/strata-data/circuits --opcode vpermilps_ymm_ymm_imm8_197 
strata does not support 'vpermilps $0xc5, %ymm2, %ymm1'.
/home/sdasgup3/Github/strata/stoke/bin/specgen compare --circuit_dir /home/sdasgup3/Github/strata-data/circuits --opcode vpermilps_ymm_ymm_imm8_198 
strata does not support 'vpermilps $0xc6, %ymm2, %ymm1'.
/home/sdasgup3/Github/strata/stoke/bin/specgen compare --circuit_dir /home/sdasgup3/Github/strata-data/circuits --opcode vpermilps_ymm_ymm_imm8_199 
strata does not support 'vpermilps $0xc7, %ymm2, %ymm1'.
/home/sdasgup3/Github/strata/stoke/bin/specgen compare --circuit_dir /home/sdasgup3/Github/strata-data/circuits --opcode vpermilps_ymm_ymm_imm8_200 
strata does not support 'vpermilps $0xc8, %ymm2, %ymm1'.
/home/sdasgup3/Github/strata/stoke/bin/specgen compare --circuit_dir /home/sdasgup3/Github/strata-data/circuits --opcode vpermilps_ymm_ymm_imm8_201 
strata does not support 'vpermilps $0xc9, %ymm2, %ymm1'.
/home/sdasgup3/Github/strata/stoke/bin/specgen compare --circuit_dir /home/sdasgup3/Github/strata-data/circuits --opcode vpermilps_ymm_ymm_imm8_202 
Equivalent.
/home/sdasgup3/Github/strata/stoke/bin/specgen compare --circuit_dir /home/sdasgup3/Github/strata-data/circuits --opcode vpermilps_ymm_ymm_imm8_203 
strata does not support 'vpermilps $0xcb, %ymm2, %ymm1'.
/home/sdasgup3/Github/strata/stoke/bin/specgen compare --circuit_dir /home/sdasgup3/Github/strata-data/circuits --opcode vpermilps_ymm_ymm_imm8_204 
strata does not support 'vpermilps $0xcc, %ymm2, %ymm1'.
/home/sdasgup3/Github/strata/stoke/bin/specgen compare --circuit_dir /home/sdasgup3/Github/strata-data/circuits --opcode vpermilps_ymm_ymm_imm8_205 
strata does not support 'vpermilps $0xcd, %ymm2, %ymm1'.
/home/sdasgup3/Github/strata/stoke/bin/specgen compare --circuit_dir /home/sdasgup3/Github/strata-data/circuits --opcode vpermilps_ymm_ymm_imm8_206 
strata does not support 'vpermilps $0xce, %ymm2, %ymm1'.
/home/sdasgup3/Github/strata/stoke/bin/specgen compare --circuit_dir /home/sdasgup3/Github/strata-data/circuits --opcode vpermilps_ymm_ymm_imm8_207 
strata does not support 'vpermilps $0xcf, %ymm2, %ymm1'.
/home/sdasgup3/Github/strata/stoke/bin/specgen compare --circuit_dir /home/sdasgup3/Github/strata-data/circuits --opcode vpermilps_ymm_ymm_imm8_208 
strata does not support 'vpermilps $0xd0, %ymm2, %ymm1'.
/home/sdasgup3/Github/strata/stoke/bin/specgen compare --circuit_dir /home/sdasgup3/Github/strata-data/circuits --opcode vpermilps_ymm_ymm_imm8_209 
strata does not support 'vpermilps $0xd1, %ymm2, %ymm1'.
/home/sdasgup3/Github/strata/stoke/bin/specgen compare --circuit_dir /home/sdasgup3/Github/strata-data/circuits --opcode vpermilps_ymm_ymm_imm8_210 
strata does not support 'vpermilps $0xd2, %ymm2, %ymm1'.
/home/sdasgup3/Github/strata/stoke/bin/specgen compare --circuit_dir /home/sdasgup3/Github/strata-data/circuits --opcode vpermilps_ymm_ymm_imm8_211 
strata does not support 'vpermilps $0xd3, %ymm2, %ymm1'.
/home/sdasgup3/Github/strata/stoke/bin/specgen compare --circuit_dir /home/sdasgup3/Github/strata-data/circuits --opcode vpermilps_ymm_ymm_imm8_212 
strata does not support 'vpermilps $0xd4, %ymm2, %ymm1'.
/home/sdasgup3/Github/strata/stoke/bin/specgen compare --circuit_dir /home/sdasgup3/Github/strata-data/circuits --opcode vpermilps_ymm_ymm_imm8_213 
Equivalent.
/home/sdasgup3/Github/strata/stoke/bin/specgen compare --circuit_dir /home/sdasgup3/Github/strata-data/circuits --opcode vpermilps_ymm_ymm_imm8_214 
strata does not support 'vpermilps $0xd6, %ymm2, %ymm1'.
/home/sdasgup3/Github/strata/stoke/bin/specgen compare --circuit_dir /home/sdasgup3/Github/strata-data/circuits --opcode vpermilps_ymm_ymm_imm8_215 
Equivalent.
/home/sdasgup3/Github/strata/stoke/bin/specgen compare --circuit_dir /home/sdasgup3/Github/strata-data/circuits --opcode vpermilps_ymm_ymm_imm8_216 
Equivalent.
/home/sdasgup3/Github/strata/stoke/bin/specgen compare --circuit_dir /home/sdasgup3/Github/strata-data/circuits --opcode vpermilps_ymm_ymm_imm8_217 
Equivalent.
/home/sdasgup3/Github/strata/stoke/bin/specgen compare --circuit_dir /home/sdasgup3/Github/strata-data/circuits --opcode vpermilps_ymm_ymm_imm8_218 
strata does not support 'vpermilps $0xda, %ymm2, %ymm1'.
/home/sdasgup3/Github/strata/stoke/bin/specgen compare --circuit_dir /home/sdasgup3/Github/strata-data/circuits --opcode vpermilps_ymm_ymm_imm8_219 
Equivalent.
/home/sdasgup3/Github/strata/stoke/bin/specgen compare --circuit_dir /home/sdasgup3/Github/strata-data/circuits --opcode vpermilps_ymm_ymm_imm8_220 
Equivalent.
/home/sdasgup3/Github/strata/stoke/bin/specgen compare --circuit_dir /home/sdasgup3/Github/strata-data/circuits --opcode vpermilps_ymm_ymm_imm8_221 
strata does not support 'vpermilps $0xdd, %ymm2, %ymm1'.
/home/sdasgup3/Github/strata/stoke/bin/specgen compare --circuit_dir /home/sdasgup3/Github/strata-data/circuits --opcode vpermilps_ymm_ymm_imm8_222 
strata does not support 'vpermilps $0xde, %ymm2, %ymm1'.
/home/sdasgup3/Github/strata/stoke/bin/specgen compare --circuit_dir /home/sdasgup3/Github/strata-data/circuits --opcode vpermilps_ymm_ymm_imm8_223 
strata does not support 'vpermilps $0xdf, %ymm2, %ymm1'.
/home/sdasgup3/Github/strata/stoke/bin/specgen compare --circuit_dir /home/sdasgup3/Github/strata-data/circuits --opcode vpermilps_ymm_ymm_imm8_224 
strata does not support 'vpermilps $0xe0, %ymm2, %ymm1'.
/home/sdasgup3/Github/strata/stoke/bin/specgen compare --circuit_dir /home/sdasgup3/Github/strata-data/circuits --opcode vpermilps_ymm_ymm_imm8_225 
strata does not support 'vpermilps $0xe1, %ymm2, %ymm1'.
/home/sdasgup3/Github/strata/stoke/bin/specgen compare --circuit_dir /home/sdasgup3/Github/strata-data/circuits --opcode vpermilps_ymm_ymm_imm8_226 
strata does not support 'vpermilps $0xe2, %ymm2, %ymm1'.
/home/sdasgup3/Github/strata/stoke/bin/specgen compare --circuit_dir /home/sdasgup3/Github/strata-data/circuits --opcode vpermilps_ymm_ymm_imm8_227 
strata does not support 'vpermilps $0xe3, %ymm2, %ymm1'.
/home/sdasgup3/Github/strata/stoke/bin/specgen compare --circuit_dir /home/sdasgup3/Github/strata-data/circuits --opcode vpermilps_ymm_ymm_imm8_228 
strata does not support 'vpermilps $0xe4, %ymm2, %ymm1'.
/home/sdasgup3/Github/strata/stoke/bin/specgen compare --circuit_dir /home/sdasgup3/Github/strata-data/circuits --opcode vpermilps_ymm_ymm_imm8_229 
Equivalent.
/home/sdasgup3/Github/strata/stoke/bin/specgen compare --circuit_dir /home/sdasgup3/Github/strata-data/circuits --opcode vpermilps_ymm_ymm_imm8_230 
Equivalent.
/home/sdasgup3/Github/strata/stoke/bin/specgen compare --circuit_dir /home/sdasgup3/Github/strata-data/circuits --opcode vpermilps_ymm_ymm_imm8_231 
strata does not support 'vpermilps $0xe7, %ymm2, %ymm1'.
/home/sdasgup3/Github/strata/stoke/bin/specgen compare --circuit_dir /home/sdasgup3/Github/strata-data/circuits --opcode vpermilps_ymm_ymm_imm8_232 
Equivalent.
/home/sdasgup3/Github/strata/stoke/bin/specgen compare --circuit_dir /home/sdasgup3/Github/strata-data/circuits --opcode vpermilps_ymm_ymm_imm8_233 
strata does not support 'vpermilps $0xe9, %ymm2, %ymm1'.
/home/sdasgup3/Github/strata/stoke/bin/specgen compare --circuit_dir /home/sdasgup3/Github/strata-data/circuits --opcode vpermilps_ymm_ymm_imm8_234 
Equivalent.
/home/sdasgup3/Github/strata/stoke/bin/specgen compare --circuit_dir /home/sdasgup3/Github/strata-data/circuits --opcode vpermilps_ymm_ymm_imm8_235 
Equivalent.
/home/sdasgup3/Github/strata/stoke/bin/specgen compare --circuit_dir /home/sdasgup3/Github/strata-data/circuits --opcode vpermilps_ymm_ymm_imm8_236 
strata does not support 'vpermilps $0xec, %ymm2, %ymm1'.
/home/sdasgup3/Github/strata/stoke/bin/specgen compare --circuit_dir /home/sdasgup3/Github/strata-data/circuits --opcode vpermilps_ymm_ymm_imm8_237 
strata does not support 'vpermilps $0xed, %ymm2, %ymm1'.
/home/sdasgup3/Github/strata/stoke/bin/specgen compare --circuit_dir /home/sdasgup3/Github/strata-data/circuits --opcode vpermilps_ymm_ymm_imm8_238 
strata does not support 'vpermilps $0xee, %ymm2, %ymm1'.
/home/sdasgup3/Github/strata/stoke/bin/specgen compare --circuit_dir /home/sdasgup3/Github/strata-data/circuits --opcode vpermilps_ymm_ymm_imm8_239 
strata does not support 'vpermilps $0xef, %ymm2, %ymm1'.
/home/sdasgup3/Github/strata/stoke/bin/specgen compare --circuit_dir /home/sdasgup3/Github/strata-data/circuits --opcode vpermilps_ymm_ymm_imm8_240 
strata does not support 'vpermilps $0xf0, %ymm2, %ymm1'.
/home/sdasgup3/Github/strata/stoke/bin/specgen compare --circuit_dir /home/sdasgup3/Github/strata-data/circuits --opcode vpermilps_ymm_ymm_imm8_241 
strata does not support 'vpermilps $0xf1, %ymm2, %ymm1'.
/home/sdasgup3/Github/strata/stoke/bin/specgen compare --circuit_dir /home/sdasgup3/Github/strata-data/circuits --opcode vpermilps_ymm_ymm_imm8_242 
strata does not support 'vpermilps $0xf2, %ymm2, %ymm1'.
/home/sdasgup3/Github/strata/stoke/bin/specgen compare --circuit_dir /home/sdasgup3/Github/strata-data/circuits --opcode vpermilps_ymm_ymm_imm8_243 
strata does not support 'vpermilps $0xf3, %ymm2, %ymm1'.
/home/sdasgup3/Github/strata/stoke/bin/specgen compare --circuit_dir /home/sdasgup3/Github/strata-data/circuits --opcode vpermilps_ymm_ymm_imm8_244 
Equivalent.
/home/sdasgup3/Github/strata/stoke/bin/specgen compare --circuit_dir /home/sdasgup3/Github/strata-data/circuits --opcode vpermilps_ymm_ymm_imm8_245 
Equivalent.
/home/sdasgup3/Github/strata/stoke/bin/specgen compare --circuit_dir /home/sdasgup3/Github/strata-data/circuits --opcode vpermilps_ymm_ymm_imm8_246 
strata does not support 'vpermilps $0xf6, %ymm2, %ymm1'.
/home/sdasgup3/Github/strata/stoke/bin/specgen compare --circuit_dir /home/sdasgup3/Github/strata-data/circuits --opcode vpermilps_ymm_ymm_imm8_247 
strata does not support 'vpermilps $0xf7, %ymm2, %ymm1'.
/home/sdasgup3/Github/strata/stoke/bin/specgen compare --circuit_dir /home/sdasgup3/Github/strata-data/circuits --opcode vpermilps_ymm_ymm_imm8_248 
strata does not support 'vpermilps $0xf8, %ymm2, %ymm1'.
/home/sdasgup3/Github/strata/stoke/bin/specgen compare --circuit_dir /home/sdasgup3/Github/strata-data/circuits --opcode vpermilps_ymm_ymm_imm8_249 
strata does not support 'vpermilps $0xf9, %ymm2, %ymm1'.
/home/sdasgup3/Github/strata/stoke/bin/specgen compare --circuit_dir /home/sdasgup3/Github/strata-data/circuits --opcode vpermilps_ymm_ymm_imm8_250 
Equivalent.
/home/sdasgup3/Github/strata/stoke/bin/specgen compare --circuit_dir /home/sdasgup3/Github/strata-data/circuits --opcode vpermilps_ymm_ymm_imm8_251 
Equivalent.
/home/sdasgup3/Github/strata/stoke/bin/specgen compare --circuit_dir /home/sdasgup3/Github/strata-data/circuits --opcode vpermilps_ymm_ymm_imm8_252 
strata does not support 'vpermilps $0xfc, %ymm2, %ymm1'.
/home/sdasgup3/Github/strata/stoke/bin/specgen compare --circuit_dir /home/sdasgup3/Github/strata-data/circuits --opcode vpermilps_ymm_ymm_imm8_253 
strata does not support 'vpermilps $0xfd, %ymm2, %ymm1'.
/home/sdasgup3/Github/strata/stoke/bin/specgen compare --circuit_dir /home/sdasgup3/Github/strata-data/circuits --opcode vpermilps_ymm_ymm_imm8_254 
Equivalent.
/home/sdasgup3/Github/strata/stoke/bin/specgen compare --circuit_dir /home/sdasgup3/Github/strata-data/circuits --opcode vpermilps_ymm_ymm_imm8_255 
strata does not support 'vpermilps $0xff, %ymm2, %ymm1'.
