[4m[1m[34mFiring Last 2[0m
Thread 2 start: vblendpd_xmm_xmm_xmm_imm8_185
timeout 30m  /home/sdasgup3/Github/strata/stoke/./bin/stoke_check_circuit --strata_path /home/sdasgup3/Github/strata-data/circuits --target concrete_instances/immediate-variants/vblendpd_xmm_xmm_xmm_imm8/instructions/vblendpd_xmm_xmm_xmm_imm8_185/vblendpd_xmm_xmm_xmm_imm8_185.s --functions /home/sdasgup3/Github/strata-data/data-regs/functions --testcases /home/sdasgup3/Github/strata-data/data-regs/testcases.tc --def_in "{ %xmm2 %xmm3 }" --live_out "{ %ymm1 }" --maybe_undef_out "{ }" 
Thread 1 start: vblendpd_xmm_xmm_xmm_imm8_36
timeout 30m  /home/sdasgup3/Github/strata/stoke/./bin/stoke_check_circuit --strata_path /home/sdasgup3/Github/strata-data/circuits --target concrete_instances/immediate-variants/vblendpd_xmm_xmm_xmm_imm8/instructions/vblendpd_xmm_xmm_xmm_imm8_36/vblendpd_xmm_xmm_xmm_imm8_36.s --functions /home/sdasgup3/Github/strata-data/data-regs/functions --testcases /home/sdasgup3/Github/strata-data/data-regs/testcases.tc --def_in "{ %xmm2 %xmm3 }" --live_out "{ %ymm1 }" --maybe_undef_out "{ }" 
Reading the Testsuit
Preparing Sandbox
Run 6630 tests
Collect Results
Check Equivalence
Completed 1000cases
Reading the Testsuit
Preparing Sandbox
Run 6630 tests
Collect Results
Check Equivalence
Completed 1000cases
Completed 2000cases
Completed 2000cases
Completed 3000cases
Completed 3000cases
Completed 4000cases
Completed 4000cases
Completed 5000cases
Completed 5000cases
Completed 6000cases
Completed 6000cases
Execution time vblendpd_xmm_xmm_xmm_imm8_36: 42 s
Thread 1 done!: vblendpd_xmm_xmm_xmm_imm8_36
Execution time vblendpd_xmm_xmm_xmm_imm8_185: 43 s
Thread 2 done!: vblendpd_xmm_xmm_xmm_imm8_185
