[4m[1m[34mFiring 1.[0m
Thread 1 start: vpextrw_r64_xmm_imm8_5
timeout 30m  /home/sdasgup3/Github/strata/stoke/./bin/stoke_check_circuit --strata_path /home/sdasgup3/Github/strata-data/circuits --target concrete_instances/immediate-variants/vpextrw_r64_xmm_imm8/instructions/vpextrw_r64_xmm_imm8_5/vpextrw_r64_xmm_imm8_5.s --functions /home/sdasgup3/Github/strata-data/data-regs/functions --testcases /home/sdasgup3/Github/strata-data/data-regs/testcases.tc --def_in "{ %xmm1 }" --live_out "{ %rbx }" --maybe_undef_out "{ }" 
Reading the Testsuit
Preparing Sandbox
Run 6630 tests
Collect Results
Check Equivalence
Completed 1000cases
Completed 2000cases
Completed 3000cases
Completed 4000cases
Completed 5000cases
Completed 6000cases
Execution time vpextrw_r64_xmm_imm8_5: 53 s
Thread 1 done!: vpextrw_r64_xmm_imm8_5
[4m[1m[34mFiring 1.[0m
Thread 2 start: vpextrw_r64_xmm_imm8_37
timeout 30m  /home/sdasgup3/Github/strata/stoke/./bin/stoke_check_circuit --strata_path /home/sdasgup3/Github/strata-data/circuits --target concrete_instances/immediate-variants/vpextrw_r64_xmm_imm8/instructions/vpextrw_r64_xmm_imm8_37/vpextrw_r64_xmm_imm8_37.s --functions /home/sdasgup3/Github/strata-data/data-regs/functions --testcases /home/sdasgup3/Github/strata-data/data-regs/testcases.tc --def_in "{ %xmm1 }" --live_out "{ %rbx }" --maybe_undef_out "{ }" 
Reading the Testsuit
Preparing Sandbox
Run 6630 tests
Collect Results
Check Equivalence
Completed 1000cases
Completed 2000cases
Completed 3000cases
Completed 4000cases
Completed 5000cases
Completed 6000cases
Execution time vpextrw_r64_xmm_imm8_37: 47 s
Thread 2 done!: vpextrw_r64_xmm_imm8_37
[4m[1m[34mFiring 1.[0m
Thread 3 start: vpextrw_r64_xmm_imm8_69
timeout 30m  /home/sdasgup3/Github/strata/stoke/./bin/stoke_check_circuit --strata_path /home/sdasgup3/Github/strata-data/circuits --target concrete_instances/immediate-variants/vpextrw_r64_xmm_imm8/instructions/vpextrw_r64_xmm_imm8_69/vpextrw_r64_xmm_imm8_69.s --functions /home/sdasgup3/Github/strata-data/data-regs/functions --testcases /home/sdasgup3/Github/strata-data/data-regs/testcases.tc --def_in "{ %xmm1 }" --live_out "{ %rbx }" --maybe_undef_out "{ }" 
Reading the Testsuit
Preparing Sandbox
Run 6630 tests
Collect Results
Check Equivalence
Completed 1000cases
Completed 2000cases
Completed 3000cases
Completed 4000cases
Completed 5000cases
Completed 6000cases
Execution time vpextrw_r64_xmm_imm8_69: 44 s
Thread 3 done!: vpextrw_r64_xmm_imm8_69
[4m[1m[34mFiring 1.[0m
Thread 4 start: vpextrw_r64_xmm_imm8_87
timeout 30m  /home/sdasgup3/Github/strata/stoke/./bin/stoke_check_circuit --strata_path /home/sdasgup3/Github/strata-data/circuits --target concrete_instances/immediate-variants/vpextrw_r64_xmm_imm8/instructions/vpextrw_r64_xmm_imm8_87/vpextrw_r64_xmm_imm8_87.s --functions /home/sdasgup3/Github/strata-data/data-regs/functions --testcases /home/sdasgup3/Github/strata-data/data-regs/testcases.tc --def_in "{ %xmm1 }" --live_out "{ %rbx }" --maybe_undef_out "{ }" 
Reading the Testsuit
Preparing Sandbox
Run 6630 tests
Collect Results
Check Equivalence
Completed 1000cases
Completed 2000cases
Completed 3000cases
Completed 4000cases
Completed 5000cases
Completed 6000cases
Execution time vpextrw_r64_xmm_imm8_87: 43 s
Thread 4 done!: vpextrw_r64_xmm_imm8_87
[4m[1m[34mFiring 1.[0m
Thread 5 start: vpextrw_r64_xmm_imm8_109
timeout 30m  /home/sdasgup3/Github/strata/stoke/./bin/stoke_check_circuit --strata_path /home/sdasgup3/Github/strata-data/circuits --target concrete_instances/immediate-variants/vpextrw_r64_xmm_imm8/instructions/vpextrw_r64_xmm_imm8_109/vpextrw_r64_xmm_imm8_109.s --functions /home/sdasgup3/Github/strata-data/data-regs/functions --testcases /home/sdasgup3/Github/strata-data/data-regs/testcases.tc --def_in "{ %xmm1 }" --live_out "{ %rbx }" --maybe_undef_out "{ }" 
Reading the Testsuit
Preparing Sandbox
Run 6630 tests
Collect Results
Check Equivalence
Completed 1000cases
Completed 2000cases
Completed 3000cases
Completed 4000cases
Completed 5000cases
Completed 6000cases
Execution time vpextrw_r64_xmm_imm8_109: 43 s
Thread 5 done!: vpextrw_r64_xmm_imm8_109
[4m[1m[34mFiring 1.[0m
Thread 6 start: vpextrw_r64_xmm_imm8_151
timeout 30m  /home/sdasgup3/Github/strata/stoke/./bin/stoke_check_circuit --strata_path /home/sdasgup3/Github/strata-data/circuits --target concrete_instances/immediate-variants/vpextrw_r64_xmm_imm8/instructions/vpextrw_r64_xmm_imm8_151/vpextrw_r64_xmm_imm8_151.s --functions /home/sdasgup3/Github/strata-data/data-regs/functions --testcases /home/sdasgup3/Github/strata-data/data-regs/testcases.tc --def_in "{ %xmm1 }" --live_out "{ %rbx }" --maybe_undef_out "{ }" 
Reading the Testsuit
Preparing Sandbox
Run 6630 tests
Collect Results
Check Equivalence
Completed 1000cases
Completed 2000cases
Completed 3000cases
Completed 4000cases
Completed 5000cases
Completed 6000cases
Execution time vpextrw_r64_xmm_imm8_151: 43 s
Thread 6 done!: vpextrw_r64_xmm_imm8_151
[4m[1m[34mFiring 1.[0m
Thread 7 start: vpextrw_r64_xmm_imm8_173
timeout 30m  /home/sdasgup3/Github/strata/stoke/./bin/stoke_check_circuit --strata_path /home/sdasgup3/Github/strata-data/circuits --target concrete_instances/immediate-variants/vpextrw_r64_xmm_imm8/instructions/vpextrw_r64_xmm_imm8_173/vpextrw_r64_xmm_imm8_173.s --functions /home/sdasgup3/Github/strata-data/data-regs/functions --testcases /home/sdasgup3/Github/strata-data/data-regs/testcases.tc --def_in "{ %xmm1 }" --live_out "{ %rbx }" --maybe_undef_out "{ }" 
Reading the Testsuit
Preparing Sandbox
Run 6630 tests
Collect Results
Check Equivalence
Completed 1000cases
Completed 2000cases
Completed 3000cases
Completed 4000cases
Completed 5000cases
Completed 6000cases
Execution time vpextrw_r64_xmm_imm8_173: 44 s
Thread 7 done!: vpextrw_r64_xmm_imm8_173
[4m[1m[34mFiring 1.[0m
Thread 8 start: vpextrw_r64_xmm_imm8_207
timeout 30m  /home/sdasgup3/Github/strata/stoke/./bin/stoke_check_circuit --strata_path /home/sdasgup3/Github/strata-data/circuits --target concrete_instances/immediate-variants/vpextrw_r64_xmm_imm8/instructions/vpextrw_r64_xmm_imm8_207/vpextrw_r64_xmm_imm8_207.s --functions /home/sdasgup3/Github/strata-data/data-regs/functions --testcases /home/sdasgup3/Github/strata-data/data-regs/testcases.tc --def_in "{ %xmm1 }" --live_out "{ %rbx }" --maybe_undef_out "{ }" 
Reading the Testsuit
Preparing Sandbox
Run 6630 tests
Collect Results
Check Equivalence
Completed 1000cases
Completed 2000cases
Completed 3000cases
Completed 4000cases
Completed 5000cases
Completed 6000cases
Execution time vpextrw_r64_xmm_imm8_207: 43 s
Thread 8 done!: vpextrw_r64_xmm_imm8_207
[4m[1m[34mFiring 1.[0m
Thread 9 start: vpextrw_r64_xmm_imm8_221
timeout 30m  /home/sdasgup3/Github/strata/stoke/./bin/stoke_check_circuit --strata_path /home/sdasgup3/Github/strata-data/circuits --target concrete_instances/immediate-variants/vpextrw_r64_xmm_imm8/instructions/vpextrw_r64_xmm_imm8_221/vpextrw_r64_xmm_imm8_221.s --functions /home/sdasgup3/Github/strata-data/data-regs/functions --testcases /home/sdasgup3/Github/strata-data/data-regs/testcases.tc --def_in "{ %xmm1 }" --live_out "{ %rbx }" --maybe_undef_out "{ }" 
Reading the Testsuit
Preparing Sandbox
Run 6630 tests
Collect Results
Check Equivalence
Completed 1000cases
Completed 2000cases
Completed 3000cases
Completed 4000cases
Completed 5000cases
Completed 6000cases
Execution time vpextrw_r64_xmm_imm8_221: 44 s
Thread 9 done!: vpextrw_r64_xmm_imm8_221
[4m[1m[34mFiring 1.[0m
Thread 10 start: vpextrw_r64_xmm_imm8_223
timeout 30m  /home/sdasgup3/Github/strata/stoke/./bin/stoke_check_circuit --strata_path /home/sdasgup3/Github/strata-data/circuits --target concrete_instances/immediate-variants/vpextrw_r64_xmm_imm8/instructions/vpextrw_r64_xmm_imm8_223/vpextrw_r64_xmm_imm8_223.s --functions /home/sdasgup3/Github/strata-data/data-regs/functions --testcases /home/sdasgup3/Github/strata-data/data-regs/testcases.tc --def_in "{ %xmm1 }" --live_out "{ %rbx }" --maybe_undef_out "{ }" 
Reading the Testsuit
Preparing Sandbox
Run 6630 tests
Collect Results
Check Equivalence
Completed 1000cases
Completed 2000cases
Completed 3000cases
Completed 4000cases
Completed 5000cases
Completed 6000cases
Execution time vpextrw_r64_xmm_imm8_223: 43 s
Thread 10 done!: vpextrw_r64_xmm_imm8_223
[4m[1m[34mFiring 1.[0m
Thread 11 start: vpextrw_r64_xmm_imm8_239
timeout 30m  /home/sdasgup3/Github/strata/stoke/./bin/stoke_check_circuit --strata_path /home/sdasgup3/Github/strata-data/circuits --target concrete_instances/immediate-variants/vpextrw_r64_xmm_imm8/instructions/vpextrw_r64_xmm_imm8_239/vpextrw_r64_xmm_imm8_239.s --functions /home/sdasgup3/Github/strata-data/data-regs/functions --testcases /home/sdasgup3/Github/strata-data/data-regs/testcases.tc --def_in "{ %xmm1 }" --live_out "{ %rbx }" --maybe_undef_out "{ }" 
Reading the Testsuit
Preparing Sandbox
Run 6630 tests
Collect Results
Check Equivalence
Completed 1000cases
Completed 2000cases
Completed 3000cases
Completed 4000cases
Completed 5000cases
Completed 6000cases
Execution time vpextrw_r64_xmm_imm8_239: 43 s
Thread 11 done!: vpextrw_r64_xmm_imm8_239
[4m[1m[34mFiring 1.[0m
Thread 12 start: vpextrw_r64_xmm_imm8_254
timeout 30m  /home/sdasgup3/Github/strata/stoke/./bin/stoke_check_circuit --strata_path /home/sdasgup3/Github/strata-data/circuits --target concrete_instances/immediate-variants/vpextrw_r64_xmm_imm8/instructions/vpextrw_r64_xmm_imm8_254/vpextrw_r64_xmm_imm8_254.s --functions /home/sdasgup3/Github/strata-data/data-regs/functions --testcases /home/sdasgup3/Github/strata-data/data-regs/testcases.tc --def_in "{ %xmm1 }" --live_out "{ %rbx }" --maybe_undef_out "{ }" 
Reading the Testsuit
Preparing Sandbox
Run 6630 tests
Collect Results
Check Equivalence
Completed 1000cases
Completed 2000cases
Completed 3000cases
Completed 4000cases
Completed 5000cases
Completed 6000cases
Execution time vpextrw_r64_xmm_imm8_254: 43 s
Thread 12 done!: vpextrw_r64_xmm_imm8_254
