/home/sdasgup3/Github/strata/stoke/bin/specgen compare --circuit_dir /home/sdasgup3/Github/strata-data/circuits --opcode vpblendd_xmm_xmm_xmm_imm8_0 
Equivalent.
/home/sdasgup3/Github/strata/stoke/bin/specgen compare --circuit_dir /home/sdasgup3/Github/strata-data/circuits --opcode vpblendd_xmm_xmm_xmm_imm8_1 
Equivalent.
/home/sdasgup3/Github/strata/stoke/bin/specgen compare --circuit_dir /home/sdasgup3/Github/strata-data/circuits --opcode vpblendd_xmm_xmm_xmm_imm8_2 
Equivalent.
/home/sdasgup3/Github/strata/stoke/bin/specgen compare --circuit_dir /home/sdasgup3/Github/strata-data/circuits --opcode vpblendd_xmm_xmm_xmm_imm8_3 
Equivalent.
/home/sdasgup3/Github/strata/stoke/bin/specgen compare --circuit_dir /home/sdasgup3/Github/strata-data/circuits --opcode vpblendd_xmm_xmm_xmm_imm8_4 
Equivalent.
/home/sdasgup3/Github/strata/stoke/bin/specgen compare --circuit_dir /home/sdasgup3/Github/strata-data/circuits --opcode vpblendd_xmm_xmm_xmm_imm8_5 
strata does not support 'vpblendd $0x5, %xmm3, %xmm2, %xmm1'.
/home/sdasgup3/Github/strata/stoke/bin/specgen compare --circuit_dir /home/sdasgup3/Github/strata-data/circuits --opcode vpblendd_xmm_xmm_xmm_imm8_6 
strata does not support 'vpblendd $0x6, %xmm3, %xmm2, %xmm1'.
/home/sdasgup3/Github/strata/stoke/bin/specgen compare --circuit_dir /home/sdasgup3/Github/strata-data/circuits --opcode vpblendd_xmm_xmm_xmm_imm8_7 
Equivalent.
/home/sdasgup3/Github/strata/stoke/bin/specgen compare --circuit_dir /home/sdasgup3/Github/strata-data/circuits --opcode vpblendd_xmm_xmm_xmm_imm8_8 
strata does not support 'vpblendd $0x8, %xmm3, %xmm2, %xmm1'.
/home/sdasgup3/Github/strata/stoke/bin/specgen compare --circuit_dir /home/sdasgup3/Github/strata-data/circuits --opcode vpblendd_xmm_xmm_xmm_imm8_9 
strata does not support 'vpblendd $0x9, %xmm3, %xmm2, %xmm1'.
/home/sdasgup3/Github/strata/stoke/bin/specgen compare --circuit_dir /home/sdasgup3/Github/strata-data/circuits --opcode vpblendd_xmm_xmm_xmm_imm8_10 
strata does not support 'vpblendd $0xa, %xmm3, %xmm2, %xmm1'.
/home/sdasgup3/Github/strata/stoke/bin/specgen compare --circuit_dir /home/sdasgup3/Github/strata-data/circuits --opcode vpblendd_xmm_xmm_xmm_imm8_11 
strata does not support 'vpblendd $0xb, %xmm3, %xmm2, %xmm1'.
/home/sdasgup3/Github/strata/stoke/bin/specgen compare --circuit_dir /home/sdasgup3/Github/strata-data/circuits --opcode vpblendd_xmm_xmm_xmm_imm8_12 
Equivalent.
/home/sdasgup3/Github/strata/stoke/bin/specgen compare --circuit_dir /home/sdasgup3/Github/strata-data/circuits --opcode vpblendd_xmm_xmm_xmm_imm8_13 
Equivalent.
/home/sdasgup3/Github/strata/stoke/bin/specgen compare --circuit_dir /home/sdasgup3/Github/strata-data/circuits --opcode vpblendd_xmm_xmm_xmm_imm8_14 
Equivalent.
/home/sdasgup3/Github/strata/stoke/bin/specgen compare --circuit_dir /home/sdasgup3/Github/strata-data/circuits --opcode vpblendd_xmm_xmm_xmm_imm8_15 
Equivalent.
/home/sdasgup3/Github/strata/stoke/bin/specgen compare --circuit_dir /home/sdasgup3/Github/strata-data/circuits --opcode vpblendd_xmm_xmm_xmm_imm8_16 
Equivalent.
/home/sdasgup3/Github/strata/stoke/bin/specgen compare --circuit_dir /home/sdasgup3/Github/strata-data/circuits --opcode vpblendd_xmm_xmm_xmm_imm8_17 
Equivalent.
/home/sdasgup3/Github/strata/stoke/bin/specgen compare --circuit_dir /home/sdasgup3/Github/strata-data/circuits --opcode vpblendd_xmm_xmm_xmm_imm8_18 
Equivalent.
/home/sdasgup3/Github/strata/stoke/bin/specgen compare --circuit_dir /home/sdasgup3/Github/strata-data/circuits --opcode vpblendd_xmm_xmm_xmm_imm8_19 
Equivalent.
/home/sdasgup3/Github/strata/stoke/bin/specgen compare --circuit_dir /home/sdasgup3/Github/strata-data/circuits --opcode vpblendd_xmm_xmm_xmm_imm8_20 
strata does not support 'vpblendd $0x14, %xmm3, %xmm2, %xmm1'.
/home/sdasgup3/Github/strata/stoke/bin/specgen compare --circuit_dir /home/sdasgup3/Github/strata-data/circuits --opcode vpblendd_xmm_xmm_xmm_imm8_21 
strata does not support 'vpblendd $0x15, %xmm3, %xmm2, %xmm1'.
/home/sdasgup3/Github/strata/stoke/bin/specgen compare --circuit_dir /home/sdasgup3/Github/strata-data/circuits --opcode vpblendd_xmm_xmm_xmm_imm8_22 
Circuit for 'vpblendd $0x16, %xmm3, %xmm2, %xmm1' (opcode vpblendd_xmm_xmm_xmm_imm8_22)
  not equivalent for '%ymm1':
    strata:        0x0₁₂₈ ∘ (%ymm2[127:96] ∘ vfnmsub132_double(0x0₃₂ ∘ %ymm2[95:64], %ymm3[127:64], 0x0₃₂ ∘ %ymm2[95:64])[31:0] ∘ %ymm3[63:32] ∘ %ymm2[31:0])
    hand-written:  0x0₁₂₈ ∘ (%ymm2[127:96] ∘ (%ymm3[95:32] ∘ %ymm2[31:0]))


/home/sdasgup3/Github/strata/stoke/bin/specgen compare --circuit_dir /home/sdasgup3/Github/strata-data/circuits --opcode vpblendd_xmm_xmm_xmm_imm8_23 
Equivalent.
/home/sdasgup3/Github/strata/stoke/bin/specgen compare --circuit_dir /home/sdasgup3/Github/strata-data/circuits --opcode vpblendd_xmm_xmm_xmm_imm8_24 
strata does not support 'vpblendd $0x18, %xmm3, %xmm2, %xmm1'.
/home/sdasgup3/Github/strata/stoke/bin/specgen compare --circuit_dir /home/sdasgup3/Github/strata-data/circuits --opcode vpblendd_xmm_xmm_xmm_imm8_25 
strata does not support 'vpblendd $0x19, %xmm3, %xmm2, %xmm1'.
/home/sdasgup3/Github/strata/stoke/bin/specgen compare --circuit_dir /home/sdasgup3/Github/strata-data/circuits --opcode vpblendd_xmm_xmm_xmm_imm8_26 
strata does not support 'vpblendd $0x1a, %xmm3, %xmm2, %xmm1'.
/home/sdasgup3/Github/strata/stoke/bin/specgen compare --circuit_dir /home/sdasgup3/Github/strata-data/circuits --opcode vpblendd_xmm_xmm_xmm_imm8_27 
Equivalent.
/home/sdasgup3/Github/strata/stoke/bin/specgen compare --circuit_dir /home/sdasgup3/Github/strata-data/circuits --opcode vpblendd_xmm_xmm_xmm_imm8_28 
Equivalent.
/home/sdasgup3/Github/strata/stoke/bin/specgen compare --circuit_dir /home/sdasgup3/Github/strata-data/circuits --opcode vpblendd_xmm_xmm_xmm_imm8_29 
strata does not support 'vpblendd $0x1d, %xmm3, %xmm2, %xmm1'.
/home/sdasgup3/Github/strata/stoke/bin/specgen compare --circuit_dir /home/sdasgup3/Github/strata-data/circuits --opcode vpblendd_xmm_xmm_xmm_imm8_30 
Equivalent.
/home/sdasgup3/Github/strata/stoke/bin/specgen compare --circuit_dir /home/sdasgup3/Github/strata-data/circuits --opcode vpblendd_xmm_xmm_xmm_imm8_31 
Equivalent.
/home/sdasgup3/Github/strata/stoke/bin/specgen compare --circuit_dir /home/sdasgup3/Github/strata-data/circuits --opcode vpblendd_xmm_xmm_xmm_imm8_32 
Equivalent.
/home/sdasgup3/Github/strata/stoke/bin/specgen compare --circuit_dir /home/sdasgup3/Github/strata-data/circuits --opcode vpblendd_xmm_xmm_xmm_imm8_33 
Equivalent.
/home/sdasgup3/Github/strata/stoke/bin/specgen compare --circuit_dir /home/sdasgup3/Github/strata-data/circuits --opcode vpblendd_xmm_xmm_xmm_imm8_34 
Equivalent.
/home/sdasgup3/Github/strata/stoke/bin/specgen compare --circuit_dir /home/sdasgup3/Github/strata-data/circuits --opcode vpblendd_xmm_xmm_xmm_imm8_35 
Equivalent.
/home/sdasgup3/Github/strata/stoke/bin/specgen compare --circuit_dir /home/sdasgup3/Github/strata-data/circuits --opcode vpblendd_xmm_xmm_xmm_imm8_36 
Equivalent.
/home/sdasgup3/Github/strata/stoke/bin/specgen compare --circuit_dir /home/sdasgup3/Github/strata-data/circuits --opcode vpblendd_xmm_xmm_xmm_imm8_37 
strata does not support 'vpblendd $0x25, %xmm3, %xmm2, %xmm1'.
/home/sdasgup3/Github/strata/stoke/bin/specgen compare --circuit_dir /home/sdasgup3/Github/strata-data/circuits --opcode vpblendd_xmm_xmm_xmm_imm8_38 
strata does not support 'vpblendd $0x26, %xmm3, %xmm2, %xmm1'.
/home/sdasgup3/Github/strata/stoke/bin/specgen compare --circuit_dir /home/sdasgup3/Github/strata-data/circuits --opcode vpblendd_xmm_xmm_xmm_imm8_39 
strata does not support 'vpblendd $0x27, %xmm3, %xmm2, %xmm1'.
/home/sdasgup3/Github/strata/stoke/bin/specgen compare --circuit_dir /home/sdasgup3/Github/strata-data/circuits --opcode vpblendd_xmm_xmm_xmm_imm8_40 
Equivalent.
/home/sdasgup3/Github/strata/stoke/bin/specgen compare --circuit_dir /home/sdasgup3/Github/strata-data/circuits --opcode vpblendd_xmm_xmm_xmm_imm8_41 
strata does not support 'vpblendd $0x29, %xmm3, %xmm2, %xmm1'.
/home/sdasgup3/Github/strata/stoke/bin/specgen compare --circuit_dir /home/sdasgup3/Github/strata-data/circuits --opcode vpblendd_xmm_xmm_xmm_imm8_42 
strata does not support 'vpblendd $0x2a, %xmm3, %xmm2, %xmm1'.
/home/sdasgup3/Github/strata/stoke/bin/specgen compare --circuit_dir /home/sdasgup3/Github/strata-data/circuits --opcode vpblendd_xmm_xmm_xmm_imm8_43 
Equivalent.
/home/sdasgup3/Github/strata/stoke/bin/specgen compare --circuit_dir /home/sdasgup3/Github/strata-data/circuits --opcode vpblendd_xmm_xmm_xmm_imm8_44 
Equivalent.
/home/sdasgup3/Github/strata/stoke/bin/specgen compare --circuit_dir /home/sdasgup3/Github/strata-data/circuits --opcode vpblendd_xmm_xmm_xmm_imm8_45 
Equivalent.
/home/sdasgup3/Github/strata/stoke/bin/specgen compare --circuit_dir /home/sdasgup3/Github/strata-data/circuits --opcode vpblendd_xmm_xmm_xmm_imm8_46 
Equivalent.
/home/sdasgup3/Github/strata/stoke/bin/specgen compare --circuit_dir /home/sdasgup3/Github/strata-data/circuits --opcode vpblendd_xmm_xmm_xmm_imm8_47 
Equivalent.
/home/sdasgup3/Github/strata/stoke/bin/specgen compare --circuit_dir /home/sdasgup3/Github/strata-data/circuits --opcode vpblendd_xmm_xmm_xmm_imm8_48 
Equivalent.
/home/sdasgup3/Github/strata/stoke/bin/specgen compare --circuit_dir /home/sdasgup3/Github/strata-data/circuits --opcode vpblendd_xmm_xmm_xmm_imm8_49 
Equivalent.
/home/sdasgup3/Github/strata/stoke/bin/specgen compare --circuit_dir /home/sdasgup3/Github/strata-data/circuits --opcode vpblendd_xmm_xmm_xmm_imm8_50 
strata does not support 'vpblendd $0x32, %xmm3, %xmm2, %xmm1'.
/home/sdasgup3/Github/strata/stoke/bin/specgen compare --circuit_dir /home/sdasgup3/Github/strata-data/circuits --opcode vpblendd_xmm_xmm_xmm_imm8_51 
Equivalent.
/home/sdasgup3/Github/strata/stoke/bin/specgen compare --circuit_dir /home/sdasgup3/Github/strata-data/circuits --opcode vpblendd_xmm_xmm_xmm_imm8_52 
strata does not support 'vpblendd $0x34, %xmm3, %xmm2, %xmm1'.
/home/sdasgup3/Github/strata/stoke/bin/specgen compare --circuit_dir /home/sdasgup3/Github/strata-data/circuits --opcode vpblendd_xmm_xmm_xmm_imm8_53 
Equivalent.
/home/sdasgup3/Github/strata/stoke/bin/specgen compare --circuit_dir /home/sdasgup3/Github/strata-data/circuits --opcode vpblendd_xmm_xmm_xmm_imm8_54 
strata does not support 'vpblendd $0x36, %xmm3, %xmm2, %xmm1'.
/home/sdasgup3/Github/strata/stoke/bin/specgen compare --circuit_dir /home/sdasgup3/Github/strata-data/circuits --opcode vpblendd_xmm_xmm_xmm_imm8_55 
Equivalent.
/home/sdasgup3/Github/strata/stoke/bin/specgen compare --circuit_dir /home/sdasgup3/Github/strata-data/circuits --opcode vpblendd_xmm_xmm_xmm_imm8_56 
Equivalent.
/home/sdasgup3/Github/strata/stoke/bin/specgen compare --circuit_dir /home/sdasgup3/Github/strata-data/circuits --opcode vpblendd_xmm_xmm_xmm_imm8_57 
strata does not support 'vpblendd $0x39, %xmm3, %xmm2, %xmm1'.
/home/sdasgup3/Github/strata/stoke/bin/specgen compare --circuit_dir /home/sdasgup3/Github/strata-data/circuits --opcode vpblendd_xmm_xmm_xmm_imm8_58 
Equivalent.
/home/sdasgup3/Github/strata/stoke/bin/specgen compare --circuit_dir /home/sdasgup3/Github/strata-data/circuits --opcode vpblendd_xmm_xmm_xmm_imm8_59 
Circuit for 'vpblendd $0x3b, %xmm3, %xmm2, %xmm1' (opcode vpblendd_xmm_xmm_xmm_imm8_59)
  not equivalent for '%ymm1':
    strata:        0x0₁₂₈ ∘ (%ymm3[127:96] ∘ vfmsub132_double(vfnmsub132_double(mincmp_double(0x0₆₄, 0x0₃₂ ∘ %ymm2[63:32]) = 0x1₁ ? 0x0₆₄ : 0x0₃₂ ∘ %ymm2[63:32], 0x0₃₂ ∘ %ymm2[63:32], mincmp_double(0x0₆₄, 0x0₃₂ ∘ %ymm2[63:32]) = 0x1₁ ? 0x0₆₄ : 0x0₃₂ ∘ %ymm2[63:32]), 0x0₃₂ ∘ %ymm2[95:64], 0x0₃₂ ∘ %ymm3[95:64])[31:0] ∘ %ymm3[63:32] ∘ %ymm3[31:0])
    hand-written:  0x0₁₂₈ ∘ (%ymm3[127:96] ∘ (%ymm2[95:64] ∘ %ymm3[63:0]))


/home/sdasgup3/Github/strata/stoke/bin/specgen compare --circuit_dir /home/sdasgup3/Github/strata-data/circuits --opcode vpblendd_xmm_xmm_xmm_imm8_60 
Equivalent.
/home/sdasgup3/Github/strata/stoke/bin/specgen compare --circuit_dir /home/sdasgup3/Github/strata-data/circuits --opcode vpblendd_xmm_xmm_xmm_imm8_61 
strata does not support 'vpblendd $0x3d, %xmm3, %xmm2, %xmm1'.
/home/sdasgup3/Github/strata/stoke/bin/specgen compare --circuit_dir /home/sdasgup3/Github/strata-data/circuits --opcode vpblendd_xmm_xmm_xmm_imm8_62 
Equivalent.
/home/sdasgup3/Github/strata/stoke/bin/specgen compare --circuit_dir /home/sdasgup3/Github/strata-data/circuits --opcode vpblendd_xmm_xmm_xmm_imm8_63 
Equivalent.
/home/sdasgup3/Github/strata/stoke/bin/specgen compare --circuit_dir /home/sdasgup3/Github/strata-data/circuits --opcode vpblendd_xmm_xmm_xmm_imm8_64 
Equivalent.
/home/sdasgup3/Github/strata/stoke/bin/specgen compare --circuit_dir /home/sdasgup3/Github/strata-data/circuits --opcode vpblendd_xmm_xmm_xmm_imm8_65 
Equivalent.
/home/sdasgup3/Github/strata/stoke/bin/specgen compare --circuit_dir /home/sdasgup3/Github/strata-data/circuits --opcode vpblendd_xmm_xmm_xmm_imm8_66 
strata does not support 'vpblendd $0x42, %xmm3, %xmm2, %xmm1'.
/home/sdasgup3/Github/strata/stoke/bin/specgen compare --circuit_dir /home/sdasgup3/Github/strata-data/circuits --opcode vpblendd_xmm_xmm_xmm_imm8_67 
Equivalent.
/home/sdasgup3/Github/strata/stoke/bin/specgen compare --circuit_dir /home/sdasgup3/Github/strata-data/circuits --opcode vpblendd_xmm_xmm_xmm_imm8_68 
strata does not support 'vpblendd $0x44, %xmm3, %xmm2, %xmm1'.
/home/sdasgup3/Github/strata/stoke/bin/specgen compare --circuit_dir /home/sdasgup3/Github/strata-data/circuits --opcode vpblendd_xmm_xmm_xmm_imm8_69 
strata does not support 'vpblendd $0x45, %xmm3, %xmm2, %xmm1'.
/home/sdasgup3/Github/strata/stoke/bin/specgen compare --circuit_dir /home/sdasgup3/Github/strata-data/circuits --opcode vpblendd_xmm_xmm_xmm_imm8_70 
Circuit for 'vpblendd $0x46, %xmm3, %xmm2, %xmm1' (opcode vpblendd_xmm_xmm_xmm_imm8_70)
  not equivalent for '%ymm1':
    strata:        0x0₁₂₈ ∘ (%ymm2[127:96] ∘ add_double(0x0₆₄, %ymm3[127:64])[31:0] ∘ vfmsub132_double(0x0₃₂ ∘ %ymm2[95:64], vfnmsub132_double(0x0₆₄, %ymm3[63:32] ∘ %ymm3[63:32], 0x0₆₄), 0x0₃₂ ∘ %ymm2[63:32])[31:0] ∘ %ymm2[31:0])
    hand-written:  0x0₁₂₈ ∘ (%ymm2[127:96] ∘ (%ymm3[95:32] ∘ %ymm2[31:0]))


/home/sdasgup3/Github/strata/stoke/bin/specgen compare --circuit_dir /home/sdasgup3/Github/strata-data/circuits --opcode vpblendd_xmm_xmm_xmm_imm8_71 
strata does not support 'vpblendd $0x47, %xmm3, %xmm2, %xmm1'.
/home/sdasgup3/Github/strata/stoke/bin/specgen compare --circuit_dir /home/sdasgup3/Github/strata-data/circuits --opcode vpblendd_xmm_xmm_xmm_imm8_72 
Equivalent.
/home/sdasgup3/Github/strata/stoke/bin/specgen compare --circuit_dir /home/sdasgup3/Github/strata-data/circuits --opcode vpblendd_xmm_xmm_xmm_imm8_73 
strata does not support 'vpblendd $0x49, %xmm3, %xmm2, %xmm1'.
/home/sdasgup3/Github/strata/stoke/bin/specgen compare --circuit_dir /home/sdasgup3/Github/strata-data/circuits --opcode vpblendd_xmm_xmm_xmm_imm8_74 
Equivalent.
/home/sdasgup3/Github/strata/stoke/bin/specgen compare --circuit_dir /home/sdasgup3/Github/strata-data/circuits --opcode vpblendd_xmm_xmm_xmm_imm8_75 
Equivalent.
/home/sdasgup3/Github/strata/stoke/bin/specgen compare --circuit_dir /home/sdasgup3/Github/strata-data/circuits --opcode vpblendd_xmm_xmm_xmm_imm8_76 
Equivalent.
/home/sdasgup3/Github/strata/stoke/bin/specgen compare --circuit_dir /home/sdasgup3/Github/strata-data/circuits --opcode vpblendd_xmm_xmm_xmm_imm8_77 
strata does not support 'vpblendd $0x4d, %xmm3, %xmm2, %xmm1'.
/home/sdasgup3/Github/strata/stoke/bin/specgen compare --circuit_dir /home/sdasgup3/Github/strata-data/circuits --opcode vpblendd_xmm_xmm_xmm_imm8_78 
Equivalent.
/home/sdasgup3/Github/strata/stoke/bin/specgen compare --circuit_dir /home/sdasgup3/Github/strata-data/circuits --opcode vpblendd_xmm_xmm_xmm_imm8_79 
Equivalent.
/home/sdasgup3/Github/strata/stoke/bin/specgen compare --circuit_dir /home/sdasgup3/Github/strata-data/circuits --opcode vpblendd_xmm_xmm_xmm_imm8_80 
Equivalent.
/home/sdasgup3/Github/strata/stoke/bin/specgen compare --circuit_dir /home/sdasgup3/Github/strata-data/circuits --opcode vpblendd_xmm_xmm_xmm_imm8_81 
Equivalent.
/home/sdasgup3/Github/strata/stoke/bin/specgen compare --circuit_dir /home/sdasgup3/Github/strata-data/circuits --opcode vpblendd_xmm_xmm_xmm_imm8_82 
strata does not support 'vpblendd $0x52, %xmm3, %xmm2, %xmm1'.
/home/sdasgup3/Github/strata/stoke/bin/specgen compare --circuit_dir /home/sdasgup3/Github/strata-data/circuits --opcode vpblendd_xmm_xmm_xmm_imm8_83 
Equivalent.
/home/sdasgup3/Github/strata/stoke/bin/specgen compare --circuit_dir /home/sdasgup3/Github/strata-data/circuits --opcode vpblendd_xmm_xmm_xmm_imm8_84 
strata does not support 'vpblendd $0x54, %xmm3, %xmm2, %xmm1'.
/home/sdasgup3/Github/strata/stoke/bin/specgen compare --circuit_dir /home/sdasgup3/Github/strata-data/circuits --opcode vpblendd_xmm_xmm_xmm_imm8_85 
strata does not support 'vpblendd $0x55, %xmm3, %xmm2, %xmm1'.
/home/sdasgup3/Github/strata/stoke/bin/specgen compare --circuit_dir /home/sdasgup3/Github/strata-data/circuits --opcode vpblendd_xmm_xmm_xmm_imm8_86 
strata does not support 'vpblendd $0x56, %xmm3, %xmm2, %xmm1'.
/home/sdasgup3/Github/strata/stoke/bin/specgen compare --circuit_dir /home/sdasgup3/Github/strata-data/circuits --opcode vpblendd_xmm_xmm_xmm_imm8_87 
strata does not support 'vpblendd $0x57, %xmm3, %xmm2, %xmm1'.
/home/sdasgup3/Github/strata/stoke/bin/specgen compare --circuit_dir /home/sdasgup3/Github/strata-data/circuits --opcode vpblendd_xmm_xmm_xmm_imm8_88 
Equivalent.
/home/sdasgup3/Github/strata/stoke/bin/specgen compare --circuit_dir /home/sdasgup3/Github/strata-data/circuits --opcode vpblendd_xmm_xmm_xmm_imm8_89 
strata does not support 'vpblendd $0x59, %xmm3, %xmm2, %xmm1'.
/home/sdasgup3/Github/strata/stoke/bin/specgen compare --circuit_dir /home/sdasgup3/Github/strata-data/circuits --opcode vpblendd_xmm_xmm_xmm_imm8_90 
Equivalent.
/home/sdasgup3/Github/strata/stoke/bin/specgen compare --circuit_dir /home/sdasgup3/Github/strata-data/circuits --opcode vpblendd_xmm_xmm_xmm_imm8_91 
Equivalent.
/home/sdasgup3/Github/strata/stoke/bin/specgen compare --circuit_dir /home/sdasgup3/Github/strata-data/circuits --opcode vpblendd_xmm_xmm_xmm_imm8_92 
Equivalent.
/home/sdasgup3/Github/strata/stoke/bin/specgen compare --circuit_dir /home/sdasgup3/Github/strata-data/circuits --opcode vpblendd_xmm_xmm_xmm_imm8_93 
strata does not support 'vpblendd $0x5d, %xmm3, %xmm2, %xmm1'.
/home/sdasgup3/Github/strata/stoke/bin/specgen compare --circuit_dir /home/sdasgup3/Github/strata-data/circuits --opcode vpblendd_xmm_xmm_xmm_imm8_94 
Equivalent.
/home/sdasgup3/Github/strata/stoke/bin/specgen compare --circuit_dir /home/sdasgup3/Github/strata-data/circuits --opcode vpblendd_xmm_xmm_xmm_imm8_95 
Equivalent.
/home/sdasgup3/Github/strata/stoke/bin/specgen compare --circuit_dir /home/sdasgup3/Github/strata-data/circuits --opcode vpblendd_xmm_xmm_xmm_imm8_96 
Equivalent.
/home/sdasgup3/Github/strata/stoke/bin/specgen compare --circuit_dir /home/sdasgup3/Github/strata-data/circuits --opcode vpblendd_xmm_xmm_xmm_imm8_97 
Equivalent.
/home/sdasgup3/Github/strata/stoke/bin/specgen compare --circuit_dir /home/sdasgup3/Github/strata-data/circuits --opcode vpblendd_xmm_xmm_xmm_imm8_98 
strata does not support 'vpblendd $0x62, %xmm3, %xmm2, %xmm1'.
/home/sdasgup3/Github/strata/stoke/bin/specgen compare --circuit_dir /home/sdasgup3/Github/strata-data/circuits --opcode vpblendd_xmm_xmm_xmm_imm8_99 
Equivalent.
/home/sdasgup3/Github/strata/stoke/bin/specgen compare --circuit_dir /home/sdasgup3/Github/strata-data/circuits --opcode vpblendd_xmm_xmm_xmm_imm8_100 
Equivalent.
/home/sdasgup3/Github/strata/stoke/bin/specgen compare --circuit_dir /home/sdasgup3/Github/strata-data/circuits --opcode vpblendd_xmm_xmm_xmm_imm8_101 
strata does not support 'vpblendd $0x65, %xmm3, %xmm2, %xmm1'.
/home/sdasgup3/Github/strata/stoke/bin/specgen compare --circuit_dir /home/sdasgup3/Github/strata-data/circuits --opcode vpblendd_xmm_xmm_xmm_imm8_102 
strata does not support 'vpblendd $0x66, %xmm3, %xmm2, %xmm1'.
/home/sdasgup3/Github/strata/stoke/bin/specgen compare --circuit_dir /home/sdasgup3/Github/strata-data/circuits --opcode vpblendd_xmm_xmm_xmm_imm8_103 
Equivalent.
/home/sdasgup3/Github/strata/stoke/bin/specgen compare --circuit_dir /home/sdasgup3/Github/strata-data/circuits --opcode vpblendd_xmm_xmm_xmm_imm8_104 
strata does not support 'vpblendd $0x68, %xmm3, %xmm2, %xmm1'.
/home/sdasgup3/Github/strata/stoke/bin/specgen compare --circuit_dir /home/sdasgup3/Github/strata-data/circuits --opcode vpblendd_xmm_xmm_xmm_imm8_105 
strata does not support 'vpblendd $0x69, %xmm3, %xmm2, %xmm1'.
/home/sdasgup3/Github/strata/stoke/bin/specgen compare --circuit_dir /home/sdasgup3/Github/strata-data/circuits --opcode vpblendd_xmm_xmm_xmm_imm8_106 
strata does not support 'vpblendd $0x6a, %xmm3, %xmm2, %xmm1'.
/home/sdasgup3/Github/strata/stoke/bin/specgen compare --circuit_dir /home/sdasgup3/Github/strata-data/circuits --opcode vpblendd_xmm_xmm_xmm_imm8_107 
Equivalent.
/home/sdasgup3/Github/strata/stoke/bin/specgen compare --circuit_dir /home/sdasgup3/Github/strata-data/circuits --opcode vpblendd_xmm_xmm_xmm_imm8_108 
Equivalent.
/home/sdasgup3/Github/strata/stoke/bin/specgen compare --circuit_dir /home/sdasgup3/Github/strata-data/circuits --opcode vpblendd_xmm_xmm_xmm_imm8_109 
Equivalent.
/home/sdasgup3/Github/strata/stoke/bin/specgen compare --circuit_dir /home/sdasgup3/Github/strata-data/circuits --opcode vpblendd_xmm_xmm_xmm_imm8_110 
Equivalent.
/home/sdasgup3/Github/strata/stoke/bin/specgen compare --circuit_dir /home/sdasgup3/Github/strata-data/circuits --opcode vpblendd_xmm_xmm_xmm_imm8_111 
Equivalent.
/home/sdasgup3/Github/strata/stoke/bin/specgen compare --circuit_dir /home/sdasgup3/Github/strata-data/circuits --opcode vpblendd_xmm_xmm_xmm_imm8_112 
Equivalent.
/home/sdasgup3/Github/strata/stoke/bin/specgen compare --circuit_dir /home/sdasgup3/Github/strata-data/circuits --opcode vpblendd_xmm_xmm_xmm_imm8_113 
Equivalent.
/home/sdasgup3/Github/strata/stoke/bin/specgen compare --circuit_dir /home/sdasgup3/Github/strata-data/circuits --opcode vpblendd_xmm_xmm_xmm_imm8_114 
Equivalent.
/home/sdasgup3/Github/strata/stoke/bin/specgen compare --circuit_dir /home/sdasgup3/Github/strata-data/circuits --opcode vpblendd_xmm_xmm_xmm_imm8_115 
Equivalent.
/home/sdasgup3/Github/strata/stoke/bin/specgen compare --circuit_dir /home/sdasgup3/Github/strata-data/circuits --opcode vpblendd_xmm_xmm_xmm_imm8_116 
Equivalent.
/home/sdasgup3/Github/strata/stoke/bin/specgen compare --circuit_dir /home/sdasgup3/Github/strata-data/circuits --opcode vpblendd_xmm_xmm_xmm_imm8_117 
Equivalent.
/home/sdasgup3/Github/strata/stoke/bin/specgen compare --circuit_dir /home/sdasgup3/Github/strata-data/circuits --opcode vpblendd_xmm_xmm_xmm_imm8_118 
Equivalent.
/home/sdasgup3/Github/strata/stoke/bin/specgen compare --circuit_dir /home/sdasgup3/Github/strata-data/circuits --opcode vpblendd_xmm_xmm_xmm_imm8_119 
strata does not support 'vpblendd $0x77, %xmm3, %xmm2, %xmm1'.
/home/sdasgup3/Github/strata/stoke/bin/specgen compare --circuit_dir /home/sdasgup3/Github/strata-data/circuits --opcode vpblendd_xmm_xmm_xmm_imm8_120 
strata does not support 'vpblendd $0x78, %xmm3, %xmm2, %xmm1'.
/home/sdasgup3/Github/strata/stoke/bin/specgen compare --circuit_dir /home/sdasgup3/Github/strata-data/circuits --opcode vpblendd_xmm_xmm_xmm_imm8_121 
strata does not support 'vpblendd $0x79, %xmm3, %xmm2, %xmm1'.
/home/sdasgup3/Github/strata/stoke/bin/specgen compare --circuit_dir /home/sdasgup3/Github/strata-data/circuits --opcode vpblendd_xmm_xmm_xmm_imm8_122 
Equivalent.
/home/sdasgup3/Github/strata/stoke/bin/specgen compare --circuit_dir /home/sdasgup3/Github/strata-data/circuits --opcode vpblendd_xmm_xmm_xmm_imm8_123 
Equivalent.
/home/sdasgup3/Github/strata/stoke/bin/specgen compare --circuit_dir /home/sdasgup3/Github/strata-data/circuits --opcode vpblendd_xmm_xmm_xmm_imm8_124 
Equivalent.
/home/sdasgup3/Github/strata/stoke/bin/specgen compare --circuit_dir /home/sdasgup3/Github/strata-data/circuits --opcode vpblendd_xmm_xmm_xmm_imm8_125 
Equivalent.
/home/sdasgup3/Github/strata/stoke/bin/specgen compare --circuit_dir /home/sdasgup3/Github/strata-data/circuits --opcode vpblendd_xmm_xmm_xmm_imm8_126 
Equivalent.
/home/sdasgup3/Github/strata/stoke/bin/specgen compare --circuit_dir /home/sdasgup3/Github/strata-data/circuits --opcode vpblendd_xmm_xmm_xmm_imm8_127 
Equivalent.
/home/sdasgup3/Github/strata/stoke/bin/specgen compare --circuit_dir /home/sdasgup3/Github/strata-data/circuits --opcode vpblendd_xmm_xmm_xmm_imm8_128 
Equivalent.
/home/sdasgup3/Github/strata/stoke/bin/specgen compare --circuit_dir /home/sdasgup3/Github/strata-data/circuits --opcode vpblendd_xmm_xmm_xmm_imm8_129 
Equivalent.
/home/sdasgup3/Github/strata/stoke/bin/specgen compare --circuit_dir /home/sdasgup3/Github/strata-data/circuits --opcode vpblendd_xmm_xmm_xmm_imm8_130 
Equivalent.
/home/sdasgup3/Github/strata/stoke/bin/specgen compare --circuit_dir /home/sdasgup3/Github/strata-data/circuits --opcode vpblendd_xmm_xmm_xmm_imm8_131 
Equivalent.
/home/sdasgup3/Github/strata/stoke/bin/specgen compare --circuit_dir /home/sdasgup3/Github/strata-data/circuits --opcode vpblendd_xmm_xmm_xmm_imm8_132 
strata does not support 'vpblendd $0x84, %xmm3, %xmm2, %xmm1'.
/home/sdasgup3/Github/strata/stoke/bin/specgen compare --circuit_dir /home/sdasgup3/Github/strata-data/circuits --opcode vpblendd_xmm_xmm_xmm_imm8_133 
Equivalent.
/home/sdasgup3/Github/strata/stoke/bin/specgen compare --circuit_dir /home/sdasgup3/Github/strata-data/circuits --opcode vpblendd_xmm_xmm_xmm_imm8_134 
strata does not support 'vpblendd $0x86, %xmm3, %xmm2, %xmm1'.
/home/sdasgup3/Github/strata/stoke/bin/specgen compare --circuit_dir /home/sdasgup3/Github/strata-data/circuits --opcode vpblendd_xmm_xmm_xmm_imm8_135 
Equivalent.
/home/sdasgup3/Github/strata/stoke/bin/specgen compare --circuit_dir /home/sdasgup3/Github/strata-data/circuits --opcode vpblendd_xmm_xmm_xmm_imm8_136 
Equivalent.
/home/sdasgup3/Github/strata/stoke/bin/specgen compare --circuit_dir /home/sdasgup3/Github/strata-data/circuits --opcode vpblendd_xmm_xmm_xmm_imm8_137 
strata does not support 'vpblendd $0x89, %xmm3, %xmm2, %xmm1'.
/home/sdasgup3/Github/strata/stoke/bin/specgen compare --circuit_dir /home/sdasgup3/Github/strata-data/circuits --opcode vpblendd_xmm_xmm_xmm_imm8_138 
strata does not support 'vpblendd $0x8a, %xmm3, %xmm2, %xmm1'.
/home/sdasgup3/Github/strata/stoke/bin/specgen compare --circuit_dir /home/sdasgup3/Github/strata-data/circuits --opcode vpblendd_xmm_xmm_xmm_imm8_139 
strata does not support 'vpblendd $0x8b, %xmm3, %xmm2, %xmm1'.
/home/sdasgup3/Github/strata/stoke/bin/specgen compare --circuit_dir /home/sdasgup3/Github/strata-data/circuits --opcode vpblendd_xmm_xmm_xmm_imm8_140 
Equivalent.
/home/sdasgup3/Github/strata/stoke/bin/specgen compare --circuit_dir /home/sdasgup3/Github/strata-data/circuits --opcode vpblendd_xmm_xmm_xmm_imm8_141 
Equivalent.
/home/sdasgup3/Github/strata/stoke/bin/specgen compare --circuit_dir /home/sdasgup3/Github/strata-data/circuits --opcode vpblendd_xmm_xmm_xmm_imm8_142 
Equivalent.
/home/sdasgup3/Github/strata/stoke/bin/specgen compare --circuit_dir /home/sdasgup3/Github/strata-data/circuits --opcode vpblendd_xmm_xmm_xmm_imm8_143 
Equivalent.
/home/sdasgup3/Github/strata/stoke/bin/specgen compare --circuit_dir /home/sdasgup3/Github/strata-data/circuits --opcode vpblendd_xmm_xmm_xmm_imm8_144 
Equivalent.
/home/sdasgup3/Github/strata/stoke/bin/specgen compare --circuit_dir /home/sdasgup3/Github/strata-data/circuits --opcode vpblendd_xmm_xmm_xmm_imm8_145 
Equivalent.
/home/sdasgup3/Github/strata/stoke/bin/specgen compare --circuit_dir /home/sdasgup3/Github/strata-data/circuits --opcode vpblendd_xmm_xmm_xmm_imm8_146 
Equivalent.
/home/sdasgup3/Github/strata/stoke/bin/specgen compare --circuit_dir /home/sdasgup3/Github/strata-data/circuits --opcode vpblendd_xmm_xmm_xmm_imm8_147 
Equivalent.
/home/sdasgup3/Github/strata/stoke/bin/specgen compare --circuit_dir /home/sdasgup3/Github/strata-data/circuits --opcode vpblendd_xmm_xmm_xmm_imm8_148 
strata does not support 'vpblendd $0x94, %xmm3, %xmm2, %xmm1'.
/home/sdasgup3/Github/strata/stoke/bin/specgen compare --circuit_dir /home/sdasgup3/Github/strata-data/circuits --opcode vpblendd_xmm_xmm_xmm_imm8_149 
Equivalent.
/home/sdasgup3/Github/strata/stoke/bin/specgen compare --circuit_dir /home/sdasgup3/Github/strata-data/circuits --opcode vpblendd_xmm_xmm_xmm_imm8_150 
strata does not support 'vpblendd $0x96, %xmm3, %xmm2, %xmm1'.
/home/sdasgup3/Github/strata/stoke/bin/specgen compare --circuit_dir /home/sdasgup3/Github/strata-data/circuits --opcode vpblendd_xmm_xmm_xmm_imm8_151 
strata does not support 'vpblendd $0x97, %xmm3, %xmm2, %xmm1'.
/home/sdasgup3/Github/strata/stoke/bin/specgen compare --circuit_dir /home/sdasgup3/Github/strata-data/circuits --opcode vpblendd_xmm_xmm_xmm_imm8_152 
Equivalent.
/home/sdasgup3/Github/strata/stoke/bin/specgen compare --circuit_dir /home/sdasgup3/Github/strata-data/circuits --opcode vpblendd_xmm_xmm_xmm_imm8_153 
Circuit for 'vpblendd $0x99, %xmm3, %xmm2, %xmm1' (opcode vpblendd_xmm_xmm_xmm_imm8_153)
  not equivalent for '%ymm1':
    strata:        0x0₁₂₈ ∘ (%ymm3[127:96] ∘ %ymm2[95:64] ∘ vfmsub132_double(0x0₃₂ ∘ %ymm3[63:32], 0x0₃₂ ∘ %ymm2[63:32], 0x0₃₂ ∘ %ymm2[63:32])[31:0] ∘ %ymm3[31:0])
    hand-written:  0x0₁₂₈ ∘ (%ymm3[127:96] ∘ (%ymm2[95:32] ∘ %ymm3[31:0]))


/home/sdasgup3/Github/strata/stoke/bin/specgen compare --circuit_dir /home/sdasgup3/Github/strata-data/circuits --opcode vpblendd_xmm_xmm_xmm_imm8_154 
strata does not support 'vpblendd $0x9a, %xmm3, %xmm2, %xmm1'.
/home/sdasgup3/Github/strata/stoke/bin/specgen compare --circuit_dir /home/sdasgup3/Github/strata-data/circuits --opcode vpblendd_xmm_xmm_xmm_imm8_155 
strata does not support 'vpblendd $0x9b, %xmm3, %xmm2, %xmm1'.
/home/sdasgup3/Github/strata/stoke/bin/specgen compare --circuit_dir /home/sdasgup3/Github/strata-data/circuits --opcode vpblendd_xmm_xmm_xmm_imm8_156 
Equivalent.
/home/sdasgup3/Github/strata/stoke/bin/specgen compare --circuit_dir /home/sdasgup3/Github/strata-data/circuits --opcode vpblendd_xmm_xmm_xmm_imm8_157 
Equivalent.
/home/sdasgup3/Github/strata/stoke/bin/specgen compare --circuit_dir /home/sdasgup3/Github/strata-data/circuits --opcode vpblendd_xmm_xmm_xmm_imm8_158 
Equivalent.
/home/sdasgup3/Github/strata/stoke/bin/specgen compare --circuit_dir /home/sdasgup3/Github/strata-data/circuits --opcode vpblendd_xmm_xmm_xmm_imm8_159 
Equivalent.
/home/sdasgup3/Github/strata/stoke/bin/specgen compare --circuit_dir /home/sdasgup3/Github/strata-data/circuits --opcode vpblendd_xmm_xmm_xmm_imm8_160 
Equivalent.
/home/sdasgup3/Github/strata/stoke/bin/specgen compare --circuit_dir /home/sdasgup3/Github/strata-data/circuits --opcode vpblendd_xmm_xmm_xmm_imm8_161 
Equivalent.
/home/sdasgup3/Github/strata/stoke/bin/specgen compare --circuit_dir /home/sdasgup3/Github/strata-data/circuits --opcode vpblendd_xmm_xmm_xmm_imm8_162 
strata does not support 'vpblendd $0xa2, %xmm3, %xmm2, %xmm1'.
/home/sdasgup3/Github/strata/stoke/bin/specgen compare --circuit_dir /home/sdasgup3/Github/strata-data/circuits --opcode vpblendd_xmm_xmm_xmm_imm8_163 
Equivalent.
/home/sdasgup3/Github/strata/stoke/bin/specgen compare --circuit_dir /home/sdasgup3/Github/strata-data/circuits --opcode vpblendd_xmm_xmm_xmm_imm8_164 
Equivalent.
/home/sdasgup3/Github/strata/stoke/bin/specgen compare --circuit_dir /home/sdasgup3/Github/strata-data/circuits --opcode vpblendd_xmm_xmm_xmm_imm8_165 
strata does not support 'vpblendd $0xa5, %xmm3, %xmm2, %xmm1'.
/home/sdasgup3/Github/strata/stoke/bin/specgen compare --circuit_dir /home/sdasgup3/Github/strata-data/circuits --opcode vpblendd_xmm_xmm_xmm_imm8_166 
strata does not support 'vpblendd $0xa6, %xmm3, %xmm2, %xmm1'.
/home/sdasgup3/Github/strata/stoke/bin/specgen compare --circuit_dir /home/sdasgup3/Github/strata-data/circuits --opcode vpblendd_xmm_xmm_xmm_imm8_167 
Equivalent.
/home/sdasgup3/Github/strata/stoke/bin/specgen compare --circuit_dir /home/sdasgup3/Github/strata-data/circuits --opcode vpblendd_xmm_xmm_xmm_imm8_168 
strata does not support 'vpblendd $0xa8, %xmm3, %xmm2, %xmm1'.
/home/sdasgup3/Github/strata/stoke/bin/specgen compare --circuit_dir /home/sdasgup3/Github/strata-data/circuits --opcode vpblendd_xmm_xmm_xmm_imm8_169 
Equivalent.
/home/sdasgup3/Github/strata/stoke/bin/specgen compare --circuit_dir /home/sdasgup3/Github/strata-data/circuits --opcode vpblendd_xmm_xmm_xmm_imm8_170 
strata does not support 'vpblendd $0xaa, %xmm3, %xmm2, %xmm1'.
/home/sdasgup3/Github/strata/stoke/bin/specgen compare --circuit_dir /home/sdasgup3/Github/strata-data/circuits --opcode vpblendd_xmm_xmm_xmm_imm8_171 
Equivalent.
/home/sdasgup3/Github/strata/stoke/bin/specgen compare --circuit_dir /home/sdasgup3/Github/strata-data/circuits --opcode vpblendd_xmm_xmm_xmm_imm8_172 
Equivalent.
/home/sdasgup3/Github/strata/stoke/bin/specgen compare --circuit_dir /home/sdasgup3/Github/strata-data/circuits --opcode vpblendd_xmm_xmm_xmm_imm8_173 
Equivalent.
/home/sdasgup3/Github/strata/stoke/bin/specgen compare --circuit_dir /home/sdasgup3/Github/strata-data/circuits --opcode vpblendd_xmm_xmm_xmm_imm8_174 
Equivalent.
/home/sdasgup3/Github/strata/stoke/bin/specgen compare --circuit_dir /home/sdasgup3/Github/strata-data/circuits --opcode vpblendd_xmm_xmm_xmm_imm8_175 
Equivalent.
/home/sdasgup3/Github/strata/stoke/bin/specgen compare --circuit_dir /home/sdasgup3/Github/strata-data/circuits --opcode vpblendd_xmm_xmm_xmm_imm8_176 
Equivalent.
/home/sdasgup3/Github/strata/stoke/bin/specgen compare --circuit_dir /home/sdasgup3/Github/strata-data/circuits --opcode vpblendd_xmm_xmm_xmm_imm8_177 
Equivalent.
/home/sdasgup3/Github/strata/stoke/bin/specgen compare --circuit_dir /home/sdasgup3/Github/strata-data/circuits --opcode vpblendd_xmm_xmm_xmm_imm8_178 
strata does not support 'vpblendd $0xb2, %xmm3, %xmm2, %xmm1'.
/home/sdasgup3/Github/strata/stoke/bin/specgen compare --circuit_dir /home/sdasgup3/Github/strata-data/circuits --opcode vpblendd_xmm_xmm_xmm_imm8_179 
Equivalent.
/home/sdasgup3/Github/strata/stoke/bin/specgen compare --circuit_dir /home/sdasgup3/Github/strata-data/circuits --opcode vpblendd_xmm_xmm_xmm_imm8_180 
Equivalent.
/home/sdasgup3/Github/strata/stoke/bin/specgen compare --circuit_dir /home/sdasgup3/Github/strata-data/circuits --opcode vpblendd_xmm_xmm_xmm_imm8_181 
Equivalent.
/home/sdasgup3/Github/strata/stoke/bin/specgen compare --circuit_dir /home/sdasgup3/Github/strata-data/circuits --opcode vpblendd_xmm_xmm_xmm_imm8_182 
strata does not support 'vpblendd $0xb6, %xmm3, %xmm2, %xmm1'.
/home/sdasgup3/Github/strata/stoke/bin/specgen compare --circuit_dir /home/sdasgup3/Github/strata-data/circuits --opcode vpblendd_xmm_xmm_xmm_imm8_183 
strata does not support 'vpblendd $0xb7, %xmm3, %xmm2, %xmm1'.
/home/sdasgup3/Github/strata/stoke/bin/specgen compare --circuit_dir /home/sdasgup3/Github/strata-data/circuits --opcode vpblendd_xmm_xmm_xmm_imm8_184 
strata does not support 'vpblendd $0xb8, %xmm3, %xmm2, %xmm1'.
/home/sdasgup3/Github/strata/stoke/bin/specgen compare --circuit_dir /home/sdasgup3/Github/strata-data/circuits --opcode vpblendd_xmm_xmm_xmm_imm8_185 
Circuit for 'vpblendd $0xb9, %xmm3, %xmm2, %xmm1' (opcode vpblendd_xmm_xmm_xmm_imm8_185)
  not equivalent for '%ymm1':
    strata:        0x0₁₂₈ ∘ (%ymm3[127:96] ∘ %ymm2[95:64] ∘ %ymm2[63:32] ∘ vfmsub132_double(0x0₃₂ ∘ %ymm2[31:0], vfnmsub132_double(0x0₆₄, %ymm3[63:0], 0x0₆₄), 0x0₃₂ ∘ %ymm2[95:64])[31:0])
    hand-written:  0x0₁₂₈ ∘ (%ymm3[127:96] ∘ (%ymm2[95:32] ∘ %ymm3[31:0]))


/home/sdasgup3/Github/strata/stoke/bin/specgen compare --circuit_dir /home/sdasgup3/Github/strata-data/circuits --opcode vpblendd_xmm_xmm_xmm_imm8_186 
strata does not support 'vpblendd $0xba, %xmm3, %xmm2, %xmm1'.
/home/sdasgup3/Github/strata/stoke/bin/specgen compare --circuit_dir /home/sdasgup3/Github/strata-data/circuits --opcode vpblendd_xmm_xmm_xmm_imm8_187 
Equivalent.
/home/sdasgup3/Github/strata/stoke/bin/specgen compare --circuit_dir /home/sdasgup3/Github/strata-data/circuits --opcode vpblendd_xmm_xmm_xmm_imm8_188 
Equivalent.
/home/sdasgup3/Github/strata/stoke/bin/specgen compare --circuit_dir /home/sdasgup3/Github/strata-data/circuits --opcode vpblendd_xmm_xmm_xmm_imm8_189 
strata does not support 'vpblendd $0xbd, %xmm3, %xmm2, %xmm1'.
/home/sdasgup3/Github/strata/stoke/bin/specgen compare --circuit_dir /home/sdasgup3/Github/strata-data/circuits --opcode vpblendd_xmm_xmm_xmm_imm8_190 
Equivalent.
/home/sdasgup3/Github/strata/stoke/bin/specgen compare --circuit_dir /home/sdasgup3/Github/strata-data/circuits --opcode vpblendd_xmm_xmm_xmm_imm8_191 
Equivalent.
/home/sdasgup3/Github/strata/stoke/bin/specgen compare --circuit_dir /home/sdasgup3/Github/strata-data/circuits --opcode vpblendd_xmm_xmm_xmm_imm8_192 
Equivalent.
/home/sdasgup3/Github/strata/stoke/bin/specgen compare --circuit_dir /home/sdasgup3/Github/strata-data/circuits --opcode vpblendd_xmm_xmm_xmm_imm8_193 
Equivalent.
/home/sdasgup3/Github/strata/stoke/bin/specgen compare --circuit_dir /home/sdasgup3/Github/strata-data/circuits --opcode vpblendd_xmm_xmm_xmm_imm8_194 
Equivalent.
/home/sdasgup3/Github/strata/stoke/bin/specgen compare --circuit_dir /home/sdasgup3/Github/strata-data/circuits --opcode vpblendd_xmm_xmm_xmm_imm8_195 
Equivalent.
/home/sdasgup3/Github/strata/stoke/bin/specgen compare --circuit_dir /home/sdasgup3/Github/strata-data/circuits --opcode vpblendd_xmm_xmm_xmm_imm8_196 
Equivalent.
/home/sdasgup3/Github/strata/stoke/bin/specgen compare --circuit_dir /home/sdasgup3/Github/strata-data/circuits --opcode vpblendd_xmm_xmm_xmm_imm8_197 
Equivalent.
/home/sdasgup3/Github/strata/stoke/bin/specgen compare --circuit_dir /home/sdasgup3/Github/strata-data/circuits --opcode vpblendd_xmm_xmm_xmm_imm8_198 
strata does not support 'vpblendd $0xc6, %xmm3, %xmm2, %xmm1'.
/home/sdasgup3/Github/strata/stoke/bin/specgen compare --circuit_dir /home/sdasgup3/Github/strata-data/circuits --opcode vpblendd_xmm_xmm_xmm_imm8_199 
Equivalent.
/home/sdasgup3/Github/strata/stoke/bin/specgen compare --circuit_dir /home/sdasgup3/Github/strata-data/circuits --opcode vpblendd_xmm_xmm_xmm_imm8_200 
Circuit for 'vpblendd $0xc8, %xmm3, %xmm2, %xmm1' (opcode vpblendd_xmm_xmm_xmm_imm8_200)
  not equivalent for '%ymm1':
    strata:        0x0₁₂₈ ∘ (%ymm3[127:96] ∘ %ymm2[95:64] ∘ %ymm2[63:32] ∘ vfnmsub132_double(0x0₃₂ ∘ %ymm2[31:0], 0x0₃₂ ∘ %ymm2[31:0], 0x0₃₂ ∘ %ymm2[127:96])[31:0])
    hand-written:  0x0₁₂₈ ∘ (%ymm3[127:96] ∘ %ymm2[95:0])


/home/sdasgup3/Github/strata/stoke/bin/specgen compare --circuit_dir /home/sdasgup3/Github/strata-data/circuits --opcode vpblendd_xmm_xmm_xmm_imm8_201 
Circuit for 'vpblendd $0xc9, %xmm3, %xmm2, %xmm1' (opcode vpblendd_xmm_xmm_xmm_imm8_201)
  not equivalent for '%ymm1':
    strata:        0x0₁₂₈ ∘ (%ymm3[127:96] ∘ vfmsub132_double(0x0₃₂ ∘ %ymm3[95:64], %ymm2[127:64], 0x0₃₂ ∘ %ymm3[95:64])[31:0] ∘ %ymm2[63:32] ∘ %ymm3[31:0])
    hand-written:  0x0₁₂₈ ∘ (%ymm3[127:96] ∘ (%ymm2[95:32] ∘ %ymm3[31:0]))


/home/sdasgup3/Github/strata/stoke/bin/specgen compare --circuit_dir /home/sdasgup3/Github/strata-data/circuits --opcode vpblendd_xmm_xmm_xmm_imm8_202 
Equivalent.
/home/sdasgup3/Github/strata/stoke/bin/specgen compare --circuit_dir /home/sdasgup3/Github/strata-data/circuits --opcode vpblendd_xmm_xmm_xmm_imm8_203 
strata does not support 'vpblendd $0xcb, %xmm3, %xmm2, %xmm1'.
/home/sdasgup3/Github/strata/stoke/bin/specgen compare --circuit_dir /home/sdasgup3/Github/strata-data/circuits --opcode vpblendd_xmm_xmm_xmm_imm8_204 
Equivalent.
/home/sdasgup3/Github/strata/stoke/bin/specgen compare --circuit_dir /home/sdasgup3/Github/strata-data/circuits --opcode vpblendd_xmm_xmm_xmm_imm8_205 
strata does not support 'vpblendd $0xcd, %xmm3, %xmm2, %xmm1'.
/home/sdasgup3/Github/strata/stoke/bin/specgen compare --circuit_dir /home/sdasgup3/Github/strata-data/circuits --opcode vpblendd_xmm_xmm_xmm_imm8_206 
Equivalent.
/home/sdasgup3/Github/strata/stoke/bin/specgen compare --circuit_dir /home/sdasgup3/Github/strata-data/circuits --opcode vpblendd_xmm_xmm_xmm_imm8_207 
Equivalent.
/home/sdasgup3/Github/strata/stoke/bin/specgen compare --circuit_dir /home/sdasgup3/Github/strata-data/circuits --opcode vpblendd_xmm_xmm_xmm_imm8_208 
Equivalent.
/home/sdasgup3/Github/strata/stoke/bin/specgen compare --circuit_dir /home/sdasgup3/Github/strata-data/circuits --opcode vpblendd_xmm_xmm_xmm_imm8_209 
Equivalent.
/home/sdasgup3/Github/strata/stoke/bin/specgen compare --circuit_dir /home/sdasgup3/Github/strata-data/circuits --opcode vpblendd_xmm_xmm_xmm_imm8_210 
Equivalent.
/home/sdasgup3/Github/strata/stoke/bin/specgen compare --circuit_dir /home/sdasgup3/Github/strata-data/circuits --opcode vpblendd_xmm_xmm_xmm_imm8_211 
Equivalent.
/home/sdasgup3/Github/strata/stoke/bin/specgen compare --circuit_dir /home/sdasgup3/Github/strata-data/circuits --opcode vpblendd_xmm_xmm_xmm_imm8_212 
Equivalent.
/home/sdasgup3/Github/strata/stoke/bin/specgen compare --circuit_dir /home/sdasgup3/Github/strata-data/circuits --opcode vpblendd_xmm_xmm_xmm_imm8_213 
strata does not support 'vpblendd $0xd5, %xmm3, %xmm2, %xmm1'.
/home/sdasgup3/Github/strata/stoke/bin/specgen compare --circuit_dir /home/sdasgup3/Github/strata-data/circuits --opcode vpblendd_xmm_xmm_xmm_imm8_214 
strata does not support 'vpblendd $0xd6, %xmm3, %xmm2, %xmm1'.
/home/sdasgup3/Github/strata/stoke/bin/specgen compare --circuit_dir /home/sdasgup3/Github/strata-data/circuits --opcode vpblendd_xmm_xmm_xmm_imm8_215 
Equivalent.
/home/sdasgup3/Github/strata/stoke/bin/specgen compare --circuit_dir /home/sdasgup3/Github/strata-data/circuits --opcode vpblendd_xmm_xmm_xmm_imm8_216 
strata does not support 'vpblendd $0xd8, %xmm3, %xmm2, %xmm1'.
/home/sdasgup3/Github/strata/stoke/bin/specgen compare --circuit_dir /home/sdasgup3/Github/strata-data/circuits --opcode vpblendd_xmm_xmm_xmm_imm8_217 
Equivalent.
/home/sdasgup3/Github/strata/stoke/bin/specgen compare --circuit_dir /home/sdasgup3/Github/strata-data/circuits --opcode vpblendd_xmm_xmm_xmm_imm8_218 
strata does not support 'vpblendd $0xda, %xmm3, %xmm2, %xmm1'.
/home/sdasgup3/Github/strata/stoke/bin/specgen compare --circuit_dir /home/sdasgup3/Github/strata-data/circuits --opcode vpblendd_xmm_xmm_xmm_imm8_219 
strata does not support 'vpblendd $0xdb, %xmm3, %xmm2, %xmm1'.
/home/sdasgup3/Github/strata/stoke/bin/specgen compare --circuit_dir /home/sdasgup3/Github/strata-data/circuits --opcode vpblendd_xmm_xmm_xmm_imm8_220 
Equivalent.
/home/sdasgup3/Github/strata/stoke/bin/specgen compare --circuit_dir /home/sdasgup3/Github/strata-data/circuits --opcode vpblendd_xmm_xmm_xmm_imm8_221 
strata does not support 'vpblendd $0xdd, %xmm3, %xmm2, %xmm1'.
/home/sdasgup3/Github/strata/stoke/bin/specgen compare --circuit_dir /home/sdasgup3/Github/strata-data/circuits --opcode vpblendd_xmm_xmm_xmm_imm8_222 
Equivalent.
/home/sdasgup3/Github/strata/stoke/bin/specgen compare --circuit_dir /home/sdasgup3/Github/strata-data/circuits --opcode vpblendd_xmm_xmm_xmm_imm8_223 
Equivalent.
/home/sdasgup3/Github/strata/stoke/bin/specgen compare --circuit_dir /home/sdasgup3/Github/strata-data/circuits --opcode vpblendd_xmm_xmm_xmm_imm8_224 
Equivalent.
/home/sdasgup3/Github/strata/stoke/bin/specgen compare --circuit_dir /home/sdasgup3/Github/strata-data/circuits --opcode vpblendd_xmm_xmm_xmm_imm8_225 
Equivalent.
/home/sdasgup3/Github/strata/stoke/bin/specgen compare --circuit_dir /home/sdasgup3/Github/strata-data/circuits --opcode vpblendd_xmm_xmm_xmm_imm8_226 
Equivalent.
/home/sdasgup3/Github/strata/stoke/bin/specgen compare --circuit_dir /home/sdasgup3/Github/strata-data/circuits --opcode vpblendd_xmm_xmm_xmm_imm8_227 
Equivalent.
/home/sdasgup3/Github/strata/stoke/bin/specgen compare --circuit_dir /home/sdasgup3/Github/strata-data/circuits --opcode vpblendd_xmm_xmm_xmm_imm8_228 
Circuit for 'vpblendd $0xe4, %xmm3, %xmm2, %xmm1' (opcode vpblendd_xmm_xmm_xmm_imm8_228)
  not equivalent for '%ymm1':
    strata:        0x0₁₂₈ ∘ (%ymm2[127:96] ∘ vfmsub132_double(0x0₃₂ ∘ %ymm2[63:32], 0x0₃₂ ∘ %ymm3[95:64], 0x0₃₂ ∘ %ymm2[95:64])[31:0] ∘ %ymm2[63:32] ∘ %ymm2[31:0])
    hand-written:  0x0₁₂₈ ∘ (%ymm2[127:96] ∘ (%ymm3[95:64] ∘ %ymm2[63:0]))


/home/sdasgup3/Github/strata/stoke/bin/specgen compare --circuit_dir /home/sdasgup3/Github/strata-data/circuits --opcode vpblendd_xmm_xmm_xmm_imm8_229 
Equivalent.
/home/sdasgup3/Github/strata/stoke/bin/specgen compare --circuit_dir /home/sdasgup3/Github/strata-data/circuits --opcode vpblendd_xmm_xmm_xmm_imm8_230 
strata does not support 'vpblendd $0xe6, %xmm3, %xmm2, %xmm1'.
/home/sdasgup3/Github/strata/stoke/bin/specgen compare --circuit_dir /home/sdasgup3/Github/strata-data/circuits --opcode vpblendd_xmm_xmm_xmm_imm8_231 
strata does not support 'vpblendd $0xe7, %xmm3, %xmm2, %xmm1'.
/home/sdasgup3/Github/strata/stoke/bin/specgen compare --circuit_dir /home/sdasgup3/Github/strata-data/circuits --opcode vpblendd_xmm_xmm_xmm_imm8_232 
strata does not support 'vpblendd $0xe8, %xmm3, %xmm2, %xmm1'.
/home/sdasgup3/Github/strata/stoke/bin/specgen compare --circuit_dir /home/sdasgup3/Github/strata-data/circuits --opcode vpblendd_xmm_xmm_xmm_imm8_233 
strata does not support 'vpblendd $0xe9, %xmm3, %xmm2, %xmm1'.
/home/sdasgup3/Github/strata/stoke/bin/specgen compare --circuit_dir /home/sdasgup3/Github/strata-data/circuits --opcode vpblendd_xmm_xmm_xmm_imm8_234 
Equivalent.
/home/sdasgup3/Github/strata/stoke/bin/specgen compare --circuit_dir /home/sdasgup3/Github/strata-data/circuits --opcode vpblendd_xmm_xmm_xmm_imm8_235 
Equivalent.
/home/sdasgup3/Github/strata/stoke/bin/specgen compare --circuit_dir /home/sdasgup3/Github/strata-data/circuits --opcode vpblendd_xmm_xmm_xmm_imm8_236 
Equivalent.
/home/sdasgup3/Github/strata/stoke/bin/specgen compare --circuit_dir /home/sdasgup3/Github/strata-data/circuits --opcode vpblendd_xmm_xmm_xmm_imm8_237 
Equivalent.
/home/sdasgup3/Github/strata/stoke/bin/specgen compare --circuit_dir /home/sdasgup3/Github/strata-data/circuits --opcode vpblendd_xmm_xmm_xmm_imm8_238 
Equivalent.
/home/sdasgup3/Github/strata/stoke/bin/specgen compare --circuit_dir /home/sdasgup3/Github/strata-data/circuits --opcode vpblendd_xmm_xmm_xmm_imm8_239 
Equivalent.
/home/sdasgup3/Github/strata/stoke/bin/specgen compare --circuit_dir /home/sdasgup3/Github/strata-data/circuits --opcode vpblendd_xmm_xmm_xmm_imm8_240 
Equivalent.
/home/sdasgup3/Github/strata/stoke/bin/specgen compare --circuit_dir /home/sdasgup3/Github/strata-data/circuits --opcode vpblendd_xmm_xmm_xmm_imm8_241 
Equivalent.
/home/sdasgup3/Github/strata/stoke/bin/specgen compare --circuit_dir /home/sdasgup3/Github/strata-data/circuits --opcode vpblendd_xmm_xmm_xmm_imm8_242 
strata does not support 'vpblendd $0xf2, %xmm3, %xmm2, %xmm1'.
/home/sdasgup3/Github/strata/stoke/bin/specgen compare --circuit_dir /home/sdasgup3/Github/strata-data/circuits --opcode vpblendd_xmm_xmm_xmm_imm8_243 
Equivalent.
/home/sdasgup3/Github/strata/stoke/bin/specgen compare --circuit_dir /home/sdasgup3/Github/strata-data/circuits --opcode vpblendd_xmm_xmm_xmm_imm8_244 
Equivalent.
/home/sdasgup3/Github/strata/stoke/bin/specgen compare --circuit_dir /home/sdasgup3/Github/strata-data/circuits --opcode vpblendd_xmm_xmm_xmm_imm8_245 
strata does not support 'vpblendd $0xf5, %xmm3, %xmm2, %xmm1'.
/home/sdasgup3/Github/strata/stoke/bin/specgen compare --circuit_dir /home/sdasgup3/Github/strata-data/circuits --opcode vpblendd_xmm_xmm_xmm_imm8_246 
Equivalent.
/home/sdasgup3/Github/strata/stoke/bin/specgen compare --circuit_dir /home/sdasgup3/Github/strata-data/circuits --opcode vpblendd_xmm_xmm_xmm_imm8_247 
strata does not support 'vpblendd $0xf7, %xmm3, %xmm2, %xmm1'.
/home/sdasgup3/Github/strata/stoke/bin/specgen compare --circuit_dir /home/sdasgup3/Github/strata-data/circuits --opcode vpblendd_xmm_xmm_xmm_imm8_248 
strata does not support 'vpblendd $0xf8, %xmm3, %xmm2, %xmm1'.
/home/sdasgup3/Github/strata/stoke/bin/specgen compare --circuit_dir /home/sdasgup3/Github/strata-data/circuits --opcode vpblendd_xmm_xmm_xmm_imm8_249 
strata does not support 'vpblendd $0xf9, %xmm3, %xmm2, %xmm1'.
/home/sdasgup3/Github/strata/stoke/bin/specgen compare --circuit_dir /home/sdasgup3/Github/strata-data/circuits --opcode vpblendd_xmm_xmm_xmm_imm8_250 
Circuit for 'vpblendd $0xfa, %xmm3, %xmm2, %xmm1' (opcode vpblendd_xmm_xmm_xmm_imm8_250)
  not equivalent for '%ymm1':
    strata:        0x0₁₂₈ ∘ (%ymm3[127:96] ∘ vfmsub132_double(vfnmsub132_double(mincmp_double(0x0₆₄, 0x0₃₂ ∘ %ymm3[127:96]) = 0x1₁ ? 0x0₆₄ : 0x0₃₂ ∘ %ymm3[127:96], 0x0₃₂ ∘ %ymm3[127:96], mincmp_double(0x0₆₄, 0x0₃₂ ∘ %ymm3[127:96]) = 0x1₁ ? 0x0₆₄ : 0x0₃₂ ∘ %ymm3[127:96]), vfmsub132_double(vfnmsub132_double(0x0₆₄, 0x0₆₄, 0x0₆₄), 0x0₃₂ ∘ %ymm2[95:64], 0x0₆₄), 0x0₃₂ ∘ %ymm3[95:64])[31:0] ∘ %ymm3[63:32] ∘ vfmsub132_double(0x0₃₂ ∘ %ymm3[31:0], %ymm2[63:0], 0x0₃₂ ∘ %ymm2[95:64])[31:0])
    hand-written:  0x0₁₂₈ ∘ (%ymm3[127:96] ∘ (%ymm2[95:64] ∘ (%ymm3[63:32] ∘ %ymm2[31:0])))


/home/sdasgup3/Github/strata/stoke/bin/specgen compare --circuit_dir /home/sdasgup3/Github/strata-data/circuits --opcode vpblendd_xmm_xmm_xmm_imm8_251 
Equivalent.
/home/sdasgup3/Github/strata/stoke/bin/specgen compare --circuit_dir /home/sdasgup3/Github/strata-data/circuits --opcode vpblendd_xmm_xmm_xmm_imm8_252 
Equivalent.
/home/sdasgup3/Github/strata/stoke/bin/specgen compare --circuit_dir /home/sdasgup3/Github/strata-data/circuits --opcode vpblendd_xmm_xmm_xmm_imm8_253 
Equivalent.
/home/sdasgup3/Github/strata/stoke/bin/specgen compare --circuit_dir /home/sdasgup3/Github/strata-data/circuits --opcode vpblendd_xmm_xmm_xmm_imm8_254 
Equivalent.
/home/sdasgup3/Github/strata/stoke/bin/specgen compare --circuit_dir /home/sdasgup3/Github/strata-data/circuits --opcode vpblendd_xmm_xmm_xmm_imm8_255 
Equivalent.
