/home/sdasgup3/Github/strata/stoke/bin/specgen compare --circuit_dir /home/sdasgup3/Github/strata-data/circuits --opcode vpblendw_ymm_ymm_ymm_imm8_0 
Equivalent.
/home/sdasgup3/Github/strata/stoke/bin/specgen compare --circuit_dir /home/sdasgup3/Github/strata-data/circuits --opcode vpblendw_ymm_ymm_ymm_imm8_1 
strata does not support 'vpblendw $0x1, %ymm3, %ymm2, %ymm1'.
/home/sdasgup3/Github/strata/stoke/bin/specgen compare --circuit_dir /home/sdasgup3/Github/strata-data/circuits --opcode vpblendw_ymm_ymm_ymm_imm8_2 
strata does not support 'vpblendw $0x2, %ymm3, %ymm2, %ymm1'.
/home/sdasgup3/Github/strata/stoke/bin/specgen compare --circuit_dir /home/sdasgup3/Github/strata-data/circuits --opcode vpblendw_ymm_ymm_ymm_imm8_3 
strata does not support 'vpblendw $0x3, %ymm3, %ymm2, %ymm1'.
/home/sdasgup3/Github/strata/stoke/bin/specgen compare --circuit_dir /home/sdasgup3/Github/strata-data/circuits --opcode vpblendw_ymm_ymm_ymm_imm8_4 
strata does not support 'vpblendw $0x4, %ymm3, %ymm2, %ymm1'.
/home/sdasgup3/Github/strata/stoke/bin/specgen compare --circuit_dir /home/sdasgup3/Github/strata-data/circuits --opcode vpblendw_ymm_ymm_ymm_imm8_5 
strata does not support 'vpblendw $0x5, %ymm3, %ymm2, %ymm1'.
/home/sdasgup3/Github/strata/stoke/bin/specgen compare --circuit_dir /home/sdasgup3/Github/strata-data/circuits --opcode vpblendw_ymm_ymm_ymm_imm8_6 
strata does not support 'vpblendw $0x6, %ymm3, %ymm2, %ymm1'.
/home/sdasgup3/Github/strata/stoke/bin/specgen compare --circuit_dir /home/sdasgup3/Github/strata-data/circuits --opcode vpblendw_ymm_ymm_ymm_imm8_7 
strata does not support 'vpblendw $0x7, %ymm3, %ymm2, %ymm1'.
/home/sdasgup3/Github/strata/stoke/bin/specgen compare --circuit_dir /home/sdasgup3/Github/strata-data/circuits --opcode vpblendw_ymm_ymm_ymm_imm8_8 
strata does not support 'vpblendw $0x8, %ymm3, %ymm2, %ymm1'.
/home/sdasgup3/Github/strata/stoke/bin/specgen compare --circuit_dir /home/sdasgup3/Github/strata-data/circuits --opcode vpblendw_ymm_ymm_ymm_imm8_9 
strata does not support 'vpblendw $0x9, %ymm3, %ymm2, %ymm1'.
/home/sdasgup3/Github/strata/stoke/bin/specgen compare --circuit_dir /home/sdasgup3/Github/strata-data/circuits --opcode vpblendw_ymm_ymm_ymm_imm8_10 
strata does not support 'vpblendw $0xa, %ymm3, %ymm2, %ymm1'.
/home/sdasgup3/Github/strata/stoke/bin/specgen compare --circuit_dir /home/sdasgup3/Github/strata-data/circuits --opcode vpblendw_ymm_ymm_ymm_imm8_11 
strata does not support 'vpblendw $0xb, %ymm3, %ymm2, %ymm1'.
/home/sdasgup3/Github/strata/stoke/bin/specgen compare --circuit_dir /home/sdasgup3/Github/strata-data/circuits --opcode vpblendw_ymm_ymm_ymm_imm8_12 
strata does not support 'vpblendw $0xc, %ymm3, %ymm2, %ymm1'.
/home/sdasgup3/Github/strata/stoke/bin/specgen compare --circuit_dir /home/sdasgup3/Github/strata-data/circuits --opcode vpblendw_ymm_ymm_ymm_imm8_13 
strata does not support 'vpblendw $0xd, %ymm3, %ymm2, %ymm1'.
/home/sdasgup3/Github/strata/stoke/bin/specgen compare --circuit_dir /home/sdasgup3/Github/strata-data/circuits --opcode vpblendw_ymm_ymm_ymm_imm8_14 
strata does not support 'vpblendw $0xe, %ymm3, %ymm2, %ymm1'.
/home/sdasgup3/Github/strata/stoke/bin/specgen compare --circuit_dir /home/sdasgup3/Github/strata-data/circuits --opcode vpblendw_ymm_ymm_ymm_imm8_15 
Equivalent.
/home/sdasgup3/Github/strata/stoke/bin/specgen compare --circuit_dir /home/sdasgup3/Github/strata-data/circuits --opcode vpblendw_ymm_ymm_ymm_imm8_16 
strata does not support 'vpblendw $0x10, %ymm3, %ymm2, %ymm1'.
/home/sdasgup3/Github/strata/stoke/bin/specgen compare --circuit_dir /home/sdasgup3/Github/strata-data/circuits --opcode vpblendw_ymm_ymm_ymm_imm8_17 
strata does not support 'vpblendw $0x11, %ymm3, %ymm2, %ymm1'.
/home/sdasgup3/Github/strata/stoke/bin/specgen compare --circuit_dir /home/sdasgup3/Github/strata-data/circuits --opcode vpblendw_ymm_ymm_ymm_imm8_18 
strata does not support 'vpblendw $0x12, %ymm3, %ymm2, %ymm1'.
/home/sdasgup3/Github/strata/stoke/bin/specgen compare --circuit_dir /home/sdasgup3/Github/strata-data/circuits --opcode vpblendw_ymm_ymm_ymm_imm8_19 
strata does not support 'vpblendw $0x13, %ymm3, %ymm2, %ymm1'.
/home/sdasgup3/Github/strata/stoke/bin/specgen compare --circuit_dir /home/sdasgup3/Github/strata-data/circuits --opcode vpblendw_ymm_ymm_ymm_imm8_20 
strata does not support 'vpblendw $0x14, %ymm3, %ymm2, %ymm1'.
/home/sdasgup3/Github/strata/stoke/bin/specgen compare --circuit_dir /home/sdasgup3/Github/strata-data/circuits --opcode vpblendw_ymm_ymm_ymm_imm8_21 
strata does not support 'vpblendw $0x15, %ymm3, %ymm2, %ymm1'.
/home/sdasgup3/Github/strata/stoke/bin/specgen compare --circuit_dir /home/sdasgup3/Github/strata-data/circuits --opcode vpblendw_ymm_ymm_ymm_imm8_22 
strata does not support 'vpblendw $0x16, %ymm3, %ymm2, %ymm1'.
/home/sdasgup3/Github/strata/stoke/bin/specgen compare --circuit_dir /home/sdasgup3/Github/strata-data/circuits --opcode vpblendw_ymm_ymm_ymm_imm8_23 
strata does not support 'vpblendw $0x17, %ymm3, %ymm2, %ymm1'.
/home/sdasgup3/Github/strata/stoke/bin/specgen compare --circuit_dir /home/sdasgup3/Github/strata-data/circuits --opcode vpblendw_ymm_ymm_ymm_imm8_24 
strata does not support 'vpblendw $0x18, %ymm3, %ymm2, %ymm1'.
/home/sdasgup3/Github/strata/stoke/bin/specgen compare --circuit_dir /home/sdasgup3/Github/strata-data/circuits --opcode vpblendw_ymm_ymm_ymm_imm8_25 
strata does not support 'vpblendw $0x19, %ymm3, %ymm2, %ymm1'.
/home/sdasgup3/Github/strata/stoke/bin/specgen compare --circuit_dir /home/sdasgup3/Github/strata-data/circuits --opcode vpblendw_ymm_ymm_ymm_imm8_26 
strata does not support 'vpblendw $0x1a, %ymm3, %ymm2, %ymm1'.
/home/sdasgup3/Github/strata/stoke/bin/specgen compare --circuit_dir /home/sdasgup3/Github/strata-data/circuits --opcode vpblendw_ymm_ymm_ymm_imm8_27 
strata does not support 'vpblendw $0x1b, %ymm3, %ymm2, %ymm1'.
/home/sdasgup3/Github/strata/stoke/bin/specgen compare --circuit_dir /home/sdasgup3/Github/strata-data/circuits --opcode vpblendw_ymm_ymm_ymm_imm8_28 
strata does not support 'vpblendw $0x1c, %ymm3, %ymm2, %ymm1'.
/home/sdasgup3/Github/strata/stoke/bin/specgen compare --circuit_dir /home/sdasgup3/Github/strata-data/circuits --opcode vpblendw_ymm_ymm_ymm_imm8_29 
strata does not support 'vpblendw $0x1d, %ymm3, %ymm2, %ymm1'.
/home/sdasgup3/Github/strata/stoke/bin/specgen compare --circuit_dir /home/sdasgup3/Github/strata-data/circuits --opcode vpblendw_ymm_ymm_ymm_imm8_30 
strata does not support 'vpblendw $0x1e, %ymm3, %ymm2, %ymm1'.
/home/sdasgup3/Github/strata/stoke/bin/specgen compare --circuit_dir /home/sdasgup3/Github/strata-data/circuits --opcode vpblendw_ymm_ymm_ymm_imm8_31 
strata does not support 'vpblendw $0x1f, %ymm3, %ymm2, %ymm1'.
/home/sdasgup3/Github/strata/stoke/bin/specgen compare --circuit_dir /home/sdasgup3/Github/strata-data/circuits --opcode vpblendw_ymm_ymm_ymm_imm8_32 
strata does not support 'vpblendw $0x20, %ymm3, %ymm2, %ymm1'.
/home/sdasgup3/Github/strata/stoke/bin/specgen compare --circuit_dir /home/sdasgup3/Github/strata-data/circuits --opcode vpblendw_ymm_ymm_ymm_imm8_33 
strata does not support 'vpblendw $0x21, %ymm3, %ymm2, %ymm1'.
/home/sdasgup3/Github/strata/stoke/bin/specgen compare --circuit_dir /home/sdasgup3/Github/strata-data/circuits --opcode vpblendw_ymm_ymm_ymm_imm8_34 
strata does not support 'vpblendw $0x22, %ymm3, %ymm2, %ymm1'.
/home/sdasgup3/Github/strata/stoke/bin/specgen compare --circuit_dir /home/sdasgup3/Github/strata-data/circuits --opcode vpblendw_ymm_ymm_ymm_imm8_35 
strata does not support 'vpblendw $0x23, %ymm3, %ymm2, %ymm1'.
/home/sdasgup3/Github/strata/stoke/bin/specgen compare --circuit_dir /home/sdasgup3/Github/strata-data/circuits --opcode vpblendw_ymm_ymm_ymm_imm8_36 
strata does not support 'vpblendw $0x24, %ymm3, %ymm2, %ymm1'.
/home/sdasgup3/Github/strata/stoke/bin/specgen compare --circuit_dir /home/sdasgup3/Github/strata-data/circuits --opcode vpblendw_ymm_ymm_ymm_imm8_37 
strata does not support 'vpblendw $0x25, %ymm3, %ymm2, %ymm1'.
/home/sdasgup3/Github/strata/stoke/bin/specgen compare --circuit_dir /home/sdasgup3/Github/strata-data/circuits --opcode vpblendw_ymm_ymm_ymm_imm8_38 
strata does not support 'vpblendw $0x26, %ymm3, %ymm2, %ymm1'.
/home/sdasgup3/Github/strata/stoke/bin/specgen compare --circuit_dir /home/sdasgup3/Github/strata-data/circuits --opcode vpblendw_ymm_ymm_ymm_imm8_39 
strata does not support 'vpblendw $0x27, %ymm3, %ymm2, %ymm1'.
/home/sdasgup3/Github/strata/stoke/bin/specgen compare --circuit_dir /home/sdasgup3/Github/strata-data/circuits --opcode vpblendw_ymm_ymm_ymm_imm8_40 
strata does not support 'vpblendw $0x28, %ymm3, %ymm2, %ymm1'.
/home/sdasgup3/Github/strata/stoke/bin/specgen compare --circuit_dir /home/sdasgup3/Github/strata-data/circuits --opcode vpblendw_ymm_ymm_ymm_imm8_41 
strata does not support 'vpblendw $0x29, %ymm3, %ymm2, %ymm1'.
/home/sdasgup3/Github/strata/stoke/bin/specgen compare --circuit_dir /home/sdasgup3/Github/strata-data/circuits --opcode vpblendw_ymm_ymm_ymm_imm8_42 
strata does not support 'vpblendw $0x2a, %ymm3, %ymm2, %ymm1'.
/home/sdasgup3/Github/strata/stoke/bin/specgen compare --circuit_dir /home/sdasgup3/Github/strata-data/circuits --opcode vpblendw_ymm_ymm_ymm_imm8_43 
strata does not support 'vpblendw $0x2b, %ymm3, %ymm2, %ymm1'.
/home/sdasgup3/Github/strata/stoke/bin/specgen compare --circuit_dir /home/sdasgup3/Github/strata-data/circuits --opcode vpblendw_ymm_ymm_ymm_imm8_44 
strata does not support 'vpblendw $0x2c, %ymm3, %ymm2, %ymm1'.
/home/sdasgup3/Github/strata/stoke/bin/specgen compare --circuit_dir /home/sdasgup3/Github/strata-data/circuits --opcode vpblendw_ymm_ymm_ymm_imm8_45 
strata does not support 'vpblendw $0x2d, %ymm3, %ymm2, %ymm1'.
/home/sdasgup3/Github/strata/stoke/bin/specgen compare --circuit_dir /home/sdasgup3/Github/strata-data/circuits --opcode vpblendw_ymm_ymm_ymm_imm8_46 
strata does not support 'vpblendw $0x2e, %ymm3, %ymm2, %ymm1'.
/home/sdasgup3/Github/strata/stoke/bin/specgen compare --circuit_dir /home/sdasgup3/Github/strata-data/circuits --opcode vpblendw_ymm_ymm_ymm_imm8_47 
strata does not support 'vpblendw $0x2f, %ymm3, %ymm2, %ymm1'.
/home/sdasgup3/Github/strata/stoke/bin/specgen compare --circuit_dir /home/sdasgup3/Github/strata-data/circuits --opcode vpblendw_ymm_ymm_ymm_imm8_48 
Equivalent.
/home/sdasgup3/Github/strata/stoke/bin/specgen compare --circuit_dir /home/sdasgup3/Github/strata-data/circuits --opcode vpblendw_ymm_ymm_ymm_imm8_49 
strata does not support 'vpblendw $0x31, %ymm3, %ymm2, %ymm1'.
/home/sdasgup3/Github/strata/stoke/bin/specgen compare --circuit_dir /home/sdasgup3/Github/strata-data/circuits --opcode vpblendw_ymm_ymm_ymm_imm8_50 
strata does not support 'vpblendw $0x32, %ymm3, %ymm2, %ymm1'.
/home/sdasgup3/Github/strata/stoke/bin/specgen compare --circuit_dir /home/sdasgup3/Github/strata-data/circuits --opcode vpblendw_ymm_ymm_ymm_imm8_51 
strata does not support 'vpblendw $0x33, %ymm3, %ymm2, %ymm1'.
/home/sdasgup3/Github/strata/stoke/bin/specgen compare --circuit_dir /home/sdasgup3/Github/strata-data/circuits --opcode vpblendw_ymm_ymm_ymm_imm8_52 
strata does not support 'vpblendw $0x34, %ymm3, %ymm2, %ymm1'.
/home/sdasgup3/Github/strata/stoke/bin/specgen compare --circuit_dir /home/sdasgup3/Github/strata-data/circuits --opcode vpblendw_ymm_ymm_ymm_imm8_53 
strata does not support 'vpblendw $0x35, %ymm3, %ymm2, %ymm1'.
/home/sdasgup3/Github/strata/stoke/bin/specgen compare --circuit_dir /home/sdasgup3/Github/strata-data/circuits --opcode vpblendw_ymm_ymm_ymm_imm8_54 
strata does not support 'vpblendw $0x36, %ymm3, %ymm2, %ymm1'.
/home/sdasgup3/Github/strata/stoke/bin/specgen compare --circuit_dir /home/sdasgup3/Github/strata-data/circuits --opcode vpblendw_ymm_ymm_ymm_imm8_55 
strata does not support 'vpblendw $0x37, %ymm3, %ymm2, %ymm1'.
/home/sdasgup3/Github/strata/stoke/bin/specgen compare --circuit_dir /home/sdasgup3/Github/strata-data/circuits --opcode vpblendw_ymm_ymm_ymm_imm8_56 
strata does not support 'vpblendw $0x38, %ymm3, %ymm2, %ymm1'.
/home/sdasgup3/Github/strata/stoke/bin/specgen compare --circuit_dir /home/sdasgup3/Github/strata-data/circuits --opcode vpblendw_ymm_ymm_ymm_imm8_57 
strata does not support 'vpblendw $0x39, %ymm3, %ymm2, %ymm1'.
/home/sdasgup3/Github/strata/stoke/bin/specgen compare --circuit_dir /home/sdasgup3/Github/strata-data/circuits --opcode vpblendw_ymm_ymm_ymm_imm8_58 
strata does not support 'vpblendw $0x3a, %ymm3, %ymm2, %ymm1'.
/home/sdasgup3/Github/strata/stoke/bin/specgen compare --circuit_dir /home/sdasgup3/Github/strata-data/circuits --opcode vpblendw_ymm_ymm_ymm_imm8_59 
strata does not support 'vpblendw $0x3b, %ymm3, %ymm2, %ymm1'.
/home/sdasgup3/Github/strata/stoke/bin/specgen compare --circuit_dir /home/sdasgup3/Github/strata-data/circuits --opcode vpblendw_ymm_ymm_ymm_imm8_60 
Equivalent.
/home/sdasgup3/Github/strata/stoke/bin/specgen compare --circuit_dir /home/sdasgup3/Github/strata-data/circuits --opcode vpblendw_ymm_ymm_ymm_imm8_61 
strata does not support 'vpblendw $0x3d, %ymm3, %ymm2, %ymm1'.
/home/sdasgup3/Github/strata/stoke/bin/specgen compare --circuit_dir /home/sdasgup3/Github/strata-data/circuits --opcode vpblendw_ymm_ymm_ymm_imm8_62 
strata does not support 'vpblendw $0x3e, %ymm3, %ymm2, %ymm1'.
/home/sdasgup3/Github/strata/stoke/bin/specgen compare --circuit_dir /home/sdasgup3/Github/strata-data/circuits --opcode vpblendw_ymm_ymm_ymm_imm8_63 
strata does not support 'vpblendw $0x3f, %ymm3, %ymm2, %ymm1'.
/home/sdasgup3/Github/strata/stoke/bin/specgen compare --circuit_dir /home/sdasgup3/Github/strata-data/circuits --opcode vpblendw_ymm_ymm_ymm_imm8_64 
strata does not support 'vpblendw $0x40, %ymm3, %ymm2, %ymm1'.
/home/sdasgup3/Github/strata/stoke/bin/specgen compare --circuit_dir /home/sdasgup3/Github/strata-data/circuits --opcode vpblendw_ymm_ymm_ymm_imm8_65 
strata does not support 'vpblendw $0x41, %ymm3, %ymm2, %ymm1'.
/home/sdasgup3/Github/strata/stoke/bin/specgen compare --circuit_dir /home/sdasgup3/Github/strata-data/circuits --opcode vpblendw_ymm_ymm_ymm_imm8_66 
strata does not support 'vpblendw $0x42, %ymm3, %ymm2, %ymm1'.
/home/sdasgup3/Github/strata/stoke/bin/specgen compare --circuit_dir /home/sdasgup3/Github/strata-data/circuits --opcode vpblendw_ymm_ymm_ymm_imm8_67 
strata does not support 'vpblendw $0x43, %ymm3, %ymm2, %ymm1'.
/home/sdasgup3/Github/strata/stoke/bin/specgen compare --circuit_dir /home/sdasgup3/Github/strata-data/circuits --opcode vpblendw_ymm_ymm_ymm_imm8_68 
strata does not support 'vpblendw $0x44, %ymm3, %ymm2, %ymm1'.
/home/sdasgup3/Github/strata/stoke/bin/specgen compare --circuit_dir /home/sdasgup3/Github/strata-data/circuits --opcode vpblendw_ymm_ymm_ymm_imm8_69 
strata does not support 'vpblendw $0x45, %ymm3, %ymm2, %ymm1'.
/home/sdasgup3/Github/strata/stoke/bin/specgen compare --circuit_dir /home/sdasgup3/Github/strata-data/circuits --opcode vpblendw_ymm_ymm_ymm_imm8_70 
strata does not support 'vpblendw $0x46, %ymm3, %ymm2, %ymm1'.
/home/sdasgup3/Github/strata/stoke/bin/specgen compare --circuit_dir /home/sdasgup3/Github/strata-data/circuits --opcode vpblendw_ymm_ymm_ymm_imm8_71 
strata does not support 'vpblendw $0x47, %ymm3, %ymm2, %ymm1'.
/home/sdasgup3/Github/strata/stoke/bin/specgen compare --circuit_dir /home/sdasgup3/Github/strata-data/circuits --opcode vpblendw_ymm_ymm_ymm_imm8_72 
strata does not support 'vpblendw $0x48, %ymm3, %ymm2, %ymm1'.
/home/sdasgup3/Github/strata/stoke/bin/specgen compare --circuit_dir /home/sdasgup3/Github/strata-data/circuits --opcode vpblendw_ymm_ymm_ymm_imm8_73 
strata does not support 'vpblendw $0x49, %ymm3, %ymm2, %ymm1'.
/home/sdasgup3/Github/strata/stoke/bin/specgen compare --circuit_dir /home/sdasgup3/Github/strata-data/circuits --opcode vpblendw_ymm_ymm_ymm_imm8_74 
strata does not support 'vpblendw $0x4a, %ymm3, %ymm2, %ymm1'.
/home/sdasgup3/Github/strata/stoke/bin/specgen compare --circuit_dir /home/sdasgup3/Github/strata-data/circuits --opcode vpblendw_ymm_ymm_ymm_imm8_75 
strata does not support 'vpblendw $0x4b, %ymm3, %ymm2, %ymm1'.
/home/sdasgup3/Github/strata/stoke/bin/specgen compare --circuit_dir /home/sdasgup3/Github/strata-data/circuits --opcode vpblendw_ymm_ymm_ymm_imm8_76 
strata does not support 'vpblendw $0x4c, %ymm3, %ymm2, %ymm1'.
/home/sdasgup3/Github/strata/stoke/bin/specgen compare --circuit_dir /home/sdasgup3/Github/strata-data/circuits --opcode vpblendw_ymm_ymm_ymm_imm8_77 
strata does not support 'vpblendw $0x4d, %ymm3, %ymm2, %ymm1'.
/home/sdasgup3/Github/strata/stoke/bin/specgen compare --circuit_dir /home/sdasgup3/Github/strata-data/circuits --opcode vpblendw_ymm_ymm_ymm_imm8_78 
strata does not support 'vpblendw $0x4e, %ymm3, %ymm2, %ymm1'.
/home/sdasgup3/Github/strata/stoke/bin/specgen compare --circuit_dir /home/sdasgup3/Github/strata-data/circuits --opcode vpblendw_ymm_ymm_ymm_imm8_79 
strata does not support 'vpblendw $0x4f, %ymm3, %ymm2, %ymm1'.
/home/sdasgup3/Github/strata/stoke/bin/specgen compare --circuit_dir /home/sdasgup3/Github/strata-data/circuits --opcode vpblendw_ymm_ymm_ymm_imm8_80 
strata does not support 'vpblendw $0x50, %ymm3, %ymm2, %ymm1'.
/home/sdasgup3/Github/strata/stoke/bin/specgen compare --circuit_dir /home/sdasgup3/Github/strata-data/circuits --opcode vpblendw_ymm_ymm_ymm_imm8_81 
strata does not support 'vpblendw $0x51, %ymm3, %ymm2, %ymm1'.
/home/sdasgup3/Github/strata/stoke/bin/specgen compare --circuit_dir /home/sdasgup3/Github/strata-data/circuits --opcode vpblendw_ymm_ymm_ymm_imm8_82 
strata does not support 'vpblendw $0x52, %ymm3, %ymm2, %ymm1'.
/home/sdasgup3/Github/strata/stoke/bin/specgen compare --circuit_dir /home/sdasgup3/Github/strata-data/circuits --opcode vpblendw_ymm_ymm_ymm_imm8_83 
strata does not support 'vpblendw $0x53, %ymm3, %ymm2, %ymm1'.
/home/sdasgup3/Github/strata/stoke/bin/specgen compare --circuit_dir /home/sdasgup3/Github/strata-data/circuits --opcode vpblendw_ymm_ymm_ymm_imm8_84 
strata does not support 'vpblendw $0x54, %ymm3, %ymm2, %ymm1'.
/home/sdasgup3/Github/strata/stoke/bin/specgen compare --circuit_dir /home/sdasgup3/Github/strata-data/circuits --opcode vpblendw_ymm_ymm_ymm_imm8_85 
strata does not support 'vpblendw $0x55, %ymm3, %ymm2, %ymm1'.
/home/sdasgup3/Github/strata/stoke/bin/specgen compare --circuit_dir /home/sdasgup3/Github/strata-data/circuits --opcode vpblendw_ymm_ymm_ymm_imm8_86 
strata does not support 'vpblendw $0x56, %ymm3, %ymm2, %ymm1'.
/home/sdasgup3/Github/strata/stoke/bin/specgen compare --circuit_dir /home/sdasgup3/Github/strata-data/circuits --opcode vpblendw_ymm_ymm_ymm_imm8_87 
strata does not support 'vpblendw $0x57, %ymm3, %ymm2, %ymm1'.
/home/sdasgup3/Github/strata/stoke/bin/specgen compare --circuit_dir /home/sdasgup3/Github/strata-data/circuits --opcode vpblendw_ymm_ymm_ymm_imm8_88 
strata does not support 'vpblendw $0x58, %ymm3, %ymm2, %ymm1'.
/home/sdasgup3/Github/strata/stoke/bin/specgen compare --circuit_dir /home/sdasgup3/Github/strata-data/circuits --opcode vpblendw_ymm_ymm_ymm_imm8_89 
strata does not support 'vpblendw $0x59, %ymm3, %ymm2, %ymm1'.
/home/sdasgup3/Github/strata/stoke/bin/specgen compare --circuit_dir /home/sdasgup3/Github/strata-data/circuits --opcode vpblendw_ymm_ymm_ymm_imm8_90 
strata does not support 'vpblendw $0x5a, %ymm3, %ymm2, %ymm1'.
/home/sdasgup3/Github/strata/stoke/bin/specgen compare --circuit_dir /home/sdasgup3/Github/strata-data/circuits --opcode vpblendw_ymm_ymm_ymm_imm8_91 
strata does not support 'vpblendw $0x5b, %ymm3, %ymm2, %ymm1'.
/home/sdasgup3/Github/strata/stoke/bin/specgen compare --circuit_dir /home/sdasgup3/Github/strata-data/circuits --opcode vpblendw_ymm_ymm_ymm_imm8_92 
strata does not support 'vpblendw $0x5c, %ymm3, %ymm2, %ymm1'.
/home/sdasgup3/Github/strata/stoke/bin/specgen compare --circuit_dir /home/sdasgup3/Github/strata-data/circuits --opcode vpblendw_ymm_ymm_ymm_imm8_93 
strata does not support 'vpblendw $0x5d, %ymm3, %ymm2, %ymm1'.
/home/sdasgup3/Github/strata/stoke/bin/specgen compare --circuit_dir /home/sdasgup3/Github/strata-data/circuits --opcode vpblendw_ymm_ymm_ymm_imm8_94 
strata does not support 'vpblendw $0x5e, %ymm3, %ymm2, %ymm1'.
/home/sdasgup3/Github/strata/stoke/bin/specgen compare --circuit_dir /home/sdasgup3/Github/strata-data/circuits --opcode vpblendw_ymm_ymm_ymm_imm8_95 
strata does not support 'vpblendw $0x5f, %ymm3, %ymm2, %ymm1'.
/home/sdasgup3/Github/strata/stoke/bin/specgen compare --circuit_dir /home/sdasgup3/Github/strata-data/circuits --opcode vpblendw_ymm_ymm_ymm_imm8_96 
strata does not support 'vpblendw $0x60, %ymm3, %ymm2, %ymm1'.
/home/sdasgup3/Github/strata/stoke/bin/specgen compare --circuit_dir /home/sdasgup3/Github/strata-data/circuits --opcode vpblendw_ymm_ymm_ymm_imm8_97 
strata does not support 'vpblendw $0x61, %ymm3, %ymm2, %ymm1'.
/home/sdasgup3/Github/strata/stoke/bin/specgen compare --circuit_dir /home/sdasgup3/Github/strata-data/circuits --opcode vpblendw_ymm_ymm_ymm_imm8_98 
strata does not support 'vpblendw $0x62, %ymm3, %ymm2, %ymm1'.
/home/sdasgup3/Github/strata/stoke/bin/specgen compare --circuit_dir /home/sdasgup3/Github/strata-data/circuits --opcode vpblendw_ymm_ymm_ymm_imm8_99 
strata does not support 'vpblendw $0x63, %ymm3, %ymm2, %ymm1'.
/home/sdasgup3/Github/strata/stoke/bin/specgen compare --circuit_dir /home/sdasgup3/Github/strata-data/circuits --opcode vpblendw_ymm_ymm_ymm_imm8_100 
strata does not support 'vpblendw $0x64, %ymm3, %ymm2, %ymm1'.
/home/sdasgup3/Github/strata/stoke/bin/specgen compare --circuit_dir /home/sdasgup3/Github/strata-data/circuits --opcode vpblendw_ymm_ymm_ymm_imm8_101 
strata does not support 'vpblendw $0x65, %ymm3, %ymm2, %ymm1'.
/home/sdasgup3/Github/strata/stoke/bin/specgen compare --circuit_dir /home/sdasgup3/Github/strata-data/circuits --opcode vpblendw_ymm_ymm_ymm_imm8_102 
strata does not support 'vpblendw $0x66, %ymm3, %ymm2, %ymm1'.
/home/sdasgup3/Github/strata/stoke/bin/specgen compare --circuit_dir /home/sdasgup3/Github/strata-data/circuits --opcode vpblendw_ymm_ymm_ymm_imm8_103 
strata does not support 'vpblendw $0x67, %ymm3, %ymm2, %ymm1'.
/home/sdasgup3/Github/strata/stoke/bin/specgen compare --circuit_dir /home/sdasgup3/Github/strata-data/circuits --opcode vpblendw_ymm_ymm_ymm_imm8_104 
strata does not support 'vpblendw $0x68, %ymm3, %ymm2, %ymm1'.
/home/sdasgup3/Github/strata/stoke/bin/specgen compare --circuit_dir /home/sdasgup3/Github/strata-data/circuits --opcode vpblendw_ymm_ymm_ymm_imm8_105 
strata does not support 'vpblendw $0x69, %ymm3, %ymm2, %ymm1'.
/home/sdasgup3/Github/strata/stoke/bin/specgen compare --circuit_dir /home/sdasgup3/Github/strata-data/circuits --opcode vpblendw_ymm_ymm_ymm_imm8_106 
strata does not support 'vpblendw $0x6a, %ymm3, %ymm2, %ymm1'.
/home/sdasgup3/Github/strata/stoke/bin/specgen compare --circuit_dir /home/sdasgup3/Github/strata-data/circuits --opcode vpblendw_ymm_ymm_ymm_imm8_107 
strata does not support 'vpblendw $0x6b, %ymm3, %ymm2, %ymm1'.
/home/sdasgup3/Github/strata/stoke/bin/specgen compare --circuit_dir /home/sdasgup3/Github/strata-data/circuits --opcode vpblendw_ymm_ymm_ymm_imm8_108 
strata does not support 'vpblendw $0x6c, %ymm3, %ymm2, %ymm1'.
/home/sdasgup3/Github/strata/stoke/bin/specgen compare --circuit_dir /home/sdasgup3/Github/strata-data/circuits --opcode vpblendw_ymm_ymm_ymm_imm8_109 
strata does not support 'vpblendw $0x6d, %ymm3, %ymm2, %ymm1'.
/home/sdasgup3/Github/strata/stoke/bin/specgen compare --circuit_dir /home/sdasgup3/Github/strata-data/circuits --opcode vpblendw_ymm_ymm_ymm_imm8_110 
strata does not support 'vpblendw $0x6e, %ymm3, %ymm2, %ymm1'.
/home/sdasgup3/Github/strata/stoke/bin/specgen compare --circuit_dir /home/sdasgup3/Github/strata-data/circuits --opcode vpblendw_ymm_ymm_ymm_imm8_111 
strata does not support 'vpblendw $0x6f, %ymm3, %ymm2, %ymm1'.
/home/sdasgup3/Github/strata/stoke/bin/specgen compare --circuit_dir /home/sdasgup3/Github/strata-data/circuits --opcode vpblendw_ymm_ymm_ymm_imm8_112 
strata does not support 'vpblendw $0x70, %ymm3, %ymm2, %ymm1'.
/home/sdasgup3/Github/strata/stoke/bin/specgen compare --circuit_dir /home/sdasgup3/Github/strata-data/circuits --opcode vpblendw_ymm_ymm_ymm_imm8_113 
strata does not support 'vpblendw $0x71, %ymm3, %ymm2, %ymm1'.
/home/sdasgup3/Github/strata/stoke/bin/specgen compare --circuit_dir /home/sdasgup3/Github/strata-data/circuits --opcode vpblendw_ymm_ymm_ymm_imm8_114 
strata does not support 'vpblendw $0x72, %ymm3, %ymm2, %ymm1'.
/home/sdasgup3/Github/strata/stoke/bin/specgen compare --circuit_dir /home/sdasgup3/Github/strata-data/circuits --opcode vpblendw_ymm_ymm_ymm_imm8_115 
strata does not support 'vpblendw $0x73, %ymm3, %ymm2, %ymm1'.
/home/sdasgup3/Github/strata/stoke/bin/specgen compare --circuit_dir /home/sdasgup3/Github/strata-data/circuits --opcode vpblendw_ymm_ymm_ymm_imm8_116 
strata does not support 'vpblendw $0x74, %ymm3, %ymm2, %ymm1'.
/home/sdasgup3/Github/strata/stoke/bin/specgen compare --circuit_dir /home/sdasgup3/Github/strata-data/circuits --opcode vpblendw_ymm_ymm_ymm_imm8_117 
strata does not support 'vpblendw $0x75, %ymm3, %ymm2, %ymm1'.
/home/sdasgup3/Github/strata/stoke/bin/specgen compare --circuit_dir /home/sdasgup3/Github/strata-data/circuits --opcode vpblendw_ymm_ymm_ymm_imm8_118 
strata does not support 'vpblendw $0x76, %ymm3, %ymm2, %ymm1'.
/home/sdasgup3/Github/strata/stoke/bin/specgen compare --circuit_dir /home/sdasgup3/Github/strata-data/circuits --opcode vpblendw_ymm_ymm_ymm_imm8_119 
strata does not support 'vpblendw $0x77, %ymm3, %ymm2, %ymm1'.
/home/sdasgup3/Github/strata/stoke/bin/specgen compare --circuit_dir /home/sdasgup3/Github/strata-data/circuits --opcode vpblendw_ymm_ymm_ymm_imm8_120 
strata does not support 'vpblendw $0x78, %ymm3, %ymm2, %ymm1'.
/home/sdasgup3/Github/strata/stoke/bin/specgen compare --circuit_dir /home/sdasgup3/Github/strata-data/circuits --opcode vpblendw_ymm_ymm_ymm_imm8_121 
strata does not support 'vpblendw $0x79, %ymm3, %ymm2, %ymm1'.
/home/sdasgup3/Github/strata/stoke/bin/specgen compare --circuit_dir /home/sdasgup3/Github/strata-data/circuits --opcode vpblendw_ymm_ymm_ymm_imm8_122 
strata does not support 'vpblendw $0x7a, %ymm3, %ymm2, %ymm1'.
/home/sdasgup3/Github/strata/stoke/bin/specgen compare --circuit_dir /home/sdasgup3/Github/strata-data/circuits --opcode vpblendw_ymm_ymm_ymm_imm8_123 
strata does not support 'vpblendw $0x7b, %ymm3, %ymm2, %ymm1'.
/home/sdasgup3/Github/strata/stoke/bin/specgen compare --circuit_dir /home/sdasgup3/Github/strata-data/circuits --opcode vpblendw_ymm_ymm_ymm_imm8_124 
strata does not support 'vpblendw $0x7c, %ymm3, %ymm2, %ymm1'.
/home/sdasgup3/Github/strata/stoke/bin/specgen compare --circuit_dir /home/sdasgup3/Github/strata-data/circuits --opcode vpblendw_ymm_ymm_ymm_imm8_125 
strata does not support 'vpblendw $0x7d, %ymm3, %ymm2, %ymm1'.
/home/sdasgup3/Github/strata/stoke/bin/specgen compare --circuit_dir /home/sdasgup3/Github/strata-data/circuits --opcode vpblendw_ymm_ymm_ymm_imm8_126 
strata does not support 'vpblendw $0x7e, %ymm3, %ymm2, %ymm1'.
/home/sdasgup3/Github/strata/stoke/bin/specgen compare --circuit_dir /home/sdasgup3/Github/strata-data/circuits --opcode vpblendw_ymm_ymm_ymm_imm8_127 
strata does not support 'vpblendw $0x7f, %ymm3, %ymm2, %ymm1'.
/home/sdasgup3/Github/strata/stoke/bin/specgen compare --circuit_dir /home/sdasgup3/Github/strata-data/circuits --opcode vpblendw_ymm_ymm_ymm_imm8_128 
strata does not support 'vpblendw $0x80, %ymm3, %ymm2, %ymm1'.
/home/sdasgup3/Github/strata/stoke/bin/specgen compare --circuit_dir /home/sdasgup3/Github/strata-data/circuits --opcode vpblendw_ymm_ymm_ymm_imm8_129 
strata does not support 'vpblendw $0x81, %ymm3, %ymm2, %ymm1'.
/home/sdasgup3/Github/strata/stoke/bin/specgen compare --circuit_dir /home/sdasgup3/Github/strata-data/circuits --opcode vpblendw_ymm_ymm_ymm_imm8_130 
strata does not support 'vpblendw $0x82, %ymm3, %ymm2, %ymm1'.
/home/sdasgup3/Github/strata/stoke/bin/specgen compare --circuit_dir /home/sdasgup3/Github/strata-data/circuits --opcode vpblendw_ymm_ymm_ymm_imm8_131 
strata does not support 'vpblendw $0x83, %ymm3, %ymm2, %ymm1'.
/home/sdasgup3/Github/strata/stoke/bin/specgen compare --circuit_dir /home/sdasgup3/Github/strata-data/circuits --opcode vpblendw_ymm_ymm_ymm_imm8_132 
strata does not support 'vpblendw $0x84, %ymm3, %ymm2, %ymm1'.
/home/sdasgup3/Github/strata/stoke/bin/specgen compare --circuit_dir /home/sdasgup3/Github/strata-data/circuits --opcode vpblendw_ymm_ymm_ymm_imm8_133 
strata does not support 'vpblendw $0x85, %ymm3, %ymm2, %ymm1'.
/home/sdasgup3/Github/strata/stoke/bin/specgen compare --circuit_dir /home/sdasgup3/Github/strata-data/circuits --opcode vpblendw_ymm_ymm_ymm_imm8_134 
strata does not support 'vpblendw $0x86, %ymm3, %ymm2, %ymm1'.
/home/sdasgup3/Github/strata/stoke/bin/specgen compare --circuit_dir /home/sdasgup3/Github/strata-data/circuits --opcode vpblendw_ymm_ymm_ymm_imm8_135 
strata does not support 'vpblendw $0x87, %ymm3, %ymm2, %ymm1'.
/home/sdasgup3/Github/strata/stoke/bin/specgen compare --circuit_dir /home/sdasgup3/Github/strata-data/circuits --opcode vpblendw_ymm_ymm_ymm_imm8_136 
strata does not support 'vpblendw $0x88, %ymm3, %ymm2, %ymm1'.
/home/sdasgup3/Github/strata/stoke/bin/specgen compare --circuit_dir /home/sdasgup3/Github/strata-data/circuits --opcode vpblendw_ymm_ymm_ymm_imm8_137 
strata does not support 'vpblendw $0x89, %ymm3, %ymm2, %ymm1'.
/home/sdasgup3/Github/strata/stoke/bin/specgen compare --circuit_dir /home/sdasgup3/Github/strata-data/circuits --opcode vpblendw_ymm_ymm_ymm_imm8_138 
strata does not support 'vpblendw $0x8a, %ymm3, %ymm2, %ymm1'.
/home/sdasgup3/Github/strata/stoke/bin/specgen compare --circuit_dir /home/sdasgup3/Github/strata-data/circuits --opcode vpblendw_ymm_ymm_ymm_imm8_139 
strata does not support 'vpblendw $0x8b, %ymm3, %ymm2, %ymm1'.
/home/sdasgup3/Github/strata/stoke/bin/specgen compare --circuit_dir /home/sdasgup3/Github/strata-data/circuits --opcode vpblendw_ymm_ymm_ymm_imm8_140 
strata does not support 'vpblendw $0x8c, %ymm3, %ymm2, %ymm1'.
/home/sdasgup3/Github/strata/stoke/bin/specgen compare --circuit_dir /home/sdasgup3/Github/strata-data/circuits --opcode vpblendw_ymm_ymm_ymm_imm8_141 
strata does not support 'vpblendw $0x8d, %ymm3, %ymm2, %ymm1'.
/home/sdasgup3/Github/strata/stoke/bin/specgen compare --circuit_dir /home/sdasgup3/Github/strata-data/circuits --opcode vpblendw_ymm_ymm_ymm_imm8_142 
strata does not support 'vpblendw $0x8e, %ymm3, %ymm2, %ymm1'.
/home/sdasgup3/Github/strata/stoke/bin/specgen compare --circuit_dir /home/sdasgup3/Github/strata-data/circuits --opcode vpblendw_ymm_ymm_ymm_imm8_143 
strata does not support 'vpblendw $0x8f, %ymm3, %ymm2, %ymm1'.
/home/sdasgup3/Github/strata/stoke/bin/specgen compare --circuit_dir /home/sdasgup3/Github/strata-data/circuits --opcode vpblendw_ymm_ymm_ymm_imm8_144 
strata does not support 'vpblendw $0x90, %ymm3, %ymm2, %ymm1'.
/home/sdasgup3/Github/strata/stoke/bin/specgen compare --circuit_dir /home/sdasgup3/Github/strata-data/circuits --opcode vpblendw_ymm_ymm_ymm_imm8_145 
strata does not support 'vpblendw $0x91, %ymm3, %ymm2, %ymm1'.
/home/sdasgup3/Github/strata/stoke/bin/specgen compare --circuit_dir /home/sdasgup3/Github/strata-data/circuits --opcode vpblendw_ymm_ymm_ymm_imm8_146 
strata does not support 'vpblendw $0x92, %ymm3, %ymm2, %ymm1'.
/home/sdasgup3/Github/strata/stoke/bin/specgen compare --circuit_dir /home/sdasgup3/Github/strata-data/circuits --opcode vpblendw_ymm_ymm_ymm_imm8_147 
strata does not support 'vpblendw $0x93, %ymm3, %ymm2, %ymm1'.
/home/sdasgup3/Github/strata/stoke/bin/specgen compare --circuit_dir /home/sdasgup3/Github/strata-data/circuits --opcode vpblendw_ymm_ymm_ymm_imm8_148 
strata does not support 'vpblendw $0x94, %ymm3, %ymm2, %ymm1'.
/home/sdasgup3/Github/strata/stoke/bin/specgen compare --circuit_dir /home/sdasgup3/Github/strata-data/circuits --opcode vpblendw_ymm_ymm_ymm_imm8_149 
strata does not support 'vpblendw $0x95, %ymm3, %ymm2, %ymm1'.
/home/sdasgup3/Github/strata/stoke/bin/specgen compare --circuit_dir /home/sdasgup3/Github/strata-data/circuits --opcode vpblendw_ymm_ymm_ymm_imm8_150 
strata does not support 'vpblendw $0x96, %ymm3, %ymm2, %ymm1'.
/home/sdasgup3/Github/strata/stoke/bin/specgen compare --circuit_dir /home/sdasgup3/Github/strata-data/circuits --opcode vpblendw_ymm_ymm_ymm_imm8_151 
strata does not support 'vpblendw $0x97, %ymm3, %ymm2, %ymm1'.
/home/sdasgup3/Github/strata/stoke/bin/specgen compare --circuit_dir /home/sdasgup3/Github/strata-data/circuits --opcode vpblendw_ymm_ymm_ymm_imm8_152 
strata does not support 'vpblendw $0x98, %ymm3, %ymm2, %ymm1'.
/home/sdasgup3/Github/strata/stoke/bin/specgen compare --circuit_dir /home/sdasgup3/Github/strata-data/circuits --opcode vpblendw_ymm_ymm_ymm_imm8_153 
strata does not support 'vpblendw $0x99, %ymm3, %ymm2, %ymm1'.
/home/sdasgup3/Github/strata/stoke/bin/specgen compare --circuit_dir /home/sdasgup3/Github/strata-data/circuits --opcode vpblendw_ymm_ymm_ymm_imm8_154 
strata does not support 'vpblendw $0x9a, %ymm3, %ymm2, %ymm1'.
/home/sdasgup3/Github/strata/stoke/bin/specgen compare --circuit_dir /home/sdasgup3/Github/strata-data/circuits --opcode vpblendw_ymm_ymm_ymm_imm8_155 
strata does not support 'vpblendw $0x9b, %ymm3, %ymm2, %ymm1'.
/home/sdasgup3/Github/strata/stoke/bin/specgen compare --circuit_dir /home/sdasgup3/Github/strata-data/circuits --opcode vpblendw_ymm_ymm_ymm_imm8_156 
strata does not support 'vpblendw $0x9c, %ymm3, %ymm2, %ymm1'.
/home/sdasgup3/Github/strata/stoke/bin/specgen compare --circuit_dir /home/sdasgup3/Github/strata-data/circuits --opcode vpblendw_ymm_ymm_ymm_imm8_157 
strata does not support 'vpblendw $0x9d, %ymm3, %ymm2, %ymm1'.
/home/sdasgup3/Github/strata/stoke/bin/specgen compare --circuit_dir /home/sdasgup3/Github/strata-data/circuits --opcode vpblendw_ymm_ymm_ymm_imm8_158 
strata does not support 'vpblendw $0x9e, %ymm3, %ymm2, %ymm1'.
/home/sdasgup3/Github/strata/stoke/bin/specgen compare --circuit_dir /home/sdasgup3/Github/strata-data/circuits --opcode vpblendw_ymm_ymm_ymm_imm8_159 
strata does not support 'vpblendw $0x9f, %ymm3, %ymm2, %ymm1'.
/home/sdasgup3/Github/strata/stoke/bin/specgen compare --circuit_dir /home/sdasgup3/Github/strata-data/circuits --opcode vpblendw_ymm_ymm_ymm_imm8_160 
strata does not support 'vpblendw $0xa0, %ymm3, %ymm2, %ymm1'.
/home/sdasgup3/Github/strata/stoke/bin/specgen compare --circuit_dir /home/sdasgup3/Github/strata-data/circuits --opcode vpblendw_ymm_ymm_ymm_imm8_161 
strata does not support 'vpblendw $0xa1, %ymm3, %ymm2, %ymm1'.
/home/sdasgup3/Github/strata/stoke/bin/specgen compare --circuit_dir /home/sdasgup3/Github/strata-data/circuits --opcode vpblendw_ymm_ymm_ymm_imm8_162 
strata does not support 'vpblendw $0xa2, %ymm3, %ymm2, %ymm1'.
/home/sdasgup3/Github/strata/stoke/bin/specgen compare --circuit_dir /home/sdasgup3/Github/strata-data/circuits --opcode vpblendw_ymm_ymm_ymm_imm8_163 
strata does not support 'vpblendw $0xa3, %ymm3, %ymm2, %ymm1'.
/home/sdasgup3/Github/strata/stoke/bin/specgen compare --circuit_dir /home/sdasgup3/Github/strata-data/circuits --opcode vpblendw_ymm_ymm_ymm_imm8_164 
strata does not support 'vpblendw $0xa4, %ymm3, %ymm2, %ymm1'.
/home/sdasgup3/Github/strata/stoke/bin/specgen compare --circuit_dir /home/sdasgup3/Github/strata-data/circuits --opcode vpblendw_ymm_ymm_ymm_imm8_165 
strata does not support 'vpblendw $0xa5, %ymm3, %ymm2, %ymm1'.
/home/sdasgup3/Github/strata/stoke/bin/specgen compare --circuit_dir /home/sdasgup3/Github/strata-data/circuits --opcode vpblendw_ymm_ymm_ymm_imm8_166 
strata does not support 'vpblendw $0xa6, %ymm3, %ymm2, %ymm1'.
/home/sdasgup3/Github/strata/stoke/bin/specgen compare --circuit_dir /home/sdasgup3/Github/strata-data/circuits --opcode vpblendw_ymm_ymm_ymm_imm8_167 
strata does not support 'vpblendw $0xa7, %ymm3, %ymm2, %ymm1'.
/home/sdasgup3/Github/strata/stoke/bin/specgen compare --circuit_dir /home/sdasgup3/Github/strata-data/circuits --opcode vpblendw_ymm_ymm_ymm_imm8_168 
strata does not support 'vpblendw $0xa8, %ymm3, %ymm2, %ymm1'.
/home/sdasgup3/Github/strata/stoke/bin/specgen compare --circuit_dir /home/sdasgup3/Github/strata-data/circuits --opcode vpblendw_ymm_ymm_ymm_imm8_169 
strata does not support 'vpblendw $0xa9, %ymm3, %ymm2, %ymm1'.
/home/sdasgup3/Github/strata/stoke/bin/specgen compare --circuit_dir /home/sdasgup3/Github/strata-data/circuits --opcode vpblendw_ymm_ymm_ymm_imm8_170 
strata does not support 'vpblendw $0xaa, %ymm3, %ymm2, %ymm1'.
/home/sdasgup3/Github/strata/stoke/bin/specgen compare --circuit_dir /home/sdasgup3/Github/strata-data/circuits --opcode vpblendw_ymm_ymm_ymm_imm8_171 
strata does not support 'vpblendw $0xab, %ymm3, %ymm2, %ymm1'.
/home/sdasgup3/Github/strata/stoke/bin/specgen compare --circuit_dir /home/sdasgup3/Github/strata-data/circuits --opcode vpblendw_ymm_ymm_ymm_imm8_172 
strata does not support 'vpblendw $0xac, %ymm3, %ymm2, %ymm1'.
/home/sdasgup3/Github/strata/stoke/bin/specgen compare --circuit_dir /home/sdasgup3/Github/strata-data/circuits --opcode vpblendw_ymm_ymm_ymm_imm8_173 
strata does not support 'vpblendw $0xad, %ymm3, %ymm2, %ymm1'.
/home/sdasgup3/Github/strata/stoke/bin/specgen compare --circuit_dir /home/sdasgup3/Github/strata-data/circuits --opcode vpblendw_ymm_ymm_ymm_imm8_174 
strata does not support 'vpblendw $0xae, %ymm3, %ymm2, %ymm1'.
/home/sdasgup3/Github/strata/stoke/bin/specgen compare --circuit_dir /home/sdasgup3/Github/strata-data/circuits --opcode vpblendw_ymm_ymm_ymm_imm8_175 
strata does not support 'vpblendw $0xaf, %ymm3, %ymm2, %ymm1'.
/home/sdasgup3/Github/strata/stoke/bin/specgen compare --circuit_dir /home/sdasgup3/Github/strata-data/circuits --opcode vpblendw_ymm_ymm_ymm_imm8_176 
strata does not support 'vpblendw $0xb0, %ymm3, %ymm2, %ymm1'.
/home/sdasgup3/Github/strata/stoke/bin/specgen compare --circuit_dir /home/sdasgup3/Github/strata-data/circuits --opcode vpblendw_ymm_ymm_ymm_imm8_177 
strata does not support 'vpblendw $0xb1, %ymm3, %ymm2, %ymm1'.
/home/sdasgup3/Github/strata/stoke/bin/specgen compare --circuit_dir /home/sdasgup3/Github/strata-data/circuits --opcode vpblendw_ymm_ymm_ymm_imm8_178 
strata does not support 'vpblendw $0xb2, %ymm3, %ymm2, %ymm1'.
/home/sdasgup3/Github/strata/stoke/bin/specgen compare --circuit_dir /home/sdasgup3/Github/strata-data/circuits --opcode vpblendw_ymm_ymm_ymm_imm8_179 
strata does not support 'vpblendw $0xb3, %ymm3, %ymm2, %ymm1'.
/home/sdasgup3/Github/strata/stoke/bin/specgen compare --circuit_dir /home/sdasgup3/Github/strata-data/circuits --opcode vpblendw_ymm_ymm_ymm_imm8_180 
strata does not support 'vpblendw $0xb4, %ymm3, %ymm2, %ymm1'.
/home/sdasgup3/Github/strata/stoke/bin/specgen compare --circuit_dir /home/sdasgup3/Github/strata-data/circuits --opcode vpblendw_ymm_ymm_ymm_imm8_181 
strata does not support 'vpblendw $0xb5, %ymm3, %ymm2, %ymm1'.
/home/sdasgup3/Github/strata/stoke/bin/specgen compare --circuit_dir /home/sdasgup3/Github/strata-data/circuits --opcode vpblendw_ymm_ymm_ymm_imm8_182 
strata does not support 'vpblendw $0xb6, %ymm3, %ymm2, %ymm1'.
/home/sdasgup3/Github/strata/stoke/bin/specgen compare --circuit_dir /home/sdasgup3/Github/strata-data/circuits --opcode vpblendw_ymm_ymm_ymm_imm8_183 
strata does not support 'vpblendw $0xb7, %ymm3, %ymm2, %ymm1'.
/home/sdasgup3/Github/strata/stoke/bin/specgen compare --circuit_dir /home/sdasgup3/Github/strata-data/circuits --opcode vpblendw_ymm_ymm_ymm_imm8_184 
strata does not support 'vpblendw $0xb8, %ymm3, %ymm2, %ymm1'.
/home/sdasgup3/Github/strata/stoke/bin/specgen compare --circuit_dir /home/sdasgup3/Github/strata-data/circuits --opcode vpblendw_ymm_ymm_ymm_imm8_185 
strata does not support 'vpblendw $0xb9, %ymm3, %ymm2, %ymm1'.
/home/sdasgup3/Github/strata/stoke/bin/specgen compare --circuit_dir /home/sdasgup3/Github/strata-data/circuits --opcode vpblendw_ymm_ymm_ymm_imm8_186 
strata does not support 'vpblendw $0xba, %ymm3, %ymm2, %ymm1'.
/home/sdasgup3/Github/strata/stoke/bin/specgen compare --circuit_dir /home/sdasgup3/Github/strata-data/circuits --opcode vpblendw_ymm_ymm_ymm_imm8_187 
strata does not support 'vpblendw $0xbb, %ymm3, %ymm2, %ymm1'.
/home/sdasgup3/Github/strata/stoke/bin/specgen compare --circuit_dir /home/sdasgup3/Github/strata-data/circuits --opcode vpblendw_ymm_ymm_ymm_imm8_188 
strata does not support 'vpblendw $0xbc, %ymm3, %ymm2, %ymm1'.
/home/sdasgup3/Github/strata/stoke/bin/specgen compare --circuit_dir /home/sdasgup3/Github/strata-data/circuits --opcode vpblendw_ymm_ymm_ymm_imm8_189 
strata does not support 'vpblendw $0xbd, %ymm3, %ymm2, %ymm1'.
/home/sdasgup3/Github/strata/stoke/bin/specgen compare --circuit_dir /home/sdasgup3/Github/strata-data/circuits --opcode vpblendw_ymm_ymm_ymm_imm8_190 
strata does not support 'vpblendw $0xbe, %ymm3, %ymm2, %ymm1'.
/home/sdasgup3/Github/strata/stoke/bin/specgen compare --circuit_dir /home/sdasgup3/Github/strata-data/circuits --opcode vpblendw_ymm_ymm_ymm_imm8_191 
strata does not support 'vpblendw $0xbf, %ymm3, %ymm2, %ymm1'.
/home/sdasgup3/Github/strata/stoke/bin/specgen compare --circuit_dir /home/sdasgup3/Github/strata-data/circuits --opcode vpblendw_ymm_ymm_ymm_imm8_192 
strata does not support 'vpblendw $0xc0, %ymm3, %ymm2, %ymm1'.
/home/sdasgup3/Github/strata/stoke/bin/specgen compare --circuit_dir /home/sdasgup3/Github/strata-data/circuits --opcode vpblendw_ymm_ymm_ymm_imm8_193 
strata does not support 'vpblendw $0xc1, %ymm3, %ymm2, %ymm1'.
/home/sdasgup3/Github/strata/stoke/bin/specgen compare --circuit_dir /home/sdasgup3/Github/strata-data/circuits --opcode vpblendw_ymm_ymm_ymm_imm8_194 
strata does not support 'vpblendw $0xc2, %ymm3, %ymm2, %ymm1'.
/home/sdasgup3/Github/strata/stoke/bin/specgen compare --circuit_dir /home/sdasgup3/Github/strata-data/circuits --opcode vpblendw_ymm_ymm_ymm_imm8_195 
strata does not support 'vpblendw $0xc3, %ymm3, %ymm2, %ymm1'.
/home/sdasgup3/Github/strata/stoke/bin/specgen compare --circuit_dir /home/sdasgup3/Github/strata-data/circuits --opcode vpblendw_ymm_ymm_ymm_imm8_196 
strata does not support 'vpblendw $0xc4, %ymm3, %ymm2, %ymm1'.
/home/sdasgup3/Github/strata/stoke/bin/specgen compare --circuit_dir /home/sdasgup3/Github/strata-data/circuits --opcode vpblendw_ymm_ymm_ymm_imm8_197 
strata does not support 'vpblendw $0xc5, %ymm3, %ymm2, %ymm1'.
/home/sdasgup3/Github/strata/stoke/bin/specgen compare --circuit_dir /home/sdasgup3/Github/strata-data/circuits --opcode vpblendw_ymm_ymm_ymm_imm8_198 
strata does not support 'vpblendw $0xc6, %ymm3, %ymm2, %ymm1'.
/home/sdasgup3/Github/strata/stoke/bin/specgen compare --circuit_dir /home/sdasgup3/Github/strata-data/circuits --opcode vpblendw_ymm_ymm_ymm_imm8_199 
strata does not support 'vpblendw $0xc7, %ymm3, %ymm2, %ymm1'.
/home/sdasgup3/Github/strata/stoke/bin/specgen compare --circuit_dir /home/sdasgup3/Github/strata-data/circuits --opcode vpblendw_ymm_ymm_ymm_imm8_200 
strata does not support 'vpblendw $0xc8, %ymm3, %ymm2, %ymm1'.
/home/sdasgup3/Github/strata/stoke/bin/specgen compare --circuit_dir /home/sdasgup3/Github/strata-data/circuits --opcode vpblendw_ymm_ymm_ymm_imm8_201 
strata does not support 'vpblendw $0xc9, %ymm3, %ymm2, %ymm1'.
/home/sdasgup3/Github/strata/stoke/bin/specgen compare --circuit_dir /home/sdasgup3/Github/strata-data/circuits --opcode vpblendw_ymm_ymm_ymm_imm8_202 
strata does not support 'vpblendw $0xca, %ymm3, %ymm2, %ymm1'.
/home/sdasgup3/Github/strata/stoke/bin/specgen compare --circuit_dir /home/sdasgup3/Github/strata-data/circuits --opcode vpblendw_ymm_ymm_ymm_imm8_203 
strata does not support 'vpblendw $0xcb, %ymm3, %ymm2, %ymm1'.
/home/sdasgup3/Github/strata/stoke/bin/specgen compare --circuit_dir /home/sdasgup3/Github/strata-data/circuits --opcode vpblendw_ymm_ymm_ymm_imm8_204 
Equivalent.
/home/sdasgup3/Github/strata/stoke/bin/specgen compare --circuit_dir /home/sdasgup3/Github/strata-data/circuits --opcode vpblendw_ymm_ymm_ymm_imm8_205 
strata does not support 'vpblendw $0xcd, %ymm3, %ymm2, %ymm1'.
/home/sdasgup3/Github/strata/stoke/bin/specgen compare --circuit_dir /home/sdasgup3/Github/strata-data/circuits --opcode vpblendw_ymm_ymm_ymm_imm8_206 
strata does not support 'vpblendw $0xce, %ymm3, %ymm2, %ymm1'.
/home/sdasgup3/Github/strata/stoke/bin/specgen compare --circuit_dir /home/sdasgup3/Github/strata-data/circuits --opcode vpblendw_ymm_ymm_ymm_imm8_207 
strata does not support 'vpblendw $0xcf, %ymm3, %ymm2, %ymm1'.
/home/sdasgup3/Github/strata/stoke/bin/specgen compare --circuit_dir /home/sdasgup3/Github/strata-data/circuits --opcode vpblendw_ymm_ymm_ymm_imm8_208 
strata does not support 'vpblendw $0xd0, %ymm3, %ymm2, %ymm1'.
/home/sdasgup3/Github/strata/stoke/bin/specgen compare --circuit_dir /home/sdasgup3/Github/strata-data/circuits --opcode vpblendw_ymm_ymm_ymm_imm8_209 
strata does not support 'vpblendw $0xd1, %ymm3, %ymm2, %ymm1'.
/home/sdasgup3/Github/strata/stoke/bin/specgen compare --circuit_dir /home/sdasgup3/Github/strata-data/circuits --opcode vpblendw_ymm_ymm_ymm_imm8_210 
strata does not support 'vpblendw $0xd2, %ymm3, %ymm2, %ymm1'.
/home/sdasgup3/Github/strata/stoke/bin/specgen compare --circuit_dir /home/sdasgup3/Github/strata-data/circuits --opcode vpblendw_ymm_ymm_ymm_imm8_211 
strata does not support 'vpblendw $0xd3, %ymm3, %ymm2, %ymm1'.
/home/sdasgup3/Github/strata/stoke/bin/specgen compare --circuit_dir /home/sdasgup3/Github/strata-data/circuits --opcode vpblendw_ymm_ymm_ymm_imm8_212 
strata does not support 'vpblendw $0xd4, %ymm3, %ymm2, %ymm1'.
/home/sdasgup3/Github/strata/stoke/bin/specgen compare --circuit_dir /home/sdasgup3/Github/strata-data/circuits --opcode vpblendw_ymm_ymm_ymm_imm8_213 
strata does not support 'vpblendw $0xd5, %ymm3, %ymm2, %ymm1'.
/home/sdasgup3/Github/strata/stoke/bin/specgen compare --circuit_dir /home/sdasgup3/Github/strata-data/circuits --opcode vpblendw_ymm_ymm_ymm_imm8_214 
strata does not support 'vpblendw $0xd6, %ymm3, %ymm2, %ymm1'.
/home/sdasgup3/Github/strata/stoke/bin/specgen compare --circuit_dir /home/sdasgup3/Github/strata-data/circuits --opcode vpblendw_ymm_ymm_ymm_imm8_215 
strata does not support 'vpblendw $0xd7, %ymm3, %ymm2, %ymm1'.
/home/sdasgup3/Github/strata/stoke/bin/specgen compare --circuit_dir /home/sdasgup3/Github/strata-data/circuits --opcode vpblendw_ymm_ymm_ymm_imm8_216 
strata does not support 'vpblendw $0xd8, %ymm3, %ymm2, %ymm1'.
/home/sdasgup3/Github/strata/stoke/bin/specgen compare --circuit_dir /home/sdasgup3/Github/strata-data/circuits --opcode vpblendw_ymm_ymm_ymm_imm8_217 
strata does not support 'vpblendw $0xd9, %ymm3, %ymm2, %ymm1'.
/home/sdasgup3/Github/strata/stoke/bin/specgen compare --circuit_dir /home/sdasgup3/Github/strata-data/circuits --opcode vpblendw_ymm_ymm_ymm_imm8_218 
strata does not support 'vpblendw $0xda, %ymm3, %ymm2, %ymm1'.
/home/sdasgup3/Github/strata/stoke/bin/specgen compare --circuit_dir /home/sdasgup3/Github/strata-data/circuits --opcode vpblendw_ymm_ymm_ymm_imm8_219 
strata does not support 'vpblendw $0xdb, %ymm3, %ymm2, %ymm1'.
/home/sdasgup3/Github/strata/stoke/bin/specgen compare --circuit_dir /home/sdasgup3/Github/strata-data/circuits --opcode vpblendw_ymm_ymm_ymm_imm8_220 
strata does not support 'vpblendw $0xdc, %ymm3, %ymm2, %ymm1'.
/home/sdasgup3/Github/strata/stoke/bin/specgen compare --circuit_dir /home/sdasgup3/Github/strata-data/circuits --opcode vpblendw_ymm_ymm_ymm_imm8_221 
strata does not support 'vpblendw $0xdd, %ymm3, %ymm2, %ymm1'.
/home/sdasgup3/Github/strata/stoke/bin/specgen compare --circuit_dir /home/sdasgup3/Github/strata-data/circuits --opcode vpblendw_ymm_ymm_ymm_imm8_222 
strata does not support 'vpblendw $0xde, %ymm3, %ymm2, %ymm1'.
/home/sdasgup3/Github/strata/stoke/bin/specgen compare --circuit_dir /home/sdasgup3/Github/strata-data/circuits --opcode vpblendw_ymm_ymm_ymm_imm8_223 
strata does not support 'vpblendw $0xdf, %ymm3, %ymm2, %ymm1'.
/home/sdasgup3/Github/strata/stoke/bin/specgen compare --circuit_dir /home/sdasgup3/Github/strata-data/circuits --opcode vpblendw_ymm_ymm_ymm_imm8_224 
strata does not support 'vpblendw $0xe0, %ymm3, %ymm2, %ymm1'.
/home/sdasgup3/Github/strata/stoke/bin/specgen compare --circuit_dir /home/sdasgup3/Github/strata-data/circuits --opcode vpblendw_ymm_ymm_ymm_imm8_225 
strata does not support 'vpblendw $0xe1, %ymm3, %ymm2, %ymm1'.
/home/sdasgup3/Github/strata/stoke/bin/specgen compare --circuit_dir /home/sdasgup3/Github/strata-data/circuits --opcode vpblendw_ymm_ymm_ymm_imm8_226 
strata does not support 'vpblendw $0xe2, %ymm3, %ymm2, %ymm1'.
/home/sdasgup3/Github/strata/stoke/bin/specgen compare --circuit_dir /home/sdasgup3/Github/strata-data/circuits --opcode vpblendw_ymm_ymm_ymm_imm8_227 
strata does not support 'vpblendw $0xe3, %ymm3, %ymm2, %ymm1'.
/home/sdasgup3/Github/strata/stoke/bin/specgen compare --circuit_dir /home/sdasgup3/Github/strata-data/circuits --opcode vpblendw_ymm_ymm_ymm_imm8_228 
strata does not support 'vpblendw $0xe4, %ymm3, %ymm2, %ymm1'.
/home/sdasgup3/Github/strata/stoke/bin/specgen compare --circuit_dir /home/sdasgup3/Github/strata-data/circuits --opcode vpblendw_ymm_ymm_ymm_imm8_229 
strata does not support 'vpblendw $0xe5, %ymm3, %ymm2, %ymm1'.
/home/sdasgup3/Github/strata/stoke/bin/specgen compare --circuit_dir /home/sdasgup3/Github/strata-data/circuits --opcode vpblendw_ymm_ymm_ymm_imm8_230 
strata does not support 'vpblendw $0xe6, %ymm3, %ymm2, %ymm1'.
/home/sdasgup3/Github/strata/stoke/bin/specgen compare --circuit_dir /home/sdasgup3/Github/strata-data/circuits --opcode vpblendw_ymm_ymm_ymm_imm8_231 
strata does not support 'vpblendw $0xe7, %ymm3, %ymm2, %ymm1'.
/home/sdasgup3/Github/strata/stoke/bin/specgen compare --circuit_dir /home/sdasgup3/Github/strata-data/circuits --opcode vpblendw_ymm_ymm_ymm_imm8_232 
strata does not support 'vpblendw $0xe8, %ymm3, %ymm2, %ymm1'.
/home/sdasgup3/Github/strata/stoke/bin/specgen compare --circuit_dir /home/sdasgup3/Github/strata-data/circuits --opcode vpblendw_ymm_ymm_ymm_imm8_233 
strata does not support 'vpblendw $0xe9, %ymm3, %ymm2, %ymm1'.
/home/sdasgup3/Github/strata/stoke/bin/specgen compare --circuit_dir /home/sdasgup3/Github/strata-data/circuits --opcode vpblendw_ymm_ymm_ymm_imm8_234 
strata does not support 'vpblendw $0xea, %ymm3, %ymm2, %ymm1'.
/home/sdasgup3/Github/strata/stoke/bin/specgen compare --circuit_dir /home/sdasgup3/Github/strata-data/circuits --opcode vpblendw_ymm_ymm_ymm_imm8_235 
strata does not support 'vpblendw $0xeb, %ymm3, %ymm2, %ymm1'.
/home/sdasgup3/Github/strata/stoke/bin/specgen compare --circuit_dir /home/sdasgup3/Github/strata-data/circuits --opcode vpblendw_ymm_ymm_ymm_imm8_236 
strata does not support 'vpblendw $0xec, %ymm3, %ymm2, %ymm1'.
/home/sdasgup3/Github/strata/stoke/bin/specgen compare --circuit_dir /home/sdasgup3/Github/strata-data/circuits --opcode vpblendw_ymm_ymm_ymm_imm8_237 
strata does not support 'vpblendw $0xed, %ymm3, %ymm2, %ymm1'.
/home/sdasgup3/Github/strata/stoke/bin/specgen compare --circuit_dir /home/sdasgup3/Github/strata-data/circuits --opcode vpblendw_ymm_ymm_ymm_imm8_238 
strata does not support 'vpblendw $0xee, %ymm3, %ymm2, %ymm1'.
/home/sdasgup3/Github/strata/stoke/bin/specgen compare --circuit_dir /home/sdasgup3/Github/strata-data/circuits --opcode vpblendw_ymm_ymm_ymm_imm8_239 
strata does not support 'vpblendw $0xef, %ymm3, %ymm2, %ymm1'.
/home/sdasgup3/Github/strata/stoke/bin/specgen compare --circuit_dir /home/sdasgup3/Github/strata-data/circuits --opcode vpblendw_ymm_ymm_ymm_imm8_240 
Equivalent.
/home/sdasgup3/Github/strata/stoke/bin/specgen compare --circuit_dir /home/sdasgup3/Github/strata-data/circuits --opcode vpblendw_ymm_ymm_ymm_imm8_241 
strata does not support 'vpblendw $0xf1, %ymm3, %ymm2, %ymm1'.
/home/sdasgup3/Github/strata/stoke/bin/specgen compare --circuit_dir /home/sdasgup3/Github/strata-data/circuits --opcode vpblendw_ymm_ymm_ymm_imm8_242 
strata does not support 'vpblendw $0xf2, %ymm3, %ymm2, %ymm1'.
/home/sdasgup3/Github/strata/stoke/bin/specgen compare --circuit_dir /home/sdasgup3/Github/strata-data/circuits --opcode vpblendw_ymm_ymm_ymm_imm8_243 
strata does not support 'vpblendw $0xf3, %ymm3, %ymm2, %ymm1'.
/home/sdasgup3/Github/strata/stoke/bin/specgen compare --circuit_dir /home/sdasgup3/Github/strata-data/circuits --opcode vpblendw_ymm_ymm_ymm_imm8_244 
strata does not support 'vpblendw $0xf4, %ymm3, %ymm2, %ymm1'.
/home/sdasgup3/Github/strata/stoke/bin/specgen compare --circuit_dir /home/sdasgup3/Github/strata-data/circuits --opcode vpblendw_ymm_ymm_ymm_imm8_245 
strata does not support 'vpblendw $0xf5, %ymm3, %ymm2, %ymm1'.
/home/sdasgup3/Github/strata/stoke/bin/specgen compare --circuit_dir /home/sdasgup3/Github/strata-data/circuits --opcode vpblendw_ymm_ymm_ymm_imm8_246 
strata does not support 'vpblendw $0xf6, %ymm3, %ymm2, %ymm1'.
/home/sdasgup3/Github/strata/stoke/bin/specgen compare --circuit_dir /home/sdasgup3/Github/strata-data/circuits --opcode vpblendw_ymm_ymm_ymm_imm8_247 
strata does not support 'vpblendw $0xf7, %ymm3, %ymm2, %ymm1'.
/home/sdasgup3/Github/strata/stoke/bin/specgen compare --circuit_dir /home/sdasgup3/Github/strata-data/circuits --opcode vpblendw_ymm_ymm_ymm_imm8_248 
strata does not support 'vpblendw $0xf8, %ymm3, %ymm2, %ymm1'.
/home/sdasgup3/Github/strata/stoke/bin/specgen compare --circuit_dir /home/sdasgup3/Github/strata-data/circuits --opcode vpblendw_ymm_ymm_ymm_imm8_249 
strata does not support 'vpblendw $0xf9, %ymm3, %ymm2, %ymm1'.
/home/sdasgup3/Github/strata/stoke/bin/specgen compare --circuit_dir /home/sdasgup3/Github/strata-data/circuits --opcode vpblendw_ymm_ymm_ymm_imm8_250 
strata does not support 'vpblendw $0xfa, %ymm3, %ymm2, %ymm1'.
/home/sdasgup3/Github/strata/stoke/bin/specgen compare --circuit_dir /home/sdasgup3/Github/strata-data/circuits --opcode vpblendw_ymm_ymm_ymm_imm8_251 
strata does not support 'vpblendw $0xfb, %ymm3, %ymm2, %ymm1'.
/home/sdasgup3/Github/strata/stoke/bin/specgen compare --circuit_dir /home/sdasgup3/Github/strata-data/circuits --opcode vpblendw_ymm_ymm_ymm_imm8_252 
Equivalent.
/home/sdasgup3/Github/strata/stoke/bin/specgen compare --circuit_dir /home/sdasgup3/Github/strata-data/circuits --opcode vpblendw_ymm_ymm_ymm_imm8_253 
strata does not support 'vpblendw $0xfd, %ymm3, %ymm2, %ymm1'.
/home/sdasgup3/Github/strata/stoke/bin/specgen compare --circuit_dir /home/sdasgup3/Github/strata-data/circuits --opcode vpblendw_ymm_ymm_ymm_imm8_254 
strata does not support 'vpblendw $0xfe, %ymm3, %ymm2, %ymm1'.
/home/sdasgup3/Github/strata/stoke/bin/specgen compare --circuit_dir /home/sdasgup3/Github/strata-data/circuits --opcode vpblendw_ymm_ymm_ymm_imm8_255 
Equivalent.
