[4m[1m[34mFiring Last 3[0m
Thread 1 start: pinsrd_xmm_r32_imm8_107
timeout 30m  /home/sdasgup3/Github/strata/stoke/./bin/stoke_check_circuit --strata_path /home/sdasgup3/Github/strata-data/circuits --target concrete_instances/immediate-variants/pinsrd_xmm_r32_imm8/instructions/pinsrd_xmm_r32_imm8_107/pinsrd_xmm_r32_imm8_107.s --functions /home/sdasgup3/Github/strata-data/data-regs/functions --testcases /home/sdasgup3/Github/strata-data/data-regs/testcases.tc --def_in "{ %ebx %xmm1 }" --live_out "{ %xmm1 }" --maybe_undef_out "{ }" 
Thread 3 start: pinsrd_xmm_r32_imm8_124
timeout 30m  /home/sdasgup3/Github/strata/stoke/./bin/stoke_check_circuit --strata_path /home/sdasgup3/Github/strata-data/circuits --target concrete_instances/immediate-variants/pinsrd_xmm_r32_imm8/instructions/pinsrd_xmm_r32_imm8_124/pinsrd_xmm_r32_imm8_124.s --functions /home/sdasgup3/Github/strata-data/data-regs/functions --testcases /home/sdasgup3/Github/strata-data/data-regs/testcases.tc --def_in "{ %ebx %xmm1 }" --live_out "{ %xmm1 }" --maybe_undef_out "{ }" 
Thread 2 start: pinsrd_xmm_r32_imm8_123
timeout 30m  /home/sdasgup3/Github/strata/stoke/./bin/stoke_check_circuit --strata_path /home/sdasgup3/Github/strata-data/circuits --target concrete_instances/immediate-variants/pinsrd_xmm_r32_imm8/instructions/pinsrd_xmm_r32_imm8_123/pinsrd_xmm_r32_imm8_123.s --functions /home/sdasgup3/Github/strata-data/data-regs/functions --testcases /home/sdasgup3/Github/strata-data/data-regs/testcases.tc --def_in "{ %ebx %xmm1 }" --live_out "{ %xmm1 }" --maybe_undef_out "{ }" 
Reading the Testsuit
Preparing Sandbox
Run 6630 tests
Collect Results
Check Equivalence
Completed 1000cases
Reading the Testsuit
Preparing Sandbox
Run 6630 tests
Collect Results
Check Equivalence
Completed 1000cases
Reading the Testsuit
Preparing Sandbox
Run 6630 tests
Collect Results
Check Equivalence
Completed 1000cases
Completed 2000cases
Completed 2000cases
Completed 2000cases
Completed 3000cases
Completed 3000cases
Completed 3000cases
Completed 4000cases
Completed 4000cases
Completed 4000cases
Completed 5000cases
Completed 5000cases
Completed 5000cases
Completed 6000cases
Completed 6000cases
Completed 6000cases
Execution time pinsrd_xmm_r32_imm8_124: 37 s
Thread 3 done!: pinsrd_xmm_r32_imm8_124
Execution time pinsrd_xmm_r32_imm8_107: 40 s
Thread 1 done!: pinsrd_xmm_r32_imm8_107
Execution time pinsrd_xmm_r32_imm8_123: 40 s
Thread 2 done!: pinsrd_xmm_r32_imm8_123
