[4m[1m[34mFiring Last 2[0m
Thread 1 start: extractps_r64_xmm_imm8_66
timeout 30m  /home/sdasgup3/Github/strata/stoke/./bin/stoke_check_circuit --strata_path /home/sdasgup3/Github/strata-data/circuits --target concrete_instances/immediate-variants/extractps_r64_xmm_imm8/instructions/extractps_r64_xmm_imm8_66/extractps_r64_xmm_imm8_66.s --functions /home/sdasgup3/Github/strata-data/data-regs/functions --testcases /home/sdasgup3/Github/strata-data/data-regs/testcases.tc --def_in "{ %xmm1 }" --live_out "{ %rbx }" --maybe_undef_out "{ }" 
Thread 2 start: extractps_r64_xmm_imm8_68
timeout 30m  /home/sdasgup3/Github/strata/stoke/./bin/stoke_check_circuit --strata_path /home/sdasgup3/Github/strata-data/circuits --target concrete_instances/immediate-variants/extractps_r64_xmm_imm8/instructions/extractps_r64_xmm_imm8_68/extractps_r64_xmm_imm8_68.s --functions /home/sdasgup3/Github/strata-data/data-regs/functions --testcases /home/sdasgup3/Github/strata-data/data-regs/testcases.tc --def_in "{ %xmm1 }" --live_out "{ %rbx }" --maybe_undef_out "{ }" 
Reading the Testsuit
Preparing Sandbox
Run 6630 tests
Collect Results
Check Equivalence
Completed 1000cases
Reading the Testsuit
Preparing Sandbox
Run 6630 tests
Collect Results
Check Equivalence
Completed 1000cases
Completed 2000cases
Completed 2000cases
Completed 3000cases
Completed 3000cases
Completed 4000cases
Completed 4000cases
Completed 5000cases
Completed 5000cases
Completed 6000cases
Completed 6000cases
Execution time extractps_r64_xmm_imm8_66: 40 s
Thread 1 done!: extractps_r64_xmm_imm8_66
Execution time extractps_r64_xmm_imm8_68: 40 s
Thread 2 done!: extractps_r64_xmm_imm8_68
