[4m[1m[34mFiring Last 28[0m
Thread 1 start: vpslld_xmm_xmm_imm8_4
timeout 30m  /home/sdasgup3/Github/strata/stoke/./bin/stoke_check_circuit --strata_path /home/sdasgup3/Github/strata-data/circuits --target concrete_instances/immediate-variants/vpslld_xmm_xmm_imm8/instructions/vpslld_xmm_xmm_imm8_4/vpslld_xmm_xmm_imm8_4.s --functions /home/sdasgup3/Github/strata-data/data-regs/functions --testcases /home/sdasgup3/Github/strata-data/data-regs/testcases.tc --def_in "{ %xmm2 }" --live_out "{ %ymm1 }" --maybe_undef_out "{ }" 
Thread 4 start: vpslld_xmm_xmm_imm8_7
timeout 30m  /home/sdasgup3/Github/strata/stoke/./bin/stoke_check_circuit --strata_path /home/sdasgup3/Github/strata-data/circuits --target concrete_instances/immediate-variants/vpslld_xmm_xmm_imm8/instructions/vpslld_xmm_xmm_imm8_7/vpslld_xmm_xmm_imm8_7.s --functions /home/sdasgup3/Github/strata-data/data-regs/functions --testcases /home/sdasgup3/Github/strata-data/data-regs/testcases.tc --def_in "{ %xmm2 }" --live_out "{ %ymm1 }" --maybe_undef_out "{ }" 
Thread 5 start: vpslld_xmm_xmm_imm8_8
timeout 30m  /home/sdasgup3/Github/strata/stoke/./bin/stoke_check_circuit --strata_path /home/sdasgup3/Github/strata-data/circuits --target concrete_instances/immediate-variants/vpslld_xmm_xmm_imm8/instructions/vpslld_xmm_xmm_imm8_8/vpslld_xmm_xmm_imm8_8.s --functions /home/sdasgup3/Github/strata-data/data-regs/functions --testcases /home/sdasgup3/Github/strata-data/data-regs/testcases.tc --def_in "{ %xmm2 }" --live_out "{ %ymm1 }" --maybe_undef_out "{ }" 
Thread 6 start: vpslld_xmm_xmm_imm8_9
timeout 30m  /home/sdasgup3/Github/strata/stoke/./bin/stoke_check_circuit --strata_path /home/sdasgup3/Github/strata-data/circuits --target concrete_instances/immediate-variants/vpslld_xmm_xmm_imm8/instructions/vpslld_xmm_xmm_imm8_9/vpslld_xmm_xmm_imm8_9.s --functions /home/sdasgup3/Github/strata-data/data-regs/functions --testcases /home/sdasgup3/Github/strata-data/data-regs/testcases.tc --def_in "{ %xmm2 }" --live_out "{ %ymm1 }" --maybe_undef_out "{ }" 
Thread 7 start: vpslld_xmm_xmm_imm8_10
timeout 30m  /home/sdasgup3/Github/strata/stoke/./bin/stoke_check_circuit --strata_path /home/sdasgup3/Github/strata-data/circuits --target concrete_instances/immediate-variants/vpslld_xmm_xmm_imm8/instructions/vpslld_xmm_xmm_imm8_10/vpslld_xmm_xmm_imm8_10.s --functions /home/sdasgup3/Github/strata-data/data-regs/functions --testcases /home/sdasgup3/Github/strata-data/data-regs/testcases.tc --def_in "{ %xmm2 }" --live_out "{ %ymm1 }" --maybe_undef_out "{ }" 
Thread 2 start: vpslld_xmm_xmm_imm8_5
timeout 30m  /home/sdasgup3/Github/strata/stoke/./bin/stoke_check_circuit --strata_path /home/sdasgup3/Github/strata-data/circuits --target concrete_instances/immediate-variants/vpslld_xmm_xmm_imm8/instructions/vpslld_xmm_xmm_imm8_5/vpslld_xmm_xmm_imm8_5.s --functions /home/sdasgup3/Github/strata-data/data-regs/functions --testcases /home/sdasgup3/Github/strata-data/data-regs/testcases.tc --def_in "{ %xmm2 }" --live_out "{ %ymm1 }" --maybe_undef_out "{ }" 
Thread 3 start: vpslld_xmm_xmm_imm8_6
timeout 30m  /home/sdasgup3/Github/strata/stoke/./bin/stoke_check_circuit --strata_path /home/sdasgup3/Github/strata-data/circuits --target concrete_instances/immediate-variants/vpslld_xmm_xmm_imm8/instructions/vpslld_xmm_xmm_imm8_6/vpslld_xmm_xmm_imm8_6.s --functions /home/sdasgup3/Github/strata-data/data-regs/functions --testcases /home/sdasgup3/Github/strata-data/data-regs/testcases.tc --def_in "{ %xmm2 }" --live_out "{ %ymm1 }" --maybe_undef_out "{ }" 
Thread 8 start: vpslld_xmm_xmm_imm8_11
timeout 30m  /home/sdasgup3/Github/strata/stoke/./bin/stoke_check_circuit --strata_path /home/sdasgup3/Github/strata-data/circuits --target concrete_instances/immediate-variants/vpslld_xmm_xmm_imm8/instructions/vpslld_xmm_xmm_imm8_11/vpslld_xmm_xmm_imm8_11.s --functions /home/sdasgup3/Github/strata-data/data-regs/functions --testcases /home/sdasgup3/Github/strata-data/data-regs/testcases.tc --def_in "{ %xmm2 }" --live_out "{ %ymm1 }" --maybe_undef_out "{ }" 
Thread 9 start: vpslld_xmm_xmm_imm8_12
timeout 30m  /home/sdasgup3/Github/strata/stoke/./bin/stoke_check_circuit --strata_path /home/sdasgup3/Github/strata-data/circuits --target concrete_instances/immediate-variants/vpslld_xmm_xmm_imm8/instructions/vpslld_xmm_xmm_imm8_12/vpslld_xmm_xmm_imm8_12.s --functions /home/sdasgup3/Github/strata-data/data-regs/functions --testcases /home/sdasgup3/Github/strata-data/data-regs/testcases.tc --def_in "{ %xmm2 }" --live_out "{ %ymm1 }" --maybe_undef_out "{ }" 
Thread 10 start: vpslld_xmm_xmm_imm8_13
timeout 30m  /home/sdasgup3/Github/strata/stoke/./bin/stoke_check_circuit --strata_path /home/sdasgup3/Github/strata-data/circuits --target concrete_instances/immediate-variants/vpslld_xmm_xmm_imm8/instructions/vpslld_xmm_xmm_imm8_13/vpslld_xmm_xmm_imm8_13.s --functions /home/sdasgup3/Github/strata-data/data-regs/functions --testcases /home/sdasgup3/Github/strata-data/data-regs/testcases.tc --def_in "{ %xmm2 }" --live_out "{ %ymm1 }" --maybe_undef_out "{ }" 
Thread 11 start: vpslld_xmm_xmm_imm8_14
timeout 30m  /home/sdasgup3/Github/strata/stoke/./bin/stoke_check_circuit --strata_path /home/sdasgup3/Github/strata-data/circuits --target concrete_instances/immediate-variants/vpslld_xmm_xmm_imm8/instructions/vpslld_xmm_xmm_imm8_14/vpslld_xmm_xmm_imm8_14.s --functions /home/sdasgup3/Github/strata-data/data-regs/functions --testcases /home/sdasgup3/Github/strata-data/data-regs/testcases.tc --def_in "{ %xmm2 }" --live_out "{ %ymm1 }" --maybe_undef_out "{ }" 
Thread 12 start: vpslld_xmm_xmm_imm8_15
timeout 30m  /home/sdasgup3/Github/strata/stoke/./bin/stoke_check_circuit --strata_path /home/sdasgup3/Github/strata-data/circuits --target concrete_instances/immediate-variants/vpslld_xmm_xmm_imm8/instructions/vpslld_xmm_xmm_imm8_15/vpslld_xmm_xmm_imm8_15.s --functions /home/sdasgup3/Github/strata-data/data-regs/functions --testcases /home/sdasgup3/Github/strata-data/data-regs/testcases.tc --def_in "{ %xmm2 }" --live_out "{ %ymm1 }" --maybe_undef_out "{ }" 
Thread 13 start: vpslld_xmm_xmm_imm8_16
timeout 30m  /home/sdasgup3/Github/strata/stoke/./bin/stoke_check_circuit --strata_path /home/sdasgup3/Github/strata-data/circuits --target concrete_instances/immediate-variants/vpslld_xmm_xmm_imm8/instructions/vpslld_xmm_xmm_imm8_16/vpslld_xmm_xmm_imm8_16.s --functions /home/sdasgup3/Github/strata-data/data-regs/functions --testcases /home/sdasgup3/Github/strata-data/data-regs/testcases.tc --def_in "{ %xmm2 }" --live_out "{ %ymm1 }" --maybe_undef_out "{ }" 
Thread 14 start: vpslld_xmm_xmm_imm8_17
timeout 30m  /home/sdasgup3/Github/strata/stoke/./bin/stoke_check_circuit --strata_path /home/sdasgup3/Github/strata-data/circuits --target concrete_instances/immediate-variants/vpslld_xmm_xmm_imm8/instructions/vpslld_xmm_xmm_imm8_17/vpslld_xmm_xmm_imm8_17.s --functions /home/sdasgup3/Github/strata-data/data-regs/functions --testcases /home/sdasgup3/Github/strata-data/data-regs/testcases.tc --def_in "{ %xmm2 }" --live_out "{ %ymm1 }" --maybe_undef_out "{ }" 
Thread 15 start: vpslld_xmm_xmm_imm8_18
timeout 30m  /home/sdasgup3/Github/strata/stoke/./bin/stoke_check_circuit --strata_path /home/sdasgup3/Github/strata-data/circuits --target concrete_instances/immediate-variants/vpslld_xmm_xmm_imm8/instructions/vpslld_xmm_xmm_imm8_18/vpslld_xmm_xmm_imm8_18.s --functions /home/sdasgup3/Github/strata-data/data-regs/functions --testcases /home/sdasgup3/Github/strata-data/data-regs/testcases.tc --def_in "{ %xmm2 }" --live_out "{ %ymm1 }" --maybe_undef_out "{ }" 
Thread 16 start: vpslld_xmm_xmm_imm8_19
timeout 30m  /home/sdasgup3/Github/strata/stoke/./bin/stoke_check_circuit --strata_path /home/sdasgup3/Github/strata-data/circuits --target concrete_instances/immediate-variants/vpslld_xmm_xmm_imm8/instructions/vpslld_xmm_xmm_imm8_19/vpslld_xmm_xmm_imm8_19.s --functions /home/sdasgup3/Github/strata-data/data-regs/functions --testcases /home/sdasgup3/Github/strata-data/data-regs/testcases.tc --def_in "{ %xmm2 }" --live_out "{ %ymm1 }" --maybe_undef_out "{ }" 
Thread 17 start: vpslld_xmm_xmm_imm8_20
timeout 30m  /home/sdasgup3/Github/strata/stoke/./bin/stoke_check_circuit --strata_path /home/sdasgup3/Github/strata-data/circuits --target concrete_instances/immediate-variants/vpslld_xmm_xmm_imm8/instructions/vpslld_xmm_xmm_imm8_20/vpslld_xmm_xmm_imm8_20.s --functions /home/sdasgup3/Github/strata-data/data-regs/functions --testcases /home/sdasgup3/Github/strata-data/data-regs/testcases.tc --def_in "{ %xmm2 }" --live_out "{ %ymm1 }" --maybe_undef_out "{ }" 
Thread 18 start: vpslld_xmm_xmm_imm8_21
timeout 30m  /home/sdasgup3/Github/strata/stoke/./bin/stoke_check_circuit --strata_path /home/sdasgup3/Github/strata-data/circuits --target concrete_instances/immediate-variants/vpslld_xmm_xmm_imm8/instructions/vpslld_xmm_xmm_imm8_21/vpslld_xmm_xmm_imm8_21.s --functions /home/sdasgup3/Github/strata-data/data-regs/functions --testcases /home/sdasgup3/Github/strata-data/data-regs/testcases.tc --def_in "{ %xmm2 }" --live_out "{ %ymm1 }" --maybe_undef_out "{ }" 
Thread 19 start: vpslld_xmm_xmm_imm8_22
timeout 30m  /home/sdasgup3/Github/strata/stoke/./bin/stoke_check_circuit --strata_path /home/sdasgup3/Github/strata-data/circuits --target concrete_instances/immediate-variants/vpslld_xmm_xmm_imm8/instructions/vpslld_xmm_xmm_imm8_22/vpslld_xmm_xmm_imm8_22.s --functions /home/sdasgup3/Github/strata-data/data-regs/functions --testcases /home/sdasgup3/Github/strata-data/data-regs/testcases.tc --def_in "{ %xmm2 }" --live_out "{ %ymm1 }" --maybe_undef_out "{ }" 
Thread 20 start: vpslld_xmm_xmm_imm8_23
timeout 30m  /home/sdasgup3/Github/strata/stoke/./bin/stoke_check_circuit --strata_path /home/sdasgup3/Github/strata-data/circuits --target concrete_instances/immediate-variants/vpslld_xmm_xmm_imm8/instructions/vpslld_xmm_xmm_imm8_23/vpslld_xmm_xmm_imm8_23.s --functions /home/sdasgup3/Github/strata-data/data-regs/functions --testcases /home/sdasgup3/Github/strata-data/data-regs/testcases.tc --def_in "{ %xmm2 }" --live_out "{ %ymm1 }" --maybe_undef_out "{ }" 
Thread 21 start: vpslld_xmm_xmm_imm8_24
timeout 30m  /home/sdasgup3/Github/strata/stoke/./bin/stoke_check_circuit --strata_path /home/sdasgup3/Github/strata-data/circuits --target concrete_instances/immediate-variants/vpslld_xmm_xmm_imm8/instructions/vpslld_xmm_xmm_imm8_24/vpslld_xmm_xmm_imm8_24.s --functions /home/sdasgup3/Github/strata-data/data-regs/functions --testcases /home/sdasgup3/Github/strata-data/data-regs/testcases.tc --def_in "{ %xmm2 }" --live_out "{ %ymm1 }" --maybe_undef_out "{ }" 
Thread 22 start: vpslld_xmm_xmm_imm8_25
timeout 30m  /home/sdasgup3/Github/strata/stoke/./bin/stoke_check_circuit --strata_path /home/sdasgup3/Github/strata-data/circuits --target concrete_instances/immediate-variants/vpslld_xmm_xmm_imm8/instructions/vpslld_xmm_xmm_imm8_25/vpslld_xmm_xmm_imm8_25.s --functions /home/sdasgup3/Github/strata-data/data-regs/functions --testcases /home/sdasgup3/Github/strata-data/data-regs/testcases.tc --def_in "{ %xmm2 }" --live_out "{ %ymm1 }" --maybe_undef_out "{ }" 
Thread 23 start: vpslld_xmm_xmm_imm8_26
timeout 30m  /home/sdasgup3/Github/strata/stoke/./bin/stoke_check_circuit --strata_path /home/sdasgup3/Github/strata-data/circuits --target concrete_instances/immediate-variants/vpslld_xmm_xmm_imm8/instructions/vpslld_xmm_xmm_imm8_26/vpslld_xmm_xmm_imm8_26.s --functions /home/sdasgup3/Github/strata-data/data-regs/functions --testcases /home/sdasgup3/Github/strata-data/data-regs/testcases.tc --def_in "{ %xmm2 }" --live_out "{ %ymm1 }" --maybe_undef_out "{ }" 
Thread 24 start: vpslld_xmm_xmm_imm8_27
timeout 30m  /home/sdasgup3/Github/strata/stoke/./bin/stoke_check_circuit --strata_path /home/sdasgup3/Github/strata-data/circuits --target concrete_instances/immediate-variants/vpslld_xmm_xmm_imm8/instructions/vpslld_xmm_xmm_imm8_27/vpslld_xmm_xmm_imm8_27.s --functions /home/sdasgup3/Github/strata-data/data-regs/functions --testcases /home/sdasgup3/Github/strata-data/data-regs/testcases.tc --def_in "{ %xmm2 }" --live_out "{ %ymm1 }" --maybe_undef_out "{ }" 
Thread 25 start: vpslld_xmm_xmm_imm8_28
timeout 30m  /home/sdasgup3/Github/strata/stoke/./bin/stoke_check_circuit --strata_path /home/sdasgup3/Github/strata-data/circuits --target concrete_instances/immediate-variants/vpslld_xmm_xmm_imm8/instructions/vpslld_xmm_xmm_imm8_28/vpslld_xmm_xmm_imm8_28.s --functions /home/sdasgup3/Github/strata-data/data-regs/functions --testcases /home/sdasgup3/Github/strata-data/data-regs/testcases.tc --def_in "{ %xmm2 }" --live_out "{ %ymm1 }" --maybe_undef_out "{ }" 
Thread 26 start: vpslld_xmm_xmm_imm8_29
timeout 30m  /home/sdasgup3/Github/strata/stoke/./bin/stoke_check_circuit --strata_path /home/sdasgup3/Github/strata-data/circuits --target concrete_instances/immediate-variants/vpslld_xmm_xmm_imm8/instructions/vpslld_xmm_xmm_imm8_29/vpslld_xmm_xmm_imm8_29.s --functions /home/sdasgup3/Github/strata-data/data-regs/functions --testcases /home/sdasgup3/Github/strata-data/data-regs/testcases.tc --def_in "{ %xmm2 }" --live_out "{ %ymm1 }" --maybe_undef_out "{ }" 
Thread 27 start: vpslld_xmm_xmm_imm8_30
timeout 30m  /home/sdasgup3/Github/strata/stoke/./bin/stoke_check_circuit --strata_path /home/sdasgup3/Github/strata-data/circuits --target concrete_instances/immediate-variants/vpslld_xmm_xmm_imm8/instructions/vpslld_xmm_xmm_imm8_30/vpslld_xmm_xmm_imm8_30.s --functions /home/sdasgup3/Github/strata-data/data-regs/functions --testcases /home/sdasgup3/Github/strata-data/data-regs/testcases.tc --def_in "{ %xmm2 }" --live_out "{ %ymm1 }" --maybe_undef_out "{ }" 
Thread 28 start: vpslld_xmm_xmm_imm8_31
timeout 30m  /home/sdasgup3/Github/strata/stoke/./bin/stoke_check_circuit --strata_path /home/sdasgup3/Github/strata-data/circuits --target concrete_instances/immediate-variants/vpslld_xmm_xmm_imm8/instructions/vpslld_xmm_xmm_imm8_31/vpslld_xmm_xmm_imm8_31.s --functions /home/sdasgup3/Github/strata-data/data-regs/functions --testcases /home/sdasgup3/Github/strata-data/data-regs/testcases.tc --def_in "{ %xmm2 }" --live_out "{ %ymm1 }" --maybe_undef_out "{ }" 
Reading the Testsuit
Preparing Sandbox
Run 6630 tests
Collect Results
Check Equivalence
Completed 1000cases
Reading the Testsuit
Preparing Sandbox
Run 6630 tests
Collect Results
Check Equivalence
Completed 1000cases
Reading the Testsuit
Preparing Sandbox
Run 6630 tests
Collect Results
Check Equivalence
Completed 1000cases
Reading the Testsuit
Preparing Sandbox
Run 6630 tests
Collect Results
Check Equivalence
Completed 1000cases
Reading the Testsuit
Preparing Sandbox
Run 6630 tests
Collect Results
Check Equivalence
Completed 1000cases
Reading the Testsuit
Preparing Sandbox
Run 6630 tests
Collect Results
Check Equivalence
Completed 1000cases
Reading the Testsuit
Preparing Sandbox
Run 6630 tests
Collect Results
Check Equivalence
Completed 1000cases
Reading the Testsuit
Preparing Sandbox
Run 6630 tests
Collect Results
Check Equivalence
Completed 1000cases
Reading the Testsuit
Preparing Sandbox
Run 6630 tests
Collect Results
Check Equivalence
Completed 1000cases
Reading the Testsuit
Preparing Sandbox
Run 6630 tests
Collect Results
Check Equivalence
Completed 1000cases
Reading the Testsuit
Preparing Sandbox
Run 6630 tests
Collect Results
Check Equivalence
Completed 1000cases
Reading the Testsuit
Preparing Sandbox
Run 6630 tests
Collect Results
Check Equivalence
Completed 1000cases
Reading the Testsuit
Preparing Sandbox
Run 6630 tests
Collect Results
Check Equivalence
Completed 1000cases
Reading the Testsuit
Preparing Sandbox
Run 6630 tests
Collect Results
Check Equivalence
Completed 1000cases
Reading the Testsuit
Preparing Sandbox
Run 6630 tests
Collect Results
Check Equivalence
Completed 1000cases
Reading the Testsuit
Preparing Sandbox
Run 6630 tests
Collect Results
Check Equivalence
Completed 1000cases
Reading the Testsuit
Preparing Sandbox
Run 6630 tests
Collect Results
Check Equivalence
Completed 1000cases
Reading the Testsuit
Preparing Sandbox
Run 6630 tests
Collect Results
Check Equivalence
Completed 1000cases
Reading the Testsuit
Preparing Sandbox
Run 6630 tests
Collect Results
Check Equivalence
Completed 1000cases
Reading the Testsuit
Preparing Sandbox
Run 6630 tests
Collect Results
Check Equivalence
Completed 1000cases
Reading the Testsuit
Preparing Sandbox
Run 6630 tests
Collect Results
Check Equivalence
Completed 1000cases
Reading the Testsuit
Preparing Sandbox
Run 6630 tests
Collect Results
Check Equivalence
Completed 1000cases
Reading the Testsuit
Preparing Sandbox
Run 6630 tests
Collect Results
Check Equivalence
Completed 1000cases
Reading the Testsuit
Preparing Sandbox
Run 6630 tests
Collect Results
Check Equivalence
Completed 1000cases
Reading the Testsuit
Preparing Sandbox
Run 6630 tests
Collect Results
Check Equivalence
Completed 1000cases
Reading the Testsuit
Preparing Sandbox
Run 6630 tests
Collect Results
Check Equivalence
Completed 1000cases
Reading the Testsuit
Preparing Sandbox
Run 6630 tests
Collect Results
Check Equivalence
Completed 1000cases
Reading the Testsuit
Preparing Sandbox
Run 6630 tests
Collect Results
Check Equivalence
Completed 1000cases
Completed 2000cases
Completed 2000cases
Completed 2000cases
Completed 2000cases
Completed 2000cases
Completed 2000cases
Completed 2000cases
Completed 2000cases
Completed 2000cases
Completed 2000cases
Completed 2000cases
Completed 2000cases
Completed 2000cases
Completed 2000cases
Completed 2000cases
Completed 2000cases
Completed 2000cases
Completed 2000cases
Completed 2000cases
Completed 2000cases
Completed 2000cases
Completed 2000cases
Completed 2000cases
Completed 2000cases
Completed 2000cases
Completed 2000cases
Completed 2000cases
Completed 2000cases
Completed 3000cases
Completed 3000cases
Completed 3000cases
Completed 3000cases
Completed 3000cases
Completed 3000cases
Completed 3000cases
Completed 3000cases
Completed 3000cases
Completed 3000cases
Completed 3000cases
Completed 3000cases
Completed 3000cases
Completed 3000cases
Completed 3000cases
Completed 3000cases
Completed 3000cases
Completed 3000cases
Completed 3000cases
Completed 3000cases
Completed 3000cases
Completed 3000cases
Completed 3000cases
Completed 3000cases
Completed 3000cases
Completed 3000cases
Completed 3000cases
Completed 3000cases
Completed 4000cases
Completed 4000cases
Completed 4000cases
Completed 4000cases
Completed 4000cases
Completed 4000cases
Completed 4000cases
Completed 4000cases
Completed 4000cases
Completed 4000cases
Completed 4000cases
Completed 4000cases
Completed 4000cases
Completed 4000cases
Completed 4000cases
Completed 4000cases
Completed 4000cases
Completed 4000cases
Completed 4000cases
Completed 4000cases
Completed 4000cases
Completed 4000cases
Completed 4000cases
Completed 4000cases
Completed 4000cases
Completed 4000cases
Completed 4000cases
Completed 4000cases
Completed 5000cases
Completed 5000cases
Completed 5000cases
Completed 5000cases
Completed 5000cases
Completed 5000cases
Completed 5000cases
Completed 5000cases
Completed 5000cases
Completed 5000cases
Completed 5000cases
Completed 5000cases
Completed 5000cases
Completed 5000cases
Completed 5000cases
Completed 5000cases
Completed 5000cases
Completed 5000cases
Completed 5000cases
Completed 5000cases
Completed 5000cases
Completed 5000cases
Completed 5000cases
Completed 5000cases
Completed 5000cases
Completed 5000cases
Completed 5000cases
Completed 5000cases
Completed 6000cases
Completed 6000cases
Completed 6000cases
Completed 6000cases
Completed 6000cases
Completed 6000cases
Completed 6000cases
Completed 6000cases
Completed 6000cases
Completed 6000cases
Completed 6000cases
Completed 6000cases
Completed 6000cases
Completed 6000cases
Completed 6000cases
Completed 6000cases
Execution time vpslld_xmm_xmm_imm8_7: 61 s
Thread 4 done!: vpslld_xmm_xmm_imm8_7
Completed 6000cases
Completed 6000cases
Execution time vpslld_xmm_xmm_imm8_19: 62 s
Thread 16 done!: vpslld_xmm_xmm_imm8_19
Completed 6000cases
Completed 6000cases
Completed 6000cases
Completed 6000cases
Completed 6000cases
Completed 6000cases
Execution time vpslld_xmm_xmm_imm8_17: 63 s
Thread 14 done!: vpslld_xmm_xmm_imm8_17
Completed 6000cases
Completed 6000cases
Completed 6000cases
Completed 6000cases
Execution time vpslld_xmm_xmm_imm8_23: 62 s
Thread 20 done!: vpslld_xmm_xmm_imm8_23
Execution time vpslld_xmm_xmm_imm8_4: 63 s
Thread 1 done!: vpslld_xmm_xmm_imm8_4
Execution time vpslld_xmm_xmm_imm8_18: 63 s
Thread 15 done!: vpslld_xmm_xmm_imm8_18
Execution time vpslld_xmm_xmm_imm8_11: 64 s
Thread 8 done!: vpslld_xmm_xmm_imm8_11
Execution time vpslld_xmm_xmm_imm8_29: 63 s
Thread 26 done!: vpslld_xmm_xmm_imm8_29
Execution time vpslld_xmm_xmm_imm8_14: 64 s
Thread 11 done!: vpslld_xmm_xmm_imm8_14
Execution time vpslld_xmm_xmm_imm8_15: 65 s
Thread 12 done!: vpslld_xmm_xmm_imm8_15
Execution time vpslld_xmm_xmm_imm8_26: 64 s
Thread 23 done!: vpslld_xmm_xmm_imm8_26
Execution time vpslld_xmm_xmm_imm8_5: 65 s
Thread 2 done!: vpslld_xmm_xmm_imm8_5
Execution time vpslld_xmm_xmm_imm8_10: 65 s
Thread 7 done!: vpslld_xmm_xmm_imm8_10
Execution time vpslld_xmm_xmm_imm8_22: 65 s
Thread 19 done!: vpslld_xmm_xmm_imm8_22
Execution time vpslld_xmm_xmm_imm8_8: 66 s
Thread 5 done!: vpslld_xmm_xmm_imm8_8
Execution time vpslld_xmm_xmm_imm8_12: 66 s
Thread 9 done!: vpslld_xmm_xmm_imm8_12
Execution time vpslld_xmm_xmm_imm8_24: 65 s
Thread 21 done!: vpslld_xmm_xmm_imm8_24
Execution time vpslld_xmm_xmm_imm8_16: 67 s
Thread 13 done!: vpslld_xmm_xmm_imm8_16
Execution time vpslld_xmm_xmm_imm8_30: 66 s
Thread 27 done!: vpslld_xmm_xmm_imm8_30
Execution time vpslld_xmm_xmm_imm8_20: 67 s
Thread 17 done!: vpslld_xmm_xmm_imm8_20
Execution time vpslld_xmm_xmm_imm8_27: 66 s
Thread 24 done!: vpslld_xmm_xmm_imm8_27
Execution time vpslld_xmm_xmm_imm8_13: 67 s
Thread 10 done!: vpslld_xmm_xmm_imm8_13
Execution time vpslld_xmm_xmm_imm8_9: 67 s
Thread 6 done!: vpslld_xmm_xmm_imm8_9
Execution time vpslld_xmm_xmm_imm8_21: 66 s
Thread 18 done!: vpslld_xmm_xmm_imm8_21
Execution time vpslld_xmm_xmm_imm8_28: 66 s
Thread 25 done!: vpslld_xmm_xmm_imm8_28
Execution time vpslld_xmm_xmm_imm8_25: 67 s
Thread 22 done!: vpslld_xmm_xmm_imm8_25
Execution time vpslld_xmm_xmm_imm8_6: 68 s
Thread 3 done!: vpslld_xmm_xmm_imm8_6
Execution time vpslld_xmm_xmm_imm8_31: 67 s
Thread 28 done!: vpslld_xmm_xmm_imm8_31
