[4m[1m[34mFiring 1.[0m
Thread 1 start: vpinsrd_xmm_xmm_r32_imm8_30
timeout 30m  /home/sdasgup3/Github/strata/stoke/./bin/stoke_check_circuit --strata_path /home/sdasgup3/Github/strata-data/circuits --target concrete_instances/immediate-variants/vpinsrd_xmm_xmm_r32_imm8/instructions/vpinsrd_xmm_xmm_r32_imm8_30/vpinsrd_xmm_xmm_r32_imm8_30.s --functions /home/sdasgup3/Github/strata-data/data-regs/functions --testcases /home/sdasgup3/Github/strata-data/data-regs/testcases.tc --def_in "{ %ebx %xmm2 }" --live_out "{ %ymm1 }" --maybe_undef_out "{ }" 
Reading the Testsuit
Preparing Sandbox
Run 6630 tests
Collect Results
Check Equivalence
Completed 1000cases
Completed 2000cases
Completed 3000cases
Completed 4000cases
Completed 5000cases
Completed 6000cases
Execution time vpinsrd_xmm_xmm_r32_imm8_30: 52 s
Thread 1 done!: vpinsrd_xmm_xmm_r32_imm8_30
[4m[1m[34mFiring 1.[0m
Thread 2 start: vpinsrd_xmm_xmm_r32_imm8_159
timeout 30m  /home/sdasgup3/Github/strata/stoke/./bin/stoke_check_circuit --strata_path /home/sdasgup3/Github/strata-data/circuits --target concrete_instances/immediate-variants/vpinsrd_xmm_xmm_r32_imm8/instructions/vpinsrd_xmm_xmm_r32_imm8_159/vpinsrd_xmm_xmm_r32_imm8_159.s --functions /home/sdasgup3/Github/strata-data/data-regs/functions --testcases /home/sdasgup3/Github/strata-data/data-regs/testcases.tc --def_in "{ %ebx %xmm2 }" --live_out "{ %ymm1 }" --maybe_undef_out "{ }" 
Reading the Testsuit
Preparing Sandbox
Run 6630 tests
Collect Results
Check Equivalence
Completed 1000cases
Completed 2000cases
Completed 3000cases
Completed 4000cases
Completed 5000cases
Completed 6000cases
Execution time vpinsrd_xmm_xmm_r32_imm8_159: 47 s
Thread 2 done!: vpinsrd_xmm_xmm_r32_imm8_159
[4m[1m[34mFiring 1.[0m
Thread 3 start: vpinsrd_xmm_xmm_r32_imm8_210
timeout 30m  /home/sdasgup3/Github/strata/stoke/./bin/stoke_check_circuit --strata_path /home/sdasgup3/Github/strata-data/circuits --target concrete_instances/immediate-variants/vpinsrd_xmm_xmm_r32_imm8/instructions/vpinsrd_xmm_xmm_r32_imm8_210/vpinsrd_xmm_xmm_r32_imm8_210.s --functions /home/sdasgup3/Github/strata-data/data-regs/functions --testcases /home/sdasgup3/Github/strata-data/data-regs/testcases.tc --def_in "{ %ebx %xmm2 }" --live_out "{ %ymm1 }" --maybe_undef_out "{ }" 
Reading the Testsuit
Preparing Sandbox
Run 6630 tests
Collect Results
Check Equivalence
Completed 1000cases
Completed 2000cases
Completed 3000cases
Completed 4000cases
Completed 5000cases
Completed 6000cases
Execution time vpinsrd_xmm_xmm_r32_imm8_210: 45 s
Thread 3 done!: vpinsrd_xmm_xmm_r32_imm8_210
[4m[1m[34mFiring 1.[0m
Thread 4 start: vpinsrd_xmm_xmm_r32_imm8_212
timeout 30m  /home/sdasgup3/Github/strata/stoke/./bin/stoke_check_circuit --strata_path /home/sdasgup3/Github/strata-data/circuits --target concrete_instances/immediate-variants/vpinsrd_xmm_xmm_r32_imm8/instructions/vpinsrd_xmm_xmm_r32_imm8_212/vpinsrd_xmm_xmm_r32_imm8_212.s --functions /home/sdasgup3/Github/strata-data/data-regs/functions --testcases /home/sdasgup3/Github/strata-data/data-regs/testcases.tc --def_in "{ %ebx %xmm2 }" --live_out "{ %ymm1 }" --maybe_undef_out "{ }" 
Reading the Testsuit
Preparing Sandbox
Run 6630 tests
Collect Results
Check Equivalence
Completed 1000cases
Completed 2000cases
Completed 3000cases
Completed 4000cases
Completed 5000cases
Completed 6000cases
Execution time vpinsrd_xmm_xmm_r32_imm8_212: 45 s
Thread 4 done!: vpinsrd_xmm_xmm_r32_imm8_212
[4m[1m[34mFiring 1.[0m
Thread 5 start: vpinsrd_xmm_xmm_r32_imm8_25
timeout 30m  /home/sdasgup3/Github/strata/stoke/./bin/stoke_check_circuit --strata_path /home/sdasgup3/Github/strata-data/circuits --target concrete_instances/immediate-variants/vpinsrd_xmm_xmm_r32_imm8/instructions/vpinsrd_xmm_xmm_r32_imm8_25/vpinsrd_xmm_xmm_r32_imm8_25.s --functions /home/sdasgup3/Github/strata-data/data-regs/functions --testcases /home/sdasgup3/Github/strata-data/data-regs/testcases.tc --def_in "{ %ebx %xmm2 }" --live_out "{ %ymm1 }" --maybe_undef_out "{ }" 
Reading the Testsuit
Preparing Sandbox
Run 6630 tests
Collect Results
Check Equivalence
Completed 1000cases
Completed 2000cases
Completed 3000cases
Completed 4000cases
Completed 5000cases
Completed 6000cases
Execution time vpinsrd_xmm_xmm_r32_imm8_25: 43 s
Thread 5 done!: vpinsrd_xmm_xmm_r32_imm8_25
[4m[1m[34mFiring 1.[0m
Thread 6 start: vpinsrd_xmm_xmm_r32_imm8_69
timeout 30m  /home/sdasgup3/Github/strata/stoke/./bin/stoke_check_circuit --strata_path /home/sdasgup3/Github/strata-data/circuits --target concrete_instances/immediate-variants/vpinsrd_xmm_xmm_r32_imm8/instructions/vpinsrd_xmm_xmm_r32_imm8_69/vpinsrd_xmm_xmm_r32_imm8_69.s --functions /home/sdasgup3/Github/strata-data/data-regs/functions --testcases /home/sdasgup3/Github/strata-data/data-regs/testcases.tc --def_in "{ %ebx %xmm2 }" --live_out "{ %ymm1 }" --maybe_undef_out "{ }" 
Reading the Testsuit
Preparing Sandbox
Run 6630 tests
Collect Results
Check Equivalence
Completed 1000cases
Completed 2000cases
Completed 3000cases
Completed 4000cases
Completed 5000cases
Completed 6000cases
Execution time vpinsrd_xmm_xmm_r32_imm8_69: 44 s
Thread 6 done!: vpinsrd_xmm_xmm_r32_imm8_69
[4m[1m[34mFiring 1.[0m
Thread 7 start: vpinsrd_xmm_xmm_r32_imm8_83
timeout 30m  /home/sdasgup3/Github/strata/stoke/./bin/stoke_check_circuit --strata_path /home/sdasgup3/Github/strata-data/circuits --target concrete_instances/immediate-variants/vpinsrd_xmm_xmm_r32_imm8/instructions/vpinsrd_xmm_xmm_r32_imm8_83/vpinsrd_xmm_xmm_r32_imm8_83.s --functions /home/sdasgup3/Github/strata-data/data-regs/functions --testcases /home/sdasgup3/Github/strata-data/data-regs/testcases.tc --def_in "{ %ebx %xmm2 }" --live_out "{ %ymm1 }" --maybe_undef_out "{ }" 
Reading the Testsuit
Preparing Sandbox
Run 6630 tests
Collect Results
Check Equivalence
Completed 1000cases
Completed 2000cases
Completed 3000cases
Completed 4000cases
Completed 5000cases
Completed 6000cases
Execution time vpinsrd_xmm_xmm_r32_imm8_83: 43 s
Thread 7 done!: vpinsrd_xmm_xmm_r32_imm8_83
[4m[1m[34mFiring 1.[0m
Thread 8 start: vpinsrd_xmm_xmm_r32_imm8_89
timeout 30m  /home/sdasgup3/Github/strata/stoke/./bin/stoke_check_circuit --strata_path /home/sdasgup3/Github/strata-data/circuits --target concrete_instances/immediate-variants/vpinsrd_xmm_xmm_r32_imm8/instructions/vpinsrd_xmm_xmm_r32_imm8_89/vpinsrd_xmm_xmm_r32_imm8_89.s --functions /home/sdasgup3/Github/strata-data/data-regs/functions --testcases /home/sdasgup3/Github/strata-data/data-regs/testcases.tc --def_in "{ %ebx %xmm2 }" --live_out "{ %ymm1 }" --maybe_undef_out "{ }" 
Reading the Testsuit
Preparing Sandbox
Run 6630 tests
Collect Results
Check Equivalence
Completed 1000cases
Completed 2000cases
Completed 3000cases
Completed 4000cases
Completed 5000cases
Completed 6000cases
Execution time vpinsrd_xmm_xmm_r32_imm8_89: 43 s
Thread 8 done!: vpinsrd_xmm_xmm_r32_imm8_89
[4m[1m[34mFiring 1.[0m
Thread 9 start: vpinsrd_xmm_xmm_r32_imm8_91
timeout 30m  /home/sdasgup3/Github/strata/stoke/./bin/stoke_check_circuit --strata_path /home/sdasgup3/Github/strata-data/circuits --target concrete_instances/immediate-variants/vpinsrd_xmm_xmm_r32_imm8/instructions/vpinsrd_xmm_xmm_r32_imm8_91/vpinsrd_xmm_xmm_r32_imm8_91.s --functions /home/sdasgup3/Github/strata-data/data-regs/functions --testcases /home/sdasgup3/Github/strata-data/data-regs/testcases.tc --def_in "{ %ebx %xmm2 }" --live_out "{ %ymm1 }" --maybe_undef_out "{ }" 
Reading the Testsuit
Preparing Sandbox
Run 6630 tests
Collect Results
Check Equivalence
Completed 1000cases
Completed 2000cases
Completed 3000cases
Completed 4000cases
Completed 5000cases
Completed 6000cases
Execution time vpinsrd_xmm_xmm_r32_imm8_91: 44 s
Thread 9 done!: vpinsrd_xmm_xmm_r32_imm8_91
[4m[1m[34mFiring 1.[0m
Thread 10 start: vpinsrd_xmm_xmm_r32_imm8_95
timeout 30m  /home/sdasgup3/Github/strata/stoke/./bin/stoke_check_circuit --strata_path /home/sdasgup3/Github/strata-data/circuits --target concrete_instances/immediate-variants/vpinsrd_xmm_xmm_r32_imm8/instructions/vpinsrd_xmm_xmm_r32_imm8_95/vpinsrd_xmm_xmm_r32_imm8_95.s --functions /home/sdasgup3/Github/strata-data/data-regs/functions --testcases /home/sdasgup3/Github/strata-data/data-regs/testcases.tc --def_in "{ %ebx %xmm2 }" --live_out "{ %ymm1 }" --maybe_undef_out "{ }" 
Reading the Testsuit
Preparing Sandbox
Run 6630 tests
Collect Results
Check Equivalence
Completed 1000cases
Completed 2000cases
Completed 3000cases
Completed 4000cases
Completed 5000cases
Completed 6000cases
Execution time vpinsrd_xmm_xmm_r32_imm8_95: 44 s
Thread 10 done!: vpinsrd_xmm_xmm_r32_imm8_95
[4m[1m[34mFiring 1.[0m
Thread 11 start: vpinsrd_xmm_xmm_r32_imm8_99
timeout 30m  /home/sdasgup3/Github/strata/stoke/./bin/stoke_check_circuit --strata_path /home/sdasgup3/Github/strata-data/circuits --target concrete_instances/immediate-variants/vpinsrd_xmm_xmm_r32_imm8/instructions/vpinsrd_xmm_xmm_r32_imm8_99/vpinsrd_xmm_xmm_r32_imm8_99.s --functions /home/sdasgup3/Github/strata-data/data-regs/functions --testcases /home/sdasgup3/Github/strata-data/data-regs/testcases.tc --def_in "{ %ebx %xmm2 }" --live_out "{ %ymm1 }" --maybe_undef_out "{ }" 
Reading the Testsuit
Preparing Sandbox
Run 6630 tests
Collect Results
Check Equivalence
Completed 1000cases
Completed 2000cases
Completed 3000cases
Completed 4000cases
Completed 5000cases
Completed 6000cases
Execution time vpinsrd_xmm_xmm_r32_imm8_99: 44 s
Thread 11 done!: vpinsrd_xmm_xmm_r32_imm8_99
[4m[1m[34mFiring 1.[0m
Thread 12 start: vpinsrd_xmm_xmm_r32_imm8_102
timeout 30m  /home/sdasgup3/Github/strata/stoke/./bin/stoke_check_circuit --strata_path /home/sdasgup3/Github/strata-data/circuits --target concrete_instances/immediate-variants/vpinsrd_xmm_xmm_r32_imm8/instructions/vpinsrd_xmm_xmm_r32_imm8_102/vpinsrd_xmm_xmm_r32_imm8_102.s --functions /home/sdasgup3/Github/strata-data/data-regs/functions --testcases /home/sdasgup3/Github/strata-data/data-regs/testcases.tc --def_in "{ %ebx %xmm2 }" --live_out "{ %ymm1 }" --maybe_undef_out "{ }" 
Reading the Testsuit
Preparing Sandbox
Run 6630 tests
Collect Results
Check Equivalence
Completed 1000cases
Completed 2000cases
Completed 3000cases
Completed 4000cases
Completed 5000cases
Completed 6000cases
Execution time vpinsrd_xmm_xmm_r32_imm8_102: 43 s
Thread 12 done!: vpinsrd_xmm_xmm_r32_imm8_102
[4m[1m[34mFiring 1.[0m
Thread 13 start: vpinsrd_xmm_xmm_r32_imm8_129
timeout 30m  /home/sdasgup3/Github/strata/stoke/./bin/stoke_check_circuit --strata_path /home/sdasgup3/Github/strata-data/circuits --target concrete_instances/immediate-variants/vpinsrd_xmm_xmm_r32_imm8/instructions/vpinsrd_xmm_xmm_r32_imm8_129/vpinsrd_xmm_xmm_r32_imm8_129.s --functions /home/sdasgup3/Github/strata-data/data-regs/functions --testcases /home/sdasgup3/Github/strata-data/data-regs/testcases.tc --def_in "{ %ebx %xmm2 }" --live_out "{ %ymm1 }" --maybe_undef_out "{ }" 
Reading the Testsuit
Preparing Sandbox
Run 6630 tests
Collect Results
Check Equivalence
Completed 1000cases
Completed 2000cases
Completed 3000cases
Completed 4000cases
Completed 5000cases
Completed 6000cases
Execution time vpinsrd_xmm_xmm_r32_imm8_129: 46 s
Thread 13 done!: vpinsrd_xmm_xmm_r32_imm8_129
[4m[1m[34mFiring 1.[0m
Thread 14 start: vpinsrd_xmm_xmm_r32_imm8_134
timeout 30m  /home/sdasgup3/Github/strata/stoke/./bin/stoke_check_circuit --strata_path /home/sdasgup3/Github/strata-data/circuits --target concrete_instances/immediate-variants/vpinsrd_xmm_xmm_r32_imm8/instructions/vpinsrd_xmm_xmm_r32_imm8_134/vpinsrd_xmm_xmm_r32_imm8_134.s --functions /home/sdasgup3/Github/strata-data/data-regs/functions --testcases /home/sdasgup3/Github/strata-data/data-regs/testcases.tc --def_in "{ %ebx %xmm2 }" --live_out "{ %ymm1 }" --maybe_undef_out "{ }" 
Reading the Testsuit
Preparing Sandbox
Run 6630 tests
Collect Results
Check Equivalence
Completed 1000cases
Completed 2000cases
Completed 3000cases
Completed 4000cases
Completed 5000cases
Completed 6000cases
Execution time vpinsrd_xmm_xmm_r32_imm8_134: 47 s
Thread 14 done!: vpinsrd_xmm_xmm_r32_imm8_134
[4m[1m[34mFiring 1.[0m
Thread 15 start: vpinsrd_xmm_xmm_r32_imm8_147
timeout 30m  /home/sdasgup3/Github/strata/stoke/./bin/stoke_check_circuit --strata_path /home/sdasgup3/Github/strata-data/circuits --target concrete_instances/immediate-variants/vpinsrd_xmm_xmm_r32_imm8/instructions/vpinsrd_xmm_xmm_r32_imm8_147/vpinsrd_xmm_xmm_r32_imm8_147.s --functions /home/sdasgup3/Github/strata-data/data-regs/functions --testcases /home/sdasgup3/Github/strata-data/data-regs/testcases.tc --def_in "{ %ebx %xmm2 }" --live_out "{ %ymm1 }" --maybe_undef_out "{ }" 
Reading the Testsuit
Preparing Sandbox
Run 6630 tests
Collect Results
Check Equivalence
Completed 1000cases
Completed 2000cases
Completed 3000cases
Completed 4000cases
Completed 5000cases
Completed 6000cases
Execution time vpinsrd_xmm_xmm_r32_imm8_147: 44 s
Thread 15 done!: vpinsrd_xmm_xmm_r32_imm8_147
[4m[1m[34mFiring 1.[0m
Thread 16 start: vpinsrd_xmm_xmm_r32_imm8_155
timeout 30m  /home/sdasgup3/Github/strata/stoke/./bin/stoke_check_circuit --strata_path /home/sdasgup3/Github/strata-data/circuits --target concrete_instances/immediate-variants/vpinsrd_xmm_xmm_r32_imm8/instructions/vpinsrd_xmm_xmm_r32_imm8_155/vpinsrd_xmm_xmm_r32_imm8_155.s --functions /home/sdasgup3/Github/strata-data/data-regs/functions --testcases /home/sdasgup3/Github/strata-data/data-regs/testcases.tc --def_in "{ %ebx %xmm2 }" --live_out "{ %ymm1 }" --maybe_undef_out "{ }" 
Reading the Testsuit
Preparing Sandbox
Run 6630 tests
Collect Results
Check Equivalence
Completed 1000cases
Completed 2000cases
Completed 3000cases
Completed 4000cases
Completed 5000cases
Completed 6000cases
Execution time vpinsrd_xmm_xmm_r32_imm8_155: 42 s
Thread 16 done!: vpinsrd_xmm_xmm_r32_imm8_155
[4m[1m[34mFiring 1.[0m
Thread 17 start: vpinsrd_xmm_xmm_r32_imm8_163
timeout 30m  /home/sdasgup3/Github/strata/stoke/./bin/stoke_check_circuit --strata_path /home/sdasgup3/Github/strata-data/circuits --target concrete_instances/immediate-variants/vpinsrd_xmm_xmm_r32_imm8/instructions/vpinsrd_xmm_xmm_r32_imm8_163/vpinsrd_xmm_xmm_r32_imm8_163.s --functions /home/sdasgup3/Github/strata-data/data-regs/functions --testcases /home/sdasgup3/Github/strata-data/data-regs/testcases.tc --def_in "{ %ebx %xmm2 }" --live_out "{ %ymm1 }" --maybe_undef_out "{ }" 
Reading the Testsuit
Preparing Sandbox
Run 6630 tests
Collect Results
Check Equivalence
Completed 1000cases
Completed 2000cases
Completed 3000cases
Completed 4000cases
Completed 5000cases
Completed 6000cases
Execution time vpinsrd_xmm_xmm_r32_imm8_163: 43 s
Thread 17 done!: vpinsrd_xmm_xmm_r32_imm8_163
[4m[1m[34mFiring 1.[0m
Thread 18 start: vpinsrd_xmm_xmm_r32_imm8_174
timeout 30m  /home/sdasgup3/Github/strata/stoke/./bin/stoke_check_circuit --strata_path /home/sdasgup3/Github/strata-data/circuits --target concrete_instances/immediate-variants/vpinsrd_xmm_xmm_r32_imm8/instructions/vpinsrd_xmm_xmm_r32_imm8_174/vpinsrd_xmm_xmm_r32_imm8_174.s --functions /home/sdasgup3/Github/strata-data/data-regs/functions --testcases /home/sdasgup3/Github/strata-data/data-regs/testcases.tc --def_in "{ %ebx %xmm2 }" --live_out "{ %ymm1 }" --maybe_undef_out "{ }" 
Reading the Testsuit
Preparing Sandbox
Run 6630 tests
Collect Results
Check Equivalence
Completed 1000cases
Completed 2000cases
Completed 3000cases
Completed 4000cases
Completed 5000cases
Completed 6000cases
Execution time vpinsrd_xmm_xmm_r32_imm8_174: 44 s
Thread 18 done!: vpinsrd_xmm_xmm_r32_imm8_174
[4m[1m[34mFiring 1.[0m
Thread 19 start: vpinsrd_xmm_xmm_r32_imm8_179
timeout 30m  /home/sdasgup3/Github/strata/stoke/./bin/stoke_check_circuit --strata_path /home/sdasgup3/Github/strata-data/circuits --target concrete_instances/immediate-variants/vpinsrd_xmm_xmm_r32_imm8/instructions/vpinsrd_xmm_xmm_r32_imm8_179/vpinsrd_xmm_xmm_r32_imm8_179.s --functions /home/sdasgup3/Github/strata-data/data-regs/functions --testcases /home/sdasgup3/Github/strata-data/data-regs/testcases.tc --def_in "{ %ebx %xmm2 }" --live_out "{ %ymm1 }" --maybe_undef_out "{ }" 
Reading the Testsuit
Preparing Sandbox
Run 6630 tests
Collect Results
Check Equivalence
Completed 1000cases
Completed 2000cases
Completed 3000cases
Completed 4000cases
Completed 5000cases
Completed 6000cases
Execution time vpinsrd_xmm_xmm_r32_imm8_179: 44 s
Thread 19 done!: vpinsrd_xmm_xmm_r32_imm8_179
[4m[1m[34mFiring 1.[0m
Thread 20 start: vpinsrd_xmm_xmm_r32_imm8_186
timeout 30m  /home/sdasgup3/Github/strata/stoke/./bin/stoke_check_circuit --strata_path /home/sdasgup3/Github/strata-data/circuits --target concrete_instances/immediate-variants/vpinsrd_xmm_xmm_r32_imm8/instructions/vpinsrd_xmm_xmm_r32_imm8_186/vpinsrd_xmm_xmm_r32_imm8_186.s --functions /home/sdasgup3/Github/strata-data/data-regs/functions --testcases /home/sdasgup3/Github/strata-data/data-regs/testcases.tc --def_in "{ %ebx %xmm2 }" --live_out "{ %ymm1 }" --maybe_undef_out "{ }" 
Reading the Testsuit
Preparing Sandbox
Run 6630 tests
Collect Results
Check Equivalence
Completed 1000cases
Completed 2000cases
Completed 3000cases
Completed 4000cases
Completed 5000cases
Completed 6000cases
Execution time vpinsrd_xmm_xmm_r32_imm8_186: 43 s
Thread 20 done!: vpinsrd_xmm_xmm_r32_imm8_186
[4m[1m[34mFiring 1.[0m
Thread 21 start: vpinsrd_xmm_xmm_r32_imm8_190
timeout 30m  /home/sdasgup3/Github/strata/stoke/./bin/stoke_check_circuit --strata_path /home/sdasgup3/Github/strata-data/circuits --target concrete_instances/immediate-variants/vpinsrd_xmm_xmm_r32_imm8/instructions/vpinsrd_xmm_xmm_r32_imm8_190/vpinsrd_xmm_xmm_r32_imm8_190.s --functions /home/sdasgup3/Github/strata-data/data-regs/functions --testcases /home/sdasgup3/Github/strata-data/data-regs/testcases.tc --def_in "{ %ebx %xmm2 }" --live_out "{ %ymm1 }" --maybe_undef_out "{ }" 
Reading the Testsuit
Preparing Sandbox
Run 6630 tests
Collect Results
Check Equivalence
Completed 1000cases
Completed 2000cases
Completed 3000cases
Completed 4000cases
Completed 5000cases
Completed 6000cases
Execution time vpinsrd_xmm_xmm_r32_imm8_190: 42 s
Thread 21 done!: vpinsrd_xmm_xmm_r32_imm8_190
[4m[1m[34mFiring 1.[0m
Thread 22 start: vpinsrd_xmm_xmm_r32_imm8_195
timeout 30m  /home/sdasgup3/Github/strata/stoke/./bin/stoke_check_circuit --strata_path /home/sdasgup3/Github/strata-data/circuits --target concrete_instances/immediate-variants/vpinsrd_xmm_xmm_r32_imm8/instructions/vpinsrd_xmm_xmm_r32_imm8_195/vpinsrd_xmm_xmm_r32_imm8_195.s --functions /home/sdasgup3/Github/strata-data/data-regs/functions --testcases /home/sdasgup3/Github/strata-data/data-regs/testcases.tc --def_in "{ %ebx %xmm2 }" --live_out "{ %ymm1 }" --maybe_undef_out "{ }" 
Reading the Testsuit
Preparing Sandbox
Run 6630 tests
Collect Results
Check Equivalence
Completed 1000cases
Completed 2000cases
Completed 3000cases
Completed 4000cases
Completed 5000cases
Completed 6000cases
Execution time vpinsrd_xmm_xmm_r32_imm8_195: 44 s
Thread 22 done!: vpinsrd_xmm_xmm_r32_imm8_195
[4m[1m[34mFiring 1.[0m
Thread 23 start: vpinsrd_xmm_xmm_r32_imm8_215
timeout 30m  /home/sdasgup3/Github/strata/stoke/./bin/stoke_check_circuit --strata_path /home/sdasgup3/Github/strata-data/circuits --target concrete_instances/immediate-variants/vpinsrd_xmm_xmm_r32_imm8/instructions/vpinsrd_xmm_xmm_r32_imm8_215/vpinsrd_xmm_xmm_r32_imm8_215.s --functions /home/sdasgup3/Github/strata-data/data-regs/functions --testcases /home/sdasgup3/Github/strata-data/data-regs/testcases.tc --def_in "{ %ebx %xmm2 }" --live_out "{ %ymm1 }" --maybe_undef_out "{ }" 
Reading the Testsuit
Preparing Sandbox
Run 6630 tests
Collect Results
Check Equivalence
Completed 1000cases
Completed 2000cases
Completed 3000cases
Completed 4000cases
Completed 5000cases
Completed 6000cases
Execution time vpinsrd_xmm_xmm_r32_imm8_215: 43 s
Thread 23 done!: vpinsrd_xmm_xmm_r32_imm8_215
[4m[1m[34mFiring 1.[0m
Thread 24 start: vpinsrd_xmm_xmm_r32_imm8_227
timeout 30m  /home/sdasgup3/Github/strata/stoke/./bin/stoke_check_circuit --strata_path /home/sdasgup3/Github/strata-data/circuits --target concrete_instances/immediate-variants/vpinsrd_xmm_xmm_r32_imm8/instructions/vpinsrd_xmm_xmm_r32_imm8_227/vpinsrd_xmm_xmm_r32_imm8_227.s --functions /home/sdasgup3/Github/strata-data/data-regs/functions --testcases /home/sdasgup3/Github/strata-data/data-regs/testcases.tc --def_in "{ %ebx %xmm2 }" --live_out "{ %ymm1 }" --maybe_undef_out "{ }" 
Reading the Testsuit
Preparing Sandbox
Run 6630 tests
Collect Results
Check Equivalence
Completed 1000cases
Completed 2000cases
Completed 3000cases
Completed 4000cases
Completed 5000cases
Completed 6000cases
Execution time vpinsrd_xmm_xmm_r32_imm8_227: 44 s
Thread 24 done!: vpinsrd_xmm_xmm_r32_imm8_227
[4m[1m[34mFiring 1.[0m
Thread 25 start: vpinsrd_xmm_xmm_r32_imm8_230
timeout 30m  /home/sdasgup3/Github/strata/stoke/./bin/stoke_check_circuit --strata_path /home/sdasgup3/Github/strata-data/circuits --target concrete_instances/immediate-variants/vpinsrd_xmm_xmm_r32_imm8/instructions/vpinsrd_xmm_xmm_r32_imm8_230/vpinsrd_xmm_xmm_r32_imm8_230.s --functions /home/sdasgup3/Github/strata-data/data-regs/functions --testcases /home/sdasgup3/Github/strata-data/data-regs/testcases.tc --def_in "{ %ebx %xmm2 }" --live_out "{ %ymm1 }" --maybe_undef_out "{ }" 
Reading the Testsuit
Preparing Sandbox
Run 6630 tests
Collect Results
Check Equivalence
Completed 1000cases
Completed 2000cases
Completed 3000cases
Completed 4000cases
Completed 5000cases
Completed 6000cases
Execution time vpinsrd_xmm_xmm_r32_imm8_230: 41 s
Thread 25 done!: vpinsrd_xmm_xmm_r32_imm8_230
[4m[1m[34mFiring 1.[0m
Thread 26 start: vpinsrd_xmm_xmm_r32_imm8_238
timeout 30m  /home/sdasgup3/Github/strata/stoke/./bin/stoke_check_circuit --strata_path /home/sdasgup3/Github/strata-data/circuits --target concrete_instances/immediate-variants/vpinsrd_xmm_xmm_r32_imm8/instructions/vpinsrd_xmm_xmm_r32_imm8_238/vpinsrd_xmm_xmm_r32_imm8_238.s --functions /home/sdasgup3/Github/strata-data/data-regs/functions --testcases /home/sdasgup3/Github/strata-data/data-regs/testcases.tc --def_in "{ %ebx %xmm2 }" --live_out "{ %ymm1 }" --maybe_undef_out "{ }" 
Reading the Testsuit
Preparing Sandbox
Run 6630 tests
Collect Results
Check Equivalence
Completed 1000cases
Completed 2000cases
Completed 3000cases
Completed 4000cases
Completed 5000cases
Completed 6000cases
Execution time vpinsrd_xmm_xmm_r32_imm8_238: 43 s
Thread 26 done!: vpinsrd_xmm_xmm_r32_imm8_238
[4m[1m[34mFiring 1.[0m
Thread 27 start: vpinsrd_xmm_xmm_r32_imm8_243
timeout 30m  /home/sdasgup3/Github/strata/stoke/./bin/stoke_check_circuit --strata_path /home/sdasgup3/Github/strata-data/circuits --target concrete_instances/immediate-variants/vpinsrd_xmm_xmm_r32_imm8/instructions/vpinsrd_xmm_xmm_r32_imm8_243/vpinsrd_xmm_xmm_r32_imm8_243.s --functions /home/sdasgup3/Github/strata-data/data-regs/functions --testcases /home/sdasgup3/Github/strata-data/data-regs/testcases.tc --def_in "{ %ebx %xmm2 }" --live_out "{ %ymm1 }" --maybe_undef_out "{ }" 
Reading the Testsuit
Preparing Sandbox
Run 6630 tests
Collect Results
Check Equivalence
Completed 1000cases
Completed 2000cases
Completed 3000cases
Completed 4000cases
Completed 5000cases
Completed 6000cases
Execution time vpinsrd_xmm_xmm_r32_imm8_243: 40 s
Thread 27 done!: vpinsrd_xmm_xmm_r32_imm8_243
