[4m[1m[34mFiring 30.[0m
Thread 1 start: vpsrld_ymm_ymm_imm8_1
timeout 30m  /home/sdasgup3/Github/strata/stoke/./bin/stoke_check_circuit --strata_path /home/sdasgup3/Github/strata-data/circuits --target concrete_instances/immediate-variants/vpsrld_ymm_ymm_imm8/instructions/vpsrld_ymm_ymm_imm8_1/vpsrld_ymm_ymm_imm8_1.s --functions /home/sdasgup3/Github/strata-data/data-regs/functions --testcases /home/sdasgup3/Github/strata-data/data-regs/testcases.tc --def_in "{ %ymm2 }" --live_out "{ %ymm1 }" --maybe_undef_out "{ }" 
Thread 6 start: vpsrld_ymm_ymm_imm8_6
timeout 30m  /home/sdasgup3/Github/strata/stoke/./bin/stoke_check_circuit --strata_path /home/sdasgup3/Github/strata-data/circuits --target concrete_instances/immediate-variants/vpsrld_ymm_ymm_imm8/instructions/vpsrld_ymm_ymm_imm8_6/vpsrld_ymm_ymm_imm8_6.s --functions /home/sdasgup3/Github/strata-data/data-regs/functions --testcases /home/sdasgup3/Github/strata-data/data-regs/testcases.tc --def_in "{ %ymm2 }" --live_out "{ %ymm1 }" --maybe_undef_out "{ }" 
Thread 5 start: vpsrld_ymm_ymm_imm8_5
timeout 30m  /home/sdasgup3/Github/strata/stoke/./bin/stoke_check_circuit --strata_path /home/sdasgup3/Github/strata-data/circuits --target concrete_instances/immediate-variants/vpsrld_ymm_ymm_imm8/instructions/vpsrld_ymm_ymm_imm8_5/vpsrld_ymm_ymm_imm8_5.s --functions /home/sdasgup3/Github/strata-data/data-regs/functions --testcases /home/sdasgup3/Github/strata-data/data-regs/testcases.tc --def_in "{ %ymm2 }" --live_out "{ %ymm1 }" --maybe_undef_out "{ }" 
Thread 4 start: vpsrld_ymm_ymm_imm8_4
timeout 30m  /home/sdasgup3/Github/strata/stoke/./bin/stoke_check_circuit --strata_path /home/sdasgup3/Github/strata-data/circuits --target concrete_instances/immediate-variants/vpsrld_ymm_ymm_imm8/instructions/vpsrld_ymm_ymm_imm8_4/vpsrld_ymm_ymm_imm8_4.s --functions /home/sdasgup3/Github/strata-data/data-regs/functions --testcases /home/sdasgup3/Github/strata-data/data-regs/testcases.tc --def_in "{ %ymm2 }" --live_out "{ %ymm1 }" --maybe_undef_out "{ }" 
Thread 7 start: vpsrld_ymm_ymm_imm8_7
timeout 30m  /home/sdasgup3/Github/strata/stoke/./bin/stoke_check_circuit --strata_path /home/sdasgup3/Github/strata-data/circuits --target concrete_instances/immediate-variants/vpsrld_ymm_ymm_imm8/instructions/vpsrld_ymm_ymm_imm8_7/vpsrld_ymm_ymm_imm8_7.s --functions /home/sdasgup3/Github/strata-data/data-regs/functions --testcases /home/sdasgup3/Github/strata-data/data-regs/testcases.tc --def_in "{ %ymm2 }" --live_out "{ %ymm1 }" --maybe_undef_out "{ }" 
Thread 2 start: vpsrld_ymm_ymm_imm8_2
timeout 30m  /home/sdasgup3/Github/strata/stoke/./bin/stoke_check_circuit --strata_path /home/sdasgup3/Github/strata-data/circuits --target concrete_instances/immediate-variants/vpsrld_ymm_ymm_imm8/instructions/vpsrld_ymm_ymm_imm8_2/vpsrld_ymm_ymm_imm8_2.s --functions /home/sdasgup3/Github/strata-data/data-regs/functions --testcases /home/sdasgup3/Github/strata-data/data-regs/testcases.tc --def_in "{ %ymm2 }" --live_out "{ %ymm1 }" --maybe_undef_out "{ }" 
Thread 10 start: vpsrld_ymm_ymm_imm8_10
timeout 30m  /home/sdasgup3/Github/strata/stoke/./bin/stoke_check_circuit --strata_path /home/sdasgup3/Github/strata-data/circuits --target concrete_instances/immediate-variants/vpsrld_ymm_ymm_imm8/instructions/vpsrld_ymm_ymm_imm8_10/vpsrld_ymm_ymm_imm8_10.s --functions /home/sdasgup3/Github/strata-data/data-regs/functions --testcases /home/sdasgup3/Github/strata-data/data-regs/testcases.tc --def_in "{ %ymm2 }" --live_out "{ %ymm1 }" --maybe_undef_out "{ }" 
Thread 3 start: vpsrld_ymm_ymm_imm8_3
timeout 30m  /home/sdasgup3/Github/strata/stoke/./bin/stoke_check_circuit --strata_path /home/sdasgup3/Github/strata-data/circuits --target concrete_instances/immediate-variants/vpsrld_ymm_ymm_imm8/instructions/vpsrld_ymm_ymm_imm8_3/vpsrld_ymm_ymm_imm8_3.s --functions /home/sdasgup3/Github/strata-data/data-regs/functions --testcases /home/sdasgup3/Github/strata-data/data-regs/testcases.tc --def_in "{ %ymm2 }" --live_out "{ %ymm1 }" --maybe_undef_out "{ }" 
Thread 11 start: vpsrld_ymm_ymm_imm8_11
timeout 30m  /home/sdasgup3/Github/strata/stoke/./bin/stoke_check_circuit --strata_path /home/sdasgup3/Github/strata-data/circuits --target concrete_instances/immediate-variants/vpsrld_ymm_ymm_imm8/instructions/vpsrld_ymm_ymm_imm8_11/vpsrld_ymm_ymm_imm8_11.s --functions /home/sdasgup3/Github/strata-data/data-regs/functions --testcases /home/sdasgup3/Github/strata-data/data-regs/testcases.tc --def_in "{ %ymm2 }" --live_out "{ %ymm1 }" --maybe_undef_out "{ }" 
Thread 8 start: vpsrld_ymm_ymm_imm8_8
timeout 30m  /home/sdasgup3/Github/strata/stoke/./bin/stoke_check_circuit --strata_path /home/sdasgup3/Github/strata-data/circuits --target concrete_instances/immediate-variants/vpsrld_ymm_ymm_imm8/instructions/vpsrld_ymm_ymm_imm8_8/vpsrld_ymm_ymm_imm8_8.s --functions /home/sdasgup3/Github/strata-data/data-regs/functions --testcases /home/sdasgup3/Github/strata-data/data-regs/testcases.tc --def_in "{ %ymm2 }" --live_out "{ %ymm1 }" --maybe_undef_out "{ }" 
Thread 9 start: vpsrld_ymm_ymm_imm8_9
timeout 30m  /home/sdasgup3/Github/strata/stoke/./bin/stoke_check_circuit --strata_path /home/sdasgup3/Github/strata-data/circuits --target concrete_instances/immediate-variants/vpsrld_ymm_ymm_imm8/instructions/vpsrld_ymm_ymm_imm8_9/vpsrld_ymm_ymm_imm8_9.s --functions /home/sdasgup3/Github/strata-data/data-regs/functions --testcases /home/sdasgup3/Github/strata-data/data-regs/testcases.tc --def_in "{ %ymm2 }" --live_out "{ %ymm1 }" --maybe_undef_out "{ }" 
Thread 12 start: vpsrld_ymm_ymm_imm8_12
timeout 30m  /home/sdasgup3/Github/strata/stoke/./bin/stoke_check_circuit --strata_path /home/sdasgup3/Github/strata-data/circuits --target concrete_instances/immediate-variants/vpsrld_ymm_ymm_imm8/instructions/vpsrld_ymm_ymm_imm8_12/vpsrld_ymm_ymm_imm8_12.s --functions /home/sdasgup3/Github/strata-data/data-regs/functions --testcases /home/sdasgup3/Github/strata-data/data-regs/testcases.tc --def_in "{ %ymm2 }" --live_out "{ %ymm1 }" --maybe_undef_out "{ }" 
Thread 13 start: vpsrld_ymm_ymm_imm8_13
timeout 30m  /home/sdasgup3/Github/strata/stoke/./bin/stoke_check_circuit --strata_path /home/sdasgup3/Github/strata-data/circuits --target concrete_instances/immediate-variants/vpsrld_ymm_ymm_imm8/instructions/vpsrld_ymm_ymm_imm8_13/vpsrld_ymm_ymm_imm8_13.s --functions /home/sdasgup3/Github/strata-data/data-regs/functions --testcases /home/sdasgup3/Github/strata-data/data-regs/testcases.tc --def_in "{ %ymm2 }" --live_out "{ %ymm1 }" --maybe_undef_out "{ }" 
Thread 15 start: vpsrld_ymm_ymm_imm8_15
timeout 30m  /home/sdasgup3/Github/strata/stoke/./bin/stoke_check_circuit --strata_path /home/sdasgup3/Github/strata-data/circuits --target concrete_instances/immediate-variants/vpsrld_ymm_ymm_imm8/instructions/vpsrld_ymm_ymm_imm8_15/vpsrld_ymm_ymm_imm8_15.s --functions /home/sdasgup3/Github/strata-data/data-regs/functions --testcases /home/sdasgup3/Github/strata-data/data-regs/testcases.tc --def_in "{ %ymm2 }" --live_out "{ %ymm1 }" --maybe_undef_out "{ }" 
Thread 14 start: vpsrld_ymm_ymm_imm8_14
timeout 30m  /home/sdasgup3/Github/strata/stoke/./bin/stoke_check_circuit --strata_path /home/sdasgup3/Github/strata-data/circuits --target concrete_instances/immediate-variants/vpsrld_ymm_ymm_imm8/instructions/vpsrld_ymm_ymm_imm8_14/vpsrld_ymm_ymm_imm8_14.s --functions /home/sdasgup3/Github/strata-data/data-regs/functions --testcases /home/sdasgup3/Github/strata-data/data-regs/testcases.tc --def_in "{ %ymm2 }" --live_out "{ %ymm1 }" --maybe_undef_out "{ }" 
Thread 16 start: vpsrld_ymm_ymm_imm8_16
timeout 30m  /home/sdasgup3/Github/strata/stoke/./bin/stoke_check_circuit --strata_path /home/sdasgup3/Github/strata-data/circuits --target concrete_instances/immediate-variants/vpsrld_ymm_ymm_imm8/instructions/vpsrld_ymm_ymm_imm8_16/vpsrld_ymm_ymm_imm8_16.s --functions /home/sdasgup3/Github/strata-data/data-regs/functions --testcases /home/sdasgup3/Github/strata-data/data-regs/testcases.tc --def_in "{ %ymm2 }" --live_out "{ %ymm1 }" --maybe_undef_out "{ }" 
Thread 17 start: vpsrld_ymm_ymm_imm8_17
timeout 30m  /home/sdasgup3/Github/strata/stoke/./bin/stoke_check_circuit --strata_path /home/sdasgup3/Github/strata-data/circuits --target concrete_instances/immediate-variants/vpsrld_ymm_ymm_imm8/instructions/vpsrld_ymm_ymm_imm8_17/vpsrld_ymm_ymm_imm8_17.s --functions /home/sdasgup3/Github/strata-data/data-regs/functions --testcases /home/sdasgup3/Github/strata-data/data-regs/testcases.tc --def_in "{ %ymm2 }" --live_out "{ %ymm1 }" --maybe_undef_out "{ }" 
Thread 18 start: vpsrld_ymm_ymm_imm8_18
timeout 30m  /home/sdasgup3/Github/strata/stoke/./bin/stoke_check_circuit --strata_path /home/sdasgup3/Github/strata-data/circuits --target concrete_instances/immediate-variants/vpsrld_ymm_ymm_imm8/instructions/vpsrld_ymm_ymm_imm8_18/vpsrld_ymm_ymm_imm8_18.s --functions /home/sdasgup3/Github/strata-data/data-regs/functions --testcases /home/sdasgup3/Github/strata-data/data-regs/testcases.tc --def_in "{ %ymm2 }" --live_out "{ %ymm1 }" --maybe_undef_out "{ }" 
Thread 19 start: vpsrld_ymm_ymm_imm8_19
timeout 30m  /home/sdasgup3/Github/strata/stoke/./bin/stoke_check_circuit --strata_path /home/sdasgup3/Github/strata-data/circuits --target concrete_instances/immediate-variants/vpsrld_ymm_ymm_imm8/instructions/vpsrld_ymm_ymm_imm8_19/vpsrld_ymm_ymm_imm8_19.s --functions /home/sdasgup3/Github/strata-data/data-regs/functions --testcases /home/sdasgup3/Github/strata-data/data-regs/testcases.tc --def_in "{ %ymm2 }" --live_out "{ %ymm1 }" --maybe_undef_out "{ }" 
Thread 21 start: vpsrld_ymm_ymm_imm8_21
timeout 30m  /home/sdasgup3/Github/strata/stoke/./bin/stoke_check_circuit --strata_path /home/sdasgup3/Github/strata-data/circuits --target concrete_instances/immediate-variants/vpsrld_ymm_ymm_imm8/instructions/vpsrld_ymm_ymm_imm8_21/vpsrld_ymm_ymm_imm8_21.s --functions /home/sdasgup3/Github/strata-data/data-regs/functions --testcases /home/sdasgup3/Github/strata-data/data-regs/testcases.tc --def_in "{ %ymm2 }" --live_out "{ %ymm1 }" --maybe_undef_out "{ }" 
Thread 20 start: vpsrld_ymm_ymm_imm8_20
timeout 30m  /home/sdasgup3/Github/strata/stoke/./bin/stoke_check_circuit --strata_path /home/sdasgup3/Github/strata-data/circuits --target concrete_instances/immediate-variants/vpsrld_ymm_ymm_imm8/instructions/vpsrld_ymm_ymm_imm8_20/vpsrld_ymm_ymm_imm8_20.s --functions /home/sdasgup3/Github/strata-data/data-regs/functions --testcases /home/sdasgup3/Github/strata-data/data-regs/testcases.tc --def_in "{ %ymm2 }" --live_out "{ %ymm1 }" --maybe_undef_out "{ }" 
Thread 22 start: vpsrld_ymm_ymm_imm8_22
timeout 30m  /home/sdasgup3/Github/strata/stoke/./bin/stoke_check_circuit --strata_path /home/sdasgup3/Github/strata-data/circuits --target concrete_instances/immediate-variants/vpsrld_ymm_ymm_imm8/instructions/vpsrld_ymm_ymm_imm8_22/vpsrld_ymm_ymm_imm8_22.s --functions /home/sdasgup3/Github/strata-data/data-regs/functions --testcases /home/sdasgup3/Github/strata-data/data-regs/testcases.tc --def_in "{ %ymm2 }" --live_out "{ %ymm1 }" --maybe_undef_out "{ }" 
Thread 24 start: vpsrld_ymm_ymm_imm8_24
timeout 30m  /home/sdasgup3/Github/strata/stoke/./bin/stoke_check_circuit --strata_path /home/sdasgup3/Github/strata-data/circuits --target concrete_instances/immediate-variants/vpsrld_ymm_ymm_imm8/instructions/vpsrld_ymm_ymm_imm8_24/vpsrld_ymm_ymm_imm8_24.s --functions /home/sdasgup3/Github/strata-data/data-regs/functions --testcases /home/sdasgup3/Github/strata-data/data-regs/testcases.tc --def_in "{ %ymm2 }" --live_out "{ %ymm1 }" --maybe_undef_out "{ }" 
Thread 23 start: vpsrld_ymm_ymm_imm8_23
timeout 30m  /home/sdasgup3/Github/strata/stoke/./bin/stoke_check_circuit --strata_path /home/sdasgup3/Github/strata-data/circuits --target concrete_instances/immediate-variants/vpsrld_ymm_ymm_imm8/instructions/vpsrld_ymm_ymm_imm8_23/vpsrld_ymm_ymm_imm8_23.s --functions /home/sdasgup3/Github/strata-data/data-regs/functions --testcases /home/sdasgup3/Github/strata-data/data-regs/testcases.tc --def_in "{ %ymm2 }" --live_out "{ %ymm1 }" --maybe_undef_out "{ }" 
Thread 25 start: vpsrld_ymm_ymm_imm8_25
timeout 30m  /home/sdasgup3/Github/strata/stoke/./bin/stoke_check_circuit --strata_path /home/sdasgup3/Github/strata-data/circuits --target concrete_instances/immediate-variants/vpsrld_ymm_ymm_imm8/instructions/vpsrld_ymm_ymm_imm8_25/vpsrld_ymm_ymm_imm8_25.s --functions /home/sdasgup3/Github/strata-data/data-regs/functions --testcases /home/sdasgup3/Github/strata-data/data-regs/testcases.tc --def_in "{ %ymm2 }" --live_out "{ %ymm1 }" --maybe_undef_out "{ }" 
Thread 26 start: vpsrld_ymm_ymm_imm8_26
timeout 30m  /home/sdasgup3/Github/strata/stoke/./bin/stoke_check_circuit --strata_path /home/sdasgup3/Github/strata-data/circuits --target concrete_instances/immediate-variants/vpsrld_ymm_ymm_imm8/instructions/vpsrld_ymm_ymm_imm8_26/vpsrld_ymm_ymm_imm8_26.s --functions /home/sdasgup3/Github/strata-data/data-regs/functions --testcases /home/sdasgup3/Github/strata-data/data-regs/testcases.tc --def_in "{ %ymm2 }" --live_out "{ %ymm1 }" --maybe_undef_out "{ }" 
Thread 27 start: vpsrld_ymm_ymm_imm8_27
timeout 30m  /home/sdasgup3/Github/strata/stoke/./bin/stoke_check_circuit --strata_path /home/sdasgup3/Github/strata-data/circuits --target concrete_instances/immediate-variants/vpsrld_ymm_ymm_imm8/instructions/vpsrld_ymm_ymm_imm8_27/vpsrld_ymm_ymm_imm8_27.s --functions /home/sdasgup3/Github/strata-data/data-regs/functions --testcases /home/sdasgup3/Github/strata-data/data-regs/testcases.tc --def_in "{ %ymm2 }" --live_out "{ %ymm1 }" --maybe_undef_out "{ }" 
Thread 28 start: vpsrld_ymm_ymm_imm8_28
timeout 30m  /home/sdasgup3/Github/strata/stoke/./bin/stoke_check_circuit --strata_path /home/sdasgup3/Github/strata-data/circuits --target concrete_instances/immediate-variants/vpsrld_ymm_ymm_imm8/instructions/vpsrld_ymm_ymm_imm8_28/vpsrld_ymm_ymm_imm8_28.s --functions /home/sdasgup3/Github/strata-data/data-regs/functions --testcases /home/sdasgup3/Github/strata-data/data-regs/testcases.tc --def_in "{ %ymm2 }" --live_out "{ %ymm1 }" --maybe_undef_out "{ }" 
Thread 29 start: vpsrld_ymm_ymm_imm8_29
timeout 30m  /home/sdasgup3/Github/strata/stoke/./bin/stoke_check_circuit --strata_path /home/sdasgup3/Github/strata-data/circuits --target concrete_instances/immediate-variants/vpsrld_ymm_ymm_imm8/instructions/vpsrld_ymm_ymm_imm8_29/vpsrld_ymm_ymm_imm8_29.s --functions /home/sdasgup3/Github/strata-data/data-regs/functions --testcases /home/sdasgup3/Github/strata-data/data-regs/testcases.tc --def_in "{ %ymm2 }" --live_out "{ %ymm1 }" --maybe_undef_out "{ }" 
Thread 30 start: vpsrld_ymm_ymm_imm8_30
timeout 30m  /home/sdasgup3/Github/strata/stoke/./bin/stoke_check_circuit --strata_path /home/sdasgup3/Github/strata-data/circuits --target concrete_instances/immediate-variants/vpsrld_ymm_ymm_imm8/instructions/vpsrld_ymm_ymm_imm8_30/vpsrld_ymm_ymm_imm8_30.s --functions /home/sdasgup3/Github/strata-data/data-regs/functions --testcases /home/sdasgup3/Github/strata-data/data-regs/testcases.tc --def_in "{ %ymm2 }" --live_out "{ %ymm1 }" --maybe_undef_out "{ }" 
Reading the Testsuit
Preparing Sandbox
Run 6630 tests
Collect Results
Check Equivalence
Completed 1000cases
Reading the Testsuit
Preparing Sandbox
Run 6630 tests
Collect Results
Check Equivalence
Completed 1000cases
Reading the Testsuit
Preparing Sandbox
Run 6630 tests
Collect Results
Check Equivalence
Completed 1000cases
Reading the Testsuit
Preparing Sandbox
Run 6630 tests
Collect Results
Check Equivalence
Completed 1000cases
Reading the Testsuit
Preparing Sandbox
Run 6630 tests
Collect Results
Check Equivalence
Completed 1000cases
Reading the Testsuit
Preparing Sandbox
Run 6630 tests
Collect Results
Check Equivalence
Completed 1000cases
Reading the Testsuit
Preparing Sandbox
Run 6630 tests
Collect Results
Check Equivalence
Completed 1000cases
Reading the Testsuit
Preparing Sandbox
Run 6630 tests
Collect Results
Check Equivalence
Completed 1000cases
Reading the Testsuit
Preparing Sandbox
Run 6630 tests
Collect Results
Check Equivalence
Completed 1000cases
Reading the Testsuit
Preparing Sandbox
Run 6630 tests
Collect Results
Check Equivalence
Completed 1000cases
Reading the Testsuit
Preparing Sandbox
Run 6630 tests
Collect Results
Check Equivalence
Completed 1000cases
Reading the Testsuit
Preparing Sandbox
Run 6630 tests
Collect Results
Check Equivalence
Completed 1000cases
Reading the Testsuit
Preparing Sandbox
Run 6630 tests
Collect Results
Check Equivalence
Completed 1000cases
Reading the Testsuit
Preparing Sandbox
Run 6630 tests
Collect Results
Check Equivalence
Completed 1000cases
Reading the Testsuit
Preparing Sandbox
Run 6630 tests
Collect Results
Check Equivalence
Completed 1000cases
Reading the Testsuit
Preparing Sandbox
Run 6630 tests
Collect Results
Check Equivalence
Completed 1000cases
Reading the Testsuit
Preparing Sandbox
Run 6630 tests
Collect Results
Check Equivalence
Completed 1000cases
Reading the Testsuit
Preparing Sandbox
Run 6630 tests
Collect Results
Check Equivalence
Completed 1000cases
Reading the Testsuit
Preparing Sandbox
Run 6630 tests
Collect Results
Check Equivalence
Completed 1000cases
Reading the Testsuit
Preparing Sandbox
Run 6630 tests
Collect Results
Check Equivalence
Completed 1000cases
Reading the Testsuit
Preparing Sandbox
Run 6630 tests
Collect Results
Check Equivalence
Completed 1000cases
Reading the Testsuit
Preparing Sandbox
Run 6630 tests
Collect Results
Check Equivalence
Completed 1000cases
Reading the Testsuit
Preparing Sandbox
Run 6630 tests
Collect Results
Check Equivalence
Completed 1000cases
Reading the Testsuit
Preparing Sandbox
Run 6630 tests
Collect Results
Check Equivalence
Completed 1000cases
Reading the Testsuit
Preparing Sandbox
Run 6630 tests
Collect Results
Check Equivalence
Completed 1000cases
Reading the Testsuit
Preparing Sandbox
Run 6630 tests
Collect Results
Check Equivalence
Completed 1000cases
Reading the Testsuit
Preparing Sandbox
Run 6630 tests
Collect Results
Check Equivalence
Completed 1000cases
Reading the Testsuit
Preparing Sandbox
Run 6630 tests
Collect Results
Check Equivalence
Completed 1000cases
Reading the Testsuit
Preparing Sandbox
Run 6630 tests
Collect Results
Check Equivalence
Completed 1000cases
Reading the Testsuit
Preparing Sandbox
Run 6630 tests
Collect Results
Check Equivalence
Completed 1000cases
Completed 2000cases
Completed 2000cases
Completed 2000cases
Completed 2000cases
Completed 2000cases
Completed 2000cases
Completed 2000cases
Completed 2000cases
Completed 2000cases
Completed 2000cases
Completed 2000cases
Completed 2000cases
Completed 2000cases
Completed 2000cases
Completed 2000cases
Completed 2000cases
Completed 2000cases
Completed 2000cases
Completed 2000cases
Completed 2000cases
Completed 2000cases
Completed 2000cases
Completed 2000cases
Completed 2000cases
Completed 2000cases
Completed 2000cases
Completed 2000cases
Completed 3000cases
Completed 2000cases
Completed 2000cases
Completed 2000cases
Completed 3000cases
Completed 3000cases
Completed 3000cases
Completed 3000cases
Completed 3000cases
Completed 3000cases
Completed 3000cases
Completed 3000cases
Completed 3000cases
Completed 3000cases
Completed 3000cases
Completed 3000cases
Completed 3000cases
Completed 3000cases
Completed 3000cases
Completed 3000cases
Completed 3000cases
Completed 3000cases
Completed 3000cases
Completed 3000cases
Completed 3000cases
Completed 3000cases
Completed 3000cases
Completed 4000cases
Completed 3000cases
Completed 3000cases
Completed 3000cases
Completed 3000cases
Completed 3000cases
Completed 3000cases
Completed 4000cases
Completed 4000cases
Completed 4000cases
Completed 4000cases
Completed 4000cases
Completed 4000cases
Completed 4000cases
Completed 4000cases
Completed 4000cases
Completed 4000cases
Completed 4000cases
Completed 4000cases
Completed 4000cases
Completed 4000cases
Completed 4000cases
Completed 4000cases
Completed 4000cases
Completed 4000cases
Completed 4000cases
Completed 4000cases
Completed 4000cases
Completed 4000cases
Completed 5000cases
Completed 4000cases
Completed 4000cases
Completed 4000cases
Completed 4000cases
Completed 4000cases
Completed 4000cases
Completed 4000cases
Completed 5000cases
Completed 5000cases
Completed 5000cases
Completed 5000cases
Completed 5000cases
Completed 5000cases
Completed 5000cases
Completed 5000cases
Completed 5000cases
Completed 5000cases
Completed 5000cases
Completed 5000cases
Completed 5000cases
Completed 5000cases
Completed 5000cases
Completed 5000cases
Completed 5000cases
Completed 5000cases
Completed 5000cases
Completed 5000cases
Completed 5000cases
Completed 5000cases
Completed 5000cases
Completed 5000cases
Completed 5000cases
Completed 6000cases
Completed 5000cases
Completed 5000cases
Completed 5000cases
Completed 5000cases
Completed 6000cases
Completed 6000cases
Completed 6000cases
Completed 6000cases
Completed 6000cases
Completed 6000cases
Completed 6000cases
Completed 6000cases
Completed 6000cases
Completed 6000cases
Completed 6000cases
Completed 6000cases
Completed 6000cases
Completed 6000cases
Completed 6000cases
Execution time vpsrld_ymm_ymm_imm8_25: 63 s
Thread 25 done!: vpsrld_ymm_ymm_imm8_25
Completed 6000cases
Completed 6000cases
Completed 6000cases
Completed 6000cases
Execution time vpsrld_ymm_ymm_imm8_17: 65 s
Thread 17 done!: vpsrld_ymm_ymm_imm8_17
Execution time vpsrld_ymm_ymm_imm8_28: 66 s
Thread 28 done!: vpsrld_ymm_ymm_imm8_28
Completed 6000cases
Execution time vpsrld_ymm_ymm_imm8_30: 66 s
Thread 30 done!: vpsrld_ymm_ymm_imm8_30
Execution time vpsrld_ymm_ymm_imm8_18: 66 s
Thread 18 done!: vpsrld_ymm_ymm_imm8_18
Completed 6000cases
Completed 6000cases
Completed 6000cases
Completed 6000cases
Completed 6000cases
Execution time vpsrld_ymm_ymm_imm8_23: 67 s
Thread 23 done!: vpsrld_ymm_ymm_imm8_23
Execution time vpsrld_ymm_ymm_imm8_16: 67 s
Thread 16 done!: vpsrld_ymm_ymm_imm8_16
Execution time vpsrld_ymm_ymm_imm8_8: 67 s
Thread 8 done!: vpsrld_ymm_ymm_imm8_8
Completed 6000cases
Execution time vpsrld_ymm_ymm_imm8_5: 67 s
Thread 5 done!: vpsrld_ymm_ymm_imm8_5
Execution time vpsrld_ymm_ymm_imm8_9: 68 s
Thread 9 done!: vpsrld_ymm_ymm_imm8_9
Execution time vpsrld_ymm_ymm_imm8_12: 68 s
Thread 12 done!: vpsrld_ymm_ymm_imm8_12
Completed 6000cases
Execution time vpsrld_ymm_ymm_imm8_3: 68 s
Thread 3 done!: vpsrld_ymm_ymm_imm8_3
Completed 6000cases
Execution time vpsrld_ymm_ymm_imm8_26: 68 s
Thread 26 done!: vpsrld_ymm_ymm_imm8_26
Completed 6000cases
Execution time vpsrld_ymm_ymm_imm8_15: 69 s
Thread 15 done!: vpsrld_ymm_ymm_imm8_15
Execution time vpsrld_ymm_ymm_imm8_1: 69 s
Thread 1 done!: vpsrld_ymm_ymm_imm8_1
Execution time vpsrld_ymm_ymm_imm8_27: 69 s
Thread 27 done!: vpsrld_ymm_ymm_imm8_27
Execution time vpsrld_ymm_ymm_imm8_10: 69 s
Thread 10 done!: vpsrld_ymm_ymm_imm8_10
Execution time vpsrld_ymm_ymm_imm8_19: 69 s
Thread 19 done!: vpsrld_ymm_ymm_imm8_19
Execution time vpsrld_ymm_ymm_imm8_13: 69 s
Thread 13 done!: vpsrld_ymm_ymm_imm8_13
Execution time vpsrld_ymm_ymm_imm8_22: 70 s
Thread 22 done!: vpsrld_ymm_ymm_imm8_22
Execution time vpsrld_ymm_ymm_imm8_29: 70 s
Thread 29 done!: vpsrld_ymm_ymm_imm8_29
Execution time vpsrld_ymm_ymm_imm8_14: 71 s
Thread 14 done!: vpsrld_ymm_ymm_imm8_14
Execution time vpsrld_ymm_ymm_imm8_7: 71 s
Thread 7 done!: vpsrld_ymm_ymm_imm8_7
Execution time vpsrld_ymm_ymm_imm8_21: 71 s
Thread 21 done!: vpsrld_ymm_ymm_imm8_21
Execution time vpsrld_ymm_ymm_imm8_2: 71 s
Thread 2 done!: vpsrld_ymm_ymm_imm8_2
Execution time vpsrld_ymm_ymm_imm8_20: 71 s
Thread 20 done!: vpsrld_ymm_ymm_imm8_20
Execution time vpsrld_ymm_ymm_imm8_6: 72 s
Thread 6 done!: vpsrld_ymm_ymm_imm8_6
Execution time vpsrld_ymm_ymm_imm8_11: 72 s
Thread 11 done!: vpsrld_ymm_ymm_imm8_11
Execution time vpsrld_ymm_ymm_imm8_24: 72 s
Thread 24 done!: vpsrld_ymm_ymm_imm8_24
Execution time vpsrld_ymm_ymm_imm8_4: 73 s
Thread 4 done!: vpsrld_ymm_ymm_imm8_4
[4m[1m[34mFiring Last 7[0m
Thread 31 start: vpsrld_ymm_ymm_imm8_31
timeout 30m  /home/sdasgup3/Github/strata/stoke/./bin/stoke_check_circuit --strata_path /home/sdasgup3/Github/strata-data/circuits --target concrete_instances/immediate-variants/vpsrld_ymm_ymm_imm8/instructions/vpsrld_ymm_ymm_imm8_31/vpsrld_ymm_ymm_imm8_31.s --functions /home/sdasgup3/Github/strata-data/data-regs/functions --testcases /home/sdasgup3/Github/strata-data/data-regs/testcases.tc --def_in "{ %ymm2 }" --live_out "{ %ymm1 }" --maybe_undef_out "{ }" 
Thread 33 start: vpsrld_ymm_ymm_imm8_37
timeout 30m  /home/sdasgup3/Github/strata/stoke/./bin/stoke_check_circuit --strata_path /home/sdasgup3/Github/strata-data/circuits --target concrete_instances/immediate-variants/vpsrld_ymm_ymm_imm8/instructions/vpsrld_ymm_ymm_imm8_37/vpsrld_ymm_ymm_imm8_37.s --functions /home/sdasgup3/Github/strata-data/data-regs/functions --testcases /home/sdasgup3/Github/strata-data/data-regs/testcases.tc --def_in "{ %ymm2 }" --live_out "{ %ymm1 }" --maybe_undef_out "{ }" 
Thread 32 start: vpsrld_ymm_ymm_imm8_34
timeout 30m  /home/sdasgup3/Github/strata/stoke/./bin/stoke_check_circuit --strata_path /home/sdasgup3/Github/strata-data/circuits --target concrete_instances/immediate-variants/vpsrld_ymm_ymm_imm8/instructions/vpsrld_ymm_ymm_imm8_34/vpsrld_ymm_ymm_imm8_34.s --functions /home/sdasgup3/Github/strata-data/data-regs/functions --testcases /home/sdasgup3/Github/strata-data/data-regs/testcases.tc --def_in "{ %ymm2 }" --live_out "{ %ymm1 }" --maybe_undef_out "{ }" 
Thread 34 start: vpsrld_ymm_ymm_imm8_51
timeout 30m  /home/sdasgup3/Github/strata/stoke/./bin/stoke_check_circuit --strata_path /home/sdasgup3/Github/strata-data/circuits --target concrete_instances/immediate-variants/vpsrld_ymm_ymm_imm8/instructions/vpsrld_ymm_ymm_imm8_51/vpsrld_ymm_ymm_imm8_51.s --functions /home/sdasgup3/Github/strata-data/data-regs/functions --testcases /home/sdasgup3/Github/strata-data/data-regs/testcases.tc --def_in "{ %ymm2 }" --live_out "{ %ymm1 }" --maybe_undef_out "{ }" 
Thread 35 start: vpsrld_ymm_ymm_imm8_91
timeout 30m  /home/sdasgup3/Github/strata/stoke/./bin/stoke_check_circuit --strata_path /home/sdasgup3/Github/strata-data/circuits --target concrete_instances/immediate-variants/vpsrld_ymm_ymm_imm8/instructions/vpsrld_ymm_ymm_imm8_91/vpsrld_ymm_ymm_imm8_91.s --functions /home/sdasgup3/Github/strata-data/data-regs/functions --testcases /home/sdasgup3/Github/strata-data/data-regs/testcases.tc --def_in "{ %ymm2 }" --live_out "{ %ymm1 }" --maybe_undef_out "{ }" 
Thread 36 start: vpsrld_ymm_ymm_imm8_111
timeout 30m  /home/sdasgup3/Github/strata/stoke/./bin/stoke_check_circuit --strata_path /home/sdasgup3/Github/strata-data/circuits --target concrete_instances/immediate-variants/vpsrld_ymm_ymm_imm8/instructions/vpsrld_ymm_ymm_imm8_111/vpsrld_ymm_ymm_imm8_111.s --functions /home/sdasgup3/Github/strata-data/data-regs/functions --testcases /home/sdasgup3/Github/strata-data/data-regs/testcases.tc --def_in "{ %ymm2 }" --live_out "{ %ymm1 }" --maybe_undef_out "{ }" 
Thread 37 start: vpsrld_ymm_ymm_imm8_226
timeout 30m  /home/sdasgup3/Github/strata/stoke/./bin/stoke_check_circuit --strata_path /home/sdasgup3/Github/strata-data/circuits --target concrete_instances/immediate-variants/vpsrld_ymm_ymm_imm8/instructions/vpsrld_ymm_ymm_imm8_226/vpsrld_ymm_ymm_imm8_226.s --functions /home/sdasgup3/Github/strata-data/data-regs/functions --testcases /home/sdasgup3/Github/strata-data/data-regs/testcases.tc --def_in "{ %ymm2 }" --live_out "{ %ymm1 }" --maybe_undef_out "{ }" 
Reading the Testsuit
Preparing Sandbox
Run 6630 tests
Collect Results
Check Equivalence
Completed 1000cases
Reading the Testsuit
Preparing Sandbox
Run 6630 tests
Collect Results
Check Equivalence
Completed 1000cases
Reading the Testsuit
Preparing Sandbox
Run 6630 tests
Collect Results
Check Equivalence
Completed 1000cases
Reading the Testsuit
Preparing Sandbox
Run 6630 tests
Collect Results
Check Equivalence
Completed 1000cases
Reading the Testsuit
Preparing Sandbox
Run 6630 tests
Collect Results
Check Equivalence
Completed 1000cases
Reading the Testsuit
Preparing Sandbox
Run 6630 tests
Collect Results
Check Equivalence
Completed 1000cases
Reading the Testsuit
Preparing Sandbox
Run 6630 tests
Collect Results
Check Equivalence
Completed 1000cases
Completed 2000cases
Completed 2000cases
Completed 2000cases
Completed 2000cases
Completed 2000cases
Completed 2000cases
Completed 2000cases
Completed 3000cases
Completed 3000cases
Completed 3000cases
Completed 3000cases
Completed 3000cases
Completed 3000cases
Completed 3000cases
Completed 4000cases
Completed 4000cases
Completed 4000cases
Completed 4000cases
Completed 4000cases
Completed 4000cases
Completed 4000cases
Completed 5000cases
Completed 5000cases
Completed 5000cases
Completed 5000cases
Completed 5000cases
Completed 5000cases
Completed 5000cases
Completed 6000cases
Completed 6000cases
Completed 6000cases
Completed 6000cases
Completed 6000cases
Completed 6000cases
Completed 6000cases
Execution time vpsrld_ymm_ymm_imm8_111: 40 s
Thread 36 done!: vpsrld_ymm_ymm_imm8_111
Execution time vpsrld_ymm_ymm_imm8_37: 40 s
Thread 33 done!: vpsrld_ymm_ymm_imm8_37
Execution time vpsrld_ymm_ymm_imm8_91: 40 s
Thread 35 done!: vpsrld_ymm_ymm_imm8_91
Execution time vpsrld_ymm_ymm_imm8_51: 41 s
Thread 34 done!: vpsrld_ymm_ymm_imm8_51
Execution time vpsrld_ymm_ymm_imm8_226: 41 s
Thread 37 done!: vpsrld_ymm_ymm_imm8_226
Execution time vpsrld_ymm_ymm_imm8_31: 41 s
Thread 31 done!: vpsrld_ymm_ymm_imm8_31
Execution time vpsrld_ymm_ymm_imm8_34: 42 s
Thread 32 done!: vpsrld_ymm_ymm_imm8_34
