[4m[1m[34mFiring Last 50[0m
Thread 1 start: vinsertps_xmm_xmm_xmm_imm8_9
/home/sdasgup3/TYLER/strata/stoke/./bin/stoke_check_circuit --target imm_instructions/vinsertps_xmm_xmm_xmm_imm8/instructions/vinsertps_xmm_xmm_xmm_imm8_9/vinsertps_xmm_xmm_xmm_imm8_9.s --functions /home/sdasgup3/Github/strata-data/data-regs/functions --testcases /home/sdasgup3/Github/strata-data/data-regs/testcases.tc --def_in "{ %xmm1 %xmm2 %xmm3 }" --live_out "{ %ymm1 %xmm2 }" 
Thread 6 start: vinsertps_xmm_xmm_xmm_imm8_37
/home/sdasgup3/TYLER/strata/stoke/./bin/stoke_check_circuit --target imm_instructions/vinsertps_xmm_xmm_xmm_imm8/instructions/vinsertps_xmm_xmm_xmm_imm8_37/vinsertps_xmm_xmm_xmm_imm8_37.s --functions /home/sdasgup3/Github/strata-data/data-regs/functions --testcases /home/sdasgup3/Github/strata-data/data-regs/testcases.tc --def_in "{ %xmm1 %xmm2 %xmm3 }" --live_out "{ %ymm1 %xmm2 }" 
Thread 5 start: vinsertps_xmm_xmm_xmm_imm8_36
/home/sdasgup3/TYLER/strata/stoke/./bin/stoke_check_circuit --target imm_instructions/vinsertps_xmm_xmm_xmm_imm8/instructions/vinsertps_xmm_xmm_xmm_imm8_36/vinsertps_xmm_xmm_xmm_imm8_36.s --functions /home/sdasgup3/Github/strata-data/data-regs/functions --testcases /home/sdasgup3/Github/strata-data/data-regs/testcases.tc --def_in "{ %xmm1 %xmm2 %xmm3 }" --live_out "{ %ymm1 %xmm2 }" 
Thread 2 start: vinsertps_xmm_xmm_xmm_imm8_25
/home/sdasgup3/TYLER/strata/stoke/./bin/stoke_check_circuit --target imm_instructions/vinsertps_xmm_xmm_xmm_imm8/instructions/vinsertps_xmm_xmm_xmm_imm8_25/vinsertps_xmm_xmm_xmm_imm8_25.s --functions /home/sdasgup3/Github/strata-data/data-regs/functions --testcases /home/sdasgup3/Github/strata-data/data-regs/testcases.tc --def_in "{ %xmm1 %xmm2 %xmm3 }" --live_out "{ %ymm1 %xmm2 }" 
Thread 4 start: vinsertps_xmm_xmm_xmm_imm8_34
/home/sdasgup3/TYLER/strata/stoke/./bin/stoke_check_circuit --target imm_instructions/vinsertps_xmm_xmm_xmm_imm8/instructions/vinsertps_xmm_xmm_xmm_imm8_34/vinsertps_xmm_xmm_xmm_imm8_34.s --functions /home/sdasgup3/Github/strata-data/data-regs/functions --testcases /home/sdasgup3/Github/strata-data/data-regs/testcases.tc --def_in "{ %xmm1 %xmm2 %xmm3 }" --live_out "{ %ymm1 %xmm2 }" 
Thread 3 start: vinsertps_xmm_xmm_xmm_imm8_27
/home/sdasgup3/TYLER/strata/stoke/./bin/stoke_check_circuit --target imm_instructions/vinsertps_xmm_xmm_xmm_imm8/instructions/vinsertps_xmm_xmm_xmm_imm8_27/vinsertps_xmm_xmm_xmm_imm8_27.s --functions /home/sdasgup3/Github/strata-data/data-regs/functions --testcases /home/sdasgup3/Github/strata-data/data-regs/testcases.tc --def_in "{ %xmm1 %xmm2 %xmm3 }" --live_out "{ %ymm1 %xmm2 }" 
Thread 8 start: vinsertps_xmm_xmm_xmm_imm8_53
/home/sdasgup3/TYLER/strata/stoke/./bin/stoke_check_circuit --target imm_instructions/vinsertps_xmm_xmm_xmm_imm8/instructions/vinsertps_xmm_xmm_xmm_imm8_53/vinsertps_xmm_xmm_xmm_imm8_53.s --functions /home/sdasgup3/Github/strata-data/data-regs/functions --testcases /home/sdasgup3/Github/strata-data/data-regs/testcases.tc --def_in "{ %xmm1 %xmm2 %xmm3 }" --live_out "{ %ymm1 %xmm2 }" 
Thread 7 start: vinsertps_xmm_xmm_xmm_imm8_49
/home/sdasgup3/TYLER/strata/stoke/./bin/stoke_check_circuit --target imm_instructions/vinsertps_xmm_xmm_xmm_imm8/instructions/vinsertps_xmm_xmm_xmm_imm8_49/vinsertps_xmm_xmm_xmm_imm8_49.s --functions /home/sdasgup3/Github/strata-data/data-regs/functions --testcases /home/sdasgup3/Github/strata-data/data-regs/testcases.tc --def_in "{ %xmm1 %xmm2 %xmm3 }" --live_out "{ %ymm1 %xmm2 }" 
Thread 9 start: vinsertps_xmm_xmm_xmm_imm8_93
/home/sdasgup3/TYLER/strata/stoke/./bin/stoke_check_circuit --target imm_instructions/vinsertps_xmm_xmm_xmm_imm8/instructions/vinsertps_xmm_xmm_xmm_imm8_93/vinsertps_xmm_xmm_xmm_imm8_93.s --functions /home/sdasgup3/Github/strata-data/data-regs/functions --testcases /home/sdasgup3/Github/strata-data/data-regs/testcases.tc --def_in "{ %xmm1 %xmm2 %xmm3 }" --live_out "{ %ymm1 %xmm2 }" 
Thread 16 start: vinsertps_xmm_xmm_xmm_imm8_137
/home/sdasgup3/TYLER/strata/stoke/./bin/stoke_check_circuit --target imm_instructions/vinsertps_xmm_xmm_xmm_imm8/instructions/vinsertps_xmm_xmm_xmm_imm8_137/vinsertps_xmm_xmm_xmm_imm8_137.s --functions /home/sdasgup3/Github/strata-data/data-regs/functions --testcases /home/sdasgup3/Github/strata-data/data-regs/testcases.tc --def_in "{ %xmm1 %xmm2 %xmm3 }" --live_out "{ %ymm1 %xmm2 }" 
Thread 12 start: vinsertps_xmm_xmm_xmm_imm8_119
/home/sdasgup3/TYLER/strata/stoke/./bin/stoke_check_circuit --target imm_instructions/vinsertps_xmm_xmm_xmm_imm8/instructions/vinsertps_xmm_xmm_xmm_imm8_119/vinsertps_xmm_xmm_xmm_imm8_119.s --functions /home/sdasgup3/Github/strata-data/data-regs/functions --testcases /home/sdasgup3/Github/strata-data/data-regs/testcases.tc --def_in "{ %xmm1 %xmm2 %xmm3 }" --live_out "{ %ymm1 %xmm2 }" 
Thread 13 start: vinsertps_xmm_xmm_xmm_imm8_123
/home/sdasgup3/TYLER/strata/stoke/./bin/stoke_check_circuit --target imm_instructions/vinsertps_xmm_xmm_xmm_imm8/instructions/vinsertps_xmm_xmm_xmm_imm8_123/vinsertps_xmm_xmm_xmm_imm8_123.s --functions /home/sdasgup3/Github/strata-data/data-regs/functions --testcases /home/sdasgup3/Github/strata-data/data-regs/testcases.tc --def_in "{ %xmm1 %xmm2 %xmm3 }" --live_out "{ %ymm1 %xmm2 }" 
Thread 14 start: vinsertps_xmm_xmm_xmm_imm8_125
/home/sdasgup3/TYLER/strata/stoke/./bin/stoke_check_circuit --target imm_instructions/vinsertps_xmm_xmm_xmm_imm8/instructions/vinsertps_xmm_xmm_xmm_imm8_125/vinsertps_xmm_xmm_xmm_imm8_125.s --functions /home/sdasgup3/Github/strata-data/data-regs/functions --testcases /home/sdasgup3/Github/strata-data/data-regs/testcases.tc --def_in "{ %xmm1 %xmm2 %xmm3 }" --live_out "{ %ymm1 %xmm2 }" 
Thread 15 start: vinsertps_xmm_xmm_xmm_imm8_129
/home/sdasgup3/TYLER/strata/stoke/./bin/stoke_check_circuit --target imm_instructions/vinsertps_xmm_xmm_xmm_imm8/instructions/vinsertps_xmm_xmm_xmm_imm8_129/vinsertps_xmm_xmm_xmm_imm8_129.s --functions /home/sdasgup3/Github/strata-data/data-regs/functions --testcases /home/sdasgup3/Github/strata-data/data-regs/testcases.tc --def_in "{ %xmm1 %xmm2 %xmm3 }" --live_out "{ %ymm1 %xmm2 }" 
Thread 10 start: vinsertps_xmm_xmm_xmm_imm8_115
/home/sdasgup3/TYLER/strata/stoke/./bin/stoke_check_circuit --target imm_instructions/vinsertps_xmm_xmm_xmm_imm8/instructions/vinsertps_xmm_xmm_xmm_imm8_115/vinsertps_xmm_xmm_xmm_imm8_115.s --functions /home/sdasgup3/Github/strata-data/data-regs/functions --testcases /home/sdasgup3/Github/strata-data/data-regs/testcases.tc --def_in "{ %xmm1 %xmm2 %xmm3 }" --live_out "{ %ymm1 %xmm2 }" 
Thread 11 start: vinsertps_xmm_xmm_xmm_imm8_117
/home/sdasgup3/TYLER/strata/stoke/./bin/stoke_check_circuit --target imm_instructions/vinsertps_xmm_xmm_xmm_imm8/instructions/vinsertps_xmm_xmm_xmm_imm8_117/vinsertps_xmm_xmm_xmm_imm8_117.s --functions /home/sdasgup3/Github/strata-data/data-regs/functions --testcases /home/sdasgup3/Github/strata-data/data-regs/testcases.tc --def_in "{ %xmm1 %xmm2 %xmm3 }" --live_out "{ %ymm1 %xmm2 }" 
Thread 17 start: vinsertps_xmm_xmm_xmm_imm8_155
/home/sdasgup3/TYLER/strata/stoke/./bin/stoke_check_circuit --target imm_instructions/vinsertps_xmm_xmm_xmm_imm8/instructions/vinsertps_xmm_xmm_xmm_imm8_155/vinsertps_xmm_xmm_xmm_imm8_155.s --functions /home/sdasgup3/Github/strata-data/data-regs/functions --testcases /home/sdasgup3/Github/strata-data/data-regs/testcases.tc --def_in "{ %xmm1 %xmm2 %xmm3 }" --live_out "{ %ymm1 %xmm2 }" 
Thread 18 start: vinsertps_xmm_xmm_xmm_imm8_159
/home/sdasgup3/TYLER/strata/stoke/./bin/stoke_check_circuit --target imm_instructions/vinsertps_xmm_xmm_xmm_imm8/instructions/vinsertps_xmm_xmm_xmm_imm8_159/vinsertps_xmm_xmm_xmm_imm8_159.s --functions /home/sdasgup3/Github/strata-data/data-regs/functions --testcases /home/sdasgup3/Github/strata-data/data-regs/testcases.tc --def_in "{ %xmm1 %xmm2 %xmm3 }" --live_out "{ %ymm1 %xmm2 }" 
Thread 19 start: vinsertps_xmm_xmm_xmm_imm8_162
/home/sdasgup3/TYLER/strata/stoke/./bin/stoke_check_circuit --target imm_instructions/vinsertps_xmm_xmm_xmm_imm8/instructions/vinsertps_xmm_xmm_xmm_imm8_162/vinsertps_xmm_xmm_xmm_imm8_162.s --functions /home/sdasgup3/Github/strata-data/data-regs/functions --testcases /home/sdasgup3/Github/strata-data/data-regs/testcases.tc --def_in "{ %xmm1 %xmm2 %xmm3 }" --live_out "{ %ymm1 %xmm2 }" 
Thread 20 start: vinsertps_xmm_xmm_xmm_imm8_169
/home/sdasgup3/TYLER/strata/stoke/./bin/stoke_check_circuit --target imm_instructions/vinsertps_xmm_xmm_xmm_imm8/instructions/vinsertps_xmm_xmm_xmm_imm8_169/vinsertps_xmm_xmm_xmm_imm8_169.s --functions /home/sdasgup3/Github/strata-data/data-regs/functions --testcases /home/sdasgup3/Github/strata-data/data-regs/testcases.tc --def_in "{ %xmm1 %xmm2 %xmm3 }" --live_out "{ %ymm1 %xmm2 }" 
Thread 28 start: vinsertps_xmm_xmm_xmm_imm8_235
/home/sdasgup3/TYLER/strata/stoke/./bin/stoke_check_circuit --target imm_instructions/vinsertps_xmm_xmm_xmm_imm8/instructions/vinsertps_xmm_xmm_xmm_imm8_235/vinsertps_xmm_xmm_xmm_imm8_235.s --functions /home/sdasgup3/Github/strata-data/data-regs/functions --testcases /home/sdasgup3/Github/strata-data/data-regs/testcases.tc --def_in "{ %xmm1 %xmm2 %xmm3 }" --live_out "{ %ymm1 %xmm2 }" 
Thread 24 start: vinsertps_xmm_xmm_xmm_imm8_209
/home/sdasgup3/TYLER/strata/stoke/./bin/stoke_check_circuit --target imm_instructions/vinsertps_xmm_xmm_xmm_imm8/instructions/vinsertps_xmm_xmm_xmm_imm8_209/vinsertps_xmm_xmm_xmm_imm8_209.s --functions /home/sdasgup3/Github/strata-data/data-regs/functions --testcases /home/sdasgup3/Github/strata-data/data-regs/testcases.tc --def_in "{ %xmm1 %xmm2 %xmm3 }" --live_out "{ %ymm1 %xmm2 }" 
Thread 25 start: vinsertps_xmm_xmm_xmm_imm8_210
/home/sdasgup3/TYLER/strata/stoke/./bin/stoke_check_circuit --target imm_instructions/vinsertps_xmm_xmm_xmm_imm8/instructions/vinsertps_xmm_xmm_xmm_imm8_210/vinsertps_xmm_xmm_xmm_imm8_210.s --functions /home/sdasgup3/Github/strata-data/data-regs/functions --testcases /home/sdasgup3/Github/strata-data/data-regs/testcases.tc --def_in "{ %xmm1 %xmm2 %xmm3 }" --live_out "{ %ymm1 %xmm2 }" 
Thread 27 start: vinsertps_xmm_xmm_xmm_imm8_225
/home/sdasgup3/TYLER/strata/stoke/./bin/stoke_check_circuit --target imm_instructions/vinsertps_xmm_xmm_xmm_imm8/instructions/vinsertps_xmm_xmm_xmm_imm8_225/vinsertps_xmm_xmm_xmm_imm8_225.s --functions /home/sdasgup3/Github/strata-data/data-regs/functions --testcases /home/sdasgup3/Github/strata-data/data-regs/testcases.tc --def_in "{ %xmm1 %xmm2 %xmm3 }" --live_out "{ %ymm1 %xmm2 }" 
Thread 22 start: vinsertps_xmm_xmm_xmm_imm8_189
/home/sdasgup3/TYLER/strata/stoke/./bin/stoke_check_circuit --target imm_instructions/vinsertps_xmm_xmm_xmm_imm8/instructions/vinsertps_xmm_xmm_xmm_imm8_189/vinsertps_xmm_xmm_xmm_imm8_189.s --functions /home/sdasgup3/Github/strata-data/data-regs/functions --testcases /home/sdasgup3/Github/strata-data/data-regs/testcases.tc --def_in "{ %xmm1 %xmm2 %xmm3 }" --live_out "{ %ymm1 %xmm2 }" 
Thread 26 start: vinsertps_xmm_xmm_xmm_imm8_217
/home/sdasgup3/TYLER/strata/stoke/./bin/stoke_check_circuit --target imm_instructions/vinsertps_xmm_xmm_xmm_imm8/instructions/vinsertps_xmm_xmm_xmm_imm8_217/vinsertps_xmm_xmm_xmm_imm8_217.s --functions /home/sdasgup3/Github/strata-data/data-regs/functions --testcases /home/sdasgup3/Github/strata-data/data-regs/testcases.tc --def_in "{ %xmm1 %xmm2 %xmm3 }" --live_out "{ %ymm1 %xmm2 }" 
Thread 21 start: vinsertps_xmm_xmm_xmm_imm8_173
/home/sdasgup3/TYLER/strata/stoke/./bin/stoke_check_circuit --target imm_instructions/vinsertps_xmm_xmm_xmm_imm8/instructions/vinsertps_xmm_xmm_xmm_imm8_173/vinsertps_xmm_xmm_xmm_imm8_173.s --functions /home/sdasgup3/Github/strata-data/data-regs/functions --testcases /home/sdasgup3/Github/strata-data/data-regs/testcases.tc --def_in "{ %xmm1 %xmm2 %xmm3 }" --live_out "{ %ymm1 %xmm2 }" 
Thread 23 start: vinsertps_xmm_xmm_xmm_imm8_201
/home/sdasgup3/TYLER/strata/stoke/./bin/stoke_check_circuit --target imm_instructions/vinsertps_xmm_xmm_xmm_imm8/instructions/vinsertps_xmm_xmm_xmm_imm8_201/vinsertps_xmm_xmm_xmm_imm8_201.s --functions /home/sdasgup3/Github/strata-data/data-regs/functions --testcases /home/sdasgup3/Github/strata-data/data-regs/testcases.tc --def_in "{ %xmm1 %xmm2 %xmm3 }" --live_out "{ %ymm1 %xmm2 }" 
Thread 29 start: vinsertps_xmm_xmm_xmm_imm8_245
/home/sdasgup3/TYLER/strata/stoke/./bin/stoke_check_circuit --target imm_instructions/vinsertps_xmm_xmm_xmm_imm8/instructions/vinsertps_xmm_xmm_xmm_imm8_245/vinsertps_xmm_xmm_xmm_imm8_245.s --functions /home/sdasgup3/Github/strata-data/data-regs/functions --testcases /home/sdasgup3/Github/strata-data/data-regs/testcases.tc --def_in "{ %xmm1 %xmm2 %xmm3 }" --live_out "{ %ymm1 %xmm2 }" 
Thread 30 start: vinsertps_xmm_xmm_xmm_imm8_5
/home/sdasgup3/TYLER/strata/stoke/./bin/stoke_check_circuit --target imm_instructions/vinsertps_xmm_xmm_xmm_imm8/instructions/vinsertps_xmm_xmm_xmm_imm8_5/vinsertps_xmm_xmm_xmm_imm8_5.s --functions /home/sdasgup3/Github/strata-data/data-regs/functions --testcases /home/sdasgup3/Github/strata-data/data-regs/testcases.tc --def_in "{ %xmm1 %xmm2 %xmm3 }" --live_out "{ %ymm1 %xmm2 }" 
Thread 31 start: vinsertps_xmm_xmm_xmm_imm8_33
/home/sdasgup3/TYLER/strata/stoke/./bin/stoke_check_circuit --target imm_instructions/vinsertps_xmm_xmm_xmm_imm8/instructions/vinsertps_xmm_xmm_xmm_imm8_33/vinsertps_xmm_xmm_xmm_imm8_33.s --functions /home/sdasgup3/Github/strata-data/data-regs/functions --testcases /home/sdasgup3/Github/strata-data/data-regs/testcases.tc --def_in "{ %xmm1 %xmm2 %xmm3 }" --live_out "{ %ymm1 %xmm2 }" 
Thread 32 start: vinsertps_xmm_xmm_xmm_imm8_35
/home/sdasgup3/TYLER/strata/stoke/./bin/stoke_check_circuit --target imm_instructions/vinsertps_xmm_xmm_xmm_imm8/instructions/vinsertps_xmm_xmm_xmm_imm8_35/vinsertps_xmm_xmm_xmm_imm8_35.s --functions /home/sdasgup3/Github/strata-data/data-regs/functions --testcases /home/sdasgup3/Github/strata-data/data-regs/testcases.tc --def_in "{ %xmm1 %xmm2 %xmm3 }" --live_out "{ %ymm1 %xmm2 }" 
Thread 33 start: vinsertps_xmm_xmm_xmm_imm8_55
/home/sdasgup3/TYLER/strata/stoke/./bin/stoke_check_circuit --target imm_instructions/vinsertps_xmm_xmm_xmm_imm8/instructions/vinsertps_xmm_xmm_xmm_imm8_55/vinsertps_xmm_xmm_xmm_imm8_55.s --functions /home/sdasgup3/Github/strata-data/data-regs/functions --testcases /home/sdasgup3/Github/strata-data/data-regs/testcases.tc --def_in "{ %xmm1 %xmm2 %xmm3 }" --live_out "{ %ymm1 %xmm2 }" 
Thread 34 start: vinsertps_xmm_xmm_xmm_imm8_81
/home/sdasgup3/TYLER/strata/stoke/./bin/stoke_check_circuit --target imm_instructions/vinsertps_xmm_xmm_xmm_imm8/instructions/vinsertps_xmm_xmm_xmm_imm8_81/vinsertps_xmm_xmm_xmm_imm8_81.s --functions /home/sdasgup3/Github/strata-data/data-regs/functions --testcases /home/sdasgup3/Github/strata-data/data-regs/testcases.tc --def_in "{ %xmm1 %xmm2 %xmm3 }" --live_out "{ %ymm1 %xmm2 }" 
Thread 35 start: vinsertps_xmm_xmm_xmm_imm8_89
/home/sdasgup3/TYLER/strata/stoke/./bin/stoke_check_circuit --target imm_instructions/vinsertps_xmm_xmm_xmm_imm8/instructions/vinsertps_xmm_xmm_xmm_imm8_89/vinsertps_xmm_xmm_xmm_imm8_89.s --functions /home/sdasgup3/Github/strata-data/data-regs/functions --testcases /home/sdasgup3/Github/strata-data/data-regs/testcases.tc --def_in "{ %xmm1 %xmm2 %xmm3 }" --live_out "{ %ymm1 %xmm2 }" 
Thread 36 start: vinsertps_xmm_xmm_xmm_imm8_97
/home/sdasgup3/TYLER/strata/stoke/./bin/stoke_check_circuit --target imm_instructions/vinsertps_xmm_xmm_xmm_imm8/instructions/vinsertps_xmm_xmm_xmm_imm8_97/vinsertps_xmm_xmm_xmm_imm8_97.s --functions /home/sdasgup3/Github/strata-data/data-regs/functions --testcases /home/sdasgup3/Github/strata-data/data-regs/testcases.tc --def_in "{ %xmm1 %xmm2 %xmm3 }" --live_out "{ %ymm1 %xmm2 }" 
Thread 37 start: vinsertps_xmm_xmm_xmm_imm8_112
/home/sdasgup3/TYLER/strata/stoke/./bin/stoke_check_circuit --target imm_instructions/vinsertps_xmm_xmm_xmm_imm8/instructions/vinsertps_xmm_xmm_xmm_imm8_112/vinsertps_xmm_xmm_xmm_imm8_112.s --functions /home/sdasgup3/Github/strata-data/data-regs/functions --testcases /home/sdasgup3/Github/strata-data/data-regs/testcases.tc --def_in "{ %xmm1 %xmm2 %xmm3 }" --live_out "{ %ymm1 %xmm2 }" 
Thread 38 start: vinsertps_xmm_xmm_xmm_imm8_113
/home/sdasgup3/TYLER/strata/stoke/./bin/stoke_check_circuit --target imm_instructions/vinsertps_xmm_xmm_xmm_imm8/instructions/vinsertps_xmm_xmm_xmm_imm8_113/vinsertps_xmm_xmm_xmm_imm8_113.s --functions /home/sdasgup3/Github/strata-data/data-regs/functions --testcases /home/sdasgup3/Github/strata-data/data-regs/testcases.tc --def_in "{ %xmm1 %xmm2 %xmm3 }" --live_out "{ %ymm1 %xmm2 }" 
Thread 39 start: vinsertps_xmm_xmm_xmm_imm8_116
/home/sdasgup3/TYLER/strata/stoke/./bin/stoke_check_circuit --target imm_instructions/vinsertps_xmm_xmm_xmm_imm8/instructions/vinsertps_xmm_xmm_xmm_imm8_116/vinsertps_xmm_xmm_xmm_imm8_116.s --functions /home/sdasgup3/Github/strata-data/data-regs/functions --testcases /home/sdasgup3/Github/strata-data/data-regs/testcases.tc --def_in "{ %xmm1 %xmm2 %xmm3 }" --live_out "{ %ymm1 %xmm2 }" 
Thread 40 start: vinsertps_xmm_xmm_xmm_imm8_132
/home/sdasgup3/TYLER/strata/stoke/./bin/stoke_check_circuit --target imm_instructions/vinsertps_xmm_xmm_xmm_imm8/instructions/vinsertps_xmm_xmm_xmm_imm8_132/vinsertps_xmm_xmm_xmm_imm8_132.s --functions /home/sdasgup3/Github/strata-data/data-regs/functions --testcases /home/sdasgup3/Github/strata-data/data-regs/testcases.tc --def_in "{ %xmm1 %xmm2 %xmm3 }" --live_out "{ %ymm1 %xmm2 }" 
Thread 41 start: vinsertps_xmm_xmm_xmm_imm8_136
/home/sdasgup3/TYLER/strata/stoke/./bin/stoke_check_circuit --target imm_instructions/vinsertps_xmm_xmm_xmm_imm8/instructions/vinsertps_xmm_xmm_xmm_imm8_136/vinsertps_xmm_xmm_xmm_imm8_136.s --functions /home/sdasgup3/Github/strata-data/data-regs/functions --testcases /home/sdasgup3/Github/strata-data/data-regs/testcases.tc --def_in "{ %xmm1 %xmm2 %xmm3 }" --live_out "{ %ymm1 %xmm2 }" 
Thread 42 start: vinsertps_xmm_xmm_xmm_imm8_145
/home/sdasgup3/TYLER/strata/stoke/./bin/stoke_check_circuit --target imm_instructions/vinsertps_xmm_xmm_xmm_imm8/instructions/vinsertps_xmm_xmm_xmm_imm8_145/vinsertps_xmm_xmm_xmm_imm8_145.s --functions /home/sdasgup3/Github/strata-data/data-regs/functions --testcases /home/sdasgup3/Github/strata-data/data-regs/testcases.tc --def_in "{ %xmm1 %xmm2 %xmm3 }" --live_out "{ %ymm1 %xmm2 }" 
Thread 43 start: vinsertps_xmm_xmm_xmm_imm8_161
/home/sdasgup3/TYLER/strata/stoke/./bin/stoke_check_circuit --target imm_instructions/vinsertps_xmm_xmm_xmm_imm8/instructions/vinsertps_xmm_xmm_xmm_imm8_161/vinsertps_xmm_xmm_xmm_imm8_161.s --functions /home/sdasgup3/Github/strata-data/data-regs/functions --testcases /home/sdasgup3/Github/strata-data/data-regs/testcases.tc --def_in "{ %xmm1 %xmm2 %xmm3 }" --live_out "{ %ymm1 %xmm2 }" 
Thread 44 start: vinsertps_xmm_xmm_xmm_imm8_164
/home/sdasgup3/TYLER/strata/stoke/./bin/stoke_check_circuit --target imm_instructions/vinsertps_xmm_xmm_xmm_imm8/instructions/vinsertps_xmm_xmm_xmm_imm8_164/vinsertps_xmm_xmm_xmm_imm8_164.s --functions /home/sdasgup3/Github/strata-data/data-regs/functions --testcases /home/sdasgup3/Github/strata-data/data-regs/testcases.tc --def_in "{ %xmm1 %xmm2 %xmm3 }" --live_out "{ %ymm1 %xmm2 }" 
Thread 45 start: vinsertps_xmm_xmm_xmm_imm8_200
/home/sdasgup3/TYLER/strata/stoke/./bin/stoke_check_circuit --target imm_instructions/vinsertps_xmm_xmm_xmm_imm8/instructions/vinsertps_xmm_xmm_xmm_imm8_200/vinsertps_xmm_xmm_xmm_imm8_200.s --functions /home/sdasgup3/Github/strata-data/data-regs/functions --testcases /home/sdasgup3/Github/strata-data/data-regs/testcases.tc --def_in "{ %xmm1 %xmm2 %xmm3 }" --live_out "{ %ymm1 %xmm2 }" 
Thread 46 start: vinsertps_xmm_xmm_xmm_imm8_212
/home/sdasgup3/TYLER/strata/stoke/./bin/stoke_check_circuit --target imm_instructions/vinsertps_xmm_xmm_xmm_imm8/instructions/vinsertps_xmm_xmm_xmm_imm8_212/vinsertps_xmm_xmm_xmm_imm8_212.s --functions /home/sdasgup3/Github/strata-data/data-regs/functions --testcases /home/sdasgup3/Github/strata-data/data-regs/testcases.tc --def_in "{ %xmm1 %xmm2 %xmm3 }" --live_out "{ %ymm1 %xmm2 }" 
Thread 47 start: vinsertps_xmm_xmm_xmm_imm8_223
/home/sdasgup3/TYLER/strata/stoke/./bin/stoke_check_circuit --target imm_instructions/vinsertps_xmm_xmm_xmm_imm8/instructions/vinsertps_xmm_xmm_xmm_imm8_223/vinsertps_xmm_xmm_xmm_imm8_223.s --functions /home/sdasgup3/Github/strata-data/data-regs/functions --testcases /home/sdasgup3/Github/strata-data/data-regs/testcases.tc --def_in "{ %xmm1 %xmm2 %xmm3 }" --live_out "{ %ymm1 %xmm2 }" 
Thread 48 start: vinsertps_xmm_xmm_xmm_imm8_240
/home/sdasgup3/TYLER/strata/stoke/./bin/stoke_check_circuit --target imm_instructions/vinsertps_xmm_xmm_xmm_imm8/instructions/vinsertps_xmm_xmm_xmm_imm8_240/vinsertps_xmm_xmm_xmm_imm8_240.s --functions /home/sdasgup3/Github/strata-data/data-regs/functions --testcases /home/sdasgup3/Github/strata-data/data-regs/testcases.tc --def_in "{ %xmm1 %xmm2 %xmm3 }" --live_out "{ %ymm1 %xmm2 }" 
Thread 49 start: vinsertps_xmm_xmm_xmm_imm8_241
/home/sdasgup3/TYLER/strata/stoke/./bin/stoke_check_circuit --target imm_instructions/vinsertps_xmm_xmm_xmm_imm8/instructions/vinsertps_xmm_xmm_xmm_imm8_241/vinsertps_xmm_xmm_xmm_imm8_241.s --functions /home/sdasgup3/Github/strata-data/data-regs/functions --testcases /home/sdasgup3/Github/strata-data/data-regs/testcases.tc --def_in "{ %xmm1 %xmm2 %xmm3 }" --live_out "{ %ymm1 %xmm2 }" 
Thread 50 start: vinsertps_xmm_xmm_xmm_imm8_253
/home/sdasgup3/TYLER/strata/stoke/./bin/stoke_check_circuit --target imm_instructions/vinsertps_xmm_xmm_xmm_imm8/instructions/vinsertps_xmm_xmm_xmm_imm8_253/vinsertps_xmm_xmm_xmm_imm8_253.s --functions /home/sdasgup3/Github/strata-data/data-regs/functions --testcases /home/sdasgup3/Github/strata-data/data-regs/testcases.tc --def_in "{ %xmm1 %xmm2 %xmm3 }" --live_out "{ %ymm1 %xmm2 }" 
Reading the Testsuit
Preparing Sandbox
Run 6630 tests
Collect Results
Build Handler
Check Equivalence
Completed 1000cases
Reading the Testsuit
Preparing Sandbox
Run 6630 tests
Collect Results
Build Handler
Check Equivalence
Completed 1000cases
Reading the Testsuit
Preparing Sandbox
Run 6630 tests
Collect Results
Build Handler
Check Equivalence
Completed 1000cases
Reading the Testsuit
Preparing Sandbox
Run 6630 tests
Collect Results
Build Handler
Check Equivalence
Completed 1000cases
Reading the Testsuit
Preparing Sandbox
Run 6630 tests
Collect Results
Build Handler
Check Equivalence
Completed 1000cases
Reading the Testsuit
Preparing Sandbox
Run 6630 tests
Collect Results
Build Handler
Check Equivalence
Completed 1000cases
Reading the Testsuit
Preparing Sandbox
Run 6630 tests
Collect Results
Build Handler
Check Equivalence
Completed 1000cases
Reading the Testsuit
Preparing Sandbox
Run 6630 tests
Collect Results
Build Handler
Check Equivalence
Completed 1000cases
Reading the Testsuit
Preparing Sandbox
Run 6630 tests
Collect Results
Build Handler
Check Equivalence
Completed 1000cases
Reading the Testsuit
Preparing Sandbox
Run 6630 tests
Collect Results
Build Handler
Check Equivalence
Completed 1000cases
Reading the Testsuit
Preparing Sandbox
Run 6630 tests
Collect Results
Build Handler
Check Equivalence
Completed 1000cases
Reading the Testsuit
Preparing Sandbox
Run 6630 tests
Collect Results
Build Handler
Check Equivalence
Completed 1000cases
Reading the Testsuit
Preparing Sandbox
Run 6630 tests
Collect Results
Build Handler
Check Equivalence
Completed 1000cases
Reading the Testsuit
Preparing Sandbox
Run 6630 tests
Collect Results
Build Handler
Check Equivalence
Completed 1000cases
Reading the Testsuit
Preparing Sandbox
Run 6630 tests
Collect Results
Build Handler
Check Equivalence
Completed 1000cases
Reading the Testsuit
Preparing Sandbox
Run 6630 tests
Collect Results
Build Handler
Check Equivalence
Completed 1000cases
Reading the Testsuit
Preparing Sandbox
Run 6630 tests
Collect Results
Build Handler
Check Equivalence
Completed 1000cases
Reading the Testsuit
Preparing Sandbox
Run 6630 tests
Collect Results
Build Handler
Check Equivalence
Completed 1000cases
Reading the Testsuit
Preparing Sandbox
Run 6630 tests
Collect Results
Build Handler
Check Equivalence
Completed 1000cases
Reading the Testsuit
Preparing Sandbox
Run 6630 tests
Collect Results
Build Handler
Check Equivalence
Completed 1000cases
Reading the Testsuit
Preparing Sandbox
Run 6630 tests
Collect Results
Build Handler
Check Equivalence
Completed 1000cases
Reading the Testsuit
Preparing Sandbox
Run 6630 tests
Collect Results
Build Handler
Check Equivalence
Completed 1000cases
Reading the Testsuit
Preparing Sandbox
Run 6630 tests
Collect Results
Build Handler
Check Equivalence
Completed 1000cases
Reading the Testsuit
Preparing Sandbox
Run 6630 tests
Collect Results
Build Handler
Check Equivalence
Completed 1000cases
Reading the Testsuit
Preparing Sandbox
Run 6630 tests
Collect Results
Build Handler
Check Equivalence
Completed 1000cases
Reading the Testsuit
Preparing Sandbox
Run 6630 tests
Collect Results
Build Handler
Check Equivalence
Completed 1000cases
Reading the Testsuit
Preparing Sandbox
Run 6630 tests
Collect Results
Build Handler
Check Equivalence
Completed 1000cases
Reading the Testsuit
Preparing Sandbox
Run 6630 tests
Collect Results
Build Handler
Check Equivalence
Completed 1000cases
Reading the Testsuit
Preparing Sandbox
Run 6630 tests
Collect Results
Build Handler
Check Equivalence
Completed 1000cases
Reading the Testsuit
Preparing Sandbox
Run 6630 tests
Collect Results
Build Handler
Check Equivalence
Completed 1000cases
Reading the Testsuit
Preparing Sandbox
Run 6630 tests
Collect Results
Build Handler
Check Equivalence
Completed 1000cases
Reading the Testsuit
Preparing Sandbox
Run 6630 tests
Collect Results
Build Handler
Check Equivalence
Completed 1000cases
Reading the Testsuit
Preparing Sandbox
Run 6630 tests
Collect Results
Build Handler
Check Equivalence
Completed 1000cases
Reading the Testsuit
Preparing Sandbox
Run 6630 tests
Collect Results
Build Handler
Check Equivalence
Completed 1000cases
Reading the Testsuit
Preparing Sandbox
Run 6630 tests
Collect Results
Build Handler
Check Equivalence
Completed 1000cases
Reading the Testsuit
Preparing Sandbox
Run 6630 tests
Collect Results
Build Handler
Check Equivalence
Completed 1000cases
Reading the Testsuit
Preparing Sandbox
Run 6630 tests
Collect Results
Build Handler
Check Equivalence
Completed 1000cases
Reading the Testsuit
Preparing Sandbox
Run 6630 tests
Collect Results
Build Handler
Check Equivalence
Completed 1000cases
Reading the Testsuit
Preparing Sandbox
Run 6630 tests
Collect Results
Build Handler
Check Equivalence
Completed 1000cases
Reading the Testsuit
Preparing Sandbox
Run 6630 tests
Collect Results
Build Handler
Check Equivalence
Completed 1000cases
Reading the Testsuit
Preparing Sandbox
Run 6630 tests
Collect Results
Build Handler
Check Equivalence
Completed 1000cases
Reading the Testsuit
Preparing Sandbox
Run 6630 tests
Collect Results
Build Handler
Check Equivalence
Completed 1000cases
Reading the Testsuit
Preparing Sandbox
Run 6630 tests
Collect Results
Build Handler
Check Equivalence
Completed 1000cases
Reading the Testsuit
Preparing Sandbox
Run 6630 tests
Collect Results
Build Handler
Check Equivalence
Completed 1000cases
Reading the Testsuit
Preparing Sandbox
Run 6630 tests
Collect Results
Build Handler
Check Equivalence
Completed 1000cases
Reading the Testsuit
Preparing Sandbox
Run 6630 tests
Collect Results
Build Handler
Check Equivalence
Completed 1000cases
Reading the Testsuit
Preparing Sandbox
Run 6630 tests
Collect Results
Build Handler
Check Equivalence
Completed 1000cases
Reading the Testsuit
Preparing Sandbox
Run 6630 tests
Collect Results
Build Handler
Check Equivalence
Completed 1000cases
Reading the Testsuit
Preparing Sandbox
Run 6630 tests
Collect Results
Build Handler
Check Equivalence
Completed 1000cases
Reading the Testsuit
Preparing Sandbox
Run 6630 tests
Collect Results
Build Handler
Check Equivalence
Completed 1000cases
Completed 2000cases
Completed 2000cases
Completed 2000cases
Completed 2000cases
Completed 2000cases
Completed 2000cases
Completed 2000cases
Completed 2000cases
Completed 2000cases
Completed 2000cases
Completed 2000cases
Completed 2000cases
Completed 2000cases
Completed 2000cases
Completed 2000cases
Completed 2000cases
Completed 2000cases
Completed 2000cases
Completed 2000cases
Completed 2000cases
Completed 2000cases
Completed 2000cases
Completed 2000cases
Completed 2000cases
Completed 2000cases
Completed 2000cases
Completed 2000cases
Completed 2000cases
Completed 2000cases
Completed 2000cases
Completed 2000cases
Completed 2000cases
Completed 2000cases
Completed 2000cases
Completed 2000cases
Completed 2000cases
Completed 2000cases
Completed 2000cases
Completed 2000cases
Completed 2000cases
Completed 2000cases
Completed 2000cases
Completed 2000cases
Completed 2000cases
Completed 2000cases
Completed 2000cases
Completed 2000cases
Completed 2000cases
Completed 2000cases
Completed 2000cases
Completed 3000cases
Completed 3000cases
Completed 3000cases
Completed 3000cases
Completed 3000cases
Completed 3000cases
Completed 3000cases
Completed 3000cases
Completed 3000cases
Completed 3000cases
Completed 3000cases
Completed 3000cases
Completed 3000cases
Completed 3000cases
Completed 3000cases
Completed 3000cases
Completed 3000cases
Completed 3000cases
Completed 3000cases
Completed 3000cases
Completed 3000cases
Completed 3000cases
Completed 3000cases
Completed 3000cases
Completed 3000cases
Completed 3000cases
Completed 3000cases
Completed 3000cases
Completed 3000cases
Completed 3000cases
Completed 3000cases
Completed 3000cases
Completed 3000cases
Completed 3000cases
Completed 3000cases
Completed 3000cases
Completed 3000cases
Completed 3000cases
Completed 3000cases
Completed 3000cases
Completed 3000cases
Completed 3000cases
Completed 3000cases
Completed 3000cases
Completed 3000cases
Completed 3000cases
Completed 3000cases
Completed 3000cases
Completed 3000cases
Completed 3000cases
Completed 4000cases
Completed 4000cases
Completed 4000cases
Completed 4000cases
Completed 4000cases
Completed 4000cases
Completed 4000cases
Completed 4000cases
Completed 4000cases
Completed 4000cases
Completed 4000cases
Completed 4000cases
Completed 4000cases
Completed 4000cases
Completed 4000cases
Completed 4000cases
Completed 4000cases
Completed 4000cases
Completed 4000cases
Completed 4000cases
Completed 4000cases
Completed 4000cases
Completed 4000cases
Completed 4000cases
Completed 4000cases
Completed 4000cases
Completed 4000cases
Completed 4000cases
Completed 4000cases
Completed 4000cases
Completed 4000cases
Completed 4000cases
Completed 4000cases
Completed 4000cases
Completed 4000cases
Completed 4000cases
Completed 4000cases
Completed 4000cases
Completed 4000cases
Completed 4000cases
Completed 4000cases
Completed 4000cases
Completed 4000cases
Completed 4000cases
Completed 4000cases
Completed 4000cases
Completed 4000cases
Completed 4000cases
Completed 4000cases
Completed 4000cases
Completed 5000cases
Completed 5000cases
Completed 5000cases
Completed 5000cases
Completed 5000cases
Completed 5000cases
Completed 5000cases
Completed 5000cases
Completed 5000cases
Completed 5000cases
Completed 5000cases
Completed 5000cases
Completed 5000cases
Completed 5000cases
Completed 5000cases
Completed 5000cases
Completed 5000cases
Completed 5000cases
Completed 5000cases
Completed 5000cases
Completed 5000cases
Completed 5000cases
Completed 5000cases
Completed 5000cases
Completed 5000cases
Completed 5000cases
Completed 5000cases
Completed 5000cases
Completed 5000cases
Completed 5000cases
Completed 5000cases
Completed 5000cases
Completed 5000cases
Completed 5000cases
Completed 5000cases
Completed 5000cases
Completed 5000cases
Completed 5000cases
Completed 5000cases
Completed 5000cases
Completed 5000cases
Completed 5000cases
Completed 5000cases
Completed 5000cases
Completed 5000cases
Completed 5000cases
Completed 5000cases
Completed 5000cases
Completed 5000cases
Completed 5000cases
Completed 6000cases
Completed 6000cases
Completed 6000cases
Completed 6000cases
Completed 6000cases
Completed 6000cases
Completed 6000cases
Completed 6000cases
Completed 6000cases
Completed 6000cases
Completed 6000cases
Completed 6000cases
Completed 6000cases
Completed 6000cases
Completed 6000cases
Completed 6000cases
Completed 6000cases
Completed 6000cases
Completed 6000cases
Thread 12 done!: vinsertps_xmm_xmm_xmm_imm8_119
Completed 6000cases
Completed 6000cases
Completed 6000cases
Completed 6000cases
Completed 6000cases
Completed 6000cases
Completed 6000cases
Completed 6000cases
Completed 6000cases
Completed 6000cases
Completed 6000cases
Completed 6000cases
Completed 6000cases
Completed 6000cases
Completed 6000cases
Completed 6000cases
Completed 6000cases
Completed 6000cases
Completed 6000cases
Completed 6000cases
Completed 6000cases
Completed 6000cases
Completed 6000cases
Completed 6000cases
Completed 6000cases
Completed 6000cases
Completed 6000cases
Completed 6000cases
Completed 6000cases
Completed 6000cases
Thread 17 done!: vinsertps_xmm_xmm_xmm_imm8_155
Completed 6000cases
Thread 36 done!: vinsertps_xmm_xmm_xmm_imm8_97
Thread 40 done!: vinsertps_xmm_xmm_xmm_imm8_132
Thread 1 done!: vinsertps_xmm_xmm_xmm_imm8_9
Thread 14 done!: vinsertps_xmm_xmm_xmm_imm8_125
Thread 19 done!: vinsertps_xmm_xmm_xmm_imm8_162
Thread 31 done!: vinsertps_xmm_xmm_xmm_imm8_33
Thread 22 done!: vinsertps_xmm_xmm_xmm_imm8_189
Thread 9 done!: vinsertps_xmm_xmm_xmm_imm8_93
Thread 5 done!: vinsertps_xmm_xmm_xmm_imm8_36
Thread 6 done!: vinsertps_xmm_xmm_xmm_imm8_37
Thread 24 done!: vinsertps_xmm_xmm_xmm_imm8_209
Thread 7 done!: vinsertps_xmm_xmm_xmm_imm8_49
Thread 15 done!: vinsertps_xmm_xmm_xmm_imm8_129
Thread 32 done!: vinsertps_xmm_xmm_xmm_imm8_35
Thread 21 done!: vinsertps_xmm_xmm_xmm_imm8_173
Thread 50 done!: vinsertps_xmm_xmm_xmm_imm8_253
Thread 27 done!: vinsertps_xmm_xmm_xmm_imm8_225
Thread 28 done!: vinsertps_xmm_xmm_xmm_imm8_235
Thread 35 done!: vinsertps_xmm_xmm_xmm_imm8_89
Thread 37 done!: vinsertps_xmm_xmm_xmm_imm8_112
Thread 29 done!: vinsertps_xmm_xmm_xmm_imm8_245
Thread 2 done!: vinsertps_xmm_xmm_xmm_imm8_25
Thread 30 done!: vinsertps_xmm_xmm_xmm_imm8_5
Thread 49 done!: vinsertps_xmm_xmm_xmm_imm8_241
Thread 45 done!: vinsertps_xmm_xmm_xmm_imm8_200
Thread 46 done!: vinsertps_xmm_xmm_xmm_imm8_212
Thread 47 done!: vinsertps_xmm_xmm_xmm_imm8_223
Thread 18 done!: vinsertps_xmm_xmm_xmm_imm8_159
Thread 11 done!: vinsertps_xmm_xmm_xmm_imm8_117
Thread 20 done!: vinsertps_xmm_xmm_xmm_imm8_169
Thread 39 done!: vinsertps_xmm_xmm_xmm_imm8_116
Thread 3 done!: vinsertps_xmm_xmm_xmm_imm8_27
Thread 4 done!: vinsertps_xmm_xmm_xmm_imm8_34
Thread 43 done!: vinsertps_xmm_xmm_xmm_imm8_161
Thread 25 done!: vinsertps_xmm_xmm_xmm_imm8_210
Thread 10 done!: vinsertps_xmm_xmm_xmm_imm8_115
Thread 16 done!: vinsertps_xmm_xmm_xmm_imm8_137
Thread 33 done!: vinsertps_xmm_xmm_xmm_imm8_55
Thread 13 done!: vinsertps_xmm_xmm_xmm_imm8_123
Thread 23 done!: vinsertps_xmm_xmm_xmm_imm8_201
Thread 38 done!: vinsertps_xmm_xmm_xmm_imm8_113
Thread 44 done!: vinsertps_xmm_xmm_xmm_imm8_164
Thread 8 done!: vinsertps_xmm_xmm_xmm_imm8_53
Thread 48 done!: vinsertps_xmm_xmm_xmm_imm8_240
Thread 26 done!: vinsertps_xmm_xmm_xmm_imm8_217
Thread 41 done!: vinsertps_xmm_xmm_xmm_imm8_136
Thread 42 done!: vinsertps_xmm_xmm_xmm_imm8_145
Thread 34 done!: vinsertps_xmm_xmm_xmm_imm8_81
