[4m[1m[34mFiring Last 21[0m
Thread 1 start: vinsertps_xmm_xmm_xmm_imm8_5
/home/sdasgup3/TYLER/strata/stoke/./bin/stoke_check_circuit --target imm_instructions/vinsertps_xmm_xmm_xmm_imm8/instructions/vinsertps_xmm_xmm_xmm_imm8_5/vinsertps_xmm_xmm_xmm_imm8_5.s --functions /home/sdasgup3/Github/strata-data/data-regs/functions --testcases /home/sdasgup3/Github/strata-data/data-regs/testcases.tc --def_in "{ %xmm1 %xmm2 %xmm3 }" --live_out "{ %ymm1 %xmm2 }" 
Thread 2 start: vinsertps_xmm_xmm_xmm_imm8_33
/home/sdasgup3/TYLER/strata/stoke/./bin/stoke_check_circuit --target imm_instructions/vinsertps_xmm_xmm_xmm_imm8/instructions/vinsertps_xmm_xmm_xmm_imm8_33/vinsertps_xmm_xmm_xmm_imm8_33.s --functions /home/sdasgup3/Github/strata-data/data-regs/functions --testcases /home/sdasgup3/Github/strata-data/data-regs/testcases.tc --def_in "{ %xmm1 %xmm2 %xmm3 }" --live_out "{ %ymm1 %xmm2 }" 
Thread 3 start: vinsertps_xmm_xmm_xmm_imm8_35
/home/sdasgup3/TYLER/strata/stoke/./bin/stoke_check_circuit --target imm_instructions/vinsertps_xmm_xmm_xmm_imm8/instructions/vinsertps_xmm_xmm_xmm_imm8_35/vinsertps_xmm_xmm_xmm_imm8_35.s --functions /home/sdasgup3/Github/strata-data/data-regs/functions --testcases /home/sdasgup3/Github/strata-data/data-regs/testcases.tc --def_in "{ %xmm1 %xmm2 %xmm3 }" --live_out "{ %ymm1 %xmm2 }" 
Thread 4 start: vinsertps_xmm_xmm_xmm_imm8_55
/home/sdasgup3/TYLER/strata/stoke/./bin/stoke_check_circuit --target imm_instructions/vinsertps_xmm_xmm_xmm_imm8/instructions/vinsertps_xmm_xmm_xmm_imm8_55/vinsertps_xmm_xmm_xmm_imm8_55.s --functions /home/sdasgup3/Github/strata-data/data-regs/functions --testcases /home/sdasgup3/Github/strata-data/data-regs/testcases.tc --def_in "{ %xmm1 %xmm2 %xmm3 }" --live_out "{ %ymm1 %xmm2 }" 
Thread 5 start: vinsertps_xmm_xmm_xmm_imm8_81
/home/sdasgup3/TYLER/strata/stoke/./bin/stoke_check_circuit --target imm_instructions/vinsertps_xmm_xmm_xmm_imm8/instructions/vinsertps_xmm_xmm_xmm_imm8_81/vinsertps_xmm_xmm_xmm_imm8_81.s --functions /home/sdasgup3/Github/strata-data/data-regs/functions --testcases /home/sdasgup3/Github/strata-data/data-regs/testcases.tc --def_in "{ %xmm1 %xmm2 %xmm3 }" --live_out "{ %ymm1 %xmm2 }" 
Thread 6 start: vinsertps_xmm_xmm_xmm_imm8_89
/home/sdasgup3/TYLER/strata/stoke/./bin/stoke_check_circuit --target imm_instructions/vinsertps_xmm_xmm_xmm_imm8/instructions/vinsertps_xmm_xmm_xmm_imm8_89/vinsertps_xmm_xmm_xmm_imm8_89.s --functions /home/sdasgup3/Github/strata-data/data-regs/functions --testcases /home/sdasgup3/Github/strata-data/data-regs/testcases.tc --def_in "{ %xmm1 %xmm2 %xmm3 }" --live_out "{ %ymm1 %xmm2 }" 
Thread 7 start: vinsertps_xmm_xmm_xmm_imm8_97
/home/sdasgup3/TYLER/strata/stoke/./bin/stoke_check_circuit --target imm_instructions/vinsertps_xmm_xmm_xmm_imm8/instructions/vinsertps_xmm_xmm_xmm_imm8_97/vinsertps_xmm_xmm_xmm_imm8_97.s --functions /home/sdasgup3/Github/strata-data/data-regs/functions --testcases /home/sdasgup3/Github/strata-data/data-regs/testcases.tc --def_in "{ %xmm1 %xmm2 %xmm3 }" --live_out "{ %ymm1 %xmm2 }" 
Thread 8 start: vinsertps_xmm_xmm_xmm_imm8_112
/home/sdasgup3/TYLER/strata/stoke/./bin/stoke_check_circuit --target imm_instructions/vinsertps_xmm_xmm_xmm_imm8/instructions/vinsertps_xmm_xmm_xmm_imm8_112/vinsertps_xmm_xmm_xmm_imm8_112.s --functions /home/sdasgup3/Github/strata-data/data-regs/functions --testcases /home/sdasgup3/Github/strata-data/data-regs/testcases.tc --def_in "{ %xmm1 %xmm2 %xmm3 }" --live_out "{ %ymm1 %xmm2 }" 
Thread 9 start: vinsertps_xmm_xmm_xmm_imm8_113
/home/sdasgup3/TYLER/strata/stoke/./bin/stoke_check_circuit --target imm_instructions/vinsertps_xmm_xmm_xmm_imm8/instructions/vinsertps_xmm_xmm_xmm_imm8_113/vinsertps_xmm_xmm_xmm_imm8_113.s --functions /home/sdasgup3/Github/strata-data/data-regs/functions --testcases /home/sdasgup3/Github/strata-data/data-regs/testcases.tc --def_in "{ %xmm1 %xmm2 %xmm3 }" --live_out "{ %ymm1 %xmm2 }" 
Thread 10 start: vinsertps_xmm_xmm_xmm_imm8_116
/home/sdasgup3/TYLER/strata/stoke/./bin/stoke_check_circuit --target imm_instructions/vinsertps_xmm_xmm_xmm_imm8/instructions/vinsertps_xmm_xmm_xmm_imm8_116/vinsertps_xmm_xmm_xmm_imm8_116.s --functions /home/sdasgup3/Github/strata-data/data-regs/functions --testcases /home/sdasgup3/Github/strata-data/data-regs/testcases.tc --def_in "{ %xmm1 %xmm2 %xmm3 }" --live_out "{ %ymm1 %xmm2 }" 
Thread 11 start: vinsertps_xmm_xmm_xmm_imm8_132
/home/sdasgup3/TYLER/strata/stoke/./bin/stoke_check_circuit --target imm_instructions/vinsertps_xmm_xmm_xmm_imm8/instructions/vinsertps_xmm_xmm_xmm_imm8_132/vinsertps_xmm_xmm_xmm_imm8_132.s --functions /home/sdasgup3/Github/strata-data/data-regs/functions --testcases /home/sdasgup3/Github/strata-data/data-regs/testcases.tc --def_in "{ %xmm1 %xmm2 %xmm3 }" --live_out "{ %ymm1 %xmm2 }" 
Thread 12 start: vinsertps_xmm_xmm_xmm_imm8_136
/home/sdasgup3/TYLER/strata/stoke/./bin/stoke_check_circuit --target imm_instructions/vinsertps_xmm_xmm_xmm_imm8/instructions/vinsertps_xmm_xmm_xmm_imm8_136/vinsertps_xmm_xmm_xmm_imm8_136.s --functions /home/sdasgup3/Github/strata-data/data-regs/functions --testcases /home/sdasgup3/Github/strata-data/data-regs/testcases.tc --def_in "{ %xmm1 %xmm2 %xmm3 }" --live_out "{ %ymm1 %xmm2 }" 
Thread 13 start: vinsertps_xmm_xmm_xmm_imm8_145
/home/sdasgup3/TYLER/strata/stoke/./bin/stoke_check_circuit --target imm_instructions/vinsertps_xmm_xmm_xmm_imm8/instructions/vinsertps_xmm_xmm_xmm_imm8_145/vinsertps_xmm_xmm_xmm_imm8_145.s --functions /home/sdasgup3/Github/strata-data/data-regs/functions --testcases /home/sdasgup3/Github/strata-data/data-regs/testcases.tc --def_in "{ %xmm1 %xmm2 %xmm3 }" --live_out "{ %ymm1 %xmm2 }" 
Thread 14 start: vinsertps_xmm_xmm_xmm_imm8_161
/home/sdasgup3/TYLER/strata/stoke/./bin/stoke_check_circuit --target imm_instructions/vinsertps_xmm_xmm_xmm_imm8/instructions/vinsertps_xmm_xmm_xmm_imm8_161/vinsertps_xmm_xmm_xmm_imm8_161.s --functions /home/sdasgup3/Github/strata-data/data-regs/functions --testcases /home/sdasgup3/Github/strata-data/data-regs/testcases.tc --def_in "{ %xmm1 %xmm2 %xmm3 }" --live_out "{ %ymm1 %xmm2 }" 
Thread 15 start: vinsertps_xmm_xmm_xmm_imm8_164
/home/sdasgup3/TYLER/strata/stoke/./bin/stoke_check_circuit --target imm_instructions/vinsertps_xmm_xmm_xmm_imm8/instructions/vinsertps_xmm_xmm_xmm_imm8_164/vinsertps_xmm_xmm_xmm_imm8_164.s --functions /home/sdasgup3/Github/strata-data/data-regs/functions --testcases /home/sdasgup3/Github/strata-data/data-regs/testcases.tc --def_in "{ %xmm1 %xmm2 %xmm3 }" --live_out "{ %ymm1 %xmm2 }" 
Thread 16 start: vinsertps_xmm_xmm_xmm_imm8_200
/home/sdasgup3/TYLER/strata/stoke/./bin/stoke_check_circuit --target imm_instructions/vinsertps_xmm_xmm_xmm_imm8/instructions/vinsertps_xmm_xmm_xmm_imm8_200/vinsertps_xmm_xmm_xmm_imm8_200.s --functions /home/sdasgup3/Github/strata-data/data-regs/functions --testcases /home/sdasgup3/Github/strata-data/data-regs/testcases.tc --def_in "{ %xmm1 %xmm2 %xmm3 }" --live_out "{ %ymm1 %xmm2 }" 
Thread 17 start: vinsertps_xmm_xmm_xmm_imm8_212
/home/sdasgup3/TYLER/strata/stoke/./bin/stoke_check_circuit --target imm_instructions/vinsertps_xmm_xmm_xmm_imm8/instructions/vinsertps_xmm_xmm_xmm_imm8_212/vinsertps_xmm_xmm_xmm_imm8_212.s --functions /home/sdasgup3/Github/strata-data/data-regs/functions --testcases /home/sdasgup3/Github/strata-data/data-regs/testcases.tc --def_in "{ %xmm1 %xmm2 %xmm3 }" --live_out "{ %ymm1 %xmm2 }" 
Thread 18 start: vinsertps_xmm_xmm_xmm_imm8_223
/home/sdasgup3/TYLER/strata/stoke/./bin/stoke_check_circuit --target imm_instructions/vinsertps_xmm_xmm_xmm_imm8/instructions/vinsertps_xmm_xmm_xmm_imm8_223/vinsertps_xmm_xmm_xmm_imm8_223.s --functions /home/sdasgup3/Github/strata-data/data-regs/functions --testcases /home/sdasgup3/Github/strata-data/data-regs/testcases.tc --def_in "{ %xmm1 %xmm2 %xmm3 }" --live_out "{ %ymm1 %xmm2 }" 
Thread 19 start: vinsertps_xmm_xmm_xmm_imm8_240
/home/sdasgup3/TYLER/strata/stoke/./bin/stoke_check_circuit --target imm_instructions/vinsertps_xmm_xmm_xmm_imm8/instructions/vinsertps_xmm_xmm_xmm_imm8_240/vinsertps_xmm_xmm_xmm_imm8_240.s --functions /home/sdasgup3/Github/strata-data/data-regs/functions --testcases /home/sdasgup3/Github/strata-data/data-regs/testcases.tc --def_in "{ %xmm1 %xmm2 %xmm3 }" --live_out "{ %ymm1 %xmm2 }" 
Thread 20 start: vinsertps_xmm_xmm_xmm_imm8_241
/home/sdasgup3/TYLER/strata/stoke/./bin/stoke_check_circuit --target imm_instructions/vinsertps_xmm_xmm_xmm_imm8/instructions/vinsertps_xmm_xmm_xmm_imm8_241/vinsertps_xmm_xmm_xmm_imm8_241.s --functions /home/sdasgup3/Github/strata-data/data-regs/functions --testcases /home/sdasgup3/Github/strata-data/data-regs/testcases.tc --def_in "{ %xmm1 %xmm2 %xmm3 }" --live_out "{ %ymm1 %xmm2 }" 
Thread 21 start: vinsertps_xmm_xmm_xmm_imm8_253
/home/sdasgup3/TYLER/strata/stoke/./bin/stoke_check_circuit --target imm_instructions/vinsertps_xmm_xmm_xmm_imm8/instructions/vinsertps_xmm_xmm_xmm_imm8_253/vinsertps_xmm_xmm_xmm_imm8_253.s --functions /home/sdasgup3/Github/strata-data/data-regs/functions --testcases /home/sdasgup3/Github/strata-data/data-regs/testcases.tc --def_in "{ %xmm1 %xmm2 %xmm3 }" --live_out "{ %ymm1 %xmm2 }" 
Reading the Testsuit
Preparing Sandbox
Run 6630 tests
Collect Results
Build Handler
Check Equivalence
Completed 1000cases
Reading the Testsuit
Preparing Sandbox
Run 6630 tests
Collect Results
Build Handler
Check Equivalence
Completed 1000cases
Reading the Testsuit
Preparing Sandbox
Run 6630 tests
Collect Results
Build Handler
Check Equivalence
Completed 1000cases
Reading the Testsuit
Preparing Sandbox
Run 6630 tests
Collect Results
Build Handler
Check Equivalence
Completed 1000cases
Reading the Testsuit
Preparing Sandbox
Run 6630 tests
Collect Results
Build Handler
Check Equivalence
Completed 1000cases
Reading the Testsuit
Preparing Sandbox
Run 6630 tests
Collect Results
Build Handler
Check Equivalence
Completed 1000cases
Reading the Testsuit
Preparing Sandbox
Run 6630 tests
Collect Results
Build Handler
Check Equivalence
Completed 1000cases
Reading the Testsuit
Preparing Sandbox
Run 6630 tests
Collect Results
Build Handler
Check Equivalence
Completed 1000cases
Reading the Testsuit
Preparing Sandbox
Run 6630 tests
Collect Results
Build Handler
Check Equivalence
Completed 1000cases
Reading the Testsuit
Preparing Sandbox
Run 6630 tests
Collect Results
Build Handler
Check Equivalence
Completed 1000cases
Reading the Testsuit
Preparing Sandbox
Run 6630 tests
Collect Results
Build Handler
Check Equivalence
Completed 1000cases
Reading the Testsuit
Preparing Sandbox
Run 6630 tests
Collect Results
Build Handler
Check Equivalence
Completed 1000cases
Reading the Testsuit
Preparing Sandbox
Run 6630 tests
Collect Results
Build Handler
Check Equivalence
Completed 1000cases
Reading the Testsuit
Preparing Sandbox
Run 6630 tests
Collect Results
Build Handler
Check Equivalence
Completed 1000cases
Reading the Testsuit
Preparing Sandbox
Run 6630 tests
Collect Results
Build Handler
Check Equivalence
Completed 1000cases
Reading the Testsuit
Preparing Sandbox
Run 6630 tests
Collect Results
Build Handler
Check Equivalence
Completed 1000cases
Reading the Testsuit
Preparing Sandbox
Run 6630 tests
Collect Results
Build Handler
Check Equivalence
Completed 1000cases
Reading the Testsuit
Preparing Sandbox
Run 6630 tests
Collect Results
Build Handler
Check Equivalence
Completed 1000cases
Reading the Testsuit
Preparing Sandbox
Run 6630 tests
Collect Results
Build Handler
Check Equivalence
Completed 1000cases
Reading the Testsuit
Preparing Sandbox
Run 6630 tests
Collect Results
Build Handler
Check Equivalence
Completed 1000cases
Reading the Testsuit
Preparing Sandbox
Run 6630 tests
Collect Results
Build Handler
Check Equivalence
Completed 1000cases
Completed 2000cases
Completed 2000cases
Completed 2000cases
Completed 2000cases
Completed 2000cases
Completed 2000cases
Completed 2000cases
Completed 2000cases
Completed 2000cases
Completed 2000cases
Completed 2000cases
Completed 2000cases
Completed 2000cases
Completed 2000cases
Completed 2000cases
Completed 2000cases
Completed 2000cases
Completed 2000cases
Completed 2000cases
Completed 2000cases
Completed 2000cases
Completed 3000cases
Completed 3000cases
Completed 3000cases
Completed 3000cases
Completed 3000cases
Completed 3000cases
Completed 3000cases
Completed 3000cases
Completed 3000cases
Completed 3000cases
Completed 3000cases
Completed 3000cases
Completed 3000cases
Completed 3000cases
Completed 3000cases
Completed 3000cases
Completed 3000cases
Completed 3000cases
Completed 3000cases
Completed 3000cases
Completed 3000cases
Completed 4000cases
Completed 4000cases
Completed 4000cases
Completed 4000cases
Completed 4000cases
Completed 4000cases
Completed 4000cases
Completed 4000cases
Completed 4000cases
Completed 4000cases
Completed 4000cases
Completed 4000cases
Completed 4000cases
Completed 4000cases
Completed 4000cases
Completed 4000cases
Completed 4000cases
Completed 4000cases
Completed 4000cases
Completed 4000cases
Completed 4000cases
Completed 5000cases
Completed 5000cases
Completed 5000cases
Completed 5000cases
Completed 5000cases
Completed 5000cases
Completed 5000cases
Completed 5000cases
Completed 5000cases
Completed 5000cases
Completed 5000cases
Completed 5000cases
Completed 5000cases
Completed 5000cases
Completed 5000cases
Completed 5000cases
Completed 5000cases
Completed 5000cases
Completed 5000cases
Completed 5000cases
Completed 5000cases
Completed 6000cases
Completed 6000cases
Completed 6000cases
Completed 6000cases
Completed 6000cases
Completed 6000cases
Completed 6000cases
Completed 6000cases
Completed 6000cases
Completed 6000cases
Completed 6000cases
Completed 6000cases
Completed 6000cases
Completed 6000cases
Completed 6000cases
Completed 6000cases
Completed 6000cases
Completed 6000cases
Completed 6000cases
Completed 6000cases
Thread 14 done!: vinsertps_xmm_xmm_xmm_imm8_161
Thread 21 done!: vinsertps_xmm_xmm_xmm_imm8_253
Thread 5 done!: vinsertps_xmm_xmm_xmm_imm8_81
Thread 9 done!: vinsertps_xmm_xmm_xmm_imm8_113
Completed 6000cases
Thread 17 done!: vinsertps_xmm_xmm_xmm_imm8_212
Thread 3 done!: vinsertps_xmm_xmm_xmm_imm8_35
Thread 10 done!: vinsertps_xmm_xmm_xmm_imm8_116
Thread 12 done!: vinsertps_xmm_xmm_xmm_imm8_136
Thread 13 done!: vinsertps_xmm_xmm_xmm_imm8_145
Thread 20 done!: vinsertps_xmm_xmm_xmm_imm8_241
Thread 18 done!: vinsertps_xmm_xmm_xmm_imm8_223
Thread 7 done!: vinsertps_xmm_xmm_xmm_imm8_97
Thread 11 done!: vinsertps_xmm_xmm_xmm_imm8_132
Thread 6 done!: vinsertps_xmm_xmm_xmm_imm8_89
Thread 2 done!: vinsertps_xmm_xmm_xmm_imm8_33
Thread 8 done!: vinsertps_xmm_xmm_xmm_imm8_112
Thread 15 done!: vinsertps_xmm_xmm_xmm_imm8_164
Thread 1 done!: vinsertps_xmm_xmm_xmm_imm8_5
Thread 4 done!: vinsertps_xmm_xmm_xmm_imm8_55
Thread 16 done!: vinsertps_xmm_xmm_xmm_imm8_200
Thread 19 done!: vinsertps_xmm_xmm_xmm_imm8_240
