[4m[1m[34mFiring Last 18[0m
Thread 3 start: vinserti128_ymm_ymm_xmm_imm8_17
timeout 30m  /home/sdasgup3/Github/strata/stoke/./bin/stoke_check_circuit --strata_path /home/sdasgup3/Github/strata-data/circuits --target concrete_instances/immediate-variants/vinserti128_ymm_ymm_xmm_imm8/instructions/vinserti128_ymm_ymm_xmm_imm8_17/vinserti128_ymm_ymm_xmm_imm8_17.s --functions /home/sdasgup3/Github/strata-data/data-regs/functions --testcases /home/sdasgup3/Github/strata-data/data-regs/testcases.tc --def_in "{ %ymm2 %xmm3 }" --live_out "{ %ymm1 }" --maybe_undef_out "{ }" 
Thread 2 start: vinserti128_ymm_ymm_xmm_imm8_9
timeout 30m  /home/sdasgup3/Github/strata/stoke/./bin/stoke_check_circuit --strata_path /home/sdasgup3/Github/strata-data/circuits --target concrete_instances/immediate-variants/vinserti128_ymm_ymm_xmm_imm8/instructions/vinserti128_ymm_ymm_xmm_imm8_9/vinserti128_ymm_ymm_xmm_imm8_9.s --functions /home/sdasgup3/Github/strata-data/data-regs/functions --testcases /home/sdasgup3/Github/strata-data/data-regs/testcases.tc --def_in "{ %ymm2 %xmm3 }" --live_out "{ %ymm1 }" --maybe_undef_out "{ }" 
Thread 5 start: vinserti128_ymm_ymm_xmm_imm8_41
timeout 30m  /home/sdasgup3/Github/strata/stoke/./bin/stoke_check_circuit --strata_path /home/sdasgup3/Github/strata-data/circuits --target concrete_instances/immediate-variants/vinserti128_ymm_ymm_xmm_imm8/instructions/vinserti128_ymm_ymm_xmm_imm8_41/vinserti128_ymm_ymm_xmm_imm8_41.s --functions /home/sdasgup3/Github/strata-data/data-regs/functions --testcases /home/sdasgup3/Github/strata-data/data-regs/testcases.tc --def_in "{ %ymm2 %xmm3 }" --live_out "{ %ymm1 }" --maybe_undef_out "{ }" 
Thread 6 start: vinserti128_ymm_ymm_xmm_imm8_73
timeout 30m  /home/sdasgup3/Github/strata/stoke/./bin/stoke_check_circuit --strata_path /home/sdasgup3/Github/strata-data/circuits --target concrete_instances/immediate-variants/vinserti128_ymm_ymm_xmm_imm8/instructions/vinserti128_ymm_ymm_xmm_imm8_73/vinserti128_ymm_ymm_xmm_imm8_73.s --functions /home/sdasgup3/Github/strata-data/data-regs/functions --testcases /home/sdasgup3/Github/strata-data/data-regs/testcases.tc --def_in "{ %ymm2 %xmm3 }" --live_out "{ %ymm1 }" --maybe_undef_out "{ }" 
Thread 4 start: vinserti128_ymm_ymm_xmm_imm8_19
timeout 30m  /home/sdasgup3/Github/strata/stoke/./bin/stoke_check_circuit --strata_path /home/sdasgup3/Github/strata-data/circuits --target concrete_instances/immediate-variants/vinserti128_ymm_ymm_xmm_imm8/instructions/vinserti128_ymm_ymm_xmm_imm8_19/vinserti128_ymm_ymm_xmm_imm8_19.s --functions /home/sdasgup3/Github/strata-data/data-regs/functions --testcases /home/sdasgup3/Github/strata-data/data-regs/testcases.tc --def_in "{ %ymm2 %xmm3 }" --live_out "{ %ymm1 }" --maybe_undef_out "{ }" 
Thread 1 start: vinserti128_ymm_ymm_xmm_imm8_7
timeout 30m  /home/sdasgup3/Github/strata/stoke/./bin/stoke_check_circuit --strata_path /home/sdasgup3/Github/strata-data/circuits --target concrete_instances/immediate-variants/vinserti128_ymm_ymm_xmm_imm8/instructions/vinserti128_ymm_ymm_xmm_imm8_7/vinserti128_ymm_ymm_xmm_imm8_7.s --functions /home/sdasgup3/Github/strata-data/data-regs/functions --testcases /home/sdasgup3/Github/strata-data/data-regs/testcases.tc --def_in "{ %ymm2 %xmm3 }" --live_out "{ %ymm1 }" --maybe_undef_out "{ }" 
Thread 7 start: vinserti128_ymm_ymm_xmm_imm8_85
timeout 30m  /home/sdasgup3/Github/strata/stoke/./bin/stoke_check_circuit --strata_path /home/sdasgup3/Github/strata-data/circuits --target concrete_instances/immediate-variants/vinserti128_ymm_ymm_xmm_imm8/instructions/vinserti128_ymm_ymm_xmm_imm8_85/vinserti128_ymm_ymm_xmm_imm8_85.s --functions /home/sdasgup3/Github/strata-data/data-regs/functions --testcases /home/sdasgup3/Github/strata-data/data-regs/testcases.tc --def_in "{ %ymm2 %xmm3 }" --live_out "{ %ymm1 }" --maybe_undef_out "{ }" 
Thread 8 start: vinserti128_ymm_ymm_xmm_imm8_87
timeout 30m  /home/sdasgup3/Github/strata/stoke/./bin/stoke_check_circuit --strata_path /home/sdasgup3/Github/strata-data/circuits --target concrete_instances/immediate-variants/vinserti128_ymm_ymm_xmm_imm8/instructions/vinserti128_ymm_ymm_xmm_imm8_87/vinserti128_ymm_ymm_xmm_imm8_87.s --functions /home/sdasgup3/Github/strata-data/data-regs/functions --testcases /home/sdasgup3/Github/strata-data/data-regs/testcases.tc --def_in "{ %ymm2 %xmm3 }" --live_out "{ %ymm1 }" --maybe_undef_out "{ }" 
Thread 11 start: vinserti128_ymm_ymm_xmm_imm8_177
timeout 30m  /home/sdasgup3/Github/strata/stoke/./bin/stoke_check_circuit --strata_path /home/sdasgup3/Github/strata-data/circuits --target concrete_instances/immediate-variants/vinserti128_ymm_ymm_xmm_imm8/instructions/vinserti128_ymm_ymm_xmm_imm8_177/vinserti128_ymm_ymm_xmm_imm8_177.s --functions /home/sdasgup3/Github/strata-data/data-regs/functions --testcases /home/sdasgup3/Github/strata-data/data-regs/testcases.tc --def_in "{ %ymm2 %xmm3 }" --live_out "{ %ymm1 }" --maybe_undef_out "{ }" 
Thread 9 start: vinserti128_ymm_ymm_xmm_imm8_103
timeout 30m  /home/sdasgup3/Github/strata/stoke/./bin/stoke_check_circuit --strata_path /home/sdasgup3/Github/strata-data/circuits --target concrete_instances/immediate-variants/vinserti128_ymm_ymm_xmm_imm8/instructions/vinserti128_ymm_ymm_xmm_imm8_103/vinserti128_ymm_ymm_xmm_imm8_103.s --functions /home/sdasgup3/Github/strata-data/data-regs/functions --testcases /home/sdasgup3/Github/strata-data/data-regs/testcases.tc --def_in "{ %ymm2 %xmm3 }" --live_out "{ %ymm1 }" --maybe_undef_out "{ }" 
Thread 10 start: vinserti128_ymm_ymm_xmm_imm8_109
timeout 30m  /home/sdasgup3/Github/strata/stoke/./bin/stoke_check_circuit --strata_path /home/sdasgup3/Github/strata-data/circuits --target concrete_instances/immediate-variants/vinserti128_ymm_ymm_xmm_imm8/instructions/vinserti128_ymm_ymm_xmm_imm8_109/vinserti128_ymm_ymm_xmm_imm8_109.s --functions /home/sdasgup3/Github/strata-data/data-regs/functions --testcases /home/sdasgup3/Github/strata-data/data-regs/testcases.tc --def_in "{ %ymm2 %xmm3 }" --live_out "{ %ymm1 }" --maybe_undef_out "{ }" 
Thread 12 start: vinserti128_ymm_ymm_xmm_imm8_195
timeout 30m  /home/sdasgup3/Github/strata/stoke/./bin/stoke_check_circuit --strata_path /home/sdasgup3/Github/strata-data/circuits --target concrete_instances/immediate-variants/vinserti128_ymm_ymm_xmm_imm8/instructions/vinserti128_ymm_ymm_xmm_imm8_195/vinserti128_ymm_ymm_xmm_imm8_195.s --functions /home/sdasgup3/Github/strata-data/data-regs/functions --testcases /home/sdasgup3/Github/strata-data/data-regs/testcases.tc --def_in "{ %ymm2 %xmm3 }" --live_out "{ %ymm1 }" --maybe_undef_out "{ }" 
Thread 13 start: vinserti128_ymm_ymm_xmm_imm8_207
timeout 30m  /home/sdasgup3/Github/strata/stoke/./bin/stoke_check_circuit --strata_path /home/sdasgup3/Github/strata-data/circuits --target concrete_instances/immediate-variants/vinserti128_ymm_ymm_xmm_imm8/instructions/vinserti128_ymm_ymm_xmm_imm8_207/vinserti128_ymm_ymm_xmm_imm8_207.s --functions /home/sdasgup3/Github/strata-data/data-regs/functions --testcases /home/sdasgup3/Github/strata-data/data-regs/testcases.tc --def_in "{ %ymm2 %xmm3 }" --live_out "{ %ymm1 }" --maybe_undef_out "{ }" 
Thread 15 start: vinserti128_ymm_ymm_xmm_imm8_231
timeout 30m  /home/sdasgup3/Github/strata/stoke/./bin/stoke_check_circuit --strata_path /home/sdasgup3/Github/strata-data/circuits --target concrete_instances/immediate-variants/vinserti128_ymm_ymm_xmm_imm8/instructions/vinserti128_ymm_ymm_xmm_imm8_231/vinserti128_ymm_ymm_xmm_imm8_231.s --functions /home/sdasgup3/Github/strata-data/data-regs/functions --testcases /home/sdasgup3/Github/strata-data/data-regs/testcases.tc --def_in "{ %ymm2 %xmm3 }" --live_out "{ %ymm1 }" --maybe_undef_out "{ }" 
Thread 14 start: vinserti128_ymm_ymm_xmm_imm8_225
timeout 30m  /home/sdasgup3/Github/strata/stoke/./bin/stoke_check_circuit --strata_path /home/sdasgup3/Github/strata-data/circuits --target concrete_instances/immediate-variants/vinserti128_ymm_ymm_xmm_imm8/instructions/vinserti128_ymm_ymm_xmm_imm8_225/vinserti128_ymm_ymm_xmm_imm8_225.s --functions /home/sdasgup3/Github/strata-data/data-regs/functions --testcases /home/sdasgup3/Github/strata-data/data-regs/testcases.tc --def_in "{ %ymm2 %xmm3 }" --live_out "{ %ymm1 }" --maybe_undef_out "{ }" 
Thread 16 start: vinserti128_ymm_ymm_xmm_imm8_243
timeout 30m  /home/sdasgup3/Github/strata/stoke/./bin/stoke_check_circuit --strata_path /home/sdasgup3/Github/strata-data/circuits --target concrete_instances/immediate-variants/vinserti128_ymm_ymm_xmm_imm8/instructions/vinserti128_ymm_ymm_xmm_imm8_243/vinserti128_ymm_ymm_xmm_imm8_243.s --functions /home/sdasgup3/Github/strata-data/data-regs/functions --testcases /home/sdasgup3/Github/strata-data/data-regs/testcases.tc --def_in "{ %ymm2 %xmm3 }" --live_out "{ %ymm1 }" --maybe_undef_out "{ }" 
Thread 17 start: vinserti128_ymm_ymm_xmm_imm8_247
timeout 30m  /home/sdasgup3/Github/strata/stoke/./bin/stoke_check_circuit --strata_path /home/sdasgup3/Github/strata-data/circuits --target concrete_instances/immediate-variants/vinserti128_ymm_ymm_xmm_imm8/instructions/vinserti128_ymm_ymm_xmm_imm8_247/vinserti128_ymm_ymm_xmm_imm8_247.s --functions /home/sdasgup3/Github/strata-data/data-regs/functions --testcases /home/sdasgup3/Github/strata-data/data-regs/testcases.tc --def_in "{ %ymm2 %xmm3 }" --live_out "{ %ymm1 }" --maybe_undef_out "{ }" 
Thread 18 start: vinserti128_ymm_ymm_xmm_imm8_253
timeout 30m  /home/sdasgup3/Github/strata/stoke/./bin/stoke_check_circuit --strata_path /home/sdasgup3/Github/strata-data/circuits --target concrete_instances/immediate-variants/vinserti128_ymm_ymm_xmm_imm8/instructions/vinserti128_ymm_ymm_xmm_imm8_253/vinserti128_ymm_ymm_xmm_imm8_253.s --functions /home/sdasgup3/Github/strata-data/data-regs/functions --testcases /home/sdasgup3/Github/strata-data/data-regs/testcases.tc --def_in "{ %ymm2 %xmm3 }" --live_out "{ %ymm1 }" --maybe_undef_out "{ }" 
Reading the Testsuit
Preparing Sandbox
Run 6630 tests
Collect Results
Check Equivalence
Completed 1000cases
Reading the Testsuit
Preparing Sandbox
Run 6630 tests
Collect Results
Check Equivalence
Completed 1000cases
Reading the Testsuit
Preparing Sandbox
Run 6630 tests
Collect Results
Check Equivalence
Completed 1000cases
Reading the Testsuit
Preparing Sandbox
Run 6630 tests
Collect Results
Check Equivalence
Completed 1000cases
Reading the Testsuit
Preparing Sandbox
Run 6630 tests
Collect Results
Check Equivalence
Completed 1000cases
Reading the Testsuit
Preparing Sandbox
Run 6630 tests
Collect Results
Check Equivalence
Completed 1000cases
Reading the Testsuit
Preparing Sandbox
Run 6630 tests
Collect Results
Check Equivalence
Completed 1000cases
Reading the Testsuit
Preparing Sandbox
Run 6630 tests
Collect Results
Check Equivalence
Completed 1000cases
Reading the Testsuit
Preparing Sandbox
Run 6630 tests
Collect Results
Check Equivalence
Completed 1000cases
Reading the Testsuit
Preparing Sandbox
Run 6630 tests
Collect Results
Check Equivalence
Completed 1000cases
Reading the Testsuit
Preparing Sandbox
Run 6630 tests
Collect Results
Check Equivalence
Completed 1000cases
Reading the Testsuit
Preparing Sandbox
Run 6630 tests
Collect Results
Check Equivalence
Completed 1000cases
Reading the Testsuit
Preparing Sandbox
Run 6630 tests
Collect Results
Check Equivalence
Completed 1000cases
Reading the Testsuit
Preparing Sandbox
Run 6630 tests
Collect Results
Check Equivalence
Completed 1000cases
Reading the Testsuit
Preparing Sandbox
Run 6630 tests
Collect Results
Check Equivalence
Completed 1000cases
Reading the Testsuit
Preparing Sandbox
Run 6630 tests
Collect Results
Check Equivalence
Completed 1000cases
Reading the Testsuit
Preparing Sandbox
Run 6630 tests
Collect Results
Check Equivalence
Completed 1000cases
Reading the Testsuit
Preparing Sandbox
Run 6630 tests
Collect Results
Check Equivalence
Completed 1000cases
Completed 2000cases
Completed 2000cases
Completed 2000cases
Completed 2000cases
Completed 2000cases
Completed 2000cases
Completed 2000cases
Completed 2000cases
Completed 2000cases
Completed 2000cases
Completed 2000cases
Completed 2000cases
Completed 2000cases
Completed 2000cases
Completed 2000cases
Completed 2000cases
Completed 2000cases
Completed 2000cases
Completed 3000cases
Completed 3000cases
Completed 3000cases
Completed 3000cases
Completed 3000cases
Completed 3000cases
Completed 3000cases
Completed 3000cases
Completed 3000cases
Completed 3000cases
Completed 3000cases
Completed 3000cases
Completed 3000cases
Completed 3000cases
Completed 3000cases
Completed 3000cases
Completed 3000cases
Completed 3000cases
Completed 4000cases
Completed 4000cases
Completed 4000cases
Completed 4000cases
Completed 4000cases
Completed 4000cases
Completed 4000cases
Completed 4000cases
Completed 4000cases
Completed 4000cases
Completed 4000cases
Completed 4000cases
Completed 4000cases
Completed 4000cases
Completed 4000cases
Completed 4000cases
Completed 4000cases
Completed 4000cases
Completed 5000cases
Completed 5000cases
Completed 5000cases
Completed 5000cases
Completed 5000cases
Completed 5000cases
Completed 5000cases
Completed 5000cases
Completed 5000cases
Completed 5000cases
Completed 5000cases
Completed 5000cases
Completed 5000cases
Completed 5000cases
Completed 5000cases
Completed 5000cases
Completed 5000cases
Completed 5000cases
Completed 6000cases
Completed 6000cases
Completed 6000cases
Completed 6000cases
Completed 6000cases
Completed 6000cases
Completed 6000cases
Completed 6000cases
Completed 6000cases
Completed 6000cases
Completed 6000cases
Completed 6000cases
Completed 6000cases
Completed 6000cases
Completed 6000cases
Completed 6000cases
Completed 6000cases
Completed 6000cases
Execution time vinserti128_ymm_ymm_xmm_imm8_195: 47 s
Thread 12 done!: vinserti128_ymm_ymm_xmm_imm8_195
Execution time vinserti128_ymm_ymm_xmm_imm8_9: 47 s
Thread 2 done!: vinserti128_ymm_ymm_xmm_imm8_9
Execution time vinserti128_ymm_ymm_xmm_imm8_19: 47 s
Thread 4 done!: vinserti128_ymm_ymm_xmm_imm8_19
Execution time vinserti128_ymm_ymm_xmm_imm8_103: 47 s
Thread 9 done!: vinserti128_ymm_ymm_xmm_imm8_103
Execution time vinserti128_ymm_ymm_xmm_imm8_73: 47 s
Thread 6 done!: vinserti128_ymm_ymm_xmm_imm8_73
Execution time vinserti128_ymm_ymm_xmm_imm8_87: 47 s
Thread 8 done!: vinserti128_ymm_ymm_xmm_imm8_87
Execution time vinserti128_ymm_ymm_xmm_imm8_231: 47 s
Thread 15 done!: vinserti128_ymm_ymm_xmm_imm8_231
Execution time vinserti128_ymm_ymm_xmm_imm8_7: 47 s
Thread 1 done!: vinserti128_ymm_ymm_xmm_imm8_7
Execution time vinserti128_ymm_ymm_xmm_imm8_243: 47 s
Thread 16 done!: vinserti128_ymm_ymm_xmm_imm8_243
Execution time vinserti128_ymm_ymm_xmm_imm8_177: 47 s
Thread 11 done!: vinserti128_ymm_ymm_xmm_imm8_177
Execution time vinserti128_ymm_ymm_xmm_imm8_17: 47 s
Thread 3 done!: vinserti128_ymm_ymm_xmm_imm8_17
Execution time vinserti128_ymm_ymm_xmm_imm8_85: 47 s
Thread 7 done!: vinserti128_ymm_ymm_xmm_imm8_85
Execution time vinserti128_ymm_ymm_xmm_imm8_247: 46 s
Thread 17 done!: vinserti128_ymm_ymm_xmm_imm8_247
Execution time vinserti128_ymm_ymm_xmm_imm8_253: 46 s
Thread 18 done!: vinserti128_ymm_ymm_xmm_imm8_253
Execution time vinserti128_ymm_ymm_xmm_imm8_225: 48 s
Thread 14 done!: vinserti128_ymm_ymm_xmm_imm8_225
Execution time vinserti128_ymm_ymm_xmm_imm8_41: 48 s
Thread 5 done!: vinserti128_ymm_ymm_xmm_imm8_41
Execution time vinserti128_ymm_ymm_xmm_imm8_207: 48 s
Thread 13 done!: vinserti128_ymm_ymm_xmm_imm8_207
Execution time vinserti128_ymm_ymm_xmm_imm8_109: 49 s
Thread 10 done!: vinserti128_ymm_ymm_xmm_imm8_109
