[4m[1m[34mFiring Last 31[0m
Thread 2 start: vpalignr_xmm_xmm_xmm_imm8_2
/home/sdasgup3/TYLER/strata/stoke/./bin/stoke_check_circuit --target imm_instructions/vpalignr_xmm_xmm_xmm_imm8/instructions/vpalignr_xmm_xmm_xmm_imm8_2/vpalignr_xmm_xmm_xmm_imm8_2.s --functions /home/sdasgup3/Github/strata-data/data-regs/functions --testcases /home/sdasgup3/Github/strata-data/data-regs/testcases.tc --def_in "{ %xmm2 %xmm3 }" --live_out "{ %ymm1 }" 
Thread 5 start: vpalignr_xmm_xmm_xmm_imm8_5
/home/sdasgup3/TYLER/strata/stoke/./bin/stoke_check_circuit --target imm_instructions/vpalignr_xmm_xmm_xmm_imm8/instructions/vpalignr_xmm_xmm_xmm_imm8_5/vpalignr_xmm_xmm_xmm_imm8_5.s --functions /home/sdasgup3/Github/strata-data/data-regs/functions --testcases /home/sdasgup3/Github/strata-data/data-regs/testcases.tc --def_in "{ %xmm2 %xmm3 }" --live_out "{ %ymm1 }" 
Thread 4 start: vpalignr_xmm_xmm_xmm_imm8_4
/home/sdasgup3/TYLER/strata/stoke/./bin/stoke_check_circuit --target imm_instructions/vpalignr_xmm_xmm_xmm_imm8/instructions/vpalignr_xmm_xmm_xmm_imm8_4/vpalignr_xmm_xmm_xmm_imm8_4.s --functions /home/sdasgup3/Github/strata-data/data-regs/functions --testcases /home/sdasgup3/Github/strata-data/data-regs/testcases.tc --def_in "{ %xmm2 %xmm3 }" --live_out "{ %ymm1 }" 
Thread 1 start: vpalignr_xmm_xmm_xmm_imm8_1
/home/sdasgup3/TYLER/strata/stoke/./bin/stoke_check_circuit --target imm_instructions/vpalignr_xmm_xmm_xmm_imm8/instructions/vpalignr_xmm_xmm_xmm_imm8_1/vpalignr_xmm_xmm_xmm_imm8_1.s --functions /home/sdasgup3/Github/strata-data/data-regs/functions --testcases /home/sdasgup3/Github/strata-data/data-regs/testcases.tc --def_in "{ %xmm2 %xmm3 }" --live_out "{ %ymm1 }" 
Thread 3 start: vpalignr_xmm_xmm_xmm_imm8_3
/home/sdasgup3/TYLER/strata/stoke/./bin/stoke_check_circuit --target imm_instructions/vpalignr_xmm_xmm_xmm_imm8/instructions/vpalignr_xmm_xmm_xmm_imm8_3/vpalignr_xmm_xmm_xmm_imm8_3.s --functions /home/sdasgup3/Github/strata-data/data-regs/functions --testcases /home/sdasgup3/Github/strata-data/data-regs/testcases.tc --def_in "{ %xmm2 %xmm3 }" --live_out "{ %ymm1 }" 
Thread 8 start: vpalignr_xmm_xmm_xmm_imm8_8
/home/sdasgup3/TYLER/strata/stoke/./bin/stoke_check_circuit --target imm_instructions/vpalignr_xmm_xmm_xmm_imm8/instructions/vpalignr_xmm_xmm_xmm_imm8_8/vpalignr_xmm_xmm_xmm_imm8_8.s --functions /home/sdasgup3/Github/strata-data/data-regs/functions --testcases /home/sdasgup3/Github/strata-data/data-regs/testcases.tc --def_in "{ %xmm2 %xmm3 }" --live_out "{ %ymm1 }" 
Thread 7 start: vpalignr_xmm_xmm_xmm_imm8_7
/home/sdasgup3/TYLER/strata/stoke/./bin/stoke_check_circuit --target imm_instructions/vpalignr_xmm_xmm_xmm_imm8/instructions/vpalignr_xmm_xmm_xmm_imm8_7/vpalignr_xmm_xmm_xmm_imm8_7.s --functions /home/sdasgup3/Github/strata-data/data-regs/functions --testcases /home/sdasgup3/Github/strata-data/data-regs/testcases.tc --def_in "{ %xmm2 %xmm3 }" --live_out "{ %ymm1 }" 
Thread 6 start: vpalignr_xmm_xmm_xmm_imm8_6
/home/sdasgup3/TYLER/strata/stoke/./bin/stoke_check_circuit --target imm_instructions/vpalignr_xmm_xmm_xmm_imm8/instructions/vpalignr_xmm_xmm_xmm_imm8_6/vpalignr_xmm_xmm_xmm_imm8_6.s --functions /home/sdasgup3/Github/strata-data/data-regs/functions --testcases /home/sdasgup3/Github/strata-data/data-regs/testcases.tc --def_in "{ %xmm2 %xmm3 }" --live_out "{ %ymm1 }" 
Thread 9 start: vpalignr_xmm_xmm_xmm_imm8_9
/home/sdasgup3/TYLER/strata/stoke/./bin/stoke_check_circuit --target imm_instructions/vpalignr_xmm_xmm_xmm_imm8/instructions/vpalignr_xmm_xmm_xmm_imm8_9/vpalignr_xmm_xmm_xmm_imm8_9.s --functions /home/sdasgup3/Github/strata-data/data-regs/functions --testcases /home/sdasgup3/Github/strata-data/data-regs/testcases.tc --def_in "{ %xmm2 %xmm3 }" --live_out "{ %ymm1 }" 
Thread 10 start: vpalignr_xmm_xmm_xmm_imm8_10
/home/sdasgup3/TYLER/strata/stoke/./bin/stoke_check_circuit --target imm_instructions/vpalignr_xmm_xmm_xmm_imm8/instructions/vpalignr_xmm_xmm_xmm_imm8_10/vpalignr_xmm_xmm_xmm_imm8_10.s --functions /home/sdasgup3/Github/strata-data/data-regs/functions --testcases /home/sdasgup3/Github/strata-data/data-regs/testcases.tc --def_in "{ %xmm2 %xmm3 }" --live_out "{ %ymm1 }" 
Thread 11 start: vpalignr_xmm_xmm_xmm_imm8_11
/home/sdasgup3/TYLER/strata/stoke/./bin/stoke_check_circuit --target imm_instructions/vpalignr_xmm_xmm_xmm_imm8/instructions/vpalignr_xmm_xmm_xmm_imm8_11/vpalignr_xmm_xmm_xmm_imm8_11.s --functions /home/sdasgup3/Github/strata-data/data-regs/functions --testcases /home/sdasgup3/Github/strata-data/data-regs/testcases.tc --def_in "{ %xmm2 %xmm3 }" --live_out "{ %ymm1 }" 
Thread 13 start: vpalignr_xmm_xmm_xmm_imm8_13
/home/sdasgup3/TYLER/strata/stoke/./bin/stoke_check_circuit --target imm_instructions/vpalignr_xmm_xmm_xmm_imm8/instructions/vpalignr_xmm_xmm_xmm_imm8_13/vpalignr_xmm_xmm_xmm_imm8_13.s --functions /home/sdasgup3/Github/strata-data/data-regs/functions --testcases /home/sdasgup3/Github/strata-data/data-regs/testcases.tc --def_in "{ %xmm2 %xmm3 }" --live_out "{ %ymm1 }" 
Thread 12 start: vpalignr_xmm_xmm_xmm_imm8_12
/home/sdasgup3/TYLER/strata/stoke/./bin/stoke_check_circuit --target imm_instructions/vpalignr_xmm_xmm_xmm_imm8/instructions/vpalignr_xmm_xmm_xmm_imm8_12/vpalignr_xmm_xmm_xmm_imm8_12.s --functions /home/sdasgup3/Github/strata-data/data-regs/functions --testcases /home/sdasgup3/Github/strata-data/data-regs/testcases.tc --def_in "{ %xmm2 %xmm3 }" --live_out "{ %ymm1 }" 
Thread 14 start: vpalignr_xmm_xmm_xmm_imm8_14
/home/sdasgup3/TYLER/strata/stoke/./bin/stoke_check_circuit --target imm_instructions/vpalignr_xmm_xmm_xmm_imm8/instructions/vpalignr_xmm_xmm_xmm_imm8_14/vpalignr_xmm_xmm_xmm_imm8_14.s --functions /home/sdasgup3/Github/strata-data/data-regs/functions --testcases /home/sdasgup3/Github/strata-data/data-regs/testcases.tc --def_in "{ %xmm2 %xmm3 }" --live_out "{ %ymm1 }" 
Thread 15 start: vpalignr_xmm_xmm_xmm_imm8_15
/home/sdasgup3/TYLER/strata/stoke/./bin/stoke_check_circuit --target imm_instructions/vpalignr_xmm_xmm_xmm_imm8/instructions/vpalignr_xmm_xmm_xmm_imm8_15/vpalignr_xmm_xmm_xmm_imm8_15.s --functions /home/sdasgup3/Github/strata-data/data-regs/functions --testcases /home/sdasgup3/Github/strata-data/data-regs/testcases.tc --def_in "{ %xmm2 %xmm3 }" --live_out "{ %ymm1 }" 
Thread 18 start: vpalignr_xmm_xmm_xmm_imm8_18
/home/sdasgup3/TYLER/strata/stoke/./bin/stoke_check_circuit --target imm_instructions/vpalignr_xmm_xmm_xmm_imm8/instructions/vpalignr_xmm_xmm_xmm_imm8_18/vpalignr_xmm_xmm_xmm_imm8_18.s --functions /home/sdasgup3/Github/strata-data/data-regs/functions --testcases /home/sdasgup3/Github/strata-data/data-regs/testcases.tc --def_in "{ %xmm2 %xmm3 }" --live_out "{ %ymm1 }" 
Thread 16 start: vpalignr_xmm_xmm_xmm_imm8_16
/home/sdasgup3/TYLER/strata/stoke/./bin/stoke_check_circuit --target imm_instructions/vpalignr_xmm_xmm_xmm_imm8/instructions/vpalignr_xmm_xmm_xmm_imm8_16/vpalignr_xmm_xmm_xmm_imm8_16.s --functions /home/sdasgup3/Github/strata-data/data-regs/functions --testcases /home/sdasgup3/Github/strata-data/data-regs/testcases.tc --def_in "{ %xmm2 %xmm3 }" --live_out "{ %ymm1 }" 
Thread 19 start: vpalignr_xmm_xmm_xmm_imm8_19
/home/sdasgup3/TYLER/strata/stoke/./bin/stoke_check_circuit --target imm_instructions/vpalignr_xmm_xmm_xmm_imm8/instructions/vpalignr_xmm_xmm_xmm_imm8_19/vpalignr_xmm_xmm_xmm_imm8_19.s --functions /home/sdasgup3/Github/strata-data/data-regs/functions --testcases /home/sdasgup3/Github/strata-data/data-regs/testcases.tc --def_in "{ %xmm2 %xmm3 }" --live_out "{ %ymm1 }" 
Thread 17 start: vpalignr_xmm_xmm_xmm_imm8_17
/home/sdasgup3/TYLER/strata/stoke/./bin/stoke_check_circuit --target imm_instructions/vpalignr_xmm_xmm_xmm_imm8/instructions/vpalignr_xmm_xmm_xmm_imm8_17/vpalignr_xmm_xmm_xmm_imm8_17.s --functions /home/sdasgup3/Github/strata-data/data-regs/functions --testcases /home/sdasgup3/Github/strata-data/data-regs/testcases.tc --def_in "{ %xmm2 %xmm3 }" --live_out "{ %ymm1 }" 
Thread 20 start: vpalignr_xmm_xmm_xmm_imm8_20
/home/sdasgup3/TYLER/strata/stoke/./bin/stoke_check_circuit --target imm_instructions/vpalignr_xmm_xmm_xmm_imm8/instructions/vpalignr_xmm_xmm_xmm_imm8_20/vpalignr_xmm_xmm_xmm_imm8_20.s --functions /home/sdasgup3/Github/strata-data/data-regs/functions --testcases /home/sdasgup3/Github/strata-data/data-regs/testcases.tc --def_in "{ %xmm2 %xmm3 }" --live_out "{ %ymm1 }" 
Thread 22 start: vpalignr_xmm_xmm_xmm_imm8_22
/home/sdasgup3/TYLER/strata/stoke/./bin/stoke_check_circuit --target imm_instructions/vpalignr_xmm_xmm_xmm_imm8/instructions/vpalignr_xmm_xmm_xmm_imm8_22/vpalignr_xmm_xmm_xmm_imm8_22.s --functions /home/sdasgup3/Github/strata-data/data-regs/functions --testcases /home/sdasgup3/Github/strata-data/data-regs/testcases.tc --def_in "{ %xmm2 %xmm3 }" --live_out "{ %ymm1 }" 
Thread 21 start: vpalignr_xmm_xmm_xmm_imm8_21
/home/sdasgup3/TYLER/strata/stoke/./bin/stoke_check_circuit --target imm_instructions/vpalignr_xmm_xmm_xmm_imm8/instructions/vpalignr_xmm_xmm_xmm_imm8_21/vpalignr_xmm_xmm_xmm_imm8_21.s --functions /home/sdasgup3/Github/strata-data/data-regs/functions --testcases /home/sdasgup3/Github/strata-data/data-regs/testcases.tc --def_in "{ %xmm2 %xmm3 }" --live_out "{ %ymm1 }" 
Thread 25 start: vpalignr_xmm_xmm_xmm_imm8_26
/home/sdasgup3/TYLER/strata/stoke/./bin/stoke_check_circuit --target imm_instructions/vpalignr_xmm_xmm_xmm_imm8/instructions/vpalignr_xmm_xmm_xmm_imm8_26/vpalignr_xmm_xmm_xmm_imm8_26.s --functions /home/sdasgup3/Github/strata-data/data-regs/functions --testcases /home/sdasgup3/Github/strata-data/data-regs/testcases.tc --def_in "{ %xmm2 %xmm3 }" --live_out "{ %ymm1 }" 
Thread 26 start: vpalignr_xmm_xmm_xmm_imm8_27
/home/sdasgup3/TYLER/strata/stoke/./bin/stoke_check_circuit --target imm_instructions/vpalignr_xmm_xmm_xmm_imm8/instructions/vpalignr_xmm_xmm_xmm_imm8_27/vpalignr_xmm_xmm_xmm_imm8_27.s --functions /home/sdasgup3/Github/strata-data/data-regs/functions --testcases /home/sdasgup3/Github/strata-data/data-regs/testcases.tc --def_in "{ %xmm2 %xmm3 }" --live_out "{ %ymm1 }" 
Thread 27 start: vpalignr_xmm_xmm_xmm_imm8_29
/home/sdasgup3/TYLER/strata/stoke/./bin/stoke_check_circuit --target imm_instructions/vpalignr_xmm_xmm_xmm_imm8/instructions/vpalignr_xmm_xmm_xmm_imm8_29/vpalignr_xmm_xmm_xmm_imm8_29.s --functions /home/sdasgup3/Github/strata-data/data-regs/functions --testcases /home/sdasgup3/Github/strata-data/data-regs/testcases.tc --def_in "{ %xmm2 %xmm3 }" --live_out "{ %ymm1 }" 
Thread 23 start: vpalignr_xmm_xmm_xmm_imm8_23
/home/sdasgup3/TYLER/strata/stoke/./bin/stoke_check_circuit --target imm_instructions/vpalignr_xmm_xmm_xmm_imm8/instructions/vpalignr_xmm_xmm_xmm_imm8_23/vpalignr_xmm_xmm_xmm_imm8_23.s --functions /home/sdasgup3/Github/strata-data/data-regs/functions --testcases /home/sdasgup3/Github/strata-data/data-regs/testcases.tc --def_in "{ %xmm2 %xmm3 }" --live_out "{ %ymm1 }" 
Thread 24 start: vpalignr_xmm_xmm_xmm_imm8_25
/home/sdasgup3/TYLER/strata/stoke/./bin/stoke_check_circuit --target imm_instructions/vpalignr_xmm_xmm_xmm_imm8/instructions/vpalignr_xmm_xmm_xmm_imm8_25/vpalignr_xmm_xmm_xmm_imm8_25.s --functions /home/sdasgup3/Github/strata-data/data-regs/functions --testcases /home/sdasgup3/Github/strata-data/data-regs/testcases.tc --def_in "{ %xmm2 %xmm3 }" --live_out "{ %ymm1 }" 
Thread 28 start: vpalignr_xmm_xmm_xmm_imm8_30
/home/sdasgup3/TYLER/strata/stoke/./bin/stoke_check_circuit --target imm_instructions/vpalignr_xmm_xmm_xmm_imm8/instructions/vpalignr_xmm_xmm_xmm_imm8_30/vpalignr_xmm_xmm_xmm_imm8_30.s --functions /home/sdasgup3/Github/strata-data/data-regs/functions --testcases /home/sdasgup3/Github/strata-data/data-regs/testcases.tc --def_in "{ %xmm2 %xmm3 }" --live_out "{ %ymm1 }" 
Thread 29 start: vpalignr_xmm_xmm_xmm_imm8_31
/home/sdasgup3/TYLER/strata/stoke/./bin/stoke_check_circuit --target imm_instructions/vpalignr_xmm_xmm_xmm_imm8/instructions/vpalignr_xmm_xmm_xmm_imm8_31/vpalignr_xmm_xmm_xmm_imm8_31.s --functions /home/sdasgup3/Github/strata-data/data-regs/functions --testcases /home/sdasgup3/Github/strata-data/data-regs/testcases.tc --def_in "{ %xmm2 %xmm3 }" --live_out "{ %ymm1 }" 
Thread 30 start: vpalignr_xmm_xmm_xmm_imm8_162
/home/sdasgup3/TYLER/strata/stoke/./bin/stoke_check_circuit --target imm_instructions/vpalignr_xmm_xmm_xmm_imm8/instructions/vpalignr_xmm_xmm_xmm_imm8_162/vpalignr_xmm_xmm_xmm_imm8_162.s --functions /home/sdasgup3/Github/strata-data/data-regs/functions --testcases /home/sdasgup3/Github/strata-data/data-regs/testcases.tc --def_in "{ %xmm2 %xmm3 }" --live_out "{ %ymm1 }" 
Thread 31 start: vpalignr_xmm_xmm_xmm_imm8_232
/home/sdasgup3/TYLER/strata/stoke/./bin/stoke_check_circuit --target imm_instructions/vpalignr_xmm_xmm_xmm_imm8/instructions/vpalignr_xmm_xmm_xmm_imm8_232/vpalignr_xmm_xmm_xmm_imm8_232.s --functions /home/sdasgup3/Github/strata-data/data-regs/functions --testcases /home/sdasgup3/Github/strata-data/data-regs/testcases.tc --def_in "{ %xmm2 %xmm3 }" --live_out "{ %ymm1 }" 
Reading the Testsuit
Preparing Sandbox
Run 6630 tests
Collect Results
Build Handler
Check Equivalence
Completed 1000cases
Reading the Testsuit
Preparing Sandbox
Run 6630 tests
Collect Results
Build Handler
Check Equivalence
Completed 1000cases
Reading the Testsuit
Preparing Sandbox
Run 6630 tests
Collect Results
Build Handler
Check Equivalence
Completed 1000cases
Reading the Testsuit
Preparing Sandbox
Run 6630 tests
Collect Results
Build Handler
Check Equivalence
Completed 1000cases
Reading the Testsuit
Preparing Sandbox
Run 6630 tests
Collect Results
Build Handler
Check Equivalence
Completed 1000cases
Reading the Testsuit
Preparing Sandbox
Run 6630 tests
Collect Results
Build Handler
Check Equivalence
Completed 1000cases
Reading the Testsuit
Preparing Sandbox
Run 6630 tests
Collect Results
Build Handler
Check Equivalence
Completed 1000cases
Reading the Testsuit
Preparing Sandbox
Run 6630 tests
Collect Results
Build Handler
Check Equivalence
Completed 1000cases
Reading the Testsuit
Preparing Sandbox
Run 6630 tests
Collect Results
Build Handler
Check Equivalence
Completed 1000cases
Reading the Testsuit
Preparing Sandbox
Run 6630 tests
Collect Results
Build Handler
Check Equivalence
Completed 1000cases
Reading the Testsuit
Preparing Sandbox
Run 6630 tests
Collect Results
Build Handler
Check Equivalence
Completed 1000cases
Reading the Testsuit
Preparing Sandbox
Run 6630 tests
Collect Results
Build Handler
Check Equivalence
Completed 1000cases
Reading the Testsuit
Preparing Sandbox
Run 6630 tests
Collect Results
Build Handler
Check Equivalence
Completed 1000cases
Reading the Testsuit
Preparing Sandbox
Run 6630 tests
Collect Results
Build Handler
Check Equivalence
Completed 1000cases
Reading the Testsuit
Preparing Sandbox
Run 6630 tests
Collect Results
Build Handler
Check Equivalence
Completed 1000cases
Reading the Testsuit
Preparing Sandbox
Run 6630 tests
Collect Results
Build Handler
Check Equivalence
Completed 1000cases
Reading the Testsuit
Preparing Sandbox
Run 6630 tests
Collect Results
Build Handler
Check Equivalence
Completed 1000cases
Reading the Testsuit
Preparing Sandbox
Run 6630 tests
Collect Results
Build Handler
Check Equivalence
Completed 1000cases
Reading the Testsuit
Preparing Sandbox
Run 6630 tests
Collect Results
Build Handler
Check Equivalence
Completed 1000cases
Reading the Testsuit
Preparing Sandbox
Run 6630 tests
Collect Results
Build Handler
Check Equivalence
Completed 1000cases
Reading the Testsuit
Preparing Sandbox
Run 6630 tests
Collect Results
Build Handler
Check Equivalence
Completed 1000cases
Reading the Testsuit
Preparing Sandbox
Run 6630 tests
Collect Results
Build Handler
Check Equivalence
Completed 1000cases
Reading the Testsuit
Preparing Sandbox
Run 6630 tests
Collect Results
Build Handler
Check Equivalence
Completed 1000cases
Reading the Testsuit
Preparing Sandbox
Run 6630 tests
Collect Results
Build Handler
Check Equivalence
Completed 1000cases
Reading the Testsuit
Preparing Sandbox
Run 6630 tests
Collect Results
Build Handler
Check Equivalence
Completed 1000cases
Reading the Testsuit
Preparing Sandbox
Run 6630 tests
Collect Results
Build Handler
Check Equivalence
Completed 1000cases
Reading the Testsuit
Preparing Sandbox
Run 6630 tests
Collect Results
Build Handler
Check Equivalence
Completed 1000cases
Reading the Testsuit
Preparing Sandbox
Run 6630 tests
Collect Results
Build Handler
Check Equivalence
Completed 1000cases
Reading the Testsuit
Preparing Sandbox
Run 6630 tests
Collect Results
Build Handler
Check Equivalence
Completed 1000cases
Reading the Testsuit
Preparing Sandbox
Run 6630 tests
Collect Results
Build Handler
Check Equivalence
Completed 1000cases
Reading the Testsuit
Preparing Sandbox
Run 6630 tests
Collect Results
Build Handler
Check Equivalence
Completed 1000cases
Completed 2000cases
Completed 2000cases
Completed 2000cases
Completed 2000cases
Completed 2000cases
Completed 2000cases
Completed 2000cases
Completed 2000cases
Completed 2000cases
Completed 2000cases
Completed 2000cases
Completed 2000cases
Completed 2000cases
Completed 2000cases
Completed 2000cases
Completed 2000cases
Completed 2000cases
Completed 2000cases
Completed 2000cases
Completed 2000cases
Completed 2000cases
Completed 2000cases
Completed 2000cases
Completed 2000cases
Completed 2000cases
Completed 2000cases
Completed 2000cases
Completed 2000cases
Completed 2000cases
Completed 2000cases
Completed 2000cases
Completed 3000cases
Completed 3000cases
Completed 3000cases
Completed 3000cases
Completed 3000cases
Completed 3000cases
Completed 3000cases
Completed 3000cases
Completed 3000cases
Completed 3000cases
Completed 3000cases
Completed 3000cases
Completed 3000cases
Completed 3000cases
Completed 3000cases
Completed 3000cases
Completed 3000cases
Completed 3000cases
Completed 3000cases
Completed 3000cases
Completed 3000cases
Completed 3000cases
Completed 3000cases
Completed 3000cases
Completed 3000cases
Completed 3000cases
Completed 3000cases
Completed 3000cases
Completed 3000cases
Completed 3000cases
Completed 3000cases
Completed 4000cases
Completed 4000cases
Completed 4000cases
Completed 4000cases
Completed 4000cases
Completed 4000cases
Completed 4000cases
Completed 4000cases
Completed 4000cases
Completed 4000cases
Completed 4000cases
Completed 4000cases
Completed 4000cases
Completed 4000cases
Completed 4000cases
Completed 4000cases
Completed 4000cases
Completed 4000cases
Completed 4000cases
Completed 4000cases
Completed 4000cases
Completed 4000cases
Completed 4000cases
Completed 4000cases
Completed 4000cases
Completed 4000cases
Completed 4000cases
Completed 4000cases
Completed 4000cases
Completed 5000cases
Completed 4000cases
Completed 4000cases
Completed 5000cases
Completed 5000cases
Completed 5000cases
Completed 5000cases
Completed 5000cases
Completed 5000cases
Completed 5000cases
Completed 5000cases
Completed 5000cases
Completed 5000cases
Completed 5000cases
Completed 5000cases
Completed 5000cases
Completed 5000cases
Completed 5000cases
Completed 5000cases
Completed 5000cases
Completed 5000cases
Completed 5000cases
Completed 5000cases
Completed 5000cases
Completed 5000cases
Completed 5000cases
Completed 5000cases
Completed 5000cases
Completed 5000cases
Completed 5000cases
Completed 5000cases
Completed 5000cases
Completed 5000cases
Completed 6000cases
Completed 6000cases
Completed 6000cases
Completed 6000cases
Completed 6000cases
Completed 6000cases
Completed 6000cases
Completed 6000cases
Completed 6000cases
Completed 6000cases
Completed 6000cases
Completed 6000cases
Completed 6000cases
Completed 6000cases
Completed 6000cases
Completed 6000cases
Thread 20 done!: vpalignr_xmm_xmm_xmm_imm8_20
Completed 6000cases
Completed 6000cases
Completed 6000cases
Thread 17 done!: vpalignr_xmm_xmm_xmm_imm8_17
Completed 6000cases
Completed 6000cases
Completed 6000cases
Completed 6000cases
Thread 10 done!: vpalignr_xmm_xmm_xmm_imm8_10
Completed 6000cases
Completed 6000cases
Completed 6000cases
Thread 4 done!: vpalignr_xmm_xmm_xmm_imm8_4
Completed 6000cases
Completed 6000cases
Completed 6000cases
Completed 6000cases
Completed 6000cases
Thread 7 done!: vpalignr_xmm_xmm_xmm_imm8_7
Thread 23 done!: vpalignr_xmm_xmm_xmm_imm8_23
Thread 1 done!: vpalignr_xmm_xmm_xmm_imm8_1
Thread 22 done!: vpalignr_xmm_xmm_xmm_imm8_22
Thread 29 done!: vpalignr_xmm_xmm_xmm_imm8_31
Thread 21 done!: vpalignr_xmm_xmm_xmm_imm8_21
Thread 13 done!: vpalignr_xmm_xmm_xmm_imm8_13
Thread 8 done!: vpalignr_xmm_xmm_xmm_imm8_8
Thread 19 done!: vpalignr_xmm_xmm_xmm_imm8_19
Thread 3 done!: vpalignr_xmm_xmm_xmm_imm8_3
Thread 11 done!: vpalignr_xmm_xmm_xmm_imm8_11
Thread 2 done!: vpalignr_xmm_xmm_xmm_imm8_2
Thread 9 done!: vpalignr_xmm_xmm_xmm_imm8_9
Thread 24 done!: vpalignr_xmm_xmm_xmm_imm8_25
Thread 14 done!: vpalignr_xmm_xmm_xmm_imm8_14
Thread 31 done!: vpalignr_xmm_xmm_xmm_imm8_232
Thread 27 done!: vpalignr_xmm_xmm_xmm_imm8_29
Thread 6 done!: vpalignr_xmm_xmm_xmm_imm8_6
Thread 30 done!: vpalignr_xmm_xmm_xmm_imm8_162
Thread 5 done!: vpalignr_xmm_xmm_xmm_imm8_5
Thread 26 done!: vpalignr_xmm_xmm_xmm_imm8_27
Thread 12 done!: vpalignr_xmm_xmm_xmm_imm8_12
Thread 18 done!: vpalignr_xmm_xmm_xmm_imm8_18
Thread 25 done!: vpalignr_xmm_xmm_xmm_imm8_26
Thread 15 done!: vpalignr_xmm_xmm_xmm_imm8_15
Thread 28 done!: vpalignr_xmm_xmm_xmm_imm8_30
Thread 16 done!: vpalignr_xmm_xmm_xmm_imm8_16
