[4m[1m[34mFiring Last 25[0m
Thread 1 start: vperm2i128_ymm_ymm_ymm_imm8_2
/home/sdasgup3/TYLER/strata/stoke/./bin/stoke_check_circuit --target imm_instructions/vperm2i128_ymm_ymm_ymm_imm8/instructions/vperm2i128_ymm_ymm_ymm_imm8_2/vperm2i128_ymm_ymm_ymm_imm8_2.s --functions /home/sdasgup3/Github/strata-data/data-regs/functions --testcases /home/sdasgup3/Github/strata-data/data-regs/testcases.tc --def_in "{ %ymm2 %ymm3 }" --live_out "{ %ymm1 }" 
Thread 2 start: vperm2i128_ymm_ymm_ymm_imm8_7
/home/sdasgup3/TYLER/strata/stoke/./bin/stoke_check_circuit --target imm_instructions/vperm2i128_ymm_ymm_ymm_imm8/instructions/vperm2i128_ymm_ymm_ymm_imm8_7/vperm2i128_ymm_ymm_ymm_imm8_7.s --functions /home/sdasgup3/Github/strata-data/data-regs/functions --testcases /home/sdasgup3/Github/strata-data/data-regs/testcases.tc --def_in "{ %ymm2 %ymm3 }" --live_out "{ %ymm1 }" 
Thread 3 start: vperm2i128_ymm_ymm_ymm_imm8_8
/home/sdasgup3/TYLER/strata/stoke/./bin/stoke_check_circuit --target imm_instructions/vperm2i128_ymm_ymm_ymm_imm8/instructions/vperm2i128_ymm_ymm_ymm_imm8_8/vperm2i128_ymm_ymm_ymm_imm8_8.s --functions /home/sdasgup3/Github/strata-data/data-regs/functions --testcases /home/sdasgup3/Github/strata-data/data-regs/testcases.tc --def_in "{ %ymm2 %ymm3 }" --live_out "{ %ymm1 }" 
Thread 4 start: vperm2i128_ymm_ymm_ymm_imm8_9
/home/sdasgup3/TYLER/strata/stoke/./bin/stoke_check_circuit --target imm_instructions/vperm2i128_ymm_ymm_ymm_imm8/instructions/vperm2i128_ymm_ymm_ymm_imm8_9/vperm2i128_ymm_ymm_ymm_imm8_9.s --functions /home/sdasgup3/Github/strata-data/data-regs/functions --testcases /home/sdasgup3/Github/strata-data/data-regs/testcases.tc --def_in "{ %ymm2 %ymm3 }" --live_out "{ %ymm1 }" 
Thread 5 start: vperm2i128_ymm_ymm_ymm_imm8_10
/home/sdasgup3/TYLER/strata/stoke/./bin/stoke_check_circuit --target imm_instructions/vperm2i128_ymm_ymm_ymm_imm8/instructions/vperm2i128_ymm_ymm_ymm_imm8_10/vperm2i128_ymm_ymm_ymm_imm8_10.s --functions /home/sdasgup3/Github/strata-data/data-regs/functions --testcases /home/sdasgup3/Github/strata-data/data-regs/testcases.tc --def_in "{ %ymm2 %ymm3 }" --live_out "{ %ymm1 }" 
Thread 6 start: vperm2i128_ymm_ymm_ymm_imm8_11
/home/sdasgup3/TYLER/strata/stoke/./bin/stoke_check_circuit --target imm_instructions/vperm2i128_ymm_ymm_ymm_imm8/instructions/vperm2i128_ymm_ymm_ymm_imm8_11/vperm2i128_ymm_ymm_ymm_imm8_11.s --functions /home/sdasgup3/Github/strata-data/data-regs/functions --testcases /home/sdasgup3/Github/strata-data/data-regs/testcases.tc --def_in "{ %ymm2 %ymm3 }" --live_out "{ %ymm1 }" 
Thread 7 start: vperm2i128_ymm_ymm_ymm_imm8_12
/home/sdasgup3/TYLER/strata/stoke/./bin/stoke_check_circuit --target imm_instructions/vperm2i128_ymm_ymm_ymm_imm8/instructions/vperm2i128_ymm_ymm_ymm_imm8_12/vperm2i128_ymm_ymm_ymm_imm8_12.s --functions /home/sdasgup3/Github/strata-data/data-regs/functions --testcases /home/sdasgup3/Github/strata-data/data-regs/testcases.tc --def_in "{ %ymm2 %ymm3 }" --live_out "{ %ymm1 }" 
Thread 8 start: vperm2i128_ymm_ymm_ymm_imm8_13
/home/sdasgup3/TYLER/strata/stoke/./bin/stoke_check_circuit --target imm_instructions/vperm2i128_ymm_ymm_ymm_imm8/instructions/vperm2i128_ymm_ymm_ymm_imm8_13/vperm2i128_ymm_ymm_ymm_imm8_13.s --functions /home/sdasgup3/Github/strata-data/data-regs/functions --testcases /home/sdasgup3/Github/strata-data/data-regs/testcases.tc --def_in "{ %ymm2 %ymm3 }" --live_out "{ %ymm1 }" 
Thread 9 start: vperm2i128_ymm_ymm_ymm_imm8_14
/home/sdasgup3/TYLER/strata/stoke/./bin/stoke_check_circuit --target imm_instructions/vperm2i128_ymm_ymm_ymm_imm8/instructions/vperm2i128_ymm_ymm_ymm_imm8_14/vperm2i128_ymm_ymm_ymm_imm8_14.s --functions /home/sdasgup3/Github/strata-data/data-regs/functions --testcases /home/sdasgup3/Github/strata-data/data-regs/testcases.tc --def_in "{ %ymm2 %ymm3 }" --live_out "{ %ymm1 }" 
Thread 10 start: vperm2i128_ymm_ymm_ymm_imm8_15
/home/sdasgup3/TYLER/strata/stoke/./bin/stoke_check_circuit --target imm_instructions/vperm2i128_ymm_ymm_ymm_imm8/instructions/vperm2i128_ymm_ymm_ymm_imm8_15/vperm2i128_ymm_ymm_ymm_imm8_15.s --functions /home/sdasgup3/Github/strata-data/data-regs/functions --testcases /home/sdasgup3/Github/strata-data/data-regs/testcases.tc --def_in "{ %ymm2 %ymm3 }" --live_out "{ %ymm1 }" 
Thread 11 start: vperm2i128_ymm_ymm_ymm_imm8_24
/home/sdasgup3/TYLER/strata/stoke/./bin/stoke_check_circuit --target imm_instructions/vperm2i128_ymm_ymm_ymm_imm8/instructions/vperm2i128_ymm_ymm_ymm_imm8_24/vperm2i128_ymm_ymm_ymm_imm8_24.s --functions /home/sdasgup3/Github/strata-data/data-regs/functions --testcases /home/sdasgup3/Github/strata-data/data-regs/testcases.tc --def_in "{ %ymm2 %ymm3 }" --live_out "{ %ymm1 }" 
Thread 12 start: vperm2i128_ymm_ymm_ymm_imm8_43
/home/sdasgup3/TYLER/strata/stoke/./bin/stoke_check_circuit --target imm_instructions/vperm2i128_ymm_ymm_ymm_imm8/instructions/vperm2i128_ymm_ymm_ymm_imm8_43/vperm2i128_ymm_ymm_ymm_imm8_43.s --functions /home/sdasgup3/Github/strata-data/data-regs/functions --testcases /home/sdasgup3/Github/strata-data/data-regs/testcases.tc --def_in "{ %ymm2 %ymm3 }" --live_out "{ %ymm1 }" 
Thread 13 start: vperm2i128_ymm_ymm_ymm_imm8_44
/home/sdasgup3/TYLER/strata/stoke/./bin/stoke_check_circuit --target imm_instructions/vperm2i128_ymm_ymm_ymm_imm8/instructions/vperm2i128_ymm_ymm_ymm_imm8_44/vperm2i128_ymm_ymm_ymm_imm8_44.s --functions /home/sdasgup3/Github/strata-data/data-regs/functions --testcases /home/sdasgup3/Github/strata-data/data-regs/testcases.tc --def_in "{ %ymm2 %ymm3 }" --live_out "{ %ymm1 }" 
Thread 14 start: vperm2i128_ymm_ymm_ymm_imm8_72
/home/sdasgup3/TYLER/strata/stoke/./bin/stoke_check_circuit --target imm_instructions/vperm2i128_ymm_ymm_ymm_imm8/instructions/vperm2i128_ymm_ymm_ymm_imm8_72/vperm2i128_ymm_ymm_ymm_imm8_72.s --functions /home/sdasgup3/Github/strata-data/data-regs/functions --testcases /home/sdasgup3/Github/strata-data/data-regs/testcases.tc --def_in "{ %ymm2 %ymm3 }" --live_out "{ %ymm1 }" 
Thread 15 start: vperm2i128_ymm_ymm_ymm_imm8_73
/home/sdasgup3/TYLER/strata/stoke/./bin/stoke_check_circuit --target imm_instructions/vperm2i128_ymm_ymm_ymm_imm8/instructions/vperm2i128_ymm_ymm_ymm_imm8_73/vperm2i128_ymm_ymm_ymm_imm8_73.s --functions /home/sdasgup3/Github/strata-data/data-regs/functions --testcases /home/sdasgup3/Github/strata-data/data-regs/testcases.tc --def_in "{ %ymm2 %ymm3 }" --live_out "{ %ymm1 }" 
Thread 16 start: vperm2i128_ymm_ymm_ymm_imm8_75
/home/sdasgup3/TYLER/strata/stoke/./bin/stoke_check_circuit --target imm_instructions/vperm2i128_ymm_ymm_ymm_imm8/instructions/vperm2i128_ymm_ymm_ymm_imm8_75/vperm2i128_ymm_ymm_ymm_imm8_75.s --functions /home/sdasgup3/Github/strata-data/data-regs/functions --testcases /home/sdasgup3/Github/strata-data/data-regs/testcases.tc --def_in "{ %ymm2 %ymm3 }" --live_out "{ %ymm1 }" 
Thread 17 start: vperm2i128_ymm_ymm_ymm_imm8_76
/home/sdasgup3/TYLER/strata/stoke/./bin/stoke_check_circuit --target imm_instructions/vperm2i128_ymm_ymm_ymm_imm8/instructions/vperm2i128_ymm_ymm_ymm_imm8_76/vperm2i128_ymm_ymm_ymm_imm8_76.s --functions /home/sdasgup3/Github/strata-data/data-regs/functions --testcases /home/sdasgup3/Github/strata-data/data-regs/testcases.tc --def_in "{ %ymm2 %ymm3 }" --live_out "{ %ymm1 }" 
Thread 18 start: vperm2i128_ymm_ymm_ymm_imm8_77
/home/sdasgup3/TYLER/strata/stoke/./bin/stoke_check_circuit --target imm_instructions/vperm2i128_ymm_ymm_ymm_imm8/instructions/vperm2i128_ymm_ymm_ymm_imm8_77/vperm2i128_ymm_ymm_ymm_imm8_77.s --functions /home/sdasgup3/Github/strata-data/data-regs/functions --testcases /home/sdasgup3/Github/strata-data/data-regs/testcases.tc --def_in "{ %ymm2 %ymm3 }" --live_out "{ %ymm1 }" 
Thread 19 start: vperm2i128_ymm_ymm_ymm_imm8_78
/home/sdasgup3/TYLER/strata/stoke/./bin/stoke_check_circuit --target imm_instructions/vperm2i128_ymm_ymm_ymm_imm8/instructions/vperm2i128_ymm_ymm_ymm_imm8_78/vperm2i128_ymm_ymm_ymm_imm8_78.s --functions /home/sdasgup3/Github/strata-data/data-regs/functions --testcases /home/sdasgup3/Github/strata-data/data-regs/testcases.tc --def_in "{ %ymm2 %ymm3 }" --live_out "{ %ymm1 }" 
Thread 20 start: vperm2i128_ymm_ymm_ymm_imm8_100
/home/sdasgup3/TYLER/strata/stoke/./bin/stoke_check_circuit --target imm_instructions/vperm2i128_ymm_ymm_ymm_imm8/instructions/vperm2i128_ymm_ymm_ymm_imm8_100/vperm2i128_ymm_ymm_ymm_imm8_100.s --functions /home/sdasgup3/Github/strata-data/data-regs/functions --testcases /home/sdasgup3/Github/strata-data/data-regs/testcases.tc --def_in "{ %ymm2 %ymm3 }" --live_out "{ %ymm1 }" 
Thread 21 start: vperm2i128_ymm_ymm_ymm_imm8_106
/home/sdasgup3/TYLER/strata/stoke/./bin/stoke_check_circuit --target imm_instructions/vperm2i128_ymm_ymm_ymm_imm8/instructions/vperm2i128_ymm_ymm_ymm_imm8_106/vperm2i128_ymm_ymm_ymm_imm8_106.s --functions /home/sdasgup3/Github/strata-data/data-regs/functions --testcases /home/sdasgup3/Github/strata-data/data-regs/testcases.tc --def_in "{ %ymm2 %ymm3 }" --live_out "{ %ymm1 }" 
Thread 22 start: vperm2i128_ymm_ymm_ymm_imm8_107
/home/sdasgup3/TYLER/strata/stoke/./bin/stoke_check_circuit --target imm_instructions/vperm2i128_ymm_ymm_ymm_imm8/instructions/vperm2i128_ymm_ymm_ymm_imm8_107/vperm2i128_ymm_ymm_ymm_imm8_107.s --functions /home/sdasgup3/Github/strata-data/data-regs/functions --testcases /home/sdasgup3/Github/strata-data/data-regs/testcases.tc --def_in "{ %ymm2 %ymm3 }" --live_out "{ %ymm1 }" 
Thread 23 start: vperm2i128_ymm_ymm_ymm_imm8_108
/home/sdasgup3/TYLER/strata/stoke/./bin/stoke_check_circuit --target imm_instructions/vperm2i128_ymm_ymm_ymm_imm8/instructions/vperm2i128_ymm_ymm_ymm_imm8_108/vperm2i128_ymm_ymm_ymm_imm8_108.s --functions /home/sdasgup3/Github/strata-data/data-regs/functions --testcases /home/sdasgup3/Github/strata-data/data-regs/testcases.tc --def_in "{ %ymm2 %ymm3 }" --live_out "{ %ymm1 }" 
Thread 24 start: vperm2i128_ymm_ymm_ymm_imm8_109
/home/sdasgup3/TYLER/strata/stoke/./bin/stoke_check_circuit --target imm_instructions/vperm2i128_ymm_ymm_ymm_imm8/instructions/vperm2i128_ymm_ymm_ymm_imm8_109/vperm2i128_ymm_ymm_ymm_imm8_109.s --functions /home/sdasgup3/Github/strata-data/data-regs/functions --testcases /home/sdasgup3/Github/strata-data/data-regs/testcases.tc --def_in "{ %ymm2 %ymm3 }" --live_out "{ %ymm1 }" 
Thread 25 start: vperm2i128_ymm_ymm_ymm_imm8_111
/home/sdasgup3/TYLER/strata/stoke/./bin/stoke_check_circuit --target imm_instructions/vperm2i128_ymm_ymm_ymm_imm8/instructions/vperm2i128_ymm_ymm_ymm_imm8_111/vperm2i128_ymm_ymm_ymm_imm8_111.s --functions /home/sdasgup3/Github/strata-data/data-regs/functions --testcases /home/sdasgup3/Github/strata-data/data-regs/testcases.tc --def_in "{ %ymm2 %ymm3 }" --live_out "{ %ymm1 }" 
Reading the Testsuit
Preparing Sandbox
Run 6630 tests
Collect Results
Build Handler
Check Equivalence
Completed 1000cases
Reading the Testsuit
Preparing Sandbox
Run 6630 tests
Collect Results
Build Handler
Check Equivalence
Completed 1000cases
Reading the Testsuit
Preparing Sandbox
Run 6630 tests
Collect Results
Build Handler
Check Equivalence
Completed 1000cases
Reading the Testsuit
Preparing Sandbox
Run 6630 tests
Collect Results
Build Handler
Check Equivalence
Completed 1000cases
Reading the Testsuit
Preparing Sandbox
Run 6630 tests
Collect Results
Build Handler
Check Equivalence
Completed 1000cases
Reading the Testsuit
Preparing Sandbox
Run 6630 tests
Collect Results
Build Handler
Check Equivalence
Completed 1000cases
Reading the Testsuit
Preparing Sandbox
Run 6630 tests
Collect Results
Build Handler
Check Equivalence
Completed 1000cases
Reading the Testsuit
Preparing Sandbox
Run 6630 tests
Collect Results
Build Handler
Check Equivalence
Completed 1000cases
Reading the Testsuit
Preparing Sandbox
Run 6630 tests
Collect Results
Build Handler
Check Equivalence
Completed 1000cases
Reading the Testsuit
Preparing Sandbox
Run 6630 tests
Collect Results
Build Handler
Check Equivalence
Completed 1000cases
Reading the Testsuit
Preparing Sandbox
Run 6630 tests
Collect Results
Build Handler
Check Equivalence
Completed 1000cases
Reading the Testsuit
Preparing Sandbox
Run 6630 tests
Collect Results
Build Handler
Check Equivalence
Completed 1000cases
Reading the Testsuit
Preparing Sandbox
Run 6630 tests
Collect Results
Build Handler
Check Equivalence
Completed 1000cases
Reading the Testsuit
Preparing Sandbox
Run 6630 tests
Collect Results
Build Handler
Check Equivalence
Completed 1000cases
Reading the Testsuit
Preparing Sandbox
Run 6630 tests
Collect Results
Build Handler
Check Equivalence
Completed 1000cases
Reading the Testsuit
Preparing Sandbox
Run 6630 tests
Collect Results
Build Handler
Check Equivalence
Completed 1000cases
Reading the Testsuit
Preparing Sandbox
Run 6630 tests
Collect Results
Build Handler
Check Equivalence
Completed 1000cases
Reading the Testsuit
Preparing Sandbox
Run 6630 tests
Collect Results
Build Handler
Check Equivalence
Completed 1000cases
Reading the Testsuit
Preparing Sandbox
Run 6630 tests
Collect Results
Build Handler
Check Equivalence
Completed 1000cases
Reading the Testsuit
Preparing Sandbox
Run 6630 tests
Collect Results
Build Handler
Check Equivalence
Completed 1000cases
Reading the Testsuit
Preparing Sandbox
Run 6630 tests
Collect Results
Build Handler
Check Equivalence
Completed 1000cases
Reading the Testsuit
Preparing Sandbox
Run 6630 tests
Collect Results
Build Handler
Check Equivalence
Completed 1000cases
Reading the Testsuit
Preparing Sandbox
Run 6630 tests
Collect Results
Build Handler
Check Equivalence
Completed 1000cases
Reading the Testsuit
Preparing Sandbox
Run 6630 tests
Collect Results
Build Handler
Check Equivalence
Completed 1000cases
Reading the Testsuit
Preparing Sandbox
Run 6630 tests
Collect Results
Build Handler
Check Equivalence
Completed 1000cases
Completed 2000cases
Completed 2000cases
Completed 2000cases
Completed 2000cases
Completed 2000cases
Completed 2000cases
Completed 2000cases
Completed 2000cases
Completed 2000cases
Completed 2000cases
Completed 2000cases
Completed 2000cases
Completed 2000cases
Completed 2000cases
Completed 2000cases
Completed 2000cases
Completed 2000cases
Completed 2000cases
Completed 2000cases
Completed 2000cases
Completed 2000cases
Completed 2000cases
Completed 2000cases
Completed 2000cases
Completed 2000cases
Completed 3000cases
Completed 3000cases
Completed 3000cases
Completed 3000cases
Completed 3000cases
Completed 3000cases
Completed 3000cases
Completed 3000cases
Completed 3000cases
Completed 3000cases
Completed 3000cases
Completed 3000cases
Completed 3000cases
Completed 3000cases
Completed 3000cases
Completed 3000cases
Completed 3000cases
Completed 3000cases
Completed 3000cases
Completed 3000cases
Completed 3000cases
Completed 4000cases
Completed 3000cases
Completed 3000cases
Completed 3000cases
Completed 3000cases
Completed 4000cases
Completed 4000cases
Completed 4000cases
Completed 4000cases
Completed 4000cases
Completed 4000cases
Completed 4000cases
Completed 4000cases
Completed 4000cases
Completed 4000cases
Completed 4000cases
Completed 4000cases
Completed 4000cases
Completed 4000cases
Completed 4000cases
Completed 4000cases
Completed 4000cases
Completed 4000cases
Completed 4000cases
Completed 5000cases
Completed 4000cases
Completed 4000cases
Completed 4000cases
Completed 4000cases
Completed 4000cases
Completed 5000cases
Completed 5000cases
Completed 5000cases
Completed 5000cases
Completed 5000cases
Completed 5000cases
Completed 5000cases
Completed 5000cases
Completed 5000cases
Completed 5000cases
Completed 5000cases
Completed 5000cases
Completed 5000cases
Completed 5000cases
Completed 5000cases
Completed 5000cases
Completed 5000cases
Completed 5000cases
Completed 6000cases
Completed 5000cases
Completed 5000cases
Completed 5000cases
Completed 5000cases
Completed 5000cases
Completed 6000cases
Completed 5000cases
Completed 6000cases
Completed 6000cases
Completed 6000cases
Completed 6000cases
Completed 6000cases
Completed 6000cases
Completed 6000cases
Completed 6000cases
Completed 6000cases
Completed 6000cases
Completed 6000cases
Completed 6000cases
Completed 6000cases
Thread 6 done!: vperm2i128_ymm_ymm_ymm_imm8_11
Completed 6000cases
Completed 6000cases
Completed 6000cases
Thread 3 done!: vperm2i128_ymm_ymm_ymm_imm8_8
Completed 6000cases
Completed 6000cases
Thread 11 done!: vperm2i128_ymm_ymm_ymm_imm8_24
Thread 12 done!: vperm2i128_ymm_ymm_ymm_imm8_43
Thread 19 done!: vperm2i128_ymm_ymm_ymm_imm8_78
Thread 8 done!: vperm2i128_ymm_ymm_ymm_imm8_13
Completed 6000cases
Thread 1 done!: vperm2i128_ymm_ymm_ymm_imm8_2
Completed 6000cases
Completed 6000cases
Thread 16 done!: vperm2i128_ymm_ymm_ymm_imm8_75
Completed 6000cases
Thread 4 done!: vperm2i128_ymm_ymm_ymm_imm8_9
Thread 13 done!: vperm2i128_ymm_ymm_ymm_imm8_44
Thread 17 done!: vperm2i128_ymm_ymm_ymm_imm8_76
Completed 6000cases
Thread 25 done!: vperm2i128_ymm_ymm_ymm_imm8_111
Thread 23 done!: vperm2i128_ymm_ymm_ymm_imm8_108
Thread 15 done!: vperm2i128_ymm_ymm_ymm_imm8_73
Thread 21 done!: vperm2i128_ymm_ymm_ymm_imm8_106
Thread 22 done!: vperm2i128_ymm_ymm_ymm_imm8_107
Thread 18 done!: vperm2i128_ymm_ymm_ymm_imm8_77
Thread 10 done!: vperm2i128_ymm_ymm_ymm_imm8_15
Thread 2 done!: vperm2i128_ymm_ymm_ymm_imm8_7
Thread 24 done!: vperm2i128_ymm_ymm_ymm_imm8_109
Thread 7 done!: vperm2i128_ymm_ymm_ymm_imm8_12
Thread 20 done!: vperm2i128_ymm_ymm_ymm_imm8_100
Thread 5 done!: vperm2i128_ymm_ymm_ymm_imm8_10
Thread 14 done!: vperm2i128_ymm_ymm_ymm_imm8_72
Thread 9 done!: vperm2i128_ymm_ymm_ymm_imm8_14
