[4m[1m[34mFiring 30.[0m
Thread 2 start: vpsrlq_xmm_xmm_imm8_3
/home/sdasgup3/TYLER/strata/stoke/./bin/stoke_check_circuit --target imm_instructions/vpsrlq_xmm_xmm_imm8/instructions/vpsrlq_xmm_xmm_imm8_3/vpsrlq_xmm_xmm_imm8_3.s --functions /home/sdasgup3/Github/strata-data/data-regs/functions --testcases /home/sdasgup3/Github/strata-data/data-regs/testcases.tc --def_in "{ %xmm2 }" --live_out "{ %ymm1 }" 
Thread 4 start: vpsrlq_xmm_xmm_imm8_5
/home/sdasgup3/TYLER/strata/stoke/./bin/stoke_check_circuit --target imm_instructions/vpsrlq_xmm_xmm_imm8/instructions/vpsrlq_xmm_xmm_imm8_5/vpsrlq_xmm_xmm_imm8_5.s --functions /home/sdasgup3/Github/strata-data/data-regs/functions --testcases /home/sdasgup3/Github/strata-data/data-regs/testcases.tc --def_in "{ %xmm2 }" --live_out "{ %ymm1 }" 
Thread 1 start: vpsrlq_xmm_xmm_imm8_2
/home/sdasgup3/TYLER/strata/stoke/./bin/stoke_check_circuit --target imm_instructions/vpsrlq_xmm_xmm_imm8/instructions/vpsrlq_xmm_xmm_imm8_2/vpsrlq_xmm_xmm_imm8_2.s --functions /home/sdasgup3/Github/strata-data/data-regs/functions --testcases /home/sdasgup3/Github/strata-data/data-regs/testcases.tc --def_in "{ %xmm2 }" --live_out "{ %ymm1 }" 
Thread 3 start: vpsrlq_xmm_xmm_imm8_4
/home/sdasgup3/TYLER/strata/stoke/./bin/stoke_check_circuit --target imm_instructions/vpsrlq_xmm_xmm_imm8/instructions/vpsrlq_xmm_xmm_imm8_4/vpsrlq_xmm_xmm_imm8_4.s --functions /home/sdasgup3/Github/strata-data/data-regs/functions --testcases /home/sdasgup3/Github/strata-data/data-regs/testcases.tc --def_in "{ %xmm2 }" --live_out "{ %ymm1 }" 
Thread 5 start: vpsrlq_xmm_xmm_imm8_6
/home/sdasgup3/TYLER/strata/stoke/./bin/stoke_check_circuit --target imm_instructions/vpsrlq_xmm_xmm_imm8/instructions/vpsrlq_xmm_xmm_imm8_6/vpsrlq_xmm_xmm_imm8_6.s --functions /home/sdasgup3/Github/strata-data/data-regs/functions --testcases /home/sdasgup3/Github/strata-data/data-regs/testcases.tc --def_in "{ %xmm2 }" --live_out "{ %ymm1 }" 
Thread 6 start: vpsrlq_xmm_xmm_imm8_7
/home/sdasgup3/TYLER/strata/stoke/./bin/stoke_check_circuit --target imm_instructions/vpsrlq_xmm_xmm_imm8/instructions/vpsrlq_xmm_xmm_imm8_7/vpsrlq_xmm_xmm_imm8_7.s --functions /home/sdasgup3/Github/strata-data/data-regs/functions --testcases /home/sdasgup3/Github/strata-data/data-regs/testcases.tc --def_in "{ %xmm2 }" --live_out "{ %ymm1 }" 
Thread 7 start: vpsrlq_xmm_xmm_imm8_8
/home/sdasgup3/TYLER/strata/stoke/./bin/stoke_check_circuit --target imm_instructions/vpsrlq_xmm_xmm_imm8/instructions/vpsrlq_xmm_xmm_imm8_8/vpsrlq_xmm_xmm_imm8_8.s --functions /home/sdasgup3/Github/strata-data/data-regs/functions --testcases /home/sdasgup3/Github/strata-data/data-regs/testcases.tc --def_in "{ %xmm2 }" --live_out "{ %ymm1 }" 
Thread 8 start: vpsrlq_xmm_xmm_imm8_9
/home/sdasgup3/TYLER/strata/stoke/./bin/stoke_check_circuit --target imm_instructions/vpsrlq_xmm_xmm_imm8/instructions/vpsrlq_xmm_xmm_imm8_9/vpsrlq_xmm_xmm_imm8_9.s --functions /home/sdasgup3/Github/strata-data/data-regs/functions --testcases /home/sdasgup3/Github/strata-data/data-regs/testcases.tc --def_in "{ %xmm2 }" --live_out "{ %ymm1 }" 
Thread 9 start: vpsrlq_xmm_xmm_imm8_10
/home/sdasgup3/TYLER/strata/stoke/./bin/stoke_check_circuit --target imm_instructions/vpsrlq_xmm_xmm_imm8/instructions/vpsrlq_xmm_xmm_imm8_10/vpsrlq_xmm_xmm_imm8_10.s --functions /home/sdasgup3/Github/strata-data/data-regs/functions --testcases /home/sdasgup3/Github/strata-data/data-regs/testcases.tc --def_in "{ %xmm2 }" --live_out "{ %ymm1 }" 
Thread 10 start: vpsrlq_xmm_xmm_imm8_11
/home/sdasgup3/TYLER/strata/stoke/./bin/stoke_check_circuit --target imm_instructions/vpsrlq_xmm_xmm_imm8/instructions/vpsrlq_xmm_xmm_imm8_11/vpsrlq_xmm_xmm_imm8_11.s --functions /home/sdasgup3/Github/strata-data/data-regs/functions --testcases /home/sdasgup3/Github/strata-data/data-regs/testcases.tc --def_in "{ %xmm2 }" --live_out "{ %ymm1 }" 
Thread 11 start: vpsrlq_xmm_xmm_imm8_12
/home/sdasgup3/TYLER/strata/stoke/./bin/stoke_check_circuit --target imm_instructions/vpsrlq_xmm_xmm_imm8/instructions/vpsrlq_xmm_xmm_imm8_12/vpsrlq_xmm_xmm_imm8_12.s --functions /home/sdasgup3/Github/strata-data/data-regs/functions --testcases /home/sdasgup3/Github/strata-data/data-regs/testcases.tc --def_in "{ %xmm2 }" --live_out "{ %ymm1 }" 
Thread 12 start: vpsrlq_xmm_xmm_imm8_13
/home/sdasgup3/TYLER/strata/stoke/./bin/stoke_check_circuit --target imm_instructions/vpsrlq_xmm_xmm_imm8/instructions/vpsrlq_xmm_xmm_imm8_13/vpsrlq_xmm_xmm_imm8_13.s --functions /home/sdasgup3/Github/strata-data/data-regs/functions --testcases /home/sdasgup3/Github/strata-data/data-regs/testcases.tc --def_in "{ %xmm2 }" --live_out "{ %ymm1 }" 
Thread 13 start: vpsrlq_xmm_xmm_imm8_14
/home/sdasgup3/TYLER/strata/stoke/./bin/stoke_check_circuit --target imm_instructions/vpsrlq_xmm_xmm_imm8/instructions/vpsrlq_xmm_xmm_imm8_14/vpsrlq_xmm_xmm_imm8_14.s --functions /home/sdasgup3/Github/strata-data/data-regs/functions --testcases /home/sdasgup3/Github/strata-data/data-regs/testcases.tc --def_in "{ %xmm2 }" --live_out "{ %ymm1 }" 
Thread 14 start: vpsrlq_xmm_xmm_imm8_15
/home/sdasgup3/TYLER/strata/stoke/./bin/stoke_check_circuit --target imm_instructions/vpsrlq_xmm_xmm_imm8/instructions/vpsrlq_xmm_xmm_imm8_15/vpsrlq_xmm_xmm_imm8_15.s --functions /home/sdasgup3/Github/strata-data/data-regs/functions --testcases /home/sdasgup3/Github/strata-data/data-regs/testcases.tc --def_in "{ %xmm2 }" --live_out "{ %ymm1 }" 
Thread 15 start: vpsrlq_xmm_xmm_imm8_16
/home/sdasgup3/TYLER/strata/stoke/./bin/stoke_check_circuit --target imm_instructions/vpsrlq_xmm_xmm_imm8/instructions/vpsrlq_xmm_xmm_imm8_16/vpsrlq_xmm_xmm_imm8_16.s --functions /home/sdasgup3/Github/strata-data/data-regs/functions --testcases /home/sdasgup3/Github/strata-data/data-regs/testcases.tc --def_in "{ %xmm2 }" --live_out "{ %ymm1 }" 
Thread 16 start: vpsrlq_xmm_xmm_imm8_17
/home/sdasgup3/TYLER/strata/stoke/./bin/stoke_check_circuit --target imm_instructions/vpsrlq_xmm_xmm_imm8/instructions/vpsrlq_xmm_xmm_imm8_17/vpsrlq_xmm_xmm_imm8_17.s --functions /home/sdasgup3/Github/strata-data/data-regs/functions --testcases /home/sdasgup3/Github/strata-data/data-regs/testcases.tc --def_in "{ %xmm2 }" --live_out "{ %ymm1 }" 
Thread 17 start: vpsrlq_xmm_xmm_imm8_18
/home/sdasgup3/TYLER/strata/stoke/./bin/stoke_check_circuit --target imm_instructions/vpsrlq_xmm_xmm_imm8/instructions/vpsrlq_xmm_xmm_imm8_18/vpsrlq_xmm_xmm_imm8_18.s --functions /home/sdasgup3/Github/strata-data/data-regs/functions --testcases /home/sdasgup3/Github/strata-data/data-regs/testcases.tc --def_in "{ %xmm2 }" --live_out "{ %ymm1 }" 
Thread 18 start: vpsrlq_xmm_xmm_imm8_19
/home/sdasgup3/TYLER/strata/stoke/./bin/stoke_check_circuit --target imm_instructions/vpsrlq_xmm_xmm_imm8/instructions/vpsrlq_xmm_xmm_imm8_19/vpsrlq_xmm_xmm_imm8_19.s --functions /home/sdasgup3/Github/strata-data/data-regs/functions --testcases /home/sdasgup3/Github/strata-data/data-regs/testcases.tc --def_in "{ %xmm2 }" --live_out "{ %ymm1 }" 
Thread 19 start: vpsrlq_xmm_xmm_imm8_20
/home/sdasgup3/TYLER/strata/stoke/./bin/stoke_check_circuit --target imm_instructions/vpsrlq_xmm_xmm_imm8/instructions/vpsrlq_xmm_xmm_imm8_20/vpsrlq_xmm_xmm_imm8_20.s --functions /home/sdasgup3/Github/strata-data/data-regs/functions --testcases /home/sdasgup3/Github/strata-data/data-regs/testcases.tc --def_in "{ %xmm2 }" --live_out "{ %ymm1 }" 
Thread 20 start: vpsrlq_xmm_xmm_imm8_21
/home/sdasgup3/TYLER/strata/stoke/./bin/stoke_check_circuit --target imm_instructions/vpsrlq_xmm_xmm_imm8/instructions/vpsrlq_xmm_xmm_imm8_21/vpsrlq_xmm_xmm_imm8_21.s --functions /home/sdasgup3/Github/strata-data/data-regs/functions --testcases /home/sdasgup3/Github/strata-data/data-regs/testcases.tc --def_in "{ %xmm2 }" --live_out "{ %ymm1 }" 
Thread 21 start: vpsrlq_xmm_xmm_imm8_22
/home/sdasgup3/TYLER/strata/stoke/./bin/stoke_check_circuit --target imm_instructions/vpsrlq_xmm_xmm_imm8/instructions/vpsrlq_xmm_xmm_imm8_22/vpsrlq_xmm_xmm_imm8_22.s --functions /home/sdasgup3/Github/strata-data/data-regs/functions --testcases /home/sdasgup3/Github/strata-data/data-regs/testcases.tc --def_in "{ %xmm2 }" --live_out "{ %ymm1 }" 
Thread 22 start: vpsrlq_xmm_xmm_imm8_23
/home/sdasgup3/TYLER/strata/stoke/./bin/stoke_check_circuit --target imm_instructions/vpsrlq_xmm_xmm_imm8/instructions/vpsrlq_xmm_xmm_imm8_23/vpsrlq_xmm_xmm_imm8_23.s --functions /home/sdasgup3/Github/strata-data/data-regs/functions --testcases /home/sdasgup3/Github/strata-data/data-regs/testcases.tc --def_in "{ %xmm2 }" --live_out "{ %ymm1 }" 
Thread 23 start: vpsrlq_xmm_xmm_imm8_24
/home/sdasgup3/TYLER/strata/stoke/./bin/stoke_check_circuit --target imm_instructions/vpsrlq_xmm_xmm_imm8/instructions/vpsrlq_xmm_xmm_imm8_24/vpsrlq_xmm_xmm_imm8_24.s --functions /home/sdasgup3/Github/strata-data/data-regs/functions --testcases /home/sdasgup3/Github/strata-data/data-regs/testcases.tc --def_in "{ %xmm2 }" --live_out "{ %ymm1 }" 
Thread 24 start: vpsrlq_xmm_xmm_imm8_25
/home/sdasgup3/TYLER/strata/stoke/./bin/stoke_check_circuit --target imm_instructions/vpsrlq_xmm_xmm_imm8/instructions/vpsrlq_xmm_xmm_imm8_25/vpsrlq_xmm_xmm_imm8_25.s --functions /home/sdasgup3/Github/strata-data/data-regs/functions --testcases /home/sdasgup3/Github/strata-data/data-regs/testcases.tc --def_in "{ %xmm2 }" --live_out "{ %ymm1 }" 
Thread 25 start: vpsrlq_xmm_xmm_imm8_26
/home/sdasgup3/TYLER/strata/stoke/./bin/stoke_check_circuit --target imm_instructions/vpsrlq_xmm_xmm_imm8/instructions/vpsrlq_xmm_xmm_imm8_26/vpsrlq_xmm_xmm_imm8_26.s --functions /home/sdasgup3/Github/strata-data/data-regs/functions --testcases /home/sdasgup3/Github/strata-data/data-regs/testcases.tc --def_in "{ %xmm2 }" --live_out "{ %ymm1 }" 
Thread 26 start: vpsrlq_xmm_xmm_imm8_27
/home/sdasgup3/TYLER/strata/stoke/./bin/stoke_check_circuit --target imm_instructions/vpsrlq_xmm_xmm_imm8/instructions/vpsrlq_xmm_xmm_imm8_27/vpsrlq_xmm_xmm_imm8_27.s --functions /home/sdasgup3/Github/strata-data/data-regs/functions --testcases /home/sdasgup3/Github/strata-data/data-regs/testcases.tc --def_in "{ %xmm2 }" --live_out "{ %ymm1 }" 
Thread 27 start: vpsrlq_xmm_xmm_imm8_28
/home/sdasgup3/TYLER/strata/stoke/./bin/stoke_check_circuit --target imm_instructions/vpsrlq_xmm_xmm_imm8/instructions/vpsrlq_xmm_xmm_imm8_28/vpsrlq_xmm_xmm_imm8_28.s --functions /home/sdasgup3/Github/strata-data/data-regs/functions --testcases /home/sdasgup3/Github/strata-data/data-regs/testcases.tc --def_in "{ %xmm2 }" --live_out "{ %ymm1 }" 
Thread 28 start: vpsrlq_xmm_xmm_imm8_29
/home/sdasgup3/TYLER/strata/stoke/./bin/stoke_check_circuit --target imm_instructions/vpsrlq_xmm_xmm_imm8/instructions/vpsrlq_xmm_xmm_imm8_29/vpsrlq_xmm_xmm_imm8_29.s --functions /home/sdasgup3/Github/strata-data/data-regs/functions --testcases /home/sdasgup3/Github/strata-data/data-regs/testcases.tc --def_in "{ %xmm2 }" --live_out "{ %ymm1 }" 
Thread 29 start: vpsrlq_xmm_xmm_imm8_30
/home/sdasgup3/TYLER/strata/stoke/./bin/stoke_check_circuit --target imm_instructions/vpsrlq_xmm_xmm_imm8/instructions/vpsrlq_xmm_xmm_imm8_30/vpsrlq_xmm_xmm_imm8_30.s --functions /home/sdasgup3/Github/strata-data/data-regs/functions --testcases /home/sdasgup3/Github/strata-data/data-regs/testcases.tc --def_in "{ %xmm2 }" --live_out "{ %ymm1 }" 
Thread 30 start: vpsrlq_xmm_xmm_imm8_31
/home/sdasgup3/TYLER/strata/stoke/./bin/stoke_check_circuit --target imm_instructions/vpsrlq_xmm_xmm_imm8/instructions/vpsrlq_xmm_xmm_imm8_31/vpsrlq_xmm_xmm_imm8_31.s --functions /home/sdasgup3/Github/strata-data/data-regs/functions --testcases /home/sdasgup3/Github/strata-data/data-regs/testcases.tc --def_in "{ %xmm2 }" --live_out "{ %ymm1 }" 
Reading the Testsuit
Preparing Sandbox
Run 6630 tests
Collect Results
Build Handler
Check Equivalence
Completed 1000cases
Reading the Testsuit
Preparing Sandbox
Run 6630 tests
Collect Results
Build Handler
Check Equivalence
Completed 1000cases
Reading the Testsuit
Preparing Sandbox
Run 6630 tests
Collect Results
Build Handler
Check Equivalence
Completed 1000cases
Reading the Testsuit
Preparing Sandbox
Run 6630 tests
Collect Results
Build Handler
Check Equivalence
Completed 1000cases
Reading the Testsuit
Preparing Sandbox
Run 6630 tests
Collect Results
Build Handler
Check Equivalence
Completed 1000cases
Reading the Testsuit
Preparing Sandbox
Run 6630 tests
Collect Results
Build Handler
Check Equivalence
Completed 1000cases
Reading the Testsuit
Preparing Sandbox
Run 6630 tests
Collect Results
Build Handler
Check Equivalence
Completed 1000cases
Reading the Testsuit
Preparing Sandbox
Run 6630 tests
Collect Results
Build Handler
Check Equivalence
Completed 1000cases
Reading the Testsuit
Preparing Sandbox
Run 6630 tests
Collect Results
Build Handler
Check Equivalence
Completed 1000cases
Reading the Testsuit
Preparing Sandbox
Run 6630 tests
Collect Results
Build Handler
Check Equivalence
Completed 1000cases
Reading the Testsuit
Preparing Sandbox
Run 6630 tests
Collect Results
Build Handler
Check Equivalence
Completed 1000cases
Reading the Testsuit
Preparing Sandbox
Run 6630 tests
Collect Results
Build Handler
Check Equivalence
Completed 1000cases
Reading the Testsuit
Preparing Sandbox
Run 6630 tests
Collect Results
Build Handler
Check Equivalence
Completed 1000cases
Reading the Testsuit
Preparing Sandbox
Run 6630 tests
Collect Results
Build Handler
Check Equivalence
Completed 1000cases
Reading the Testsuit
Preparing Sandbox
Run 6630 tests
Collect Results
Build Handler
Check Equivalence
Completed 1000cases
Reading the Testsuit
Preparing Sandbox
Run 6630 tests
Collect Results
Build Handler
Check Equivalence
Completed 1000cases
Reading the Testsuit
Preparing Sandbox
Run 6630 tests
Collect Results
Build Handler
Check Equivalence
Completed 1000cases
Reading the Testsuit
Preparing Sandbox
Run 6630 tests
Collect Results
Build Handler
Check Equivalence
Completed 1000cases
Reading the Testsuit
Preparing Sandbox
Run 6630 tests
Collect Results
Build Handler
Check Equivalence
Completed 1000cases
Reading the Testsuit
Preparing Sandbox
Run 6630 tests
Collect Results
Build Handler
Check Equivalence
Completed 1000cases
Reading the Testsuit
Preparing Sandbox
Run 6630 tests
Collect Results
Build Handler
Check Equivalence
Completed 1000cases
Reading the Testsuit
Preparing Sandbox
Run 6630 tests
Collect Results
Build Handler
Check Equivalence
Completed 1000cases
Reading the Testsuit
Preparing Sandbox
Run 6630 tests
Collect Results
Build Handler
Check Equivalence
Completed 1000cases
Reading the Testsuit
Preparing Sandbox
Run 6630 tests
Collect Results
Build Handler
Check Equivalence
Completed 1000cases
Reading the Testsuit
Preparing Sandbox
Run 6630 tests
Collect Results
Build Handler
Check Equivalence
Completed 1000cases
Reading the Testsuit
Preparing Sandbox
Run 6630 tests
Collect Results
Build Handler
Check Equivalence
Completed 1000cases
Reading the Testsuit
Preparing Sandbox
Run 6630 tests
Collect Results
Build Handler
Check Equivalence
Completed 1000cases
Reading the Testsuit
Preparing Sandbox
Run 6630 tests
Collect Results
Build Handler
Check Equivalence
Completed 1000cases
Reading the Testsuit
Preparing Sandbox
Run 6630 tests
Collect Results
Build Handler
Check Equivalence
Completed 1000cases
Reading the Testsuit
Preparing Sandbox
Run 6630 tests
Collect Results
Build Handler
Check Equivalence
Completed 1000cases
Completed 2000cases
Completed 2000cases
Completed 2000cases
Completed 2000cases
Completed 2000cases
Completed 2000cases
Completed 2000cases
Completed 2000cases
Completed 2000cases
Completed 2000cases
Completed 2000cases
Completed 2000cases
Completed 2000cases
Completed 2000cases
Completed 2000cases
Completed 2000cases
Completed 2000cases
Completed 3000cases
Completed 2000cases
Completed 2000cases
Completed 2000cases
Completed 2000cases
Completed 2000cases
Completed 2000cases
Completed 2000cases
Completed 2000cases
Completed 2000cases
Completed 2000cases
Completed 2000cases
Completed 3000cases
Completed 2000cases
Completed 2000cases
Completed 3000cases
Completed 3000cases
Completed 4000cases
Completed 3000cases
Completed 3000cases
Completed 3000cases
Completed 3000cases
Completed 3000cases
Completed 3000cases
Completed 3000cases
Completed 3000cases
Completed 3000cases
Completed 3000cases
Completed 3000cases
Completed 3000cases
Completed 4000cases
Completed 3000cases
Completed 3000cases
Completed 3000cases
Completed 3000cases
Completed 3000cases
Completed 3000cases
Completed 3000cases
Completed 3000cases
Completed 3000cases
Completed 3000cases
Completed 3000cases
Completed 3000cases
Completed 3000cases
Completed 3000cases
Completed 5000cases
Completed 4000cases
Completed 4000cases
Completed 5000cases
Completed 4000cases
Completed 4000cases
Completed 4000cases
Completed 4000cases
Completed 4000cases
Completed 4000cases
Completed 4000cases
Completed 4000cases
Completed 4000cases
Completed 4000cases
Completed 4000cases
Completed 4000cases
Completed 4000cases
Completed 4000cases
Completed 4000cases
Completed 4000cases
Completed 4000cases
Completed 4000cases
Completed 4000cases
Completed 4000cases
Completed 4000cases
Completed 6000cases
Completed 4000cases
Completed 4000cases
Completed 4000cases
Completed 4000cases
Completed 4000cases
Completed 6000cases
Completed 5000cases
Thread 23 done!: vpsrlq_xmm_xmm_imm8_24
Completed 5000cases
Completed 5000cases
Completed 5000cases
Completed 5000cases
Completed 5000cases
Completed 5000cases
Completed 5000cases
Completed 5000cases
Completed 5000cases
Completed 5000cases
Completed 5000cases
Thread 27 done!: vpsrlq_xmm_xmm_imm8_28
Completed 5000cases
Completed 5000cases
Completed 5000cases
Completed 5000cases
Completed 5000cases
Completed 5000cases
Completed 5000cases
Completed 5000cases
Completed 5000cases
Completed 5000cases
Completed 5000cases
Completed 5000cases
Completed 5000cases
Completed 5000cases
Completed 5000cases
Completed 5000cases
Completed 6000cases
Completed 6000cases
Completed 6000cases
Completed 6000cases
Completed 6000cases
Completed 6000cases
Completed 6000cases
Completed 6000cases
Completed 6000cases
Completed 6000cases
Completed 6000cases
Completed 6000cases
Completed 6000cases
Completed 6000cases
Completed 6000cases
Completed 6000cases
Completed 6000cases
Completed 6000cases
Completed 6000cases
Completed 6000cases
Completed 6000cases
Completed 6000cases
Completed 6000cases
Completed 6000cases
Thread 7 done!: vpsrlq_xmm_xmm_imm8_8
Completed 6000cases
Completed 6000cases
Thread 30 done!: vpsrlq_xmm_xmm_imm8_31
Completed 6000cases
Thread 16 done!: vpsrlq_xmm_xmm_imm8_17
Completed 6000cases
Thread 14 done!: vpsrlq_xmm_xmm_imm8_15
Thread 2 done!: vpsrlq_xmm_xmm_imm8_3
Thread 8 done!: vpsrlq_xmm_xmm_imm8_9
Thread 24 done!: vpsrlq_xmm_xmm_imm8_25
Thread 1 done!: vpsrlq_xmm_xmm_imm8_2
Thread 17 done!: vpsrlq_xmm_xmm_imm8_18
Thread 4 done!: vpsrlq_xmm_xmm_imm8_5
Thread 12 done!: vpsrlq_xmm_xmm_imm8_13
Thread 21 done!: vpsrlq_xmm_xmm_imm8_22
Thread 11 done!: vpsrlq_xmm_xmm_imm8_12
Thread 19 done!: vpsrlq_xmm_xmm_imm8_20
Thread 20 done!: vpsrlq_xmm_xmm_imm8_21
Thread 9 done!: vpsrlq_xmm_xmm_imm8_10
Thread 6 done!: vpsrlq_xmm_xmm_imm8_7
Thread 22 done!: vpsrlq_xmm_xmm_imm8_23
Thread 26 done!: vpsrlq_xmm_xmm_imm8_27
Thread 29 done!: vpsrlq_xmm_xmm_imm8_30
Thread 28 done!: vpsrlq_xmm_xmm_imm8_29
Thread 10 done!: vpsrlq_xmm_xmm_imm8_11
Thread 25 done!: vpsrlq_xmm_xmm_imm8_26
Thread 13 done!: vpsrlq_xmm_xmm_imm8_14
Thread 18 done!: vpsrlq_xmm_xmm_imm8_19
Thread 15 done!: vpsrlq_xmm_xmm_imm8_16
Thread 5 done!: vpsrlq_xmm_xmm_imm8_6
Thread 3 done!: vpsrlq_xmm_xmm_imm8_4
[4m[1m[34mFiring 30.[0m
Thread 31 start: vpsrlq_xmm_xmm_imm8_33
/home/sdasgup3/TYLER/strata/stoke/./bin/stoke_check_circuit --target imm_instructions/vpsrlq_xmm_xmm_imm8/instructions/vpsrlq_xmm_xmm_imm8_33/vpsrlq_xmm_xmm_imm8_33.s --functions /home/sdasgup3/Github/strata-data/data-regs/functions --testcases /home/sdasgup3/Github/strata-data/data-regs/testcases.tc --def_in "{ %xmm2 }" --live_out "{ %ymm1 }" 
Thread 32 start: vpsrlq_xmm_xmm_imm8_34
/home/sdasgup3/TYLER/strata/stoke/./bin/stoke_check_circuit --target imm_instructions/vpsrlq_xmm_xmm_imm8/instructions/vpsrlq_xmm_xmm_imm8_34/vpsrlq_xmm_xmm_imm8_34.s --functions /home/sdasgup3/Github/strata-data/data-regs/functions --testcases /home/sdasgup3/Github/strata-data/data-regs/testcases.tc --def_in "{ %xmm2 }" --live_out "{ %ymm1 }" 
Thread 33 start: vpsrlq_xmm_xmm_imm8_35
/home/sdasgup3/TYLER/strata/stoke/./bin/stoke_check_circuit --target imm_instructions/vpsrlq_xmm_xmm_imm8/instructions/vpsrlq_xmm_xmm_imm8_35/vpsrlq_xmm_xmm_imm8_35.s --functions /home/sdasgup3/Github/strata-data/data-regs/functions --testcases /home/sdasgup3/Github/strata-data/data-regs/testcases.tc --def_in "{ %xmm2 }" --live_out "{ %ymm1 }" 
Thread 34 start: vpsrlq_xmm_xmm_imm8_36
/home/sdasgup3/TYLER/strata/stoke/./bin/stoke_check_circuit --target imm_instructions/vpsrlq_xmm_xmm_imm8/instructions/vpsrlq_xmm_xmm_imm8_36/vpsrlq_xmm_xmm_imm8_36.s --functions /home/sdasgup3/Github/strata-data/data-regs/functions --testcases /home/sdasgup3/Github/strata-data/data-regs/testcases.tc --def_in "{ %xmm2 }" --live_out "{ %ymm1 }" 
Thread 35 start: vpsrlq_xmm_xmm_imm8_37
/home/sdasgup3/TYLER/strata/stoke/./bin/stoke_check_circuit --target imm_instructions/vpsrlq_xmm_xmm_imm8/instructions/vpsrlq_xmm_xmm_imm8_37/vpsrlq_xmm_xmm_imm8_37.s --functions /home/sdasgup3/Github/strata-data/data-regs/functions --testcases /home/sdasgup3/Github/strata-data/data-regs/testcases.tc --def_in "{ %xmm2 }" --live_out "{ %ymm1 }" 
Thread 36 start: vpsrlq_xmm_xmm_imm8_38
/home/sdasgup3/TYLER/strata/stoke/./bin/stoke_check_circuit --target imm_instructions/vpsrlq_xmm_xmm_imm8/instructions/vpsrlq_xmm_xmm_imm8_38/vpsrlq_xmm_xmm_imm8_38.s --functions /home/sdasgup3/Github/strata-data/data-regs/functions --testcases /home/sdasgup3/Github/strata-data/data-regs/testcases.tc --def_in "{ %xmm2 }" --live_out "{ %ymm1 }" 
Thread 37 start: vpsrlq_xmm_xmm_imm8_39
/home/sdasgup3/TYLER/strata/stoke/./bin/stoke_check_circuit --target imm_instructions/vpsrlq_xmm_xmm_imm8/instructions/vpsrlq_xmm_xmm_imm8_39/vpsrlq_xmm_xmm_imm8_39.s --functions /home/sdasgup3/Github/strata-data/data-regs/functions --testcases /home/sdasgup3/Github/strata-data/data-regs/testcases.tc --def_in "{ %xmm2 }" --live_out "{ %ymm1 }" 
Thread 38 start: vpsrlq_xmm_xmm_imm8_40
/home/sdasgup3/TYLER/strata/stoke/./bin/stoke_check_circuit --target imm_instructions/vpsrlq_xmm_xmm_imm8/instructions/vpsrlq_xmm_xmm_imm8_40/vpsrlq_xmm_xmm_imm8_40.s --functions /home/sdasgup3/Github/strata-data/data-regs/functions --testcases /home/sdasgup3/Github/strata-data/data-regs/testcases.tc --def_in "{ %xmm2 }" --live_out "{ %ymm1 }" 
Thread 39 start: vpsrlq_xmm_xmm_imm8_41
/home/sdasgup3/TYLER/strata/stoke/./bin/stoke_check_circuit --target imm_instructions/vpsrlq_xmm_xmm_imm8/instructions/vpsrlq_xmm_xmm_imm8_41/vpsrlq_xmm_xmm_imm8_41.s --functions /home/sdasgup3/Github/strata-data/data-regs/functions --testcases /home/sdasgup3/Github/strata-data/data-regs/testcases.tc --def_in "{ %xmm2 }" --live_out "{ %ymm1 }" 
Thread 40 start: vpsrlq_xmm_xmm_imm8_42
/home/sdasgup3/TYLER/strata/stoke/./bin/stoke_check_circuit --target imm_instructions/vpsrlq_xmm_xmm_imm8/instructions/vpsrlq_xmm_xmm_imm8_42/vpsrlq_xmm_xmm_imm8_42.s --functions /home/sdasgup3/Github/strata-data/data-regs/functions --testcases /home/sdasgup3/Github/strata-data/data-regs/testcases.tc --def_in "{ %xmm2 }" --live_out "{ %ymm1 }" 
Thread 41 start: vpsrlq_xmm_xmm_imm8_43
/home/sdasgup3/TYLER/strata/stoke/./bin/stoke_check_circuit --target imm_instructions/vpsrlq_xmm_xmm_imm8/instructions/vpsrlq_xmm_xmm_imm8_43/vpsrlq_xmm_xmm_imm8_43.s --functions /home/sdasgup3/Github/strata-data/data-regs/functions --testcases /home/sdasgup3/Github/strata-data/data-regs/testcases.tc --def_in "{ %xmm2 }" --live_out "{ %ymm1 }" 
Thread 42 start: vpsrlq_xmm_xmm_imm8_44
/home/sdasgup3/TYLER/strata/stoke/./bin/stoke_check_circuit --target imm_instructions/vpsrlq_xmm_xmm_imm8/instructions/vpsrlq_xmm_xmm_imm8_44/vpsrlq_xmm_xmm_imm8_44.s --functions /home/sdasgup3/Github/strata-data/data-regs/functions --testcases /home/sdasgup3/Github/strata-data/data-regs/testcases.tc --def_in "{ %xmm2 }" --live_out "{ %ymm1 }" 
Thread 43 start: vpsrlq_xmm_xmm_imm8_45
/home/sdasgup3/TYLER/strata/stoke/./bin/stoke_check_circuit --target imm_instructions/vpsrlq_xmm_xmm_imm8/instructions/vpsrlq_xmm_xmm_imm8_45/vpsrlq_xmm_xmm_imm8_45.s --functions /home/sdasgup3/Github/strata-data/data-regs/functions --testcases /home/sdasgup3/Github/strata-data/data-regs/testcases.tc --def_in "{ %xmm2 }" --live_out "{ %ymm1 }" 
Thread 44 start: vpsrlq_xmm_xmm_imm8_46
/home/sdasgup3/TYLER/strata/stoke/./bin/stoke_check_circuit --target imm_instructions/vpsrlq_xmm_xmm_imm8/instructions/vpsrlq_xmm_xmm_imm8_46/vpsrlq_xmm_xmm_imm8_46.s --functions /home/sdasgup3/Github/strata-data/data-regs/functions --testcases /home/sdasgup3/Github/strata-data/data-regs/testcases.tc --def_in "{ %xmm2 }" --live_out "{ %ymm1 }" 
Thread 45 start: vpsrlq_xmm_xmm_imm8_47
/home/sdasgup3/TYLER/strata/stoke/./bin/stoke_check_circuit --target imm_instructions/vpsrlq_xmm_xmm_imm8/instructions/vpsrlq_xmm_xmm_imm8_47/vpsrlq_xmm_xmm_imm8_47.s --functions /home/sdasgup3/Github/strata-data/data-regs/functions --testcases /home/sdasgup3/Github/strata-data/data-regs/testcases.tc --def_in "{ %xmm2 }" --live_out "{ %ymm1 }" 
Thread 46 start: vpsrlq_xmm_xmm_imm8_49
/home/sdasgup3/TYLER/strata/stoke/./bin/stoke_check_circuit --target imm_instructions/vpsrlq_xmm_xmm_imm8/instructions/vpsrlq_xmm_xmm_imm8_49/vpsrlq_xmm_xmm_imm8_49.s --functions /home/sdasgup3/Github/strata-data/data-regs/functions --testcases /home/sdasgup3/Github/strata-data/data-regs/testcases.tc --def_in "{ %xmm2 }" --live_out "{ %ymm1 }" 
Thread 47 start: vpsrlq_xmm_xmm_imm8_50
/home/sdasgup3/TYLER/strata/stoke/./bin/stoke_check_circuit --target imm_instructions/vpsrlq_xmm_xmm_imm8/instructions/vpsrlq_xmm_xmm_imm8_50/vpsrlq_xmm_xmm_imm8_50.s --functions /home/sdasgup3/Github/strata-data/data-regs/functions --testcases /home/sdasgup3/Github/strata-data/data-regs/testcases.tc --def_in "{ %xmm2 }" --live_out "{ %ymm1 }" 
Thread 48 start: vpsrlq_xmm_xmm_imm8_51
/home/sdasgup3/TYLER/strata/stoke/./bin/stoke_check_circuit --target imm_instructions/vpsrlq_xmm_xmm_imm8/instructions/vpsrlq_xmm_xmm_imm8_51/vpsrlq_xmm_xmm_imm8_51.s --functions /home/sdasgup3/Github/strata-data/data-regs/functions --testcases /home/sdasgup3/Github/strata-data/data-regs/testcases.tc --def_in "{ %xmm2 }" --live_out "{ %ymm1 }" 
Thread 49 start: vpsrlq_xmm_xmm_imm8_52
/home/sdasgup3/TYLER/strata/stoke/./bin/stoke_check_circuit --target imm_instructions/vpsrlq_xmm_xmm_imm8/instructions/vpsrlq_xmm_xmm_imm8_52/vpsrlq_xmm_xmm_imm8_52.s --functions /home/sdasgup3/Github/strata-data/data-regs/functions --testcases /home/sdasgup3/Github/strata-data/data-regs/testcases.tc --def_in "{ %xmm2 }" --live_out "{ %ymm1 }" 
Thread 50 start: vpsrlq_xmm_xmm_imm8_53
/home/sdasgup3/TYLER/strata/stoke/./bin/stoke_check_circuit --target imm_instructions/vpsrlq_xmm_xmm_imm8/instructions/vpsrlq_xmm_xmm_imm8_53/vpsrlq_xmm_xmm_imm8_53.s --functions /home/sdasgup3/Github/strata-data/data-regs/functions --testcases /home/sdasgup3/Github/strata-data/data-regs/testcases.tc --def_in "{ %xmm2 }" --live_out "{ %ymm1 }" 
Thread 51 start: vpsrlq_xmm_xmm_imm8_54
/home/sdasgup3/TYLER/strata/stoke/./bin/stoke_check_circuit --target imm_instructions/vpsrlq_xmm_xmm_imm8/instructions/vpsrlq_xmm_xmm_imm8_54/vpsrlq_xmm_xmm_imm8_54.s --functions /home/sdasgup3/Github/strata-data/data-regs/functions --testcases /home/sdasgup3/Github/strata-data/data-regs/testcases.tc --def_in "{ %xmm2 }" --live_out "{ %ymm1 }" 
Thread 52 start: vpsrlq_xmm_xmm_imm8_55
/home/sdasgup3/TYLER/strata/stoke/./bin/stoke_check_circuit --target imm_instructions/vpsrlq_xmm_xmm_imm8/instructions/vpsrlq_xmm_xmm_imm8_55/vpsrlq_xmm_xmm_imm8_55.s --functions /home/sdasgup3/Github/strata-data/data-regs/functions --testcases /home/sdasgup3/Github/strata-data/data-regs/testcases.tc --def_in "{ %xmm2 }" --live_out "{ %ymm1 }" 
Thread 53 start: vpsrlq_xmm_xmm_imm8_56
/home/sdasgup3/TYLER/strata/stoke/./bin/stoke_check_circuit --target imm_instructions/vpsrlq_xmm_xmm_imm8/instructions/vpsrlq_xmm_xmm_imm8_56/vpsrlq_xmm_xmm_imm8_56.s --functions /home/sdasgup3/Github/strata-data/data-regs/functions --testcases /home/sdasgup3/Github/strata-data/data-regs/testcases.tc --def_in "{ %xmm2 }" --live_out "{ %ymm1 }" 
Thread 54 start: vpsrlq_xmm_xmm_imm8_57
/home/sdasgup3/TYLER/strata/stoke/./bin/stoke_check_circuit --target imm_instructions/vpsrlq_xmm_xmm_imm8/instructions/vpsrlq_xmm_xmm_imm8_57/vpsrlq_xmm_xmm_imm8_57.s --functions /home/sdasgup3/Github/strata-data/data-regs/functions --testcases /home/sdasgup3/Github/strata-data/data-regs/testcases.tc --def_in "{ %xmm2 }" --live_out "{ %ymm1 }" 
Thread 55 start: vpsrlq_xmm_xmm_imm8_58
/home/sdasgup3/TYLER/strata/stoke/./bin/stoke_check_circuit --target imm_instructions/vpsrlq_xmm_xmm_imm8/instructions/vpsrlq_xmm_xmm_imm8_58/vpsrlq_xmm_xmm_imm8_58.s --functions /home/sdasgup3/Github/strata-data/data-regs/functions --testcases /home/sdasgup3/Github/strata-data/data-regs/testcases.tc --def_in "{ %xmm2 }" --live_out "{ %ymm1 }" 
Thread 56 start: vpsrlq_xmm_xmm_imm8_59
/home/sdasgup3/TYLER/strata/stoke/./bin/stoke_check_circuit --target imm_instructions/vpsrlq_xmm_xmm_imm8/instructions/vpsrlq_xmm_xmm_imm8_59/vpsrlq_xmm_xmm_imm8_59.s --functions /home/sdasgup3/Github/strata-data/data-regs/functions --testcases /home/sdasgup3/Github/strata-data/data-regs/testcases.tc --def_in "{ %xmm2 }" --live_out "{ %ymm1 }" 
Thread 57 start: vpsrlq_xmm_xmm_imm8_60
/home/sdasgup3/TYLER/strata/stoke/./bin/stoke_check_circuit --target imm_instructions/vpsrlq_xmm_xmm_imm8/instructions/vpsrlq_xmm_xmm_imm8_60/vpsrlq_xmm_xmm_imm8_60.s --functions /home/sdasgup3/Github/strata-data/data-regs/functions --testcases /home/sdasgup3/Github/strata-data/data-regs/testcases.tc --def_in "{ %xmm2 }" --live_out "{ %ymm1 }" 
Thread 58 start: vpsrlq_xmm_xmm_imm8_61
/home/sdasgup3/TYLER/strata/stoke/./bin/stoke_check_circuit --target imm_instructions/vpsrlq_xmm_xmm_imm8/instructions/vpsrlq_xmm_xmm_imm8_61/vpsrlq_xmm_xmm_imm8_61.s --functions /home/sdasgup3/Github/strata-data/data-regs/functions --testcases /home/sdasgup3/Github/strata-data/data-regs/testcases.tc --def_in "{ %xmm2 }" --live_out "{ %ymm1 }" 
Thread 59 start: vpsrlq_xmm_xmm_imm8_62
/home/sdasgup3/TYLER/strata/stoke/./bin/stoke_check_circuit --target imm_instructions/vpsrlq_xmm_xmm_imm8/instructions/vpsrlq_xmm_xmm_imm8_62/vpsrlq_xmm_xmm_imm8_62.s --functions /home/sdasgup3/Github/strata-data/data-regs/functions --testcases /home/sdasgup3/Github/strata-data/data-regs/testcases.tc --def_in "{ %xmm2 }" --live_out "{ %ymm1 }" 
Thread 60 start: vpsrlq_xmm_xmm_imm8_63
/home/sdasgup3/TYLER/strata/stoke/./bin/stoke_check_circuit --target imm_instructions/vpsrlq_xmm_xmm_imm8/instructions/vpsrlq_xmm_xmm_imm8_63/vpsrlq_xmm_xmm_imm8_63.s --functions /home/sdasgup3/Github/strata-data/data-regs/functions --testcases /home/sdasgup3/Github/strata-data/data-regs/testcases.tc --def_in "{ %xmm2 }" --live_out "{ %ymm1 }" 
Reading the Testsuit
Preparing Sandbox
Run 6630 tests
Collect Results
Build Handler
Check Equivalence
Completed 1000cases
Reading the Testsuit
Preparing Sandbox
Run 6630 tests
Collect Results
Build Handler
Check Equivalence
Completed 1000cases
Reading the Testsuit
Preparing Sandbox
Run 6630 tests
Collect Results
Build Handler
Check Equivalence
Completed 1000cases
Reading the Testsuit
Preparing Sandbox
Run 6630 tests
Collect Results
Build Handler
Check Equivalence
Completed 1000cases
Reading the Testsuit
Preparing Sandbox
Run 6630 tests
Collect Results
Build Handler
Check Equivalence
Completed 1000cases
Reading the Testsuit
Preparing Sandbox
Run 6630 tests
Collect Results
Build Handler
Check Equivalence
Completed 1000cases
Reading the Testsuit
Preparing Sandbox
Run 6630 tests
Collect Results
Build Handler
Check Equivalence
Completed 1000cases
Reading the Testsuit
Preparing Sandbox
Run 6630 tests
Collect Results
Build Handler
Check Equivalence
Completed 1000cases
Reading the Testsuit
Preparing Sandbox
Run 6630 tests
Collect Results
Build Handler
Check Equivalence
Completed 1000cases
Reading the Testsuit
Preparing Sandbox
Run 6630 tests
Collect Results
Build Handler
Check Equivalence
Completed 1000cases
Reading the Testsuit
Preparing Sandbox
Run 6630 tests
Collect Results
Build Handler
Check Equivalence
Completed 1000cases
Reading the Testsuit
Preparing Sandbox
Run 6630 tests
Collect Results
Build Handler
Check Equivalence
Completed 1000cases
Reading the Testsuit
Preparing Sandbox
Run 6630 tests
Collect Results
Build Handler
Check Equivalence
Completed 1000cases
Reading the Testsuit
Preparing Sandbox
Run 6630 tests
Collect Results
Build Handler
Check Equivalence
Completed 1000cases
Reading the Testsuit
Preparing Sandbox
Run 6630 tests
Collect Results
Build Handler
Check Equivalence
Completed 1000cases
Reading the Testsuit
Preparing Sandbox
Run 6630 tests
Collect Results
Build Handler
Check Equivalence
Completed 1000cases
Reading the Testsuit
Preparing Sandbox
Run 6630 tests
Collect Results
Build Handler
Check Equivalence
Completed 1000cases
Reading the Testsuit
Preparing Sandbox
Run 6630 tests
Collect Results
Build Handler
Check Equivalence
Completed 1000cases
Reading the Testsuit
Preparing Sandbox
Run 6630 tests
Collect Results
Build Handler
Check Equivalence
Completed 1000cases
Reading the Testsuit
Preparing Sandbox
Run 6630 tests
Collect Results
Build Handler
Check Equivalence
Completed 1000cases
Reading the Testsuit
Preparing Sandbox
Run 6630 tests
Collect Results
Build Handler
Check Equivalence
Completed 1000cases
Reading the Testsuit
Preparing Sandbox
Run 6630 tests
Collect Results
Build Handler
Check Equivalence
Completed 1000cases
Reading the Testsuit
Preparing Sandbox
Run 6630 tests
Collect Results
Build Handler
Check Equivalence
Completed 1000cases
Reading the Testsuit
Preparing Sandbox
Run 6630 tests
Collect Results
Build Handler
Check Equivalence
Completed 1000cases
Reading the Testsuit
Preparing Sandbox
Run 6630 tests
Collect Results
Build Handler
Check Equivalence
Completed 1000cases
Reading the Testsuit
Preparing Sandbox
Run 6630 tests
Collect Results
Build Handler
Check Equivalence
Completed 1000cases
Reading the Testsuit
Preparing Sandbox
Run 6630 tests
Collect Results
Build Handler
Check Equivalence
Completed 1000cases
Reading the Testsuit
Preparing Sandbox
Run 6630 tests
Collect Results
Build Handler
Check Equivalence
Completed 1000cases
Reading the Testsuit
Preparing Sandbox
Run 6630 tests
Collect Results
Build Handler
Check Equivalence
Completed 1000cases
Reading the Testsuit
Preparing Sandbox
Run 6630 tests
Collect Results
Build Handler
Check Equivalence
Completed 1000cases
Completed 2000cases
Completed 2000cases
Completed 2000cases
Completed 2000cases
Completed 2000cases
Completed 2000cases
Completed 2000cases
Completed 2000cases
Completed 2000cases
Completed 2000cases
Completed 2000cases
Completed 2000cases
Completed 2000cases
Completed 2000cases
Completed 2000cases
Completed 2000cases
Completed 3000cases
Completed 2000cases
Completed 2000cases
Completed 2000cases
Completed 2000cases
Completed 2000cases
Completed 2000cases
Completed 2000cases
Completed 2000cases
Completed 2000cases
Completed 2000cases
Completed 2000cases
Completed 2000cases
Completed 2000cases
Completed 2000cases
Completed 3000cases
Completed 3000cases
Completed 3000cases
Completed 4000cases
Completed 3000cases
Completed 3000cases
Completed 3000cases
Completed 3000cases
Completed 3000cases
Completed 3000cases
Completed 3000cases
Completed 3000cases
Completed 3000cases
Completed 3000cases
Completed 3000cases
Completed 3000cases
Completed 3000cases
Completed 3000cases
Completed 3000cases
Completed 3000cases
Completed 3000cases
Completed 3000cases
Completed 3000cases
Completed 3000cases
Completed 3000cases
Completed 3000cases
Completed 3000cases
Completed 3000cases
Completed 3000cases
Completed 4000cases
Completed 3000cases
Completed 4000cases
Completed 4000cases
Completed 4000cases
Completed 4000cases
Completed 4000cases
Completed 4000cases
Completed 5000cases
Completed 4000cases
Completed 4000cases
Completed 4000cases
Completed 4000cases
Completed 4000cases
Completed 4000cases
Completed 4000cases
Completed 4000cases
Completed 4000cases
Completed 4000cases
Completed 4000cases
Completed 4000cases
Completed 4000cases
Completed 4000cases
Completed 4000cases
Completed 4000cases
Completed 4000cases
Completed 4000cases
Completed 4000cases
Completed 4000cases
Completed 5000cases
Completed 4000cases
Completed 4000cases
Completed 5000cases
Completed 5000cases
Completed 5000cases
Completed 6000cases
Completed 5000cases
Completed 5000cases
Completed 5000cases
Completed 5000cases
Completed 5000cases
Completed 5000cases
Completed 5000cases
Completed 5000cases
Completed 5000cases
Completed 5000cases
Completed 5000cases
Completed 5000cases
Completed 5000cases
Completed 5000cases
Completed 5000cases
Completed 5000cases
Completed 5000cases
Completed 5000cases
Completed 5000cases
Completed 5000cases
Completed 5000cases
Completed 5000cases
Completed 6000cases
Thread 33 done!: vpsrlq_xmm_xmm_imm8_35
Completed 5000cases
Completed 5000cases
Completed 5000cases
Completed 6000cases
Completed 6000cases
Completed 6000cases
Completed 6000cases
Completed 6000cases
Completed 6000cases
Completed 6000cases
Completed 6000cases
Completed 6000cases
Completed 6000cases
Completed 6000cases
Completed 6000cases
Completed 6000cases
Thread 56 done!: vpsrlq_xmm_xmm_imm8_59
Completed 6000cases
Completed 6000cases
Completed 6000cases
Completed 6000cases
Completed 6000cases
Completed 6000cases
Completed 6000cases
Completed 6000cases
Completed 6000cases
Completed 6000cases
Completed 6000cases
Thread 35 done!: vpsrlq_xmm_xmm_imm8_37
Completed 6000cases
Thread 34 done!: vpsrlq_xmm_xmm_imm8_36
Thread 55 done!: vpsrlq_xmm_xmm_imm8_58
Thread 49 done!: vpsrlq_xmm_xmm_imm8_52
Thread 45 done!: vpsrlq_xmm_xmm_imm8_47
Completed 6000cases
Thread 41 done!: vpsrlq_xmm_xmm_imm8_43
Completed 6000cases
Completed 6000cases
Thread 47 done!: vpsrlq_xmm_xmm_imm8_50
Thread 58 done!: vpsrlq_xmm_xmm_imm8_61
Thread 53 done!: vpsrlq_xmm_xmm_imm8_56
Thread 36 done!: vpsrlq_xmm_xmm_imm8_38
Thread 39 done!: vpsrlq_xmm_xmm_imm8_41
Thread 52 done!: vpsrlq_xmm_xmm_imm8_55
Thread 37 done!: vpsrlq_xmm_xmm_imm8_39
Thread 38 done!: vpsrlq_xmm_xmm_imm8_40
Thread 40 done!: vpsrlq_xmm_xmm_imm8_42
Thread 60 done!: vpsrlq_xmm_xmm_imm8_63
Thread 31 done!: vpsrlq_xmm_xmm_imm8_33
Thread 44 done!: vpsrlq_xmm_xmm_imm8_46
Thread 46 done!: vpsrlq_xmm_xmm_imm8_49
Thread 51 done!: vpsrlq_xmm_xmm_imm8_54
Thread 43 done!: vpsrlq_xmm_xmm_imm8_45
Thread 50 done!: vpsrlq_xmm_xmm_imm8_53
Thread 59 done!: vpsrlq_xmm_xmm_imm8_62
Thread 57 done!: vpsrlq_xmm_xmm_imm8_60
Thread 54 done!: vpsrlq_xmm_xmm_imm8_57
Thread 42 done!: vpsrlq_xmm_xmm_imm8_44
Thread 32 done!: vpsrlq_xmm_xmm_imm8_34
Thread 48 done!: vpsrlq_xmm_xmm_imm8_51
