/home/sdasgup3/Github/strata/stoke/bin/specgen compare --circuit_dir /home/sdasgup3/Github/strata-data/circuits --opcode vdppd_xmm_xmm_xmm_imm8_0 
Equivalent.
/home/sdasgup3/Github/strata/stoke/bin/specgen compare --circuit_dir /home/sdasgup3/Github/strata-data/circuits --opcode vdppd_xmm_xmm_xmm_imm8_1 
Circuit for 'vdppd $0x1, %xmm3, %xmm2, %xmm1' (opcode vdppd_xmm_xmm_xmm_imm8_1)
    strata:        0x0₂₅₆
    hand-written:  0x0₁₂₈ ∘ ((0x1₈[1:1] = 0x1₁ ? add_double(0x1₈[4:4] = 0x1₁ ? mul_double(%ymm2[127:0][127:0][63:0], %ymm3[127:0][127:0][63:0]) : 0x0₆₄, 0x1₈[5:5] = 0x1₁ ? mul_double(%ymm2[127:0][127:0][127:64], %ymm3[127:0][127:0][127:64]) : 0x0₆₄) : 0x0₆₄) ∘ (0x1₈[0:0] = 0x1₁ ? add_double(0x1₈[4:4] = 0x1₁ ? mul_double(%ymm2[127:0][127:0][63:0], %ymm3[127:0][127:0][63:0]) : 0x0₆₄, 0x1₈[5:5] = 0x1₁ ? mul_double(%ymm2[127:0][127:0][127:64], %ymm3[127:0][127:0][127:64]) : 0x0₆₄) : 0x0₆₄))[127:0]

But Equivalent after simplification


    strata:        0x0₂₅₆
    hand-written:  0x0₁₂₈ ∘ (0x0₆₄ ∘ 0x0₆₄)

/home/sdasgup3/Github/strata/stoke/bin/specgen compare --circuit_dir /home/sdasgup3/Github/strata-data/circuits --opcode vdppd_xmm_xmm_xmm_imm8_2 
Circuit for 'vdppd $0x2, %xmm3, %xmm2, %xmm1' (opcode vdppd_xmm_xmm_xmm_imm8_2)
    strata:        0x0₂₅₆
    hand-written:  0x0₁₂₈ ∘ ((0x2₈[1:1] = 0x1₁ ? add_double(0x2₈[4:4] = 0x1₁ ? mul_double(%ymm2[127:0][127:0][63:0], %ymm3[127:0][127:0][63:0]) : 0x0₆₄, 0x2₈[5:5] = 0x1₁ ? mul_double(%ymm2[127:0][127:0][127:64], %ymm3[127:0][127:0][127:64]) : 0x0₆₄) : 0x0₆₄) ∘ (0x2₈[0:0] = 0x1₁ ? add_double(0x2₈[4:4] = 0x1₁ ? mul_double(%ymm2[127:0][127:0][63:0], %ymm3[127:0][127:0][63:0]) : 0x0₆₄, 0x2₈[5:5] = 0x1₁ ? mul_double(%ymm2[127:0][127:0][127:64], %ymm3[127:0][127:0][127:64]) : 0x0₆₄) : 0x0₆₄))[127:0]

But Equivalent after simplification


    strata:        0x0₂₅₆
    hand-written:  0x0₁₂₈ ∘ (0x0₆₄ ∘ 0x0₆₄)

/home/sdasgup3/Github/strata/stoke/bin/specgen compare --circuit_dir /home/sdasgup3/Github/strata-data/circuits --opcode vdppd_xmm_xmm_xmm_imm8_3 
Circuit for 'vdppd $0x3, %xmm3, %xmm2, %xmm1' (opcode vdppd_xmm_xmm_xmm_imm8_3)
    strata:        0x0₂₅₆
    hand-written:  0x0₁₂₈ ∘ ((0x3₈[1:1] = 0x1₁ ? add_double(0x3₈[4:4] = 0x1₁ ? mul_double(%ymm2[127:0][127:0][63:0], %ymm3[127:0][127:0][63:0]) : 0x0₆₄, 0x3₈[5:5] = 0x1₁ ? mul_double(%ymm2[127:0][127:0][127:64], %ymm3[127:0][127:0][127:64]) : 0x0₆₄) : 0x0₆₄) ∘ (0x3₈[0:0] = 0x1₁ ? add_double(0x3₈[4:4] = 0x1₁ ? mul_double(%ymm2[127:0][127:0][63:0], %ymm3[127:0][127:0][63:0]) : 0x0₆₄, 0x3₈[5:5] = 0x1₁ ? mul_double(%ymm2[127:0][127:0][127:64], %ymm3[127:0][127:0][127:64]) : 0x0₆₄) : 0x0₆₄))[127:0]

But Equivalent after simplification


    strata:        0x0₂₅₆
    hand-written:  0x0₁₂₈ ∘ (0x0₆₄ ∘ 0x0₆₄)

/home/sdasgup3/Github/strata/stoke/bin/specgen compare --circuit_dir /home/sdasgup3/Github/strata-data/circuits --opcode vdppd_xmm_xmm_xmm_imm8_4 
Equivalent.
/home/sdasgup3/Github/strata/stoke/bin/specgen compare --circuit_dir /home/sdasgup3/Github/strata-data/circuits --opcode vdppd_xmm_xmm_xmm_imm8_5 
Circuit for 'vdppd $0x5, %xmm3, %xmm2, %xmm1' (opcode vdppd_xmm_xmm_xmm_imm8_5)
    strata:        0x0₂₅₆
    hand-written:  0x0₁₂₈ ∘ ((0x5₈[1:1] = 0x1₁ ? add_double(0x5₈[4:4] = 0x1₁ ? mul_double(%ymm2[127:0][127:0][63:0], %ymm3[127:0][127:0][63:0]) : 0x0₆₄, 0x5₈[5:5] = 0x1₁ ? mul_double(%ymm2[127:0][127:0][127:64], %ymm3[127:0][127:0][127:64]) : 0x0₆₄) : 0x0₆₄) ∘ (0x5₈[0:0] = 0x1₁ ? add_double(0x5₈[4:4] = 0x1₁ ? mul_double(%ymm2[127:0][127:0][63:0], %ymm3[127:0][127:0][63:0]) : 0x0₆₄, 0x5₈[5:5] = 0x1₁ ? mul_double(%ymm2[127:0][127:0][127:64], %ymm3[127:0][127:0][127:64]) : 0x0₆₄) : 0x0₆₄))[127:0]

But Equivalent after simplification


    strata:        0x0₂₅₆
    hand-written:  0x0₁₂₈ ∘ (0x0₆₄ ∘ 0x0₆₄)

/home/sdasgup3/Github/strata/stoke/bin/specgen compare --circuit_dir /home/sdasgup3/Github/strata-data/circuits --opcode vdppd_xmm_xmm_xmm_imm8_6 
Circuit for 'vdppd $0x6, %xmm3, %xmm2, %xmm1' (opcode vdppd_xmm_xmm_xmm_imm8_6)
    strata:        0x0₂₅₆
    hand-written:  0x0₁₂₈ ∘ ((0x6₈[1:1] = 0x1₁ ? add_double(0x6₈[4:4] = 0x1₁ ? mul_double(%ymm2[127:0][127:0][63:0], %ymm3[127:0][127:0][63:0]) : 0x0₆₄, 0x6₈[5:5] = 0x1₁ ? mul_double(%ymm2[127:0][127:0][127:64], %ymm3[127:0][127:0][127:64]) : 0x0₆₄) : 0x0₆₄) ∘ (0x6₈[0:0] = 0x1₁ ? add_double(0x6₈[4:4] = 0x1₁ ? mul_double(%ymm2[127:0][127:0][63:0], %ymm3[127:0][127:0][63:0]) : 0x0₆₄, 0x6₈[5:5] = 0x1₁ ? mul_double(%ymm2[127:0][127:0][127:64], %ymm3[127:0][127:0][127:64]) : 0x0₆₄) : 0x0₆₄))[127:0]

But Equivalent after simplification


    strata:        0x0₂₅₆
    hand-written:  0x0₁₂₈ ∘ (0x0₆₄ ∘ 0x0₆₄)

/home/sdasgup3/Github/strata/stoke/bin/specgen compare --circuit_dir /home/sdasgup3/Github/strata-data/circuits --opcode vdppd_xmm_xmm_xmm_imm8_7 
Circuit for 'vdppd $0x7, %xmm3, %xmm2, %xmm1' (opcode vdppd_xmm_xmm_xmm_imm8_7)
    strata:        0x0₂₅₆
    hand-written:  0x0₁₂₈ ∘ ((0x7₈[1:1] = 0x1₁ ? add_double(0x7₈[4:4] = 0x1₁ ? mul_double(%ymm2[127:0][127:0][63:0], %ymm3[127:0][127:0][63:0]) : 0x0₆₄, 0x7₈[5:5] = 0x1₁ ? mul_double(%ymm2[127:0][127:0][127:64], %ymm3[127:0][127:0][127:64]) : 0x0₆₄) : 0x0₆₄) ∘ (0x7₈[0:0] = 0x1₁ ? add_double(0x7₈[4:4] = 0x1₁ ? mul_double(%ymm2[127:0][127:0][63:0], %ymm3[127:0][127:0][63:0]) : 0x0₆₄, 0x7₈[5:5] = 0x1₁ ? mul_double(%ymm2[127:0][127:0][127:64], %ymm3[127:0][127:0][127:64]) : 0x0₆₄) : 0x0₆₄))[127:0]

But Equivalent after simplification


    strata:        0x0₂₅₆
    hand-written:  0x0₁₂₈ ∘ (0x0₆₄ ∘ 0x0₆₄)

/home/sdasgup3/Github/strata/stoke/bin/specgen compare --circuit_dir /home/sdasgup3/Github/strata-data/circuits --opcode vdppd_xmm_xmm_xmm_imm8_8 
Equivalent.
/home/sdasgup3/Github/strata/stoke/bin/specgen compare --circuit_dir /home/sdasgup3/Github/strata-data/circuits --opcode vdppd_xmm_xmm_xmm_imm8_9 
Circuit for 'vdppd $0x9, %xmm3, %xmm2, %xmm1' (opcode vdppd_xmm_xmm_xmm_imm8_9)
    strata:        0x0₂₅₆
    hand-written:  0x0₁₂₈ ∘ ((0x9₈[1:1] = 0x1₁ ? add_double(0x9₈[4:4] = 0x1₁ ? mul_double(%ymm2[127:0][127:0][63:0], %ymm3[127:0][127:0][63:0]) : 0x0₆₄, 0x9₈[5:5] = 0x1₁ ? mul_double(%ymm2[127:0][127:0][127:64], %ymm3[127:0][127:0][127:64]) : 0x0₆₄) : 0x0₆₄) ∘ (0x9₈[0:0] = 0x1₁ ? add_double(0x9₈[4:4] = 0x1₁ ? mul_double(%ymm2[127:0][127:0][63:0], %ymm3[127:0][127:0][63:0]) : 0x0₆₄, 0x9₈[5:5] = 0x1₁ ? mul_double(%ymm2[127:0][127:0][127:64], %ymm3[127:0][127:0][127:64]) : 0x0₆₄) : 0x0₆₄))[127:0]

But Equivalent after simplification


    strata:        0x0₂₅₆
    hand-written:  0x0₁₂₈ ∘ (0x0₆₄ ∘ 0x0₆₄)

/home/sdasgup3/Github/strata/stoke/bin/specgen compare --circuit_dir /home/sdasgup3/Github/strata-data/circuits --opcode vdppd_xmm_xmm_xmm_imm8_10 
Circuit for 'vdppd $0xa, %xmm3, %xmm2, %xmm1' (opcode vdppd_xmm_xmm_xmm_imm8_10)
    strata:        0x0₂₅₆
    hand-written:  0x0₁₂₈ ∘ ((0xa₈[1:1] = 0x1₁ ? add_double(0xa₈[4:4] = 0x1₁ ? mul_double(%ymm2[127:0][127:0][63:0], %ymm3[127:0][127:0][63:0]) : 0x0₆₄, 0xa₈[5:5] = 0x1₁ ? mul_double(%ymm2[127:0][127:0][127:64], %ymm3[127:0][127:0][127:64]) : 0x0₆₄) : 0x0₆₄) ∘ (0xa₈[0:0] = 0x1₁ ? add_double(0xa₈[4:4] = 0x1₁ ? mul_double(%ymm2[127:0][127:0][63:0], %ymm3[127:0][127:0][63:0]) : 0x0₆₄, 0xa₈[5:5] = 0x1₁ ? mul_double(%ymm2[127:0][127:0][127:64], %ymm3[127:0][127:0][127:64]) : 0x0₆₄) : 0x0₆₄))[127:0]

But Equivalent after simplification


    strata:        0x0₂₅₆
    hand-written:  0x0₁₂₈ ∘ (0x0₆₄ ∘ 0x0₆₄)

/home/sdasgup3/Github/strata/stoke/bin/specgen compare --circuit_dir /home/sdasgup3/Github/strata-data/circuits --opcode vdppd_xmm_xmm_xmm_imm8_11 
Circuit for 'vdppd $0xb, %xmm3, %xmm2, %xmm1' (opcode vdppd_xmm_xmm_xmm_imm8_11)
    strata:        0x0₂₅₆
    hand-written:  0x0₁₂₈ ∘ ((0xb₈[1:1] = 0x1₁ ? add_double(0xb₈[4:4] = 0x1₁ ? mul_double(%ymm2[127:0][127:0][63:0], %ymm3[127:0][127:0][63:0]) : 0x0₆₄, 0xb₈[5:5] = 0x1₁ ? mul_double(%ymm2[127:0][127:0][127:64], %ymm3[127:0][127:0][127:64]) : 0x0₆₄) : 0x0₆₄) ∘ (0xb₈[0:0] = 0x1₁ ? add_double(0xb₈[4:4] = 0x1₁ ? mul_double(%ymm2[127:0][127:0][63:0], %ymm3[127:0][127:0][63:0]) : 0x0₆₄, 0xb₈[5:5] = 0x1₁ ? mul_double(%ymm2[127:0][127:0][127:64], %ymm3[127:0][127:0][127:64]) : 0x0₆₄) : 0x0₆₄))[127:0]

But Equivalent after simplification


    strata:        0x0₂₅₆
    hand-written:  0x0₁₂₈ ∘ (0x0₆₄ ∘ 0x0₆₄)

/home/sdasgup3/Github/strata/stoke/bin/specgen compare --circuit_dir /home/sdasgup3/Github/strata-data/circuits --opcode vdppd_xmm_xmm_xmm_imm8_12 
Equivalent.
/home/sdasgup3/Github/strata/stoke/bin/specgen compare --circuit_dir /home/sdasgup3/Github/strata-data/circuits --opcode vdppd_xmm_xmm_xmm_imm8_13 
Circuit for 'vdppd $0xd, %xmm3, %xmm2, %xmm1' (opcode vdppd_xmm_xmm_xmm_imm8_13)
    strata:        0x0₂₅₆
    hand-written:  0x0₁₂₈ ∘ ((0xd₈[1:1] = 0x1₁ ? add_double(0xd₈[4:4] = 0x1₁ ? mul_double(%ymm2[127:0][127:0][63:0], %ymm3[127:0][127:0][63:0]) : 0x0₆₄, 0xd₈[5:5] = 0x1₁ ? mul_double(%ymm2[127:0][127:0][127:64], %ymm3[127:0][127:0][127:64]) : 0x0₆₄) : 0x0₆₄) ∘ (0xd₈[0:0] = 0x1₁ ? add_double(0xd₈[4:4] = 0x1₁ ? mul_double(%ymm2[127:0][127:0][63:0], %ymm3[127:0][127:0][63:0]) : 0x0₆₄, 0xd₈[5:5] = 0x1₁ ? mul_double(%ymm2[127:0][127:0][127:64], %ymm3[127:0][127:0][127:64]) : 0x0₆₄) : 0x0₆₄))[127:0]

But Equivalent after simplification


    strata:        0x0₂₅₆
    hand-written:  0x0₁₂₈ ∘ (0x0₆₄ ∘ 0x0₆₄)

/home/sdasgup3/Github/strata/stoke/bin/specgen compare --circuit_dir /home/sdasgup3/Github/strata-data/circuits --opcode vdppd_xmm_xmm_xmm_imm8_14 
Circuit for 'vdppd $0xe, %xmm3, %xmm2, %xmm1' (opcode vdppd_xmm_xmm_xmm_imm8_14)
    strata:        0x0₂₅₆
    hand-written:  0x0₁₂₈ ∘ ((0xe₈[1:1] = 0x1₁ ? add_double(0xe₈[4:4] = 0x1₁ ? mul_double(%ymm2[127:0][127:0][63:0], %ymm3[127:0][127:0][63:0]) : 0x0₆₄, 0xe₈[5:5] = 0x1₁ ? mul_double(%ymm2[127:0][127:0][127:64], %ymm3[127:0][127:0][127:64]) : 0x0₆₄) : 0x0₆₄) ∘ (0xe₈[0:0] = 0x1₁ ? add_double(0xe₈[4:4] = 0x1₁ ? mul_double(%ymm2[127:0][127:0][63:0], %ymm3[127:0][127:0][63:0]) : 0x0₆₄, 0xe₈[5:5] = 0x1₁ ? mul_double(%ymm2[127:0][127:0][127:64], %ymm3[127:0][127:0][127:64]) : 0x0₆₄) : 0x0₆₄))[127:0]

But Equivalent after simplification


    strata:        0x0₂₅₆
    hand-written:  0x0₁₂₈ ∘ (0x0₆₄ ∘ 0x0₆₄)

/home/sdasgup3/Github/strata/stoke/bin/specgen compare --circuit_dir /home/sdasgup3/Github/strata-data/circuits --opcode vdppd_xmm_xmm_xmm_imm8_15 
Circuit for 'vdppd $0xf, %xmm3, %xmm2, %xmm1' (opcode vdppd_xmm_xmm_xmm_imm8_15)
    strata:        0x0₂₅₆
    hand-written:  0x0₁₂₈ ∘ ((0xf₈[1:1] = 0x1₁ ? add_double(0xf₈[4:4] = 0x1₁ ? mul_double(%ymm2[127:0][127:0][63:0], %ymm3[127:0][127:0][63:0]) : 0x0₆₄, 0xf₈[5:5] = 0x1₁ ? mul_double(%ymm2[127:0][127:0][127:64], %ymm3[127:0][127:0][127:64]) : 0x0₆₄) : 0x0₆₄) ∘ (0xf₈[0:0] = 0x1₁ ? add_double(0xf₈[4:4] = 0x1₁ ? mul_double(%ymm2[127:0][127:0][63:0], %ymm3[127:0][127:0][63:0]) : 0x0₆₄, 0xf₈[5:5] = 0x1₁ ? mul_double(%ymm2[127:0][127:0][127:64], %ymm3[127:0][127:0][127:64]) : 0x0₆₄) : 0x0₆₄))[127:0]

But Equivalent after simplification


    strata:        0x0₂₅₆
    hand-written:  0x0₁₂₈ ∘ (0x0₆₄ ∘ 0x0₆₄)

/home/sdasgup3/Github/strata/stoke/bin/specgen compare --circuit_dir /home/sdasgup3/Github/strata-data/circuits --opcode vdppd_xmm_xmm_xmm_imm8_16 
Equivalent.
/home/sdasgup3/Github/strata/stoke/bin/specgen compare --circuit_dir /home/sdasgup3/Github/strata-data/circuits --opcode vdppd_xmm_xmm_xmm_imm8_17 
strata does not support 'vdppd $0x11, %xmm3, %xmm2, %xmm1'.
/home/sdasgup3/Github/strata/stoke/bin/specgen compare --circuit_dir /home/sdasgup3/Github/strata-data/circuits --opcode vdppd_xmm_xmm_xmm_imm8_18 
strata does not support 'vdppd $0x12, %xmm3, %xmm2, %xmm1'.
/home/sdasgup3/Github/strata/stoke/bin/specgen compare --circuit_dir /home/sdasgup3/Github/strata-data/circuits --opcode vdppd_xmm_xmm_xmm_imm8_19 
strata does not support 'vdppd $0x13, %xmm3, %xmm2, %xmm1'.
/home/sdasgup3/Github/strata/stoke/bin/specgen compare --circuit_dir /home/sdasgup3/Github/strata-data/circuits --opcode vdppd_xmm_xmm_xmm_imm8_20 
Equivalent.
/home/sdasgup3/Github/strata/stoke/bin/specgen compare --circuit_dir /home/sdasgup3/Github/strata-data/circuits --opcode vdppd_xmm_xmm_xmm_imm8_21 
strata does not support 'vdppd $0x15, %xmm3, %xmm2, %xmm1'.
/home/sdasgup3/Github/strata/stoke/bin/specgen compare --circuit_dir /home/sdasgup3/Github/strata-data/circuits --opcode vdppd_xmm_xmm_xmm_imm8_22 
strata does not support 'vdppd $0x16, %xmm3, %xmm2, %xmm1'.
/home/sdasgup3/Github/strata/stoke/bin/specgen compare --circuit_dir /home/sdasgup3/Github/strata-data/circuits --opcode vdppd_xmm_xmm_xmm_imm8_23 
strata does not support 'vdppd $0x17, %xmm3, %xmm2, %xmm1'.
/home/sdasgup3/Github/strata/stoke/bin/specgen compare --circuit_dir /home/sdasgup3/Github/strata-data/circuits --opcode vdppd_xmm_xmm_xmm_imm8_24 
Equivalent.
/home/sdasgup3/Github/strata/stoke/bin/specgen compare --circuit_dir /home/sdasgup3/Github/strata-data/circuits --opcode vdppd_xmm_xmm_xmm_imm8_25 
strata does not support 'vdppd $0x19, %xmm3, %xmm2, %xmm1'.
/home/sdasgup3/Github/strata/stoke/bin/specgen compare --circuit_dir /home/sdasgup3/Github/strata-data/circuits --opcode vdppd_xmm_xmm_xmm_imm8_26 
Circuit for 'vdppd $0x1a, %xmm3, %xmm2, %xmm1' (opcode vdppd_xmm_xmm_xmm_imm8_26)
    strata:        0x0₁₂₈ ∘ ((0x0₆₄ ⊕ mul_double(%ymm2[63:0], %ymm3[63:0])) ∘ 0x0₆₄)
    hand-written:  0x0₁₂₈ ∘ ((0x1a₈[1:1] = 0x1₁ ? add_double(0x1a₈[4:4] = 0x1₁ ? mul_double(%ymm2[127:0][127:0][63:0], %ymm3[127:0][127:0][63:0]) : 0x0₆₄, 0x1a₈[5:5] = 0x1₁ ? mul_double(%ymm2[127:0][127:0][127:64], %ymm3[127:0][127:0][127:64]) : 0x0₆₄) : 0x0₆₄) ∘ (0x1a₈[0:0] = 0x1₁ ? add_double(0x1a₈[4:4] = 0x1₁ ? mul_double(%ymm2[127:0][127:0][63:0], %ymm3[127:0][127:0][63:0]) : 0x0₆₄, 0x1a₈[5:5] = 0x1₁ ? mul_double(%ymm2[127:0][127:0][127:64], %ymm3[127:0][127:0][127:64]) : 0x0₆₄) : 0x0₆₄))[127:0]

But Equivalent after simplification


    strata:        0x0₁₂₈ ∘ ((0x0₆₄ ⊕ mul_double(%ymm2[63:0], %ymm3[63:0])) ∘ 0x0₆₄)
    hand-written:  0x0₁₂₈ ∘ (mul_double(%ymm2[63:0], %ymm3[63:0]) ∘ 0x0₆₄)

/home/sdasgup3/Github/strata/stoke/bin/specgen compare --circuit_dir /home/sdasgup3/Github/strata-data/circuits --opcode vdppd_xmm_xmm_xmm_imm8_27 
strata does not support 'vdppd $0x1b, %xmm3, %xmm2, %xmm1'.
/home/sdasgup3/Github/strata/stoke/bin/specgen compare --circuit_dir /home/sdasgup3/Github/strata-data/circuits --opcode vdppd_xmm_xmm_xmm_imm8_28 
Equivalent.
/home/sdasgup3/Github/strata/stoke/bin/specgen compare --circuit_dir /home/sdasgup3/Github/strata-data/circuits --opcode vdppd_xmm_xmm_xmm_imm8_29 
strata does not support 'vdppd $0x1d, %xmm3, %xmm2, %xmm1'.
/home/sdasgup3/Github/strata/stoke/bin/specgen compare --circuit_dir /home/sdasgup3/Github/strata-data/circuits --opcode vdppd_xmm_xmm_xmm_imm8_30 
strata does not support 'vdppd $0x1e, %xmm3, %xmm2, %xmm1'.
/home/sdasgup3/Github/strata/stoke/bin/specgen compare --circuit_dir /home/sdasgup3/Github/strata-data/circuits --opcode vdppd_xmm_xmm_xmm_imm8_31 
Circuit for 'vdppd $0x1f, %xmm3, %xmm2, %xmm1' (opcode vdppd_xmm_xmm_xmm_imm8_31)
    strata:        0x0₆₄ ∘ (0x0₆₄ ∘ (mul_double(%ymm2[63:0], %ymm3[63:0]) ∘ mul_double(%ymm2[63:0], %ymm3[63:0])))
    hand-written:  0x0₁₂₈ ∘ ((0x1f₈[1:1] = 0x1₁ ? add_double(0x1f₈[4:4] = 0x1₁ ? mul_double(%ymm2[127:0][127:0][63:0], %ymm3[127:0][127:0][63:0]) : 0x0₆₄, 0x1f₈[5:5] = 0x1₁ ? mul_double(%ymm2[127:0][127:0][127:64], %ymm3[127:0][127:0][127:64]) : 0x0₆₄) : 0x0₆₄) ∘ (0x1f₈[0:0] = 0x1₁ ? add_double(0x1f₈[4:4] = 0x1₁ ? mul_double(%ymm2[127:0][127:0][63:0], %ymm3[127:0][127:0][63:0]) : 0x0₆₄, 0x1f₈[5:5] = 0x1₁ ? mul_double(%ymm2[127:0][127:0][127:64], %ymm3[127:0][127:0][127:64]) : 0x0₆₄) : 0x0₆₄))[127:0]

But Equivalent after simplification


    strata:        0x0₆₄ ∘ (0x0₆₄ ∘ (mul_double(%ymm2[63:0], %ymm3[63:0]) ∘ mul_double(%ymm2[63:0], %ymm3[63:0])))
    hand-written:  0x0₁₂₈ ∘ (mul_double(%ymm2[63:0], %ymm3[63:0]) ∘ mul_double(%ymm2[63:0], %ymm3[63:0]))

/home/sdasgup3/Github/strata/stoke/bin/specgen compare --circuit_dir /home/sdasgup3/Github/strata-data/circuits --opcode vdppd_xmm_xmm_xmm_imm8_32 
Equivalent.
/home/sdasgup3/Github/strata/stoke/bin/specgen compare --circuit_dir /home/sdasgup3/Github/strata-data/circuits --opcode vdppd_xmm_xmm_xmm_imm8_33 
Circuit for 'vdppd $0x21, %xmm3, %xmm2, %xmm1' (opcode vdppd_xmm_xmm_xmm_imm8_33)
    strata:        0x0₆₄ ∘ 0x0₆₄ ∘ (0x0₆₄ ∘ (0x0₆₄ ⊕ mul_double(%ymm2[127:64], %ymm3[127:64])))
    hand-written:  0x0₁₂₈ ∘ ((0x21₈[1:1] = 0x1₁ ? add_double(0x21₈[4:4] = 0x1₁ ? mul_double(%ymm2[127:0][127:0][63:0], %ymm3[127:0][127:0][63:0]) : 0x0₆₄, 0x21₈[5:5] = 0x1₁ ? mul_double(%ymm2[127:0][127:0][127:64], %ymm3[127:0][127:0][127:64]) : 0x0₆₄) : 0x0₆₄) ∘ (0x21₈[0:0] = 0x1₁ ? add_double(0x21₈[4:4] = 0x1₁ ? mul_double(%ymm2[127:0][127:0][63:0], %ymm3[127:0][127:0][63:0]) : 0x0₆₄, 0x21₈[5:5] = 0x1₁ ? mul_double(%ymm2[127:0][127:0][127:64], %ymm3[127:0][127:0][127:64]) : 0x0₆₄) : 0x0₆₄))[127:0]

But Equivalent after simplification


    strata:        0x0₆₄ ∘ 0x0₆₄ ∘ (0x0₆₄ ∘ (0x0₆₄ ⊕ mul_double(%ymm2[127:64], %ymm3[127:64])))
    hand-written:  0x0₁₂₈ ∘ (0x0₆₄ ∘ mul_double(%ymm2[127:64], %ymm3[127:64]))

/home/sdasgup3/Github/strata/stoke/bin/specgen compare --circuit_dir /home/sdasgup3/Github/strata-data/circuits --opcode vdppd_xmm_xmm_xmm_imm8_34 
strata does not support 'vdppd $0x22, %xmm3, %xmm2, %xmm1'.
/home/sdasgup3/Github/strata/stoke/bin/specgen compare --circuit_dir /home/sdasgup3/Github/strata-data/circuits --opcode vdppd_xmm_xmm_xmm_imm8_35 
strata does not support 'vdppd $0x23, %xmm3, %xmm2, %xmm1'.
/home/sdasgup3/Github/strata/stoke/bin/specgen compare --circuit_dir /home/sdasgup3/Github/strata-data/circuits --opcode vdppd_xmm_xmm_xmm_imm8_36 
Equivalent.
/home/sdasgup3/Github/strata/stoke/bin/specgen compare --circuit_dir /home/sdasgup3/Github/strata-data/circuits --opcode vdppd_xmm_xmm_xmm_imm8_37 
strata does not support 'vdppd $0x25, %xmm3, %xmm2, %xmm1'.
/home/sdasgup3/Github/strata/stoke/bin/specgen compare --circuit_dir /home/sdasgup3/Github/strata-data/circuits --opcode vdppd_xmm_xmm_xmm_imm8_38 
strata does not support 'vdppd $0x26, %xmm3, %xmm2, %xmm1'.
/home/sdasgup3/Github/strata/stoke/bin/specgen compare --circuit_dir /home/sdasgup3/Github/strata-data/circuits --opcode vdppd_xmm_xmm_xmm_imm8_39 
strata does not support 'vdppd $0x27, %xmm3, %xmm2, %xmm1'.
/home/sdasgup3/Github/strata/stoke/bin/specgen compare --circuit_dir /home/sdasgup3/Github/strata-data/circuits --opcode vdppd_xmm_xmm_xmm_imm8_40 
Equivalent.
/home/sdasgup3/Github/strata/stoke/bin/specgen compare --circuit_dir /home/sdasgup3/Github/strata-data/circuits --opcode vdppd_xmm_xmm_xmm_imm8_41 
strata does not support 'vdppd $0x29, %xmm3, %xmm2, %xmm1'.
/home/sdasgup3/Github/strata/stoke/bin/specgen compare --circuit_dir /home/sdasgup3/Github/strata-data/circuits --opcode vdppd_xmm_xmm_xmm_imm8_42 
strata does not support 'vdppd $0x2a, %xmm3, %xmm2, %xmm1'.
/home/sdasgup3/Github/strata/stoke/bin/specgen compare --circuit_dir /home/sdasgup3/Github/strata-data/circuits --opcode vdppd_xmm_xmm_xmm_imm8_43 
strata does not support 'vdppd $0x2b, %xmm3, %xmm2, %xmm1'.
/home/sdasgup3/Github/strata/stoke/bin/specgen compare --circuit_dir /home/sdasgup3/Github/strata-data/circuits --opcode vdppd_xmm_xmm_xmm_imm8_44 
Equivalent.
/home/sdasgup3/Github/strata/stoke/bin/specgen compare --circuit_dir /home/sdasgup3/Github/strata-data/circuits --opcode vdppd_xmm_xmm_xmm_imm8_45 
strata does not support 'vdppd $0x2d, %xmm3, %xmm2, %xmm1'.
/home/sdasgup3/Github/strata/stoke/bin/specgen compare --circuit_dir /home/sdasgup3/Github/strata-data/circuits --opcode vdppd_xmm_xmm_xmm_imm8_46 
strata does not support 'vdppd $0x2e, %xmm3, %xmm2, %xmm1'.
/home/sdasgup3/Github/strata/stoke/bin/specgen compare --circuit_dir /home/sdasgup3/Github/strata-data/circuits --opcode vdppd_xmm_xmm_xmm_imm8_47 
Circuit for 'vdppd $0x2f, %xmm3, %xmm2, %xmm1' (opcode vdppd_xmm_xmm_xmm_imm8_47)
  not equivalent for '%ymm1':
    strata:        0x0₁₂₈ ∘ (vfmadd132_double(vfmsub132_double(%ymm3[127:64], vfnmsub132_double(0x0₆₄, 0x0₆₄, 0x0₆₄), 0x0₆₄) ⊕ 0x0₆₄ ⊕ (vfmsub132_double(%ymm3[127:64], vfnmsub132_double(0x0₆₄, 0x0₆₄, 0x0₆₄), 0x0₆₄) | vfmsub132_double(%ymm3[127:64], vfnmsub132_double(0x0₆₄, 0x0₆₄, 0x0₆₄), 0x0₆₄) ⊕ 0x0₆₄), vfmsub132_double(%ymm2[127:64], 0x0₆₄, %ymm3[127:64]), 0x0₆₄) ∘ vfmadd132_double(vfmsub132_double(%ymm3[127:64], vfnmsub132_double(0x0₆₄, 0x0₆₄, 0x0₆₄), 0x0₆₄) ⊕ 0x0₆₄ ⊕ (vfmsub132_double(%ymm3[127:64], vfnmsub132_double(0x0₆₄, 0x0₆₄, 0x0₆₄), 0x0₆₄) | vfmsub132_double(%ymm3[127:64], vfnmsub132_double(0x0₆₄, 0x0₆₄, 0x0₆₄), 0x0₆₄) ⊕ 0x0₆₄), vfmsub132_double(%ymm2[127:64], 0x0₆₄, %ymm3[127:64]), 0x0₆₄))
    hand-written:  0x0₁₂₈ ∘ (mul_double(%ymm2[127:64], %ymm3[127:64]) ∘ mul_double(%ymm2[127:64], %ymm3[127:64]))


/home/sdasgup3/Github/strata/stoke/bin/specgen compare --circuit_dir /home/sdasgup3/Github/strata-data/circuits --opcode vdppd_xmm_xmm_xmm_imm8_48 
Equivalent.
/home/sdasgup3/Github/strata/stoke/bin/specgen compare --circuit_dir /home/sdasgup3/Github/strata-data/circuits --opcode vdppd_xmm_xmm_xmm_imm8_49 
Equivalent.
/home/sdasgup3/Github/strata/stoke/bin/specgen compare --circuit_dir /home/sdasgup3/Github/strata-data/circuits --opcode vdppd_xmm_xmm_xmm_imm8_50 
strata does not support 'vdppd $0x32, %xmm3, %xmm2, %xmm1'.
/home/sdasgup3/Github/strata/stoke/bin/specgen compare --circuit_dir /home/sdasgup3/Github/strata-data/circuits --opcode vdppd_xmm_xmm_xmm_imm8_51 
strata does not support 'vdppd $0x33, %xmm3, %xmm2, %xmm1'.
/home/sdasgup3/Github/strata/stoke/bin/specgen compare --circuit_dir /home/sdasgup3/Github/strata-data/circuits --opcode vdppd_xmm_xmm_xmm_imm8_52 
Equivalent.
/home/sdasgup3/Github/strata/stoke/bin/specgen compare --circuit_dir /home/sdasgup3/Github/strata-data/circuits --opcode vdppd_xmm_xmm_xmm_imm8_53 
strata does not support 'vdppd $0x35, %xmm3, %xmm2, %xmm1'.
/home/sdasgup3/Github/strata/stoke/bin/specgen compare --circuit_dir /home/sdasgup3/Github/strata-data/circuits --opcode vdppd_xmm_xmm_xmm_imm8_54 
strata does not support 'vdppd $0x36, %xmm3, %xmm2, %xmm1'.
/home/sdasgup3/Github/strata/stoke/bin/specgen compare --circuit_dir /home/sdasgup3/Github/strata-data/circuits --opcode vdppd_xmm_xmm_xmm_imm8_55 
strata does not support 'vdppd $0x37, %xmm3, %xmm2, %xmm1'.
/home/sdasgup3/Github/strata/stoke/bin/specgen compare --circuit_dir /home/sdasgup3/Github/strata-data/circuits --opcode vdppd_xmm_xmm_xmm_imm8_56 
Equivalent.
/home/sdasgup3/Github/strata/stoke/bin/specgen compare --circuit_dir /home/sdasgup3/Github/strata-data/circuits --opcode vdppd_xmm_xmm_xmm_imm8_57 
strata does not support 'vdppd $0x39, %xmm3, %xmm2, %xmm1'.
/home/sdasgup3/Github/strata/stoke/bin/specgen compare --circuit_dir /home/sdasgup3/Github/strata-data/circuits --opcode vdppd_xmm_xmm_xmm_imm8_58 
strata does not support 'vdppd $0x3a, %xmm3, %xmm2, %xmm1'.
/home/sdasgup3/Github/strata/stoke/bin/specgen compare --circuit_dir /home/sdasgup3/Github/strata-data/circuits --opcode vdppd_xmm_xmm_xmm_imm8_59 
strata does not support 'vdppd $0x3b, %xmm3, %xmm2, %xmm1'.
/home/sdasgup3/Github/strata/stoke/bin/specgen compare --circuit_dir /home/sdasgup3/Github/strata-data/circuits --opcode vdppd_xmm_xmm_xmm_imm8_60 
Equivalent.
/home/sdasgup3/Github/strata/stoke/bin/specgen compare --circuit_dir /home/sdasgup3/Github/strata-data/circuits --opcode vdppd_xmm_xmm_xmm_imm8_61 
Equivalent.
/home/sdasgup3/Github/strata/stoke/bin/specgen compare --circuit_dir /home/sdasgup3/Github/strata-data/circuits --opcode vdppd_xmm_xmm_xmm_imm8_62 
strata does not support 'vdppd $0x3e, %xmm3, %xmm2, %xmm1'.
/home/sdasgup3/Github/strata/stoke/bin/specgen compare --circuit_dir /home/sdasgup3/Github/strata-data/circuits --opcode vdppd_xmm_xmm_xmm_imm8_63 
strata does not support 'vdppd $0x3f, %xmm3, %xmm2, %xmm1'.
/home/sdasgup3/Github/strata/stoke/bin/specgen compare --circuit_dir /home/sdasgup3/Github/strata-data/circuits --opcode vdppd_xmm_xmm_xmm_imm8_64 
Equivalent.
/home/sdasgup3/Github/strata/stoke/bin/specgen compare --circuit_dir /home/sdasgup3/Github/strata-data/circuits --opcode vdppd_xmm_xmm_xmm_imm8_65 
Circuit for 'vdppd $0x41, %xmm3, %xmm2, %xmm1' (opcode vdppd_xmm_xmm_xmm_imm8_65)
    strata:        0x0₂₅₆
    hand-written:  0x0₁₂₈ ∘ ((0x41₈[1:1] = 0x1₁ ? add_double(0x41₈[4:4] = 0x1₁ ? mul_double(%ymm2[127:0][127:0][63:0], %ymm3[127:0][127:0][63:0]) : 0x0₆₄, 0x41₈[5:5] = 0x1₁ ? mul_double(%ymm2[127:0][127:0][127:64], %ymm3[127:0][127:0][127:64]) : 0x0₆₄) : 0x0₆₄) ∘ (0x41₈[0:0] = 0x1₁ ? add_double(0x41₈[4:4] = 0x1₁ ? mul_double(%ymm2[127:0][127:0][63:0], %ymm3[127:0][127:0][63:0]) : 0x0₆₄, 0x41₈[5:5] = 0x1₁ ? mul_double(%ymm2[127:0][127:0][127:64], %ymm3[127:0][127:0][127:64]) : 0x0₆₄) : 0x0₆₄))[127:0]

But Equivalent after simplification


    strata:        0x0₂₅₆
    hand-written:  0x0₁₂₈ ∘ (0x0₆₄ ∘ 0x0₆₄)

/home/sdasgup3/Github/strata/stoke/bin/specgen compare --circuit_dir /home/sdasgup3/Github/strata-data/circuits --opcode vdppd_xmm_xmm_xmm_imm8_66 
Circuit for 'vdppd $0x42, %xmm3, %xmm2, %xmm1' (opcode vdppd_xmm_xmm_xmm_imm8_66)
    strata:        0x0₂₅₆
    hand-written:  0x0₁₂₈ ∘ ((0x42₈[1:1] = 0x1₁ ? add_double(0x42₈[4:4] = 0x1₁ ? mul_double(%ymm2[127:0][127:0][63:0], %ymm3[127:0][127:0][63:0]) : 0x0₆₄, 0x42₈[5:5] = 0x1₁ ? mul_double(%ymm2[127:0][127:0][127:64], %ymm3[127:0][127:0][127:64]) : 0x0₆₄) : 0x0₆₄) ∘ (0x42₈[0:0] = 0x1₁ ? add_double(0x42₈[4:4] = 0x1₁ ? mul_double(%ymm2[127:0][127:0][63:0], %ymm3[127:0][127:0][63:0]) : 0x0₆₄, 0x42₈[5:5] = 0x1₁ ? mul_double(%ymm2[127:0][127:0][127:64], %ymm3[127:0][127:0][127:64]) : 0x0₆₄) : 0x0₆₄))[127:0]

But Equivalent after simplification


    strata:        0x0₂₅₆
    hand-written:  0x0₁₂₈ ∘ (0x0₆₄ ∘ 0x0₆₄)

/home/sdasgup3/Github/strata/stoke/bin/specgen compare --circuit_dir /home/sdasgup3/Github/strata-data/circuits --opcode vdppd_xmm_xmm_xmm_imm8_67 
Circuit for 'vdppd $0x43, %xmm3, %xmm2, %xmm1' (opcode vdppd_xmm_xmm_xmm_imm8_67)
    strata:        0x0₂₅₆
    hand-written:  0x0₁₂₈ ∘ ((0x43₈[1:1] = 0x1₁ ? add_double(0x43₈[4:4] = 0x1₁ ? mul_double(%ymm2[127:0][127:0][63:0], %ymm3[127:0][127:0][63:0]) : 0x0₆₄, 0x43₈[5:5] = 0x1₁ ? mul_double(%ymm2[127:0][127:0][127:64], %ymm3[127:0][127:0][127:64]) : 0x0₆₄) : 0x0₆₄) ∘ (0x43₈[0:0] = 0x1₁ ? add_double(0x43₈[4:4] = 0x1₁ ? mul_double(%ymm2[127:0][127:0][63:0], %ymm3[127:0][127:0][63:0]) : 0x0₆₄, 0x43₈[5:5] = 0x1₁ ? mul_double(%ymm2[127:0][127:0][127:64], %ymm3[127:0][127:0][127:64]) : 0x0₆₄) : 0x0₆₄))[127:0]

But Equivalent after simplification


    strata:        0x0₂₅₆
    hand-written:  0x0₁₂₈ ∘ (0x0₆₄ ∘ 0x0₆₄)

/home/sdasgup3/Github/strata/stoke/bin/specgen compare --circuit_dir /home/sdasgup3/Github/strata-data/circuits --opcode vdppd_xmm_xmm_xmm_imm8_68 
Equivalent.
/home/sdasgup3/Github/strata/stoke/bin/specgen compare --circuit_dir /home/sdasgup3/Github/strata-data/circuits --opcode vdppd_xmm_xmm_xmm_imm8_69 
Circuit for 'vdppd $0x45, %xmm3, %xmm2, %xmm1' (opcode vdppd_xmm_xmm_xmm_imm8_69)
    strata:        0x0₂₅₆
    hand-written:  0x0₁₂₈ ∘ ((0x45₈[1:1] = 0x1₁ ? add_double(0x45₈[4:4] = 0x1₁ ? mul_double(%ymm2[127:0][127:0][63:0], %ymm3[127:0][127:0][63:0]) : 0x0₆₄, 0x45₈[5:5] = 0x1₁ ? mul_double(%ymm2[127:0][127:0][127:64], %ymm3[127:0][127:0][127:64]) : 0x0₆₄) : 0x0₆₄) ∘ (0x45₈[0:0] = 0x1₁ ? add_double(0x45₈[4:4] = 0x1₁ ? mul_double(%ymm2[127:0][127:0][63:0], %ymm3[127:0][127:0][63:0]) : 0x0₆₄, 0x45₈[5:5] = 0x1₁ ? mul_double(%ymm2[127:0][127:0][127:64], %ymm3[127:0][127:0][127:64]) : 0x0₆₄) : 0x0₆₄))[127:0]

But Equivalent after simplification


    strata:        0x0₂₅₆
    hand-written:  0x0₁₂₈ ∘ (0x0₆₄ ∘ 0x0₆₄)

/home/sdasgup3/Github/strata/stoke/bin/specgen compare --circuit_dir /home/sdasgup3/Github/strata-data/circuits --opcode vdppd_xmm_xmm_xmm_imm8_70 
Circuit for 'vdppd $0x46, %xmm3, %xmm2, %xmm1' (opcode vdppd_xmm_xmm_xmm_imm8_70)
    strata:        0x0₂₅₆
    hand-written:  0x0₁₂₈ ∘ ((0x46₈[1:1] = 0x1₁ ? add_double(0x46₈[4:4] = 0x1₁ ? mul_double(%ymm2[127:0][127:0][63:0], %ymm3[127:0][127:0][63:0]) : 0x0₆₄, 0x46₈[5:5] = 0x1₁ ? mul_double(%ymm2[127:0][127:0][127:64], %ymm3[127:0][127:0][127:64]) : 0x0₆₄) : 0x0₆₄) ∘ (0x46₈[0:0] = 0x1₁ ? add_double(0x46₈[4:4] = 0x1₁ ? mul_double(%ymm2[127:0][127:0][63:0], %ymm3[127:0][127:0][63:0]) : 0x0₆₄, 0x46₈[5:5] = 0x1₁ ? mul_double(%ymm2[127:0][127:0][127:64], %ymm3[127:0][127:0][127:64]) : 0x0₆₄) : 0x0₆₄))[127:0]

But Equivalent after simplification


    strata:        0x0₂₅₆
    hand-written:  0x0₁₂₈ ∘ (0x0₆₄ ∘ 0x0₆₄)

/home/sdasgup3/Github/strata/stoke/bin/specgen compare --circuit_dir /home/sdasgup3/Github/strata-data/circuits --opcode vdppd_xmm_xmm_xmm_imm8_71 
Circuit for 'vdppd $0x47, %xmm3, %xmm2, %xmm1' (opcode vdppd_xmm_xmm_xmm_imm8_71)
    strata:        0x0₂₅₆
    hand-written:  0x0₁₂₈ ∘ ((0x47₈[1:1] = 0x1₁ ? add_double(0x47₈[4:4] = 0x1₁ ? mul_double(%ymm2[127:0][127:0][63:0], %ymm3[127:0][127:0][63:0]) : 0x0₆₄, 0x47₈[5:5] = 0x1₁ ? mul_double(%ymm2[127:0][127:0][127:64], %ymm3[127:0][127:0][127:64]) : 0x0₆₄) : 0x0₆₄) ∘ (0x47₈[0:0] = 0x1₁ ? add_double(0x47₈[4:4] = 0x1₁ ? mul_double(%ymm2[127:0][127:0][63:0], %ymm3[127:0][127:0][63:0]) : 0x0₆₄, 0x47₈[5:5] = 0x1₁ ? mul_double(%ymm2[127:0][127:0][127:64], %ymm3[127:0][127:0][127:64]) : 0x0₆₄) : 0x0₆₄))[127:0]

But Equivalent after simplification


    strata:        0x0₂₅₆
    hand-written:  0x0₁₂₈ ∘ (0x0₆₄ ∘ 0x0₆₄)

/home/sdasgup3/Github/strata/stoke/bin/specgen compare --circuit_dir /home/sdasgup3/Github/strata-data/circuits --opcode vdppd_xmm_xmm_xmm_imm8_72 
Equivalent.
/home/sdasgup3/Github/strata/stoke/bin/specgen compare --circuit_dir /home/sdasgup3/Github/strata-data/circuits --opcode vdppd_xmm_xmm_xmm_imm8_73 
Circuit for 'vdppd $0x49, %xmm3, %xmm2, %xmm1' (opcode vdppd_xmm_xmm_xmm_imm8_73)
    strata:        0x0₂₅₆
    hand-written:  0x0₁₂₈ ∘ ((0x49₈[1:1] = 0x1₁ ? add_double(0x49₈[4:4] = 0x1₁ ? mul_double(%ymm2[127:0][127:0][63:0], %ymm3[127:0][127:0][63:0]) : 0x0₆₄, 0x49₈[5:5] = 0x1₁ ? mul_double(%ymm2[127:0][127:0][127:64], %ymm3[127:0][127:0][127:64]) : 0x0₆₄) : 0x0₆₄) ∘ (0x49₈[0:0] = 0x1₁ ? add_double(0x49₈[4:4] = 0x1₁ ? mul_double(%ymm2[127:0][127:0][63:0], %ymm3[127:0][127:0][63:0]) : 0x0₆₄, 0x49₈[5:5] = 0x1₁ ? mul_double(%ymm2[127:0][127:0][127:64], %ymm3[127:0][127:0][127:64]) : 0x0₆₄) : 0x0₆₄))[127:0]

But Equivalent after simplification


    strata:        0x0₂₅₆
    hand-written:  0x0₁₂₈ ∘ (0x0₆₄ ∘ 0x0₆₄)

/home/sdasgup3/Github/strata/stoke/bin/specgen compare --circuit_dir /home/sdasgup3/Github/strata-data/circuits --opcode vdppd_xmm_xmm_xmm_imm8_74 
Circuit for 'vdppd $0x4a, %xmm3, %xmm2, %xmm1' (opcode vdppd_xmm_xmm_xmm_imm8_74)
    strata:        0x0₂₅₆
    hand-written:  0x0₁₂₈ ∘ ((0x4a₈[1:1] = 0x1₁ ? add_double(0x4a₈[4:4] = 0x1₁ ? mul_double(%ymm2[127:0][127:0][63:0], %ymm3[127:0][127:0][63:0]) : 0x0₆₄, 0x4a₈[5:5] = 0x1₁ ? mul_double(%ymm2[127:0][127:0][127:64], %ymm3[127:0][127:0][127:64]) : 0x0₆₄) : 0x0₆₄) ∘ (0x4a₈[0:0] = 0x1₁ ? add_double(0x4a₈[4:4] = 0x1₁ ? mul_double(%ymm2[127:0][127:0][63:0], %ymm3[127:0][127:0][63:0]) : 0x0₆₄, 0x4a₈[5:5] = 0x1₁ ? mul_double(%ymm2[127:0][127:0][127:64], %ymm3[127:0][127:0][127:64]) : 0x0₆₄) : 0x0₆₄))[127:0]

But Equivalent after simplification


    strata:        0x0₂₅₆
    hand-written:  0x0₁₂₈ ∘ (0x0₆₄ ∘ 0x0₆₄)

/home/sdasgup3/Github/strata/stoke/bin/specgen compare --circuit_dir /home/sdasgup3/Github/strata-data/circuits --opcode vdppd_xmm_xmm_xmm_imm8_75 
Circuit for 'vdppd $0x4b, %xmm3, %xmm2, %xmm1' (opcode vdppd_xmm_xmm_xmm_imm8_75)
    strata:        0x0₂₅₆
    hand-written:  0x0₁₂₈ ∘ ((0x4b₈[1:1] = 0x1₁ ? add_double(0x4b₈[4:4] = 0x1₁ ? mul_double(%ymm2[127:0][127:0][63:0], %ymm3[127:0][127:0][63:0]) : 0x0₆₄, 0x4b₈[5:5] = 0x1₁ ? mul_double(%ymm2[127:0][127:0][127:64], %ymm3[127:0][127:0][127:64]) : 0x0₆₄) : 0x0₆₄) ∘ (0x4b₈[0:0] = 0x1₁ ? add_double(0x4b₈[4:4] = 0x1₁ ? mul_double(%ymm2[127:0][127:0][63:0], %ymm3[127:0][127:0][63:0]) : 0x0₆₄, 0x4b₈[5:5] = 0x1₁ ? mul_double(%ymm2[127:0][127:0][127:64], %ymm3[127:0][127:0][127:64]) : 0x0₆₄) : 0x0₆₄))[127:0]

But Equivalent after simplification


    strata:        0x0₂₅₆
    hand-written:  0x0₁₂₈ ∘ (0x0₆₄ ∘ 0x0₆₄)

/home/sdasgup3/Github/strata/stoke/bin/specgen compare --circuit_dir /home/sdasgup3/Github/strata-data/circuits --opcode vdppd_xmm_xmm_xmm_imm8_76 
Equivalent.
/home/sdasgup3/Github/strata/stoke/bin/specgen compare --circuit_dir /home/sdasgup3/Github/strata-data/circuits --opcode vdppd_xmm_xmm_xmm_imm8_77 
Circuit for 'vdppd $0x4d, %xmm3, %xmm2, %xmm1' (opcode vdppd_xmm_xmm_xmm_imm8_77)
    strata:        0x0₂₅₆
    hand-written:  0x0₁₂₈ ∘ ((0x4d₈[1:1] = 0x1₁ ? add_double(0x4d₈[4:4] = 0x1₁ ? mul_double(%ymm2[127:0][127:0][63:0], %ymm3[127:0][127:0][63:0]) : 0x0₆₄, 0x4d₈[5:5] = 0x1₁ ? mul_double(%ymm2[127:0][127:0][127:64], %ymm3[127:0][127:0][127:64]) : 0x0₆₄) : 0x0₆₄) ∘ (0x4d₈[0:0] = 0x1₁ ? add_double(0x4d₈[4:4] = 0x1₁ ? mul_double(%ymm2[127:0][127:0][63:0], %ymm3[127:0][127:0][63:0]) : 0x0₆₄, 0x4d₈[5:5] = 0x1₁ ? mul_double(%ymm2[127:0][127:0][127:64], %ymm3[127:0][127:0][127:64]) : 0x0₆₄) : 0x0₆₄))[127:0]

But Equivalent after simplification


    strata:        0x0₂₅₆
    hand-written:  0x0₁₂₈ ∘ (0x0₆₄ ∘ 0x0₆₄)

/home/sdasgup3/Github/strata/stoke/bin/specgen compare --circuit_dir /home/sdasgup3/Github/strata-data/circuits --opcode vdppd_xmm_xmm_xmm_imm8_78 
Circuit for 'vdppd $0x4e, %xmm3, %xmm2, %xmm1' (opcode vdppd_xmm_xmm_xmm_imm8_78)
    strata:        0x0₂₅₆
    hand-written:  0x0₁₂₈ ∘ ((0x4e₈[1:1] = 0x1₁ ? add_double(0x4e₈[4:4] = 0x1₁ ? mul_double(%ymm2[127:0][127:0][63:0], %ymm3[127:0][127:0][63:0]) : 0x0₆₄, 0x4e₈[5:5] = 0x1₁ ? mul_double(%ymm2[127:0][127:0][127:64], %ymm3[127:0][127:0][127:64]) : 0x0₆₄) : 0x0₆₄) ∘ (0x4e₈[0:0] = 0x1₁ ? add_double(0x4e₈[4:4] = 0x1₁ ? mul_double(%ymm2[127:0][127:0][63:0], %ymm3[127:0][127:0][63:0]) : 0x0₆₄, 0x4e₈[5:5] = 0x1₁ ? mul_double(%ymm2[127:0][127:0][127:64], %ymm3[127:0][127:0][127:64]) : 0x0₆₄) : 0x0₆₄))[127:0]

But Equivalent after simplification


    strata:        0x0₂₅₆
    hand-written:  0x0₁₂₈ ∘ (0x0₆₄ ∘ 0x0₆₄)

/home/sdasgup3/Github/strata/stoke/bin/specgen compare --circuit_dir /home/sdasgup3/Github/strata-data/circuits --opcode vdppd_xmm_xmm_xmm_imm8_79 
Circuit for 'vdppd $0x4f, %xmm3, %xmm2, %xmm1' (opcode vdppd_xmm_xmm_xmm_imm8_79)
    strata:        0x0₂₅₆
    hand-written:  0x0₁₂₈ ∘ ((0x4f₈[1:1] = 0x1₁ ? add_double(0x4f₈[4:4] = 0x1₁ ? mul_double(%ymm2[127:0][127:0][63:0], %ymm3[127:0][127:0][63:0]) : 0x0₆₄, 0x4f₈[5:5] = 0x1₁ ? mul_double(%ymm2[127:0][127:0][127:64], %ymm3[127:0][127:0][127:64]) : 0x0₆₄) : 0x0₆₄) ∘ (0x4f₈[0:0] = 0x1₁ ? add_double(0x4f₈[4:4] = 0x1₁ ? mul_double(%ymm2[127:0][127:0][63:0], %ymm3[127:0][127:0][63:0]) : 0x0₆₄, 0x4f₈[5:5] = 0x1₁ ? mul_double(%ymm2[127:0][127:0][127:64], %ymm3[127:0][127:0][127:64]) : 0x0₆₄) : 0x0₆₄))[127:0]

But Equivalent after simplification


    strata:        0x0₂₅₆
    hand-written:  0x0₁₂₈ ∘ (0x0₆₄ ∘ 0x0₆₄)

/home/sdasgup3/Github/strata/stoke/bin/specgen compare --circuit_dir /home/sdasgup3/Github/strata-data/circuits --opcode vdppd_xmm_xmm_xmm_imm8_80 
Equivalent.
/home/sdasgup3/Github/strata/stoke/bin/specgen compare --circuit_dir /home/sdasgup3/Github/strata-data/circuits --opcode vdppd_xmm_xmm_xmm_imm8_81 
strata does not support 'vdppd $0x51, %xmm3, %xmm2, %xmm1'.
/home/sdasgup3/Github/strata/stoke/bin/specgen compare --circuit_dir /home/sdasgup3/Github/strata-data/circuits --opcode vdppd_xmm_xmm_xmm_imm8_82 
strata does not support 'vdppd $0x52, %xmm3, %xmm2, %xmm1'.
/home/sdasgup3/Github/strata/stoke/bin/specgen compare --circuit_dir /home/sdasgup3/Github/strata-data/circuits --opcode vdppd_xmm_xmm_xmm_imm8_83 
strata does not support 'vdppd $0x53, %xmm3, %xmm2, %xmm1'.
/home/sdasgup3/Github/strata/stoke/bin/specgen compare --circuit_dir /home/sdasgup3/Github/strata-data/circuits --opcode vdppd_xmm_xmm_xmm_imm8_84 
Equivalent.
/home/sdasgup3/Github/strata/stoke/bin/specgen compare --circuit_dir /home/sdasgup3/Github/strata-data/circuits --opcode vdppd_xmm_xmm_xmm_imm8_85 
Circuit for 'vdppd $0x55, %xmm3, %xmm2, %xmm1' (opcode vdppd_xmm_xmm_xmm_imm8_85)
  not equivalent for '%ymm1':
    strata:        0x0₁₂₈ ∘ (0x0₆₄ ∘ vfmsub132_double(0x0₆₄, vfnmsub132_double(0x0₆₄, mul_double(%ymm2[63:0], %ymm3[63:0]), 0x0₆₄), 0x0₆₄))
    hand-written:  0x0₁₂₈ ∘ (0x0₆₄ ∘ mul_double(%ymm2[63:0], %ymm3[63:0]))


/home/sdasgup3/Github/strata/stoke/bin/specgen compare --circuit_dir /home/sdasgup3/Github/strata-data/circuits --opcode vdppd_xmm_xmm_xmm_imm8_86 
strata does not support 'vdppd $0x56, %xmm3, %xmm2, %xmm1'.
/home/sdasgup3/Github/strata/stoke/bin/specgen compare --circuit_dir /home/sdasgup3/Github/strata-data/circuits --opcode vdppd_xmm_xmm_xmm_imm8_87 
strata does not support 'vdppd $0x57, %xmm3, %xmm2, %xmm1'.
/home/sdasgup3/Github/strata/stoke/bin/specgen compare --circuit_dir /home/sdasgup3/Github/strata-data/circuits --opcode vdppd_xmm_xmm_xmm_imm8_88 
Equivalent.
/home/sdasgup3/Github/strata/stoke/bin/specgen compare --circuit_dir /home/sdasgup3/Github/strata-data/circuits --opcode vdppd_xmm_xmm_xmm_imm8_89 
Circuit for 'vdppd $0x59, %xmm3, %xmm2, %xmm1' (opcode vdppd_xmm_xmm_xmm_imm8_89)
  not equivalent for '%ymm1':
    strata:        0x0₁₂₈ ∘ (0x0₆₄ ∘ vfmsub132_double(%ymm2[63:0], 0x0₆₄, %ymm3[63:0]))
    hand-written:  0x0₁₂₈ ∘ (0x0₆₄ ∘ mul_double(%ymm2[63:0], %ymm3[63:0]))


/home/sdasgup3/Github/strata/stoke/bin/specgen compare --circuit_dir /home/sdasgup3/Github/strata-data/circuits --opcode vdppd_xmm_xmm_xmm_imm8_90 
strata does not support 'vdppd $0x5a, %xmm3, %xmm2, %xmm1'.
/home/sdasgup3/Github/strata/stoke/bin/specgen compare --circuit_dir /home/sdasgup3/Github/strata-data/circuits --opcode vdppd_xmm_xmm_xmm_imm8_91 
strata does not support 'vdppd $0x5b, %xmm3, %xmm2, %xmm1'.
/home/sdasgup3/Github/strata/stoke/bin/specgen compare --circuit_dir /home/sdasgup3/Github/strata-data/circuits --opcode vdppd_xmm_xmm_xmm_imm8_92 
Equivalent.
/home/sdasgup3/Github/strata/stoke/bin/specgen compare --circuit_dir /home/sdasgup3/Github/strata-data/circuits --opcode vdppd_xmm_xmm_xmm_imm8_93 
strata does not support 'vdppd $0x5d, %xmm3, %xmm2, %xmm1'.
/home/sdasgup3/Github/strata/stoke/bin/specgen compare --circuit_dir /home/sdasgup3/Github/strata-data/circuits --opcode vdppd_xmm_xmm_xmm_imm8_94 
strata does not support 'vdppd $0x5e, %xmm3, %xmm2, %xmm1'.
/home/sdasgup3/Github/strata/stoke/bin/specgen compare --circuit_dir /home/sdasgup3/Github/strata-data/circuits --opcode vdppd_xmm_xmm_xmm_imm8_95 
strata does not support 'vdppd $0x5f, %xmm3, %xmm2, %xmm1'.
/home/sdasgup3/Github/strata/stoke/bin/specgen compare --circuit_dir /home/sdasgup3/Github/strata-data/circuits --opcode vdppd_xmm_xmm_xmm_imm8_96 
Equivalent.
/home/sdasgup3/Github/strata/stoke/bin/specgen compare --circuit_dir /home/sdasgup3/Github/strata-data/circuits --opcode vdppd_xmm_xmm_xmm_imm8_97 
strata does not support 'vdppd $0x61, %xmm3, %xmm2, %xmm1'.
/home/sdasgup3/Github/strata/stoke/bin/specgen compare --circuit_dir /home/sdasgup3/Github/strata-data/circuits --opcode vdppd_xmm_xmm_xmm_imm8_98 
Circuit for 'vdppd $0x62, %xmm3, %xmm2, %xmm1' (opcode vdppd_xmm_xmm_xmm_imm8_98)
    strata:        0x0₁₂₈ ∘ (mul_double(%ymm2[127:64], %ymm3[127:64]) ∘ 0x0₆₄)
    hand-written:  0x0₁₂₈ ∘ ((0x62₈[1:1] = 0x1₁ ? add_double(0x62₈[4:4] = 0x1₁ ? mul_double(%ymm2[127:0][127:0][63:0], %ymm3[127:0][127:0][63:0]) : 0x0₆₄, 0x62₈[5:5] = 0x1₁ ? mul_double(%ymm2[127:0][127:0][127:64], %ymm3[127:0][127:0][127:64]) : 0x0₆₄) : 0x0₆₄) ∘ (0x62₈[0:0] = 0x1₁ ? add_double(0x62₈[4:4] = 0x1₁ ? mul_double(%ymm2[127:0][127:0][63:0], %ymm3[127:0][127:0][63:0]) : 0x0₆₄, 0x62₈[5:5] = 0x1₁ ? mul_double(%ymm2[127:0][127:0][127:64], %ymm3[127:0][127:0][127:64]) : 0x0₆₄) : 0x0₆₄))[127:0]

But Equivalent after simplification


    strata:        0x0₁₂₈ ∘ (mul_double(%ymm2[127:64], %ymm3[127:64]) ∘ 0x0₆₄)
    hand-written:  0x0₁₂₈ ∘ (mul_double(%ymm2[127:64], %ymm3[127:64]) ∘ 0x0₆₄)

/home/sdasgup3/Github/strata/stoke/bin/specgen compare --circuit_dir /home/sdasgup3/Github/strata-data/circuits --opcode vdppd_xmm_xmm_xmm_imm8_99 
strata does not support 'vdppd $0x63, %xmm3, %xmm2, %xmm1'.
/home/sdasgup3/Github/strata/stoke/bin/specgen compare --circuit_dir /home/sdasgup3/Github/strata-data/circuits --opcode vdppd_xmm_xmm_xmm_imm8_100 
Equivalent.
/home/sdasgup3/Github/strata/stoke/bin/specgen compare --circuit_dir /home/sdasgup3/Github/strata-data/circuits --opcode vdppd_xmm_xmm_xmm_imm8_101 
Circuit for 'vdppd $0x65, %xmm3, %xmm2, %xmm1' (opcode vdppd_xmm_xmm_xmm_imm8_101)
  not equivalent for '%ymm1':
    strata:        0x0₁₂₈ ∘ (0x0₆₄ ∘ vfmsub132_double(0x0₆₄, vfnmadd132_double(%ymm2[127:64], 0x0₆₄, %ymm3[127:64]) ⊕ 0x0₆₄, 0x0₆₄))
    hand-written:  0x0₁₂₈ ∘ (0x0₆₄ ∘ mul_double(%ymm2[127:64], %ymm3[127:64]))


/home/sdasgup3/Github/strata/stoke/bin/specgen compare --circuit_dir /home/sdasgup3/Github/strata-data/circuits --opcode vdppd_xmm_xmm_xmm_imm8_102 
strata does not support 'vdppd $0x66, %xmm3, %xmm2, %xmm1'.
/home/sdasgup3/Github/strata/stoke/bin/specgen compare --circuit_dir /home/sdasgup3/Github/strata-data/circuits --opcode vdppd_xmm_xmm_xmm_imm8_103 
strata does not support 'vdppd $0x67, %xmm3, %xmm2, %xmm1'.
/home/sdasgup3/Github/strata/stoke/bin/specgen compare --circuit_dir /home/sdasgup3/Github/strata-data/circuits --opcode vdppd_xmm_xmm_xmm_imm8_104 
Equivalent.
/home/sdasgup3/Github/strata/stoke/bin/specgen compare --circuit_dir /home/sdasgup3/Github/strata-data/circuits --opcode vdppd_xmm_xmm_xmm_imm8_105 
strata does not support 'vdppd $0x69, %xmm3, %xmm2, %xmm1'.
/home/sdasgup3/Github/strata/stoke/bin/specgen compare --circuit_dir /home/sdasgup3/Github/strata-data/circuits --opcode vdppd_xmm_xmm_xmm_imm8_106 
strata does not support 'vdppd $0x6a, %xmm3, %xmm2, %xmm1'.
/home/sdasgup3/Github/strata/stoke/bin/specgen compare --circuit_dir /home/sdasgup3/Github/strata-data/circuits --opcode vdppd_xmm_xmm_xmm_imm8_107 
Circuit for 'vdppd $0x6b, %xmm3, %xmm2, %xmm1' (opcode vdppd_xmm_xmm_xmm_imm8_107)
    strata:        0x0₁₂₈ ∘ (mul_double(%ymm2[127:64], %ymm3[127:64]) ∘ mul_double(%ymm2[127:64], %ymm3[127:64]))
    hand-written:  0x0₁₂₈ ∘ ((0x6b₈[1:1] = 0x1₁ ? add_double(0x6b₈[4:4] = 0x1₁ ? mul_double(%ymm2[127:0][127:0][63:0], %ymm3[127:0][127:0][63:0]) : 0x0₆₄, 0x6b₈[5:5] = 0x1₁ ? mul_double(%ymm2[127:0][127:0][127:64], %ymm3[127:0][127:0][127:64]) : 0x0₆₄) : 0x0₆₄) ∘ (0x6b₈[0:0] = 0x1₁ ? add_double(0x6b₈[4:4] = 0x1₁ ? mul_double(%ymm2[127:0][127:0][63:0], %ymm3[127:0][127:0][63:0]) : 0x0₆₄, 0x6b₈[5:5] = 0x1₁ ? mul_double(%ymm2[127:0][127:0][127:64], %ymm3[127:0][127:0][127:64]) : 0x0₆₄) : 0x0₆₄))[127:0]

But Equivalent after simplification


    strata:        0x0₁₂₈ ∘ (mul_double(%ymm2[127:64], %ymm3[127:64]) ∘ mul_double(%ymm2[127:64], %ymm3[127:64]))
    hand-written:  0x0₁₂₈ ∘ (mul_double(%ymm2[127:64], %ymm3[127:64]) ∘ mul_double(%ymm2[127:64], %ymm3[127:64]))

/home/sdasgup3/Github/strata/stoke/bin/specgen compare --circuit_dir /home/sdasgup3/Github/strata-data/circuits --opcode vdppd_xmm_xmm_xmm_imm8_108 
Equivalent.
/home/sdasgup3/Github/strata/stoke/bin/specgen compare --circuit_dir /home/sdasgup3/Github/strata-data/circuits --opcode vdppd_xmm_xmm_xmm_imm8_109 
strata does not support 'vdppd $0x6d, %xmm3, %xmm2, %xmm1'.
/home/sdasgup3/Github/strata/stoke/bin/specgen compare --circuit_dir /home/sdasgup3/Github/strata-data/circuits --opcode vdppd_xmm_xmm_xmm_imm8_110 
strata does not support 'vdppd $0x6e, %xmm3, %xmm2, %xmm1'.
/home/sdasgup3/Github/strata/stoke/bin/specgen compare --circuit_dir /home/sdasgup3/Github/strata-data/circuits --opcode vdppd_xmm_xmm_xmm_imm8_111 
Circuit for 'vdppd $0x6f, %xmm3, %xmm2, %xmm1' (opcode vdppd_xmm_xmm_xmm_imm8_111)
  not equivalent for '%ymm1':
    strata:        0x0₁₂₈ ∘ (vfmsub132_double(%ymm2[127:64], 0x0₆₄, %ymm3[127:64]) ∘ vfmsub132_double(%ymm2[127:64], 0x0₆₄, %ymm3[127:64]))
    hand-written:  0x0₁₂₈ ∘ (mul_double(%ymm2[127:64], %ymm3[127:64]) ∘ mul_double(%ymm2[127:64], %ymm3[127:64]))


/home/sdasgup3/Github/strata/stoke/bin/specgen compare --circuit_dir /home/sdasgup3/Github/strata-data/circuits --opcode vdppd_xmm_xmm_xmm_imm8_112 
Equivalent.
/home/sdasgup3/Github/strata/stoke/bin/specgen compare --circuit_dir /home/sdasgup3/Github/strata-data/circuits --opcode vdppd_xmm_xmm_xmm_imm8_113 
strata does not support 'vdppd $0x71, %xmm3, %xmm2, %xmm1'.
/home/sdasgup3/Github/strata/stoke/bin/specgen compare --circuit_dir /home/sdasgup3/Github/strata-data/circuits --opcode vdppd_xmm_xmm_xmm_imm8_114 
strata does not support 'vdppd $0x72, %xmm3, %xmm2, %xmm1'.
/home/sdasgup3/Github/strata/stoke/bin/specgen compare --circuit_dir /home/sdasgup3/Github/strata-data/circuits --opcode vdppd_xmm_xmm_xmm_imm8_115 
strata does not support 'vdppd $0x73, %xmm3, %xmm2, %xmm1'.
/home/sdasgup3/Github/strata/stoke/bin/specgen compare --circuit_dir /home/sdasgup3/Github/strata-data/circuits --opcode vdppd_xmm_xmm_xmm_imm8_116 
Equivalent.
/home/sdasgup3/Github/strata/stoke/bin/specgen compare --circuit_dir /home/sdasgup3/Github/strata-data/circuits --opcode vdppd_xmm_xmm_xmm_imm8_117 
strata does not support 'vdppd $0x75, %xmm3, %xmm2, %xmm1'.
/home/sdasgup3/Github/strata/stoke/bin/specgen compare --circuit_dir /home/sdasgup3/Github/strata-data/circuits --opcode vdppd_xmm_xmm_xmm_imm8_118 
strata does not support 'vdppd $0x76, %xmm3, %xmm2, %xmm1'.
/home/sdasgup3/Github/strata/stoke/bin/specgen compare --circuit_dir /home/sdasgup3/Github/strata-data/circuits --opcode vdppd_xmm_xmm_xmm_imm8_119 
strata does not support 'vdppd $0x77, %xmm3, %xmm2, %xmm1'.
/home/sdasgup3/Github/strata/stoke/bin/specgen compare --circuit_dir /home/sdasgup3/Github/strata-data/circuits --opcode vdppd_xmm_xmm_xmm_imm8_120 
Equivalent.
/home/sdasgup3/Github/strata/stoke/bin/specgen compare --circuit_dir /home/sdasgup3/Github/strata-data/circuits --opcode vdppd_xmm_xmm_xmm_imm8_121 
strata does not support 'vdppd $0x79, %xmm3, %xmm2, %xmm1'.
/home/sdasgup3/Github/strata/stoke/bin/specgen compare --circuit_dir /home/sdasgup3/Github/strata-data/circuits --opcode vdppd_xmm_xmm_xmm_imm8_122 
strata does not support 'vdppd $0x7a, %xmm3, %xmm2, %xmm1'.
/home/sdasgup3/Github/strata/stoke/bin/specgen compare --circuit_dir /home/sdasgup3/Github/strata-data/circuits --opcode vdppd_xmm_xmm_xmm_imm8_123 
strata does not support 'vdppd $0x7b, %xmm3, %xmm2, %xmm1'.
/home/sdasgup3/Github/strata/stoke/bin/specgen compare --circuit_dir /home/sdasgup3/Github/strata-data/circuits --opcode vdppd_xmm_xmm_xmm_imm8_124 
Equivalent.
/home/sdasgup3/Github/strata/stoke/bin/specgen compare --circuit_dir /home/sdasgup3/Github/strata-data/circuits --opcode vdppd_xmm_xmm_xmm_imm8_125 
strata does not support 'vdppd $0x7d, %xmm3, %xmm2, %xmm1'.
/home/sdasgup3/Github/strata/stoke/bin/specgen compare --circuit_dir /home/sdasgup3/Github/strata-data/circuits --opcode vdppd_xmm_xmm_xmm_imm8_126 
strata does not support 'vdppd $0x7e, %xmm3, %xmm2, %xmm1'.
/home/sdasgup3/Github/strata/stoke/bin/specgen compare --circuit_dir /home/sdasgup3/Github/strata-data/circuits --opcode vdppd_xmm_xmm_xmm_imm8_127 
strata does not support 'vdppd $0x7f, %xmm3, %xmm2, %xmm1'.
/home/sdasgup3/Github/strata/stoke/bin/specgen compare --circuit_dir /home/sdasgup3/Github/strata-data/circuits --opcode vdppd_xmm_xmm_xmm_imm8_128 
Equivalent.
/home/sdasgup3/Github/strata/stoke/bin/specgen compare --circuit_dir /home/sdasgup3/Github/strata-data/circuits --opcode vdppd_xmm_xmm_xmm_imm8_129 
Circuit for 'vdppd $0x81, %xmm3, %xmm2, %xmm1' (opcode vdppd_xmm_xmm_xmm_imm8_129)
    strata:        0x0₂₅₆
    hand-written:  0x0₁₂₈ ∘ ((0x81₈[1:1] = 0x1₁ ? add_double(0x81₈[4:4] = 0x1₁ ? mul_double(%ymm2[127:0][127:0][63:0], %ymm3[127:0][127:0][63:0]) : 0x0₆₄, 0x81₈[5:5] = 0x1₁ ? mul_double(%ymm2[127:0][127:0][127:64], %ymm3[127:0][127:0][127:64]) : 0x0₆₄) : 0x0₆₄) ∘ (0x81₈[0:0] = 0x1₁ ? add_double(0x81₈[4:4] = 0x1₁ ? mul_double(%ymm2[127:0][127:0][63:0], %ymm3[127:0][127:0][63:0]) : 0x0₆₄, 0x81₈[5:5] = 0x1₁ ? mul_double(%ymm2[127:0][127:0][127:64], %ymm3[127:0][127:0][127:64]) : 0x0₆₄) : 0x0₆₄))[127:0]

But Equivalent after simplification


    strata:        0x0₂₅₆
    hand-written:  0x0₁₂₈ ∘ (0x0₆₄ ∘ 0x0₆₄)

/home/sdasgup3/Github/strata/stoke/bin/specgen compare --circuit_dir /home/sdasgup3/Github/strata-data/circuits --opcode vdppd_xmm_xmm_xmm_imm8_130 
Circuit for 'vdppd $0x82, %xmm3, %xmm2, %xmm1' (opcode vdppd_xmm_xmm_xmm_imm8_130)
    strata:        0x0₂₅₆
    hand-written:  0x0₁₂₈ ∘ ((0x82₈[1:1] = 0x1₁ ? add_double(0x82₈[4:4] = 0x1₁ ? mul_double(%ymm2[127:0][127:0][63:0], %ymm3[127:0][127:0][63:0]) : 0x0₆₄, 0x82₈[5:5] = 0x1₁ ? mul_double(%ymm2[127:0][127:0][127:64], %ymm3[127:0][127:0][127:64]) : 0x0₆₄) : 0x0₆₄) ∘ (0x82₈[0:0] = 0x1₁ ? add_double(0x82₈[4:4] = 0x1₁ ? mul_double(%ymm2[127:0][127:0][63:0], %ymm3[127:0][127:0][63:0]) : 0x0₆₄, 0x82₈[5:5] = 0x1₁ ? mul_double(%ymm2[127:0][127:0][127:64], %ymm3[127:0][127:0][127:64]) : 0x0₆₄) : 0x0₆₄))[127:0]

But Equivalent after simplification


    strata:        0x0₂₅₆
    hand-written:  0x0₁₂₈ ∘ (0x0₆₄ ∘ 0x0₆₄)

/home/sdasgup3/Github/strata/stoke/bin/specgen compare --circuit_dir /home/sdasgup3/Github/strata-data/circuits --opcode vdppd_xmm_xmm_xmm_imm8_131 
Circuit for 'vdppd $0x83, %xmm3, %xmm2, %xmm1' (opcode vdppd_xmm_xmm_xmm_imm8_131)
    strata:        0x0₂₅₆
    hand-written:  0x0₁₂₈ ∘ ((0x83₈[1:1] = 0x1₁ ? add_double(0x83₈[4:4] = 0x1₁ ? mul_double(%ymm2[127:0][127:0][63:0], %ymm3[127:0][127:0][63:0]) : 0x0₆₄, 0x83₈[5:5] = 0x1₁ ? mul_double(%ymm2[127:0][127:0][127:64], %ymm3[127:0][127:0][127:64]) : 0x0₆₄) : 0x0₆₄) ∘ (0x83₈[0:0] = 0x1₁ ? add_double(0x83₈[4:4] = 0x1₁ ? mul_double(%ymm2[127:0][127:0][63:0], %ymm3[127:0][127:0][63:0]) : 0x0₆₄, 0x83₈[5:5] = 0x1₁ ? mul_double(%ymm2[127:0][127:0][127:64], %ymm3[127:0][127:0][127:64]) : 0x0₆₄) : 0x0₆₄))[127:0]

But Equivalent after simplification


    strata:        0x0₂₅₆
    hand-written:  0x0₁₂₈ ∘ (0x0₆₄ ∘ 0x0₆₄)

/home/sdasgup3/Github/strata/stoke/bin/specgen compare --circuit_dir /home/sdasgup3/Github/strata-data/circuits --opcode vdppd_xmm_xmm_xmm_imm8_132 
Equivalent.
/home/sdasgup3/Github/strata/stoke/bin/specgen compare --circuit_dir /home/sdasgup3/Github/strata-data/circuits --opcode vdppd_xmm_xmm_xmm_imm8_133 
Circuit for 'vdppd $0x85, %xmm3, %xmm2, %xmm1' (opcode vdppd_xmm_xmm_xmm_imm8_133)
    strata:        0x0₂₅₆
    hand-written:  0x0₁₂₈ ∘ ((0x85₈[1:1] = 0x1₁ ? add_double(0x85₈[4:4] = 0x1₁ ? mul_double(%ymm2[127:0][127:0][63:0], %ymm3[127:0][127:0][63:0]) : 0x0₆₄, 0x85₈[5:5] = 0x1₁ ? mul_double(%ymm2[127:0][127:0][127:64], %ymm3[127:0][127:0][127:64]) : 0x0₆₄) : 0x0₆₄) ∘ (0x85₈[0:0] = 0x1₁ ? add_double(0x85₈[4:4] = 0x1₁ ? mul_double(%ymm2[127:0][127:0][63:0], %ymm3[127:0][127:0][63:0]) : 0x0₆₄, 0x85₈[5:5] = 0x1₁ ? mul_double(%ymm2[127:0][127:0][127:64], %ymm3[127:0][127:0][127:64]) : 0x0₆₄) : 0x0₆₄))[127:0]

But Equivalent after simplification


    strata:        0x0₂₅₆
    hand-written:  0x0₁₂₈ ∘ (0x0₆₄ ∘ 0x0₆₄)

/home/sdasgup3/Github/strata/stoke/bin/specgen compare --circuit_dir /home/sdasgup3/Github/strata-data/circuits --opcode vdppd_xmm_xmm_xmm_imm8_134 
Circuit for 'vdppd $0x86, %xmm3, %xmm2, %xmm1' (opcode vdppd_xmm_xmm_xmm_imm8_134)
    strata:        0x0₂₅₆
    hand-written:  0x0₁₂₈ ∘ ((0x86₈[1:1] = 0x1₁ ? add_double(0x86₈[4:4] = 0x1₁ ? mul_double(%ymm2[127:0][127:0][63:0], %ymm3[127:0][127:0][63:0]) : 0x0₆₄, 0x86₈[5:5] = 0x1₁ ? mul_double(%ymm2[127:0][127:0][127:64], %ymm3[127:0][127:0][127:64]) : 0x0₆₄) : 0x0₆₄) ∘ (0x86₈[0:0] = 0x1₁ ? add_double(0x86₈[4:4] = 0x1₁ ? mul_double(%ymm2[127:0][127:0][63:0], %ymm3[127:0][127:0][63:0]) : 0x0₆₄, 0x86₈[5:5] = 0x1₁ ? mul_double(%ymm2[127:0][127:0][127:64], %ymm3[127:0][127:0][127:64]) : 0x0₆₄) : 0x0₆₄))[127:0]

But Equivalent after simplification


    strata:        0x0₂₅₆
    hand-written:  0x0₁₂₈ ∘ (0x0₆₄ ∘ 0x0₆₄)

/home/sdasgup3/Github/strata/stoke/bin/specgen compare --circuit_dir /home/sdasgup3/Github/strata-data/circuits --opcode vdppd_xmm_xmm_xmm_imm8_135 
Circuit for 'vdppd $0x87, %xmm3, %xmm2, %xmm1' (opcode vdppd_xmm_xmm_xmm_imm8_135)
    strata:        0x0₂₅₆
    hand-written:  0x0₁₂₈ ∘ ((0x87₈[1:1] = 0x1₁ ? add_double(0x87₈[4:4] = 0x1₁ ? mul_double(%ymm2[127:0][127:0][63:0], %ymm3[127:0][127:0][63:0]) : 0x0₆₄, 0x87₈[5:5] = 0x1₁ ? mul_double(%ymm2[127:0][127:0][127:64], %ymm3[127:0][127:0][127:64]) : 0x0₆₄) : 0x0₆₄) ∘ (0x87₈[0:0] = 0x1₁ ? add_double(0x87₈[4:4] = 0x1₁ ? mul_double(%ymm2[127:0][127:0][63:0], %ymm3[127:0][127:0][63:0]) : 0x0₆₄, 0x87₈[5:5] = 0x1₁ ? mul_double(%ymm2[127:0][127:0][127:64], %ymm3[127:0][127:0][127:64]) : 0x0₆₄) : 0x0₆₄))[127:0]

But Equivalent after simplification


    strata:        0x0₂₅₆
    hand-written:  0x0₁₂₈ ∘ (0x0₆₄ ∘ 0x0₆₄)

/home/sdasgup3/Github/strata/stoke/bin/specgen compare --circuit_dir /home/sdasgup3/Github/strata-data/circuits --opcode vdppd_xmm_xmm_xmm_imm8_136 
Equivalent.
/home/sdasgup3/Github/strata/stoke/bin/specgen compare --circuit_dir /home/sdasgup3/Github/strata-data/circuits --opcode vdppd_xmm_xmm_xmm_imm8_137 
Circuit for 'vdppd $0x89, %xmm3, %xmm2, %xmm1' (opcode vdppd_xmm_xmm_xmm_imm8_137)
    strata:        0x0₂₅₆
    hand-written:  0x0₁₂₈ ∘ ((0x89₈[1:1] = 0x1₁ ? add_double(0x89₈[4:4] = 0x1₁ ? mul_double(%ymm2[127:0][127:0][63:0], %ymm3[127:0][127:0][63:0]) : 0x0₆₄, 0x89₈[5:5] = 0x1₁ ? mul_double(%ymm2[127:0][127:0][127:64], %ymm3[127:0][127:0][127:64]) : 0x0₆₄) : 0x0₆₄) ∘ (0x89₈[0:0] = 0x1₁ ? add_double(0x89₈[4:4] = 0x1₁ ? mul_double(%ymm2[127:0][127:0][63:0], %ymm3[127:0][127:0][63:0]) : 0x0₆₄, 0x89₈[5:5] = 0x1₁ ? mul_double(%ymm2[127:0][127:0][127:64], %ymm3[127:0][127:0][127:64]) : 0x0₆₄) : 0x0₆₄))[127:0]

But Equivalent after simplification


    strata:        0x0₂₅₆
    hand-written:  0x0₁₂₈ ∘ (0x0₆₄ ∘ 0x0₆₄)

/home/sdasgup3/Github/strata/stoke/bin/specgen compare --circuit_dir /home/sdasgup3/Github/strata-data/circuits --opcode vdppd_xmm_xmm_xmm_imm8_138 
Circuit for 'vdppd $0x8a, %xmm3, %xmm2, %xmm1' (opcode vdppd_xmm_xmm_xmm_imm8_138)
    strata:        0x0₂₅₆
    hand-written:  0x0₁₂₈ ∘ ((0x8a₈[1:1] = 0x1₁ ? add_double(0x8a₈[4:4] = 0x1₁ ? mul_double(%ymm2[127:0][127:0][63:0], %ymm3[127:0][127:0][63:0]) : 0x0₆₄, 0x8a₈[5:5] = 0x1₁ ? mul_double(%ymm2[127:0][127:0][127:64], %ymm3[127:0][127:0][127:64]) : 0x0₆₄) : 0x0₆₄) ∘ (0x8a₈[0:0] = 0x1₁ ? add_double(0x8a₈[4:4] = 0x1₁ ? mul_double(%ymm2[127:0][127:0][63:0], %ymm3[127:0][127:0][63:0]) : 0x0₆₄, 0x8a₈[5:5] = 0x1₁ ? mul_double(%ymm2[127:0][127:0][127:64], %ymm3[127:0][127:0][127:64]) : 0x0₆₄) : 0x0₆₄))[127:0]

But Equivalent after simplification


    strata:        0x0₂₅₆
    hand-written:  0x0₁₂₈ ∘ (0x0₆₄ ∘ 0x0₆₄)

/home/sdasgup3/Github/strata/stoke/bin/specgen compare --circuit_dir /home/sdasgup3/Github/strata-data/circuits --opcode vdppd_xmm_xmm_xmm_imm8_139 
Circuit for 'vdppd $0x8b, %xmm3, %xmm2, %xmm1' (opcode vdppd_xmm_xmm_xmm_imm8_139)
    strata:        0x0₂₅₆
    hand-written:  0x0₁₂₈ ∘ ((0x8b₈[1:1] = 0x1₁ ? add_double(0x8b₈[4:4] = 0x1₁ ? mul_double(%ymm2[127:0][127:0][63:0], %ymm3[127:0][127:0][63:0]) : 0x0₆₄, 0x8b₈[5:5] = 0x1₁ ? mul_double(%ymm2[127:0][127:0][127:64], %ymm3[127:0][127:0][127:64]) : 0x0₆₄) : 0x0₆₄) ∘ (0x8b₈[0:0] = 0x1₁ ? add_double(0x8b₈[4:4] = 0x1₁ ? mul_double(%ymm2[127:0][127:0][63:0], %ymm3[127:0][127:0][63:0]) : 0x0₆₄, 0x8b₈[5:5] = 0x1₁ ? mul_double(%ymm2[127:0][127:0][127:64], %ymm3[127:0][127:0][127:64]) : 0x0₆₄) : 0x0₆₄))[127:0]

But Equivalent after simplification


    strata:        0x0₂₅₆
    hand-written:  0x0₁₂₈ ∘ (0x0₆₄ ∘ 0x0₆₄)

/home/sdasgup3/Github/strata/stoke/bin/specgen compare --circuit_dir /home/sdasgup3/Github/strata-data/circuits --opcode vdppd_xmm_xmm_xmm_imm8_140 
Equivalent.
/home/sdasgup3/Github/strata/stoke/bin/specgen compare --circuit_dir /home/sdasgup3/Github/strata-data/circuits --opcode vdppd_xmm_xmm_xmm_imm8_141 
Circuit for 'vdppd $0x8d, %xmm3, %xmm2, %xmm1' (opcode vdppd_xmm_xmm_xmm_imm8_141)
    strata:        0x0₂₅₆
    hand-written:  0x0₁₂₈ ∘ ((0x8d₈[1:1] = 0x1₁ ? add_double(0x8d₈[4:4] = 0x1₁ ? mul_double(%ymm2[127:0][127:0][63:0], %ymm3[127:0][127:0][63:0]) : 0x0₆₄, 0x8d₈[5:5] = 0x1₁ ? mul_double(%ymm2[127:0][127:0][127:64], %ymm3[127:0][127:0][127:64]) : 0x0₆₄) : 0x0₆₄) ∘ (0x8d₈[0:0] = 0x1₁ ? add_double(0x8d₈[4:4] = 0x1₁ ? mul_double(%ymm2[127:0][127:0][63:0], %ymm3[127:0][127:0][63:0]) : 0x0₆₄, 0x8d₈[5:5] = 0x1₁ ? mul_double(%ymm2[127:0][127:0][127:64], %ymm3[127:0][127:0][127:64]) : 0x0₆₄) : 0x0₆₄))[127:0]

But Equivalent after simplification


    strata:        0x0₂₅₆
    hand-written:  0x0₁₂₈ ∘ (0x0₆₄ ∘ 0x0₆₄)

/home/sdasgup3/Github/strata/stoke/bin/specgen compare --circuit_dir /home/sdasgup3/Github/strata-data/circuits --opcode vdppd_xmm_xmm_xmm_imm8_142 
Circuit for 'vdppd $0x8e, %xmm3, %xmm2, %xmm1' (opcode vdppd_xmm_xmm_xmm_imm8_142)
    strata:        0x0₂₅₆
    hand-written:  0x0₁₂₈ ∘ ((0x8e₈[1:1] = 0x1₁ ? add_double(0x8e₈[4:4] = 0x1₁ ? mul_double(%ymm2[127:0][127:0][63:0], %ymm3[127:0][127:0][63:0]) : 0x0₆₄, 0x8e₈[5:5] = 0x1₁ ? mul_double(%ymm2[127:0][127:0][127:64], %ymm3[127:0][127:0][127:64]) : 0x0₆₄) : 0x0₆₄) ∘ (0x8e₈[0:0] = 0x1₁ ? add_double(0x8e₈[4:4] = 0x1₁ ? mul_double(%ymm2[127:0][127:0][63:0], %ymm3[127:0][127:0][63:0]) : 0x0₆₄, 0x8e₈[5:5] = 0x1₁ ? mul_double(%ymm2[127:0][127:0][127:64], %ymm3[127:0][127:0][127:64]) : 0x0₆₄) : 0x0₆₄))[127:0]

But Equivalent after simplification


    strata:        0x0₂₅₆
    hand-written:  0x0₁₂₈ ∘ (0x0₆₄ ∘ 0x0₆₄)

/home/sdasgup3/Github/strata/stoke/bin/specgen compare --circuit_dir /home/sdasgup3/Github/strata-data/circuits --opcode vdppd_xmm_xmm_xmm_imm8_143 
Circuit for 'vdppd $0x8f, %xmm3, %xmm2, %xmm1' (opcode vdppd_xmm_xmm_xmm_imm8_143)
    strata:        0x0₂₅₆
    hand-written:  0x0₁₂₈ ∘ ((0x8f₈[1:1] = 0x1₁ ? add_double(0x8f₈[4:4] = 0x1₁ ? mul_double(%ymm2[127:0][127:0][63:0], %ymm3[127:0][127:0][63:0]) : 0x0₆₄, 0x8f₈[5:5] = 0x1₁ ? mul_double(%ymm2[127:0][127:0][127:64], %ymm3[127:0][127:0][127:64]) : 0x0₆₄) : 0x0₆₄) ∘ (0x8f₈[0:0] = 0x1₁ ? add_double(0x8f₈[4:4] = 0x1₁ ? mul_double(%ymm2[127:0][127:0][63:0], %ymm3[127:0][127:0][63:0]) : 0x0₆₄, 0x8f₈[5:5] = 0x1₁ ? mul_double(%ymm2[127:0][127:0][127:64], %ymm3[127:0][127:0][127:64]) : 0x0₆₄) : 0x0₆₄))[127:0]

But Equivalent after simplification


    strata:        0x0₂₅₆
    hand-written:  0x0₁₂₈ ∘ (0x0₆₄ ∘ 0x0₆₄)

/home/sdasgup3/Github/strata/stoke/bin/specgen compare --circuit_dir /home/sdasgup3/Github/strata-data/circuits --opcode vdppd_xmm_xmm_xmm_imm8_144 
Equivalent.
/home/sdasgup3/Github/strata/stoke/bin/specgen compare --circuit_dir /home/sdasgup3/Github/strata-data/circuits --opcode vdppd_xmm_xmm_xmm_imm8_145 
Circuit for 'vdppd $0x91, %xmm3, %xmm2, %xmm1' (opcode vdppd_xmm_xmm_xmm_imm8_145)
    strata:        0x0₆₄ ∘ 0x0₆₄ ∘ (0x0₆₄ ∘ (0x0₆₄ ⊕ mul_double(%ymm2[63:0], %ymm3[63:0])))
    hand-written:  0x0₁₂₈ ∘ ((0x91₈[1:1] = 0x1₁ ? add_double(0x91₈[4:4] = 0x1₁ ? mul_double(%ymm2[127:0][127:0][63:0], %ymm3[127:0][127:0][63:0]) : 0x0₆₄, 0x91₈[5:5] = 0x1₁ ? mul_double(%ymm2[127:0][127:0][127:64], %ymm3[127:0][127:0][127:64]) : 0x0₆₄) : 0x0₆₄) ∘ (0x91₈[0:0] = 0x1₁ ? add_double(0x91₈[4:4] = 0x1₁ ? mul_double(%ymm2[127:0][127:0][63:0], %ymm3[127:0][127:0][63:0]) : 0x0₆₄, 0x91₈[5:5] = 0x1₁ ? mul_double(%ymm2[127:0][127:0][127:64], %ymm3[127:0][127:0][127:64]) : 0x0₆₄) : 0x0₆₄))[127:0]

But Equivalent after simplification


    strata:        0x0₆₄ ∘ 0x0₆₄ ∘ (0x0₆₄ ∘ (0x0₆₄ ⊕ mul_double(%ymm2[63:0], %ymm3[63:0])))
    hand-written:  0x0₁₂₈ ∘ (0x0₆₄ ∘ mul_double(%ymm2[63:0], %ymm3[63:0]))

/home/sdasgup3/Github/strata/stoke/bin/specgen compare --circuit_dir /home/sdasgup3/Github/strata-data/circuits --opcode vdppd_xmm_xmm_xmm_imm8_146 
strata does not support 'vdppd $0x92, %xmm3, %xmm2, %xmm1'.
/home/sdasgup3/Github/strata/stoke/bin/specgen compare --circuit_dir /home/sdasgup3/Github/strata-data/circuits --opcode vdppd_xmm_xmm_xmm_imm8_147 
strata does not support 'vdppd $0x93, %xmm3, %xmm2, %xmm1'.
/home/sdasgup3/Github/strata/stoke/bin/specgen compare --circuit_dir /home/sdasgup3/Github/strata-data/circuits --opcode vdppd_xmm_xmm_xmm_imm8_148 
Equivalent.
/home/sdasgup3/Github/strata/stoke/bin/specgen compare --circuit_dir /home/sdasgup3/Github/strata-data/circuits --opcode vdppd_xmm_xmm_xmm_imm8_149 
strata does not support 'vdppd $0x95, %xmm3, %xmm2, %xmm1'.
/home/sdasgup3/Github/strata/stoke/bin/specgen compare --circuit_dir /home/sdasgup3/Github/strata-data/circuits --opcode vdppd_xmm_xmm_xmm_imm8_150 
strata does not support 'vdppd $0x96, %xmm3, %xmm2, %xmm1'.
/home/sdasgup3/Github/strata/stoke/bin/specgen compare --circuit_dir /home/sdasgup3/Github/strata-data/circuits --opcode vdppd_xmm_xmm_xmm_imm8_151 
strata does not support 'vdppd $0x97, %xmm3, %xmm2, %xmm1'.
/home/sdasgup3/Github/strata/stoke/bin/specgen compare --circuit_dir /home/sdasgup3/Github/strata-data/circuits --opcode vdppd_xmm_xmm_xmm_imm8_152 
Equivalent.
/home/sdasgup3/Github/strata/stoke/bin/specgen compare --circuit_dir /home/sdasgup3/Github/strata-data/circuits --opcode vdppd_xmm_xmm_xmm_imm8_153 
strata does not support 'vdppd $0x99, %xmm3, %xmm2, %xmm1'.
/home/sdasgup3/Github/strata/stoke/bin/specgen compare --circuit_dir /home/sdasgup3/Github/strata-data/circuits --opcode vdppd_xmm_xmm_xmm_imm8_154 
strata does not support 'vdppd $0x9a, %xmm3, %xmm2, %xmm1'.
/home/sdasgup3/Github/strata/stoke/bin/specgen compare --circuit_dir /home/sdasgup3/Github/strata-data/circuits --opcode vdppd_xmm_xmm_xmm_imm8_155 
strata does not support 'vdppd $0x9b, %xmm3, %xmm2, %xmm1'.
/home/sdasgup3/Github/strata/stoke/bin/specgen compare --circuit_dir /home/sdasgup3/Github/strata-data/circuits --opcode vdppd_xmm_xmm_xmm_imm8_156 
Equivalent.
/home/sdasgup3/Github/strata/stoke/bin/specgen compare --circuit_dir /home/sdasgup3/Github/strata-data/circuits --opcode vdppd_xmm_xmm_xmm_imm8_157 
Circuit for 'vdppd $0x9d, %xmm3, %xmm2, %xmm1' (opcode vdppd_xmm_xmm_xmm_imm8_157)
  not equivalent for '%ymm1':
    strata:        0x0₁₂₈ ∘ (vfmsub132_double(0x0₂₄ ∘ %ymm2[31:24] ∘ (0x0₂₄ ∘ %ymm2[23:16]), vfnmsub132_double(0x0₆₄, 0x0₆₄, 0x0₆₄), 0x0₆₄) ∘ vfmsub132_double(0x0₂₄ ∘ %ymm2[15:8] ∘ (0x0₂₄ ∘ %ymm2[7:0]), vfnmsub132_double(0x0₆₄, mul_double(%ymm2[63:0], %ymm3[63:0]), 0x0₆₄), 0x0₆₄))
    hand-written:  0x0₁₂₈ ∘ (0x0₆₄ ∘ mul_double(%ymm2[63:0], %ymm3[63:0]))


/home/sdasgup3/Github/strata/stoke/bin/specgen compare --circuit_dir /home/sdasgup3/Github/strata-data/circuits --opcode vdppd_xmm_xmm_xmm_imm8_158 
strata does not support 'vdppd $0x9e, %xmm3, %xmm2, %xmm1'.
/home/sdasgup3/Github/strata/stoke/bin/specgen compare --circuit_dir /home/sdasgup3/Github/strata-data/circuits --opcode vdppd_xmm_xmm_xmm_imm8_159 
Circuit for 'vdppd $0x9f, %xmm3, %xmm2, %xmm1' (opcode vdppd_xmm_xmm_xmm_imm8_159)
    strata:        0x0₁₂₈ ∘ (mul_double(%ymm2[63:0], %ymm3[63:0]) ∘ mul_double(%ymm2[63:0], %ymm3[63:0]))
    hand-written:  0x0₁₂₈ ∘ ((0x9f₈[1:1] = 0x1₁ ? add_double(0x9f₈[4:4] = 0x1₁ ? mul_double(%ymm2[127:0][127:0][63:0], %ymm3[127:0][127:0][63:0]) : 0x0₆₄, 0x9f₈[5:5] = 0x1₁ ? mul_double(%ymm2[127:0][127:0][127:64], %ymm3[127:0][127:0][127:64]) : 0x0₆₄) : 0x0₆₄) ∘ (0x9f₈[0:0] = 0x1₁ ? add_double(0x9f₈[4:4] = 0x1₁ ? mul_double(%ymm2[127:0][127:0][63:0], %ymm3[127:0][127:0][63:0]) : 0x0₆₄, 0x9f₈[5:5] = 0x1₁ ? mul_double(%ymm2[127:0][127:0][127:64], %ymm3[127:0][127:0][127:64]) : 0x0₆₄) : 0x0₆₄))[127:0]

But Equivalent after simplification


    strata:        0x0₁₂₈ ∘ (mul_double(%ymm2[63:0], %ymm3[63:0]) ∘ mul_double(%ymm2[63:0], %ymm3[63:0]))
    hand-written:  0x0₁₂₈ ∘ (mul_double(%ymm2[63:0], %ymm3[63:0]) ∘ mul_double(%ymm2[63:0], %ymm3[63:0]))

/home/sdasgup3/Github/strata/stoke/bin/specgen compare --circuit_dir /home/sdasgup3/Github/strata-data/circuits --opcode vdppd_xmm_xmm_xmm_imm8_160 
Equivalent.
/home/sdasgup3/Github/strata/stoke/bin/specgen compare --circuit_dir /home/sdasgup3/Github/strata-data/circuits --opcode vdppd_xmm_xmm_xmm_imm8_161 
strata does not support 'vdppd $0xa1, %xmm3, %xmm2, %xmm1'.
/home/sdasgup3/Github/strata/stoke/bin/specgen compare --circuit_dir /home/sdasgup3/Github/strata-data/circuits --opcode vdppd_xmm_xmm_xmm_imm8_162 
Circuit for 'vdppd $0xa2, %xmm3, %xmm2, %xmm1' (opcode vdppd_xmm_xmm_xmm_imm8_162)
  not equivalent for '%ymm1':
    strata:        vfnmadd132_double(0x0₆₄, 0x0₆₄, 0x0₆₄) ∘ (vfnmadd132_double(0x0₆₄, 0x0₆₄, 0x0₆₄) ∘ (vfnmadd132_double(0x0₆₄, mul_double(%ymm2[127:64], %ymm3[127:64]), vfnmsub132_double(0x0₆₄, 0x0₆₄, 0x0₆₄)) ∘ vfnmadd132_double(0x0₆₄, 0x0₆₄, vfnmsub132_double(0x0₆₄, 0x0₆₄, 0x0₆₄))))
    hand-written:  0x0₁₂₈ ∘ (mul_double(%ymm2[127:64], %ymm3[127:64]) ∘ 0x0₆₄)


/home/sdasgup3/Github/strata/stoke/bin/specgen compare --circuit_dir /home/sdasgup3/Github/strata-data/circuits --opcode vdppd_xmm_xmm_xmm_imm8_163 
strata does not support 'vdppd $0xa3, %xmm3, %xmm2, %xmm1'.
/home/sdasgup3/Github/strata/stoke/bin/specgen compare --circuit_dir /home/sdasgup3/Github/strata-data/circuits --opcode vdppd_xmm_xmm_xmm_imm8_164 
Equivalent.
/home/sdasgup3/Github/strata/stoke/bin/specgen compare --circuit_dir /home/sdasgup3/Github/strata-data/circuits --opcode vdppd_xmm_xmm_xmm_imm8_165 
strata does not support 'vdppd $0xa5, %xmm3, %xmm2, %xmm1'.
/home/sdasgup3/Github/strata/stoke/bin/specgen compare --circuit_dir /home/sdasgup3/Github/strata-data/circuits --opcode vdppd_xmm_xmm_xmm_imm8_166 
strata does not support 'vdppd $0xa6, %xmm3, %xmm2, %xmm1'.
/home/sdasgup3/Github/strata/stoke/bin/specgen compare --circuit_dir /home/sdasgup3/Github/strata-data/circuits --opcode vdppd_xmm_xmm_xmm_imm8_167 
strata does not support 'vdppd $0xa7, %xmm3, %xmm2, %xmm1'.
/home/sdasgup3/Github/strata/stoke/bin/specgen compare --circuit_dir /home/sdasgup3/Github/strata-data/circuits --opcode vdppd_xmm_xmm_xmm_imm8_168 
Equivalent.
/home/sdasgup3/Github/strata/stoke/bin/specgen compare --circuit_dir /home/sdasgup3/Github/strata-data/circuits --opcode vdppd_xmm_xmm_xmm_imm8_169 
strata does not support 'vdppd $0xa9, %xmm3, %xmm2, %xmm1'.
/home/sdasgup3/Github/strata/stoke/bin/specgen compare --circuit_dir /home/sdasgup3/Github/strata-data/circuits --opcode vdppd_xmm_xmm_xmm_imm8_170 
strata does not support 'vdppd $0xaa, %xmm3, %xmm2, %xmm1'.
/home/sdasgup3/Github/strata/stoke/bin/specgen compare --circuit_dir /home/sdasgup3/Github/strata-data/circuits --opcode vdppd_xmm_xmm_xmm_imm8_171 
strata does not support 'vdppd $0xab, %xmm3, %xmm2, %xmm1'.
/home/sdasgup3/Github/strata/stoke/bin/specgen compare --circuit_dir /home/sdasgup3/Github/strata-data/circuits --opcode vdppd_xmm_xmm_xmm_imm8_172 
Equivalent.
/home/sdasgup3/Github/strata/stoke/bin/specgen compare --circuit_dir /home/sdasgup3/Github/strata-data/circuits --opcode vdppd_xmm_xmm_xmm_imm8_173 
strata does not support 'vdppd $0xad, %xmm3, %xmm2, %xmm1'.
/home/sdasgup3/Github/strata/stoke/bin/specgen compare --circuit_dir /home/sdasgup3/Github/strata-data/circuits --opcode vdppd_xmm_xmm_xmm_imm8_174 
strata does not support 'vdppd $0xae, %xmm3, %xmm2, %xmm1'.
/home/sdasgup3/Github/strata/stoke/bin/specgen compare --circuit_dir /home/sdasgup3/Github/strata-data/circuits --opcode vdppd_xmm_xmm_xmm_imm8_175 
strata does not support 'vdppd $0xaf, %xmm3, %xmm2, %xmm1'.
/home/sdasgup3/Github/strata/stoke/bin/specgen compare --circuit_dir /home/sdasgup3/Github/strata-data/circuits --opcode vdppd_xmm_xmm_xmm_imm8_176 
Equivalent.
/home/sdasgup3/Github/strata/stoke/bin/specgen compare --circuit_dir /home/sdasgup3/Github/strata-data/circuits --opcode vdppd_xmm_xmm_xmm_imm8_177 
Equivalent.
/home/sdasgup3/Github/strata/stoke/bin/specgen compare --circuit_dir /home/sdasgup3/Github/strata-data/circuits --opcode vdppd_xmm_xmm_xmm_imm8_178 
strata does not support 'vdppd $0xb2, %xmm3, %xmm2, %xmm1'.
/home/sdasgup3/Github/strata/stoke/bin/specgen compare --circuit_dir /home/sdasgup3/Github/strata-data/circuits --opcode vdppd_xmm_xmm_xmm_imm8_179 
strata does not support 'vdppd $0xb3, %xmm3, %xmm2, %xmm1'.
/home/sdasgup3/Github/strata/stoke/bin/specgen compare --circuit_dir /home/sdasgup3/Github/strata-data/circuits --opcode vdppd_xmm_xmm_xmm_imm8_180 
Equivalent.
/home/sdasgup3/Github/strata/stoke/bin/specgen compare --circuit_dir /home/sdasgup3/Github/strata-data/circuits --opcode vdppd_xmm_xmm_xmm_imm8_181 
Equivalent.
/home/sdasgup3/Github/strata/stoke/bin/specgen compare --circuit_dir /home/sdasgup3/Github/strata-data/circuits --opcode vdppd_xmm_xmm_xmm_imm8_182 
strata does not support 'vdppd $0xb6, %xmm3, %xmm2, %xmm1'.
/home/sdasgup3/Github/strata/stoke/bin/specgen compare --circuit_dir /home/sdasgup3/Github/strata-data/circuits --opcode vdppd_xmm_xmm_xmm_imm8_183 
strata does not support 'vdppd $0xb7, %xmm3, %xmm2, %xmm1'.
/home/sdasgup3/Github/strata/stoke/bin/specgen compare --circuit_dir /home/sdasgup3/Github/strata-data/circuits --opcode vdppd_xmm_xmm_xmm_imm8_184 
Equivalent.
/home/sdasgup3/Github/strata/stoke/bin/specgen compare --circuit_dir /home/sdasgup3/Github/strata-data/circuits --opcode vdppd_xmm_xmm_xmm_imm8_185 
strata does not support 'vdppd $0xb9, %xmm3, %xmm2, %xmm1'.
/home/sdasgup3/Github/strata/stoke/bin/specgen compare --circuit_dir /home/sdasgup3/Github/strata-data/circuits --opcode vdppd_xmm_xmm_xmm_imm8_186 
strata does not support 'vdppd $0xba, %xmm3, %xmm2, %xmm1'.
/home/sdasgup3/Github/strata/stoke/bin/specgen compare --circuit_dir /home/sdasgup3/Github/strata-data/circuits --opcode vdppd_xmm_xmm_xmm_imm8_187 
strata does not support 'vdppd $0xbb, %xmm3, %xmm2, %xmm1'.
/home/sdasgup3/Github/strata/stoke/bin/specgen compare --circuit_dir /home/sdasgup3/Github/strata-data/circuits --opcode vdppd_xmm_xmm_xmm_imm8_188 
Equivalent.
/home/sdasgup3/Github/strata/stoke/bin/specgen compare --circuit_dir /home/sdasgup3/Github/strata-data/circuits --opcode vdppd_xmm_xmm_xmm_imm8_189 
strata does not support 'vdppd $0xbd, %xmm3, %xmm2, %xmm1'.
/home/sdasgup3/Github/strata/stoke/bin/specgen compare --circuit_dir /home/sdasgup3/Github/strata-data/circuits --opcode vdppd_xmm_xmm_xmm_imm8_190 
strata does not support 'vdppd $0xbe, %xmm3, %xmm2, %xmm1'.
/home/sdasgup3/Github/strata/stoke/bin/specgen compare --circuit_dir /home/sdasgup3/Github/strata-data/circuits --opcode vdppd_xmm_xmm_xmm_imm8_191 
strata does not support 'vdppd $0xbf, %xmm3, %xmm2, %xmm1'.
/home/sdasgup3/Github/strata/stoke/bin/specgen compare --circuit_dir /home/sdasgup3/Github/strata-data/circuits --opcode vdppd_xmm_xmm_xmm_imm8_192 
Equivalent.
/home/sdasgup3/Github/strata/stoke/bin/specgen compare --circuit_dir /home/sdasgup3/Github/strata-data/circuits --opcode vdppd_xmm_xmm_xmm_imm8_193 
Circuit for 'vdppd $0xc1, %xmm3, %xmm2, %xmm1' (opcode vdppd_xmm_xmm_xmm_imm8_193)
    strata:        0x0₂₅₆
    hand-written:  0x0₁₂₈ ∘ ((0xc1₈[1:1] = 0x1₁ ? add_double(0xc1₈[4:4] = 0x1₁ ? mul_double(%ymm2[127:0][127:0][63:0], %ymm3[127:0][127:0][63:0]) : 0x0₆₄, 0xc1₈[5:5] = 0x1₁ ? mul_double(%ymm2[127:0][127:0][127:64], %ymm3[127:0][127:0][127:64]) : 0x0₆₄) : 0x0₆₄) ∘ (0xc1₈[0:0] = 0x1₁ ? add_double(0xc1₈[4:4] = 0x1₁ ? mul_double(%ymm2[127:0][127:0][63:0], %ymm3[127:0][127:0][63:0]) : 0x0₆₄, 0xc1₈[5:5] = 0x1₁ ? mul_double(%ymm2[127:0][127:0][127:64], %ymm3[127:0][127:0][127:64]) : 0x0₆₄) : 0x0₆₄))[127:0]

But Equivalent after simplification


    strata:        0x0₂₅₆
    hand-written:  0x0₁₂₈ ∘ (0x0₆₄ ∘ 0x0₆₄)

/home/sdasgup3/Github/strata/stoke/bin/specgen compare --circuit_dir /home/sdasgup3/Github/strata-data/circuits --opcode vdppd_xmm_xmm_xmm_imm8_194 
Circuit for 'vdppd $0xc2, %xmm3, %xmm2, %xmm1' (opcode vdppd_xmm_xmm_xmm_imm8_194)
    strata:        0x0₂₅₆
    hand-written:  0x0₁₂₈ ∘ ((0xc2₈[1:1] = 0x1₁ ? add_double(0xc2₈[4:4] = 0x1₁ ? mul_double(%ymm2[127:0][127:0][63:0], %ymm3[127:0][127:0][63:0]) : 0x0₆₄, 0xc2₈[5:5] = 0x1₁ ? mul_double(%ymm2[127:0][127:0][127:64], %ymm3[127:0][127:0][127:64]) : 0x0₆₄) : 0x0₆₄) ∘ (0xc2₈[0:0] = 0x1₁ ? add_double(0xc2₈[4:4] = 0x1₁ ? mul_double(%ymm2[127:0][127:0][63:0], %ymm3[127:0][127:0][63:0]) : 0x0₆₄, 0xc2₈[5:5] = 0x1₁ ? mul_double(%ymm2[127:0][127:0][127:64], %ymm3[127:0][127:0][127:64]) : 0x0₆₄) : 0x0₆₄))[127:0]

But Equivalent after simplification


    strata:        0x0₂₅₆
    hand-written:  0x0₁₂₈ ∘ (0x0₆₄ ∘ 0x0₆₄)

/home/sdasgup3/Github/strata/stoke/bin/specgen compare --circuit_dir /home/sdasgup3/Github/strata-data/circuits --opcode vdppd_xmm_xmm_xmm_imm8_195 
Circuit for 'vdppd $0xc3, %xmm3, %xmm2, %xmm1' (opcode vdppd_xmm_xmm_xmm_imm8_195)
    strata:        0x0₂₅₆
    hand-written:  0x0₁₂₈ ∘ ((0xc3₈[1:1] = 0x1₁ ? add_double(0xc3₈[4:4] = 0x1₁ ? mul_double(%ymm2[127:0][127:0][63:0], %ymm3[127:0][127:0][63:0]) : 0x0₆₄, 0xc3₈[5:5] = 0x1₁ ? mul_double(%ymm2[127:0][127:0][127:64], %ymm3[127:0][127:0][127:64]) : 0x0₆₄) : 0x0₆₄) ∘ (0xc3₈[0:0] = 0x1₁ ? add_double(0xc3₈[4:4] = 0x1₁ ? mul_double(%ymm2[127:0][127:0][63:0], %ymm3[127:0][127:0][63:0]) : 0x0₆₄, 0xc3₈[5:5] = 0x1₁ ? mul_double(%ymm2[127:0][127:0][127:64], %ymm3[127:0][127:0][127:64]) : 0x0₆₄) : 0x0₆₄))[127:0]

But Equivalent after simplification


    strata:        0x0₂₅₆
    hand-written:  0x0₁₂₈ ∘ (0x0₆₄ ∘ 0x0₆₄)

/home/sdasgup3/Github/strata/stoke/bin/specgen compare --circuit_dir /home/sdasgup3/Github/strata-data/circuits --opcode vdppd_xmm_xmm_xmm_imm8_196 
Equivalent.
/home/sdasgup3/Github/strata/stoke/bin/specgen compare --circuit_dir /home/sdasgup3/Github/strata-data/circuits --opcode vdppd_xmm_xmm_xmm_imm8_197 
Circuit for 'vdppd $0xc5, %xmm3, %xmm2, %xmm1' (opcode vdppd_xmm_xmm_xmm_imm8_197)
    strata:        0x0₂₅₆
    hand-written:  0x0₁₂₈ ∘ ((0xc5₈[1:1] = 0x1₁ ? add_double(0xc5₈[4:4] = 0x1₁ ? mul_double(%ymm2[127:0][127:0][63:0], %ymm3[127:0][127:0][63:0]) : 0x0₆₄, 0xc5₈[5:5] = 0x1₁ ? mul_double(%ymm2[127:0][127:0][127:64], %ymm3[127:0][127:0][127:64]) : 0x0₆₄) : 0x0₆₄) ∘ (0xc5₈[0:0] = 0x1₁ ? add_double(0xc5₈[4:4] = 0x1₁ ? mul_double(%ymm2[127:0][127:0][63:0], %ymm3[127:0][127:0][63:0]) : 0x0₆₄, 0xc5₈[5:5] = 0x1₁ ? mul_double(%ymm2[127:0][127:0][127:64], %ymm3[127:0][127:0][127:64]) : 0x0₆₄) : 0x0₆₄))[127:0]

But Equivalent after simplification


    strata:        0x0₂₅₆
    hand-written:  0x0₁₂₈ ∘ (0x0₆₄ ∘ 0x0₆₄)

/home/sdasgup3/Github/strata/stoke/bin/specgen compare --circuit_dir /home/sdasgup3/Github/strata-data/circuits --opcode vdppd_xmm_xmm_xmm_imm8_198 
Circuit for 'vdppd $0xc6, %xmm3, %xmm2, %xmm1' (opcode vdppd_xmm_xmm_xmm_imm8_198)
    strata:        0x0₂₅₆
    hand-written:  0x0₁₂₈ ∘ ((0xc6₈[1:1] = 0x1₁ ? add_double(0xc6₈[4:4] = 0x1₁ ? mul_double(%ymm2[127:0][127:0][63:0], %ymm3[127:0][127:0][63:0]) : 0x0₆₄, 0xc6₈[5:5] = 0x1₁ ? mul_double(%ymm2[127:0][127:0][127:64], %ymm3[127:0][127:0][127:64]) : 0x0₆₄) : 0x0₆₄) ∘ (0xc6₈[0:0] = 0x1₁ ? add_double(0xc6₈[4:4] = 0x1₁ ? mul_double(%ymm2[127:0][127:0][63:0], %ymm3[127:0][127:0][63:0]) : 0x0₆₄, 0xc6₈[5:5] = 0x1₁ ? mul_double(%ymm2[127:0][127:0][127:64], %ymm3[127:0][127:0][127:64]) : 0x0₆₄) : 0x0₆₄))[127:0]

But Equivalent after simplification


    strata:        0x0₂₅₆
    hand-written:  0x0₁₂₈ ∘ (0x0₆₄ ∘ 0x0₆₄)

/home/sdasgup3/Github/strata/stoke/bin/specgen compare --circuit_dir /home/sdasgup3/Github/strata-data/circuits --opcode vdppd_xmm_xmm_xmm_imm8_199 
Circuit for 'vdppd $0xc7, %xmm3, %xmm2, %xmm1' (opcode vdppd_xmm_xmm_xmm_imm8_199)
    strata:        0x0₂₅₆
    hand-written:  0x0₁₂₈ ∘ ((0xc7₈[1:1] = 0x1₁ ? add_double(0xc7₈[4:4] = 0x1₁ ? mul_double(%ymm2[127:0][127:0][63:0], %ymm3[127:0][127:0][63:0]) : 0x0₆₄, 0xc7₈[5:5] = 0x1₁ ? mul_double(%ymm2[127:0][127:0][127:64], %ymm3[127:0][127:0][127:64]) : 0x0₆₄) : 0x0₆₄) ∘ (0xc7₈[0:0] = 0x1₁ ? add_double(0xc7₈[4:4] = 0x1₁ ? mul_double(%ymm2[127:0][127:0][63:0], %ymm3[127:0][127:0][63:0]) : 0x0₆₄, 0xc7₈[5:5] = 0x1₁ ? mul_double(%ymm2[127:0][127:0][127:64], %ymm3[127:0][127:0][127:64]) : 0x0₆₄) : 0x0₆₄))[127:0]

But Equivalent after simplification


    strata:        0x0₂₅₆
    hand-written:  0x0₁₂₈ ∘ (0x0₆₄ ∘ 0x0₆₄)

/home/sdasgup3/Github/strata/stoke/bin/specgen compare --circuit_dir /home/sdasgup3/Github/strata-data/circuits --opcode vdppd_xmm_xmm_xmm_imm8_200 
Equivalent.
/home/sdasgup3/Github/strata/stoke/bin/specgen compare --circuit_dir /home/sdasgup3/Github/strata-data/circuits --opcode vdppd_xmm_xmm_xmm_imm8_201 
Circuit for 'vdppd $0xc9, %xmm3, %xmm2, %xmm1' (opcode vdppd_xmm_xmm_xmm_imm8_201)
    strata:        0x0₂₅₆
    hand-written:  0x0₁₂₈ ∘ ((0xc9₈[1:1] = 0x1₁ ? add_double(0xc9₈[4:4] = 0x1₁ ? mul_double(%ymm2[127:0][127:0][63:0], %ymm3[127:0][127:0][63:0]) : 0x0₆₄, 0xc9₈[5:5] = 0x1₁ ? mul_double(%ymm2[127:0][127:0][127:64], %ymm3[127:0][127:0][127:64]) : 0x0₆₄) : 0x0₆₄) ∘ (0xc9₈[0:0] = 0x1₁ ? add_double(0xc9₈[4:4] = 0x1₁ ? mul_double(%ymm2[127:0][127:0][63:0], %ymm3[127:0][127:0][63:0]) : 0x0₆₄, 0xc9₈[5:5] = 0x1₁ ? mul_double(%ymm2[127:0][127:0][127:64], %ymm3[127:0][127:0][127:64]) : 0x0₆₄) : 0x0₆₄))[127:0]

But Equivalent after simplification


    strata:        0x0₂₅₆
    hand-written:  0x0₁₂₈ ∘ (0x0₆₄ ∘ 0x0₆₄)

/home/sdasgup3/Github/strata/stoke/bin/specgen compare --circuit_dir /home/sdasgup3/Github/strata-data/circuits --opcode vdppd_xmm_xmm_xmm_imm8_202 
Circuit for 'vdppd $0xca, %xmm3, %xmm2, %xmm1' (opcode vdppd_xmm_xmm_xmm_imm8_202)
    strata:        0x0₂₅₆
    hand-written:  0x0₁₂₈ ∘ ((0xca₈[1:1] = 0x1₁ ? add_double(0xca₈[4:4] = 0x1₁ ? mul_double(%ymm2[127:0][127:0][63:0], %ymm3[127:0][127:0][63:0]) : 0x0₆₄, 0xca₈[5:5] = 0x1₁ ? mul_double(%ymm2[127:0][127:0][127:64], %ymm3[127:0][127:0][127:64]) : 0x0₆₄) : 0x0₆₄) ∘ (0xca₈[0:0] = 0x1₁ ? add_double(0xca₈[4:4] = 0x1₁ ? mul_double(%ymm2[127:0][127:0][63:0], %ymm3[127:0][127:0][63:0]) : 0x0₆₄, 0xca₈[5:5] = 0x1₁ ? mul_double(%ymm2[127:0][127:0][127:64], %ymm3[127:0][127:0][127:64]) : 0x0₆₄) : 0x0₆₄))[127:0]

But Equivalent after simplification


    strata:        0x0₂₅₆
    hand-written:  0x0₁₂₈ ∘ (0x0₆₄ ∘ 0x0₆₄)

/home/sdasgup3/Github/strata/stoke/bin/specgen compare --circuit_dir /home/sdasgup3/Github/strata-data/circuits --opcode vdppd_xmm_xmm_xmm_imm8_203 
Circuit for 'vdppd $0xcb, %xmm3, %xmm2, %xmm1' (opcode vdppd_xmm_xmm_xmm_imm8_203)
    strata:        0x0₂₅₆
    hand-written:  0x0₁₂₈ ∘ ((0xcb₈[1:1] = 0x1₁ ? add_double(0xcb₈[4:4] = 0x1₁ ? mul_double(%ymm2[127:0][127:0][63:0], %ymm3[127:0][127:0][63:0]) : 0x0₆₄, 0xcb₈[5:5] = 0x1₁ ? mul_double(%ymm2[127:0][127:0][127:64], %ymm3[127:0][127:0][127:64]) : 0x0₆₄) : 0x0₆₄) ∘ (0xcb₈[0:0] = 0x1₁ ? add_double(0xcb₈[4:4] = 0x1₁ ? mul_double(%ymm2[127:0][127:0][63:0], %ymm3[127:0][127:0][63:0]) : 0x0₆₄, 0xcb₈[5:5] = 0x1₁ ? mul_double(%ymm2[127:0][127:0][127:64], %ymm3[127:0][127:0][127:64]) : 0x0₆₄) : 0x0₆₄))[127:0]

But Equivalent after simplification


    strata:        0x0₂₅₆
    hand-written:  0x0₁₂₈ ∘ (0x0₆₄ ∘ 0x0₆₄)

/home/sdasgup3/Github/strata/stoke/bin/specgen compare --circuit_dir /home/sdasgup3/Github/strata-data/circuits --opcode vdppd_xmm_xmm_xmm_imm8_204 
Equivalent.
/home/sdasgup3/Github/strata/stoke/bin/specgen compare --circuit_dir /home/sdasgup3/Github/strata-data/circuits --opcode vdppd_xmm_xmm_xmm_imm8_205 
Circuit for 'vdppd $0xcd, %xmm3, %xmm2, %xmm1' (opcode vdppd_xmm_xmm_xmm_imm8_205)
    strata:        0x0₂₅₆
    hand-written:  0x0₁₂₈ ∘ ((0xcd₈[1:1] = 0x1₁ ? add_double(0xcd₈[4:4] = 0x1₁ ? mul_double(%ymm2[127:0][127:0][63:0], %ymm3[127:0][127:0][63:0]) : 0x0₆₄, 0xcd₈[5:5] = 0x1₁ ? mul_double(%ymm2[127:0][127:0][127:64], %ymm3[127:0][127:0][127:64]) : 0x0₆₄) : 0x0₆₄) ∘ (0xcd₈[0:0] = 0x1₁ ? add_double(0xcd₈[4:4] = 0x1₁ ? mul_double(%ymm2[127:0][127:0][63:0], %ymm3[127:0][127:0][63:0]) : 0x0₆₄, 0xcd₈[5:5] = 0x1₁ ? mul_double(%ymm2[127:0][127:0][127:64], %ymm3[127:0][127:0][127:64]) : 0x0₆₄) : 0x0₆₄))[127:0]

But Equivalent after simplification


    strata:        0x0₂₅₆
    hand-written:  0x0₁₂₈ ∘ (0x0₆₄ ∘ 0x0₆₄)

/home/sdasgup3/Github/strata/stoke/bin/specgen compare --circuit_dir /home/sdasgup3/Github/strata-data/circuits --opcode vdppd_xmm_xmm_xmm_imm8_206 
Circuit for 'vdppd $0xce, %xmm3, %xmm2, %xmm1' (opcode vdppd_xmm_xmm_xmm_imm8_206)
    strata:        0x0₂₅₆
    hand-written:  0x0₁₂₈ ∘ ((0xce₈[1:1] = 0x1₁ ? add_double(0xce₈[4:4] = 0x1₁ ? mul_double(%ymm2[127:0][127:0][63:0], %ymm3[127:0][127:0][63:0]) : 0x0₆₄, 0xce₈[5:5] = 0x1₁ ? mul_double(%ymm2[127:0][127:0][127:64], %ymm3[127:0][127:0][127:64]) : 0x0₆₄) : 0x0₆₄) ∘ (0xce₈[0:0] = 0x1₁ ? add_double(0xce₈[4:4] = 0x1₁ ? mul_double(%ymm2[127:0][127:0][63:0], %ymm3[127:0][127:0][63:0]) : 0x0₆₄, 0xce₈[5:5] = 0x1₁ ? mul_double(%ymm2[127:0][127:0][127:64], %ymm3[127:0][127:0][127:64]) : 0x0₆₄) : 0x0₆₄))[127:0]

But Equivalent after simplification


    strata:        0x0₂₅₆
    hand-written:  0x0₁₂₈ ∘ (0x0₆₄ ∘ 0x0₆₄)

/home/sdasgup3/Github/strata/stoke/bin/specgen compare --circuit_dir /home/sdasgup3/Github/strata-data/circuits --opcode vdppd_xmm_xmm_xmm_imm8_207 
Circuit for 'vdppd $0xcf, %xmm3, %xmm2, %xmm1' (opcode vdppd_xmm_xmm_xmm_imm8_207)
    strata:        0x0₂₅₆
    hand-written:  0x0₁₂₈ ∘ ((0xcf₈[1:1] = 0x1₁ ? add_double(0xcf₈[4:4] = 0x1₁ ? mul_double(%ymm2[127:0][127:0][63:0], %ymm3[127:0][127:0][63:0]) : 0x0₆₄, 0xcf₈[5:5] = 0x1₁ ? mul_double(%ymm2[127:0][127:0][127:64], %ymm3[127:0][127:0][127:64]) : 0x0₆₄) : 0x0₆₄) ∘ (0xcf₈[0:0] = 0x1₁ ? add_double(0xcf₈[4:4] = 0x1₁ ? mul_double(%ymm2[127:0][127:0][63:0], %ymm3[127:0][127:0][63:0]) : 0x0₆₄, 0xcf₈[5:5] = 0x1₁ ? mul_double(%ymm2[127:0][127:0][127:64], %ymm3[127:0][127:0][127:64]) : 0x0₆₄) : 0x0₆₄))[127:0]

But Equivalent after simplification


    strata:        0x0₂₅₆
    hand-written:  0x0₁₂₈ ∘ (0x0₆₄ ∘ 0x0₆₄)

/home/sdasgup3/Github/strata/stoke/bin/specgen compare --circuit_dir /home/sdasgup3/Github/strata-data/circuits --opcode vdppd_xmm_xmm_xmm_imm8_208 
Equivalent.
/home/sdasgup3/Github/strata/stoke/bin/specgen compare --circuit_dir /home/sdasgup3/Github/strata-data/circuits --opcode vdppd_xmm_xmm_xmm_imm8_209 
strata does not support 'vdppd $0xd1, %xmm3, %xmm2, %xmm1'.
/home/sdasgup3/Github/strata/stoke/bin/specgen compare --circuit_dir /home/sdasgup3/Github/strata-data/circuits --opcode vdppd_xmm_xmm_xmm_imm8_210 
strata does not support 'vdppd $0xd2, %xmm3, %xmm2, %xmm1'.
/home/sdasgup3/Github/strata/stoke/bin/specgen compare --circuit_dir /home/sdasgup3/Github/strata-data/circuits --opcode vdppd_xmm_xmm_xmm_imm8_211 
strata does not support 'vdppd $0xd3, %xmm3, %xmm2, %xmm1'.
/home/sdasgup3/Github/strata/stoke/bin/specgen compare --circuit_dir /home/sdasgup3/Github/strata-data/circuits --opcode vdppd_xmm_xmm_xmm_imm8_212 
Equivalent.
/home/sdasgup3/Github/strata/stoke/bin/specgen compare --circuit_dir /home/sdasgup3/Github/strata-data/circuits --opcode vdppd_xmm_xmm_xmm_imm8_213 
Circuit for 'vdppd $0xd5, %xmm3, %xmm2, %xmm1' (opcode vdppd_xmm_xmm_xmm_imm8_213)
  not equivalent for '%ymm1':
    strata:        0x0₁₂₈ ∘ (0x0₆₄ ∘ vfmsub132_double(0x0₆₄, vfnmsub132_double(0x0₆₄, mul_double(%ymm2[63:0], %ymm3[63:0]), 0x0₆₄), 0x0₆₄))
    hand-written:  0x0₁₂₈ ∘ (0x0₆₄ ∘ mul_double(%ymm2[63:0], %ymm3[63:0]))


/home/sdasgup3/Github/strata/stoke/bin/specgen compare --circuit_dir /home/sdasgup3/Github/strata-data/circuits --opcode vdppd_xmm_xmm_xmm_imm8_214 
strata does not support 'vdppd $0xd6, %xmm3, %xmm2, %xmm1'.
/home/sdasgup3/Github/strata/stoke/bin/specgen compare --circuit_dir /home/sdasgup3/Github/strata-data/circuits --opcode vdppd_xmm_xmm_xmm_imm8_215 
strata does not support 'vdppd $0xd7, %xmm3, %xmm2, %xmm1'.
/home/sdasgup3/Github/strata/stoke/bin/specgen compare --circuit_dir /home/sdasgup3/Github/strata-data/circuits --opcode vdppd_xmm_xmm_xmm_imm8_216 
Equivalent.
/home/sdasgup3/Github/strata/stoke/bin/specgen compare --circuit_dir /home/sdasgup3/Github/strata-data/circuits --opcode vdppd_xmm_xmm_xmm_imm8_217 
strata does not support 'vdppd $0xd9, %xmm3, %xmm2, %xmm1'.
/home/sdasgup3/Github/strata/stoke/bin/specgen compare --circuit_dir /home/sdasgup3/Github/strata-data/circuits --opcode vdppd_xmm_xmm_xmm_imm8_218 
Circuit for 'vdppd $0xda, %xmm3, %xmm2, %xmm1' (opcode vdppd_xmm_xmm_xmm_imm8_218)
    strata:        0x0₁₂₈ ∘ (mul_double(%ymm2[63:0], %ymm3[63:0]) ∘ 0x0₆₄)
    hand-written:  0x0₁₂₈ ∘ ((0xda₈[1:1] = 0x1₁ ? add_double(0xda₈[4:4] = 0x1₁ ? mul_double(%ymm2[127:0][127:0][63:0], %ymm3[127:0][127:0][63:0]) : 0x0₆₄, 0xda₈[5:5] = 0x1₁ ? mul_double(%ymm2[127:0][127:0][127:64], %ymm3[127:0][127:0][127:64]) : 0x0₆₄) : 0x0₆₄) ∘ (0xda₈[0:0] = 0x1₁ ? add_double(0xda₈[4:4] = 0x1₁ ? mul_double(%ymm2[127:0][127:0][63:0], %ymm3[127:0][127:0][63:0]) : 0x0₆₄, 0xda₈[5:5] = 0x1₁ ? mul_double(%ymm2[127:0][127:0][127:64], %ymm3[127:0][127:0][127:64]) : 0x0₆₄) : 0x0₆₄))[127:0]

But Equivalent after simplification


    strata:        0x0₁₂₈ ∘ (mul_double(%ymm2[63:0], %ymm3[63:0]) ∘ 0x0₆₄)
    hand-written:  0x0₁₂₈ ∘ (mul_double(%ymm2[63:0], %ymm3[63:0]) ∘ 0x0₆₄)

/home/sdasgup3/Github/strata/stoke/bin/specgen compare --circuit_dir /home/sdasgup3/Github/strata-data/circuits --opcode vdppd_xmm_xmm_xmm_imm8_219 
strata does not support 'vdppd $0xdb, %xmm3, %xmm2, %xmm1'.
/home/sdasgup3/Github/strata/stoke/bin/specgen compare --circuit_dir /home/sdasgup3/Github/strata-data/circuits --opcode vdppd_xmm_xmm_xmm_imm8_220 
Equivalent.
/home/sdasgup3/Github/strata/stoke/bin/specgen compare --circuit_dir /home/sdasgup3/Github/strata-data/circuits --opcode vdppd_xmm_xmm_xmm_imm8_221 
strata does not support 'vdppd $0xdd, %xmm3, %xmm2, %xmm1'.
/home/sdasgup3/Github/strata/stoke/bin/specgen compare --circuit_dir /home/sdasgup3/Github/strata-data/circuits --opcode vdppd_xmm_xmm_xmm_imm8_222 
strata does not support 'vdppd $0xde, %xmm3, %xmm2, %xmm1'.
/home/sdasgup3/Github/strata/stoke/bin/specgen compare --circuit_dir /home/sdasgup3/Github/strata-data/circuits --opcode vdppd_xmm_xmm_xmm_imm8_223 
strata does not support 'vdppd $0xdf, %xmm3, %xmm2, %xmm1'.
/home/sdasgup3/Github/strata/stoke/bin/specgen compare --circuit_dir /home/sdasgup3/Github/strata-data/circuits --opcode vdppd_xmm_xmm_xmm_imm8_224 
Equivalent.
/home/sdasgup3/Github/strata/stoke/bin/specgen compare --circuit_dir /home/sdasgup3/Github/strata-data/circuits --opcode vdppd_xmm_xmm_xmm_imm8_225 
strata does not support 'vdppd $0xe1, %xmm3, %xmm2, %xmm1'.
/home/sdasgup3/Github/strata/stoke/bin/specgen compare --circuit_dir /home/sdasgup3/Github/strata-data/circuits --opcode vdppd_xmm_xmm_xmm_imm8_226 
strata does not support 'vdppd $0xe2, %xmm3, %xmm2, %xmm1'.
/home/sdasgup3/Github/strata/stoke/bin/specgen compare --circuit_dir /home/sdasgup3/Github/strata-data/circuits --opcode vdppd_xmm_xmm_xmm_imm8_227 
strata does not support 'vdppd $0xe3, %xmm3, %xmm2, %xmm1'.
/home/sdasgup3/Github/strata/stoke/bin/specgen compare --circuit_dir /home/sdasgup3/Github/strata-data/circuits --opcode vdppd_xmm_xmm_xmm_imm8_228 
Equivalent.
/home/sdasgup3/Github/strata/stoke/bin/specgen compare --circuit_dir /home/sdasgup3/Github/strata-data/circuits --opcode vdppd_xmm_xmm_xmm_imm8_229 
Circuit for 'vdppd $0xe5, %xmm3, %xmm2, %xmm1' (opcode vdppd_xmm_xmm_xmm_imm8_229)
  not equivalent for '%ymm1':
    strata:        0x0₁₂₈ ∘ (vfmsub132_double(0x0₆₄, vfnmsub132_double(0x0₆₄, 0x0₆₄, 0x0₆₄), 0x0₆₄) ∘ vfmsub132_double(0x0₃₂ ∘ %ymm3[31:0], vfnmsub132_double(0x0₆₄, mul_double(%ymm2[127:64], %ymm3[127:64]), 0x0₆₄), mul_double(0x0₃₂ ∘ %ymm3[95:64], 0x0₃₂ ∘ %ymm3[95:64])))
    hand-written:  0x0₁₂₈ ∘ (0x0₆₄ ∘ mul_double(%ymm2[127:64], %ymm3[127:64]))


/home/sdasgup3/Github/strata/stoke/bin/specgen compare --circuit_dir /home/sdasgup3/Github/strata-data/circuits --opcode vdppd_xmm_xmm_xmm_imm8_230 
strata does not support 'vdppd $0xe6, %xmm3, %xmm2, %xmm1'.
/home/sdasgup3/Github/strata/stoke/bin/specgen compare --circuit_dir /home/sdasgup3/Github/strata-data/circuits --opcode vdppd_xmm_xmm_xmm_imm8_231 
strata does not support 'vdppd $0xe7, %xmm3, %xmm2, %xmm1'.
/home/sdasgup3/Github/strata/stoke/bin/specgen compare --circuit_dir /home/sdasgup3/Github/strata-data/circuits --opcode vdppd_xmm_xmm_xmm_imm8_232 
Equivalent.
/home/sdasgup3/Github/strata/stoke/bin/specgen compare --circuit_dir /home/sdasgup3/Github/strata-data/circuits --opcode vdppd_xmm_xmm_xmm_imm8_233 
strata does not support 'vdppd $0xe9, %xmm3, %xmm2, %xmm1'.
/home/sdasgup3/Github/strata/stoke/bin/specgen compare --circuit_dir /home/sdasgup3/Github/strata-data/circuits --opcode vdppd_xmm_xmm_xmm_imm8_234 
strata does not support 'vdppd $0xea, %xmm3, %xmm2, %xmm1'.
/home/sdasgup3/Github/strata/stoke/bin/specgen compare --circuit_dir /home/sdasgup3/Github/strata-data/circuits --opcode vdppd_xmm_xmm_xmm_imm8_235 
strata does not support 'vdppd $0xeb, %xmm3, %xmm2, %xmm1'.
/home/sdasgup3/Github/strata/stoke/bin/specgen compare --circuit_dir /home/sdasgup3/Github/strata-data/circuits --opcode vdppd_xmm_xmm_xmm_imm8_236 
Equivalent.
/home/sdasgup3/Github/strata/stoke/bin/specgen compare --circuit_dir /home/sdasgup3/Github/strata-data/circuits --opcode vdppd_xmm_xmm_xmm_imm8_237 
strata does not support 'vdppd $0xed, %xmm3, %xmm2, %xmm1'.
/home/sdasgup3/Github/strata/stoke/bin/specgen compare --circuit_dir /home/sdasgup3/Github/strata-data/circuits --opcode vdppd_xmm_xmm_xmm_imm8_238 
strata does not support 'vdppd $0xee, %xmm3, %xmm2, %xmm1'.
/home/sdasgup3/Github/strata/stoke/bin/specgen compare --circuit_dir /home/sdasgup3/Github/strata-data/circuits --opcode vdppd_xmm_xmm_xmm_imm8_239 
strata does not support 'vdppd $0xef, %xmm3, %xmm2, %xmm1'.
/home/sdasgup3/Github/strata/stoke/bin/specgen compare --circuit_dir /home/sdasgup3/Github/strata-data/circuits --opcode vdppd_xmm_xmm_xmm_imm8_240 
Equivalent.
/home/sdasgup3/Github/strata/stoke/bin/specgen compare --circuit_dir /home/sdasgup3/Github/strata-data/circuits --opcode vdppd_xmm_xmm_xmm_imm8_241 
Equivalent.
/home/sdasgup3/Github/strata/stoke/bin/specgen compare --circuit_dir /home/sdasgup3/Github/strata-data/circuits --opcode vdppd_xmm_xmm_xmm_imm8_242 
strata does not support 'vdppd $0xf2, %xmm3, %xmm2, %xmm1'.
/home/sdasgup3/Github/strata/stoke/bin/specgen compare --circuit_dir /home/sdasgup3/Github/strata-data/circuits --opcode vdppd_xmm_xmm_xmm_imm8_243 
strata does not support 'vdppd $0xf3, %xmm3, %xmm2, %xmm1'.
/home/sdasgup3/Github/strata/stoke/bin/specgen compare --circuit_dir /home/sdasgup3/Github/strata-data/circuits --opcode vdppd_xmm_xmm_xmm_imm8_244 
Equivalent.
/home/sdasgup3/Github/strata/stoke/bin/specgen compare --circuit_dir /home/sdasgup3/Github/strata-data/circuits --opcode vdppd_xmm_xmm_xmm_imm8_245 
strata does not support 'vdppd $0xf5, %xmm3, %xmm2, %xmm1'.
/home/sdasgup3/Github/strata/stoke/bin/specgen compare --circuit_dir /home/sdasgup3/Github/strata-data/circuits --opcode vdppd_xmm_xmm_xmm_imm8_246 
strata does not support 'vdppd $0xf6, %xmm3, %xmm2, %xmm1'.
/home/sdasgup3/Github/strata/stoke/bin/specgen compare --circuit_dir /home/sdasgup3/Github/strata-data/circuits --opcode vdppd_xmm_xmm_xmm_imm8_247 
strata does not support 'vdppd $0xf7, %xmm3, %xmm2, %xmm1'.
/home/sdasgup3/Github/strata/stoke/bin/specgen compare --circuit_dir /home/sdasgup3/Github/strata-data/circuits --opcode vdppd_xmm_xmm_xmm_imm8_248 
Equivalent.
/home/sdasgup3/Github/strata/stoke/bin/specgen compare --circuit_dir /home/sdasgup3/Github/strata-data/circuits --opcode vdppd_xmm_xmm_xmm_imm8_249 
strata does not support 'vdppd $0xf9, %xmm3, %xmm2, %xmm1'.
/home/sdasgup3/Github/strata/stoke/bin/specgen compare --circuit_dir /home/sdasgup3/Github/strata-data/circuits --opcode vdppd_xmm_xmm_xmm_imm8_250 
strata does not support 'vdppd $0xfa, %xmm3, %xmm2, %xmm1'.
/home/sdasgup3/Github/strata/stoke/bin/specgen compare --circuit_dir /home/sdasgup3/Github/strata-data/circuits --opcode vdppd_xmm_xmm_xmm_imm8_251 
strata does not support 'vdppd $0xfb, %xmm3, %xmm2, %xmm1'.
/home/sdasgup3/Github/strata/stoke/bin/specgen compare --circuit_dir /home/sdasgup3/Github/strata-data/circuits --opcode vdppd_xmm_xmm_xmm_imm8_252 
Equivalent.
/home/sdasgup3/Github/strata/stoke/bin/specgen compare --circuit_dir /home/sdasgup3/Github/strata-data/circuits --opcode vdppd_xmm_xmm_xmm_imm8_253 
strata does not support 'vdppd $0xfd, %xmm3, %xmm2, %xmm1'.
/home/sdasgup3/Github/strata/stoke/bin/specgen compare --circuit_dir /home/sdasgup3/Github/strata-data/circuits --opcode vdppd_xmm_xmm_xmm_imm8_254 
strata does not support 'vdppd $0xfe, %xmm3, %xmm2, %xmm1'.
/home/sdasgup3/Github/strata/stoke/bin/specgen compare --circuit_dir /home/sdasgup3/Github/strata-data/circuits --opcode vdppd_xmm_xmm_xmm_imm8_255 
strata does not support 'vdppd $0xff, %xmm3, %xmm2, %xmm1'.
