[4m[1m[34mFiring Last 29[0m
Thread 1 start: vpslld_ymm_ymm_imm8_3
/home/sdasgup3/TYLER/strata/stoke/./bin/stoke_check_circuit --target imm_instructions/vpslld_ymm_ymm_imm8/instructions/vpslld_ymm_ymm_imm8_3/vpslld_ymm_ymm_imm8_3.s --functions /home/sdasgup3/Github/strata-data/data-regs/functions --testcases /home/sdasgup3/Github/strata-data/data-regs/testcases.tc --def_in "{ %ymm2 }" --live_out "{ %ymm1 }" 
Thread 2 start: vpslld_ymm_ymm_imm8_4
/home/sdasgup3/TYLER/strata/stoke/./bin/stoke_check_circuit --target imm_instructions/vpslld_ymm_ymm_imm8/instructions/vpslld_ymm_ymm_imm8_4/vpslld_ymm_ymm_imm8_4.s --functions /home/sdasgup3/Github/strata-data/data-regs/functions --testcases /home/sdasgup3/Github/strata-data/data-regs/testcases.tc --def_in "{ %ymm2 }" --live_out "{ %ymm1 }" 
Thread 3 start: vpslld_ymm_ymm_imm8_5
/home/sdasgup3/TYLER/strata/stoke/./bin/stoke_check_circuit --target imm_instructions/vpslld_ymm_ymm_imm8/instructions/vpslld_ymm_ymm_imm8_5/vpslld_ymm_ymm_imm8_5.s --functions /home/sdasgup3/Github/strata-data/data-regs/functions --testcases /home/sdasgup3/Github/strata-data/data-regs/testcases.tc --def_in "{ %ymm2 }" --live_out "{ %ymm1 }" 
Thread 4 start: vpslld_ymm_ymm_imm8_6
/home/sdasgup3/TYLER/strata/stoke/./bin/stoke_check_circuit --target imm_instructions/vpslld_ymm_ymm_imm8/instructions/vpslld_ymm_ymm_imm8_6/vpslld_ymm_ymm_imm8_6.s --functions /home/sdasgup3/Github/strata-data/data-regs/functions --testcases /home/sdasgup3/Github/strata-data/data-regs/testcases.tc --def_in "{ %ymm2 }" --live_out "{ %ymm1 }" 
Thread 5 start: vpslld_ymm_ymm_imm8_7
/home/sdasgup3/TYLER/strata/stoke/./bin/stoke_check_circuit --target imm_instructions/vpslld_ymm_ymm_imm8/instructions/vpslld_ymm_ymm_imm8_7/vpslld_ymm_ymm_imm8_7.s --functions /home/sdasgup3/Github/strata-data/data-regs/functions --testcases /home/sdasgup3/Github/strata-data/data-regs/testcases.tc --def_in "{ %ymm2 }" --live_out "{ %ymm1 }" 
Thread 6 start: vpslld_ymm_ymm_imm8_8
/home/sdasgup3/TYLER/strata/stoke/./bin/stoke_check_circuit --target imm_instructions/vpslld_ymm_ymm_imm8/instructions/vpslld_ymm_ymm_imm8_8/vpslld_ymm_ymm_imm8_8.s --functions /home/sdasgup3/Github/strata-data/data-regs/functions --testcases /home/sdasgup3/Github/strata-data/data-regs/testcases.tc --def_in "{ %ymm2 }" --live_out "{ %ymm1 }" 
Thread 7 start: vpslld_ymm_ymm_imm8_9
/home/sdasgup3/TYLER/strata/stoke/./bin/stoke_check_circuit --target imm_instructions/vpslld_ymm_ymm_imm8/instructions/vpslld_ymm_ymm_imm8_9/vpslld_ymm_ymm_imm8_9.s --functions /home/sdasgup3/Github/strata-data/data-regs/functions --testcases /home/sdasgup3/Github/strata-data/data-regs/testcases.tc --def_in "{ %ymm2 }" --live_out "{ %ymm1 }" 
Thread 8 start: vpslld_ymm_ymm_imm8_10
/home/sdasgup3/TYLER/strata/stoke/./bin/stoke_check_circuit --target imm_instructions/vpslld_ymm_ymm_imm8/instructions/vpslld_ymm_ymm_imm8_10/vpslld_ymm_ymm_imm8_10.s --functions /home/sdasgup3/Github/strata-data/data-regs/functions --testcases /home/sdasgup3/Github/strata-data/data-regs/testcases.tc --def_in "{ %ymm2 }" --live_out "{ %ymm1 }" 
Thread 9 start: vpslld_ymm_ymm_imm8_11
/home/sdasgup3/TYLER/strata/stoke/./bin/stoke_check_circuit --target imm_instructions/vpslld_ymm_ymm_imm8/instructions/vpslld_ymm_ymm_imm8_11/vpslld_ymm_ymm_imm8_11.s --functions /home/sdasgup3/Github/strata-data/data-regs/functions --testcases /home/sdasgup3/Github/strata-data/data-regs/testcases.tc --def_in "{ %ymm2 }" --live_out "{ %ymm1 }" 
Thread 10 start: vpslld_ymm_ymm_imm8_12
/home/sdasgup3/TYLER/strata/stoke/./bin/stoke_check_circuit --target imm_instructions/vpslld_ymm_ymm_imm8/instructions/vpslld_ymm_ymm_imm8_12/vpslld_ymm_ymm_imm8_12.s --functions /home/sdasgup3/Github/strata-data/data-regs/functions --testcases /home/sdasgup3/Github/strata-data/data-regs/testcases.tc --def_in "{ %ymm2 }" --live_out "{ %ymm1 }" 
Thread 11 start: vpslld_ymm_ymm_imm8_13
/home/sdasgup3/TYLER/strata/stoke/./bin/stoke_check_circuit --target imm_instructions/vpslld_ymm_ymm_imm8/instructions/vpslld_ymm_ymm_imm8_13/vpslld_ymm_ymm_imm8_13.s --functions /home/sdasgup3/Github/strata-data/data-regs/functions --testcases /home/sdasgup3/Github/strata-data/data-regs/testcases.tc --def_in "{ %ymm2 }" --live_out "{ %ymm1 }" 
Thread 12 start: vpslld_ymm_ymm_imm8_14
/home/sdasgup3/TYLER/strata/stoke/./bin/stoke_check_circuit --target imm_instructions/vpslld_ymm_ymm_imm8/instructions/vpslld_ymm_ymm_imm8_14/vpslld_ymm_ymm_imm8_14.s --functions /home/sdasgup3/Github/strata-data/data-regs/functions --testcases /home/sdasgup3/Github/strata-data/data-regs/testcases.tc --def_in "{ %ymm2 }" --live_out "{ %ymm1 }" 
Thread 13 start: vpslld_ymm_ymm_imm8_15
/home/sdasgup3/TYLER/strata/stoke/./bin/stoke_check_circuit --target imm_instructions/vpslld_ymm_ymm_imm8/instructions/vpslld_ymm_ymm_imm8_15/vpslld_ymm_ymm_imm8_15.s --functions /home/sdasgup3/Github/strata-data/data-regs/functions --testcases /home/sdasgup3/Github/strata-data/data-regs/testcases.tc --def_in "{ %ymm2 }" --live_out "{ %ymm1 }" 
Thread 14 start: vpslld_ymm_ymm_imm8_16
/home/sdasgup3/TYLER/strata/stoke/./bin/stoke_check_circuit --target imm_instructions/vpslld_ymm_ymm_imm8/instructions/vpslld_ymm_ymm_imm8_16/vpslld_ymm_ymm_imm8_16.s --functions /home/sdasgup3/Github/strata-data/data-regs/functions --testcases /home/sdasgup3/Github/strata-data/data-regs/testcases.tc --def_in "{ %ymm2 }" --live_out "{ %ymm1 }" 
Thread 15 start: vpslld_ymm_ymm_imm8_17
/home/sdasgup3/TYLER/strata/stoke/./bin/stoke_check_circuit --target imm_instructions/vpslld_ymm_ymm_imm8/instructions/vpslld_ymm_ymm_imm8_17/vpslld_ymm_ymm_imm8_17.s --functions /home/sdasgup3/Github/strata-data/data-regs/functions --testcases /home/sdasgup3/Github/strata-data/data-regs/testcases.tc --def_in "{ %ymm2 }" --live_out "{ %ymm1 }" 
Thread 16 start: vpslld_ymm_ymm_imm8_18
/home/sdasgup3/TYLER/strata/stoke/./bin/stoke_check_circuit --target imm_instructions/vpslld_ymm_ymm_imm8/instructions/vpslld_ymm_ymm_imm8_18/vpslld_ymm_ymm_imm8_18.s --functions /home/sdasgup3/Github/strata-data/data-regs/functions --testcases /home/sdasgup3/Github/strata-data/data-regs/testcases.tc --def_in "{ %ymm2 }" --live_out "{ %ymm1 }" 
Thread 17 start: vpslld_ymm_ymm_imm8_19
/home/sdasgup3/TYLER/strata/stoke/./bin/stoke_check_circuit --target imm_instructions/vpslld_ymm_ymm_imm8/instructions/vpslld_ymm_ymm_imm8_19/vpslld_ymm_ymm_imm8_19.s --functions /home/sdasgup3/Github/strata-data/data-regs/functions --testcases /home/sdasgup3/Github/strata-data/data-regs/testcases.tc --def_in "{ %ymm2 }" --live_out "{ %ymm1 }" 
Thread 18 start: vpslld_ymm_ymm_imm8_20
/home/sdasgup3/TYLER/strata/stoke/./bin/stoke_check_circuit --target imm_instructions/vpslld_ymm_ymm_imm8/instructions/vpslld_ymm_ymm_imm8_20/vpslld_ymm_ymm_imm8_20.s --functions /home/sdasgup3/Github/strata-data/data-regs/functions --testcases /home/sdasgup3/Github/strata-data/data-regs/testcases.tc --def_in "{ %ymm2 }" --live_out "{ %ymm1 }" 
Thread 19 start: vpslld_ymm_ymm_imm8_21
/home/sdasgup3/TYLER/strata/stoke/./bin/stoke_check_circuit --target imm_instructions/vpslld_ymm_ymm_imm8/instructions/vpslld_ymm_ymm_imm8_21/vpslld_ymm_ymm_imm8_21.s --functions /home/sdasgup3/Github/strata-data/data-regs/functions --testcases /home/sdasgup3/Github/strata-data/data-regs/testcases.tc --def_in "{ %ymm2 }" --live_out "{ %ymm1 }" 
Thread 20 start: vpslld_ymm_ymm_imm8_22
/home/sdasgup3/TYLER/strata/stoke/./bin/stoke_check_circuit --target imm_instructions/vpslld_ymm_ymm_imm8/instructions/vpslld_ymm_ymm_imm8_22/vpslld_ymm_ymm_imm8_22.s --functions /home/sdasgup3/Github/strata-data/data-regs/functions --testcases /home/sdasgup3/Github/strata-data/data-regs/testcases.tc --def_in "{ %ymm2 }" --live_out "{ %ymm1 }" 
Thread 21 start: vpslld_ymm_ymm_imm8_23
/home/sdasgup3/TYLER/strata/stoke/./bin/stoke_check_circuit --target imm_instructions/vpslld_ymm_ymm_imm8/instructions/vpslld_ymm_ymm_imm8_23/vpslld_ymm_ymm_imm8_23.s --functions /home/sdasgup3/Github/strata-data/data-regs/functions --testcases /home/sdasgup3/Github/strata-data/data-regs/testcases.tc --def_in "{ %ymm2 }" --live_out "{ %ymm1 }" 
Thread 22 start: vpslld_ymm_ymm_imm8_24
/home/sdasgup3/TYLER/strata/stoke/./bin/stoke_check_circuit --target imm_instructions/vpslld_ymm_ymm_imm8/instructions/vpslld_ymm_ymm_imm8_24/vpslld_ymm_ymm_imm8_24.s --functions /home/sdasgup3/Github/strata-data/data-regs/functions --testcases /home/sdasgup3/Github/strata-data/data-regs/testcases.tc --def_in "{ %ymm2 }" --live_out "{ %ymm1 }" 
Thread 23 start: vpslld_ymm_ymm_imm8_25
/home/sdasgup3/TYLER/strata/stoke/./bin/stoke_check_circuit --target imm_instructions/vpslld_ymm_ymm_imm8/instructions/vpslld_ymm_ymm_imm8_25/vpslld_ymm_ymm_imm8_25.s --functions /home/sdasgup3/Github/strata-data/data-regs/functions --testcases /home/sdasgup3/Github/strata-data/data-regs/testcases.tc --def_in "{ %ymm2 }" --live_out "{ %ymm1 }" 
Thread 24 start: vpslld_ymm_ymm_imm8_26
/home/sdasgup3/TYLER/strata/stoke/./bin/stoke_check_circuit --target imm_instructions/vpslld_ymm_ymm_imm8/instructions/vpslld_ymm_ymm_imm8_26/vpslld_ymm_ymm_imm8_26.s --functions /home/sdasgup3/Github/strata-data/data-regs/functions --testcases /home/sdasgup3/Github/strata-data/data-regs/testcases.tc --def_in "{ %ymm2 }" --live_out "{ %ymm1 }" 
Thread 25 start: vpslld_ymm_ymm_imm8_27
/home/sdasgup3/TYLER/strata/stoke/./bin/stoke_check_circuit --target imm_instructions/vpslld_ymm_ymm_imm8/instructions/vpslld_ymm_ymm_imm8_27/vpslld_ymm_ymm_imm8_27.s --functions /home/sdasgup3/Github/strata-data/data-regs/functions --testcases /home/sdasgup3/Github/strata-data/data-regs/testcases.tc --def_in "{ %ymm2 }" --live_out "{ %ymm1 }" 
Thread 26 start: vpslld_ymm_ymm_imm8_28
/home/sdasgup3/TYLER/strata/stoke/./bin/stoke_check_circuit --target imm_instructions/vpslld_ymm_ymm_imm8/instructions/vpslld_ymm_ymm_imm8_28/vpslld_ymm_ymm_imm8_28.s --functions /home/sdasgup3/Github/strata-data/data-regs/functions --testcases /home/sdasgup3/Github/strata-data/data-regs/testcases.tc --def_in "{ %ymm2 }" --live_out "{ %ymm1 }" 
Thread 27 start: vpslld_ymm_ymm_imm8_29
/home/sdasgup3/TYLER/strata/stoke/./bin/stoke_check_circuit --target imm_instructions/vpslld_ymm_ymm_imm8/instructions/vpslld_ymm_ymm_imm8_29/vpslld_ymm_ymm_imm8_29.s --functions /home/sdasgup3/Github/strata-data/data-regs/functions --testcases /home/sdasgup3/Github/strata-data/data-regs/testcases.tc --def_in "{ %ymm2 }" --live_out "{ %ymm1 }" 
Thread 28 start: vpslld_ymm_ymm_imm8_30
/home/sdasgup3/TYLER/strata/stoke/./bin/stoke_check_circuit --target imm_instructions/vpslld_ymm_ymm_imm8/instructions/vpslld_ymm_ymm_imm8_30/vpslld_ymm_ymm_imm8_30.s --functions /home/sdasgup3/Github/strata-data/data-regs/functions --testcases /home/sdasgup3/Github/strata-data/data-regs/testcases.tc --def_in "{ %ymm2 }" --live_out "{ %ymm1 }" 
Thread 29 start: vpslld_ymm_ymm_imm8_31
/home/sdasgup3/TYLER/strata/stoke/./bin/stoke_check_circuit --target imm_instructions/vpslld_ymm_ymm_imm8/instructions/vpslld_ymm_ymm_imm8_31/vpslld_ymm_ymm_imm8_31.s --functions /home/sdasgup3/Github/strata-data/data-regs/functions --testcases /home/sdasgup3/Github/strata-data/data-regs/testcases.tc --def_in "{ %ymm2 }" --live_out "{ %ymm1 }" 
Reading the Testsuit
Preparing Sandbox
Run 6630 tests
Collect Results
Build Handler
Check Equivalence
Completed 1000cases
Reading the Testsuit
Preparing Sandbox
Run 6630 tests
Collect Results
Build Handler
Check Equivalence
Completed 1000cases
Reading the Testsuit
Preparing Sandbox
Run 6630 tests
Collect Results
Build Handler
Check Equivalence
Completed 1000cases
Reading the Testsuit
Preparing Sandbox
Run 6630 tests
Collect Results
Build Handler
Check Equivalence
Completed 1000cases
Reading the Testsuit
Preparing Sandbox
Run 6630 tests
Collect Results
Build Handler
Check Equivalence
Completed 1000cases
Reading the Testsuit
Preparing Sandbox
Run 6630 tests
Collect Results
Build Handler
Check Equivalence
Completed 1000cases
Reading the Testsuit
Preparing Sandbox
Run 6630 tests
Collect Results
Build Handler
Check Equivalence
Completed 1000cases
Reading the Testsuit
Preparing Sandbox
Run 6630 tests
Collect Results
Build Handler
Check Equivalence
Completed 1000cases
Reading the Testsuit
Preparing Sandbox
Run 6630 tests
Collect Results
Build Handler
Check Equivalence
Completed 1000cases
Reading the Testsuit
Preparing Sandbox
Run 6630 tests
Collect Results
Build Handler
Check Equivalence
Completed 1000cases
Reading the Testsuit
Preparing Sandbox
Run 6630 tests
Collect Results
Build Handler
Check Equivalence
Completed 1000cases
Reading the Testsuit
Preparing Sandbox
Run 6630 tests
Collect Results
Build Handler
Check Equivalence
Completed 1000cases
Reading the Testsuit
Preparing Sandbox
Run 6630 tests
Collect Results
Build Handler
Check Equivalence
Completed 1000cases
Reading the Testsuit
Preparing Sandbox
Run 6630 tests
Collect Results
Build Handler
Check Equivalence
Completed 1000cases
Reading the Testsuit
Preparing Sandbox
Run 6630 tests
Collect Results
Build Handler
Check Equivalence
Completed 1000cases
Reading the Testsuit
Preparing Sandbox
Run 6630 tests
Collect Results
Build Handler
Check Equivalence
Completed 1000cases
Reading the Testsuit
Preparing Sandbox
Run 6630 tests
Collect Results
Build Handler
Check Equivalence
Completed 1000cases
Reading the Testsuit
Preparing Sandbox
Run 6630 tests
Collect Results
Build Handler
Check Equivalence
Completed 1000cases
Reading the Testsuit
Preparing Sandbox
Run 6630 tests
Collect Results
Build Handler
Check Equivalence
Completed 1000cases
Reading the Testsuit
Preparing Sandbox
Run 6630 tests
Collect Results
Build Handler
Check Equivalence
Completed 1000cases
Reading the Testsuit
Preparing Sandbox
Run 6630 tests
Collect Results
Build Handler
Check Equivalence
Completed 1000cases
Reading the Testsuit
Preparing Sandbox
Run 6630 tests
Collect Results
Build Handler
Check Equivalence
Completed 1000cases
Reading the Testsuit
Preparing Sandbox
Run 6630 tests
Collect Results
Build Handler
Check Equivalence
Completed 1000cases
Reading the Testsuit
Preparing Sandbox
Run 6630 tests
Collect Results
Build Handler
Check Equivalence
Completed 1000cases
Reading the Testsuit
Preparing Sandbox
Run 6630 tests
Collect Results
Build Handler
Check Equivalence
Completed 1000cases
Reading the Testsuit
Preparing Sandbox
Run 6630 tests
Collect Results
Build Handler
Check Equivalence
Completed 1000cases
Reading the Testsuit
Preparing Sandbox
Run 6630 tests
Collect Results
Build Handler
Check Equivalence
Completed 1000cases
Reading the Testsuit
Preparing Sandbox
Run 6630 tests
Collect Results
Build Handler
Check Equivalence
Completed 1000cases
Reading the Testsuit
Preparing Sandbox
Run 6630 tests
Collect Results
Build Handler
Check Equivalence
Completed 1000cases
Completed 2000cases
Completed 2000cases
Completed 2000cases
Completed 2000cases
Completed 2000cases
Completed 2000cases
Completed 2000cases
Completed 2000cases
Completed 2000cases
Completed 2000cases
Completed 2000cases
Completed 2000cases
Completed 2000cases
Completed 2000cases
Completed 2000cases
Completed 2000cases
Completed 2000cases
Completed 2000cases
Completed 2000cases
Completed 2000cases
Completed 2000cases
Completed 2000cases
Completed 2000cases
Completed 2000cases
Completed 2000cases
Completed 2000cases
Completed 2000cases
Completed 2000cases
Completed 2000cases
Completed 3000cases
Completed 3000cases
Completed 3000cases
Completed 3000cases
Completed 3000cases
Completed 3000cases
Completed 3000cases
Completed 3000cases
Completed 3000cases
Completed 3000cases
Completed 3000cases
Completed 3000cases
Completed 3000cases
Completed 3000cases
Completed 3000cases
Completed 3000cases
Completed 3000cases
Completed 3000cases
Completed 3000cases
Completed 3000cases
Completed 3000cases
Completed 3000cases
Completed 3000cases
Completed 3000cases
Completed 3000cases
Completed 3000cases
Completed 3000cases
Completed 3000cases
Completed 4000cases
Completed 3000cases
Completed 4000cases
Completed 4000cases
Completed 4000cases
Completed 4000cases
Completed 4000cases
Completed 4000cases
Completed 4000cases
Completed 4000cases
Completed 4000cases
Completed 4000cases
Completed 4000cases
Completed 4000cases
Completed 4000cases
Completed 4000cases
Completed 4000cases
Completed 4000cases
Completed 4000cases
Completed 4000cases
Completed 4000cases
Completed 4000cases
Completed 4000cases
Completed 4000cases
Completed 4000cases
Completed 4000cases
Completed 4000cases
Completed 4000cases
Completed 4000cases
Completed 5000cases
Completed 4000cases
Completed 5000cases
Completed 5000cases
Completed 5000cases
Completed 5000cases
Completed 5000cases
Completed 5000cases
Completed 5000cases
Completed 5000cases
Completed 5000cases
Completed 5000cases
Completed 5000cases
Completed 5000cases
Completed 5000cases
Completed 5000cases
Completed 5000cases
Completed 5000cases
Completed 5000cases
Completed 5000cases
Completed 5000cases
Completed 5000cases
Completed 5000cases
Completed 5000cases
Completed 5000cases
Completed 5000cases
Completed 5000cases
Completed 5000cases
Completed 6000cases
Completed 5000cases
Completed 5000cases
Completed 6000cases
Completed 6000cases
Completed 6000cases
Completed 6000cases
Completed 6000cases
Completed 6000cases
Completed 6000cases
Completed 6000cases
Completed 6000cases
Completed 6000cases
Completed 6000cases
Completed 6000cases
Completed 6000cases
Completed 6000cases
Completed 6000cases
Thread 1 done!: vpslld_ymm_ymm_imm8_3
Completed 6000cases
Completed 6000cases
Completed 6000cases
Completed 6000cases
Completed 6000cases
Completed 6000cases
Completed 6000cases
Thread 15 done!: vpslld_ymm_ymm_imm8_17
Thread 18 done!: vpslld_ymm_ymm_imm8_20
Completed 6000cases
Completed 6000cases
Completed 6000cases
Completed 6000cases
Thread 21 done!: vpslld_ymm_ymm_imm8_23
Thread 10 done!: vpslld_ymm_ymm_imm8_12
Thread 22 done!: vpslld_ymm_ymm_imm8_24
Thread 16 done!: vpslld_ymm_ymm_imm8_18
Completed 6000cases
Thread 14 done!: vpslld_ymm_ymm_imm8_16
Completed 6000cases
Thread 5 done!: vpslld_ymm_ymm_imm8_7
Thread 7 done!: vpslld_ymm_ymm_imm8_9
Thread 2 done!: vpslld_ymm_ymm_imm8_4
Thread 9 done!: vpslld_ymm_ymm_imm8_11
Thread 19 done!: vpslld_ymm_ymm_imm8_21
Thread 23 done!: vpslld_ymm_ymm_imm8_25
Thread 6 done!: vpslld_ymm_ymm_imm8_8
Thread 12 done!: vpslld_ymm_ymm_imm8_14
Thread 27 done!: vpslld_ymm_ymm_imm8_29
Thread 11 done!: vpslld_ymm_ymm_imm8_13
Thread 13 done!: vpslld_ymm_ymm_imm8_15
Thread 24 done!: vpslld_ymm_ymm_imm8_26
Thread 29 done!: vpslld_ymm_ymm_imm8_31
Thread 26 done!: vpslld_ymm_ymm_imm8_28
Thread 20 done!: vpslld_ymm_ymm_imm8_22
Thread 4 done!: vpslld_ymm_ymm_imm8_6
Thread 8 done!: vpslld_ymm_ymm_imm8_10
Thread 17 done!: vpslld_ymm_ymm_imm8_19
Thread 3 done!: vpslld_ymm_ymm_imm8_5
Thread 25 done!: vpslld_ymm_ymm_imm8_27
Thread 28 done!: vpslld_ymm_ymm_imm8_30
