[4m[1m[34mFiring 30.[0m
Thread 5 start: vblendps_xmm_xmm_xmm_imm8_101
timeout 30m  /home/sdasgup3/Github/strata/stoke/./bin/stoke_check_circuit --strata_path /home/sdasgup3/Github/strata-data/circuits --target concrete_instances/immediate-variants/vblendps_xmm_xmm_xmm_imm8/instructions/vblendps_xmm_xmm_xmm_imm8_101/vblendps_xmm_xmm_xmm_imm8_101.s --functions /home/sdasgup3/Github/strata-data/data-regs/functions --testcases /home/sdasgup3/Github/strata-data/data-regs/testcases.tc --def_in "{ %xmm2 %xmm3 }" --live_out "{ %ymm1 }" --maybe_undef_out "{ }" 
Thread 6 start: vblendps_xmm_xmm_xmm_imm8_133
timeout 30m  /home/sdasgup3/Github/strata/stoke/./bin/stoke_check_circuit --strata_path /home/sdasgup3/Github/strata-data/circuits --target concrete_instances/immediate-variants/vblendps_xmm_xmm_xmm_imm8/instructions/vblendps_xmm_xmm_xmm_imm8_133/vblendps_xmm_xmm_xmm_imm8_133.s --functions /home/sdasgup3/Github/strata-data/data-regs/functions --testcases /home/sdasgup3/Github/strata-data/data-regs/testcases.tc --def_in "{ %xmm2 %xmm3 }" --live_out "{ %ymm1 }" --maybe_undef_out "{ }" 
Thread 7 start: vblendps_xmm_xmm_xmm_imm8_138
timeout 30m  /home/sdasgup3/Github/strata/stoke/./bin/stoke_check_circuit --strata_path /home/sdasgup3/Github/strata-data/circuits --target concrete_instances/immediate-variants/vblendps_xmm_xmm_xmm_imm8/instructions/vblendps_xmm_xmm_xmm_imm8_138/vblendps_xmm_xmm_xmm_imm8_138.s --functions /home/sdasgup3/Github/strata-data/data-regs/functions --testcases /home/sdasgup3/Github/strata-data/data-regs/testcases.tc --def_in "{ %xmm2 %xmm3 }" --live_out "{ %ymm1 }" --maybe_undef_out "{ }" 
Thread 8 start: vblendps_xmm_xmm_xmm_imm8_150
timeout 30m  /home/sdasgup3/Github/strata/stoke/./bin/stoke_check_circuit --strata_path /home/sdasgup3/Github/strata-data/circuits --target concrete_instances/immediate-variants/vblendps_xmm_xmm_xmm_imm8/instructions/vblendps_xmm_xmm_xmm_imm8_150/vblendps_xmm_xmm_xmm_imm8_150.s --functions /home/sdasgup3/Github/strata-data/data-regs/functions --testcases /home/sdasgup3/Github/strata-data/data-regs/testcases.tc --def_in "{ %xmm2 %xmm3 }" --live_out "{ %ymm1 }" --maybe_undef_out "{ }" 
Thread 3 start: vblendps_xmm_xmm_xmm_imm8_33
timeout 30m  /home/sdasgup3/Github/strata/stoke/./bin/stoke_check_circuit --strata_path /home/sdasgup3/Github/strata-data/circuits --target concrete_instances/immediate-variants/vblendps_xmm_xmm_xmm_imm8/instructions/vblendps_xmm_xmm_xmm_imm8_33/vblendps_xmm_xmm_xmm_imm8_33.s --functions /home/sdasgup3/Github/strata-data/data-regs/functions --testcases /home/sdasgup3/Github/strata-data/data-regs/testcases.tc --def_in "{ %xmm2 %xmm3 }" --live_out "{ %ymm1 }" --maybe_undef_out "{ }" 
Thread 16 start: vblendps_xmm_xmm_xmm_imm8_27
timeout 30m  /home/sdasgup3/Github/strata/stoke/./bin/stoke_check_circuit --strata_path /home/sdasgup3/Github/strata-data/circuits --target concrete_instances/immediate-variants/vblendps_xmm_xmm_xmm_imm8/instructions/vblendps_xmm_xmm_xmm_imm8_27/vblendps_xmm_xmm_xmm_imm8_27.s --functions /home/sdasgup3/Github/strata-data/data-regs/functions --testcases /home/sdasgup3/Github/strata-data/data-regs/testcases.tc --def_in "{ %xmm2 %xmm3 }" --live_out "{ %ymm1 }" --maybe_undef_out "{ }" 
Thread 2 start: vblendps_xmm_xmm_xmm_imm8_26
timeout 30m  /home/sdasgup3/Github/strata/stoke/./bin/stoke_check_circuit --strata_path /home/sdasgup3/Github/strata-data/circuits --target concrete_instances/immediate-variants/vblendps_xmm_xmm_xmm_imm8/instructions/vblendps_xmm_xmm_xmm_imm8_26/vblendps_xmm_xmm_xmm_imm8_26.s --functions /home/sdasgup3/Github/strata-data/data-regs/functions --testcases /home/sdasgup3/Github/strata-data/data-regs/testcases.tc --def_in "{ %xmm2 %xmm3 }" --live_out "{ %ymm1 }" --maybe_undef_out "{ }" 
Thread 12 start: vblendps_xmm_xmm_xmm_imm8_5
timeout 30m  /home/sdasgup3/Github/strata/stoke/./bin/stoke_check_circuit --strata_path /home/sdasgup3/Github/strata-data/circuits --target concrete_instances/immediate-variants/vblendps_xmm_xmm_xmm_imm8/instructions/vblendps_xmm_xmm_xmm_imm8_5/vblendps_xmm_xmm_xmm_imm8_5.s --functions /home/sdasgup3/Github/strata-data/data-regs/functions --testcases /home/sdasgup3/Github/strata-data/data-regs/testcases.tc --def_in "{ %xmm2 %xmm3 }" --live_out "{ %ymm1 }" --maybe_undef_out "{ }" 
Thread 4 start: vblendps_xmm_xmm_xmm_imm8_73
timeout 30m  /home/sdasgup3/Github/strata/stoke/./bin/stoke_check_circuit --strata_path /home/sdasgup3/Github/strata-data/circuits --target concrete_instances/immediate-variants/vblendps_xmm_xmm_xmm_imm8/instructions/vblendps_xmm_xmm_xmm_imm8_73/vblendps_xmm_xmm_xmm_imm8_73.s --functions /home/sdasgup3/Github/strata-data/data-regs/functions --testcases /home/sdasgup3/Github/strata-data/data-regs/testcases.tc --def_in "{ %xmm2 %xmm3 }" --live_out "{ %ymm1 }" --maybe_undef_out "{ }" 
Thread 17 start: vblendps_xmm_xmm_xmm_imm8_38
timeout 30m  /home/sdasgup3/Github/strata/stoke/./bin/stoke_check_circuit --strata_path /home/sdasgup3/Github/strata-data/circuits --target concrete_instances/immediate-variants/vblendps_xmm_xmm_xmm_imm8/instructions/vblendps_xmm_xmm_xmm_imm8_38/vblendps_xmm_xmm_xmm_imm8_38.s --functions /home/sdasgup3/Github/strata-data/data-regs/functions --testcases /home/sdasgup3/Github/strata-data/data-regs/testcases.tc --def_in "{ %xmm2 %xmm3 }" --live_out "{ %ymm1 }" --maybe_undef_out "{ }" 
Thread 18 start: vblendps_xmm_xmm_xmm_imm8_43
timeout 30m  /home/sdasgup3/Github/strata/stoke/./bin/stoke_check_circuit --strata_path /home/sdasgup3/Github/strata-data/circuits --target concrete_instances/immediate-variants/vblendps_xmm_xmm_xmm_imm8/instructions/vblendps_xmm_xmm_xmm_imm8_43/vblendps_xmm_xmm_xmm_imm8_43.s --functions /home/sdasgup3/Github/strata-data/data-regs/functions --testcases /home/sdasgup3/Github/strata-data/data-regs/testcases.tc --def_in "{ %xmm2 %xmm3 }" --live_out "{ %ymm1 }" --maybe_undef_out "{ }" 
Thread 13 start: vblendps_xmm_xmm_xmm_imm8_6
timeout 30m  /home/sdasgup3/Github/strata/stoke/./bin/stoke_check_circuit --strata_path /home/sdasgup3/Github/strata-data/circuits --target concrete_instances/immediate-variants/vblendps_xmm_xmm_xmm_imm8/instructions/vblendps_xmm_xmm_xmm_imm8_6/vblendps_xmm_xmm_xmm_imm8_6.s --functions /home/sdasgup3/Github/strata-data/data-regs/functions --testcases /home/sdasgup3/Github/strata-data/data-regs/testcases.tc --def_in "{ %xmm2 %xmm3 }" --live_out "{ %ymm1 }" --maybe_undef_out "{ }" 
Thread 19 start: vblendps_xmm_xmm_xmm_imm8_53
timeout 30m  /home/sdasgup3/Github/strata/stoke/./bin/stoke_check_circuit --strata_path /home/sdasgup3/Github/strata-data/circuits --target concrete_instances/immediate-variants/vblendps_xmm_xmm_xmm_imm8/instructions/vblendps_xmm_xmm_xmm_imm8_53/vblendps_xmm_xmm_xmm_imm8_53.s --functions /home/sdasgup3/Github/strata-data/data-regs/functions --testcases /home/sdasgup3/Github/strata-data/data-regs/testcases.tc --def_in "{ %xmm2 %xmm3 }" --live_out "{ %ymm1 }" --maybe_undef_out "{ }" 
Thread 20 start: vblendps_xmm_xmm_xmm_imm8_69
timeout 30m  /home/sdasgup3/Github/strata/stoke/./bin/stoke_check_circuit --strata_path /home/sdasgup3/Github/strata-data/circuits --target concrete_instances/immediate-variants/vblendps_xmm_xmm_xmm_imm8/instructions/vblendps_xmm_xmm_xmm_imm8_69/vblendps_xmm_xmm_xmm_imm8_69.s --functions /home/sdasgup3/Github/strata-data/data-regs/functions --testcases /home/sdasgup3/Github/strata-data/data-regs/testcases.tc --def_in "{ %xmm2 %xmm3 }" --live_out "{ %ymm1 }" --maybe_undef_out "{ }" 
Thread 21 start: vblendps_xmm_xmm_xmm_imm8_86
timeout 30m  /home/sdasgup3/Github/strata/stoke/./bin/stoke_check_circuit --strata_path /home/sdasgup3/Github/strata-data/circuits --target concrete_instances/immediate-variants/vblendps_xmm_xmm_xmm_imm8/instructions/vblendps_xmm_xmm_xmm_imm8_86/vblendps_xmm_xmm_xmm_imm8_86.s --functions /home/sdasgup3/Github/strata-data/data-regs/functions --testcases /home/sdasgup3/Github/strata-data/data-regs/testcases.tc --def_in "{ %xmm2 %xmm3 }" --live_out "{ %ymm1 }" --maybe_undef_out "{ }" 
Thread 23 start: vblendps_xmm_xmm_xmm_imm8_106
timeout 30m  /home/sdasgup3/Github/strata/stoke/./bin/stoke_check_circuit --strata_path /home/sdasgup3/Github/strata-data/circuits --target concrete_instances/immediate-variants/vblendps_xmm_xmm_xmm_imm8/instructions/vblendps_xmm_xmm_xmm_imm8_106/vblendps_xmm_xmm_xmm_imm8_106.s --functions /home/sdasgup3/Github/strata-data/data-regs/functions --testcases /home/sdasgup3/Github/strata-data/data-regs/testcases.tc --def_in "{ %xmm2 %xmm3 }" --live_out "{ %ymm1 }" --maybe_undef_out "{ }" 
Thread 22 start: vblendps_xmm_xmm_xmm_imm8_90
timeout 30m  /home/sdasgup3/Github/strata/stoke/./bin/stoke_check_circuit --strata_path /home/sdasgup3/Github/strata-data/circuits --target concrete_instances/immediate-variants/vblendps_xmm_xmm_xmm_imm8/instructions/vblendps_xmm_xmm_xmm_imm8_90/vblendps_xmm_xmm_xmm_imm8_90.s --functions /home/sdasgup3/Github/strata-data/data-regs/functions --testcases /home/sdasgup3/Github/strata-data/data-regs/testcases.tc --def_in "{ %xmm2 %xmm3 }" --live_out "{ %ymm1 }" --maybe_undef_out "{ }" 
Thread 1 start: vblendps_xmm_xmm_xmm_imm8_10
timeout 30m  /home/sdasgup3/Github/strata/stoke/./bin/stoke_check_circuit --strata_path /home/sdasgup3/Github/strata-data/circuits --target concrete_instances/immediate-variants/vblendps_xmm_xmm_xmm_imm8/instructions/vblendps_xmm_xmm_xmm_imm8_10/vblendps_xmm_xmm_xmm_imm8_10.s --functions /home/sdasgup3/Github/strata-data/data-regs/functions --testcases /home/sdasgup3/Github/strata-data/data-regs/testcases.tc --def_in "{ %xmm2 %xmm3 }" --live_out "{ %ymm1 }" --maybe_undef_out "{ }" 
Thread 26 start: vblendps_xmm_xmm_xmm_imm8_134
timeout 30m  /home/sdasgup3/Github/strata/stoke/./bin/stoke_check_circuit --strata_path /home/sdasgup3/Github/strata-data/circuits --target concrete_instances/immediate-variants/vblendps_xmm_xmm_xmm_imm8/instructions/vblendps_xmm_xmm_xmm_imm8_134/vblendps_xmm_xmm_xmm_imm8_134.s --functions /home/sdasgup3/Github/strata-data/data-regs/functions --testcases /home/sdasgup3/Github/strata-data/data-regs/testcases.tc --def_in "{ %xmm2 %xmm3 }" --live_out "{ %ymm1 }" --maybe_undef_out "{ }" 
Thread 27 start: vblendps_xmm_xmm_xmm_imm8_135
timeout 30m  /home/sdasgup3/Github/strata/stoke/./bin/stoke_check_circuit --strata_path /home/sdasgup3/Github/strata-data/circuits --target concrete_instances/immediate-variants/vblendps_xmm_xmm_xmm_imm8/instructions/vblendps_xmm_xmm_xmm_imm8_135/vblendps_xmm_xmm_xmm_imm8_135.s --functions /home/sdasgup3/Github/strata-data/data-regs/functions --testcases /home/sdasgup3/Github/strata-data/data-regs/testcases.tc --def_in "{ %xmm2 %xmm3 }" --live_out "{ %ymm1 }" --maybe_undef_out "{ }" 
Thread 9 start: vblendps_xmm_xmm_xmm_imm8_170
timeout 30m  /home/sdasgup3/Github/strata/stoke/./bin/stoke_check_circuit --strata_path /home/sdasgup3/Github/strata-data/circuits --target concrete_instances/immediate-variants/vblendps_xmm_xmm_xmm_imm8/instructions/vblendps_xmm_xmm_xmm_imm8_170/vblendps_xmm_xmm_xmm_imm8_170.s --functions /home/sdasgup3/Github/strata-data/data-regs/functions --testcases /home/sdasgup3/Github/strata-data/data-regs/testcases.tc --def_in "{ %xmm2 %xmm3 }" --live_out "{ %ymm1 }" --maybe_undef_out "{ }" 
Thread 28 start: vblendps_xmm_xmm_xmm_imm8_137
timeout 30m  /home/sdasgup3/Github/strata/stoke/./bin/stoke_check_circuit --strata_path /home/sdasgup3/Github/strata-data/circuits --target concrete_instances/immediate-variants/vblendps_xmm_xmm_xmm_imm8/instructions/vblendps_xmm_xmm_xmm_imm8_137/vblendps_xmm_xmm_xmm_imm8_137.s --functions /home/sdasgup3/Github/strata-data/data-regs/functions --testcases /home/sdasgup3/Github/strata-data/data-regs/testcases.tc --def_in "{ %xmm2 %xmm3 }" --live_out "{ %ymm1 }" --maybe_undef_out "{ }" 
Thread 29 start: vblendps_xmm_xmm_xmm_imm8_139
timeout 30m  /home/sdasgup3/Github/strata/stoke/./bin/stoke_check_circuit --strata_path /home/sdasgup3/Github/strata-data/circuits --target concrete_instances/immediate-variants/vblendps_xmm_xmm_xmm_imm8/instructions/vblendps_xmm_xmm_xmm_imm8_139/vblendps_xmm_xmm_xmm_imm8_139.s --functions /home/sdasgup3/Github/strata-data/data-regs/functions --testcases /home/sdasgup3/Github/strata-data/data-regs/testcases.tc --def_in "{ %xmm2 %xmm3 }" --live_out "{ %ymm1 }" --maybe_undef_out "{ }" 
Thread 30 start: vblendps_xmm_xmm_xmm_imm8_153
timeout 30m  /home/sdasgup3/Github/strata/stoke/./bin/stoke_check_circuit --strata_path /home/sdasgup3/Github/strata-data/circuits --target concrete_instances/immediate-variants/vblendps_xmm_xmm_xmm_imm8/instructions/vblendps_xmm_xmm_xmm_imm8_153/vblendps_xmm_xmm_xmm_imm8_153.s --functions /home/sdasgup3/Github/strata-data/data-regs/functions --testcases /home/sdasgup3/Github/strata-data/data-regs/testcases.tc --def_in "{ %xmm2 %xmm3 }" --live_out "{ %ymm1 }" --maybe_undef_out "{ }" 
Thread 11 start: vblendps_xmm_xmm_xmm_imm8_218
timeout 30m  /home/sdasgup3/Github/strata/stoke/./bin/stoke_check_circuit --strata_path /home/sdasgup3/Github/strata-data/circuits --target concrete_instances/immediate-variants/vblendps_xmm_xmm_xmm_imm8/instructions/vblendps_xmm_xmm_xmm_imm8_218/vblendps_xmm_xmm_xmm_imm8_218.s --functions /home/sdasgup3/Github/strata-data/data-regs/functions --testcases /home/sdasgup3/Github/strata-data/data-regs/testcases.tc --def_in "{ %xmm2 %xmm3 }" --live_out "{ %ymm1 }" --maybe_undef_out "{ }" 
Thread 15 start: vblendps_xmm_xmm_xmm_imm8_22
timeout 30m  /home/sdasgup3/Github/strata/stoke/./bin/stoke_check_circuit --strata_path /home/sdasgup3/Github/strata-data/circuits --target concrete_instances/immediate-variants/vblendps_xmm_xmm_xmm_imm8/instructions/vblendps_xmm_xmm_xmm_imm8_22/vblendps_xmm_xmm_xmm_imm8_22.s --functions /home/sdasgup3/Github/strata-data/data-regs/functions --testcases /home/sdasgup3/Github/strata-data/data-regs/testcases.tc --def_in "{ %xmm2 %xmm3 }" --live_out "{ %ymm1 }" --maybe_undef_out "{ }" 
Thread 24 start: vblendps_xmm_xmm_xmm_imm8_117
timeout 30m  /home/sdasgup3/Github/strata/stoke/./bin/stoke_check_circuit --strata_path /home/sdasgup3/Github/strata-data/circuits --target concrete_instances/immediate-variants/vblendps_xmm_xmm_xmm_imm8/instructions/vblendps_xmm_xmm_xmm_imm8_117/vblendps_xmm_xmm_xmm_imm8_117.s --functions /home/sdasgup3/Github/strata-data/data-regs/functions --testcases /home/sdasgup3/Github/strata-data/data-regs/testcases.tc --def_in "{ %xmm2 %xmm3 }" --live_out "{ %ymm1 }" --maybe_undef_out "{ }" 
Thread 10 start: vblendps_xmm_xmm_xmm_imm8_213
timeout 30m  /home/sdasgup3/Github/strata/stoke/./bin/stoke_check_circuit --strata_path /home/sdasgup3/Github/strata-data/circuits --target concrete_instances/immediate-variants/vblendps_xmm_xmm_xmm_imm8/instructions/vblendps_xmm_xmm_xmm_imm8_213/vblendps_xmm_xmm_xmm_imm8_213.s --functions /home/sdasgup3/Github/strata-data/data-regs/functions --testcases /home/sdasgup3/Github/strata-data/data-regs/testcases.tc --def_in "{ %xmm2 %xmm3 }" --live_out "{ %ymm1 }" --maybe_undef_out "{ }" 
Thread 14 start: vblendps_xmm_xmm_xmm_imm8_21
timeout 30m  /home/sdasgup3/Github/strata/stoke/./bin/stoke_check_circuit --strata_path /home/sdasgup3/Github/strata-data/circuits --target concrete_instances/immediate-variants/vblendps_xmm_xmm_xmm_imm8/instructions/vblendps_xmm_xmm_xmm_imm8_21/vblendps_xmm_xmm_xmm_imm8_21.s --functions /home/sdasgup3/Github/strata-data/data-regs/functions --testcases /home/sdasgup3/Github/strata-data/data-regs/testcases.tc --def_in "{ %xmm2 %xmm3 }" --live_out "{ %ymm1 }" --maybe_undef_out "{ }" 
Thread 25 start: vblendps_xmm_xmm_xmm_imm8_118
timeout 30m  /home/sdasgup3/Github/strata/stoke/./bin/stoke_check_circuit --strata_path /home/sdasgup3/Github/strata-data/circuits --target concrete_instances/immediate-variants/vblendps_xmm_xmm_xmm_imm8/instructions/vblendps_xmm_xmm_xmm_imm8_118/vblendps_xmm_xmm_xmm_imm8_118.s --functions /home/sdasgup3/Github/strata-data/data-regs/functions --testcases /home/sdasgup3/Github/strata-data/data-regs/testcases.tc --def_in "{ %xmm2 %xmm3 }" --live_out "{ %ymm1 }" --maybe_undef_out "{ }" 
Reading the Testsuit
Preparing Sandbox
Run 6630 tests
Collect Results
Check Equivalence
Completed 1000cases
Reading the Testsuit
Preparing Sandbox
Run 6630 tests
Collect Results
Check Equivalence
Completed 1000cases
Reading the Testsuit
Preparing Sandbox
Run 6630 tests
Collect Results
Check Equivalence
Completed 1000cases
Reading the Testsuit
Preparing Sandbox
Run 6630 tests
Collect Results
Check Equivalence
Completed 1000cases
Reading the Testsuit
Preparing Sandbox
Run 6630 tests
Collect Results
Check Equivalence
Completed 1000cases
Reading the Testsuit
Preparing Sandbox
Run 6630 tests
Collect Results
Check Equivalence
Completed 1000cases
Reading the Testsuit
Preparing Sandbox
Run 6630 tests
Collect Results
Check Equivalence
Completed 1000cases
Reading the Testsuit
Preparing Sandbox
Run 6630 tests
Collect Results
Check Equivalence
Completed 1000cases
Reading the Testsuit
Preparing Sandbox
Run 6630 tests
Collect Results
Check Equivalence
Completed 1000cases
Reading the Testsuit
Preparing Sandbox
Run 6630 tests
Collect Results
Check Equivalence
Completed 1000cases
Reading the Testsuit
Preparing Sandbox
Run 6630 tests
Collect Results
Check Equivalence
Completed 1000cases
Reading the Testsuit
Preparing Sandbox
Run 6630 tests
Collect Results
Check Equivalence
Completed 1000cases
Reading the Testsuit
Preparing Sandbox
Run 6630 tests
Collect Results
Check Equivalence
Completed 1000cases
Reading the Testsuit
Preparing Sandbox
Run 6630 tests
Collect Results
Check Equivalence
Completed 1000cases
Reading the Testsuit
Preparing Sandbox
Run 6630 tests
Collect Results
Check Equivalence
Completed 1000cases
Reading the Testsuit
Preparing Sandbox
Run 6630 tests
Collect Results
Check Equivalence
Completed 1000cases
Reading the Testsuit
Preparing Sandbox
Run 6630 tests
Collect Results
Check Equivalence
Completed 1000cases
Reading the Testsuit
Preparing Sandbox
Run 6630 tests
Collect Results
Check Equivalence
Completed 1000cases
Reading the Testsuit
Preparing Sandbox
Run 6630 tests
Collect Results
Check Equivalence
Completed 1000cases
Reading the Testsuit
Preparing Sandbox
Run 6630 tests
Collect Results
Check Equivalence
Completed 1000cases
Reading the Testsuit
Preparing Sandbox
Run 6630 tests
Collect Results
Check Equivalence
Completed 1000cases
Reading the Testsuit
Preparing Sandbox
Run 6630 tests
Collect Results
Check Equivalence
Completed 1000cases
Reading the Testsuit
Preparing Sandbox
Run 6630 tests
Collect Results
Check Equivalence
Completed 1000cases
Reading the Testsuit
Preparing Sandbox
Run 6630 tests
Collect Results
Check Equivalence
Completed 1000cases
Reading the Testsuit
Preparing Sandbox
Run 6630 tests
Collect Results
Check Equivalence
Completed 1000cases
Reading the Testsuit
Preparing Sandbox
Run 6630 tests
Collect Results
Check Equivalence
Completed 1000cases
Reading the Testsuit
Preparing Sandbox
Run 6630 tests
Collect Results
Check Equivalence
Completed 1000cases
Reading the Testsuit
Preparing Sandbox
Run 6630 tests
Collect Results
Check Equivalence
Completed 1000cases
Reading the Testsuit
Preparing Sandbox
Run 6630 tests
Collect Results
Check Equivalence
Completed 1000cases
Reading the Testsuit
Preparing Sandbox
Run 6630 tests
Collect Results
Check Equivalence
Completed 1000cases
Completed 2000cases
Completed 2000cases
Completed 2000cases
Completed 2000cases
Completed 2000cases
Completed 2000cases
Completed 2000cases
Completed 2000cases
Completed 2000cases
Completed 2000cases
Completed 2000cases
Completed 2000cases
Completed 2000cases
Completed 2000cases
Completed 2000cases
Completed 2000cases
Completed 2000cases
Completed 2000cases
Completed 2000cases
Completed 2000cases
Completed 2000cases
Completed 2000cases
Completed 2000cases
Completed 2000cases
Completed 2000cases
Completed 2000cases
Completed 2000cases
Completed 2000cases
Completed 2000cases
Completed 2000cases
Completed 3000cases
Completed 3000cases
Completed 3000cases
Completed 3000cases
Completed 3000cases
Completed 3000cases
Completed 3000cases
Completed 3000cases
Completed 3000cases
Completed 3000cases
Completed 3000cases
Completed 3000cases
Completed 3000cases
Completed 3000cases
Completed 3000cases
Completed 3000cases
Completed 3000cases
Completed 3000cases
Completed 3000cases
Completed 3000cases
Completed 3000cases
Completed 3000cases
Completed 3000cases
Completed 3000cases
Completed 3000cases
Completed 3000cases
Completed 3000cases
Completed 3000cases
Completed 3000cases
Completed 3000cases
Completed 4000cases
Completed 4000cases
Completed 4000cases
Completed 4000cases
Completed 4000cases
Completed 4000cases
Completed 4000cases
Completed 4000cases
Completed 4000cases
Completed 4000cases
Completed 4000cases
Completed 4000cases
Completed 4000cases
Completed 4000cases
Completed 4000cases
Completed 4000cases
Completed 4000cases
Completed 4000cases
Completed 4000cases
Completed 4000cases
Completed 4000cases
Completed 4000cases
Completed 4000cases
Completed 4000cases
Completed 4000cases
Completed 4000cases
Completed 4000cases
Completed 4000cases
Completed 4000cases
Completed 4000cases
Completed 5000cases
Completed 5000cases
Completed 5000cases
Completed 5000cases
Completed 5000cases
Completed 5000cases
Completed 5000cases
Completed 5000cases
Completed 5000cases
Completed 5000cases
Completed 5000cases
Completed 5000cases
Completed 5000cases
Completed 5000cases
Completed 5000cases
Completed 5000cases
Completed 5000cases
Completed 5000cases
Completed 5000cases
Completed 5000cases
Completed 5000cases
Completed 5000cases
Completed 5000cases
Completed 5000cases
Completed 5000cases
Completed 5000cases
Completed 5000cases
Completed 5000cases
Completed 5000cases
Completed 5000cases
Completed 6000cases
Completed 6000cases
Completed 6000cases
Completed 6000cases
Completed 6000cases
Completed 6000cases
Completed 6000cases
Completed 6000cases
Completed 6000cases
Completed 6000cases
Completed 6000cases
Completed 6000cases
Completed 6000cases
Completed 6000cases
Completed 6000cases
Completed 6000cases
Completed 6000cases
Completed 6000cases
Completed 6000cases
Completed 6000cases
Execution time vblendps_xmm_xmm_xmm_imm8_10: 65 s
Thread 1 done!: vblendps_xmm_xmm_xmm_imm8_10
Completed 6000cases
Completed 6000cases
Completed 6000cases
Completed 6000cases
Completed 6000cases
Completed 6000cases
Completed 6000cases
Completed 6000cases
Completed 6000cases
Completed 6000cases
Execution time vblendps_xmm_xmm_xmm_imm8_150: 67 s
Thread 8 done!: vblendps_xmm_xmm_xmm_imm8_150
Execution time vblendps_xmm_xmm_xmm_imm8_5: 68 s
Thread 12 done!: vblendps_xmm_xmm_xmm_imm8_5
Execution time vblendps_xmm_xmm_xmm_imm8_53: 68 s
Thread 19 done!: vblendps_xmm_xmm_xmm_imm8_53
Execution time vblendps_xmm_xmm_xmm_imm8_170: 68 s
Thread 9 done!: vblendps_xmm_xmm_xmm_imm8_170
Execution time vblendps_xmm_xmm_xmm_imm8_139: 68 s
Thread 29 done!: vblendps_xmm_xmm_xmm_imm8_139
Execution time vblendps_xmm_xmm_xmm_imm8_43: 69 s
Thread 18 done!: vblendps_xmm_xmm_xmm_imm8_43
Execution time vblendps_xmm_xmm_xmm_imm8_26: 69 s
Thread 2 done!: vblendps_xmm_xmm_xmm_imm8_26
Execution time vblendps_xmm_xmm_xmm_imm8_27: 69 s
Thread 16 done!: vblendps_xmm_xmm_xmm_imm8_27
Execution time vblendps_xmm_xmm_xmm_imm8_213: 69 s
Thread 10 done!: vblendps_xmm_xmm_xmm_imm8_213
Execution time vblendps_xmm_xmm_xmm_imm8_117: 69 s
Thread 24 done!: vblendps_xmm_xmm_xmm_imm8_117
Execution time vblendps_xmm_xmm_xmm_imm8_106: 69 s
Thread 23 done!: vblendps_xmm_xmm_xmm_imm8_106
Execution time vblendps_xmm_xmm_xmm_imm8_118: 69 s
Thread 25 done!: vblendps_xmm_xmm_xmm_imm8_118
Execution time vblendps_xmm_xmm_xmm_imm8_135: 69 s
Thread 27 done!: vblendps_xmm_xmm_xmm_imm8_135
Execution time vblendps_xmm_xmm_xmm_imm8_6: 70 s
Thread 13 done!: vblendps_xmm_xmm_xmm_imm8_6
Execution time vblendps_xmm_xmm_xmm_imm8_38: 70 s
Thread 17 done!: vblendps_xmm_xmm_xmm_imm8_38
Execution time vblendps_xmm_xmm_xmm_imm8_133: 70 s
Thread 6 done!: vblendps_xmm_xmm_xmm_imm8_133
Execution time vblendps_xmm_xmm_xmm_imm8_134: 70 s
Thread 26 done!: vblendps_xmm_xmm_xmm_imm8_134
Execution time vblendps_xmm_xmm_xmm_imm8_138: 70 s
Thread 7 done!: vblendps_xmm_xmm_xmm_imm8_138
Execution time vblendps_xmm_xmm_xmm_imm8_137: 70 s
Thread 28 done!: vblendps_xmm_xmm_xmm_imm8_137
Execution time vblendps_xmm_xmm_xmm_imm8_86: 70 s
Thread 21 done!: vblendps_xmm_xmm_xmm_imm8_86
Execution time vblendps_xmm_xmm_xmm_imm8_33: 71 s
Thread 3 done!: vblendps_xmm_xmm_xmm_imm8_33
Execution time vblendps_xmm_xmm_xmm_imm8_218: 71 s
Thread 11 done!: vblendps_xmm_xmm_xmm_imm8_218
Execution time vblendps_xmm_xmm_xmm_imm8_90: 71 s
Thread 22 done!: vblendps_xmm_xmm_xmm_imm8_90
Execution time vblendps_xmm_xmm_xmm_imm8_73: 71 s
Thread 4 done!: vblendps_xmm_xmm_xmm_imm8_73
Execution time vblendps_xmm_xmm_xmm_imm8_21: 71 s
Thread 14 done!: vblendps_xmm_xmm_xmm_imm8_21
Execution time vblendps_xmm_xmm_xmm_imm8_22: 71 s
Thread 15 done!: vblendps_xmm_xmm_xmm_imm8_22
Execution time vblendps_xmm_xmm_xmm_imm8_69: 71 s
Thread 20 done!: vblendps_xmm_xmm_xmm_imm8_69
Execution time vblendps_xmm_xmm_xmm_imm8_101: 71 s
Thread 5 done!: vblendps_xmm_xmm_xmm_imm8_101
Execution time vblendps_xmm_xmm_xmm_imm8_153: 71 s
Thread 30 done!: vblendps_xmm_xmm_xmm_imm8_153
[4m[1m[34mFiring Last 12[0m
Thread 31 start: vblendps_xmm_xmm_xmm_imm8_154
timeout 30m  /home/sdasgup3/Github/strata/stoke/./bin/stoke_check_circuit --strata_path /home/sdasgup3/Github/strata-data/circuits --target concrete_instances/immediate-variants/vblendps_xmm_xmm_xmm_imm8/instructions/vblendps_xmm_xmm_xmm_imm8_154/vblendps_xmm_xmm_xmm_imm8_154.s --functions /home/sdasgup3/Github/strata-data/data-regs/functions --testcases /home/sdasgup3/Github/strata-data/data-regs/testcases.tc --def_in "{ %xmm2 %xmm3 }" --live_out "{ %ymm1 }" --maybe_undef_out "{ }" 
Thread 32 start: vblendps_xmm_xmm_xmm_imm8_165
timeout 30m  /home/sdasgup3/Github/strata/stoke/./bin/stoke_check_circuit --strata_path /home/sdasgup3/Github/strata-data/circuits --target concrete_instances/immediate-variants/vblendps_xmm_xmm_xmm_imm8/instructions/vblendps_xmm_xmm_xmm_imm8_165/vblendps_xmm_xmm_xmm_imm8_165.s --functions /home/sdasgup3/Github/strata-data/data-regs/functions --testcases /home/sdasgup3/Github/strata-data/data-regs/testcases.tc --def_in "{ %xmm2 %xmm3 }" --live_out "{ %ymm1 }" --maybe_undef_out "{ }" 
Thread 33 start: vblendps_xmm_xmm_xmm_imm8_181
timeout 30m  /home/sdasgup3/Github/strata/stoke/./bin/stoke_check_circuit --strata_path /home/sdasgup3/Github/strata-data/circuits --target concrete_instances/immediate-variants/vblendps_xmm_xmm_xmm_imm8/instructions/vblendps_xmm_xmm_xmm_imm8_181/vblendps_xmm_xmm_xmm_imm8_181.s --functions /home/sdasgup3/Github/strata-data/data-regs/functions --testcases /home/sdasgup3/Github/strata-data/data-regs/testcases.tc --def_in "{ %xmm2 %xmm3 }" --live_out "{ %ymm1 }" --maybe_undef_out "{ }" 
Thread 34 start: vblendps_xmm_xmm_xmm_imm8_182
timeout 30m  /home/sdasgup3/Github/strata/stoke/./bin/stoke_check_circuit --strata_path /home/sdasgup3/Github/strata-data/circuits --target concrete_instances/immediate-variants/vblendps_xmm_xmm_xmm_imm8/instructions/vblendps_xmm_xmm_xmm_imm8_182/vblendps_xmm_xmm_xmm_imm8_182.s --functions /home/sdasgup3/Github/strata-data/data-regs/functions --testcases /home/sdasgup3/Github/strata-data/data-regs/testcases.tc --def_in "{ %xmm2 %xmm3 }" --live_out "{ %ymm1 }" --maybe_undef_out "{ }" 
Thread 35 start: vblendps_xmm_xmm_xmm_imm8_189
timeout 30m  /home/sdasgup3/Github/strata/stoke/./bin/stoke_check_circuit --strata_path /home/sdasgup3/Github/strata-data/circuits --target concrete_instances/immediate-variants/vblendps_xmm_xmm_xmm_imm8/instructions/vblendps_xmm_xmm_xmm_imm8_189/vblendps_xmm_xmm_xmm_imm8_189.s --functions /home/sdasgup3/Github/strata-data/data-regs/functions --testcases /home/sdasgup3/Github/strata-data/data-regs/testcases.tc --def_in "{ %xmm2 %xmm3 }" --live_out "{ %ymm1 }" --maybe_undef_out "{ }" 
Thread 36 start: vblendps_xmm_xmm_xmm_imm8_198
timeout 30m  /home/sdasgup3/Github/strata/stoke/./bin/stoke_check_circuit --strata_path /home/sdasgup3/Github/strata-data/circuits --target concrete_instances/immediate-variants/vblendps_xmm_xmm_xmm_imm8/instructions/vblendps_xmm_xmm_xmm_imm8_198/vblendps_xmm_xmm_xmm_imm8_198.s --functions /home/sdasgup3/Github/strata-data/data-regs/functions --testcases /home/sdasgup3/Github/strata-data/data-regs/testcases.tc --def_in "{ %xmm2 %xmm3 }" --live_out "{ %ymm1 }" --maybe_undef_out "{ }" 
Thread 38 start: vblendps_xmm_xmm_xmm_imm8_229
timeout 30m  /home/sdasgup3/Github/strata/stoke/./bin/stoke_check_circuit --strata_path /home/sdasgup3/Github/strata-data/circuits --target concrete_instances/immediate-variants/vblendps_xmm_xmm_xmm_imm8/instructions/vblendps_xmm_xmm_xmm_imm8_229/vblendps_xmm_xmm_xmm_imm8_229.s --functions /home/sdasgup3/Github/strata-data/data-regs/functions --testcases /home/sdasgup3/Github/strata-data/data-regs/testcases.tc --def_in "{ %xmm2 %xmm3 }" --live_out "{ %ymm1 }" --maybe_undef_out "{ }" 
Thread 37 start: vblendps_xmm_xmm_xmm_imm8_214
timeout 30m  /home/sdasgup3/Github/strata/stoke/./bin/stoke_check_circuit --strata_path /home/sdasgup3/Github/strata-data/circuits --target concrete_instances/immediate-variants/vblendps_xmm_xmm_xmm_imm8/instructions/vblendps_xmm_xmm_xmm_imm8_214/vblendps_xmm_xmm_xmm_imm8_214.s --functions /home/sdasgup3/Github/strata-data/data-regs/functions --testcases /home/sdasgup3/Github/strata-data/data-regs/testcases.tc --def_in "{ %xmm2 %xmm3 }" --live_out "{ %ymm1 }" --maybe_undef_out "{ }" 
Thread 39 start: vblendps_xmm_xmm_xmm_imm8_230
timeout 30m  /home/sdasgup3/Github/strata/stoke/./bin/stoke_check_circuit --strata_path /home/sdasgup3/Github/strata-data/circuits --target concrete_instances/immediate-variants/vblendps_xmm_xmm_xmm_imm8/instructions/vblendps_xmm_xmm_xmm_imm8_230/vblendps_xmm_xmm_xmm_imm8_230.s --functions /home/sdasgup3/Github/strata-data/data-regs/functions --testcases /home/sdasgup3/Github/strata-data/data-regs/testcases.tc --def_in "{ %xmm2 %xmm3 }" --live_out "{ %ymm1 }" --maybe_undef_out "{ }" 
Thread 40 start: vblendps_xmm_xmm_xmm_imm8_233
timeout 30m  /home/sdasgup3/Github/strata/stoke/./bin/stoke_check_circuit --strata_path /home/sdasgup3/Github/strata-data/circuits --target concrete_instances/immediate-variants/vblendps_xmm_xmm_xmm_imm8/instructions/vblendps_xmm_xmm_xmm_imm8_233/vblendps_xmm_xmm_xmm_imm8_233.s --functions /home/sdasgup3/Github/strata-data/data-regs/functions --testcases /home/sdasgup3/Github/strata-data/data-regs/testcases.tc --def_in "{ %xmm2 %xmm3 }" --live_out "{ %ymm1 }" --maybe_undef_out "{ }" 
Thread 41 start: vblendps_xmm_xmm_xmm_imm8_246
timeout 30m  /home/sdasgup3/Github/strata/stoke/./bin/stoke_check_circuit --strata_path /home/sdasgup3/Github/strata-data/circuits --target concrete_instances/immediate-variants/vblendps_xmm_xmm_xmm_imm8/instructions/vblendps_xmm_xmm_xmm_imm8_246/vblendps_xmm_xmm_xmm_imm8_246.s --functions /home/sdasgup3/Github/strata-data/data-regs/functions --testcases /home/sdasgup3/Github/strata-data/data-regs/testcases.tc --def_in "{ %xmm2 %xmm3 }" --live_out "{ %ymm1 }" --maybe_undef_out "{ }" 
Thread 42 start: vblendps_xmm_xmm_xmm_imm8_249
timeout 30m  /home/sdasgup3/Github/strata/stoke/./bin/stoke_check_circuit --strata_path /home/sdasgup3/Github/strata-data/circuits --target concrete_instances/immediate-variants/vblendps_xmm_xmm_xmm_imm8/instructions/vblendps_xmm_xmm_xmm_imm8_249/vblendps_xmm_xmm_xmm_imm8_249.s --functions /home/sdasgup3/Github/strata-data/data-regs/functions --testcases /home/sdasgup3/Github/strata-data/data-regs/testcases.tc --def_in "{ %xmm2 %xmm3 }" --live_out "{ %ymm1 }" --maybe_undef_out "{ }" 
Reading the Testsuit
Preparing Sandbox
Run 6630 tests
Collect Results
Check Equivalence
Completed 1000cases
Reading the Testsuit
Preparing Sandbox
Run 6630 tests
Collect Results
Check Equivalence
Completed 1000cases
Reading the Testsuit
Preparing Sandbox
Run 6630 tests
Collect Results
Check Equivalence
Completed 1000cases
Reading the Testsuit
Preparing Sandbox
Run 6630 tests
Collect Results
Check Equivalence
Completed 1000cases
Reading the Testsuit
Preparing Sandbox
Run 6630 tests
Collect Results
Check Equivalence
Completed 1000cases
Reading the Testsuit
Preparing Sandbox
Run 6630 tests
Collect Results
Check Equivalence
Completed 1000cases
Reading the Testsuit
Preparing Sandbox
Run 6630 tests
Collect Results
Check Equivalence
Completed 1000cases
Reading the Testsuit
Preparing Sandbox
Run 6630 tests
Collect Results
Check Equivalence
Completed 1000cases
Reading the Testsuit
Preparing Sandbox
Run 6630 tests
Collect Results
Check Equivalence
Completed 1000cases
Reading the Testsuit
Preparing Sandbox
Run 6630 tests
Collect Results
Check Equivalence
Completed 1000cases
Reading the Testsuit
Preparing Sandbox
Run 6630 tests
Collect Results
Check Equivalence
Completed 1000cases
Reading the Testsuit
Preparing Sandbox
Run 6630 tests
Collect Results
Check Equivalence
Completed 1000cases
Completed 2000cases
Completed 2000cases
Completed 2000cases
Completed 2000cases
Completed 2000cases
Completed 2000cases
Completed 2000cases
Completed 2000cases
Completed 2000cases
Completed 2000cases
Completed 2000cases
Completed 2000cases
Completed 3000cases
Completed 3000cases
Completed 3000cases
Completed 3000cases
Completed 3000cases
Completed 3000cases
Completed 3000cases
Completed 3000cases
Completed 3000cases
Completed 3000cases
Completed 3000cases
Completed 3000cases
Completed 4000cases
Completed 4000cases
Completed 4000cases
Completed 4000cases
Completed 4000cases
Completed 4000cases
Completed 4000cases
Completed 4000cases
Completed 4000cases
Completed 4000cases
Completed 4000cases
Completed 4000cases
Completed 5000cases
Completed 5000cases
Completed 5000cases
Completed 5000cases
Completed 5000cases
Completed 5000cases
Completed 5000cases
Completed 5000cases
Completed 5000cases
Completed 5000cases
Completed 5000cases
Completed 5000cases
Completed 6000cases
Completed 6000cases
Completed 6000cases
Completed 6000cases
Completed 6000cases
Completed 6000cases
Completed 6000cases
Completed 6000cases
Completed 6000cases
Completed 6000cases
Completed 6000cases
Completed 6000cases
Execution time vblendps_xmm_xmm_xmm_imm8_214: 44 s
Thread 37 done!: vblendps_xmm_xmm_xmm_imm8_214
Execution time vblendps_xmm_xmm_xmm_imm8_165: 44 s
Thread 32 done!: vblendps_xmm_xmm_xmm_imm8_165
Execution time vblendps_xmm_xmm_xmm_imm8_198: 44 s
Thread 36 done!: vblendps_xmm_xmm_xmm_imm8_198
Execution time vblendps_xmm_xmm_xmm_imm8_246: 43 s
Thread 41 done!: vblendps_xmm_xmm_xmm_imm8_246
Execution time vblendps_xmm_xmm_xmm_imm8_154: 44 s
Thread 31 done!: vblendps_xmm_xmm_xmm_imm8_154
Execution time vblendps_xmm_xmm_xmm_imm8_233: 44 s
Thread 40 done!: vblendps_xmm_xmm_xmm_imm8_233
Execution time vblendps_xmm_xmm_xmm_imm8_189: 45 s
Thread 35 done!: vblendps_xmm_xmm_xmm_imm8_189
Execution time vblendps_xmm_xmm_xmm_imm8_181: 46 s
Thread 33 done!: vblendps_xmm_xmm_xmm_imm8_181
Execution time vblendps_xmm_xmm_xmm_imm8_230: 46 s
Thread 39 done!: vblendps_xmm_xmm_xmm_imm8_230
Execution time vblendps_xmm_xmm_xmm_imm8_229: 46 s
Thread 38 done!: vblendps_xmm_xmm_xmm_imm8_229
Execution time vblendps_xmm_xmm_xmm_imm8_182: 46 s
Thread 34 done!: vblendps_xmm_xmm_xmm_imm8_182
Execution time vblendps_xmm_xmm_xmm_imm8_249: 45 s
Thread 42 done!: vblendps_xmm_xmm_xmm_imm8_249
