/home/sdasgup3/Github/strata/stoke/bin/specgen compare --circuit_dir /home/sdasgup3/Github/strata-data/circuits --opcode pshufhw_xmm_xmm_imm8_0 
Equivalent.
/home/sdasgup3/Github/strata/stoke/bin/specgen compare --circuit_dir /home/sdasgup3/Github/strata-data/circuits --opcode pshufhw_xmm_xmm_imm8_1 
strata does not support 'pshufhw $0x1, %xmm2, %xmm1'.
/home/sdasgup3/Github/strata/stoke/bin/specgen compare --circuit_dir /home/sdasgup3/Github/strata-data/circuits --opcode pshufhw_xmm_xmm_imm8_2 
strata does not support 'pshufhw $0x2, %xmm2, %xmm1'.
/home/sdasgup3/Github/strata/stoke/bin/specgen compare --circuit_dir /home/sdasgup3/Github/strata-data/circuits --opcode pshufhw_xmm_xmm_imm8_3 
strata does not support 'pshufhw $0x3, %xmm2, %xmm1'.
/home/sdasgup3/Github/strata/stoke/bin/specgen compare --circuit_dir /home/sdasgup3/Github/strata-data/circuits --opcode pshufhw_xmm_xmm_imm8_4 
Circuit for 'pshufhw $0x4, %xmm2, %xmm1' (opcode pshufhw_xmm_xmm_imm8_4)
  not equivalent for '%xmm1':
    strata:        vfnmsub132_double(0x0₃₂ ∘ %ymm2[127:96], %ymm2[79:64] ∘ %ymm2[79:64] ∘ (%ymm2[79:64] ∘ %ymm2[79:64]), 0x0₃₂ ∘ %ymm2[127:96])[31:0] ∘ %ymm2[95:64] ∘ %ymm2[63:32] ∘ %ymm2[31:0]
    hand-written:  (%ymm2[127:0] >> (0x0₁₂₆ ∘ 0x0₂ << 0x4₁₂₈))[79:64] ∘ ((%ymm2[127:0] >> (0x0₁₂₆ ∘ 0x0₂ << 0x4₁₂₈))[79:64] ∘ ((%ymm2[127:0] >> (0x0₁₂₆ ∘ 0x1₂ << 0x4₁₂₈))[79:64] ∘ ((%ymm2[127:0] >> (0x0₁₂₆ ∘ 0x0₂ << 0x4₁₂₈))[79:64] ∘ %ymm2[63:0])))


/home/sdasgup3/Github/strata/stoke/bin/specgen compare --circuit_dir /home/sdasgup3/Github/strata-data/circuits --opcode pshufhw_xmm_xmm_imm8_5 
strata does not support 'pshufhw $0x5, %xmm2, %xmm1'.
/home/sdasgup3/Github/strata/stoke/bin/specgen compare --circuit_dir /home/sdasgup3/Github/strata-data/circuits --opcode pshufhw_xmm_xmm_imm8_6 
strata does not support 'pshufhw $0x6, %xmm2, %xmm1'.
/home/sdasgup3/Github/strata/stoke/bin/specgen compare --circuit_dir /home/sdasgup3/Github/strata-data/circuits --opcode pshufhw_xmm_xmm_imm8_7 
strata does not support 'pshufhw $0x7, %xmm2, %xmm1'.
/home/sdasgup3/Github/strata/stoke/bin/specgen compare --circuit_dir /home/sdasgup3/Github/strata-data/circuits --opcode pshufhw_xmm_xmm_imm8_8 
strata does not support 'pshufhw $0x8, %xmm2, %xmm1'.
/home/sdasgup3/Github/strata/stoke/bin/specgen compare --circuit_dir /home/sdasgup3/Github/strata-data/circuits --opcode pshufhw_xmm_xmm_imm8_9 
strata does not support 'pshufhw $0x9, %xmm2, %xmm1'.
/home/sdasgup3/Github/strata/stoke/bin/specgen compare --circuit_dir /home/sdasgup3/Github/strata-data/circuits --opcode pshufhw_xmm_xmm_imm8_10 
strata does not support 'pshufhw $0xa, %xmm2, %xmm1'.
/home/sdasgup3/Github/strata/stoke/bin/specgen compare --circuit_dir /home/sdasgup3/Github/strata-data/circuits --opcode pshufhw_xmm_xmm_imm8_11 
strata does not support 'pshufhw $0xb, %xmm2, %xmm1'.
/home/sdasgup3/Github/strata/stoke/bin/specgen compare --circuit_dir /home/sdasgup3/Github/strata-data/circuits --opcode pshufhw_xmm_xmm_imm8_12 
strata does not support 'pshufhw $0xc, %xmm2, %xmm1'.
/home/sdasgup3/Github/strata/stoke/bin/specgen compare --circuit_dir /home/sdasgup3/Github/strata-data/circuits --opcode pshufhw_xmm_xmm_imm8_13 
strata does not support 'pshufhw $0xd, %xmm2, %xmm1'.
/home/sdasgup3/Github/strata/stoke/bin/specgen compare --circuit_dir /home/sdasgup3/Github/strata-data/circuits --opcode pshufhw_xmm_xmm_imm8_14 
strata does not support 'pshufhw $0xe, %xmm2, %xmm1'.
/home/sdasgup3/Github/strata/stoke/bin/specgen compare --circuit_dir /home/sdasgup3/Github/strata-data/circuits --opcode pshufhw_xmm_xmm_imm8_15 
strata does not support 'pshufhw $0xf, %xmm2, %xmm1'.
/home/sdasgup3/Github/strata/stoke/bin/specgen compare --circuit_dir /home/sdasgup3/Github/strata-data/circuits --opcode pshufhw_xmm_xmm_imm8_16 
strata does not support 'pshufhw $0x10, %xmm2, %xmm1'.
/home/sdasgup3/Github/strata/stoke/bin/specgen compare --circuit_dir /home/sdasgup3/Github/strata-data/circuits --opcode pshufhw_xmm_xmm_imm8_17 
strata does not support 'pshufhw $0x11, %xmm2, %xmm1'.
/home/sdasgup3/Github/strata/stoke/bin/specgen compare --circuit_dir /home/sdasgup3/Github/strata-data/circuits --opcode pshufhw_xmm_xmm_imm8_18 
strata does not support 'pshufhw $0x12, %xmm2, %xmm1'.
/home/sdasgup3/Github/strata/stoke/bin/specgen compare --circuit_dir /home/sdasgup3/Github/strata-data/circuits --opcode pshufhw_xmm_xmm_imm8_19 
strata does not support 'pshufhw $0x13, %xmm2, %xmm1'.
/home/sdasgup3/Github/strata/stoke/bin/specgen compare --circuit_dir /home/sdasgup3/Github/strata-data/circuits --opcode pshufhw_xmm_xmm_imm8_20 
strata does not support 'pshufhw $0x14, %xmm2, %xmm1'.
/home/sdasgup3/Github/strata/stoke/bin/specgen compare --circuit_dir /home/sdasgup3/Github/strata-data/circuits --opcode pshufhw_xmm_xmm_imm8_21 
strata does not support 'pshufhw $0x15, %xmm2, %xmm1'.
/home/sdasgup3/Github/strata/stoke/bin/specgen compare --circuit_dir /home/sdasgup3/Github/strata-data/circuits --opcode pshufhw_xmm_xmm_imm8_22 
strata does not support 'pshufhw $0x16, %xmm2, %xmm1'.
/home/sdasgup3/Github/strata/stoke/bin/specgen compare --circuit_dir /home/sdasgup3/Github/strata-data/circuits --opcode pshufhw_xmm_xmm_imm8_23 
strata does not support 'pshufhw $0x17, %xmm2, %xmm1'.
/home/sdasgup3/Github/strata/stoke/bin/specgen compare --circuit_dir /home/sdasgup3/Github/strata-data/circuits --opcode pshufhw_xmm_xmm_imm8_24 
strata does not support 'pshufhw $0x18, %xmm2, %xmm1'.
/home/sdasgup3/Github/strata/stoke/bin/specgen compare --circuit_dir /home/sdasgup3/Github/strata-data/circuits --opcode pshufhw_xmm_xmm_imm8_25 
strata does not support 'pshufhw $0x19, %xmm2, %xmm1'.
/home/sdasgup3/Github/strata/stoke/bin/specgen compare --circuit_dir /home/sdasgup3/Github/strata-data/circuits --opcode pshufhw_xmm_xmm_imm8_26 
strata does not support 'pshufhw $0x1a, %xmm2, %xmm1'.
/home/sdasgup3/Github/strata/stoke/bin/specgen compare --circuit_dir /home/sdasgup3/Github/strata-data/circuits --opcode pshufhw_xmm_xmm_imm8_27 
strata does not support 'pshufhw $0x1b, %xmm2, %xmm1'.
/home/sdasgup3/Github/strata/stoke/bin/specgen compare --circuit_dir /home/sdasgup3/Github/strata-data/circuits --opcode pshufhw_xmm_xmm_imm8_28 
strata does not support 'pshufhw $0x1c, %xmm2, %xmm1'.
/home/sdasgup3/Github/strata/stoke/bin/specgen compare --circuit_dir /home/sdasgup3/Github/strata-data/circuits --opcode pshufhw_xmm_xmm_imm8_29 
strata does not support 'pshufhw $0x1d, %xmm2, %xmm1'.
/home/sdasgup3/Github/strata/stoke/bin/specgen compare --circuit_dir /home/sdasgup3/Github/strata-data/circuits --opcode pshufhw_xmm_xmm_imm8_30 
strata does not support 'pshufhw $0x1e, %xmm2, %xmm1'.
/home/sdasgup3/Github/strata/stoke/bin/specgen compare --circuit_dir /home/sdasgup3/Github/strata-data/circuits --opcode pshufhw_xmm_xmm_imm8_31 
strata does not support 'pshufhw $0x1f, %xmm2, %xmm1'.
/home/sdasgup3/Github/strata/stoke/bin/specgen compare --circuit_dir /home/sdasgup3/Github/strata-data/circuits --opcode pshufhw_xmm_xmm_imm8_32 
Equivalent.
/home/sdasgup3/Github/strata/stoke/bin/specgen compare --circuit_dir /home/sdasgup3/Github/strata-data/circuits --opcode pshufhw_xmm_xmm_imm8_33 
strata does not support 'pshufhw $0x21, %xmm2, %xmm1'.
/home/sdasgup3/Github/strata/stoke/bin/specgen compare --circuit_dir /home/sdasgup3/Github/strata-data/circuits --opcode pshufhw_xmm_xmm_imm8_34 
strata does not support 'pshufhw $0x22, %xmm2, %xmm1'.
/home/sdasgup3/Github/strata/stoke/bin/specgen compare --circuit_dir /home/sdasgup3/Github/strata-data/circuits --opcode pshufhw_xmm_xmm_imm8_35 
strata does not support 'pshufhw $0x23, %xmm2, %xmm1'.
/home/sdasgup3/Github/strata/stoke/bin/specgen compare --circuit_dir /home/sdasgup3/Github/strata-data/circuits --opcode pshufhw_xmm_xmm_imm8_36 
strata does not support 'pshufhw $0x24, %xmm2, %xmm1'.
/home/sdasgup3/Github/strata/stoke/bin/specgen compare --circuit_dir /home/sdasgup3/Github/strata-data/circuits --opcode pshufhw_xmm_xmm_imm8_37 
strata does not support 'pshufhw $0x25, %xmm2, %xmm1'.
/home/sdasgup3/Github/strata/stoke/bin/specgen compare --circuit_dir /home/sdasgup3/Github/strata-data/circuits --opcode pshufhw_xmm_xmm_imm8_38 
strata does not support 'pshufhw $0x26, %xmm2, %xmm1'.
/home/sdasgup3/Github/strata/stoke/bin/specgen compare --circuit_dir /home/sdasgup3/Github/strata-data/circuits --opcode pshufhw_xmm_xmm_imm8_39 
strata does not support 'pshufhw $0x27, %xmm2, %xmm1'.
/home/sdasgup3/Github/strata/stoke/bin/specgen compare --circuit_dir /home/sdasgup3/Github/strata-data/circuits --opcode pshufhw_xmm_xmm_imm8_40 
strata does not support 'pshufhw $0x28, %xmm2, %xmm1'.
/home/sdasgup3/Github/strata/stoke/bin/specgen compare --circuit_dir /home/sdasgup3/Github/strata-data/circuits --opcode pshufhw_xmm_xmm_imm8_41 
strata does not support 'pshufhw $0x29, %xmm2, %xmm1'.
/home/sdasgup3/Github/strata/stoke/bin/specgen compare --circuit_dir /home/sdasgup3/Github/strata-data/circuits --opcode pshufhw_xmm_xmm_imm8_42 
strata does not support 'pshufhw $0x2a, %xmm2, %xmm1'.
/home/sdasgup3/Github/strata/stoke/bin/specgen compare --circuit_dir /home/sdasgup3/Github/strata-data/circuits --opcode pshufhw_xmm_xmm_imm8_43 
strata does not support 'pshufhw $0x2b, %xmm2, %xmm1'.
/home/sdasgup3/Github/strata/stoke/bin/specgen compare --circuit_dir /home/sdasgup3/Github/strata-data/circuits --opcode pshufhw_xmm_xmm_imm8_44 
strata does not support 'pshufhw $0x2c, %xmm2, %xmm1'.
/home/sdasgup3/Github/strata/stoke/bin/specgen compare --circuit_dir /home/sdasgup3/Github/strata-data/circuits --opcode pshufhw_xmm_xmm_imm8_45 
strata does not support 'pshufhw $0x2d, %xmm2, %xmm1'.
/home/sdasgup3/Github/strata/stoke/bin/specgen compare --circuit_dir /home/sdasgup3/Github/strata-data/circuits --opcode pshufhw_xmm_xmm_imm8_46 
strata does not support 'pshufhw $0x2e, %xmm2, %xmm1'.
/home/sdasgup3/Github/strata/stoke/bin/specgen compare --circuit_dir /home/sdasgup3/Github/strata-data/circuits --opcode pshufhw_xmm_xmm_imm8_47 
strata does not support 'pshufhw $0x2f, %xmm2, %xmm1'.
/home/sdasgup3/Github/strata/stoke/bin/specgen compare --circuit_dir /home/sdasgup3/Github/strata-data/circuits --opcode pshufhw_xmm_xmm_imm8_48 
strata does not support 'pshufhw $0x30, %xmm2, %xmm1'.
/home/sdasgup3/Github/strata/stoke/bin/specgen compare --circuit_dir /home/sdasgup3/Github/strata-data/circuits --opcode pshufhw_xmm_xmm_imm8_49 
strata does not support 'pshufhw $0x31, %xmm2, %xmm1'.
/home/sdasgup3/Github/strata/stoke/bin/specgen compare --circuit_dir /home/sdasgup3/Github/strata-data/circuits --opcode pshufhw_xmm_xmm_imm8_50 
strata does not support 'pshufhw $0x32, %xmm2, %xmm1'.
/home/sdasgup3/Github/strata/stoke/bin/specgen compare --circuit_dir /home/sdasgup3/Github/strata-data/circuits --opcode pshufhw_xmm_xmm_imm8_51 
strata does not support 'pshufhw $0x33, %xmm2, %xmm1'.
/home/sdasgup3/Github/strata/stoke/bin/specgen compare --circuit_dir /home/sdasgup3/Github/strata-data/circuits --opcode pshufhw_xmm_xmm_imm8_52 
strata does not support 'pshufhw $0x34, %xmm2, %xmm1'.
/home/sdasgup3/Github/strata/stoke/bin/specgen compare --circuit_dir /home/sdasgup3/Github/strata-data/circuits --opcode pshufhw_xmm_xmm_imm8_53 
strata does not support 'pshufhw $0x35, %xmm2, %xmm1'.
/home/sdasgup3/Github/strata/stoke/bin/specgen compare --circuit_dir /home/sdasgup3/Github/strata-data/circuits --opcode pshufhw_xmm_xmm_imm8_54 
strata does not support 'pshufhw $0x36, %xmm2, %xmm1'.
/home/sdasgup3/Github/strata/stoke/bin/specgen compare --circuit_dir /home/sdasgup3/Github/strata-data/circuits --opcode pshufhw_xmm_xmm_imm8_55 
strata does not support 'pshufhw $0x37, %xmm2, %xmm1'.
/home/sdasgup3/Github/strata/stoke/bin/specgen compare --circuit_dir /home/sdasgup3/Github/strata-data/circuits --opcode pshufhw_xmm_xmm_imm8_56 
strata does not support 'pshufhw $0x38, %xmm2, %xmm1'.
/home/sdasgup3/Github/strata/stoke/bin/specgen compare --circuit_dir /home/sdasgup3/Github/strata-data/circuits --opcode pshufhw_xmm_xmm_imm8_57 
strata does not support 'pshufhw $0x39, %xmm2, %xmm1'.
/home/sdasgup3/Github/strata/stoke/bin/specgen compare --circuit_dir /home/sdasgup3/Github/strata-data/circuits --opcode pshufhw_xmm_xmm_imm8_58 
strata does not support 'pshufhw $0x3a, %xmm2, %xmm1'.
/home/sdasgup3/Github/strata/stoke/bin/specgen compare --circuit_dir /home/sdasgup3/Github/strata-data/circuits --opcode pshufhw_xmm_xmm_imm8_59 
strata does not support 'pshufhw $0x3b, %xmm2, %xmm1'.
/home/sdasgup3/Github/strata/stoke/bin/specgen compare --circuit_dir /home/sdasgup3/Github/strata-data/circuits --opcode pshufhw_xmm_xmm_imm8_60 
strata does not support 'pshufhw $0x3c, %xmm2, %xmm1'.
/home/sdasgup3/Github/strata/stoke/bin/specgen compare --circuit_dir /home/sdasgup3/Github/strata-data/circuits --opcode pshufhw_xmm_xmm_imm8_61 
strata does not support 'pshufhw $0x3d, %xmm2, %xmm1'.
/home/sdasgup3/Github/strata/stoke/bin/specgen compare --circuit_dir /home/sdasgup3/Github/strata-data/circuits --opcode pshufhw_xmm_xmm_imm8_62 
strata does not support 'pshufhw $0x3e, %xmm2, %xmm1'.
/home/sdasgup3/Github/strata/stoke/bin/specgen compare --circuit_dir /home/sdasgup3/Github/strata-data/circuits --opcode pshufhw_xmm_xmm_imm8_63 
strata does not support 'pshufhw $0x3f, %xmm2, %xmm1'.
/home/sdasgup3/Github/strata/stoke/bin/specgen compare --circuit_dir /home/sdasgup3/Github/strata-data/circuits --opcode pshufhw_xmm_xmm_imm8_64 
Equivalent.
/home/sdasgup3/Github/strata/stoke/bin/specgen compare --circuit_dir /home/sdasgup3/Github/strata-data/circuits --opcode pshufhw_xmm_xmm_imm8_65 
strata does not support 'pshufhw $0x41, %xmm2, %xmm1'.
/home/sdasgup3/Github/strata/stoke/bin/specgen compare --circuit_dir /home/sdasgup3/Github/strata-data/circuits --opcode pshufhw_xmm_xmm_imm8_66 
strata does not support 'pshufhw $0x42, %xmm2, %xmm1'.
/home/sdasgup3/Github/strata/stoke/bin/specgen compare --circuit_dir /home/sdasgup3/Github/strata-data/circuits --opcode pshufhw_xmm_xmm_imm8_67 
strata does not support 'pshufhw $0x43, %xmm2, %xmm1'.
/home/sdasgup3/Github/strata/stoke/bin/specgen compare --circuit_dir /home/sdasgup3/Github/strata-data/circuits --opcode pshufhw_xmm_xmm_imm8_68 
Equivalent.
/home/sdasgup3/Github/strata/stoke/bin/specgen compare --circuit_dir /home/sdasgup3/Github/strata-data/circuits --opcode pshufhw_xmm_xmm_imm8_69 
strata does not support 'pshufhw $0x45, %xmm2, %xmm1'.
/home/sdasgup3/Github/strata/stoke/bin/specgen compare --circuit_dir /home/sdasgup3/Github/strata-data/circuits --opcode pshufhw_xmm_xmm_imm8_70 
strata does not support 'pshufhw $0x46, %xmm2, %xmm1'.
/home/sdasgup3/Github/strata/stoke/bin/specgen compare --circuit_dir /home/sdasgup3/Github/strata-data/circuits --opcode pshufhw_xmm_xmm_imm8_71 
Equivalent.
/home/sdasgup3/Github/strata/stoke/bin/specgen compare --circuit_dir /home/sdasgup3/Github/strata-data/circuits --opcode pshufhw_xmm_xmm_imm8_72 
strata does not support 'pshufhw $0x48, %xmm2, %xmm1'.
/home/sdasgup3/Github/strata/stoke/bin/specgen compare --circuit_dir /home/sdasgup3/Github/strata-data/circuits --opcode pshufhw_xmm_xmm_imm8_73 
strata does not support 'pshufhw $0x49, %xmm2, %xmm1'.
/home/sdasgup3/Github/strata/stoke/bin/specgen compare --circuit_dir /home/sdasgup3/Github/strata-data/circuits --opcode pshufhw_xmm_xmm_imm8_74 
Equivalent.
/home/sdasgup3/Github/strata/stoke/bin/specgen compare --circuit_dir /home/sdasgup3/Github/strata-data/circuits --opcode pshufhw_xmm_xmm_imm8_75 
strata does not support 'pshufhw $0x4b, %xmm2, %xmm1'.
/home/sdasgup3/Github/strata/stoke/bin/specgen compare --circuit_dir /home/sdasgup3/Github/strata-data/circuits --opcode pshufhw_xmm_xmm_imm8_76 
strata does not support 'pshufhw $0x4c, %xmm2, %xmm1'.
/home/sdasgup3/Github/strata/stoke/bin/specgen compare --circuit_dir /home/sdasgup3/Github/strata-data/circuits --opcode pshufhw_xmm_xmm_imm8_77 
strata does not support 'pshufhw $0x4d, %xmm2, %xmm1'.
/home/sdasgup3/Github/strata/stoke/bin/specgen compare --circuit_dir /home/sdasgup3/Github/strata-data/circuits --opcode pshufhw_xmm_xmm_imm8_78 
Equivalent.
/home/sdasgup3/Github/strata/stoke/bin/specgen compare --circuit_dir /home/sdasgup3/Github/strata-data/circuits --opcode pshufhw_xmm_xmm_imm8_79 
strata does not support 'pshufhw $0x4f, %xmm2, %xmm1'.
/home/sdasgup3/Github/strata/stoke/bin/specgen compare --circuit_dir /home/sdasgup3/Github/strata-data/circuits --opcode pshufhw_xmm_xmm_imm8_80 
strata does not support 'pshufhw $0x50, %xmm2, %xmm1'.
/home/sdasgup3/Github/strata/stoke/bin/specgen compare --circuit_dir /home/sdasgup3/Github/strata-data/circuits --opcode pshufhw_xmm_xmm_imm8_81 
strata does not support 'pshufhw $0x51, %xmm2, %xmm1'.
/home/sdasgup3/Github/strata/stoke/bin/specgen compare --circuit_dir /home/sdasgup3/Github/strata-data/circuits --opcode pshufhw_xmm_xmm_imm8_82 
strata does not support 'pshufhw $0x52, %xmm2, %xmm1'.
/home/sdasgup3/Github/strata/stoke/bin/specgen compare --circuit_dir /home/sdasgup3/Github/strata-data/circuits --opcode pshufhw_xmm_xmm_imm8_83 
strata does not support 'pshufhw $0x53, %xmm2, %xmm1'.
/home/sdasgup3/Github/strata/stoke/bin/specgen compare --circuit_dir /home/sdasgup3/Github/strata-data/circuits --opcode pshufhw_xmm_xmm_imm8_84 
strata does not support 'pshufhw $0x54, %xmm2, %xmm1'.
/home/sdasgup3/Github/strata/stoke/bin/specgen compare --circuit_dir /home/sdasgup3/Github/strata-data/circuits --opcode pshufhw_xmm_xmm_imm8_85 
strata does not support 'pshufhw $0x55, %xmm2, %xmm1'.
/home/sdasgup3/Github/strata/stoke/bin/specgen compare --circuit_dir /home/sdasgup3/Github/strata-data/circuits --opcode pshufhw_xmm_xmm_imm8_86 
strata does not support 'pshufhw $0x56, %xmm2, %xmm1'.
/home/sdasgup3/Github/strata/stoke/bin/specgen compare --circuit_dir /home/sdasgup3/Github/strata-data/circuits --opcode pshufhw_xmm_xmm_imm8_87 
strata does not support 'pshufhw $0x57, %xmm2, %xmm1'.
/home/sdasgup3/Github/strata/stoke/bin/specgen compare --circuit_dir /home/sdasgup3/Github/strata-data/circuits --opcode pshufhw_xmm_xmm_imm8_88 
strata does not support 'pshufhw $0x58, %xmm2, %xmm1'.
/home/sdasgup3/Github/strata/stoke/bin/specgen compare --circuit_dir /home/sdasgup3/Github/strata-data/circuits --opcode pshufhw_xmm_xmm_imm8_89 
strata does not support 'pshufhw $0x59, %xmm2, %xmm1'.
/home/sdasgup3/Github/strata/stoke/bin/specgen compare --circuit_dir /home/sdasgup3/Github/strata-data/circuits --opcode pshufhw_xmm_xmm_imm8_90 
strata does not support 'pshufhw $0x5a, %xmm2, %xmm1'.
/home/sdasgup3/Github/strata/stoke/bin/specgen compare --circuit_dir /home/sdasgup3/Github/strata-data/circuits --opcode pshufhw_xmm_xmm_imm8_91 
strata does not support 'pshufhw $0x5b, %xmm2, %xmm1'.
/home/sdasgup3/Github/strata/stoke/bin/specgen compare --circuit_dir /home/sdasgup3/Github/strata-data/circuits --opcode pshufhw_xmm_xmm_imm8_92 
strata does not support 'pshufhw $0x5c, %xmm2, %xmm1'.
/home/sdasgup3/Github/strata/stoke/bin/specgen compare --circuit_dir /home/sdasgup3/Github/strata-data/circuits --opcode pshufhw_xmm_xmm_imm8_93 
strata does not support 'pshufhw $0x5d, %xmm2, %xmm1'.
/home/sdasgup3/Github/strata/stoke/bin/specgen compare --circuit_dir /home/sdasgup3/Github/strata-data/circuits --opcode pshufhw_xmm_xmm_imm8_94 
strata does not support 'pshufhw $0x5e, %xmm2, %xmm1'.
/home/sdasgup3/Github/strata/stoke/bin/specgen compare --circuit_dir /home/sdasgup3/Github/strata-data/circuits --opcode pshufhw_xmm_xmm_imm8_95 
strata does not support 'pshufhw $0x5f, %xmm2, %xmm1'.
/home/sdasgup3/Github/strata/stoke/bin/specgen compare --circuit_dir /home/sdasgup3/Github/strata-data/circuits --opcode pshufhw_xmm_xmm_imm8_96 
strata does not support 'pshufhw $0x60, %xmm2, %xmm1'.
/home/sdasgup3/Github/strata/stoke/bin/specgen compare --circuit_dir /home/sdasgup3/Github/strata-data/circuits --opcode pshufhw_xmm_xmm_imm8_97 
strata does not support 'pshufhw $0x61, %xmm2, %xmm1'.
/home/sdasgup3/Github/strata/stoke/bin/specgen compare --circuit_dir /home/sdasgup3/Github/strata-data/circuits --opcode pshufhw_xmm_xmm_imm8_98 
strata does not support 'pshufhw $0x62, %xmm2, %xmm1'.
/home/sdasgup3/Github/strata/stoke/bin/specgen compare --circuit_dir /home/sdasgup3/Github/strata-data/circuits --opcode pshufhw_xmm_xmm_imm8_99 
strata does not support 'pshufhw $0x63, %xmm2, %xmm1'.
/home/sdasgup3/Github/strata/stoke/bin/specgen compare --circuit_dir /home/sdasgup3/Github/strata-data/circuits --opcode pshufhw_xmm_xmm_imm8_100 
Equivalent.
/home/sdasgup3/Github/strata/stoke/bin/specgen compare --circuit_dir /home/sdasgup3/Github/strata-data/circuits --opcode pshufhw_xmm_xmm_imm8_101 
Equivalent.
/home/sdasgup3/Github/strata/stoke/bin/specgen compare --circuit_dir /home/sdasgup3/Github/strata-data/circuits --opcode pshufhw_xmm_xmm_imm8_102 
strata does not support 'pshufhw $0x66, %xmm2, %xmm1'.
/home/sdasgup3/Github/strata/stoke/bin/specgen compare --circuit_dir /home/sdasgup3/Github/strata-data/circuits --opcode pshufhw_xmm_xmm_imm8_103 
strata does not support 'pshufhw $0x67, %xmm2, %xmm1'.
/home/sdasgup3/Github/strata/stoke/bin/specgen compare --circuit_dir /home/sdasgup3/Github/strata-data/circuits --opcode pshufhw_xmm_xmm_imm8_104 
strata does not support 'pshufhw $0x68, %xmm2, %xmm1'.
/home/sdasgup3/Github/strata/stoke/bin/specgen compare --circuit_dir /home/sdasgup3/Github/strata-data/circuits --opcode pshufhw_xmm_xmm_imm8_105 
strata does not support 'pshufhw $0x69, %xmm2, %xmm1'.
/home/sdasgup3/Github/strata/stoke/bin/specgen compare --circuit_dir /home/sdasgup3/Github/strata-data/circuits --opcode pshufhw_xmm_xmm_imm8_106 
strata does not support 'pshufhw $0x6a, %xmm2, %xmm1'.
/home/sdasgup3/Github/strata/stoke/bin/specgen compare --circuit_dir /home/sdasgup3/Github/strata-data/circuits --opcode pshufhw_xmm_xmm_imm8_107 
strata does not support 'pshufhw $0x6b, %xmm2, %xmm1'.
/home/sdasgup3/Github/strata/stoke/bin/specgen compare --circuit_dir /home/sdasgup3/Github/strata-data/circuits --opcode pshufhw_xmm_xmm_imm8_108 
strata does not support 'pshufhw $0x6c, %xmm2, %xmm1'.
/home/sdasgup3/Github/strata/stoke/bin/specgen compare --circuit_dir /home/sdasgup3/Github/strata-data/circuits --opcode pshufhw_xmm_xmm_imm8_109 
strata does not support 'pshufhw $0x6d, %xmm2, %xmm1'.
/home/sdasgup3/Github/strata/stoke/bin/specgen compare --circuit_dir /home/sdasgup3/Github/strata-data/circuits --opcode pshufhw_xmm_xmm_imm8_110 
strata does not support 'pshufhw $0x6e, %xmm2, %xmm1'.
/home/sdasgup3/Github/strata/stoke/bin/specgen compare --circuit_dir /home/sdasgup3/Github/strata-data/circuits --opcode pshufhw_xmm_xmm_imm8_111 
strata does not support 'pshufhw $0x6f, %xmm2, %xmm1'.
/home/sdasgup3/Github/strata/stoke/bin/specgen compare --circuit_dir /home/sdasgup3/Github/strata-data/circuits --opcode pshufhw_xmm_xmm_imm8_112 
strata does not support 'pshufhw $0x70, %xmm2, %xmm1'.
/home/sdasgup3/Github/strata/stoke/bin/specgen compare --circuit_dir /home/sdasgup3/Github/strata-data/circuits --opcode pshufhw_xmm_xmm_imm8_113 
strata does not support 'pshufhw $0x71, %xmm2, %xmm1'.
/home/sdasgup3/Github/strata/stoke/bin/specgen compare --circuit_dir /home/sdasgup3/Github/strata-data/circuits --opcode pshufhw_xmm_xmm_imm8_114 
strata does not support 'pshufhw $0x72, %xmm2, %xmm1'.
/home/sdasgup3/Github/strata/stoke/bin/specgen compare --circuit_dir /home/sdasgup3/Github/strata-data/circuits --opcode pshufhw_xmm_xmm_imm8_115 
strata does not support 'pshufhw $0x73, %xmm2, %xmm1'.
/home/sdasgup3/Github/strata/stoke/bin/specgen compare --circuit_dir /home/sdasgup3/Github/strata-data/circuits --opcode pshufhw_xmm_xmm_imm8_116 
strata does not support 'pshufhw $0x74, %xmm2, %xmm1'.
/home/sdasgup3/Github/strata/stoke/bin/specgen compare --circuit_dir /home/sdasgup3/Github/strata-data/circuits --opcode pshufhw_xmm_xmm_imm8_117 
strata does not support 'pshufhw $0x75, %xmm2, %xmm1'.
/home/sdasgup3/Github/strata/stoke/bin/specgen compare --circuit_dir /home/sdasgup3/Github/strata-data/circuits --opcode pshufhw_xmm_xmm_imm8_118 
strata does not support 'pshufhw $0x76, %xmm2, %xmm1'.
/home/sdasgup3/Github/strata/stoke/bin/specgen compare --circuit_dir /home/sdasgup3/Github/strata-data/circuits --opcode pshufhw_xmm_xmm_imm8_119 
strata does not support 'pshufhw $0x77, %xmm2, %xmm1'.
/home/sdasgup3/Github/strata/stoke/bin/specgen compare --circuit_dir /home/sdasgup3/Github/strata-data/circuits --opcode pshufhw_xmm_xmm_imm8_120 
strata does not support 'pshufhw $0x78, %xmm2, %xmm1'.
/home/sdasgup3/Github/strata/stoke/bin/specgen compare --circuit_dir /home/sdasgup3/Github/strata-data/circuits --opcode pshufhw_xmm_xmm_imm8_121 
strata does not support 'pshufhw $0x79, %xmm2, %xmm1'.
/home/sdasgup3/Github/strata/stoke/bin/specgen compare --circuit_dir /home/sdasgup3/Github/strata-data/circuits --opcode pshufhw_xmm_xmm_imm8_122 
strata does not support 'pshufhw $0x7a, %xmm2, %xmm1'.
/home/sdasgup3/Github/strata/stoke/bin/specgen compare --circuit_dir /home/sdasgup3/Github/strata-data/circuits --opcode pshufhw_xmm_xmm_imm8_123 
strata does not support 'pshufhw $0x7b, %xmm2, %xmm1'.
/home/sdasgup3/Github/strata/stoke/bin/specgen compare --circuit_dir /home/sdasgup3/Github/strata-data/circuits --opcode pshufhw_xmm_xmm_imm8_124 
strata does not support 'pshufhw $0x7c, %xmm2, %xmm1'.
/home/sdasgup3/Github/strata/stoke/bin/specgen compare --circuit_dir /home/sdasgup3/Github/strata-data/circuits --opcode pshufhw_xmm_xmm_imm8_125 
strata does not support 'pshufhw $0x7d, %xmm2, %xmm1'.
/home/sdasgup3/Github/strata/stoke/bin/specgen compare --circuit_dir /home/sdasgup3/Github/strata-data/circuits --opcode pshufhw_xmm_xmm_imm8_126 
strata does not support 'pshufhw $0x7e, %xmm2, %xmm1'.
/home/sdasgup3/Github/strata/stoke/bin/specgen compare --circuit_dir /home/sdasgup3/Github/strata-data/circuits --opcode pshufhw_xmm_xmm_imm8_127 
strata does not support 'pshufhw $0x7f, %xmm2, %xmm1'.
/home/sdasgup3/Github/strata/stoke/bin/specgen compare --circuit_dir /home/sdasgup3/Github/strata-data/circuits --opcode pshufhw_xmm_xmm_imm8_128 
strata does not support 'pshufhw $0x80, %xmm2, %xmm1'.
/home/sdasgup3/Github/strata/stoke/bin/specgen compare --circuit_dir /home/sdasgup3/Github/strata-data/circuits --opcode pshufhw_xmm_xmm_imm8_129 
strata does not support 'pshufhw $0x81, %xmm2, %xmm1'.
/home/sdasgup3/Github/strata/stoke/bin/specgen compare --circuit_dir /home/sdasgup3/Github/strata-data/circuits --opcode pshufhw_xmm_xmm_imm8_130 
strata does not support 'pshufhw $0x82, %xmm2, %xmm1'.
/home/sdasgup3/Github/strata/stoke/bin/specgen compare --circuit_dir /home/sdasgup3/Github/strata-data/circuits --opcode pshufhw_xmm_xmm_imm8_131 
strata does not support 'pshufhw $0x83, %xmm2, %xmm1'.
/home/sdasgup3/Github/strata/stoke/bin/specgen compare --circuit_dir /home/sdasgup3/Github/strata-data/circuits --opcode pshufhw_xmm_xmm_imm8_132 
strata does not support 'pshufhw $0x84, %xmm2, %xmm1'.
/home/sdasgup3/Github/strata/stoke/bin/specgen compare --circuit_dir /home/sdasgup3/Github/strata-data/circuits --opcode pshufhw_xmm_xmm_imm8_133 
strata does not support 'pshufhw $0x85, %xmm2, %xmm1'.
/home/sdasgup3/Github/strata/stoke/bin/specgen compare --circuit_dir /home/sdasgup3/Github/strata-data/circuits --opcode pshufhw_xmm_xmm_imm8_134 
strata does not support 'pshufhw $0x86, %xmm2, %xmm1'.
/home/sdasgup3/Github/strata/stoke/bin/specgen compare --circuit_dir /home/sdasgup3/Github/strata-data/circuits --opcode pshufhw_xmm_xmm_imm8_135 
strata does not support 'pshufhw $0x87, %xmm2, %xmm1'.
/home/sdasgup3/Github/strata/stoke/bin/specgen compare --circuit_dir /home/sdasgup3/Github/strata-data/circuits --opcode pshufhw_xmm_xmm_imm8_136 
strata does not support 'pshufhw $0x88, %xmm2, %xmm1'.
/home/sdasgup3/Github/strata/stoke/bin/specgen compare --circuit_dir /home/sdasgup3/Github/strata-data/circuits --opcode pshufhw_xmm_xmm_imm8_137 
strata does not support 'pshufhw $0x89, %xmm2, %xmm1'.
/home/sdasgup3/Github/strata/stoke/bin/specgen compare --circuit_dir /home/sdasgup3/Github/strata-data/circuits --opcode pshufhw_xmm_xmm_imm8_138 
strata does not support 'pshufhw $0x8a, %xmm2, %xmm1'.
/home/sdasgup3/Github/strata/stoke/bin/specgen compare --circuit_dir /home/sdasgup3/Github/strata-data/circuits --opcode pshufhw_xmm_xmm_imm8_139 
strata does not support 'pshufhw $0x8b, %xmm2, %xmm1'.
/home/sdasgup3/Github/strata/stoke/bin/specgen compare --circuit_dir /home/sdasgup3/Github/strata-data/circuits --opcode pshufhw_xmm_xmm_imm8_140 
strata does not support 'pshufhw $0x8c, %xmm2, %xmm1'.
/home/sdasgup3/Github/strata/stoke/bin/specgen compare --circuit_dir /home/sdasgup3/Github/strata-data/circuits --opcode pshufhw_xmm_xmm_imm8_141 
strata does not support 'pshufhw $0x8d, %xmm2, %xmm1'.
/home/sdasgup3/Github/strata/stoke/bin/specgen compare --circuit_dir /home/sdasgup3/Github/strata-data/circuits --opcode pshufhw_xmm_xmm_imm8_142 
strata does not support 'pshufhw $0x8e, %xmm2, %xmm1'.
/home/sdasgup3/Github/strata/stoke/bin/specgen compare --circuit_dir /home/sdasgup3/Github/strata-data/circuits --opcode pshufhw_xmm_xmm_imm8_143 
strata does not support 'pshufhw $0x8f, %xmm2, %xmm1'.
/home/sdasgup3/Github/strata/stoke/bin/specgen compare --circuit_dir /home/sdasgup3/Github/strata-data/circuits --opcode pshufhw_xmm_xmm_imm8_144 
strata does not support 'pshufhw $0x90, %xmm2, %xmm1'.
/home/sdasgup3/Github/strata/stoke/bin/specgen compare --circuit_dir /home/sdasgup3/Github/strata-data/circuits --opcode pshufhw_xmm_xmm_imm8_145 
strata does not support 'pshufhw $0x91, %xmm2, %xmm1'.
/home/sdasgup3/Github/strata/stoke/bin/specgen compare --circuit_dir /home/sdasgup3/Github/strata-data/circuits --opcode pshufhw_xmm_xmm_imm8_146 
strata does not support 'pshufhw $0x92, %xmm2, %xmm1'.
/home/sdasgup3/Github/strata/stoke/bin/specgen compare --circuit_dir /home/sdasgup3/Github/strata-data/circuits --opcode pshufhw_xmm_xmm_imm8_147 
strata does not support 'pshufhw $0x93, %xmm2, %xmm1'.
/home/sdasgup3/Github/strata/stoke/bin/specgen compare --circuit_dir /home/sdasgup3/Github/strata-data/circuits --opcode pshufhw_xmm_xmm_imm8_148 
strata does not support 'pshufhw $0x94, %xmm2, %xmm1'.
/home/sdasgup3/Github/strata/stoke/bin/specgen compare --circuit_dir /home/sdasgup3/Github/strata-data/circuits --opcode pshufhw_xmm_xmm_imm8_149 
strata does not support 'pshufhw $0x95, %xmm2, %xmm1'.
/home/sdasgup3/Github/strata/stoke/bin/specgen compare --circuit_dir /home/sdasgup3/Github/strata-data/circuits --opcode pshufhw_xmm_xmm_imm8_150 
strata does not support 'pshufhw $0x96, %xmm2, %xmm1'.
/home/sdasgup3/Github/strata/stoke/bin/specgen compare --circuit_dir /home/sdasgup3/Github/strata-data/circuits --opcode pshufhw_xmm_xmm_imm8_151 
strata does not support 'pshufhw $0x97, %xmm2, %xmm1'.
/home/sdasgup3/Github/strata/stoke/bin/specgen compare --circuit_dir /home/sdasgup3/Github/strata-data/circuits --opcode pshufhw_xmm_xmm_imm8_152 
strata does not support 'pshufhw $0x98, %xmm2, %xmm1'.
/home/sdasgup3/Github/strata/stoke/bin/specgen compare --circuit_dir /home/sdasgup3/Github/strata-data/circuits --opcode pshufhw_xmm_xmm_imm8_153 
strata does not support 'pshufhw $0x99, %xmm2, %xmm1'.
/home/sdasgup3/Github/strata/stoke/bin/specgen compare --circuit_dir /home/sdasgup3/Github/strata-data/circuits --opcode pshufhw_xmm_xmm_imm8_154 
strata does not support 'pshufhw $0x9a, %xmm2, %xmm1'.
/home/sdasgup3/Github/strata/stoke/bin/specgen compare --circuit_dir /home/sdasgup3/Github/strata-data/circuits --opcode pshufhw_xmm_xmm_imm8_155 
strata does not support 'pshufhw $0x9b, %xmm2, %xmm1'.
/home/sdasgup3/Github/strata/stoke/bin/specgen compare --circuit_dir /home/sdasgup3/Github/strata-data/circuits --opcode pshufhw_xmm_xmm_imm8_156 
strata does not support 'pshufhw $0x9c, %xmm2, %xmm1'.
/home/sdasgup3/Github/strata/stoke/bin/specgen compare --circuit_dir /home/sdasgup3/Github/strata-data/circuits --opcode pshufhw_xmm_xmm_imm8_157 
strata does not support 'pshufhw $0x9d, %xmm2, %xmm1'.
/home/sdasgup3/Github/strata/stoke/bin/specgen compare --circuit_dir /home/sdasgup3/Github/strata-data/circuits --opcode pshufhw_xmm_xmm_imm8_158 
strata does not support 'pshufhw $0x9e, %xmm2, %xmm1'.
/home/sdasgup3/Github/strata/stoke/bin/specgen compare --circuit_dir /home/sdasgup3/Github/strata-data/circuits --opcode pshufhw_xmm_xmm_imm8_159 
strata does not support 'pshufhw $0x9f, %xmm2, %xmm1'.
/home/sdasgup3/Github/strata/stoke/bin/specgen compare --circuit_dir /home/sdasgup3/Github/strata-data/circuits --opcode pshufhw_xmm_xmm_imm8_160 
strata does not support 'pshufhw $0xa0, %xmm2, %xmm1'.
/home/sdasgup3/Github/strata/stoke/bin/specgen compare --circuit_dir /home/sdasgup3/Github/strata-data/circuits --opcode pshufhw_xmm_xmm_imm8_161 
strata does not support 'pshufhw $0xa1, %xmm2, %xmm1'.
/home/sdasgup3/Github/strata/stoke/bin/specgen compare --circuit_dir /home/sdasgup3/Github/strata-data/circuits --opcode pshufhw_xmm_xmm_imm8_162 
strata does not support 'pshufhw $0xa2, %xmm2, %xmm1'.
/home/sdasgup3/Github/strata/stoke/bin/specgen compare --circuit_dir /home/sdasgup3/Github/strata-data/circuits --opcode pshufhw_xmm_xmm_imm8_163 
strata does not support 'pshufhw $0xa3, %xmm2, %xmm1'.
/home/sdasgup3/Github/strata/stoke/bin/specgen compare --circuit_dir /home/sdasgup3/Github/strata-data/circuits --opcode pshufhw_xmm_xmm_imm8_164 
strata does not support 'pshufhw $0xa4, %xmm2, %xmm1'.
/home/sdasgup3/Github/strata/stoke/bin/specgen compare --circuit_dir /home/sdasgup3/Github/strata-data/circuits --opcode pshufhw_xmm_xmm_imm8_165 
strata does not support 'pshufhw $0xa5, %xmm2, %xmm1'.
/home/sdasgup3/Github/strata/stoke/bin/specgen compare --circuit_dir /home/sdasgup3/Github/strata-data/circuits --opcode pshufhw_xmm_xmm_imm8_166 
Equivalent.
/home/sdasgup3/Github/strata/stoke/bin/specgen compare --circuit_dir /home/sdasgup3/Github/strata-data/circuits --opcode pshufhw_xmm_xmm_imm8_167 
strata does not support 'pshufhw $0xa7, %xmm2, %xmm1'.
/home/sdasgup3/Github/strata/stoke/bin/specgen compare --circuit_dir /home/sdasgup3/Github/strata-data/circuits --opcode pshufhw_xmm_xmm_imm8_168 
strata does not support 'pshufhw $0xa8, %xmm2, %xmm1'.
/home/sdasgup3/Github/strata/stoke/bin/specgen compare --circuit_dir /home/sdasgup3/Github/strata-data/circuits --opcode pshufhw_xmm_xmm_imm8_169 
strata does not support 'pshufhw $0xa9, %xmm2, %xmm1'.
/home/sdasgup3/Github/strata/stoke/bin/specgen compare --circuit_dir /home/sdasgup3/Github/strata-data/circuits --opcode pshufhw_xmm_xmm_imm8_170 
Equivalent.
/home/sdasgup3/Github/strata/stoke/bin/specgen compare --circuit_dir /home/sdasgup3/Github/strata-data/circuits --opcode pshufhw_xmm_xmm_imm8_171 
strata does not support 'pshufhw $0xab, %xmm2, %xmm1'.
/home/sdasgup3/Github/strata/stoke/bin/specgen compare --circuit_dir /home/sdasgup3/Github/strata-data/circuits --opcode pshufhw_xmm_xmm_imm8_172 
strata does not support 'pshufhw $0xac, %xmm2, %xmm1'.
/home/sdasgup3/Github/strata/stoke/bin/specgen compare --circuit_dir /home/sdasgup3/Github/strata-data/circuits --opcode pshufhw_xmm_xmm_imm8_173 
strata does not support 'pshufhw $0xad, %xmm2, %xmm1'.
/home/sdasgup3/Github/strata/stoke/bin/specgen compare --circuit_dir /home/sdasgup3/Github/strata-data/circuits --opcode pshufhw_xmm_xmm_imm8_174 
Equivalent.
/home/sdasgup3/Github/strata/stoke/bin/specgen compare --circuit_dir /home/sdasgup3/Github/strata-data/circuits --opcode pshufhw_xmm_xmm_imm8_175 
strata does not support 'pshufhw $0xaf, %xmm2, %xmm1'.
/home/sdasgup3/Github/strata/stoke/bin/specgen compare --circuit_dir /home/sdasgup3/Github/strata-data/circuits --opcode pshufhw_xmm_xmm_imm8_176 
strata does not support 'pshufhw $0xb0, %xmm2, %xmm1'.
/home/sdasgup3/Github/strata/stoke/bin/specgen compare --circuit_dir /home/sdasgup3/Github/strata-data/circuits --opcode pshufhw_xmm_xmm_imm8_177 
strata does not support 'pshufhw $0xb1, %xmm2, %xmm1'.
/home/sdasgup3/Github/strata/stoke/bin/specgen compare --circuit_dir /home/sdasgup3/Github/strata-data/circuits --opcode pshufhw_xmm_xmm_imm8_178 
strata does not support 'pshufhw $0xb2, %xmm2, %xmm1'.
/home/sdasgup3/Github/strata/stoke/bin/specgen compare --circuit_dir /home/sdasgup3/Github/strata-data/circuits --opcode pshufhw_xmm_xmm_imm8_179 
strata does not support 'pshufhw $0xb3, %xmm2, %xmm1'.
/home/sdasgup3/Github/strata/stoke/bin/specgen compare --circuit_dir /home/sdasgup3/Github/strata-data/circuits --opcode pshufhw_xmm_xmm_imm8_180 
strata does not support 'pshufhw $0xb4, %xmm2, %xmm1'.
/home/sdasgup3/Github/strata/stoke/bin/specgen compare --circuit_dir /home/sdasgup3/Github/strata-data/circuits --opcode pshufhw_xmm_xmm_imm8_181 
strata does not support 'pshufhw $0xb5, %xmm2, %xmm1'.
/home/sdasgup3/Github/strata/stoke/bin/specgen compare --circuit_dir /home/sdasgup3/Github/strata-data/circuits --opcode pshufhw_xmm_xmm_imm8_182 
strata does not support 'pshufhw $0xb6, %xmm2, %xmm1'.
/home/sdasgup3/Github/strata/stoke/bin/specgen compare --circuit_dir /home/sdasgup3/Github/strata-data/circuits --opcode pshufhw_xmm_xmm_imm8_183 
strata does not support 'pshufhw $0xb7, %xmm2, %xmm1'.
/home/sdasgup3/Github/strata/stoke/bin/specgen compare --circuit_dir /home/sdasgup3/Github/strata-data/circuits --opcode pshufhw_xmm_xmm_imm8_184 
strata does not support 'pshufhw $0xb8, %xmm2, %xmm1'.
/home/sdasgup3/Github/strata/stoke/bin/specgen compare --circuit_dir /home/sdasgup3/Github/strata-data/circuits --opcode pshufhw_xmm_xmm_imm8_185 
strata does not support 'pshufhw $0xb9, %xmm2, %xmm1'.
/home/sdasgup3/Github/strata/stoke/bin/specgen compare --circuit_dir /home/sdasgup3/Github/strata-data/circuits --opcode pshufhw_xmm_xmm_imm8_186 
strata does not support 'pshufhw $0xba, %xmm2, %xmm1'.
/home/sdasgup3/Github/strata/stoke/bin/specgen compare --circuit_dir /home/sdasgup3/Github/strata-data/circuits --opcode pshufhw_xmm_xmm_imm8_187 
strata does not support 'pshufhw $0xbb, %xmm2, %xmm1'.
/home/sdasgup3/Github/strata/stoke/bin/specgen compare --circuit_dir /home/sdasgup3/Github/strata-data/circuits --opcode pshufhw_xmm_xmm_imm8_188 
strata does not support 'pshufhw $0xbc, %xmm2, %xmm1'.
/home/sdasgup3/Github/strata/stoke/bin/specgen compare --circuit_dir /home/sdasgup3/Github/strata-data/circuits --opcode pshufhw_xmm_xmm_imm8_189 
strata does not support 'pshufhw $0xbd, %xmm2, %xmm1'.
/home/sdasgup3/Github/strata/stoke/bin/specgen compare --circuit_dir /home/sdasgup3/Github/strata-data/circuits --opcode pshufhw_xmm_xmm_imm8_190 
strata does not support 'pshufhw $0xbe, %xmm2, %xmm1'.
/home/sdasgup3/Github/strata/stoke/bin/specgen compare --circuit_dir /home/sdasgup3/Github/strata-data/circuits --opcode pshufhw_xmm_xmm_imm8_191 
strata does not support 'pshufhw $0xbf, %xmm2, %xmm1'.
/home/sdasgup3/Github/strata/stoke/bin/specgen compare --circuit_dir /home/sdasgup3/Github/strata-data/circuits --opcode pshufhw_xmm_xmm_imm8_192 
Equivalent.
/home/sdasgup3/Github/strata/stoke/bin/specgen compare --circuit_dir /home/sdasgup3/Github/strata-data/circuits --opcode pshufhw_xmm_xmm_imm8_193 
strata does not support 'pshufhw $0xc1, %xmm2, %xmm1'.
/home/sdasgup3/Github/strata/stoke/bin/specgen compare --circuit_dir /home/sdasgup3/Github/strata-data/circuits --opcode pshufhw_xmm_xmm_imm8_194 
strata does not support 'pshufhw $0xc2, %xmm2, %xmm1'.
/home/sdasgup3/Github/strata/stoke/bin/specgen compare --circuit_dir /home/sdasgup3/Github/strata-data/circuits --opcode pshufhw_xmm_xmm_imm8_195 
strata does not support 'pshufhw $0xc3, %xmm2, %xmm1'.
/home/sdasgup3/Github/strata/stoke/bin/specgen compare --circuit_dir /home/sdasgup3/Github/strata-data/circuits --opcode pshufhw_xmm_xmm_imm8_196 
strata does not support 'pshufhw $0xc4, %xmm2, %xmm1'.
/home/sdasgup3/Github/strata/stoke/bin/specgen compare --circuit_dir /home/sdasgup3/Github/strata-data/circuits --opcode pshufhw_xmm_xmm_imm8_197 
strata does not support 'pshufhw $0xc5, %xmm2, %xmm1'.
/home/sdasgup3/Github/strata/stoke/bin/specgen compare --circuit_dir /home/sdasgup3/Github/strata-data/circuits --opcode pshufhw_xmm_xmm_imm8_198 
strata does not support 'pshufhw $0xc6, %xmm2, %xmm1'.
/home/sdasgup3/Github/strata/stoke/bin/specgen compare --circuit_dir /home/sdasgup3/Github/strata-data/circuits --opcode pshufhw_xmm_xmm_imm8_199 
strata does not support 'pshufhw $0xc7, %xmm2, %xmm1'.
/home/sdasgup3/Github/strata/stoke/bin/specgen compare --circuit_dir /home/sdasgup3/Github/strata-data/circuits --opcode pshufhw_xmm_xmm_imm8_200 
strata does not support 'pshufhw $0xc8, %xmm2, %xmm1'.
/home/sdasgup3/Github/strata/stoke/bin/specgen compare --circuit_dir /home/sdasgup3/Github/strata-data/circuits --opcode pshufhw_xmm_xmm_imm8_201 
strata does not support 'pshufhw $0xc9, %xmm2, %xmm1'.
/home/sdasgup3/Github/strata/stoke/bin/specgen compare --circuit_dir /home/sdasgup3/Github/strata-data/circuits --opcode pshufhw_xmm_xmm_imm8_202 
strata does not support 'pshufhw $0xca, %xmm2, %xmm1'.
/home/sdasgup3/Github/strata/stoke/bin/specgen compare --circuit_dir /home/sdasgup3/Github/strata-data/circuits --opcode pshufhw_xmm_xmm_imm8_203 
strata does not support 'pshufhw $0xcb, %xmm2, %xmm1'.
/home/sdasgup3/Github/strata/stoke/bin/specgen compare --circuit_dir /home/sdasgup3/Github/strata-data/circuits --opcode pshufhw_xmm_xmm_imm8_204 
Equivalent.
/home/sdasgup3/Github/strata/stoke/bin/specgen compare --circuit_dir /home/sdasgup3/Github/strata-data/circuits --opcode pshufhw_xmm_xmm_imm8_205 
strata does not support 'pshufhw $0xcd, %xmm2, %xmm1'.
/home/sdasgup3/Github/strata/stoke/bin/specgen compare --circuit_dir /home/sdasgup3/Github/strata-data/circuits --opcode pshufhw_xmm_xmm_imm8_206 
strata does not support 'pshufhw $0xce, %xmm2, %xmm1'.
/home/sdasgup3/Github/strata/stoke/bin/specgen compare --circuit_dir /home/sdasgup3/Github/strata-data/circuits --opcode pshufhw_xmm_xmm_imm8_207 
strata does not support 'pshufhw $0xcf, %xmm2, %xmm1'.
/home/sdasgup3/Github/strata/stoke/bin/specgen compare --circuit_dir /home/sdasgup3/Github/strata-data/circuits --opcode pshufhw_xmm_xmm_imm8_208 
strata does not support 'pshufhw $0xd0, %xmm2, %xmm1'.
/home/sdasgup3/Github/strata/stoke/bin/specgen compare --circuit_dir /home/sdasgup3/Github/strata-data/circuits --opcode pshufhw_xmm_xmm_imm8_209 
strata does not support 'pshufhw $0xd1, %xmm2, %xmm1'.
/home/sdasgup3/Github/strata/stoke/bin/specgen compare --circuit_dir /home/sdasgup3/Github/strata-data/circuits --opcode pshufhw_xmm_xmm_imm8_210 
strata does not support 'pshufhw $0xd2, %xmm2, %xmm1'.
/home/sdasgup3/Github/strata/stoke/bin/specgen compare --circuit_dir /home/sdasgup3/Github/strata-data/circuits --opcode pshufhw_xmm_xmm_imm8_211 
strata does not support 'pshufhw $0xd3, %xmm2, %xmm1'.
/home/sdasgup3/Github/strata/stoke/bin/specgen compare --circuit_dir /home/sdasgup3/Github/strata-data/circuits --opcode pshufhw_xmm_xmm_imm8_212 
strata does not support 'pshufhw $0xd4, %xmm2, %xmm1'.
/home/sdasgup3/Github/strata/stoke/bin/specgen compare --circuit_dir /home/sdasgup3/Github/strata-data/circuits --opcode pshufhw_xmm_xmm_imm8_213 
strata does not support 'pshufhw $0xd5, %xmm2, %xmm1'.
/home/sdasgup3/Github/strata/stoke/bin/specgen compare --circuit_dir /home/sdasgup3/Github/strata-data/circuits --opcode pshufhw_xmm_xmm_imm8_214 
strata does not support 'pshufhw $0xd6, %xmm2, %xmm1'.
/home/sdasgup3/Github/strata/stoke/bin/specgen compare --circuit_dir /home/sdasgup3/Github/strata-data/circuits --opcode pshufhw_xmm_xmm_imm8_215 
strata does not support 'pshufhw $0xd7, %xmm2, %xmm1'.
/home/sdasgup3/Github/strata/stoke/bin/specgen compare --circuit_dir /home/sdasgup3/Github/strata-data/circuits --opcode pshufhw_xmm_xmm_imm8_216 
strata does not support 'pshufhw $0xd8, %xmm2, %xmm1'.
/home/sdasgup3/Github/strata/stoke/bin/specgen compare --circuit_dir /home/sdasgup3/Github/strata-data/circuits --opcode pshufhw_xmm_xmm_imm8_217 
strata does not support 'pshufhw $0xd9, %xmm2, %xmm1'.
/home/sdasgup3/Github/strata/stoke/bin/specgen compare --circuit_dir /home/sdasgup3/Github/strata-data/circuits --opcode pshufhw_xmm_xmm_imm8_218 
strata does not support 'pshufhw $0xda, %xmm2, %xmm1'.
/home/sdasgup3/Github/strata/stoke/bin/specgen compare --circuit_dir /home/sdasgup3/Github/strata-data/circuits --opcode pshufhw_xmm_xmm_imm8_219 
strata does not support 'pshufhw $0xdb, %xmm2, %xmm1'.
/home/sdasgup3/Github/strata/stoke/bin/specgen compare --circuit_dir /home/sdasgup3/Github/strata-data/circuits --opcode pshufhw_xmm_xmm_imm8_220 
strata does not support 'pshufhw $0xdc, %xmm2, %xmm1'.
/home/sdasgup3/Github/strata/stoke/bin/specgen compare --circuit_dir /home/sdasgup3/Github/strata-data/circuits --opcode pshufhw_xmm_xmm_imm8_221 
strata does not support 'pshufhw $0xdd, %xmm2, %xmm1'.
/home/sdasgup3/Github/strata/stoke/bin/specgen compare --circuit_dir /home/sdasgup3/Github/strata-data/circuits --opcode pshufhw_xmm_xmm_imm8_222 
strata does not support 'pshufhw $0xde, %xmm2, %xmm1'.
/home/sdasgup3/Github/strata/stoke/bin/specgen compare --circuit_dir /home/sdasgup3/Github/strata-data/circuits --opcode pshufhw_xmm_xmm_imm8_223 
strata does not support 'pshufhw $0xdf, %xmm2, %xmm1'.
/home/sdasgup3/Github/strata/stoke/bin/specgen compare --circuit_dir /home/sdasgup3/Github/strata-data/circuits --opcode pshufhw_xmm_xmm_imm8_224 
Equivalent.
/home/sdasgup3/Github/strata/stoke/bin/specgen compare --circuit_dir /home/sdasgup3/Github/strata-data/circuits --opcode pshufhw_xmm_xmm_imm8_225 
strata does not support 'pshufhw $0xe1, %xmm2, %xmm1'.
/home/sdasgup3/Github/strata/stoke/bin/specgen compare --circuit_dir /home/sdasgup3/Github/strata-data/circuits --opcode pshufhw_xmm_xmm_imm8_226 
strata does not support 'pshufhw $0xe2, %xmm2, %xmm1'.
/home/sdasgup3/Github/strata/stoke/bin/specgen compare --circuit_dir /home/sdasgup3/Github/strata-data/circuits --opcode pshufhw_xmm_xmm_imm8_227 
strata does not support 'pshufhw $0xe3, %xmm2, %xmm1'.
/home/sdasgup3/Github/strata/stoke/bin/specgen compare --circuit_dir /home/sdasgup3/Github/strata-data/circuits --opcode pshufhw_xmm_xmm_imm8_228 
Equivalent.
/home/sdasgup3/Github/strata/stoke/bin/specgen compare --circuit_dir /home/sdasgup3/Github/strata-data/circuits --opcode pshufhw_xmm_xmm_imm8_229 
strata does not support 'pshufhw $0xe5, %xmm2, %xmm1'.
/home/sdasgup3/Github/strata/stoke/bin/specgen compare --circuit_dir /home/sdasgup3/Github/strata-data/circuits --opcode pshufhw_xmm_xmm_imm8_230 
strata does not support 'pshufhw $0xe6, %xmm2, %xmm1'.
/home/sdasgup3/Github/strata/stoke/bin/specgen compare --circuit_dir /home/sdasgup3/Github/strata-data/circuits --opcode pshufhw_xmm_xmm_imm8_231 
strata does not support 'pshufhw $0xe7, %xmm2, %xmm1'.
/home/sdasgup3/Github/strata/stoke/bin/specgen compare --circuit_dir /home/sdasgup3/Github/strata-data/circuits --opcode pshufhw_xmm_xmm_imm8_232 
strata does not support 'pshufhw $0xe8, %xmm2, %xmm1'.
/home/sdasgup3/Github/strata/stoke/bin/specgen compare --circuit_dir /home/sdasgup3/Github/strata-data/circuits --opcode pshufhw_xmm_xmm_imm8_233 
Equivalent.
/home/sdasgup3/Github/strata/stoke/bin/specgen compare --circuit_dir /home/sdasgup3/Github/strata-data/circuits --opcode pshufhw_xmm_xmm_imm8_234 
Equivalent.
/home/sdasgup3/Github/strata/stoke/bin/specgen compare --circuit_dir /home/sdasgup3/Github/strata-data/circuits --opcode pshufhw_xmm_xmm_imm8_235 
strata does not support 'pshufhw $0xeb, %xmm2, %xmm1'.
/home/sdasgup3/Github/strata/stoke/bin/specgen compare --circuit_dir /home/sdasgup3/Github/strata-data/circuits --opcode pshufhw_xmm_xmm_imm8_236 
strata does not support 'pshufhw $0xec, %xmm2, %xmm1'.
/home/sdasgup3/Github/strata/stoke/bin/specgen compare --circuit_dir /home/sdasgup3/Github/strata-data/circuits --opcode pshufhw_xmm_xmm_imm8_237 
strata does not support 'pshufhw $0xed, %xmm2, %xmm1'.
/home/sdasgup3/Github/strata/stoke/bin/specgen compare --circuit_dir /home/sdasgup3/Github/strata-data/circuits --opcode pshufhw_xmm_xmm_imm8_238 
Equivalent.
/home/sdasgup3/Github/strata/stoke/bin/specgen compare --circuit_dir /home/sdasgup3/Github/strata-data/circuits --opcode pshufhw_xmm_xmm_imm8_239 
strata does not support 'pshufhw $0xef, %xmm2, %xmm1'.
/home/sdasgup3/Github/strata/stoke/bin/specgen compare --circuit_dir /home/sdasgup3/Github/strata-data/circuits --opcode pshufhw_xmm_xmm_imm8_240 
strata does not support 'pshufhw $0xf0, %xmm2, %xmm1'.
/home/sdasgup3/Github/strata/stoke/bin/specgen compare --circuit_dir /home/sdasgup3/Github/strata-data/circuits --opcode pshufhw_xmm_xmm_imm8_241 
strata does not support 'pshufhw $0xf1, %xmm2, %xmm1'.
/home/sdasgup3/Github/strata/stoke/bin/specgen compare --circuit_dir /home/sdasgup3/Github/strata-data/circuits --opcode pshufhw_xmm_xmm_imm8_242 
strata does not support 'pshufhw $0xf2, %xmm2, %xmm1'.
/home/sdasgup3/Github/strata/stoke/bin/specgen compare --circuit_dir /home/sdasgup3/Github/strata-data/circuits --opcode pshufhw_xmm_xmm_imm8_243 
strata does not support 'pshufhw $0xf3, %xmm2, %xmm1'.
/home/sdasgup3/Github/strata/stoke/bin/specgen compare --circuit_dir /home/sdasgup3/Github/strata-data/circuits --opcode pshufhw_xmm_xmm_imm8_244 
strata does not support 'pshufhw $0xf4, %xmm2, %xmm1'.
/home/sdasgup3/Github/strata/stoke/bin/specgen compare --circuit_dir /home/sdasgup3/Github/strata-data/circuits --opcode pshufhw_xmm_xmm_imm8_245 
strata does not support 'pshufhw $0xf5, %xmm2, %xmm1'.
/home/sdasgup3/Github/strata/stoke/bin/specgen compare --circuit_dir /home/sdasgup3/Github/strata-data/circuits --opcode pshufhw_xmm_xmm_imm8_246 
strata does not support 'pshufhw $0xf6, %xmm2, %xmm1'.
/home/sdasgup3/Github/strata/stoke/bin/specgen compare --circuit_dir /home/sdasgup3/Github/strata-data/circuits --opcode pshufhw_xmm_xmm_imm8_247 
strata does not support 'pshufhw $0xf7, %xmm2, %xmm1'.
/home/sdasgup3/Github/strata/stoke/bin/specgen compare --circuit_dir /home/sdasgup3/Github/strata-data/circuits --opcode pshufhw_xmm_xmm_imm8_248 
strata does not support 'pshufhw $0xf8, %xmm2, %xmm1'.
/home/sdasgup3/Github/strata/stoke/bin/specgen compare --circuit_dir /home/sdasgup3/Github/strata-data/circuits --opcode pshufhw_xmm_xmm_imm8_249 
strata does not support 'pshufhw $0xf9, %xmm2, %xmm1'.
/home/sdasgup3/Github/strata/stoke/bin/specgen compare --circuit_dir /home/sdasgup3/Github/strata-data/circuits --opcode pshufhw_xmm_xmm_imm8_250 
strata does not support 'pshufhw $0xfa, %xmm2, %xmm1'.
/home/sdasgup3/Github/strata/stoke/bin/specgen compare --circuit_dir /home/sdasgup3/Github/strata-data/circuits --opcode pshufhw_xmm_xmm_imm8_251 
strata does not support 'pshufhw $0xfb, %xmm2, %xmm1'.
/home/sdasgup3/Github/strata/stoke/bin/specgen compare --circuit_dir /home/sdasgup3/Github/strata-data/circuits --opcode pshufhw_xmm_xmm_imm8_252 
Equivalent.
/home/sdasgup3/Github/strata/stoke/bin/specgen compare --circuit_dir /home/sdasgup3/Github/strata-data/circuits --opcode pshufhw_xmm_xmm_imm8_253 
strata does not support 'pshufhw $0xfd, %xmm2, %xmm1'.
/home/sdasgup3/Github/strata/stoke/bin/specgen compare --circuit_dir /home/sdasgup3/Github/strata-data/circuits --opcode pshufhw_xmm_xmm_imm8_254 
strata does not support 'pshufhw $0xfe, %xmm2, %xmm1'.
/home/sdasgup3/Github/strata/stoke/bin/specgen compare --circuit_dir /home/sdasgup3/Github/strata-data/circuits --opcode pshufhw_xmm_xmm_imm8_255 
strata does not support 'pshufhw $0xff, %xmm2, %xmm1'.
