[4m[1m[34mFiring Last 11[0m
Thread 1 start: psrldq_xmm_imm8_1
/home/sdasgup3/TYLER/strata/stoke/./bin/stoke_check_circuit --target imm_instructions/psrldq_xmm_imm8/instructions/psrldq_xmm_imm8_1/psrldq_xmm_imm8_1.s --functions /home/sdasgup3/Github/strata-data/data-regs/functions --testcases /home/sdasgup3/Github/strata-data/data-regs/testcases.tc --def_in "{ %xmm1 }" --live_out "{ %xmm1 }" 
Thread 4 start: psrldq_xmm_imm8_5
/home/sdasgup3/TYLER/strata/stoke/./bin/stoke_check_circuit --target imm_instructions/psrldq_xmm_imm8/instructions/psrldq_xmm_imm8_5/psrldq_xmm_imm8_5.s --functions /home/sdasgup3/Github/strata-data/data-regs/functions --testcases /home/sdasgup3/Github/strata-data/data-regs/testcases.tc --def_in "{ %xmm1 }" --live_out "{ %xmm1 }" 
Thread 6 start: psrldq_xmm_imm8_7
/home/sdasgup3/TYLER/strata/stoke/./bin/stoke_check_circuit --target imm_instructions/psrldq_xmm_imm8/instructions/psrldq_xmm_imm8_7/psrldq_xmm_imm8_7.s --functions /home/sdasgup3/Github/strata-data/data-regs/functions --testcases /home/sdasgup3/Github/strata-data/data-regs/testcases.tc --def_in "{ %xmm1 }" --live_out "{ %xmm1 }" 
Thread 3 start: psrldq_xmm_imm8_3
/home/sdasgup3/TYLER/strata/stoke/./bin/stoke_check_circuit --target imm_instructions/psrldq_xmm_imm8/instructions/psrldq_xmm_imm8_3/psrldq_xmm_imm8_3.s --functions /home/sdasgup3/Github/strata-data/data-regs/functions --testcases /home/sdasgup3/Github/strata-data/data-regs/testcases.tc --def_in "{ %xmm1 }" --live_out "{ %xmm1 }" 
Thread 7 start: psrldq_xmm_imm8_9
/home/sdasgup3/TYLER/strata/stoke/./bin/stoke_check_circuit --target imm_instructions/psrldq_xmm_imm8/instructions/psrldq_xmm_imm8_9/psrldq_xmm_imm8_9.s --functions /home/sdasgup3/Github/strata-data/data-regs/functions --testcases /home/sdasgup3/Github/strata-data/data-regs/testcases.tc --def_in "{ %xmm1 }" --live_out "{ %xmm1 }" 
Thread 5 start: psrldq_xmm_imm8_6
/home/sdasgup3/TYLER/strata/stoke/./bin/stoke_check_circuit --target imm_instructions/psrldq_xmm_imm8/instructions/psrldq_xmm_imm8_6/psrldq_xmm_imm8_6.s --functions /home/sdasgup3/Github/strata-data/data-regs/functions --testcases /home/sdasgup3/Github/strata-data/data-regs/testcases.tc --def_in "{ %xmm1 }" --live_out "{ %xmm1 }" 
Thread 2 start: psrldq_xmm_imm8_2
/home/sdasgup3/TYLER/strata/stoke/./bin/stoke_check_circuit --target imm_instructions/psrldq_xmm_imm8/instructions/psrldq_xmm_imm8_2/psrldq_xmm_imm8_2.s --functions /home/sdasgup3/Github/strata-data/data-regs/functions --testcases /home/sdasgup3/Github/strata-data/data-regs/testcases.tc --def_in "{ %xmm1 }" --live_out "{ %xmm1 }" 
Thread 8 start: psrldq_xmm_imm8_10
/home/sdasgup3/TYLER/strata/stoke/./bin/stoke_check_circuit --target imm_instructions/psrldq_xmm_imm8/instructions/psrldq_xmm_imm8_10/psrldq_xmm_imm8_10.s --functions /home/sdasgup3/Github/strata-data/data-regs/functions --testcases /home/sdasgup3/Github/strata-data/data-regs/testcases.tc --def_in "{ %xmm1 }" --live_out "{ %xmm1 }" 
Thread 9 start: psrldq_xmm_imm8_11
/home/sdasgup3/TYLER/strata/stoke/./bin/stoke_check_circuit --target imm_instructions/psrldq_xmm_imm8/instructions/psrldq_xmm_imm8_11/psrldq_xmm_imm8_11.s --functions /home/sdasgup3/Github/strata-data/data-regs/functions --testcases /home/sdasgup3/Github/strata-data/data-regs/testcases.tc --def_in "{ %xmm1 }" --live_out "{ %xmm1 }" 
Thread 10 start: psrldq_xmm_imm8_13
/home/sdasgup3/TYLER/strata/stoke/./bin/stoke_check_circuit --target imm_instructions/psrldq_xmm_imm8/instructions/psrldq_xmm_imm8_13/psrldq_xmm_imm8_13.s --functions /home/sdasgup3/Github/strata-data/data-regs/functions --testcases /home/sdasgup3/Github/strata-data/data-regs/testcases.tc --def_in "{ %xmm1 }" --live_out "{ %xmm1 }" 
Thread 11 start: psrldq_xmm_imm8_27
/home/sdasgup3/TYLER/strata/stoke/./bin/stoke_check_circuit --target imm_instructions/psrldq_xmm_imm8/instructions/psrldq_xmm_imm8_27/psrldq_xmm_imm8_27.s --functions /home/sdasgup3/Github/strata-data/data-regs/functions --testcases /home/sdasgup3/Github/strata-data/data-regs/testcases.tc --def_in "{ %xmm1 }" --live_out "{ %xmm1 }" 
Reading the Testsuit
Preparing Sandbox
Run 6630 tests
Collect Results
Build Handler
Check Equivalence
Completed 1000cases
Reading the Testsuit
Preparing Sandbox
Run 6630 tests
Collect Results
Build Handler
Check Equivalence
Completed 1000cases
Reading the Testsuit
Preparing Sandbox
Run 6630 tests
Collect Results
Build Handler
Check Equivalence
Completed 1000cases
Reading the Testsuit
Preparing Sandbox
Run 6630 tests
Collect Results
Build Handler
Check Equivalence
Completed 1000cases
Reading the Testsuit
Preparing Sandbox
Run 6630 tests
Collect Results
Build Handler
Check Equivalence
Completed 1000cases
Reading the Testsuit
Preparing Sandbox
Run 6630 tests
Collect Results
Build Handler
Check Equivalence
Completed 1000cases
Reading the Testsuit
Preparing Sandbox
Run 6630 tests
Collect Results
Build Handler
Check Equivalence
Completed 1000cases
Reading the Testsuit
Preparing Sandbox
Run 6630 tests
Collect Results
Build Handler
Check Equivalence
Completed 1000cases
Reading the Testsuit
Preparing Sandbox
Run 6630 tests
Collect Results
Build Handler
Check Equivalence
Completed 1000cases
Reading the Testsuit
Preparing Sandbox
Run 6630 tests
Collect Results
Build Handler
Check Equivalence
Completed 1000cases
Reading the Testsuit
Preparing Sandbox
Run 6630 tests
Collect Results
Build Handler
Check Equivalence
Completed 1000cases
Completed 2000cases
Completed 2000cases
Completed 2000cases
Completed 2000cases
Completed 2000cases
Completed 2000cases
Completed 2000cases
Completed 2000cases
Completed 2000cases
Completed 2000cases
Completed 2000cases
Completed 3000cases
Completed 3000cases
Completed 3000cases
Completed 3000cases
Completed 3000cases
Completed 3000cases
Completed 3000cases
Completed 3000cases
Completed 3000cases
Completed 3000cases
Completed 3000cases
Completed 4000cases
Completed 4000cases
Completed 4000cases
Completed 4000cases
Completed 4000cases
Completed 4000cases
Completed 4000cases
Completed 4000cases
Completed 4000cases
Completed 4000cases
Completed 4000cases
Completed 5000cases
Completed 5000cases
Completed 5000cases
Completed 5000cases
Completed 5000cases
Completed 5000cases
Completed 5000cases
Completed 5000cases
Completed 5000cases
Completed 5000cases
Completed 5000cases
Completed 6000cases
Completed 6000cases
Completed 6000cases
Completed 6000cases
Completed 6000cases
Completed 6000cases
Completed 6000cases
Completed 6000cases
Completed 6000cases
Completed 6000cases
Thread 4 done!: psrldq_xmm_imm8_5
Thread 2 done!: psrldq_xmm_imm8_2
Thread 3 done!: psrldq_xmm_imm8_3
Thread 6 done!: psrldq_xmm_imm8_7
Thread 10 done!: psrldq_xmm_imm8_13
Completed 6000cases
Thread 8 done!: psrldq_xmm_imm8_10
Thread 9 done!: psrldq_xmm_imm8_11
Thread 11 done!: psrldq_xmm_imm8_27
Thread 5 done!: psrldq_xmm_imm8_6
Thread 1 done!: psrldq_xmm_imm8_1
Thread 7 done!: psrldq_xmm_imm8_9
