/home/sdasgup3/Github/strata/stoke/bin/specgen compare --circuit_dir /home/sdasgup3/Github/strata-data/circuits --opcode psrldq_xmm_imm8_0 
Equivalent.
/home/sdasgup3/Github/strata/stoke/bin/specgen compare --circuit_dir /home/sdasgup3/Github/strata-data/circuits --opcode psrldq_xmm_imm8_1 
strata does not support 'psrldq $0x1, %xmm1'.
/home/sdasgup3/Github/strata/stoke/bin/specgen compare --circuit_dir /home/sdasgup3/Github/strata-data/circuits --opcode psrldq_xmm_imm8_2 
strata does not support 'psrldq $0x2, %xmm1'.
/home/sdasgup3/Github/strata/stoke/bin/specgen compare --circuit_dir /home/sdasgup3/Github/strata-data/circuits --opcode psrldq_xmm_imm8_3 
strata does not support 'psrldq $0x3, %xmm1'.
/home/sdasgup3/Github/strata/stoke/bin/specgen compare --circuit_dir /home/sdasgup3/Github/strata-data/circuits --opcode psrldq_xmm_imm8_4 
Equivalent.
/home/sdasgup3/Github/strata/stoke/bin/specgen compare --circuit_dir /home/sdasgup3/Github/strata-data/circuits --opcode psrldq_xmm_imm8_5 
strata does not support 'psrldq $0x5, %xmm1'.
/home/sdasgup3/Github/strata/stoke/bin/specgen compare --circuit_dir /home/sdasgup3/Github/strata-data/circuits --opcode psrldq_xmm_imm8_6 
strata does not support 'psrldq $0x6, %xmm1'.
/home/sdasgup3/Github/strata/stoke/bin/specgen compare --circuit_dir /home/sdasgup3/Github/strata-data/circuits --opcode psrldq_xmm_imm8_7 
strata does not support 'psrldq $0x7, %xmm1'.
/home/sdasgup3/Github/strata/stoke/bin/specgen compare --circuit_dir /home/sdasgup3/Github/strata-data/circuits --opcode psrldq_xmm_imm8_8 
Equivalent.
/home/sdasgup3/Github/strata/stoke/bin/specgen compare --circuit_dir /home/sdasgup3/Github/strata-data/circuits --opcode psrldq_xmm_imm8_9 
strata does not support 'psrldq $0x9, %xmm1'.
/home/sdasgup3/Github/strata/stoke/bin/specgen compare --circuit_dir /home/sdasgup3/Github/strata-data/circuits --opcode psrldq_xmm_imm8_10 
strata does not support 'psrldq $0xa, %xmm1'.
/home/sdasgup3/Github/strata/stoke/bin/specgen compare --circuit_dir /home/sdasgup3/Github/strata-data/circuits --opcode psrldq_xmm_imm8_11 
strata does not support 'psrldq $0xb, %xmm1'.
/home/sdasgup3/Github/strata/stoke/bin/specgen compare --circuit_dir /home/sdasgup3/Github/strata-data/circuits --opcode psrldq_xmm_imm8_12 
Equivalent.
/home/sdasgup3/Github/strata/stoke/bin/specgen compare --circuit_dir /home/sdasgup3/Github/strata-data/circuits --opcode psrldq_xmm_imm8_13 
strata does not support 'psrldq $0xd, %xmm1'.
/home/sdasgup3/Github/strata/stoke/bin/specgen compare --circuit_dir /home/sdasgup3/Github/strata-data/circuits --opcode psrldq_xmm_imm8_14 
Equivalent.
/home/sdasgup3/Github/strata/stoke/bin/specgen compare --circuit_dir /home/sdasgup3/Github/strata-data/circuits --opcode psrldq_xmm_imm8_15 
Equivalent.
/home/sdasgup3/Github/strata/stoke/bin/specgen compare --circuit_dir /home/sdasgup3/Github/strata-data/circuits --opcode psrldq_xmm_imm8_16 
Equivalent.
/home/sdasgup3/Github/strata/stoke/bin/specgen compare --circuit_dir /home/sdasgup3/Github/strata-data/circuits --opcode psrldq_xmm_imm8_17 
Equivalent.
/home/sdasgup3/Github/strata/stoke/bin/specgen compare --circuit_dir /home/sdasgup3/Github/strata-data/circuits --opcode psrldq_xmm_imm8_18 
Equivalent.
/home/sdasgup3/Github/strata/stoke/bin/specgen compare --circuit_dir /home/sdasgup3/Github/strata-data/circuits --opcode psrldq_xmm_imm8_19 
Equivalent.
/home/sdasgup3/Github/strata/stoke/bin/specgen compare --circuit_dir /home/sdasgup3/Github/strata-data/circuits --opcode psrldq_xmm_imm8_20 
Equivalent.
/home/sdasgup3/Github/strata/stoke/bin/specgen compare --circuit_dir /home/sdasgup3/Github/strata-data/circuits --opcode psrldq_xmm_imm8_21 
Equivalent.
/home/sdasgup3/Github/strata/stoke/bin/specgen compare --circuit_dir /home/sdasgup3/Github/strata-data/circuits --opcode psrldq_xmm_imm8_22 
Equivalent.
/home/sdasgup3/Github/strata/stoke/bin/specgen compare --circuit_dir /home/sdasgup3/Github/strata-data/circuits --opcode psrldq_xmm_imm8_23 
Equivalent.
/home/sdasgup3/Github/strata/stoke/bin/specgen compare --circuit_dir /home/sdasgup3/Github/strata-data/circuits --opcode psrldq_xmm_imm8_24 
Equivalent.
/home/sdasgup3/Github/strata/stoke/bin/specgen compare --circuit_dir /home/sdasgup3/Github/strata-data/circuits --opcode psrldq_xmm_imm8_25 
Equivalent.
/home/sdasgup3/Github/strata/stoke/bin/specgen compare --circuit_dir /home/sdasgup3/Github/strata-data/circuits --opcode psrldq_xmm_imm8_26 
Equivalent.
/home/sdasgup3/Github/strata/stoke/bin/specgen compare --circuit_dir /home/sdasgup3/Github/strata-data/circuits --opcode psrldq_xmm_imm8_27 
strata does not support 'psrldq $0x1b, %xmm1'.
/home/sdasgup3/Github/strata/stoke/bin/specgen compare --circuit_dir /home/sdasgup3/Github/strata-data/circuits --opcode psrldq_xmm_imm8_28 
Equivalent.
/home/sdasgup3/Github/strata/stoke/bin/specgen compare --circuit_dir /home/sdasgup3/Github/strata-data/circuits --opcode psrldq_xmm_imm8_29 
Equivalent.
/home/sdasgup3/Github/strata/stoke/bin/specgen compare --circuit_dir /home/sdasgup3/Github/strata-data/circuits --opcode psrldq_xmm_imm8_30 
Equivalent.
/home/sdasgup3/Github/strata/stoke/bin/specgen compare --circuit_dir /home/sdasgup3/Github/strata-data/circuits --opcode psrldq_xmm_imm8_31 
Equivalent.
/home/sdasgup3/Github/strata/stoke/bin/specgen compare --circuit_dir /home/sdasgup3/Github/strata-data/circuits --opcode psrldq_xmm_imm8_32 
Equivalent.
/home/sdasgup3/Github/strata/stoke/bin/specgen compare --circuit_dir /home/sdasgup3/Github/strata-data/circuits --opcode psrldq_xmm_imm8_33 
Equivalent.
/home/sdasgup3/Github/strata/stoke/bin/specgen compare --circuit_dir /home/sdasgup3/Github/strata-data/circuits --opcode psrldq_xmm_imm8_34 
Equivalent.
/home/sdasgup3/Github/strata/stoke/bin/specgen compare --circuit_dir /home/sdasgup3/Github/strata-data/circuits --opcode psrldq_xmm_imm8_35 
Equivalent.
/home/sdasgup3/Github/strata/stoke/bin/specgen compare --circuit_dir /home/sdasgup3/Github/strata-data/circuits --opcode psrldq_xmm_imm8_36 
Equivalent.
/home/sdasgup3/Github/strata/stoke/bin/specgen compare --circuit_dir /home/sdasgup3/Github/strata-data/circuits --opcode psrldq_xmm_imm8_37 
Equivalent.
/home/sdasgup3/Github/strata/stoke/bin/specgen compare --circuit_dir /home/sdasgup3/Github/strata-data/circuits --opcode psrldq_xmm_imm8_38 
Equivalent.
/home/sdasgup3/Github/strata/stoke/bin/specgen compare --circuit_dir /home/sdasgup3/Github/strata-data/circuits --opcode psrldq_xmm_imm8_39 
Equivalent.
/home/sdasgup3/Github/strata/stoke/bin/specgen compare --circuit_dir /home/sdasgup3/Github/strata-data/circuits --opcode psrldq_xmm_imm8_40 
Equivalent.
/home/sdasgup3/Github/strata/stoke/bin/specgen compare --circuit_dir /home/sdasgup3/Github/strata-data/circuits --opcode psrldq_xmm_imm8_41 
Equivalent.
/home/sdasgup3/Github/strata/stoke/bin/specgen compare --circuit_dir /home/sdasgup3/Github/strata-data/circuits --opcode psrldq_xmm_imm8_42 
Equivalent.
/home/sdasgup3/Github/strata/stoke/bin/specgen compare --circuit_dir /home/sdasgup3/Github/strata-data/circuits --opcode psrldq_xmm_imm8_43 
Equivalent.
/home/sdasgup3/Github/strata/stoke/bin/specgen compare --circuit_dir /home/sdasgup3/Github/strata-data/circuits --opcode psrldq_xmm_imm8_44 
Equivalent.
/home/sdasgup3/Github/strata/stoke/bin/specgen compare --circuit_dir /home/sdasgup3/Github/strata-data/circuits --opcode psrldq_xmm_imm8_45 
Equivalent.
/home/sdasgup3/Github/strata/stoke/bin/specgen compare --circuit_dir /home/sdasgup3/Github/strata-data/circuits --opcode psrldq_xmm_imm8_46 
Equivalent.
/home/sdasgup3/Github/strata/stoke/bin/specgen compare --circuit_dir /home/sdasgup3/Github/strata-data/circuits --opcode psrldq_xmm_imm8_47 
Equivalent.
/home/sdasgup3/Github/strata/stoke/bin/specgen compare --circuit_dir /home/sdasgup3/Github/strata-data/circuits --opcode psrldq_xmm_imm8_48 
Equivalent.
/home/sdasgup3/Github/strata/stoke/bin/specgen compare --circuit_dir /home/sdasgup3/Github/strata-data/circuits --opcode psrldq_xmm_imm8_49 
Equivalent.
/home/sdasgup3/Github/strata/stoke/bin/specgen compare --circuit_dir /home/sdasgup3/Github/strata-data/circuits --opcode psrldq_xmm_imm8_50 
Equivalent.
/home/sdasgup3/Github/strata/stoke/bin/specgen compare --circuit_dir /home/sdasgup3/Github/strata-data/circuits --opcode psrldq_xmm_imm8_51 
Equivalent.
/home/sdasgup3/Github/strata/stoke/bin/specgen compare --circuit_dir /home/sdasgup3/Github/strata-data/circuits --opcode psrldq_xmm_imm8_52 
Equivalent.
/home/sdasgup3/Github/strata/stoke/bin/specgen compare --circuit_dir /home/sdasgup3/Github/strata-data/circuits --opcode psrldq_xmm_imm8_53 
Equivalent.
/home/sdasgup3/Github/strata/stoke/bin/specgen compare --circuit_dir /home/sdasgup3/Github/strata-data/circuits --opcode psrldq_xmm_imm8_54 
Equivalent.
/home/sdasgup3/Github/strata/stoke/bin/specgen compare --circuit_dir /home/sdasgup3/Github/strata-data/circuits --opcode psrldq_xmm_imm8_55 
Equivalent.
/home/sdasgup3/Github/strata/stoke/bin/specgen compare --circuit_dir /home/sdasgup3/Github/strata-data/circuits --opcode psrldq_xmm_imm8_56 
Equivalent.
/home/sdasgup3/Github/strata/stoke/bin/specgen compare --circuit_dir /home/sdasgup3/Github/strata-data/circuits --opcode psrldq_xmm_imm8_57 
Equivalent.
/home/sdasgup3/Github/strata/stoke/bin/specgen compare --circuit_dir /home/sdasgup3/Github/strata-data/circuits --opcode psrldq_xmm_imm8_58 
Equivalent.
/home/sdasgup3/Github/strata/stoke/bin/specgen compare --circuit_dir /home/sdasgup3/Github/strata-data/circuits --opcode psrldq_xmm_imm8_59 
Equivalent.
/home/sdasgup3/Github/strata/stoke/bin/specgen compare --circuit_dir /home/sdasgup3/Github/strata-data/circuits --opcode psrldq_xmm_imm8_60 
Equivalent.
/home/sdasgup3/Github/strata/stoke/bin/specgen compare --circuit_dir /home/sdasgup3/Github/strata-data/circuits --opcode psrldq_xmm_imm8_61 
Equivalent.
/home/sdasgup3/Github/strata/stoke/bin/specgen compare --circuit_dir /home/sdasgup3/Github/strata-data/circuits --opcode psrldq_xmm_imm8_62 
Equivalent.
/home/sdasgup3/Github/strata/stoke/bin/specgen compare --circuit_dir /home/sdasgup3/Github/strata-data/circuits --opcode psrldq_xmm_imm8_63 
Equivalent.
/home/sdasgup3/Github/strata/stoke/bin/specgen compare --circuit_dir /home/sdasgup3/Github/strata-data/circuits --opcode psrldq_xmm_imm8_64 
Equivalent.
/home/sdasgup3/Github/strata/stoke/bin/specgen compare --circuit_dir /home/sdasgup3/Github/strata-data/circuits --opcode psrldq_xmm_imm8_65 
Equivalent.
/home/sdasgup3/Github/strata/stoke/bin/specgen compare --circuit_dir /home/sdasgup3/Github/strata-data/circuits --opcode psrldq_xmm_imm8_66 
Equivalent.
/home/sdasgup3/Github/strata/stoke/bin/specgen compare --circuit_dir /home/sdasgup3/Github/strata-data/circuits --opcode psrldq_xmm_imm8_67 
Equivalent.
/home/sdasgup3/Github/strata/stoke/bin/specgen compare --circuit_dir /home/sdasgup3/Github/strata-data/circuits --opcode psrldq_xmm_imm8_68 
Equivalent.
/home/sdasgup3/Github/strata/stoke/bin/specgen compare --circuit_dir /home/sdasgup3/Github/strata-data/circuits --opcode psrldq_xmm_imm8_69 
Equivalent.
/home/sdasgup3/Github/strata/stoke/bin/specgen compare --circuit_dir /home/sdasgup3/Github/strata-data/circuits --opcode psrldq_xmm_imm8_70 
Equivalent.
/home/sdasgup3/Github/strata/stoke/bin/specgen compare --circuit_dir /home/sdasgup3/Github/strata-data/circuits --opcode psrldq_xmm_imm8_71 
Equivalent.
/home/sdasgup3/Github/strata/stoke/bin/specgen compare --circuit_dir /home/sdasgup3/Github/strata-data/circuits --opcode psrldq_xmm_imm8_72 
Equivalent.
/home/sdasgup3/Github/strata/stoke/bin/specgen compare --circuit_dir /home/sdasgup3/Github/strata-data/circuits --opcode psrldq_xmm_imm8_73 
Equivalent.
/home/sdasgup3/Github/strata/stoke/bin/specgen compare --circuit_dir /home/sdasgup3/Github/strata-data/circuits --opcode psrldq_xmm_imm8_74 
Equivalent.
/home/sdasgup3/Github/strata/stoke/bin/specgen compare --circuit_dir /home/sdasgup3/Github/strata-data/circuits --opcode psrldq_xmm_imm8_75 
Equivalent.
/home/sdasgup3/Github/strata/stoke/bin/specgen compare --circuit_dir /home/sdasgup3/Github/strata-data/circuits --opcode psrldq_xmm_imm8_76 
Equivalent.
/home/sdasgup3/Github/strata/stoke/bin/specgen compare --circuit_dir /home/sdasgup3/Github/strata-data/circuits --opcode psrldq_xmm_imm8_77 
Equivalent.
/home/sdasgup3/Github/strata/stoke/bin/specgen compare --circuit_dir /home/sdasgup3/Github/strata-data/circuits --opcode psrldq_xmm_imm8_78 
Equivalent.
/home/sdasgup3/Github/strata/stoke/bin/specgen compare --circuit_dir /home/sdasgup3/Github/strata-data/circuits --opcode psrldq_xmm_imm8_79 
Equivalent.
/home/sdasgup3/Github/strata/stoke/bin/specgen compare --circuit_dir /home/sdasgup3/Github/strata-data/circuits --opcode psrldq_xmm_imm8_80 
Equivalent.
/home/sdasgup3/Github/strata/stoke/bin/specgen compare --circuit_dir /home/sdasgup3/Github/strata-data/circuits --opcode psrldq_xmm_imm8_81 
Equivalent.
/home/sdasgup3/Github/strata/stoke/bin/specgen compare --circuit_dir /home/sdasgup3/Github/strata-data/circuits --opcode psrldq_xmm_imm8_82 
Equivalent.
/home/sdasgup3/Github/strata/stoke/bin/specgen compare --circuit_dir /home/sdasgup3/Github/strata-data/circuits --opcode psrldq_xmm_imm8_83 
Equivalent.
/home/sdasgup3/Github/strata/stoke/bin/specgen compare --circuit_dir /home/sdasgup3/Github/strata-data/circuits --opcode psrldq_xmm_imm8_84 
Equivalent.
/home/sdasgup3/Github/strata/stoke/bin/specgen compare --circuit_dir /home/sdasgup3/Github/strata-data/circuits --opcode psrldq_xmm_imm8_85 
Equivalent.
/home/sdasgup3/Github/strata/stoke/bin/specgen compare --circuit_dir /home/sdasgup3/Github/strata-data/circuits --opcode psrldq_xmm_imm8_86 
Equivalent.
/home/sdasgup3/Github/strata/stoke/bin/specgen compare --circuit_dir /home/sdasgup3/Github/strata-data/circuits --opcode psrldq_xmm_imm8_87 
Equivalent.
/home/sdasgup3/Github/strata/stoke/bin/specgen compare --circuit_dir /home/sdasgup3/Github/strata-data/circuits --opcode psrldq_xmm_imm8_88 
Equivalent.
/home/sdasgup3/Github/strata/stoke/bin/specgen compare --circuit_dir /home/sdasgup3/Github/strata-data/circuits --opcode psrldq_xmm_imm8_89 
Equivalent.
/home/sdasgup3/Github/strata/stoke/bin/specgen compare --circuit_dir /home/sdasgup3/Github/strata-data/circuits --opcode psrldq_xmm_imm8_90 
Equivalent.
/home/sdasgup3/Github/strata/stoke/bin/specgen compare --circuit_dir /home/sdasgup3/Github/strata-data/circuits --opcode psrldq_xmm_imm8_91 
Equivalent.
/home/sdasgup3/Github/strata/stoke/bin/specgen compare --circuit_dir /home/sdasgup3/Github/strata-data/circuits --opcode psrldq_xmm_imm8_92 
Equivalent.
/home/sdasgup3/Github/strata/stoke/bin/specgen compare --circuit_dir /home/sdasgup3/Github/strata-data/circuits --opcode psrldq_xmm_imm8_93 
Equivalent.
/home/sdasgup3/Github/strata/stoke/bin/specgen compare --circuit_dir /home/sdasgup3/Github/strata-data/circuits --opcode psrldq_xmm_imm8_94 
Equivalent.
/home/sdasgup3/Github/strata/stoke/bin/specgen compare --circuit_dir /home/sdasgup3/Github/strata-data/circuits --opcode psrldq_xmm_imm8_95 
Equivalent.
/home/sdasgup3/Github/strata/stoke/bin/specgen compare --circuit_dir /home/sdasgup3/Github/strata-data/circuits --opcode psrldq_xmm_imm8_96 
Equivalent.
/home/sdasgup3/Github/strata/stoke/bin/specgen compare --circuit_dir /home/sdasgup3/Github/strata-data/circuits --opcode psrldq_xmm_imm8_97 
Equivalent.
/home/sdasgup3/Github/strata/stoke/bin/specgen compare --circuit_dir /home/sdasgup3/Github/strata-data/circuits --opcode psrldq_xmm_imm8_98 
Equivalent.
/home/sdasgup3/Github/strata/stoke/bin/specgen compare --circuit_dir /home/sdasgup3/Github/strata-data/circuits --opcode psrldq_xmm_imm8_99 
Circuit for 'psrldq $0x63, %xmm1' (opcode psrldq_xmm_imm8_99)
  not equivalent for '%xmm1':
    strata:        sub_double((mincmp_single(%ymm1[63:32], 0x0₃₂) = 0x1₁ ? %ymm1[63:32] : 0x0₃₂) ∘ (mincmp_single(%ymm1[31:0], %ymm1[63:32]) = 0x1₁ ? %ymm1[31:0] : %ymm1[63:32]), (mincmp_single(%ymm1[63:32], 0x0₃₂) = 0x1₁ ? %ymm1[63:32] : 0x0₃₂) ∘ (mincmp_single(%ymm1[31:0], %ymm1[63:32]) = 0x1₁ ? %ymm1[31:0] : %ymm1[63:32])) ∘ sub_double((mincmp_single(%ymm1[63:32], 0x0₃₂) = 0x1₁ ? %ymm1[63:32] : 0x0₃₂) ∘ (mincmp_single(%ymm1[31:0], %ymm1[63:32]) = 0x1₁ ? %ymm1[31:0] : %ymm1[63:32]), (mincmp_single(%ymm1[63:32], 0x0₃₂) = 0x1₁ ? %ymm1[63:32] : 0x0₃₂) ∘ (mincmp_single(%ymm1[31:0], %ymm1[63:32]) = 0x1₁ ? %ymm1[31:0] : %ymm1[63:32]))
    hand-written:  %ymm1[127:0] >> (0x0₁₂₀ ∘ 0x10₈ << 0x3₁₂₈)


/home/sdasgup3/Github/strata/stoke/bin/specgen compare --circuit_dir /home/sdasgup3/Github/strata-data/circuits --opcode psrldq_xmm_imm8_100 
Equivalent.
/home/sdasgup3/Github/strata/stoke/bin/specgen compare --circuit_dir /home/sdasgup3/Github/strata-data/circuits --opcode psrldq_xmm_imm8_101 
Equivalent.
/home/sdasgup3/Github/strata/stoke/bin/specgen compare --circuit_dir /home/sdasgup3/Github/strata-data/circuits --opcode psrldq_xmm_imm8_102 
Equivalent.
/home/sdasgup3/Github/strata/stoke/bin/specgen compare --circuit_dir /home/sdasgup3/Github/strata-data/circuits --opcode psrldq_xmm_imm8_103 
Equivalent.
/home/sdasgup3/Github/strata/stoke/bin/specgen compare --circuit_dir /home/sdasgup3/Github/strata-data/circuits --opcode psrldq_xmm_imm8_104 
Equivalent.
/home/sdasgup3/Github/strata/stoke/bin/specgen compare --circuit_dir /home/sdasgup3/Github/strata-data/circuits --opcode psrldq_xmm_imm8_105 
Equivalent.
/home/sdasgup3/Github/strata/stoke/bin/specgen compare --circuit_dir /home/sdasgup3/Github/strata-data/circuits --opcode psrldq_xmm_imm8_106 
Equivalent.
/home/sdasgup3/Github/strata/stoke/bin/specgen compare --circuit_dir /home/sdasgup3/Github/strata-data/circuits --opcode psrldq_xmm_imm8_107 
Equivalent.
/home/sdasgup3/Github/strata/stoke/bin/specgen compare --circuit_dir /home/sdasgup3/Github/strata-data/circuits --opcode psrldq_xmm_imm8_108 
Equivalent.
/home/sdasgup3/Github/strata/stoke/bin/specgen compare --circuit_dir /home/sdasgup3/Github/strata-data/circuits --opcode psrldq_xmm_imm8_109 
Equivalent.
/home/sdasgup3/Github/strata/stoke/bin/specgen compare --circuit_dir /home/sdasgup3/Github/strata-data/circuits --opcode psrldq_xmm_imm8_110 
Equivalent.
/home/sdasgup3/Github/strata/stoke/bin/specgen compare --circuit_dir /home/sdasgup3/Github/strata-data/circuits --opcode psrldq_xmm_imm8_111 
Equivalent.
/home/sdasgup3/Github/strata/stoke/bin/specgen compare --circuit_dir /home/sdasgup3/Github/strata-data/circuits --opcode psrldq_xmm_imm8_112 
Equivalent.
/home/sdasgup3/Github/strata/stoke/bin/specgen compare --circuit_dir /home/sdasgup3/Github/strata-data/circuits --opcode psrldq_xmm_imm8_113 
Equivalent.
/home/sdasgup3/Github/strata/stoke/bin/specgen compare --circuit_dir /home/sdasgup3/Github/strata-data/circuits --opcode psrldq_xmm_imm8_114 
Equivalent.
/home/sdasgup3/Github/strata/stoke/bin/specgen compare --circuit_dir /home/sdasgup3/Github/strata-data/circuits --opcode psrldq_xmm_imm8_115 
Equivalent.
/home/sdasgup3/Github/strata/stoke/bin/specgen compare --circuit_dir /home/sdasgup3/Github/strata-data/circuits --opcode psrldq_xmm_imm8_116 
Equivalent.
/home/sdasgup3/Github/strata/stoke/bin/specgen compare --circuit_dir /home/sdasgup3/Github/strata-data/circuits --opcode psrldq_xmm_imm8_117 
Equivalent.
/home/sdasgup3/Github/strata/stoke/bin/specgen compare --circuit_dir /home/sdasgup3/Github/strata-data/circuits --opcode psrldq_xmm_imm8_118 
Equivalent.
/home/sdasgup3/Github/strata/stoke/bin/specgen compare --circuit_dir /home/sdasgup3/Github/strata-data/circuits --opcode psrldq_xmm_imm8_119 
Equivalent.
/home/sdasgup3/Github/strata/stoke/bin/specgen compare --circuit_dir /home/sdasgup3/Github/strata-data/circuits --opcode psrldq_xmm_imm8_120 
Equivalent.
/home/sdasgup3/Github/strata/stoke/bin/specgen compare --circuit_dir /home/sdasgup3/Github/strata-data/circuits --opcode psrldq_xmm_imm8_121 
Equivalent.
/home/sdasgup3/Github/strata/stoke/bin/specgen compare --circuit_dir /home/sdasgup3/Github/strata-data/circuits --opcode psrldq_xmm_imm8_122 
Equivalent.
/home/sdasgup3/Github/strata/stoke/bin/specgen compare --circuit_dir /home/sdasgup3/Github/strata-data/circuits --opcode psrldq_xmm_imm8_123 
Equivalent.
/home/sdasgup3/Github/strata/stoke/bin/specgen compare --circuit_dir /home/sdasgup3/Github/strata-data/circuits --opcode psrldq_xmm_imm8_124 
Equivalent.
/home/sdasgup3/Github/strata/stoke/bin/specgen compare --circuit_dir /home/sdasgup3/Github/strata-data/circuits --opcode psrldq_xmm_imm8_125 
Equivalent.
/home/sdasgup3/Github/strata/stoke/bin/specgen compare --circuit_dir /home/sdasgup3/Github/strata-data/circuits --opcode psrldq_xmm_imm8_126 
Equivalent.
/home/sdasgup3/Github/strata/stoke/bin/specgen compare --circuit_dir /home/sdasgup3/Github/strata-data/circuits --opcode psrldq_xmm_imm8_127 
Equivalent.
/home/sdasgup3/Github/strata/stoke/bin/specgen compare --circuit_dir /home/sdasgup3/Github/strata-data/circuits --opcode psrldq_xmm_imm8_128 
Circuit for 'psrldq $0x80, %xmm1' (opcode psrldq_xmm_imm8_128)
  not equivalent for '%xmm1':
    strata:        add_double(sub_double(0x0₄₈ ∘ %ymm1[15:0], 0x0₄₈ ∘ %ymm1[15:0]), sub_double(0x0₄₈ ∘ %ymm1[31:16], 0x0₄₈ ∘ %ymm1[31:16]))[63:32] ∘ 0x0₃₂ ∘ add_double(sub_double(0x0₄₈ ∘ %ymm1[15:0], 0x0₄₈ ∘ %ymm1[15:0]), sub_double(0x0₄₈ ∘ %ymm1[31:16], 0x0₄₈ ∘ %ymm1[31:16]))[31:0] ∘ 0x0₃₂
    hand-written:  %ymm1[127:0] >> (0x0₁₂₀ ∘ 0x10₈ << 0x3₁₂₈)


/home/sdasgup3/Github/strata/stoke/bin/specgen compare --circuit_dir /home/sdasgup3/Github/strata-data/circuits --opcode psrldq_xmm_imm8_129 
Equivalent.
/home/sdasgup3/Github/strata/stoke/bin/specgen compare --circuit_dir /home/sdasgup3/Github/strata-data/circuits --opcode psrldq_xmm_imm8_130 
Equivalent.
/home/sdasgup3/Github/strata/stoke/bin/specgen compare --circuit_dir /home/sdasgup3/Github/strata-data/circuits --opcode psrldq_xmm_imm8_131 
Equivalent.
/home/sdasgup3/Github/strata/stoke/bin/specgen compare --circuit_dir /home/sdasgup3/Github/strata-data/circuits --opcode psrldq_xmm_imm8_132 
Equivalent.
/home/sdasgup3/Github/strata/stoke/bin/specgen compare --circuit_dir /home/sdasgup3/Github/strata-data/circuits --opcode psrldq_xmm_imm8_133 
Equivalent.
/home/sdasgup3/Github/strata/stoke/bin/specgen compare --circuit_dir /home/sdasgup3/Github/strata-data/circuits --opcode psrldq_xmm_imm8_134 
Equivalent.
/home/sdasgup3/Github/strata/stoke/bin/specgen compare --circuit_dir /home/sdasgup3/Github/strata-data/circuits --opcode psrldq_xmm_imm8_135 
Equivalent.
/home/sdasgup3/Github/strata/stoke/bin/specgen compare --circuit_dir /home/sdasgup3/Github/strata-data/circuits --opcode psrldq_xmm_imm8_136 
Equivalent.
/home/sdasgup3/Github/strata/stoke/bin/specgen compare --circuit_dir /home/sdasgup3/Github/strata-data/circuits --opcode psrldq_xmm_imm8_137 
Equivalent.
/home/sdasgup3/Github/strata/stoke/bin/specgen compare --circuit_dir /home/sdasgup3/Github/strata-data/circuits --opcode psrldq_xmm_imm8_138 
Equivalent.
/home/sdasgup3/Github/strata/stoke/bin/specgen compare --circuit_dir /home/sdasgup3/Github/strata-data/circuits --opcode psrldq_xmm_imm8_139 
Equivalent.
/home/sdasgup3/Github/strata/stoke/bin/specgen compare --circuit_dir /home/sdasgup3/Github/strata-data/circuits --opcode psrldq_xmm_imm8_140 
Equivalent.
/home/sdasgup3/Github/strata/stoke/bin/specgen compare --circuit_dir /home/sdasgup3/Github/strata-data/circuits --opcode psrldq_xmm_imm8_141 
Equivalent.
/home/sdasgup3/Github/strata/stoke/bin/specgen compare --circuit_dir /home/sdasgup3/Github/strata-data/circuits --opcode psrldq_xmm_imm8_142 
Equivalent.
/home/sdasgup3/Github/strata/stoke/bin/specgen compare --circuit_dir /home/sdasgup3/Github/strata-data/circuits --opcode psrldq_xmm_imm8_143 
Equivalent.
/home/sdasgup3/Github/strata/stoke/bin/specgen compare --circuit_dir /home/sdasgup3/Github/strata-data/circuits --opcode psrldq_xmm_imm8_144 
Circuit for 'psrldq $0x90, %xmm1' (opcode psrldq_xmm_imm8_144)
  not equivalent for '%xmm1':
    strata:        sub_double(0x0₃₂ ∘ %ymm1[31:0], 0x0₃₂ ∘ %ymm1[31:0]) ∘ sub_double(0x0₃₂ ∘ %ymm1[31:0], 0x0₃₂ ∘ %ymm1[31:0])
    hand-written:  %ymm1[127:0] >> (0x0₁₂₀ ∘ 0x10₈ << 0x3₁₂₈)


/home/sdasgup3/Github/strata/stoke/bin/specgen compare --circuit_dir /home/sdasgup3/Github/strata-data/circuits --opcode psrldq_xmm_imm8_145 
Equivalent.
/home/sdasgup3/Github/strata/stoke/bin/specgen compare --circuit_dir /home/sdasgup3/Github/strata-data/circuits --opcode psrldq_xmm_imm8_146 
Equivalent.
/home/sdasgup3/Github/strata/stoke/bin/specgen compare --circuit_dir /home/sdasgup3/Github/strata-data/circuits --opcode psrldq_xmm_imm8_147 
Circuit for 'psrldq $0x93, %xmm1' (opcode psrldq_xmm_imm8_147)
  not equivalent for '%xmm1':
    strata:        cvt_double_to_int32_truncate(0x0₁₆ ∘ sub_double(%ymm1[63:0], %ymm1[63:0])[63:48] ∘ (0x0₁₆ ∘ sub_double(%ymm1[63:0], %ymm1[63:0])[47:32])) ∘ cvt_double_to_int32_truncate(0x0₁₆ ∘ sub_double(%ymm1[63:0], %ymm1[63:0])[31:16] ∘ (0x0₁₆ ∘ sub_double(%ymm1[63:0], %ymm1[63:0])[15:0])) ∘ (cvt_double_to_int32_truncate(0x0₁₆ ∘ sub_double(%ymm1[63:0], %ymm1[63:0])[63:48] ∘ (0x0₁₆ ∘ sub_double(%ymm1[63:0], %ymm1[63:0])[47:32])) ∘ cvt_double_to_int32_truncate(0x0₁₆ ∘ sub_double(%ymm1[63:0], %ymm1[63:0])[31:16] ∘ (0x0₁₆ ∘ sub_double(%ymm1[63:0], %ymm1[63:0])[15:0])))
    hand-written:  %ymm1[127:0] >> (0x0₁₂₀ ∘ 0x10₈ << 0x3₁₂₈)


/home/sdasgup3/Github/strata/stoke/bin/specgen compare --circuit_dir /home/sdasgup3/Github/strata-data/circuits --opcode psrldq_xmm_imm8_148 
Equivalent.
/home/sdasgup3/Github/strata/stoke/bin/specgen compare --circuit_dir /home/sdasgup3/Github/strata-data/circuits --opcode psrldq_xmm_imm8_149 
Equivalent.
/home/sdasgup3/Github/strata/stoke/bin/specgen compare --circuit_dir /home/sdasgup3/Github/strata-data/circuits --opcode psrldq_xmm_imm8_150 
Equivalent.
/home/sdasgup3/Github/strata/stoke/bin/specgen compare --circuit_dir /home/sdasgup3/Github/strata-data/circuits --opcode psrldq_xmm_imm8_151 
Equivalent.
/home/sdasgup3/Github/strata/stoke/bin/specgen compare --circuit_dir /home/sdasgup3/Github/strata-data/circuits --opcode psrldq_xmm_imm8_152 
Equivalent.
/home/sdasgup3/Github/strata/stoke/bin/specgen compare --circuit_dir /home/sdasgup3/Github/strata-data/circuits --opcode psrldq_xmm_imm8_153 
Circuit for 'psrldq $0x99, %xmm1' (opcode psrldq_xmm_imm8_153)
  not equivalent for '%xmm1':
    strata:        0x0₆₄ ∘ sub_double(cvt_double_to_single(cvt_int32_to_double(%ymm1[63:32])) ∘ cvt_double_to_single(cvt_int32_to_double(%ymm1[31:0])), cvt_double_to_single(cvt_int32_to_double(%ymm1[63:32])) ∘ cvt_double_to_single(cvt_int32_to_double(%ymm1[31:0])))
    hand-written:  %ymm1[127:0] >> (0x0₁₂₀ ∘ 0x10₈ << 0x3₁₂₈)


/home/sdasgup3/Github/strata/stoke/bin/specgen compare --circuit_dir /home/sdasgup3/Github/strata-data/circuits --opcode psrldq_xmm_imm8_154 
Equivalent.
/home/sdasgup3/Github/strata/stoke/bin/specgen compare --circuit_dir /home/sdasgup3/Github/strata-data/circuits --opcode psrldq_xmm_imm8_155 
Equivalent.
/home/sdasgup3/Github/strata/stoke/bin/specgen compare --circuit_dir /home/sdasgup3/Github/strata-data/circuits --opcode psrldq_xmm_imm8_156 
Equivalent.
/home/sdasgup3/Github/strata/stoke/bin/specgen compare --circuit_dir /home/sdasgup3/Github/strata-data/circuits --opcode psrldq_xmm_imm8_157 
Equivalent.
/home/sdasgup3/Github/strata/stoke/bin/specgen compare --circuit_dir /home/sdasgup3/Github/strata-data/circuits --opcode psrldq_xmm_imm8_158 
Equivalent.
/home/sdasgup3/Github/strata/stoke/bin/specgen compare --circuit_dir /home/sdasgup3/Github/strata-data/circuits --opcode psrldq_xmm_imm8_159 
Equivalent.
/home/sdasgup3/Github/strata/stoke/bin/specgen compare --circuit_dir /home/sdasgup3/Github/strata-data/circuits --opcode psrldq_xmm_imm8_160 
Equivalent.
/home/sdasgup3/Github/strata/stoke/bin/specgen compare --circuit_dir /home/sdasgup3/Github/strata-data/circuits --opcode psrldq_xmm_imm8_161 
Equivalent.
/home/sdasgup3/Github/strata/stoke/bin/specgen compare --circuit_dir /home/sdasgup3/Github/strata-data/circuits --opcode psrldq_xmm_imm8_162 
Equivalent.
/home/sdasgup3/Github/strata/stoke/bin/specgen compare --circuit_dir /home/sdasgup3/Github/strata-data/circuits --opcode psrldq_xmm_imm8_163 
Equivalent.
/home/sdasgup3/Github/strata/stoke/bin/specgen compare --circuit_dir /home/sdasgup3/Github/strata-data/circuits --opcode psrldq_xmm_imm8_164 
Equivalent.
/home/sdasgup3/Github/strata/stoke/bin/specgen compare --circuit_dir /home/sdasgup3/Github/strata-data/circuits --opcode psrldq_xmm_imm8_165 
Equivalent.
/home/sdasgup3/Github/strata/stoke/bin/specgen compare --circuit_dir /home/sdasgup3/Github/strata-data/circuits --opcode psrldq_xmm_imm8_166 
Equivalent.
/home/sdasgup3/Github/strata/stoke/bin/specgen compare --circuit_dir /home/sdasgup3/Github/strata-data/circuits --opcode psrldq_xmm_imm8_167 
Equivalent.
/home/sdasgup3/Github/strata/stoke/bin/specgen compare --circuit_dir /home/sdasgup3/Github/strata-data/circuits --opcode psrldq_xmm_imm8_168 
Equivalent.
/home/sdasgup3/Github/strata/stoke/bin/specgen compare --circuit_dir /home/sdasgup3/Github/strata-data/circuits --opcode psrldq_xmm_imm8_169 
Equivalent.
/home/sdasgup3/Github/strata/stoke/bin/specgen compare --circuit_dir /home/sdasgup3/Github/strata-data/circuits --opcode psrldq_xmm_imm8_170 
Equivalent.
/home/sdasgup3/Github/strata/stoke/bin/specgen compare --circuit_dir /home/sdasgup3/Github/strata-data/circuits --opcode psrldq_xmm_imm8_171 
Equivalent.
/home/sdasgup3/Github/strata/stoke/bin/specgen compare --circuit_dir /home/sdasgup3/Github/strata-data/circuits --opcode psrldq_xmm_imm8_172 
Equivalent.
/home/sdasgup3/Github/strata/stoke/bin/specgen compare --circuit_dir /home/sdasgup3/Github/strata-data/circuits --opcode psrldq_xmm_imm8_173 
Equivalent.
/home/sdasgup3/Github/strata/stoke/bin/specgen compare --circuit_dir /home/sdasgup3/Github/strata-data/circuits --opcode psrldq_xmm_imm8_174 
Equivalent.
/home/sdasgup3/Github/strata/stoke/bin/specgen compare --circuit_dir /home/sdasgup3/Github/strata-data/circuits --opcode psrldq_xmm_imm8_175 
Equivalent.
/home/sdasgup3/Github/strata/stoke/bin/specgen compare --circuit_dir /home/sdasgup3/Github/strata-data/circuits --opcode psrldq_xmm_imm8_176 
Equivalent.
/home/sdasgup3/Github/strata/stoke/bin/specgen compare --circuit_dir /home/sdasgup3/Github/strata-data/circuits --opcode psrldq_xmm_imm8_177 
Equivalent.
/home/sdasgup3/Github/strata/stoke/bin/specgen compare --circuit_dir /home/sdasgup3/Github/strata-data/circuits --opcode psrldq_xmm_imm8_178 
Equivalent.
/home/sdasgup3/Github/strata/stoke/bin/specgen compare --circuit_dir /home/sdasgup3/Github/strata-data/circuits --opcode psrldq_xmm_imm8_179 
Equivalent.
/home/sdasgup3/Github/strata/stoke/bin/specgen compare --circuit_dir /home/sdasgup3/Github/strata-data/circuits --opcode psrldq_xmm_imm8_180 
Equivalent.
/home/sdasgup3/Github/strata/stoke/bin/specgen compare --circuit_dir /home/sdasgup3/Github/strata-data/circuits --opcode psrldq_xmm_imm8_181 
Equivalent.
/home/sdasgup3/Github/strata/stoke/bin/specgen compare --circuit_dir /home/sdasgup3/Github/strata-data/circuits --opcode psrldq_xmm_imm8_182 
Equivalent.
/home/sdasgup3/Github/strata/stoke/bin/specgen compare --circuit_dir /home/sdasgup3/Github/strata-data/circuits --opcode psrldq_xmm_imm8_183 
Equivalent.
/home/sdasgup3/Github/strata/stoke/bin/specgen compare --circuit_dir /home/sdasgup3/Github/strata-data/circuits --opcode psrldq_xmm_imm8_184 
Equivalent.
/home/sdasgup3/Github/strata/stoke/bin/specgen compare --circuit_dir /home/sdasgup3/Github/strata-data/circuits --opcode psrldq_xmm_imm8_185 
Equivalent.
/home/sdasgup3/Github/strata/stoke/bin/specgen compare --circuit_dir /home/sdasgup3/Github/strata-data/circuits --opcode psrldq_xmm_imm8_186 
Equivalent.
/home/sdasgup3/Github/strata/stoke/bin/specgen compare --circuit_dir /home/sdasgup3/Github/strata-data/circuits --opcode psrldq_xmm_imm8_187 
Equivalent.
/home/sdasgup3/Github/strata/stoke/bin/specgen compare --circuit_dir /home/sdasgup3/Github/strata-data/circuits --opcode psrldq_xmm_imm8_188 
Equivalent.
/home/sdasgup3/Github/strata/stoke/bin/specgen compare --circuit_dir /home/sdasgup3/Github/strata-data/circuits --opcode psrldq_xmm_imm8_189 
Equivalent.
/home/sdasgup3/Github/strata/stoke/bin/specgen compare --circuit_dir /home/sdasgup3/Github/strata-data/circuits --opcode psrldq_xmm_imm8_190 
Equivalent.
/home/sdasgup3/Github/strata/stoke/bin/specgen compare --circuit_dir /home/sdasgup3/Github/strata-data/circuits --opcode psrldq_xmm_imm8_191 
Equivalent.
/home/sdasgup3/Github/strata/stoke/bin/specgen compare --circuit_dir /home/sdasgup3/Github/strata-data/circuits --opcode psrldq_xmm_imm8_192 
Equivalent.
/home/sdasgup3/Github/strata/stoke/bin/specgen compare --circuit_dir /home/sdasgup3/Github/strata-data/circuits --opcode psrldq_xmm_imm8_193 
Equivalent.
/home/sdasgup3/Github/strata/stoke/bin/specgen compare --circuit_dir /home/sdasgup3/Github/strata-data/circuits --opcode psrldq_xmm_imm8_194 
Equivalent.
/home/sdasgup3/Github/strata/stoke/bin/specgen compare --circuit_dir /home/sdasgup3/Github/strata-data/circuits --opcode psrldq_xmm_imm8_195 
Equivalent.
/home/sdasgup3/Github/strata/stoke/bin/specgen compare --circuit_dir /home/sdasgup3/Github/strata-data/circuits --opcode psrldq_xmm_imm8_196 
Equivalent.
/home/sdasgup3/Github/strata/stoke/bin/specgen compare --circuit_dir /home/sdasgup3/Github/strata-data/circuits --opcode psrldq_xmm_imm8_197 
Equivalent.
/home/sdasgup3/Github/strata/stoke/bin/specgen compare --circuit_dir /home/sdasgup3/Github/strata-data/circuits --opcode psrldq_xmm_imm8_198 
Equivalent.
/home/sdasgup3/Github/strata/stoke/bin/specgen compare --circuit_dir /home/sdasgup3/Github/strata-data/circuits --opcode psrldq_xmm_imm8_199 
Equivalent.
/home/sdasgup3/Github/strata/stoke/bin/specgen compare --circuit_dir /home/sdasgup3/Github/strata-data/circuits --opcode psrldq_xmm_imm8_200 
Equivalent.
/home/sdasgup3/Github/strata/stoke/bin/specgen compare --circuit_dir /home/sdasgup3/Github/strata-data/circuits --opcode psrldq_xmm_imm8_201 
Equivalent.
/home/sdasgup3/Github/strata/stoke/bin/specgen compare --circuit_dir /home/sdasgup3/Github/strata-data/circuits --opcode psrldq_xmm_imm8_202 
Equivalent.
/home/sdasgup3/Github/strata/stoke/bin/specgen compare --circuit_dir /home/sdasgup3/Github/strata-data/circuits --opcode psrldq_xmm_imm8_203 
Equivalent.
/home/sdasgup3/Github/strata/stoke/bin/specgen compare --circuit_dir /home/sdasgup3/Github/strata-data/circuits --opcode psrldq_xmm_imm8_204 
Equivalent.
/home/sdasgup3/Github/strata/stoke/bin/specgen compare --circuit_dir /home/sdasgup3/Github/strata-data/circuits --opcode psrldq_xmm_imm8_205 
Equivalent.
/home/sdasgup3/Github/strata/stoke/bin/specgen compare --circuit_dir /home/sdasgup3/Github/strata-data/circuits --opcode psrldq_xmm_imm8_206 
Equivalent.
/home/sdasgup3/Github/strata/stoke/bin/specgen compare --circuit_dir /home/sdasgup3/Github/strata-data/circuits --opcode psrldq_xmm_imm8_207 
Equivalent.
/home/sdasgup3/Github/strata/stoke/bin/specgen compare --circuit_dir /home/sdasgup3/Github/strata-data/circuits --opcode psrldq_xmm_imm8_208 
Equivalent.
/home/sdasgup3/Github/strata/stoke/bin/specgen compare --circuit_dir /home/sdasgup3/Github/strata-data/circuits --opcode psrldq_xmm_imm8_209 
Equivalent.
/home/sdasgup3/Github/strata/stoke/bin/specgen compare --circuit_dir /home/sdasgup3/Github/strata-data/circuits --opcode psrldq_xmm_imm8_210 
Equivalent.
/home/sdasgup3/Github/strata/stoke/bin/specgen compare --circuit_dir /home/sdasgup3/Github/strata-data/circuits --opcode psrldq_xmm_imm8_211 
Equivalent.
/home/sdasgup3/Github/strata/stoke/bin/specgen compare --circuit_dir /home/sdasgup3/Github/strata-data/circuits --opcode psrldq_xmm_imm8_212 
Circuit for 'psrldq $0xd4, %xmm1' (opcode psrldq_xmm_imm8_212)
  not equivalent for '%xmm1':
    strata:        0x0₄₈ ∘ sub_single(0x0₂₄ ∘ %ymm1[7:0], 0x0₂₄ ∘ %ymm1[7:0])[31:16] ∘ (0x0₄₈ ∘ sub_single(0x0₂₄ ∘ %ymm1[7:0], 0x0₂₄ ∘ %ymm1[7:0])[15:0])
    hand-written:  %ymm1[127:0] >> (0x0₁₂₀ ∘ 0x10₈ << 0x3₁₂₈)


/home/sdasgup3/Github/strata/stoke/bin/specgen compare --circuit_dir /home/sdasgup3/Github/strata-data/circuits --opcode psrldq_xmm_imm8_213 
Equivalent.
/home/sdasgup3/Github/strata/stoke/bin/specgen compare --circuit_dir /home/sdasgup3/Github/strata-data/circuits --opcode psrldq_xmm_imm8_214 
Equivalent.
/home/sdasgup3/Github/strata/stoke/bin/specgen compare --circuit_dir /home/sdasgup3/Github/strata-data/circuits --opcode psrldq_xmm_imm8_215 
Equivalent.
/home/sdasgup3/Github/strata/stoke/bin/specgen compare --circuit_dir /home/sdasgup3/Github/strata-data/circuits --opcode psrldq_xmm_imm8_216 
Equivalent.
/home/sdasgup3/Github/strata/stoke/bin/specgen compare --circuit_dir /home/sdasgup3/Github/strata-data/circuits --opcode psrldq_xmm_imm8_217 
Equivalent.
/home/sdasgup3/Github/strata/stoke/bin/specgen compare --circuit_dir /home/sdasgup3/Github/strata-data/circuits --opcode psrldq_xmm_imm8_218 
Equivalent.
/home/sdasgup3/Github/strata/stoke/bin/specgen compare --circuit_dir /home/sdasgup3/Github/strata-data/circuits --opcode psrldq_xmm_imm8_219 
Equivalent.
/home/sdasgup3/Github/strata/stoke/bin/specgen compare --circuit_dir /home/sdasgup3/Github/strata-data/circuits --opcode psrldq_xmm_imm8_220 
Equivalent.
/home/sdasgup3/Github/strata/stoke/bin/specgen compare --circuit_dir /home/sdasgup3/Github/strata-data/circuits --opcode psrldq_xmm_imm8_221 
Equivalent.
/home/sdasgup3/Github/strata/stoke/bin/specgen compare --circuit_dir /home/sdasgup3/Github/strata-data/circuits --opcode psrldq_xmm_imm8_222 
Equivalent.
/home/sdasgup3/Github/strata/stoke/bin/specgen compare --circuit_dir /home/sdasgup3/Github/strata-data/circuits --opcode psrldq_xmm_imm8_223 
Equivalent.
/home/sdasgup3/Github/strata/stoke/bin/specgen compare --circuit_dir /home/sdasgup3/Github/strata-data/circuits --opcode psrldq_xmm_imm8_224 
Equivalent.
/home/sdasgup3/Github/strata/stoke/bin/specgen compare --circuit_dir /home/sdasgup3/Github/strata-data/circuits --opcode psrldq_xmm_imm8_225 
Equivalent.
/home/sdasgup3/Github/strata/stoke/bin/specgen compare --circuit_dir /home/sdasgup3/Github/strata-data/circuits --opcode psrldq_xmm_imm8_226 
Circuit for 'psrldq $0xe2, %xmm1' (opcode psrldq_xmm_imm8_226)
  not equivalent for '%xmm1':
    strata:        sub_double(0x0₃₂ ∘ %ymm1[31:0], 0x0₃₂ ∘ %ymm1[31:0]) ∘ sub_double(0x0₃₂ ∘ %ymm1[31:0], 0x0₃₂ ∘ %ymm1[31:0])
    hand-written:  %ymm1[127:0] >> (0x0₁₂₀ ∘ 0x10₈ << 0x3₁₂₈)


/home/sdasgup3/Github/strata/stoke/bin/specgen compare --circuit_dir /home/sdasgup3/Github/strata-data/circuits --opcode psrldq_xmm_imm8_227 
Equivalent.
/home/sdasgup3/Github/strata/stoke/bin/specgen compare --circuit_dir /home/sdasgup3/Github/strata-data/circuits --opcode psrldq_xmm_imm8_228 
Equivalent.
/home/sdasgup3/Github/strata/stoke/bin/specgen compare --circuit_dir /home/sdasgup3/Github/strata-data/circuits --opcode psrldq_xmm_imm8_229 
Equivalent.
/home/sdasgup3/Github/strata/stoke/bin/specgen compare --circuit_dir /home/sdasgup3/Github/strata-data/circuits --opcode psrldq_xmm_imm8_230 
Equivalent.
/home/sdasgup3/Github/strata/stoke/bin/specgen compare --circuit_dir /home/sdasgup3/Github/strata-data/circuits --opcode psrldq_xmm_imm8_231 
Equivalent.
/home/sdasgup3/Github/strata/stoke/bin/specgen compare --circuit_dir /home/sdasgup3/Github/strata-data/circuits --opcode psrldq_xmm_imm8_232 
Equivalent.
/home/sdasgup3/Github/strata/stoke/bin/specgen compare --circuit_dir /home/sdasgup3/Github/strata-data/circuits --opcode psrldq_xmm_imm8_233 
Equivalent.
/home/sdasgup3/Github/strata/stoke/bin/specgen compare --circuit_dir /home/sdasgup3/Github/strata-data/circuits --opcode psrldq_xmm_imm8_234 
Equivalent.
/home/sdasgup3/Github/strata/stoke/bin/specgen compare --circuit_dir /home/sdasgup3/Github/strata-data/circuits --opcode psrldq_xmm_imm8_235 
Equivalent.
/home/sdasgup3/Github/strata/stoke/bin/specgen compare --circuit_dir /home/sdasgup3/Github/strata-data/circuits --opcode psrldq_xmm_imm8_236 
Equivalent.
/home/sdasgup3/Github/strata/stoke/bin/specgen compare --circuit_dir /home/sdasgup3/Github/strata-data/circuits --opcode psrldq_xmm_imm8_237 
Equivalent.
/home/sdasgup3/Github/strata/stoke/bin/specgen compare --circuit_dir /home/sdasgup3/Github/strata-data/circuits --opcode psrldq_xmm_imm8_238 
Equivalent.
/home/sdasgup3/Github/strata/stoke/bin/specgen compare --circuit_dir /home/sdasgup3/Github/strata-data/circuits --opcode psrldq_xmm_imm8_239 
Equivalent.
/home/sdasgup3/Github/strata/stoke/bin/specgen compare --circuit_dir /home/sdasgup3/Github/strata-data/circuits --opcode psrldq_xmm_imm8_240 
Equivalent.
/home/sdasgup3/Github/strata/stoke/bin/specgen compare --circuit_dir /home/sdasgup3/Github/strata-data/circuits --opcode psrldq_xmm_imm8_241 
Equivalent.
/home/sdasgup3/Github/strata/stoke/bin/specgen compare --circuit_dir /home/sdasgup3/Github/strata-data/circuits --opcode psrldq_xmm_imm8_242 
Circuit for 'psrldq $0xf2, %xmm1' (opcode psrldq_xmm_imm8_242)
  not equivalent for '%xmm1':
    strata:        sub_double(0x0₅₆ ∘ %ymm1[15:8], 0x0₅₆ ∘ %ymm1[15:8]) ∘ sub_double(0x0₅₆ ∘ %ymm1[15:8], 0x0₅₆ ∘ %ymm1[15:8])
    hand-written:  %ymm1[127:0] >> (0x0₁₂₀ ∘ 0x10₈ << 0x3₁₂₈)


/home/sdasgup3/Github/strata/stoke/bin/specgen compare --circuit_dir /home/sdasgup3/Github/strata-data/circuits --opcode psrldq_xmm_imm8_243 
Equivalent.
/home/sdasgup3/Github/strata/stoke/bin/specgen compare --circuit_dir /home/sdasgup3/Github/strata-data/circuits --opcode psrldq_xmm_imm8_244 
Equivalent.
/home/sdasgup3/Github/strata/stoke/bin/specgen compare --circuit_dir /home/sdasgup3/Github/strata-data/circuits --opcode psrldq_xmm_imm8_245 
Equivalent.
/home/sdasgup3/Github/strata/stoke/bin/specgen compare --circuit_dir /home/sdasgup3/Github/strata-data/circuits --opcode psrldq_xmm_imm8_246 
Equivalent.
/home/sdasgup3/Github/strata/stoke/bin/specgen compare --circuit_dir /home/sdasgup3/Github/strata-data/circuits --opcode psrldq_xmm_imm8_247 
Equivalent.
/home/sdasgup3/Github/strata/stoke/bin/specgen compare --circuit_dir /home/sdasgup3/Github/strata-data/circuits --opcode psrldq_xmm_imm8_248 
Equivalent.
/home/sdasgup3/Github/strata/stoke/bin/specgen compare --circuit_dir /home/sdasgup3/Github/strata-data/circuits --opcode psrldq_xmm_imm8_249 
Equivalent.
/home/sdasgup3/Github/strata/stoke/bin/specgen compare --circuit_dir /home/sdasgup3/Github/strata-data/circuits --opcode psrldq_xmm_imm8_250 
Equivalent.
/home/sdasgup3/Github/strata/stoke/bin/specgen compare --circuit_dir /home/sdasgup3/Github/strata-data/circuits --opcode psrldq_xmm_imm8_251 
Equivalent.
/home/sdasgup3/Github/strata/stoke/bin/specgen compare --circuit_dir /home/sdasgup3/Github/strata-data/circuits --opcode psrldq_xmm_imm8_252 
Equivalent.
/home/sdasgup3/Github/strata/stoke/bin/specgen compare --circuit_dir /home/sdasgup3/Github/strata-data/circuits --opcode psrldq_xmm_imm8_253 
Equivalent.
/home/sdasgup3/Github/strata/stoke/bin/specgen compare --circuit_dir /home/sdasgup3/Github/strata-data/circuits --opcode psrldq_xmm_imm8_254 
Equivalent.
/home/sdasgup3/Github/strata/stoke/bin/specgen compare --circuit_dir /home/sdasgup3/Github/strata-data/circuits --opcode psrldq_xmm_imm8_255 
Equivalent.
