[4m[1m[34mFiring 30.[0m
Thread 4 start: psrlq_xmm_imm8_203
timeout 30m  /home/sdasgup3/Github/strata/stoke/./bin/stoke_check_circuit --strata_path /home/sdasgup3/Github/strata-data/circuits --target concrete_instances/immediate-variants/psrlq_xmm_imm8/instructions/psrlq_xmm_imm8_203/psrlq_xmm_imm8_203.s --functions /home/sdasgup3/Github/strata-data/data-regs/functions --testcases /home/sdasgup3/Github/strata-data/data-regs/testcases.tc --def_in "{ %xmm1 }" --live_out "{ %xmm1 }" --maybe_undef_out "{ }" 
Thread 5 start: psrlq_xmm_imm8_229
timeout 30m  /home/sdasgup3/Github/strata/stoke/./bin/stoke_check_circuit --strata_path /home/sdasgup3/Github/strata-data/circuits --target concrete_instances/immediate-variants/psrlq_xmm_imm8/instructions/psrlq_xmm_imm8_229/psrlq_xmm_imm8_229.s --functions /home/sdasgup3/Github/strata-data/data-regs/functions --testcases /home/sdasgup3/Github/strata-data/data-regs/testcases.tc --def_in "{ %xmm1 }" --live_out "{ %xmm1 }" --maybe_undef_out "{ }" 
Thread 1 start: psrlq_xmm_imm8_141
timeout 30m  /home/sdasgup3/Github/strata/stoke/./bin/stoke_check_circuit --strata_path /home/sdasgup3/Github/strata-data/circuits --target concrete_instances/immediate-variants/psrlq_xmm_imm8/instructions/psrlq_xmm_imm8_141/psrlq_xmm_imm8_141.s --functions /home/sdasgup3/Github/strata-data/data-regs/functions --testcases /home/sdasgup3/Github/strata-data/data-regs/testcases.tc --def_in "{ %xmm1 }" --live_out "{ %xmm1 }" --maybe_undef_out "{ }" 
Thread 2 start: psrlq_xmm_imm8_143
timeout 30m  /home/sdasgup3/Github/strata/stoke/./bin/stoke_check_circuit --strata_path /home/sdasgup3/Github/strata-data/circuits --target concrete_instances/immediate-variants/psrlq_xmm_imm8/instructions/psrlq_xmm_imm8_143/psrlq_xmm_imm8_143.s --functions /home/sdasgup3/Github/strata-data/data-regs/functions --testcases /home/sdasgup3/Github/strata-data/data-regs/testcases.tc --def_in "{ %xmm1 }" --live_out "{ %xmm1 }" --maybe_undef_out "{ }" 
Thread 3 start: psrlq_xmm_imm8_185
timeout 30m  /home/sdasgup3/Github/strata/stoke/./bin/stoke_check_circuit --strata_path /home/sdasgup3/Github/strata-data/circuits --target concrete_instances/immediate-variants/psrlq_xmm_imm8/instructions/psrlq_xmm_imm8_185/psrlq_xmm_imm8_185.s --functions /home/sdasgup3/Github/strata-data/data-regs/functions --testcases /home/sdasgup3/Github/strata-data/data-regs/testcases.tc --def_in "{ %xmm1 }" --live_out "{ %xmm1 }" --maybe_undef_out "{ }" 
Thread 6 start: psrlq_xmm_imm8_1
timeout 30m  /home/sdasgup3/Github/strata/stoke/./bin/stoke_check_circuit --strata_path /home/sdasgup3/Github/strata-data/circuits --target concrete_instances/immediate-variants/psrlq_xmm_imm8/instructions/psrlq_xmm_imm8_1/psrlq_xmm_imm8_1.s --functions /home/sdasgup3/Github/strata-data/data-regs/functions --testcases /home/sdasgup3/Github/strata-data/data-regs/testcases.tc --def_in "{ %xmm1 }" --live_out "{ %xmm1 }" --maybe_undef_out "{ }" 
Thread 7 start: psrlq_xmm_imm8_2
timeout 30m  /home/sdasgup3/Github/strata/stoke/./bin/stoke_check_circuit --strata_path /home/sdasgup3/Github/strata-data/circuits --target concrete_instances/immediate-variants/psrlq_xmm_imm8/instructions/psrlq_xmm_imm8_2/psrlq_xmm_imm8_2.s --functions /home/sdasgup3/Github/strata-data/data-regs/functions --testcases /home/sdasgup3/Github/strata-data/data-regs/testcases.tc --def_in "{ %xmm1 }" --live_out "{ %xmm1 }" --maybe_undef_out "{ }" 
Thread 8 start: psrlq_xmm_imm8_3
timeout 30m  /home/sdasgup3/Github/strata/stoke/./bin/stoke_check_circuit --strata_path /home/sdasgup3/Github/strata-data/circuits --target concrete_instances/immediate-variants/psrlq_xmm_imm8/instructions/psrlq_xmm_imm8_3/psrlq_xmm_imm8_3.s --functions /home/sdasgup3/Github/strata-data/data-regs/functions --testcases /home/sdasgup3/Github/strata-data/data-regs/testcases.tc --def_in "{ %xmm1 }" --live_out "{ %xmm1 }" --maybe_undef_out "{ }" 
Thread 10 start: psrlq_xmm_imm8_5
timeout 30m  /home/sdasgup3/Github/strata/stoke/./bin/stoke_check_circuit --strata_path /home/sdasgup3/Github/strata-data/circuits --target concrete_instances/immediate-variants/psrlq_xmm_imm8/instructions/psrlq_xmm_imm8_5/psrlq_xmm_imm8_5.s --functions /home/sdasgup3/Github/strata-data/data-regs/functions --testcases /home/sdasgup3/Github/strata-data/data-regs/testcases.tc --def_in "{ %xmm1 }" --live_out "{ %xmm1 }" --maybe_undef_out "{ }" 
Thread 9 start: psrlq_xmm_imm8_4
timeout 30m  /home/sdasgup3/Github/strata/stoke/./bin/stoke_check_circuit --strata_path /home/sdasgup3/Github/strata-data/circuits --target concrete_instances/immediate-variants/psrlq_xmm_imm8/instructions/psrlq_xmm_imm8_4/psrlq_xmm_imm8_4.s --functions /home/sdasgup3/Github/strata-data/data-regs/functions --testcases /home/sdasgup3/Github/strata-data/data-regs/testcases.tc --def_in "{ %xmm1 }" --live_out "{ %xmm1 }" --maybe_undef_out "{ }" 
Thread 11 start: psrlq_xmm_imm8_6
timeout 30m  /home/sdasgup3/Github/strata/stoke/./bin/stoke_check_circuit --strata_path /home/sdasgup3/Github/strata-data/circuits --target concrete_instances/immediate-variants/psrlq_xmm_imm8/instructions/psrlq_xmm_imm8_6/psrlq_xmm_imm8_6.s --functions /home/sdasgup3/Github/strata-data/data-regs/functions --testcases /home/sdasgup3/Github/strata-data/data-regs/testcases.tc --def_in "{ %xmm1 }" --live_out "{ %xmm1 }" --maybe_undef_out "{ }" 
Thread 12 start: psrlq_xmm_imm8_7
timeout 30m  /home/sdasgup3/Github/strata/stoke/./bin/stoke_check_circuit --strata_path /home/sdasgup3/Github/strata-data/circuits --target concrete_instances/immediate-variants/psrlq_xmm_imm8/instructions/psrlq_xmm_imm8_7/psrlq_xmm_imm8_7.s --functions /home/sdasgup3/Github/strata-data/data-regs/functions --testcases /home/sdasgup3/Github/strata-data/data-regs/testcases.tc --def_in "{ %xmm1 }" --live_out "{ %xmm1 }" --maybe_undef_out "{ }" 
Thread 13 start: psrlq_xmm_imm8_8
timeout 30m  /home/sdasgup3/Github/strata/stoke/./bin/stoke_check_circuit --strata_path /home/sdasgup3/Github/strata-data/circuits --target concrete_instances/immediate-variants/psrlq_xmm_imm8/instructions/psrlq_xmm_imm8_8/psrlq_xmm_imm8_8.s --functions /home/sdasgup3/Github/strata-data/data-regs/functions --testcases /home/sdasgup3/Github/strata-data/data-regs/testcases.tc --def_in "{ %xmm1 }" --live_out "{ %xmm1 }" --maybe_undef_out "{ }" 
Thread 14 start: psrlq_xmm_imm8_9
timeout 30m  /home/sdasgup3/Github/strata/stoke/./bin/stoke_check_circuit --strata_path /home/sdasgup3/Github/strata-data/circuits --target concrete_instances/immediate-variants/psrlq_xmm_imm8/instructions/psrlq_xmm_imm8_9/psrlq_xmm_imm8_9.s --functions /home/sdasgup3/Github/strata-data/data-regs/functions --testcases /home/sdasgup3/Github/strata-data/data-regs/testcases.tc --def_in "{ %xmm1 }" --live_out "{ %xmm1 }" --maybe_undef_out "{ }" 
Thread 15 start: psrlq_xmm_imm8_10
timeout 30m  /home/sdasgup3/Github/strata/stoke/./bin/stoke_check_circuit --strata_path /home/sdasgup3/Github/strata-data/circuits --target concrete_instances/immediate-variants/psrlq_xmm_imm8/instructions/psrlq_xmm_imm8_10/psrlq_xmm_imm8_10.s --functions /home/sdasgup3/Github/strata-data/data-regs/functions --testcases /home/sdasgup3/Github/strata-data/data-regs/testcases.tc --def_in "{ %xmm1 }" --live_out "{ %xmm1 }" --maybe_undef_out "{ }" 
Thread 16 start: psrlq_xmm_imm8_11
timeout 30m  /home/sdasgup3/Github/strata/stoke/./bin/stoke_check_circuit --strata_path /home/sdasgup3/Github/strata-data/circuits --target concrete_instances/immediate-variants/psrlq_xmm_imm8/instructions/psrlq_xmm_imm8_11/psrlq_xmm_imm8_11.s --functions /home/sdasgup3/Github/strata-data/data-regs/functions --testcases /home/sdasgup3/Github/strata-data/data-regs/testcases.tc --def_in "{ %xmm1 }" --live_out "{ %xmm1 }" --maybe_undef_out "{ }" 
Thread 19 start: psrlq_xmm_imm8_14
timeout 30m  /home/sdasgup3/Github/strata/stoke/./bin/stoke_check_circuit --strata_path /home/sdasgup3/Github/strata-data/circuits --target concrete_instances/immediate-variants/psrlq_xmm_imm8/instructions/psrlq_xmm_imm8_14/psrlq_xmm_imm8_14.s --functions /home/sdasgup3/Github/strata-data/data-regs/functions --testcases /home/sdasgup3/Github/strata-data/data-regs/testcases.tc --def_in "{ %xmm1 }" --live_out "{ %xmm1 }" --maybe_undef_out "{ }" 
Thread 20 start: psrlq_xmm_imm8_15
timeout 30m  /home/sdasgup3/Github/strata/stoke/./bin/stoke_check_circuit --strata_path /home/sdasgup3/Github/strata-data/circuits --target concrete_instances/immediate-variants/psrlq_xmm_imm8/instructions/psrlq_xmm_imm8_15/psrlq_xmm_imm8_15.s --functions /home/sdasgup3/Github/strata-data/data-regs/functions --testcases /home/sdasgup3/Github/strata-data/data-regs/testcases.tc --def_in "{ %xmm1 }" --live_out "{ %xmm1 }" --maybe_undef_out "{ }" 
Thread 18 start: psrlq_xmm_imm8_13
timeout 30m  /home/sdasgup3/Github/strata/stoke/./bin/stoke_check_circuit --strata_path /home/sdasgup3/Github/strata-data/circuits --target concrete_instances/immediate-variants/psrlq_xmm_imm8/instructions/psrlq_xmm_imm8_13/psrlq_xmm_imm8_13.s --functions /home/sdasgup3/Github/strata-data/data-regs/functions --testcases /home/sdasgup3/Github/strata-data/data-regs/testcases.tc --def_in "{ %xmm1 }" --live_out "{ %xmm1 }" --maybe_undef_out "{ }" 
Thread 22 start: psrlq_xmm_imm8_17
timeout 30m  /home/sdasgup3/Github/strata/stoke/./bin/stoke_check_circuit --strata_path /home/sdasgup3/Github/strata-data/circuits --target concrete_instances/immediate-variants/psrlq_xmm_imm8/instructions/psrlq_xmm_imm8_17/psrlq_xmm_imm8_17.s --functions /home/sdasgup3/Github/strata-data/data-regs/functions --testcases /home/sdasgup3/Github/strata-data/data-regs/testcases.tc --def_in "{ %xmm1 }" --live_out "{ %xmm1 }" --maybe_undef_out "{ }" 
Thread 24 start: psrlq_xmm_imm8_19
timeout 30m  /home/sdasgup3/Github/strata/stoke/./bin/stoke_check_circuit --strata_path /home/sdasgup3/Github/strata-data/circuits --target concrete_instances/immediate-variants/psrlq_xmm_imm8/instructions/psrlq_xmm_imm8_19/psrlq_xmm_imm8_19.s --functions /home/sdasgup3/Github/strata-data/data-regs/functions --testcases /home/sdasgup3/Github/strata-data/data-regs/testcases.tc --def_in "{ %xmm1 }" --live_out "{ %xmm1 }" --maybe_undef_out "{ }" 
Thread 25 start: psrlq_xmm_imm8_20
timeout 30m  /home/sdasgup3/Github/strata/stoke/./bin/stoke_check_circuit --strata_path /home/sdasgup3/Github/strata-data/circuits --target concrete_instances/immediate-variants/psrlq_xmm_imm8/instructions/psrlq_xmm_imm8_20/psrlq_xmm_imm8_20.s --functions /home/sdasgup3/Github/strata-data/data-regs/functions --testcases /home/sdasgup3/Github/strata-data/data-regs/testcases.tc --def_in "{ %xmm1 }" --live_out "{ %xmm1 }" --maybe_undef_out "{ }" 
Thread 23 start: psrlq_xmm_imm8_18
timeout 30m  /home/sdasgup3/Github/strata/stoke/./bin/stoke_check_circuit --strata_path /home/sdasgup3/Github/strata-data/circuits --target concrete_instances/immediate-variants/psrlq_xmm_imm8/instructions/psrlq_xmm_imm8_18/psrlq_xmm_imm8_18.s --functions /home/sdasgup3/Github/strata-data/data-regs/functions --testcases /home/sdasgup3/Github/strata-data/data-regs/testcases.tc --def_in "{ %xmm1 }" --live_out "{ %xmm1 }" --maybe_undef_out "{ }" 
Thread 26 start: psrlq_xmm_imm8_21
timeout 30m  /home/sdasgup3/Github/strata/stoke/./bin/stoke_check_circuit --strata_path /home/sdasgup3/Github/strata-data/circuits --target concrete_instances/immediate-variants/psrlq_xmm_imm8/instructions/psrlq_xmm_imm8_21/psrlq_xmm_imm8_21.s --functions /home/sdasgup3/Github/strata-data/data-regs/functions --testcases /home/sdasgup3/Github/strata-data/data-regs/testcases.tc --def_in "{ %xmm1 }" --live_out "{ %xmm1 }" --maybe_undef_out "{ }" 
Thread 28 start: psrlq_xmm_imm8_23
timeout 30m  /home/sdasgup3/Github/strata/stoke/./bin/stoke_check_circuit --strata_path /home/sdasgup3/Github/strata-data/circuits --target concrete_instances/immediate-variants/psrlq_xmm_imm8/instructions/psrlq_xmm_imm8_23/psrlq_xmm_imm8_23.s --functions /home/sdasgup3/Github/strata-data/data-regs/functions --testcases /home/sdasgup3/Github/strata-data/data-regs/testcases.tc --def_in "{ %xmm1 }" --live_out "{ %xmm1 }" --maybe_undef_out "{ }" 
Thread 27 start: psrlq_xmm_imm8_22
timeout 30m  /home/sdasgup3/Github/strata/stoke/./bin/stoke_check_circuit --strata_path /home/sdasgup3/Github/strata-data/circuits --target concrete_instances/immediate-variants/psrlq_xmm_imm8/instructions/psrlq_xmm_imm8_22/psrlq_xmm_imm8_22.s --functions /home/sdasgup3/Github/strata-data/data-regs/functions --testcases /home/sdasgup3/Github/strata-data/data-regs/testcases.tc --def_in "{ %xmm1 }" --live_out "{ %xmm1 }" --maybe_undef_out "{ }" 
Thread 29 start: psrlq_xmm_imm8_24
timeout 30m  /home/sdasgup3/Github/strata/stoke/./bin/stoke_check_circuit --strata_path /home/sdasgup3/Github/strata-data/circuits --target concrete_instances/immediate-variants/psrlq_xmm_imm8/instructions/psrlq_xmm_imm8_24/psrlq_xmm_imm8_24.s --functions /home/sdasgup3/Github/strata-data/data-regs/functions --testcases /home/sdasgup3/Github/strata-data/data-regs/testcases.tc --def_in "{ %xmm1 }" --live_out "{ %xmm1 }" --maybe_undef_out "{ }" 
Thread 30 start: psrlq_xmm_imm8_25
timeout 30m  /home/sdasgup3/Github/strata/stoke/./bin/stoke_check_circuit --strata_path /home/sdasgup3/Github/strata-data/circuits --target concrete_instances/immediate-variants/psrlq_xmm_imm8/instructions/psrlq_xmm_imm8_25/psrlq_xmm_imm8_25.s --functions /home/sdasgup3/Github/strata-data/data-regs/functions --testcases /home/sdasgup3/Github/strata-data/data-regs/testcases.tc --def_in "{ %xmm1 }" --live_out "{ %xmm1 }" --maybe_undef_out "{ }" 
Thread 17 start: psrlq_xmm_imm8_12
timeout 30m  /home/sdasgup3/Github/strata/stoke/./bin/stoke_check_circuit --strata_path /home/sdasgup3/Github/strata-data/circuits --target concrete_instances/immediate-variants/psrlq_xmm_imm8/instructions/psrlq_xmm_imm8_12/psrlq_xmm_imm8_12.s --functions /home/sdasgup3/Github/strata-data/data-regs/functions --testcases /home/sdasgup3/Github/strata-data/data-regs/testcases.tc --def_in "{ %xmm1 }" --live_out "{ %xmm1 }" --maybe_undef_out "{ }" 
Thread 21 start: psrlq_xmm_imm8_16
timeout 30m  /home/sdasgup3/Github/strata/stoke/./bin/stoke_check_circuit --strata_path /home/sdasgup3/Github/strata-data/circuits --target concrete_instances/immediate-variants/psrlq_xmm_imm8/instructions/psrlq_xmm_imm8_16/psrlq_xmm_imm8_16.s --functions /home/sdasgup3/Github/strata-data/data-regs/functions --testcases /home/sdasgup3/Github/strata-data/data-regs/testcases.tc --def_in "{ %xmm1 }" --live_out "{ %xmm1 }" --maybe_undef_out "{ }" 
Reading the Testsuit
Preparing Sandbox
Run 6630 tests
Collect Results
Check Equivalence
Completed 1000cases
Reading the Testsuit
Preparing Sandbox
Run 6630 tests
Collect Results
Check Equivalence
Completed 1000cases
Reading the Testsuit
Preparing Sandbox
Run 6630 tests
Collect Results
Check Equivalence
Completed 1000cases
Reading the Testsuit
Preparing Sandbox
Run 6630 tests
Collect Results
Check Equivalence
Completed 1000cases
Reading the Testsuit
Preparing Sandbox
Run 6630 tests
Collect Results
Check Equivalence
Completed 1000cases
Reading the Testsuit
Preparing Sandbox
Run 6630 tests
Collect Results
Check Equivalence
Completed 1000cases
Reading the Testsuit
Preparing Sandbox
Run 6630 tests
Collect Results
Check Equivalence
Completed 1000cases
Reading the Testsuit
Preparing Sandbox
Run 6630 tests
Collect Results
Check Equivalence
Completed 1000cases
Reading the Testsuit
Preparing Sandbox
Run 6630 tests
Collect Results
Check Equivalence
Completed 1000cases
Reading the Testsuit
Preparing Sandbox
Run 6630 tests
Collect Results
Check Equivalence
Completed 1000cases
Reading the Testsuit
Preparing Sandbox
Run 6630 tests
Collect Results
Check Equivalence
Completed 1000cases
Reading the Testsuit
Preparing Sandbox
Run 6630 tests
Collect Results
Check Equivalence
Completed 1000cases
Reading the Testsuit
Preparing Sandbox
Run 6630 tests
Collect Results
Check Equivalence
Completed 1000cases
Reading the Testsuit
Preparing Sandbox
Run 6630 tests
Collect Results
Check Equivalence
Completed 1000cases
Reading the Testsuit
Preparing Sandbox
Run 6630 tests
Collect Results
Check Equivalence
Completed 1000cases
Reading the Testsuit
Preparing Sandbox
Run 6630 tests
Collect Results
Check Equivalence
Completed 1000cases
Reading the Testsuit
Preparing Sandbox
Run 6630 tests
Collect Results
Check Equivalence
Completed 1000cases
Reading the Testsuit
Preparing Sandbox
Run 6630 tests
Collect Results
Check Equivalence
Completed 1000cases
Reading the Testsuit
Preparing Sandbox
Run 6630 tests
Collect Results
Check Equivalence
Completed 1000cases
Reading the Testsuit
Preparing Sandbox
Run 6630 tests
Collect Results
Check Equivalence
Completed 1000cases
Reading the Testsuit
Preparing Sandbox
Run 6630 tests
Collect Results
Check Equivalence
Completed 1000cases
Reading the Testsuit
Preparing Sandbox
Run 6630 tests
Collect Results
Check Equivalence
Completed 1000cases
Reading the Testsuit
Preparing Sandbox
Run 6630 tests
Collect Results
Check Equivalence
Completed 1000cases
Reading the Testsuit
Preparing Sandbox
Run 6630 tests
Collect Results
Check Equivalence
Completed 1000cases
Reading the Testsuit
Preparing Sandbox
Run 6630 tests
Collect Results
Check Equivalence
Completed 1000cases
Reading the Testsuit
Preparing Sandbox
Run 6630 tests
Collect Results
Check Equivalence
Completed 1000cases
Reading the Testsuit
Preparing Sandbox
Run 6630 tests
Collect Results
Check Equivalence
Completed 1000cases
Reading the Testsuit
Preparing Sandbox
Run 6630 tests
Collect Results
Check Equivalence
Completed 1000cases
Reading the Testsuit
Preparing Sandbox
Run 6630 tests
Collect Results
Check Equivalence
Completed 1000cases
Reading the Testsuit
Preparing Sandbox
Run 6630 tests
Collect Results
Check Equivalence
Completed 1000cases
Completed 2000cases
Completed 2000cases
Completed 2000cases
Completed 2000cases
Completed 2000cases
Completed 2000cases
Completed 2000cases
Completed 2000cases
Completed 2000cases
Completed 2000cases
Completed 2000cases
Completed 3000cases
Completed 2000cases
Completed 2000cases
Completed 2000cases
Completed 2000cases
Completed 2000cases
Completed 2000cases
Completed 2000cases
Completed 2000cases
Completed 2000cases
Completed 2000cases
Completed 2000cases
Completed 2000cases
Completed 2000cases
Completed 2000cases
Completed 2000cases
Completed 2000cases
Completed 2000cases
Completed 2000cases
Completed 2000cases
Completed 3000cases
Completed 3000cases
Completed 3000cases
Completed 3000cases
Completed 3000cases
Completed 3000cases
Completed 3000cases
Completed 3000cases
Completed 3000cases
Completed 3000cases
Completed 3000cases
Completed 3000cases
Completed 3000cases
Completed 4000cases
Completed 3000cases
Completed 3000cases
Completed 3000cases
Completed 3000cases
Completed 3000cases
Completed 3000cases
Completed 3000cases
Completed 3000cases
Completed 3000cases
Completed 3000cases
Completed 3000cases
Completed 3000cases
Completed 3000cases
Completed 3000cases
Completed 3000cases
Completed 3000cases
Completed 4000cases
Completed 4000cases
Completed 4000cases
Completed 4000cases
Completed 4000cases
Completed 4000cases
Completed 4000cases
Completed 4000cases
Completed 4000cases
Completed 4000cases
Completed 4000cases
Completed 4000cases
Completed 4000cases
Completed 4000cases
Completed 4000cases
Completed 4000cases
Completed 4000cases
Completed 5000cases
Completed 4000cases
Completed 4000cases
Completed 4000cases
Completed 4000cases
Completed 4000cases
Completed 4000cases
Completed 4000cases
Completed 4000cases
Completed 4000cases
Completed 4000cases
Completed 4000cases
Completed 4000cases
Completed 5000cases
Completed 5000cases
Completed 5000cases
Completed 5000cases
Completed 5000cases
Completed 5000cases
Completed 5000cases
Completed 5000cases
Completed 5000cases
Completed 5000cases
Completed 5000cases
Completed 5000cases
Completed 5000cases
Completed 5000cases
Completed 5000cases
Completed 6000cases
Completed 5000cases
Completed 5000cases
Completed 5000cases
Completed 5000cases
Completed 5000cases
Completed 5000cases
Completed 5000cases
Completed 5000cases
Completed 5000cases
Completed 5000cases
Completed 5000cases
Completed 5000cases
Completed 5000cases
Completed 5000cases
Completed 6000cases
Completed 6000cases
Execution time psrlq_xmm_imm8_23: 59 s
Thread 28 done!: psrlq_xmm_imm8_23
Completed 6000cases
Completed 6000cases
Completed 6000cases
Completed 6000cases
Completed 6000cases
Completed 6000cases
Completed 6000cases
Completed 6000cases
Completed 6000cases
Completed 6000cases
Completed 6000cases
Completed 6000cases
Completed 6000cases
Completed 6000cases
Completed 6000cases
Completed 6000cases
Completed 6000cases
Completed 6000cases
Completed 6000cases
Completed 6000cases
Completed 6000cases
Completed 6000cases
Completed 6000cases
Completed 6000cases
Completed 6000cases
Completed 6000cases
Execution time psrlq_xmm_imm8_185: 65 s
Thread 3 done!: psrlq_xmm_imm8_185
Completed 6000cases
Execution time psrlq_xmm_imm8_7: 65 s
Thread 12 done!: psrlq_xmm_imm8_7
Execution time psrlq_xmm_imm8_4: 66 s
Thread 9 done!: psrlq_xmm_imm8_4
Execution time psrlq_xmm_imm8_2: 66 s
Thread 7 done!: psrlq_xmm_imm8_2
Execution time psrlq_xmm_imm8_19: 66 s
Thread 24 done!: psrlq_xmm_imm8_19
Execution time psrlq_xmm_imm8_11: 66 s
Thread 16 done!: psrlq_xmm_imm8_11
Execution time psrlq_xmm_imm8_10: 67 s
Thread 15 done!: psrlq_xmm_imm8_10
Execution time psrlq_xmm_imm8_21: 67 s
Thread 26 done!: psrlq_xmm_imm8_21
Execution time psrlq_xmm_imm8_24: 67 s
Thread 29 done!: psrlq_xmm_imm8_24
Execution time psrlq_xmm_imm8_143: 67 s
Thread 2 done!: psrlq_xmm_imm8_143
Execution time psrlq_xmm_imm8_12: 67 s
Thread 17 done!: psrlq_xmm_imm8_12
Execution time psrlq_xmm_imm8_203: 67 s
Thread 4 done!: psrlq_xmm_imm8_203
Execution time psrlq_xmm_imm8_229: 67 s
Thread 5 done!: psrlq_xmm_imm8_229
Execution time psrlq_xmm_imm8_13: 67 s
Thread 18 done!: psrlq_xmm_imm8_13
Execution time psrlq_xmm_imm8_8: 67 s
Thread 13 done!: psrlq_xmm_imm8_8
Execution time psrlq_xmm_imm8_1: 67 s
Thread 6 done!: psrlq_xmm_imm8_1
Execution time psrlq_xmm_imm8_141: 67 s
Thread 1 done!: psrlq_xmm_imm8_141
Execution time psrlq_xmm_imm8_3: 68 s
Thread 8 done!: psrlq_xmm_imm8_3
Execution time psrlq_xmm_imm8_15: 68 s
Thread 20 done!: psrlq_xmm_imm8_15
Execution time psrlq_xmm_imm8_6: 68 s
Thread 11 done!: psrlq_xmm_imm8_6
Execution time psrlq_xmm_imm8_22: 68 s
Thread 27 done!: psrlq_xmm_imm8_22
Execution time psrlq_xmm_imm8_9: 68 s
Thread 14 done!: psrlq_xmm_imm8_9
Execution time psrlq_xmm_imm8_17: 68 s
Thread 22 done!: psrlq_xmm_imm8_17
Execution time psrlq_xmm_imm8_16: 69 s
Thread 21 done!: psrlq_xmm_imm8_16
Execution time psrlq_xmm_imm8_25: 69 s
Thread 30 done!: psrlq_xmm_imm8_25
Execution time psrlq_xmm_imm8_5: 69 s
Thread 10 done!: psrlq_xmm_imm8_5
Execution time psrlq_xmm_imm8_18: 69 s
Thread 23 done!: psrlq_xmm_imm8_18
Execution time psrlq_xmm_imm8_14: 69 s
Thread 19 done!: psrlq_xmm_imm8_14
Execution time psrlq_xmm_imm8_20: 70 s
Thread 25 done!: psrlq_xmm_imm8_20
[4m[1m[34mFiring 30.[0m
Thread 31 start: psrlq_xmm_imm8_26
timeout 30m  /home/sdasgup3/Github/strata/stoke/./bin/stoke_check_circuit --strata_path /home/sdasgup3/Github/strata-data/circuits --target concrete_instances/immediate-variants/psrlq_xmm_imm8/instructions/psrlq_xmm_imm8_26/psrlq_xmm_imm8_26.s --functions /home/sdasgup3/Github/strata-data/data-regs/functions --testcases /home/sdasgup3/Github/strata-data/data-regs/testcases.tc --def_in "{ %xmm1 }" --live_out "{ %xmm1 }" --maybe_undef_out "{ }" 
Thread 32 start: psrlq_xmm_imm8_27
timeout 30m  /home/sdasgup3/Github/strata/stoke/./bin/stoke_check_circuit --strata_path /home/sdasgup3/Github/strata-data/circuits --target concrete_instances/immediate-variants/psrlq_xmm_imm8/instructions/psrlq_xmm_imm8_27/psrlq_xmm_imm8_27.s --functions /home/sdasgup3/Github/strata-data/data-regs/functions --testcases /home/sdasgup3/Github/strata-data/data-regs/testcases.tc --def_in "{ %xmm1 }" --live_out "{ %xmm1 }" --maybe_undef_out "{ }" 
Thread 33 start: psrlq_xmm_imm8_28
timeout 30m  /home/sdasgup3/Github/strata/stoke/./bin/stoke_check_circuit --strata_path /home/sdasgup3/Github/strata-data/circuits --target concrete_instances/immediate-variants/psrlq_xmm_imm8/instructions/psrlq_xmm_imm8_28/psrlq_xmm_imm8_28.s --functions /home/sdasgup3/Github/strata-data/data-regs/functions --testcases /home/sdasgup3/Github/strata-data/data-regs/testcases.tc --def_in "{ %xmm1 }" --live_out "{ %xmm1 }" --maybe_undef_out "{ }" 
Thread 34 start: psrlq_xmm_imm8_29
timeout 30m  /home/sdasgup3/Github/strata/stoke/./bin/stoke_check_circuit --strata_path /home/sdasgup3/Github/strata-data/circuits --target concrete_instances/immediate-variants/psrlq_xmm_imm8/instructions/psrlq_xmm_imm8_29/psrlq_xmm_imm8_29.s --functions /home/sdasgup3/Github/strata-data/data-regs/functions --testcases /home/sdasgup3/Github/strata-data/data-regs/testcases.tc --def_in "{ %xmm1 }" --live_out "{ %xmm1 }" --maybe_undef_out "{ }" 
Thread 35 start: psrlq_xmm_imm8_30
timeout 30m  /home/sdasgup3/Github/strata/stoke/./bin/stoke_check_circuit --strata_path /home/sdasgup3/Github/strata-data/circuits --target concrete_instances/immediate-variants/psrlq_xmm_imm8/instructions/psrlq_xmm_imm8_30/psrlq_xmm_imm8_30.s --functions /home/sdasgup3/Github/strata-data/data-regs/functions --testcases /home/sdasgup3/Github/strata-data/data-regs/testcases.tc --def_in "{ %xmm1 }" --live_out "{ %xmm1 }" --maybe_undef_out "{ }" 
Thread 36 start: psrlq_xmm_imm8_31
timeout 30m  /home/sdasgup3/Github/strata/stoke/./bin/stoke_check_circuit --strata_path /home/sdasgup3/Github/strata-data/circuits --target concrete_instances/immediate-variants/psrlq_xmm_imm8/instructions/psrlq_xmm_imm8_31/psrlq_xmm_imm8_31.s --functions /home/sdasgup3/Github/strata-data/data-regs/functions --testcases /home/sdasgup3/Github/strata-data/data-regs/testcases.tc --def_in "{ %xmm1 }" --live_out "{ %xmm1 }" --maybe_undef_out "{ }" 
Thread 37 start: psrlq_xmm_imm8_33
timeout 30m  /home/sdasgup3/Github/strata/stoke/./bin/stoke_check_circuit --strata_path /home/sdasgup3/Github/strata-data/circuits --target concrete_instances/immediate-variants/psrlq_xmm_imm8/instructions/psrlq_xmm_imm8_33/psrlq_xmm_imm8_33.s --functions /home/sdasgup3/Github/strata-data/data-regs/functions --testcases /home/sdasgup3/Github/strata-data/data-regs/testcases.tc --def_in "{ %xmm1 }" --live_out "{ %xmm1 }" --maybe_undef_out "{ }" 
Thread 38 start: psrlq_xmm_imm8_34
timeout 30m  /home/sdasgup3/Github/strata/stoke/./bin/stoke_check_circuit --strata_path /home/sdasgup3/Github/strata-data/circuits --target concrete_instances/immediate-variants/psrlq_xmm_imm8/instructions/psrlq_xmm_imm8_34/psrlq_xmm_imm8_34.s --functions /home/sdasgup3/Github/strata-data/data-regs/functions --testcases /home/sdasgup3/Github/strata-data/data-regs/testcases.tc --def_in "{ %xmm1 }" --live_out "{ %xmm1 }" --maybe_undef_out "{ }" 
Thread 39 start: psrlq_xmm_imm8_35
timeout 30m  /home/sdasgup3/Github/strata/stoke/./bin/stoke_check_circuit --strata_path /home/sdasgup3/Github/strata-data/circuits --target concrete_instances/immediate-variants/psrlq_xmm_imm8/instructions/psrlq_xmm_imm8_35/psrlq_xmm_imm8_35.s --functions /home/sdasgup3/Github/strata-data/data-regs/functions --testcases /home/sdasgup3/Github/strata-data/data-regs/testcases.tc --def_in "{ %xmm1 }" --live_out "{ %xmm1 }" --maybe_undef_out "{ }" 
Thread 40 start: psrlq_xmm_imm8_36
timeout 30m  /home/sdasgup3/Github/strata/stoke/./bin/stoke_check_circuit --strata_path /home/sdasgup3/Github/strata-data/circuits --target concrete_instances/immediate-variants/psrlq_xmm_imm8/instructions/psrlq_xmm_imm8_36/psrlq_xmm_imm8_36.s --functions /home/sdasgup3/Github/strata-data/data-regs/functions --testcases /home/sdasgup3/Github/strata-data/data-regs/testcases.tc --def_in "{ %xmm1 }" --live_out "{ %xmm1 }" --maybe_undef_out "{ }" 
Thread 41 start: psrlq_xmm_imm8_37
timeout 30m  /home/sdasgup3/Github/strata/stoke/./bin/stoke_check_circuit --strata_path /home/sdasgup3/Github/strata-data/circuits --target concrete_instances/immediate-variants/psrlq_xmm_imm8/instructions/psrlq_xmm_imm8_37/psrlq_xmm_imm8_37.s --functions /home/sdasgup3/Github/strata-data/data-regs/functions --testcases /home/sdasgup3/Github/strata-data/data-regs/testcases.tc --def_in "{ %xmm1 }" --live_out "{ %xmm1 }" --maybe_undef_out "{ }" 
Thread 42 start: psrlq_xmm_imm8_38
timeout 30m  /home/sdasgup3/Github/strata/stoke/./bin/stoke_check_circuit --strata_path /home/sdasgup3/Github/strata-data/circuits --target concrete_instances/immediate-variants/psrlq_xmm_imm8/instructions/psrlq_xmm_imm8_38/psrlq_xmm_imm8_38.s --functions /home/sdasgup3/Github/strata-data/data-regs/functions --testcases /home/sdasgup3/Github/strata-data/data-regs/testcases.tc --def_in "{ %xmm1 }" --live_out "{ %xmm1 }" --maybe_undef_out "{ }" 
Thread 43 start: psrlq_xmm_imm8_39
timeout 30m  /home/sdasgup3/Github/strata/stoke/./bin/stoke_check_circuit --strata_path /home/sdasgup3/Github/strata-data/circuits --target concrete_instances/immediate-variants/psrlq_xmm_imm8/instructions/psrlq_xmm_imm8_39/psrlq_xmm_imm8_39.s --functions /home/sdasgup3/Github/strata-data/data-regs/functions --testcases /home/sdasgup3/Github/strata-data/data-regs/testcases.tc --def_in "{ %xmm1 }" --live_out "{ %xmm1 }" --maybe_undef_out "{ }" 
Thread 45 start: psrlq_xmm_imm8_41
timeout 30m  /home/sdasgup3/Github/strata/stoke/./bin/stoke_check_circuit --strata_path /home/sdasgup3/Github/strata-data/circuits --target concrete_instances/immediate-variants/psrlq_xmm_imm8/instructions/psrlq_xmm_imm8_41/psrlq_xmm_imm8_41.s --functions /home/sdasgup3/Github/strata-data/data-regs/functions --testcases /home/sdasgup3/Github/strata-data/data-regs/testcases.tc --def_in "{ %xmm1 }" --live_out "{ %xmm1 }" --maybe_undef_out "{ }" 
Thread 44 start: psrlq_xmm_imm8_40
timeout 30m  /home/sdasgup3/Github/strata/stoke/./bin/stoke_check_circuit --strata_path /home/sdasgup3/Github/strata-data/circuits --target concrete_instances/immediate-variants/psrlq_xmm_imm8/instructions/psrlq_xmm_imm8_40/psrlq_xmm_imm8_40.s --functions /home/sdasgup3/Github/strata-data/data-regs/functions --testcases /home/sdasgup3/Github/strata-data/data-regs/testcases.tc --def_in "{ %xmm1 }" --live_out "{ %xmm1 }" --maybe_undef_out "{ }" 
Thread 47 start: psrlq_xmm_imm8_43
timeout 30m  /home/sdasgup3/Github/strata/stoke/./bin/stoke_check_circuit --strata_path /home/sdasgup3/Github/strata-data/circuits --target concrete_instances/immediate-variants/psrlq_xmm_imm8/instructions/psrlq_xmm_imm8_43/psrlq_xmm_imm8_43.s --functions /home/sdasgup3/Github/strata-data/data-regs/functions --testcases /home/sdasgup3/Github/strata-data/data-regs/testcases.tc --def_in "{ %xmm1 }" --live_out "{ %xmm1 }" --maybe_undef_out "{ }" 
Thread 46 start: psrlq_xmm_imm8_42
timeout 30m  /home/sdasgup3/Github/strata/stoke/./bin/stoke_check_circuit --strata_path /home/sdasgup3/Github/strata-data/circuits --target concrete_instances/immediate-variants/psrlq_xmm_imm8/instructions/psrlq_xmm_imm8_42/psrlq_xmm_imm8_42.s --functions /home/sdasgup3/Github/strata-data/data-regs/functions --testcases /home/sdasgup3/Github/strata-data/data-regs/testcases.tc --def_in "{ %xmm1 }" --live_out "{ %xmm1 }" --maybe_undef_out "{ }" 
Thread 48 start: psrlq_xmm_imm8_44
timeout 30m  /home/sdasgup3/Github/strata/stoke/./bin/stoke_check_circuit --strata_path /home/sdasgup3/Github/strata-data/circuits --target concrete_instances/immediate-variants/psrlq_xmm_imm8/instructions/psrlq_xmm_imm8_44/psrlq_xmm_imm8_44.s --functions /home/sdasgup3/Github/strata-data/data-regs/functions --testcases /home/sdasgup3/Github/strata-data/data-regs/testcases.tc --def_in "{ %xmm1 }" --live_out "{ %xmm1 }" --maybe_undef_out "{ }" 
Thread 49 start: psrlq_xmm_imm8_45
timeout 30m  /home/sdasgup3/Github/strata/stoke/./bin/stoke_check_circuit --strata_path /home/sdasgup3/Github/strata-data/circuits --target concrete_instances/immediate-variants/psrlq_xmm_imm8/instructions/psrlq_xmm_imm8_45/psrlq_xmm_imm8_45.s --functions /home/sdasgup3/Github/strata-data/data-regs/functions --testcases /home/sdasgup3/Github/strata-data/data-regs/testcases.tc --def_in "{ %xmm1 }" --live_out "{ %xmm1 }" --maybe_undef_out "{ }" 
Thread 50 start: psrlq_xmm_imm8_46
timeout 30m  /home/sdasgup3/Github/strata/stoke/./bin/stoke_check_circuit --strata_path /home/sdasgup3/Github/strata-data/circuits --target concrete_instances/immediate-variants/psrlq_xmm_imm8/instructions/psrlq_xmm_imm8_46/psrlq_xmm_imm8_46.s --functions /home/sdasgup3/Github/strata-data/data-regs/functions --testcases /home/sdasgup3/Github/strata-data/data-regs/testcases.tc --def_in "{ %xmm1 }" --live_out "{ %xmm1 }" --maybe_undef_out "{ }" 
Thread 51 start: psrlq_xmm_imm8_47
timeout 30m  /home/sdasgup3/Github/strata/stoke/./bin/stoke_check_circuit --strata_path /home/sdasgup3/Github/strata-data/circuits --target concrete_instances/immediate-variants/psrlq_xmm_imm8/instructions/psrlq_xmm_imm8_47/psrlq_xmm_imm8_47.s --functions /home/sdasgup3/Github/strata-data/data-regs/functions --testcases /home/sdasgup3/Github/strata-data/data-regs/testcases.tc --def_in "{ %xmm1 }" --live_out "{ %xmm1 }" --maybe_undef_out "{ }" 
Thread 52 start: psrlq_xmm_imm8_49
timeout 30m  /home/sdasgup3/Github/strata/stoke/./bin/stoke_check_circuit --strata_path /home/sdasgup3/Github/strata-data/circuits --target concrete_instances/immediate-variants/psrlq_xmm_imm8/instructions/psrlq_xmm_imm8_49/psrlq_xmm_imm8_49.s --functions /home/sdasgup3/Github/strata-data/data-regs/functions --testcases /home/sdasgup3/Github/strata-data/data-regs/testcases.tc --def_in "{ %xmm1 }" --live_out "{ %xmm1 }" --maybe_undef_out "{ }" 
Thread 53 start: psrlq_xmm_imm8_50
timeout 30m  /home/sdasgup3/Github/strata/stoke/./bin/stoke_check_circuit --strata_path /home/sdasgup3/Github/strata-data/circuits --target concrete_instances/immediate-variants/psrlq_xmm_imm8/instructions/psrlq_xmm_imm8_50/psrlq_xmm_imm8_50.s --functions /home/sdasgup3/Github/strata-data/data-regs/functions --testcases /home/sdasgup3/Github/strata-data/data-regs/testcases.tc --def_in "{ %xmm1 }" --live_out "{ %xmm1 }" --maybe_undef_out "{ }" 
Thread 54 start: psrlq_xmm_imm8_51
timeout 30m  /home/sdasgup3/Github/strata/stoke/./bin/stoke_check_circuit --strata_path /home/sdasgup3/Github/strata-data/circuits --target concrete_instances/immediate-variants/psrlq_xmm_imm8/instructions/psrlq_xmm_imm8_51/psrlq_xmm_imm8_51.s --functions /home/sdasgup3/Github/strata-data/data-regs/functions --testcases /home/sdasgup3/Github/strata-data/data-regs/testcases.tc --def_in "{ %xmm1 }" --live_out "{ %xmm1 }" --maybe_undef_out "{ }" 
Thread 55 start: psrlq_xmm_imm8_52
timeout 30m  /home/sdasgup3/Github/strata/stoke/./bin/stoke_check_circuit --strata_path /home/sdasgup3/Github/strata-data/circuits --target concrete_instances/immediate-variants/psrlq_xmm_imm8/instructions/psrlq_xmm_imm8_52/psrlq_xmm_imm8_52.s --functions /home/sdasgup3/Github/strata-data/data-regs/functions --testcases /home/sdasgup3/Github/strata-data/data-regs/testcases.tc --def_in "{ %xmm1 }" --live_out "{ %xmm1 }" --maybe_undef_out "{ }" 
Thread 56 start: psrlq_xmm_imm8_53
timeout 30m  /home/sdasgup3/Github/strata/stoke/./bin/stoke_check_circuit --strata_path /home/sdasgup3/Github/strata-data/circuits --target concrete_instances/immediate-variants/psrlq_xmm_imm8/instructions/psrlq_xmm_imm8_53/psrlq_xmm_imm8_53.s --functions /home/sdasgup3/Github/strata-data/data-regs/functions --testcases /home/sdasgup3/Github/strata-data/data-regs/testcases.tc --def_in "{ %xmm1 }" --live_out "{ %xmm1 }" --maybe_undef_out "{ }" 
Thread 57 start: psrlq_xmm_imm8_54
timeout 30m  /home/sdasgup3/Github/strata/stoke/./bin/stoke_check_circuit --strata_path /home/sdasgup3/Github/strata-data/circuits --target concrete_instances/immediate-variants/psrlq_xmm_imm8/instructions/psrlq_xmm_imm8_54/psrlq_xmm_imm8_54.s --functions /home/sdasgup3/Github/strata-data/data-regs/functions --testcases /home/sdasgup3/Github/strata-data/data-regs/testcases.tc --def_in "{ %xmm1 }" --live_out "{ %xmm1 }" --maybe_undef_out "{ }" 
Thread 58 start: psrlq_xmm_imm8_55
timeout 30m  /home/sdasgup3/Github/strata/stoke/./bin/stoke_check_circuit --strata_path /home/sdasgup3/Github/strata-data/circuits --target concrete_instances/immediate-variants/psrlq_xmm_imm8/instructions/psrlq_xmm_imm8_55/psrlq_xmm_imm8_55.s --functions /home/sdasgup3/Github/strata-data/data-regs/functions --testcases /home/sdasgup3/Github/strata-data/data-regs/testcases.tc --def_in "{ %xmm1 }" --live_out "{ %xmm1 }" --maybe_undef_out "{ }" 
Thread 59 start: psrlq_xmm_imm8_57
timeout 30m  /home/sdasgup3/Github/strata/stoke/./bin/stoke_check_circuit --strata_path /home/sdasgup3/Github/strata-data/circuits --target concrete_instances/immediate-variants/psrlq_xmm_imm8/instructions/psrlq_xmm_imm8_57/psrlq_xmm_imm8_57.s --functions /home/sdasgup3/Github/strata-data/data-regs/functions --testcases /home/sdasgup3/Github/strata-data/data-regs/testcases.tc --def_in "{ %xmm1 }" --live_out "{ %xmm1 }" --maybe_undef_out "{ }" 
Thread 60 start: psrlq_xmm_imm8_58
timeout 30m  /home/sdasgup3/Github/strata/stoke/./bin/stoke_check_circuit --strata_path /home/sdasgup3/Github/strata-data/circuits --target concrete_instances/immediate-variants/psrlq_xmm_imm8/instructions/psrlq_xmm_imm8_58/psrlq_xmm_imm8_58.s --functions /home/sdasgup3/Github/strata-data/data-regs/functions --testcases /home/sdasgup3/Github/strata-data/data-regs/testcases.tc --def_in "{ %xmm1 }" --live_out "{ %xmm1 }" --maybe_undef_out "{ }" 
Reading the Testsuit
Preparing Sandbox
Run 6630 tests
Collect Results
Check Equivalence
Completed 1000cases
Reading the Testsuit
Preparing Sandbox
Run 6630 tests
Collect Results
Check Equivalence
Completed 1000cases
Reading the Testsuit
Preparing Sandbox
Run 6630 tests
Collect Results
Check Equivalence
Completed 1000cases
Reading the Testsuit
Preparing Sandbox
Run 6630 tests
Collect Results
Check Equivalence
Completed 1000cases
Reading the Testsuit
Preparing Sandbox
Run 6630 tests
Collect Results
Check Equivalence
Completed 1000cases
Reading the Testsuit
Preparing Sandbox
Run 6630 tests
Collect Results
Check Equivalence
Completed 1000cases
Reading the Testsuit
Preparing Sandbox
Run 6630 tests
Collect Results
Check Equivalence
Completed 1000cases
Reading the Testsuit
Preparing Sandbox
Run 6630 tests
Collect Results
Check Equivalence
Completed 1000cases
Reading the Testsuit
Preparing Sandbox
Run 6630 tests
Collect Results
Check Equivalence
Completed 1000cases
Reading the Testsuit
Preparing Sandbox
Run 6630 tests
Collect Results
Check Equivalence
Completed 1000cases
Reading the Testsuit
Preparing Sandbox
Run 6630 tests
Collect Results
Check Equivalence
Completed 1000cases
Reading the Testsuit
Preparing Sandbox
Run 6630 tests
Collect Results
Check Equivalence
Completed 1000cases
Reading the Testsuit
Preparing Sandbox
Run 6630 tests
Collect Results
Check Equivalence
Completed 1000cases
Reading the Testsuit
Preparing Sandbox
Run 6630 tests
Collect Results
Check Equivalence
Completed 1000cases
Reading the Testsuit
Preparing Sandbox
Run 6630 tests
Collect Results
Check Equivalence
Completed 1000cases
Reading the Testsuit
Preparing Sandbox
Run 6630 tests
Collect Results
Check Equivalence
Completed 1000cases
Reading the Testsuit
Preparing Sandbox
Run 6630 tests
Collect Results
Check Equivalence
Completed 1000cases
Reading the Testsuit
Preparing Sandbox
Run 6630 tests
Collect Results
Check Equivalence
Completed 1000cases
Reading the Testsuit
Preparing Sandbox
Run 6630 tests
Collect Results
Check Equivalence
Completed 1000cases
Reading the Testsuit
Preparing Sandbox
Run 6630 tests
Collect Results
Check Equivalence
Completed 1000cases
Reading the Testsuit
Preparing Sandbox
Run 6630 tests
Collect Results
Check Equivalence
Completed 1000cases
Reading the Testsuit
Preparing Sandbox
Run 6630 tests
Collect Results
Check Equivalence
Completed 1000cases
Reading the Testsuit
Preparing Sandbox
Run 6630 tests
Collect Results
Check Equivalence
Completed 1000cases
Reading the Testsuit
Preparing Sandbox
Run 6630 tests
Collect Results
Check Equivalence
Completed 1000cases
Reading the Testsuit
Preparing Sandbox
Run 6630 tests
Collect Results
Check Equivalence
Completed 1000cases
Reading the Testsuit
Preparing Sandbox
Run 6630 tests
Collect Results
Check Equivalence
Completed 1000cases
Reading the Testsuit
Preparing Sandbox
Run 6630 tests
Collect Results
Check Equivalence
Completed 1000cases
Reading the Testsuit
Preparing Sandbox
Run 6630 tests
Collect Results
Check Equivalence
Completed 1000cases
Reading the Testsuit
Preparing Sandbox
Run 6630 tests
Collect Results
Check Equivalence
Completed 1000cases
Reading the Testsuit
Preparing Sandbox
Run 6630 tests
Collect Results
Check Equivalence
Completed 1000cases
Completed 2000cases
Completed 2000cases
Completed 2000cases
Completed 2000cases
Completed 2000cases
Completed 2000cases
Completed 3000cases
Completed 2000cases
Completed 2000cases
Completed 2000cases
Completed 2000cases
Completed 2000cases
Completed 2000cases
Completed 2000cases
Completed 2000cases
Completed 2000cases
Completed 2000cases
Completed 2000cases
Completed 2000cases
Completed 2000cases
Completed 2000cases
Completed 2000cases
Completed 2000cases
Completed 2000cases
Completed 2000cases
Completed 2000cases
Completed 2000cases
Completed 2000cases
Completed 2000cases
Completed 2000cases
Completed 2000cases
Completed 3000cases
Completed 3000cases
Completed 3000cases
Completed 3000cases
Completed 3000cases
Completed 3000cases
Completed 4000cases
Completed 3000cases
Completed 3000cases
Completed 3000cases
Completed 3000cases
Completed 3000cases
Completed 3000cases
Completed 3000cases
Completed 3000cases
Completed 3000cases
Completed 3000cases
Completed 3000cases
Completed 3000cases
Completed 3000cases
Completed 3000cases
Completed 3000cases
Completed 3000cases
Completed 3000cases
Completed 3000cases
Completed 3000cases
Completed 3000cases
Completed 3000cases
Completed 3000cases
Completed 3000cases
Completed 4000cases
Completed 4000cases
Completed 4000cases
Completed 4000cases
Completed 4000cases
Completed 4000cases
Completed 4000cases
Completed 4000cases
Completed 4000cases
Completed 4000cases
Completed 5000cases
Completed 4000cases
Completed 4000cases
Completed 4000cases
Completed 4000cases
Completed 4000cases
Completed 4000cases
Completed 4000cases
Completed 4000cases
Completed 4000cases
Completed 4000cases
Completed 4000cases
Completed 4000cases
Completed 4000cases
Completed 4000cases
Completed 4000cases
Completed 4000cases
Completed 4000cases
Completed 4000cases
Completed 4000cases
Completed 5000cases
Completed 5000cases
Completed 5000cases
Completed 5000cases
Completed 5000cases
Completed 5000cases
Completed 5000cases
Completed 5000cases
Completed 5000cases
Completed 5000cases
Completed 5000cases
Completed 5000cases
Completed 6000cases
Completed 5000cases
Completed 5000cases
Completed 5000cases
Completed 5000cases
Completed 5000cases
Completed 5000cases
Completed 5000cases
Completed 5000cases
Completed 5000cases
Completed 5000cases
Completed 5000cases
Completed 5000cases
Completed 5000cases
Completed 5000cases
Completed 5000cases
Completed 5000cases
Completed 5000cases
Execution time psrlq_xmm_imm8_55: 59 s
Thread 58 done!: psrlq_xmm_imm8_55
Completed 6000cases
Completed 6000cases
Completed 6000cases
Completed 6000cases
Completed 6000cases
Completed 6000cases
Completed 6000cases
Completed 6000cases
Completed 6000cases
Completed 6000cases
Completed 6000cases
Completed 6000cases
Completed 6000cases
Completed 6000cases
Completed 6000cases
Completed 6000cases
Completed 6000cases
Completed 6000cases
Completed 6000cases
Completed 6000cases
Completed 6000cases
Completed 6000cases
Completed 6000cases
Completed 6000cases
Completed 6000cases
Completed 6000cases
Completed 6000cases
Completed 6000cases
Completed 6000cases
Execution time psrlq_xmm_imm8_39: 66 s
Thread 43 done!: psrlq_xmm_imm8_39
Execution time psrlq_xmm_imm8_35: 66 s
Thread 39 done!: psrlq_xmm_imm8_35
Execution time psrlq_xmm_imm8_43: 66 s
Thread 47 done!: psrlq_xmm_imm8_43
Execution time psrlq_xmm_imm8_53: 66 s
Thread 56 done!: psrlq_xmm_imm8_53
Execution time psrlq_xmm_imm8_31: 66 s
Thread 36 done!: psrlq_xmm_imm8_31
Execution time psrlq_xmm_imm8_47: 67 s
Thread 51 done!: psrlq_xmm_imm8_47
Execution time psrlq_xmm_imm8_40: 67 s
Thread 44 done!: psrlq_xmm_imm8_40
Execution time psrlq_xmm_imm8_57: 67 s
Thread 59 done!: psrlq_xmm_imm8_57
Execution time psrlq_xmm_imm8_30: 67 s
Thread 35 done!: psrlq_xmm_imm8_30
Execution time psrlq_xmm_imm8_52: 67 s
Thread 55 done!: psrlq_xmm_imm8_52
Execution time psrlq_xmm_imm8_58: 67 s
Thread 60 done!: psrlq_xmm_imm8_58
Execution time psrlq_xmm_imm8_26: 67 s
Thread 31 done!: psrlq_xmm_imm8_26
Execution time psrlq_xmm_imm8_37: 67 s
Thread 41 done!: psrlq_xmm_imm8_37
Execution time psrlq_xmm_imm8_54: 67 s
Thread 57 done!: psrlq_xmm_imm8_54
Execution time psrlq_xmm_imm8_34: 67 s
Thread 38 done!: psrlq_xmm_imm8_34
Execution time psrlq_xmm_imm8_46: 68 s
Thread 50 done!: psrlq_xmm_imm8_46
Execution time psrlq_xmm_imm8_41: 68 s
Thread 45 done!: psrlq_xmm_imm8_41
Execution time psrlq_xmm_imm8_49: 68 s
Thread 52 done!: psrlq_xmm_imm8_49
Execution time psrlq_xmm_imm8_44: 68 s
Thread 48 done!: psrlq_xmm_imm8_44
Execution time psrlq_xmm_imm8_28: 68 s
Thread 33 done!: psrlq_xmm_imm8_28
Execution time psrlq_xmm_imm8_27: 68 s
Thread 32 done!: psrlq_xmm_imm8_27
Execution time psrlq_xmm_imm8_38: 69 s
Thread 42 done!: psrlq_xmm_imm8_38
Execution time psrlq_xmm_imm8_29: 69 s
Thread 34 done!: psrlq_xmm_imm8_29
Execution time psrlq_xmm_imm8_42: 69 s
Thread 46 done!: psrlq_xmm_imm8_42
Execution time psrlq_xmm_imm8_50: 69 s
Thread 53 done!: psrlq_xmm_imm8_50
Execution time psrlq_xmm_imm8_51: 69 s
Thread 54 done!: psrlq_xmm_imm8_51
Execution time psrlq_xmm_imm8_33: 69 s
Thread 37 done!: psrlq_xmm_imm8_33
Execution time psrlq_xmm_imm8_45: 69 s
Thread 49 done!: psrlq_xmm_imm8_45
Execution time psrlq_xmm_imm8_36: 69 s
Thread 40 done!: psrlq_xmm_imm8_36
[4m[1m[34mFiring Last 5[0m
Thread 61 start: psrlq_xmm_imm8_59
timeout 30m  /home/sdasgup3/Github/strata/stoke/./bin/stoke_check_circuit --strata_path /home/sdasgup3/Github/strata-data/circuits --target concrete_instances/immediate-variants/psrlq_xmm_imm8/instructions/psrlq_xmm_imm8_59/psrlq_xmm_imm8_59.s --functions /home/sdasgup3/Github/strata-data/data-regs/functions --testcases /home/sdasgup3/Github/strata-data/data-regs/testcases.tc --def_in "{ %xmm1 }" --live_out "{ %xmm1 }" --maybe_undef_out "{ }" 
Thread 62 start: psrlq_xmm_imm8_60
timeout 30m  /home/sdasgup3/Github/strata/stoke/./bin/stoke_check_circuit --strata_path /home/sdasgup3/Github/strata-data/circuits --target concrete_instances/immediate-variants/psrlq_xmm_imm8/instructions/psrlq_xmm_imm8_60/psrlq_xmm_imm8_60.s --functions /home/sdasgup3/Github/strata-data/data-regs/functions --testcases /home/sdasgup3/Github/strata-data/data-regs/testcases.tc --def_in "{ %xmm1 }" --live_out "{ %xmm1 }" --maybe_undef_out "{ }" 
Thread 63 start: psrlq_xmm_imm8_61
timeout 30m  /home/sdasgup3/Github/strata/stoke/./bin/stoke_check_circuit --strata_path /home/sdasgup3/Github/strata-data/circuits --target concrete_instances/immediate-variants/psrlq_xmm_imm8/instructions/psrlq_xmm_imm8_61/psrlq_xmm_imm8_61.s --functions /home/sdasgup3/Github/strata-data/data-regs/functions --testcases /home/sdasgup3/Github/strata-data/data-regs/testcases.tc --def_in "{ %xmm1 }" --live_out "{ %xmm1 }" --maybe_undef_out "{ }" 
Thread 64 start: psrlq_xmm_imm8_62
timeout 30m  /home/sdasgup3/Github/strata/stoke/./bin/stoke_check_circuit --strata_path /home/sdasgup3/Github/strata-data/circuits --target concrete_instances/immediate-variants/psrlq_xmm_imm8/instructions/psrlq_xmm_imm8_62/psrlq_xmm_imm8_62.s --functions /home/sdasgup3/Github/strata-data/data-regs/functions --testcases /home/sdasgup3/Github/strata-data/data-regs/testcases.tc --def_in "{ %xmm1 }" --live_out "{ %xmm1 }" --maybe_undef_out "{ }" 
Thread 65 start: psrlq_xmm_imm8_63
timeout 30m  /home/sdasgup3/Github/strata/stoke/./bin/stoke_check_circuit --strata_path /home/sdasgup3/Github/strata-data/circuits --target concrete_instances/immediate-variants/psrlq_xmm_imm8/instructions/psrlq_xmm_imm8_63/psrlq_xmm_imm8_63.s --functions /home/sdasgup3/Github/strata-data/data-regs/functions --testcases /home/sdasgup3/Github/strata-data/data-regs/testcases.tc --def_in "{ %xmm1 }" --live_out "{ %xmm1 }" --maybe_undef_out "{ }" 
Reading the Testsuit
Preparing Sandbox
Run 6630 tests
Collect Results
Check Equivalence
Completed 1000cases
Reading the Testsuit
Preparing Sandbox
Run 6630 tests
Collect Results
Check Equivalence
Completed 1000cases
Reading the Testsuit
Preparing Sandbox
Run 6630 tests
Collect Results
Check Equivalence
Completed 1000cases
Reading the Testsuit
Preparing Sandbox
Run 6630 tests
Collect Results
Check Equivalence
Completed 1000cases
Reading the Testsuit
Preparing Sandbox
Run 6630 tests
Collect Results
Check Equivalence
Completed 1000cases
Completed 2000cases
Completed 2000cases
Completed 2000cases
Completed 2000cases
Completed 2000cases
Completed 3000cases
Completed 3000cases
Completed 3000cases
Completed 3000cases
Completed 3000cases
Completed 4000cases
Completed 4000cases
Completed 4000cases
Completed 4000cases
Completed 4000cases
Completed 5000cases
Completed 5000cases
Completed 5000cases
Completed 5000cases
Completed 5000cases
Completed 6000cases
Completed 6000cases
Completed 6000cases
Completed 6000cases
Completed 6000cases
Execution time psrlq_xmm_imm8_62: 39 s
Thread 64 done!: psrlq_xmm_imm8_62
Execution time psrlq_xmm_imm8_60: 40 s
Thread 62 done!: psrlq_xmm_imm8_60
Execution time psrlq_xmm_imm8_59: 40 s
Thread 61 done!: psrlq_xmm_imm8_59
Execution time psrlq_xmm_imm8_63: 41 s
Thread 65 done!: psrlq_xmm_imm8_63
Execution time psrlq_xmm_imm8_61: 41 s
Thread 63 done!: psrlq_xmm_imm8_61
