[4m[1m[34mFiring 30.[0m
Thread 3 start: vshufpd_ymm_ymm_ymm_imm8_25
timeout 30m  /home/sdasgup3/Github/strata/stoke/./bin/stoke_check_circuit --strata_path /home/sdasgup3/Github/strata-data/circuits --target concrete_instances/immediate-variants/vshufpd_ymm_ymm_ymm_imm8/instructions/vshufpd_ymm_ymm_ymm_imm8_25/vshufpd_ymm_ymm_ymm_imm8_25.s --functions /home/sdasgup3/Github/strata-data/data-regs/functions --testcases /home/sdasgup3/Github/strata-data/data-regs/testcases.tc --def_in "{ %ymm2 %ymm3 }" --live_out "{ %ymm1 }" --maybe_undef_out "{ }" 
Thread 5 start: vshufpd_ymm_ymm_ymm_imm8_43
timeout 30m  /home/sdasgup3/Github/strata/stoke/./bin/stoke_check_circuit --strata_path /home/sdasgup3/Github/strata-data/circuits --target concrete_instances/immediate-variants/vshufpd_ymm_ymm_ymm_imm8/instructions/vshufpd_ymm_ymm_ymm_imm8_43/vshufpd_ymm_ymm_ymm_imm8_43.s --functions /home/sdasgup3/Github/strata-data/data-regs/functions --testcases /home/sdasgup3/Github/strata-data/data-regs/testcases.tc --def_in "{ %ymm2 %ymm3 }" --live_out "{ %ymm1 }" --maybe_undef_out "{ }" 
Thread 4 start: vshufpd_ymm_ymm_ymm_imm8_40
timeout 30m  /home/sdasgup3/Github/strata/stoke/./bin/stoke_check_circuit --strata_path /home/sdasgup3/Github/strata-data/circuits --target concrete_instances/immediate-variants/vshufpd_ymm_ymm_ymm_imm8/instructions/vshufpd_ymm_ymm_ymm_imm8_40/vshufpd_ymm_ymm_ymm_imm8_40.s --functions /home/sdasgup3/Github/strata-data/data-regs/functions --testcases /home/sdasgup3/Github/strata-data/data-regs/testcases.tc --def_in "{ %ymm2 %ymm3 }" --live_out "{ %ymm1 }" --maybe_undef_out "{ }" 
Thread 7 start: vshufpd_ymm_ymm_ymm_imm8_57
timeout 30m  /home/sdasgup3/Github/strata/stoke/./bin/stoke_check_circuit --strata_path /home/sdasgup3/Github/strata-data/circuits --target concrete_instances/immediate-variants/vshufpd_ymm_ymm_ymm_imm8/instructions/vshufpd_ymm_ymm_ymm_imm8_57/vshufpd_ymm_ymm_ymm_imm8_57.s --functions /home/sdasgup3/Github/strata-data/data-regs/functions --testcases /home/sdasgup3/Github/strata-data/data-regs/testcases.tc --def_in "{ %ymm2 %ymm3 }" --live_out "{ %ymm1 }" --maybe_undef_out "{ }" 
Thread 6 start: vshufpd_ymm_ymm_ymm_imm8_56
timeout 30m  /home/sdasgup3/Github/strata/stoke/./bin/stoke_check_circuit --strata_path /home/sdasgup3/Github/strata-data/circuits --target concrete_instances/immediate-variants/vshufpd_ymm_ymm_ymm_imm8/instructions/vshufpd_ymm_ymm_ymm_imm8_56/vshufpd_ymm_ymm_ymm_imm8_56.s --functions /home/sdasgup3/Github/strata-data/data-regs/functions --testcases /home/sdasgup3/Github/strata-data/data-regs/testcases.tc --def_in "{ %ymm2 %ymm3 }" --live_out "{ %ymm1 }" --maybe_undef_out "{ }" 
Thread 2 start: vshufpd_ymm_ymm_ymm_imm8_9
timeout 30m  /home/sdasgup3/Github/strata/stoke/./bin/stoke_check_circuit --strata_path /home/sdasgup3/Github/strata-data/circuits --target concrete_instances/immediate-variants/vshufpd_ymm_ymm_ymm_imm8/instructions/vshufpd_ymm_ymm_ymm_imm8_9/vshufpd_ymm_ymm_ymm_imm8_9.s --functions /home/sdasgup3/Github/strata-data/data-regs/functions --testcases /home/sdasgup3/Github/strata-data/data-regs/testcases.tc --def_in "{ %ymm2 %ymm3 }" --live_out "{ %ymm1 }" --maybe_undef_out "{ }" 
Thread 1 start: vshufpd_ymm_ymm_ymm_imm8_8
timeout 30m  /home/sdasgup3/Github/strata/stoke/./bin/stoke_check_circuit --strata_path /home/sdasgup3/Github/strata-data/circuits --target concrete_instances/immediate-variants/vshufpd_ymm_ymm_ymm_imm8/instructions/vshufpd_ymm_ymm_ymm_imm8_8/vshufpd_ymm_ymm_ymm_imm8_8.s --functions /home/sdasgup3/Github/strata-data/data-regs/functions --testcases /home/sdasgup3/Github/strata-data/data-regs/testcases.tc --def_in "{ %ymm2 %ymm3 }" --live_out "{ %ymm1 }" --maybe_undef_out "{ }" 
Thread 8 start: vshufpd_ymm_ymm_ymm_imm8_73
timeout 30m  /home/sdasgup3/Github/strata/stoke/./bin/stoke_check_circuit --strata_path /home/sdasgup3/Github/strata-data/circuits --target concrete_instances/immediate-variants/vshufpd_ymm_ymm_ymm_imm8/instructions/vshufpd_ymm_ymm_ymm_imm8_73/vshufpd_ymm_ymm_ymm_imm8_73.s --functions /home/sdasgup3/Github/strata-data/data-regs/functions --testcases /home/sdasgup3/Github/strata-data/data-regs/testcases.tc --def_in "{ %ymm2 %ymm3 }" --live_out "{ %ymm1 }" --maybe_undef_out "{ }" 
Thread 9 start: vshufpd_ymm_ymm_ymm_imm8_75
timeout 30m  /home/sdasgup3/Github/strata/stoke/./bin/stoke_check_circuit --strata_path /home/sdasgup3/Github/strata-data/circuits --target concrete_instances/immediate-variants/vshufpd_ymm_ymm_ymm_imm8/instructions/vshufpd_ymm_ymm_ymm_imm8_75/vshufpd_ymm_ymm_ymm_imm8_75.s --functions /home/sdasgup3/Github/strata-data/data-regs/functions --testcases /home/sdasgup3/Github/strata-data/data-regs/testcases.tc --def_in "{ %ymm2 %ymm3 }" --live_out "{ %ymm1 }" --maybe_undef_out "{ }" 
Thread 10 start: vshufpd_ymm_ymm_ymm_imm8_88
timeout 30m  /home/sdasgup3/Github/strata/stoke/./bin/stoke_check_circuit --strata_path /home/sdasgup3/Github/strata-data/circuits --target concrete_instances/immediate-variants/vshufpd_ymm_ymm_ymm_imm8/instructions/vshufpd_ymm_ymm_ymm_imm8_88/vshufpd_ymm_ymm_ymm_imm8_88.s --functions /home/sdasgup3/Github/strata-data/data-regs/functions --testcases /home/sdasgup3/Github/strata-data/data-regs/testcases.tc --def_in "{ %ymm2 %ymm3 }" --live_out "{ %ymm1 }" --maybe_undef_out "{ }" 
Thread 11 start: vshufpd_ymm_ymm_ymm_imm8_89
timeout 30m  /home/sdasgup3/Github/strata/stoke/./bin/stoke_check_circuit --strata_path /home/sdasgup3/Github/strata-data/circuits --target concrete_instances/immediate-variants/vshufpd_ymm_ymm_ymm_imm8/instructions/vshufpd_ymm_ymm_ymm_imm8_89/vshufpd_ymm_ymm_ymm_imm8_89.s --functions /home/sdasgup3/Github/strata-data/data-regs/functions --testcases /home/sdasgup3/Github/strata-data/data-regs/testcases.tc --def_in "{ %ymm2 %ymm3 }" --live_out "{ %ymm1 }" --maybe_undef_out "{ }" 
Thread 12 start: vshufpd_ymm_ymm_ymm_imm8_104
timeout 30m  /home/sdasgup3/Github/strata/stoke/./bin/stoke_check_circuit --strata_path /home/sdasgup3/Github/strata-data/circuits --target concrete_instances/immediate-variants/vshufpd_ymm_ymm_ymm_imm8/instructions/vshufpd_ymm_ymm_ymm_imm8_104/vshufpd_ymm_ymm_ymm_imm8_104.s --functions /home/sdasgup3/Github/strata-data/data-regs/functions --testcases /home/sdasgup3/Github/strata-data/data-regs/testcases.tc --def_in "{ %ymm2 %ymm3 }" --live_out "{ %ymm1 }" --maybe_undef_out "{ }" 
Thread 15 start: vshufpd_ymm_ymm_ymm_imm8_118
timeout 30m  /home/sdasgup3/Github/strata/stoke/./bin/stoke_check_circuit --strata_path /home/sdasgup3/Github/strata-data/circuits --target concrete_instances/immediate-variants/vshufpd_ymm_ymm_ymm_imm8/instructions/vshufpd_ymm_ymm_ymm_imm8_118/vshufpd_ymm_ymm_ymm_imm8_118.s --functions /home/sdasgup3/Github/strata-data/data-regs/functions --testcases /home/sdasgup3/Github/strata-data/data-regs/testcases.tc --def_in "{ %ymm2 %ymm3 }" --live_out "{ %ymm1 }" --maybe_undef_out "{ }" 
Thread 14 start: vshufpd_ymm_ymm_ymm_imm8_107
timeout 30m  /home/sdasgup3/Github/strata/stoke/./bin/stoke_check_circuit --strata_path /home/sdasgup3/Github/strata-data/circuits --target concrete_instances/immediate-variants/vshufpd_ymm_ymm_ymm_imm8/instructions/vshufpd_ymm_ymm_ymm_imm8_107/vshufpd_ymm_ymm_ymm_imm8_107.s --functions /home/sdasgup3/Github/strata-data/data-regs/functions --testcases /home/sdasgup3/Github/strata-data/data-regs/testcases.tc --def_in "{ %ymm2 %ymm3 }" --live_out "{ %ymm1 }" --maybe_undef_out "{ }" 
Thread 13 start: vshufpd_ymm_ymm_ymm_imm8_105
timeout 30m  /home/sdasgup3/Github/strata/stoke/./bin/stoke_check_circuit --strata_path /home/sdasgup3/Github/strata-data/circuits --target concrete_instances/immediate-variants/vshufpd_ymm_ymm_ymm_imm8/instructions/vshufpd_ymm_ymm_ymm_imm8_105/vshufpd_ymm_ymm_ymm_imm8_105.s --functions /home/sdasgup3/Github/strata-data/data-regs/functions --testcases /home/sdasgup3/Github/strata-data/data-regs/testcases.tc --def_in "{ %ymm2 %ymm3 }" --live_out "{ %ymm1 }" --maybe_undef_out "{ }" 
Thread 17 start: vshufpd_ymm_ymm_ymm_imm8_121
timeout 30m  /home/sdasgup3/Github/strata/stoke/./bin/stoke_check_circuit --strata_path /home/sdasgup3/Github/strata-data/circuits --target concrete_instances/immediate-variants/vshufpd_ymm_ymm_ymm_imm8/instructions/vshufpd_ymm_ymm_ymm_imm8_121/vshufpd_ymm_ymm_ymm_imm8_121.s --functions /home/sdasgup3/Github/strata-data/data-regs/functions --testcases /home/sdasgup3/Github/strata-data/data-regs/testcases.tc --def_in "{ %ymm2 %ymm3 }" --live_out "{ %ymm1 }" --maybe_undef_out "{ }" 
Thread 16 start: vshufpd_ymm_ymm_ymm_imm8_120
timeout 30m  /home/sdasgup3/Github/strata/stoke/./bin/stoke_check_circuit --strata_path /home/sdasgup3/Github/strata-data/circuits --target concrete_instances/immediate-variants/vshufpd_ymm_ymm_ymm_imm8/instructions/vshufpd_ymm_ymm_ymm_imm8_120/vshufpd_ymm_ymm_ymm_imm8_120.s --functions /home/sdasgup3/Github/strata-data/data-regs/functions --testcases /home/sdasgup3/Github/strata-data/data-regs/testcases.tc --def_in "{ %ymm2 %ymm3 }" --live_out "{ %ymm1 }" --maybe_undef_out "{ }" 
Thread 18 start: vshufpd_ymm_ymm_ymm_imm8_123
timeout 30m  /home/sdasgup3/Github/strata/stoke/./bin/stoke_check_circuit --strata_path /home/sdasgup3/Github/strata-data/circuits --target concrete_instances/immediate-variants/vshufpd_ymm_ymm_ymm_imm8/instructions/vshufpd_ymm_ymm_ymm_imm8_123/vshufpd_ymm_ymm_ymm_imm8_123.s --functions /home/sdasgup3/Github/strata-data/data-regs/functions --testcases /home/sdasgup3/Github/strata-data/data-regs/testcases.tc --def_in "{ %ymm2 %ymm3 }" --live_out "{ %ymm1 }" --maybe_undef_out "{ }" 
Thread 20 start: vshufpd_ymm_ymm_ymm_imm8_137
timeout 30m  /home/sdasgup3/Github/strata/stoke/./bin/stoke_check_circuit --strata_path /home/sdasgup3/Github/strata-data/circuits --target concrete_instances/immediate-variants/vshufpd_ymm_ymm_ymm_imm8/instructions/vshufpd_ymm_ymm_ymm_imm8_137/vshufpd_ymm_ymm_ymm_imm8_137.s --functions /home/sdasgup3/Github/strata-data/data-regs/functions --testcases /home/sdasgup3/Github/strata-data/data-regs/testcases.tc --def_in "{ %ymm2 %ymm3 }" --live_out "{ %ymm1 }" --maybe_undef_out "{ }" 
Thread 19 start: vshufpd_ymm_ymm_ymm_imm8_136
timeout 30m  /home/sdasgup3/Github/strata/stoke/./bin/stoke_check_circuit --strata_path /home/sdasgup3/Github/strata-data/circuits --target concrete_instances/immediate-variants/vshufpd_ymm_ymm_ymm_imm8/instructions/vshufpd_ymm_ymm_ymm_imm8_136/vshufpd_ymm_ymm_ymm_imm8_136.s --functions /home/sdasgup3/Github/strata-data/data-regs/functions --testcases /home/sdasgup3/Github/strata-data/data-regs/testcases.tc --def_in "{ %ymm2 %ymm3 }" --live_out "{ %ymm1 }" --maybe_undef_out "{ }" 
Thread 21 start: vshufpd_ymm_ymm_ymm_imm8_150
timeout 30m  /home/sdasgup3/Github/strata/stoke/./bin/stoke_check_circuit --strata_path /home/sdasgup3/Github/strata-data/circuits --target concrete_instances/immediate-variants/vshufpd_ymm_ymm_ymm_imm8/instructions/vshufpd_ymm_ymm_ymm_imm8_150/vshufpd_ymm_ymm_ymm_imm8_150.s --functions /home/sdasgup3/Github/strata-data/data-regs/functions --testcases /home/sdasgup3/Github/strata-data/data-regs/testcases.tc --def_in "{ %ymm2 %ymm3 }" --live_out "{ %ymm1 }" --maybe_undef_out "{ }" 
Thread 22 start: vshufpd_ymm_ymm_ymm_imm8_152
timeout 30m  /home/sdasgup3/Github/strata/stoke/./bin/stoke_check_circuit --strata_path /home/sdasgup3/Github/strata-data/circuits --target concrete_instances/immediate-variants/vshufpd_ymm_ymm_ymm_imm8/instructions/vshufpd_ymm_ymm_ymm_imm8_152/vshufpd_ymm_ymm_ymm_imm8_152.s --functions /home/sdasgup3/Github/strata-data/data-regs/functions --testcases /home/sdasgup3/Github/strata-data/data-regs/testcases.tc --def_in "{ %ymm2 %ymm3 }" --live_out "{ %ymm1 }" --maybe_undef_out "{ }" 
Thread 23 start: vshufpd_ymm_ymm_ymm_imm8_153
timeout 30m  /home/sdasgup3/Github/strata/stoke/./bin/stoke_check_circuit --strata_path /home/sdasgup3/Github/strata-data/circuits --target concrete_instances/immediate-variants/vshufpd_ymm_ymm_ymm_imm8/instructions/vshufpd_ymm_ymm_ymm_imm8_153/vshufpd_ymm_ymm_ymm_imm8_153.s --functions /home/sdasgup3/Github/strata-data/data-regs/functions --testcases /home/sdasgup3/Github/strata-data/data-regs/testcases.tc --def_in "{ %ymm2 %ymm3 }" --live_out "{ %ymm1 }" --maybe_undef_out "{ }" 
Thread 24 start: vshufpd_ymm_ymm_ymm_imm8_168
timeout 30m  /home/sdasgup3/Github/strata/stoke/./bin/stoke_check_circuit --strata_path /home/sdasgup3/Github/strata-data/circuits --target concrete_instances/immediate-variants/vshufpd_ymm_ymm_ymm_imm8/instructions/vshufpd_ymm_ymm_ymm_imm8_168/vshufpd_ymm_ymm_ymm_imm8_168.s --functions /home/sdasgup3/Github/strata-data/data-regs/functions --testcases /home/sdasgup3/Github/strata-data/data-regs/testcases.tc --def_in "{ %ymm2 %ymm3 }" --live_out "{ %ymm1 }" --maybe_undef_out "{ }" 
Thread 25 start: vshufpd_ymm_ymm_ymm_imm8_169
timeout 30m  /home/sdasgup3/Github/strata/stoke/./bin/stoke_check_circuit --strata_path /home/sdasgup3/Github/strata-data/circuits --target concrete_instances/immediate-variants/vshufpd_ymm_ymm_ymm_imm8/instructions/vshufpd_ymm_ymm_ymm_imm8_169/vshufpd_ymm_ymm_ymm_imm8_169.s --functions /home/sdasgup3/Github/strata-data/data-regs/functions --testcases /home/sdasgup3/Github/strata-data/data-regs/testcases.tc --def_in "{ %ymm2 %ymm3 }" --live_out "{ %ymm1 }" --maybe_undef_out "{ }" 
Thread 26 start: vshufpd_ymm_ymm_ymm_imm8_182
timeout 30m  /home/sdasgup3/Github/strata/stoke/./bin/stoke_check_circuit --strata_path /home/sdasgup3/Github/strata-data/circuits --target concrete_instances/immediate-variants/vshufpd_ymm_ymm_ymm_imm8/instructions/vshufpd_ymm_ymm_ymm_imm8_182/vshufpd_ymm_ymm_ymm_imm8_182.s --functions /home/sdasgup3/Github/strata-data/data-regs/functions --testcases /home/sdasgup3/Github/strata-data/data-regs/testcases.tc --def_in "{ %ymm2 %ymm3 }" --live_out "{ %ymm1 }" --maybe_undef_out "{ }" 
Thread 29 start: vshufpd_ymm_ymm_ymm_imm8_187
timeout 30m  /home/sdasgup3/Github/strata/stoke/./bin/stoke_check_circuit --strata_path /home/sdasgup3/Github/strata-data/circuits --target concrete_instances/immediate-variants/vshufpd_ymm_ymm_ymm_imm8/instructions/vshufpd_ymm_ymm_ymm_imm8_187/vshufpd_ymm_ymm_ymm_imm8_187.s --functions /home/sdasgup3/Github/strata-data/data-regs/functions --testcases /home/sdasgup3/Github/strata-data/data-regs/testcases.tc --def_in "{ %ymm2 %ymm3 }" --live_out "{ %ymm1 }" --maybe_undef_out "{ }" 
Thread 27 start: vshufpd_ymm_ymm_ymm_imm8_184
timeout 30m  /home/sdasgup3/Github/strata/stoke/./bin/stoke_check_circuit --strata_path /home/sdasgup3/Github/strata-data/circuits --target concrete_instances/immediate-variants/vshufpd_ymm_ymm_ymm_imm8/instructions/vshufpd_ymm_ymm_ymm_imm8_184/vshufpd_ymm_ymm_ymm_imm8_184.s --functions /home/sdasgup3/Github/strata-data/data-regs/functions --testcases /home/sdasgup3/Github/strata-data/data-regs/testcases.tc --def_in "{ %ymm2 %ymm3 }" --live_out "{ %ymm1 }" --maybe_undef_out "{ }" 
Thread 28 start: vshufpd_ymm_ymm_ymm_imm8_185
timeout 30m  /home/sdasgup3/Github/strata/stoke/./bin/stoke_check_circuit --strata_path /home/sdasgup3/Github/strata-data/circuits --target concrete_instances/immediate-variants/vshufpd_ymm_ymm_ymm_imm8/instructions/vshufpd_ymm_ymm_ymm_imm8_185/vshufpd_ymm_ymm_ymm_imm8_185.s --functions /home/sdasgup3/Github/strata-data/data-regs/functions --testcases /home/sdasgup3/Github/strata-data/data-regs/testcases.tc --def_in "{ %ymm2 %ymm3 }" --live_out "{ %ymm1 }" --maybe_undef_out "{ }" 
Thread 30 start: vshufpd_ymm_ymm_ymm_imm8_198
timeout 30m  /home/sdasgup3/Github/strata/stoke/./bin/stoke_check_circuit --strata_path /home/sdasgup3/Github/strata-data/circuits --target concrete_instances/immediate-variants/vshufpd_ymm_ymm_ymm_imm8/instructions/vshufpd_ymm_ymm_ymm_imm8_198/vshufpd_ymm_ymm_ymm_imm8_198.s --functions /home/sdasgup3/Github/strata-data/data-regs/functions --testcases /home/sdasgup3/Github/strata-data/data-regs/testcases.tc --def_in "{ %ymm2 %ymm3 }" --live_out "{ %ymm1 }" --maybe_undef_out "{ }" 
Reading the Testsuit
Preparing Sandbox
Run 6630 tests
Collect Results
Check Equivalence
Completed 1000cases
Reading the Testsuit
Preparing Sandbox
Run 6630 tests
Collect Results
Check Equivalence
Completed 1000cases
Reading the Testsuit
Preparing Sandbox
Run 6630 tests
Collect Results
Check Equivalence
Completed 1000cases
Reading the Testsuit
Preparing Sandbox
Run 6630 tests
Collect Results
Check Equivalence
Completed 1000cases
Reading the Testsuit
Preparing Sandbox
Run 6630 tests
Collect Results
Check Equivalence
Completed 1000cases
Reading the Testsuit
Preparing Sandbox
Run 6630 tests
Collect Results
Check Equivalence
Completed 1000cases
Reading the Testsuit
Preparing Sandbox
Run 6630 tests
Collect Results
Check Equivalence
Completed 1000cases
Reading the Testsuit
Preparing Sandbox
Run 6630 tests
Collect Results
Check Equivalence
Completed 1000cases
Reading the Testsuit
Preparing Sandbox
Run 6630 tests
Collect Results
Check Equivalence
Completed 1000cases
Reading the Testsuit
Preparing Sandbox
Run 6630 tests
Collect Results
Check Equivalence
Completed 1000cases
Reading the Testsuit
Preparing Sandbox
Run 6630 tests
Collect Results
Check Equivalence
Completed 1000cases
Reading the Testsuit
Preparing Sandbox
Run 6630 tests
Collect Results
Check Equivalence
Completed 1000cases
Reading the Testsuit
Preparing Sandbox
Run 6630 tests
Collect Results
Check Equivalence
Completed 1000cases
Reading the Testsuit
Preparing Sandbox
Run 6630 tests
Collect Results
Check Equivalence
Completed 1000cases
Reading the Testsuit
Preparing Sandbox
Run 6630 tests
Collect Results
Check Equivalence
Completed 1000cases
Reading the Testsuit
Preparing Sandbox
Run 6630 tests
Collect Results
Check Equivalence
Completed 1000cases
Reading the Testsuit
Preparing Sandbox
Run 6630 tests
Collect Results
Check Equivalence
Completed 1000cases
Reading the Testsuit
Preparing Sandbox
Run 6630 tests
Collect Results
Check Equivalence
Completed 1000cases
Reading the Testsuit
Preparing Sandbox
Run 6630 tests
Collect Results
Check Equivalence
Completed 1000cases
Reading the Testsuit
Preparing Sandbox
Run 6630 tests
Collect Results
Check Equivalence
Completed 1000cases
Reading the Testsuit
Preparing Sandbox
Run 6630 tests
Collect Results
Check Equivalence
Completed 1000cases
Reading the Testsuit
Preparing Sandbox
Run 6630 tests
Collect Results
Check Equivalence
Completed 1000cases
Reading the Testsuit
Preparing Sandbox
Run 6630 tests
Collect Results
Check Equivalence
Completed 1000cases
Reading the Testsuit
Preparing Sandbox
Run 6630 tests
Collect Results
Check Equivalence
Completed 1000cases
Reading the Testsuit
Preparing Sandbox
Run 6630 tests
Collect Results
Check Equivalence
Completed 1000cases
Reading the Testsuit
Preparing Sandbox
Run 6630 tests
Collect Results
Check Equivalence
Completed 1000cases
Reading the Testsuit
Preparing Sandbox
Run 6630 tests
Collect Results
Check Equivalence
Completed 1000cases
Reading the Testsuit
Preparing Sandbox
Run 6630 tests
Collect Results
Check Equivalence
Completed 1000cases
Reading the Testsuit
Preparing Sandbox
Run 6630 tests
Collect Results
Check Equivalence
Completed 1000cases
Reading the Testsuit
Preparing Sandbox
Run 6630 tests
Collect Results
Check Equivalence
Completed 1000cases
Completed 2000cases
Completed 2000cases
Completed 2000cases
Completed 2000cases
Completed 2000cases
Completed 2000cases
Completed 2000cases
Completed 2000cases
Completed 2000cases
Completed 2000cases
Completed 2000cases
Completed 2000cases
Completed 2000cases
Completed 2000cases
Completed 2000cases
Completed 2000cases
Completed 2000cases
Completed 2000cases
Completed 2000cases
Completed 2000cases
Completed 2000cases
Completed 2000cases
Completed 2000cases
Completed 2000cases
Completed 2000cases
Completed 3000cases
Completed 2000cases
Completed 2000cases
Completed 2000cases
Completed 2000cases
Completed 2000cases
Completed 3000cases
Completed 3000cases
Completed 3000cases
Completed 3000cases
Completed 3000cases
Completed 3000cases
Completed 3000cases
Completed 3000cases
Completed 3000cases
Completed 3000cases
Completed 3000cases
Completed 3000cases
Completed 3000cases
Completed 3000cases
Completed 3000cases
Completed 3000cases
Completed 3000cases
Completed 3000cases
Completed 3000cases
Completed 3000cases
Completed 3000cases
Completed 3000cases
Completed 3000cases
Completed 3000cases
Completed 3000cases
Completed 4000cases
Completed 3000cases
Completed 3000cases
Completed 3000cases
Completed 3000cases
Completed 4000cases
Completed 4000cases
Completed 4000cases
Completed 4000cases
Completed 4000cases
Completed 4000cases
Completed 4000cases
Completed 4000cases
Completed 4000cases
Completed 4000cases
Completed 4000cases
Completed 4000cases
Completed 4000cases
Completed 4000cases
Completed 4000cases
Completed 4000cases
Completed 4000cases
Completed 4000cases
Completed 4000cases
Completed 4000cases
Completed 4000cases
Completed 4000cases
Completed 5000cases
Completed 4000cases
Completed 4000cases
Completed 4000cases
Completed 4000cases
Completed 4000cases
Completed 4000cases
Completed 4000cases
Completed 5000cases
Completed 5000cases
Completed 5000cases
Completed 5000cases
Completed 5000cases
Completed 5000cases
Completed 5000cases
Completed 5000cases
Completed 5000cases
Completed 5000cases
Completed 5000cases
Completed 5000cases
Completed 5000cases
Completed 5000cases
Completed 5000cases
Completed 5000cases
Completed 5000cases
Completed 5000cases
Completed 5000cases
Completed 5000cases
Completed 5000cases
Completed 5000cases
Completed 5000cases
Completed 6000cases
Completed 5000cases
Completed 5000cases
Completed 5000cases
Completed 5000cases
Completed 5000cases
Completed 5000cases
Completed 6000cases
Completed 6000cases
Completed 6000cases
Completed 6000cases
Completed 6000cases
Completed 6000cases
Completed 6000cases
Completed 6000cases
Completed 6000cases
Completed 6000cases
Completed 6000cases
Completed 6000cases
Completed 6000cases
Completed 6000cases
Completed 6000cases
Completed 6000cases
Completed 6000cases
Completed 6000cases
Completed 6000cases
Completed 6000cases
Completed 6000cases
Completed 6000cases
Completed 6000cases
Completed 6000cases
Completed 6000cases
Completed 6000cases
Completed 6000cases
Completed 6000cases
Completed 6000cases
Execution time vshufpd_ymm_ymm_ymm_imm8_150: 65 s
Thread 21 done!: vshufpd_ymm_ymm_ymm_imm8_150
Execution time vshufpd_ymm_ymm_ymm_imm8_152: 66 s
Thread 22 done!: vshufpd_ymm_ymm_ymm_imm8_152
Execution time vshufpd_ymm_ymm_ymm_imm8_137: 66 s
Thread 20 done!: vshufpd_ymm_ymm_ymm_imm8_137
Execution time vshufpd_ymm_ymm_ymm_imm8_185: 66 s
Thread 28 done!: vshufpd_ymm_ymm_ymm_imm8_185
Execution time vshufpd_ymm_ymm_ymm_imm8_43: 67 s
Thread 5 done!: vshufpd_ymm_ymm_ymm_imm8_43
Execution time vshufpd_ymm_ymm_ymm_imm8_56: 67 s
Thread 6 done!: vshufpd_ymm_ymm_ymm_imm8_56
Execution time vshufpd_ymm_ymm_ymm_imm8_168: 66 s
Thread 24 done!: vshufpd_ymm_ymm_ymm_imm8_168
Execution time vshufpd_ymm_ymm_ymm_imm8_75: 67 s
Thread 9 done!: vshufpd_ymm_ymm_ymm_imm8_75
Execution time vshufpd_ymm_ymm_ymm_imm8_136: 67 s
Thread 19 done!: vshufpd_ymm_ymm_ymm_imm8_136
Execution time vshufpd_ymm_ymm_ymm_imm8_105: 67 s
Thread 13 done!: vshufpd_ymm_ymm_ymm_imm8_105
Execution time vshufpd_ymm_ymm_ymm_imm8_104: 67 s
Thread 12 done!: vshufpd_ymm_ymm_ymm_imm8_104
Execution time vshufpd_ymm_ymm_ymm_imm8_57: 68 s
Thread 7 done!: vshufpd_ymm_ymm_ymm_imm8_57
Execution time vshufpd_ymm_ymm_ymm_imm8_25: 68 s
Thread 3 done!: vshufpd_ymm_ymm_ymm_imm8_25
Execution time vshufpd_ymm_ymm_ymm_imm8_121: 67 s
Thread 17 done!: vshufpd_ymm_ymm_ymm_imm8_121
Execution time vshufpd_ymm_ymm_ymm_imm8_9: 68 s
Thread 2 done!: vshufpd_ymm_ymm_ymm_imm8_9
Execution time vshufpd_ymm_ymm_ymm_imm8_8: 68 s
Thread 1 done!: vshufpd_ymm_ymm_ymm_imm8_8
Execution time vshufpd_ymm_ymm_ymm_imm8_184: 67 s
Thread 27 done!: vshufpd_ymm_ymm_ymm_imm8_184
Execution time vshufpd_ymm_ymm_ymm_imm8_89: 68 s
Thread 11 done!: vshufpd_ymm_ymm_ymm_imm8_89
Execution time vshufpd_ymm_ymm_ymm_imm8_169: 68 s
Thread 25 done!: vshufpd_ymm_ymm_ymm_imm8_169
Execution time vshufpd_ymm_ymm_ymm_imm8_107: 68 s
Thread 14 done!: vshufpd_ymm_ymm_ymm_imm8_107
Execution time vshufpd_ymm_ymm_ymm_imm8_118: 68 s
Thread 15 done!: vshufpd_ymm_ymm_ymm_imm8_118
Execution time vshufpd_ymm_ymm_ymm_imm8_187: 68 s
Thread 29 done!: vshufpd_ymm_ymm_ymm_imm8_187
Execution time vshufpd_ymm_ymm_ymm_imm8_153: 68 s
Thread 23 done!: vshufpd_ymm_ymm_ymm_imm8_153
Execution time vshufpd_ymm_ymm_ymm_imm8_198: 69 s
Thread 30 done!: vshufpd_ymm_ymm_ymm_imm8_198
Execution time vshufpd_ymm_ymm_ymm_imm8_88: 69 s
Thread 10 done!: vshufpd_ymm_ymm_ymm_imm8_88
Execution time vshufpd_ymm_ymm_ymm_imm8_123: 69 s
Thread 18 done!: vshufpd_ymm_ymm_ymm_imm8_123
Execution time vshufpd_ymm_ymm_ymm_imm8_120: 69 s
Thread 16 done!: vshufpd_ymm_ymm_ymm_imm8_120
Execution time vshufpd_ymm_ymm_ymm_imm8_40: 70 s
Thread 4 done!: vshufpd_ymm_ymm_ymm_imm8_40
Execution time vshufpd_ymm_ymm_ymm_imm8_73: 70 s
Thread 8 done!: vshufpd_ymm_ymm_ymm_imm8_73
Execution time vshufpd_ymm_ymm_ymm_imm8_182: 69 s
Thread 26 done!: vshufpd_ymm_ymm_ymm_imm8_182
[4m[1m[34mFiring Last 9[0m
Thread 31 start: vshufpd_ymm_ymm_ymm_imm8_200
timeout 30m  /home/sdasgup3/Github/strata/stoke/./bin/stoke_check_circuit --strata_path /home/sdasgup3/Github/strata-data/circuits --target concrete_instances/immediate-variants/vshufpd_ymm_ymm_ymm_imm8/instructions/vshufpd_ymm_ymm_ymm_imm8_200/vshufpd_ymm_ymm_ymm_imm8_200.s --functions /home/sdasgup3/Github/strata-data/data-regs/functions --testcases /home/sdasgup3/Github/strata-data/data-regs/testcases.tc --def_in "{ %ymm2 %ymm3 }" --live_out "{ %ymm1 }" --maybe_undef_out "{ }" 
Thread 32 start: vshufpd_ymm_ymm_ymm_imm8_201
timeout 30m  /home/sdasgup3/Github/strata/stoke/./bin/stoke_check_circuit --strata_path /home/sdasgup3/Github/strata-data/circuits --target concrete_instances/immediate-variants/vshufpd_ymm_ymm_ymm_imm8/instructions/vshufpd_ymm_ymm_ymm_imm8_201/vshufpd_ymm_ymm_ymm_imm8_201.s --functions /home/sdasgup3/Github/strata-data/data-regs/functions --testcases /home/sdasgup3/Github/strata-data/data-regs/testcases.tc --def_in "{ %ymm2 %ymm3 }" --live_out "{ %ymm1 }" --maybe_undef_out "{ }" 
Thread 33 start: vshufpd_ymm_ymm_ymm_imm8_203
timeout 30m  /home/sdasgup3/Github/strata/stoke/./bin/stoke_check_circuit --strata_path /home/sdasgup3/Github/strata-data/circuits --target concrete_instances/immediate-variants/vshufpd_ymm_ymm_ymm_imm8/instructions/vshufpd_ymm_ymm_ymm_imm8_203/vshufpd_ymm_ymm_ymm_imm8_203.s --functions /home/sdasgup3/Github/strata-data/data-regs/functions --testcases /home/sdasgup3/Github/strata-data/data-regs/testcases.tc --def_in "{ %ymm2 %ymm3 }" --live_out "{ %ymm1 }" --maybe_undef_out "{ }" 
Thread 35 start: vshufpd_ymm_ymm_ymm_imm8_232
timeout 30m  /home/sdasgup3/Github/strata/stoke/./bin/stoke_check_circuit --strata_path /home/sdasgup3/Github/strata-data/circuits --target concrete_instances/immediate-variants/vshufpd_ymm_ymm_ymm_imm8/instructions/vshufpd_ymm_ymm_ymm_imm8_232/vshufpd_ymm_ymm_ymm_imm8_232.s --functions /home/sdasgup3/Github/strata-data/data-regs/functions --testcases /home/sdasgup3/Github/strata-data/data-regs/testcases.tc --def_in "{ %ymm2 %ymm3 }" --live_out "{ %ymm1 }" --maybe_undef_out "{ }" 
Thread 34 start: vshufpd_ymm_ymm_ymm_imm8_217
timeout 30m  /home/sdasgup3/Github/strata/stoke/./bin/stoke_check_circuit --strata_path /home/sdasgup3/Github/strata-data/circuits --target concrete_instances/immediate-variants/vshufpd_ymm_ymm_ymm_imm8/instructions/vshufpd_ymm_ymm_ymm_imm8_217/vshufpd_ymm_ymm_ymm_imm8_217.s --functions /home/sdasgup3/Github/strata-data/data-regs/functions --testcases /home/sdasgup3/Github/strata-data/data-regs/testcases.tc --def_in "{ %ymm2 %ymm3 }" --live_out "{ %ymm1 }" --maybe_undef_out "{ }" 
Thread 36 start: vshufpd_ymm_ymm_ymm_imm8_235
timeout 30m  /home/sdasgup3/Github/strata/stoke/./bin/stoke_check_circuit --strata_path /home/sdasgup3/Github/strata-data/circuits --target concrete_instances/immediate-variants/vshufpd_ymm_ymm_ymm_imm8/instructions/vshufpd_ymm_ymm_ymm_imm8_235/vshufpd_ymm_ymm_ymm_imm8_235.s --functions /home/sdasgup3/Github/strata-data/data-regs/functions --testcases /home/sdasgup3/Github/strata-data/data-regs/testcases.tc --def_in "{ %ymm2 %ymm3 }" --live_out "{ %ymm1 }" --maybe_undef_out "{ }" 
Thread 37 start: vshufpd_ymm_ymm_ymm_imm8_248
timeout 30m  /home/sdasgup3/Github/strata/stoke/./bin/stoke_check_circuit --strata_path /home/sdasgup3/Github/strata-data/circuits --target concrete_instances/immediate-variants/vshufpd_ymm_ymm_ymm_imm8/instructions/vshufpd_ymm_ymm_ymm_imm8_248/vshufpd_ymm_ymm_ymm_imm8_248.s --functions /home/sdasgup3/Github/strata-data/data-regs/functions --testcases /home/sdasgup3/Github/strata-data/data-regs/testcases.tc --def_in "{ %ymm2 %ymm3 }" --live_out "{ %ymm1 }" --maybe_undef_out "{ }" 
Thread 38 start: vshufpd_ymm_ymm_ymm_imm8_249
timeout 30m  /home/sdasgup3/Github/strata/stoke/./bin/stoke_check_circuit --strata_path /home/sdasgup3/Github/strata-data/circuits --target concrete_instances/immediate-variants/vshufpd_ymm_ymm_ymm_imm8/instructions/vshufpd_ymm_ymm_ymm_imm8_249/vshufpd_ymm_ymm_ymm_imm8_249.s --functions /home/sdasgup3/Github/strata-data/data-regs/functions --testcases /home/sdasgup3/Github/strata-data/data-regs/testcases.tc --def_in "{ %ymm2 %ymm3 }" --live_out "{ %ymm1 }" --maybe_undef_out "{ }" 
Thread 39 start: vshufpd_ymm_ymm_ymm_imm8_251
timeout 30m  /home/sdasgup3/Github/strata/stoke/./bin/stoke_check_circuit --strata_path /home/sdasgup3/Github/strata-data/circuits --target concrete_instances/immediate-variants/vshufpd_ymm_ymm_ymm_imm8/instructions/vshufpd_ymm_ymm_ymm_imm8_251/vshufpd_ymm_ymm_ymm_imm8_251.s --functions /home/sdasgup3/Github/strata-data/data-regs/functions --testcases /home/sdasgup3/Github/strata-data/data-regs/testcases.tc --def_in "{ %ymm2 %ymm3 }" --live_out "{ %ymm1 }" --maybe_undef_out "{ }" 
Reading the Testsuit
Preparing Sandbox
Run 6630 tests
Collect Results
Check Equivalence
Completed 1000cases
Reading the Testsuit
Preparing Sandbox
Run 6630 tests
Collect Results
Check Equivalence
Completed 1000cases
Reading the Testsuit
Preparing Sandbox
Run 6630 tests
Collect Results
Check Equivalence
Completed 1000cases
Reading the Testsuit
Preparing Sandbox
Run 6630 tests
Collect Results
Check Equivalence
Completed 1000cases
Reading the Testsuit
Preparing Sandbox
Run 6630 tests
Collect Results
Check Equivalence
Completed 1000cases
Reading the Testsuit
Preparing Sandbox
Run 6630 tests
Collect Results
Check Equivalence
Completed 1000cases
Reading the Testsuit
Preparing Sandbox
Run 6630 tests
Collect Results
Check Equivalence
Completed 1000cases
Reading the Testsuit
Preparing Sandbox
Run 6630 tests
Collect Results
Check Equivalence
Completed 1000cases
Reading the Testsuit
Preparing Sandbox
Run 6630 tests
Collect Results
Check Equivalence
Completed 1000cases
Completed 2000cases
Completed 2000cases
Completed 2000cases
Completed 2000cases
Completed 2000cases
Completed 2000cases
Completed 2000cases
Completed 2000cases
Completed 2000cases
Completed 3000cases
Completed 3000cases
Completed 3000cases
Completed 3000cases
Completed 3000cases
Completed 3000cases
Completed 3000cases
Completed 3000cases
Completed 3000cases
Completed 4000cases
Completed 4000cases
Completed 4000cases
Completed 4000cases
Completed 4000cases
Completed 4000cases
Completed 4000cases
Completed 4000cases
Completed 4000cases
Completed 5000cases
Completed 5000cases
Completed 5000cases
Completed 5000cases
Completed 5000cases
Completed 5000cases
Completed 5000cases
Completed 5000cases
Completed 5000cases
Completed 6000cases
Completed 6000cases
Completed 6000cases
Completed 6000cases
Completed 6000cases
Completed 6000cases
Completed 6000cases
Completed 6000cases
Completed 6000cases
Execution time vshufpd_ymm_ymm_ymm_imm8_235: 42 s
Thread 36 done!: vshufpd_ymm_ymm_ymm_imm8_235
Execution time vshufpd_ymm_ymm_ymm_imm8_248: 41 s
Thread 37 done!: vshufpd_ymm_ymm_ymm_imm8_248
Execution time vshufpd_ymm_ymm_ymm_imm8_200: 42 s
Thread 31 done!: vshufpd_ymm_ymm_ymm_imm8_200
Execution time vshufpd_ymm_ymm_ymm_imm8_251: 42 s
Thread 39 done!: vshufpd_ymm_ymm_ymm_imm8_251
Execution time vshufpd_ymm_ymm_ymm_imm8_249: 42 s
Thread 38 done!: vshufpd_ymm_ymm_ymm_imm8_249
Execution time vshufpd_ymm_ymm_ymm_imm8_203: 43 s
Thread 33 done!: vshufpd_ymm_ymm_ymm_imm8_203
Execution time vshufpd_ymm_ymm_ymm_imm8_201: 43 s
Thread 32 done!: vshufpd_ymm_ymm_ymm_imm8_201
Execution time vshufpd_ymm_ymm_ymm_imm8_232: 44 s
Thread 35 done!: vshufpd_ymm_ymm_ymm_imm8_232
Execution time vshufpd_ymm_ymm_ymm_imm8_217: 44 s
Thread 34 done!: vshufpd_ymm_ymm_ymm_imm8_217
