[4m[1m[34mFiring 1.[0m
Thread 1 start: pextrq_r64_xmm_imm8_81
timeout 30m  /home/sdasgup3/Github/strata/stoke/./bin/stoke_check_circuit --strata_path /home/sdasgup3/Github/strata-data/circuits --target concrete_instances/immediate-variants/pextrq_r64_xmm_imm8/instructions/pextrq_r64_xmm_imm8_81/pextrq_r64_xmm_imm8_81.s --functions /home/sdasgup3/Github/strata-data/data-regs/functions --testcases /home/sdasgup3/Github/strata-data/data-regs/testcases.tc --def_in "{ %xmm1 }" --live_out "{ %rbx }" --maybe_undef_out "{ }" 
Reading the Testsuit
Preparing Sandbox
Run 6630 tests
Collect Results
Check Equivalence
Completed 1000cases
Completed 2000cases
Completed 3000cases
Completed 4000cases
Completed 5000cases
Completed 6000cases
Execution time pextrq_r64_xmm_imm8_81: 52 s
Thread 1 done!: pextrq_r64_xmm_imm8_81
[4m[1m[34mFiring 1.[0m
Thread 2 start: pextrq_r64_xmm_imm8_252
timeout 30m  /home/sdasgup3/Github/strata/stoke/./bin/stoke_check_circuit --strata_path /home/sdasgup3/Github/strata-data/circuits --target concrete_instances/immediate-variants/pextrq_r64_xmm_imm8/instructions/pextrq_r64_xmm_imm8_252/pextrq_r64_xmm_imm8_252.s --functions /home/sdasgup3/Github/strata-data/data-regs/functions --testcases /home/sdasgup3/Github/strata-data/data-regs/testcases.tc --def_in "{ %xmm1 }" --live_out "{ %rbx }" --maybe_undef_out "{ }" 
Reading the Testsuit
Preparing Sandbox
Run 6630 tests
Collect Results
Check Equivalence
Completed 1000cases
Completed 2000cases
Completed 3000cases
Completed 4000cases
Completed 5000cases
Completed 6000cases
Execution time pextrq_r64_xmm_imm8_252: 47 s
Thread 2 done!: pextrq_r64_xmm_imm8_252
