[4m[1m[34mFiring Last 22[0m
Thread 3 start: vperm2f128_ymm_ymm_ymm_imm8_13
/home/sdasgup3/TYLER/strata/stoke/./bin/stoke_check_circuit --target imm_instructions/vperm2f128_ymm_ymm_ymm_imm8/instructions/vperm2f128_ymm_ymm_ymm_imm8_13/vperm2f128_ymm_ymm_ymm_imm8_13.s --functions /home/sdasgup3/Github/strata-data/data-regs/functions --testcases /home/sdasgup3/Github/strata-data/data-regs/testcases.tc --def_in "{ %ymm2 %ymm3 }" --live_out "{ %ymm1 }" 
Thread 1 start: vperm2f128_ymm_ymm_ymm_imm8_6
/home/sdasgup3/TYLER/strata/stoke/./bin/stoke_check_circuit --target imm_instructions/vperm2f128_ymm_ymm_ymm_imm8/instructions/vperm2f128_ymm_ymm_ymm_imm8_6/vperm2f128_ymm_ymm_ymm_imm8_6.s --functions /home/sdasgup3/Github/strata-data/data-regs/functions --testcases /home/sdasgup3/Github/strata-data/data-regs/testcases.tc --def_in "{ %ymm2 %ymm3 }" --live_out "{ %ymm1 }" 
Thread 2 start: vperm2f128_ymm_ymm_ymm_imm8_8
/home/sdasgup3/TYLER/strata/stoke/./bin/stoke_check_circuit --target imm_instructions/vperm2f128_ymm_ymm_ymm_imm8/instructions/vperm2f128_ymm_ymm_ymm_imm8_8/vperm2f128_ymm_ymm_ymm_imm8_8.s --functions /home/sdasgup3/Github/strata-data/data-regs/functions --testcases /home/sdasgup3/Github/strata-data/data-regs/testcases.tc --def_in "{ %ymm2 %ymm3 }" --live_out "{ %ymm1 }" 
Thread 4 start: vperm2f128_ymm_ymm_ymm_imm8_39
/home/sdasgup3/TYLER/strata/stoke/./bin/stoke_check_circuit --target imm_instructions/vperm2f128_ymm_ymm_ymm_imm8/instructions/vperm2f128_ymm_ymm_ymm_imm8_39/vperm2f128_ymm_ymm_ymm_imm8_39.s --functions /home/sdasgup3/Github/strata-data/data-regs/functions --testcases /home/sdasgup3/Github/strata-data/data-regs/testcases.tc --def_in "{ %ymm2 %ymm3 }" --live_out "{ %ymm1 }" 
Thread 5 start: vperm2f128_ymm_ymm_ymm_imm8_41
/home/sdasgup3/TYLER/strata/stoke/./bin/stoke_check_circuit --target imm_instructions/vperm2f128_ymm_ymm_ymm_imm8/instructions/vperm2f128_ymm_ymm_ymm_imm8_41/vperm2f128_ymm_ymm_ymm_imm8_41.s --functions /home/sdasgup3/Github/strata-data/data-regs/functions --testcases /home/sdasgup3/Github/strata-data/data-regs/testcases.tc --def_in "{ %ymm2 %ymm3 }" --live_out "{ %ymm1 }" 
Thread 6 start: vperm2f128_ymm_ymm_ymm_imm8_42
/home/sdasgup3/TYLER/strata/stoke/./bin/stoke_check_circuit --target imm_instructions/vperm2f128_ymm_ymm_ymm_imm8/instructions/vperm2f128_ymm_ymm_ymm_imm8_42/vperm2f128_ymm_ymm_ymm_imm8_42.s --functions /home/sdasgup3/Github/strata-data/data-regs/functions --testcases /home/sdasgup3/Github/strata-data/data-regs/testcases.tc --def_in "{ %ymm2 %ymm3 }" --live_out "{ %ymm1 }" 
Thread 7 start: vperm2f128_ymm_ymm_ymm_imm8_45
/home/sdasgup3/TYLER/strata/stoke/./bin/stoke_check_circuit --target imm_instructions/vperm2f128_ymm_ymm_ymm_imm8/instructions/vperm2f128_ymm_ymm_ymm_imm8_45/vperm2f128_ymm_ymm_ymm_imm8_45.s --functions /home/sdasgup3/Github/strata-data/data-regs/functions --testcases /home/sdasgup3/Github/strata-data/data-regs/testcases.tc --def_in "{ %ymm2 %ymm3 }" --live_out "{ %ymm1 }" 
Thread 8 start: vperm2f128_ymm_ymm_ymm_imm8_46
/home/sdasgup3/TYLER/strata/stoke/./bin/stoke_check_circuit --target imm_instructions/vperm2f128_ymm_ymm_ymm_imm8/instructions/vperm2f128_ymm_ymm_ymm_imm8_46/vperm2f128_ymm_ymm_ymm_imm8_46.s --functions /home/sdasgup3/Github/strata-data/data-regs/functions --testcases /home/sdasgup3/Github/strata-data/data-regs/testcases.tc --def_in "{ %ymm2 %ymm3 }" --live_out "{ %ymm1 }" 
Thread 9 start: vperm2f128_ymm_ymm_ymm_imm8_47
/home/sdasgup3/TYLER/strata/stoke/./bin/stoke_check_circuit --target imm_instructions/vperm2f128_ymm_ymm_ymm_imm8/instructions/vperm2f128_ymm_ymm_ymm_imm8_47/vperm2f128_ymm_ymm_ymm_imm8_47.s --functions /home/sdasgup3/Github/strata-data/data-regs/functions --testcases /home/sdasgup3/Github/strata-data/data-regs/testcases.tc --def_in "{ %ymm2 %ymm3 }" --live_out "{ %ymm1 }" 
Thread 10 start: vperm2f128_ymm_ymm_ymm_imm8_65
/home/sdasgup3/TYLER/strata/stoke/./bin/stoke_check_circuit --target imm_instructions/vperm2f128_ymm_ymm_ymm_imm8/instructions/vperm2f128_ymm_ymm_ymm_imm8_65/vperm2f128_ymm_ymm_ymm_imm8_65.s --functions /home/sdasgup3/Github/strata-data/data-regs/functions --testcases /home/sdasgup3/Github/strata-data/data-regs/testcases.tc --def_in "{ %ymm2 %ymm3 }" --live_out "{ %ymm1 }" 
Thread 11 start: vperm2f128_ymm_ymm_ymm_imm8_69
/home/sdasgup3/TYLER/strata/stoke/./bin/stoke_check_circuit --target imm_instructions/vperm2f128_ymm_ymm_ymm_imm8/instructions/vperm2f128_ymm_ymm_ymm_imm8_69/vperm2f128_ymm_ymm_ymm_imm8_69.s --functions /home/sdasgup3/Github/strata-data/data-regs/functions --testcases /home/sdasgup3/Github/strata-data/data-regs/testcases.tc --def_in "{ %ymm2 %ymm3 }" --live_out "{ %ymm1 }" 
Thread 12 start: vperm2f128_ymm_ymm_ymm_imm8_73
/home/sdasgup3/TYLER/strata/stoke/./bin/stoke_check_circuit --target imm_instructions/vperm2f128_ymm_ymm_ymm_imm8/instructions/vperm2f128_ymm_ymm_ymm_imm8_73/vperm2f128_ymm_ymm_ymm_imm8_73.s --functions /home/sdasgup3/Github/strata-data/data-regs/functions --testcases /home/sdasgup3/Github/strata-data/data-regs/testcases.tc --def_in "{ %ymm2 %ymm3 }" --live_out "{ %ymm1 }" 
Thread 13 start: vperm2f128_ymm_ymm_ymm_imm8_75
/home/sdasgup3/TYLER/strata/stoke/./bin/stoke_check_circuit --target imm_instructions/vperm2f128_ymm_ymm_ymm_imm8/instructions/vperm2f128_ymm_ymm_ymm_imm8_75/vperm2f128_ymm_ymm_ymm_imm8_75.s --functions /home/sdasgup3/Github/strata-data/data-regs/functions --testcases /home/sdasgup3/Github/strata-data/data-regs/testcases.tc --def_in "{ %ymm2 %ymm3 }" --live_out "{ %ymm1 }" 
Thread 14 start: vperm2f128_ymm_ymm_ymm_imm8_76
/home/sdasgup3/TYLER/strata/stoke/./bin/stoke_check_circuit --target imm_instructions/vperm2f128_ymm_ymm_ymm_imm8/instructions/vperm2f128_ymm_ymm_ymm_imm8_76/vperm2f128_ymm_ymm_ymm_imm8_76.s --functions /home/sdasgup3/Github/strata-data/data-regs/functions --testcases /home/sdasgup3/Github/strata-data/data-regs/testcases.tc --def_in "{ %ymm2 %ymm3 }" --live_out "{ %ymm1 }" 
Thread 15 start: vperm2f128_ymm_ymm_ymm_imm8_78
/home/sdasgup3/TYLER/strata/stoke/./bin/stoke_check_circuit --target imm_instructions/vperm2f128_ymm_ymm_ymm_imm8/instructions/vperm2f128_ymm_ymm_ymm_imm8_78/vperm2f128_ymm_ymm_ymm_imm8_78.s --functions /home/sdasgup3/Github/strata-data/data-regs/functions --testcases /home/sdasgup3/Github/strata-data/data-regs/testcases.tc --def_in "{ %ymm2 %ymm3 }" --live_out "{ %ymm1 }" 
Thread 16 start: vperm2f128_ymm_ymm_ymm_imm8_99
/home/sdasgup3/TYLER/strata/stoke/./bin/stoke_check_circuit --target imm_instructions/vperm2f128_ymm_ymm_ymm_imm8/instructions/vperm2f128_ymm_ymm_ymm_imm8_99/vperm2f128_ymm_ymm_ymm_imm8_99.s --functions /home/sdasgup3/Github/strata-data/data-regs/functions --testcases /home/sdasgup3/Github/strata-data/data-regs/testcases.tc --def_in "{ %ymm2 %ymm3 }" --live_out "{ %ymm1 }" 
Thread 17 start: vperm2f128_ymm_ymm_ymm_imm8_103
/home/sdasgup3/TYLER/strata/stoke/./bin/stoke_check_circuit --target imm_instructions/vperm2f128_ymm_ymm_ymm_imm8/instructions/vperm2f128_ymm_ymm_ymm_imm8_103/vperm2f128_ymm_ymm_ymm_imm8_103.s --functions /home/sdasgup3/Github/strata-data/data-regs/functions --testcases /home/sdasgup3/Github/strata-data/data-regs/testcases.tc --def_in "{ %ymm2 %ymm3 }" --live_out "{ %ymm1 }" 
Thread 18 start: vperm2f128_ymm_ymm_ymm_imm8_105
/home/sdasgup3/TYLER/strata/stoke/./bin/stoke_check_circuit --target imm_instructions/vperm2f128_ymm_ymm_ymm_imm8/instructions/vperm2f128_ymm_ymm_ymm_imm8_105/vperm2f128_ymm_ymm_ymm_imm8_105.s --functions /home/sdasgup3/Github/strata-data/data-regs/functions --testcases /home/sdasgup3/Github/strata-data/data-regs/testcases.tc --def_in "{ %ymm2 %ymm3 }" --live_out "{ %ymm1 }" 
Thread 19 start: vperm2f128_ymm_ymm_ymm_imm8_108
/home/sdasgup3/TYLER/strata/stoke/./bin/stoke_check_circuit --target imm_instructions/vperm2f128_ymm_ymm_ymm_imm8/instructions/vperm2f128_ymm_ymm_ymm_imm8_108/vperm2f128_ymm_ymm_ymm_imm8_108.s --functions /home/sdasgup3/Github/strata-data/data-regs/functions --testcases /home/sdasgup3/Github/strata-data/data-regs/testcases.tc --def_in "{ %ymm2 %ymm3 }" --live_out "{ %ymm1 }" 
Thread 20 start: vperm2f128_ymm_ymm_ymm_imm8_109
/home/sdasgup3/TYLER/strata/stoke/./bin/stoke_check_circuit --target imm_instructions/vperm2f128_ymm_ymm_ymm_imm8/instructions/vperm2f128_ymm_ymm_ymm_imm8_109/vperm2f128_ymm_ymm_ymm_imm8_109.s --functions /home/sdasgup3/Github/strata-data/data-regs/functions --testcases /home/sdasgup3/Github/strata-data/data-regs/testcases.tc --def_in "{ %ymm2 %ymm3 }" --live_out "{ %ymm1 }" 
Thread 21 start: vperm2f128_ymm_ymm_ymm_imm8_110
/home/sdasgup3/TYLER/strata/stoke/./bin/stoke_check_circuit --target imm_instructions/vperm2f128_ymm_ymm_ymm_imm8/instructions/vperm2f128_ymm_ymm_ymm_imm8_110/vperm2f128_ymm_ymm_ymm_imm8_110.s --functions /home/sdasgup3/Github/strata-data/data-regs/functions --testcases /home/sdasgup3/Github/strata-data/data-regs/testcases.tc --def_in "{ %ymm2 %ymm3 }" --live_out "{ %ymm1 }" 
Thread 22 start: vperm2f128_ymm_ymm_ymm_imm8_111
/home/sdasgup3/TYLER/strata/stoke/./bin/stoke_check_circuit --target imm_instructions/vperm2f128_ymm_ymm_ymm_imm8/instructions/vperm2f128_ymm_ymm_ymm_imm8_111/vperm2f128_ymm_ymm_ymm_imm8_111.s --functions /home/sdasgup3/Github/strata-data/data-regs/functions --testcases /home/sdasgup3/Github/strata-data/data-regs/testcases.tc --def_in "{ %ymm2 %ymm3 }" --live_out "{ %ymm1 }" 
Reading the Testsuit
Preparing Sandbox
Run 6630 tests
Collect Results
Build Handler
Check Equivalence
Completed 1000cases
Reading the Testsuit
Preparing Sandbox
Run 6630 tests
Collect Results
Build Handler
Check Equivalence
Completed 1000cases
Reading the Testsuit
Preparing Sandbox
Run 6630 tests
Collect Results
Build Handler
Check Equivalence
Completed 1000cases
Reading the Testsuit
Preparing Sandbox
Run 6630 tests
Collect Results
Build Handler
Check Equivalence
Completed 1000cases
Reading the Testsuit
Preparing Sandbox
Run 6630 tests
Collect Results
Build Handler
Check Equivalence
Completed 1000cases
Reading the Testsuit
Preparing Sandbox
Run 6630 tests
Collect Results
Build Handler
Check Equivalence
Completed 1000cases
Reading the Testsuit
Preparing Sandbox
Run 6630 tests
Collect Results
Build Handler
Check Equivalence
Completed 1000cases
Reading the Testsuit
Preparing Sandbox
Run 6630 tests
Collect Results
Build Handler
Check Equivalence
Completed 1000cases
Reading the Testsuit
Preparing Sandbox
Run 6630 tests
Collect Results
Build Handler
Check Equivalence
Completed 1000cases
Reading the Testsuit
Preparing Sandbox
Run 6630 tests
Collect Results
Build Handler
Check Equivalence
Completed 1000cases
Reading the Testsuit
Preparing Sandbox
Run 6630 tests
Collect Results
Build Handler
Check Equivalence
Completed 1000cases
Reading the Testsuit
Preparing Sandbox
Run 6630 tests
Collect Results
Build Handler
Check Equivalence
Completed 1000cases
Reading the Testsuit
Preparing Sandbox
Run 6630 tests
Collect Results
Build Handler
Check Equivalence
Completed 1000cases
Reading the Testsuit
Preparing Sandbox
Run 6630 tests
Collect Results
Build Handler
Check Equivalence
Completed 1000cases
Reading the Testsuit
Preparing Sandbox
Run 6630 tests
Collect Results
Build Handler
Check Equivalence
Completed 1000cases
Reading the Testsuit
Preparing Sandbox
Run 6630 tests
Collect Results
Build Handler
Check Equivalence
Completed 1000cases
Reading the Testsuit
Preparing Sandbox
Run 6630 tests
Collect Results
Build Handler
Check Equivalence
Completed 1000cases
Reading the Testsuit
Preparing Sandbox
Run 6630 tests
Collect Results
Build Handler
Check Equivalence
Completed 1000cases
Reading the Testsuit
Preparing Sandbox
Run 6630 tests
Collect Results
Build Handler
Check Equivalence
Completed 1000cases
Reading the Testsuit
Preparing Sandbox
Run 6630 tests
Collect Results
Build Handler
Check Equivalence
Completed 1000cases
Reading the Testsuit
Preparing Sandbox
Run 6630 tests
Collect Results
Build Handler
Check Equivalence
Completed 1000cases
Reading the Testsuit
Preparing Sandbox
Run 6630 tests
Collect Results
Build Handler
Check Equivalence
Completed 1000cases
Completed 2000cases
Completed 2000cases
Completed 2000cases
Completed 2000cases
Completed 2000cases
Completed 2000cases
Completed 2000cases
Completed 2000cases
Completed 2000cases
Completed 2000cases
Completed 2000cases
Completed 2000cases
Completed 2000cases
Completed 2000cases
Completed 2000cases
Completed 2000cases
Completed 2000cases
Completed 2000cases
Completed 2000cases
Completed 2000cases
Completed 2000cases
Completed 2000cases
Completed 3000cases
Completed 3000cases
Completed 3000cases
Completed 3000cases
Completed 3000cases
Completed 3000cases
Completed 3000cases
Completed 3000cases
Completed 3000cases
Completed 3000cases
Completed 3000cases
Completed 3000cases
Completed 3000cases
Completed 3000cases
Completed 3000cases
Completed 3000cases
Completed 3000cases
Completed 3000cases
Completed 3000cases
Completed 3000cases
Completed 3000cases
Completed 3000cases
Completed 4000cases
Completed 4000cases
Completed 4000cases
Completed 4000cases
Completed 4000cases
Completed 4000cases
Completed 4000cases
Completed 4000cases
Completed 4000cases
Completed 4000cases
Completed 4000cases
Completed 4000cases
Completed 4000cases
Completed 4000cases
Completed 4000cases
Completed 4000cases
Completed 4000cases
Completed 4000cases
Completed 4000cases
Completed 4000cases
Completed 4000cases
Completed 4000cases
Completed 5000cases
Completed 5000cases
Completed 5000cases
Completed 5000cases
Completed 5000cases
Completed 5000cases
Completed 5000cases
Completed 5000cases
Completed 5000cases
Completed 5000cases
Completed 5000cases
Completed 5000cases
Completed 5000cases
Completed 5000cases
Completed 5000cases
Completed 5000cases
Completed 5000cases
Completed 5000cases
Completed 5000cases
Completed 5000cases
Completed 5000cases
Completed 5000cases
Completed 6000cases
Completed 6000cases
Completed 6000cases
Completed 6000cases
Completed 6000cases
Completed 6000cases
Completed 6000cases
Completed 6000cases
Completed 6000cases
Completed 6000cases
Completed 6000cases
Completed 6000cases
Completed 6000cases
Completed 6000cases
Completed 6000cases
Completed 6000cases
Completed 6000cases
Completed 6000cases
Completed 6000cases
Completed 6000cases
Completed 6000cases
Completed 6000cases
Thread 10 done!: vperm2f128_ymm_ymm_ymm_imm8_65
Thread 16 done!: vperm2f128_ymm_ymm_ymm_imm8_99
Thread 5 done!: vperm2f128_ymm_ymm_ymm_imm8_41
Thread 21 done!: vperm2f128_ymm_ymm_ymm_imm8_110
Thread 18 done!: vperm2f128_ymm_ymm_ymm_imm8_105
Thread 9 done!: vperm2f128_ymm_ymm_ymm_imm8_47
Thread 22 done!: vperm2f128_ymm_ymm_ymm_imm8_111
Thread 12 done!: vperm2f128_ymm_ymm_ymm_imm8_73
Thread 3 done!: vperm2f128_ymm_ymm_ymm_imm8_13
Thread 14 done!: vperm2f128_ymm_ymm_ymm_imm8_76
Thread 6 done!: vperm2f128_ymm_ymm_ymm_imm8_42
Thread 8 done!: vperm2f128_ymm_ymm_ymm_imm8_46
Thread 11 done!: vperm2f128_ymm_ymm_ymm_imm8_69
Thread 19 done!: vperm2f128_ymm_ymm_ymm_imm8_108
Thread 2 done!: vperm2f128_ymm_ymm_ymm_imm8_8
Thread 1 done!: vperm2f128_ymm_ymm_ymm_imm8_6
Thread 4 done!: vperm2f128_ymm_ymm_ymm_imm8_39
Thread 13 done!: vperm2f128_ymm_ymm_ymm_imm8_75
Thread 17 done!: vperm2f128_ymm_ymm_ymm_imm8_103
Thread 20 done!: vperm2f128_ymm_ymm_ymm_imm8_109
Thread 7 done!: vperm2f128_ymm_ymm_ymm_imm8_45
Thread 15 done!: vperm2f128_ymm_ymm_ymm_imm8_78
