[4m[1m[34mFiring Last 24[0m
Thread 1 start: vperm2f128_ymm_ymm_ymm_imm8_107
timeout 30m  /home/sdasgup3/Github/strata/stoke/./bin/stoke_check_circuit --strata_path /home/sdasgup3/Github/strata-data/circuits --target concrete_instances/immediate-variants/vperm2f128_ymm_ymm_ymm_imm8/instructions/vperm2f128_ymm_ymm_ymm_imm8_107/vperm2f128_ymm_ymm_ymm_imm8_107.s --functions /home/sdasgup3/Github/strata-data/data-regs/functions --testcases /home/sdasgup3/Github/strata-data/data-regs/testcases.tc --def_in "{ %ymm2 %ymm3 }" --live_out "{ %ymm1 }" --maybe_undef_out "{ }" 
Thread 5 start: vperm2f128_ymm_ymm_ymm_imm8_13
timeout 30m  /home/sdasgup3/Github/strata/stoke/./bin/stoke_check_circuit --strata_path /home/sdasgup3/Github/strata-data/circuits --target concrete_instances/immediate-variants/vperm2f128_ymm_ymm_ymm_imm8/instructions/vperm2f128_ymm_ymm_ymm_imm8_13/vperm2f128_ymm_ymm_ymm_imm8_13.s --functions /home/sdasgup3/Github/strata-data/data-regs/functions --testcases /home/sdasgup3/Github/strata-data/data-regs/testcases.tc --def_in "{ %ymm2 %ymm3 }" --live_out "{ %ymm1 }" --maybe_undef_out "{ }" 
Thread 2 start: vperm2f128_ymm_ymm_ymm_imm8_126
timeout 30m  /home/sdasgup3/Github/strata/stoke/./bin/stoke_check_circuit --strata_path /home/sdasgup3/Github/strata-data/circuits --target concrete_instances/immediate-variants/vperm2f128_ymm_ymm_ymm_imm8/instructions/vperm2f128_ymm_ymm_ymm_imm8_126/vperm2f128_ymm_ymm_ymm_imm8_126.s --functions /home/sdasgup3/Github/strata-data/data-regs/functions --testcases /home/sdasgup3/Github/strata-data/data-regs/testcases.tc --def_in "{ %ymm2 %ymm3 }" --live_out "{ %ymm1 }" --maybe_undef_out "{ }" 
Thread 4 start: vperm2f128_ymm_ymm_ymm_imm8_8
timeout 30m  /home/sdasgup3/Github/strata/stoke/./bin/stoke_check_circuit --strata_path /home/sdasgup3/Github/strata-data/circuits --target concrete_instances/immediate-variants/vperm2f128_ymm_ymm_ymm_imm8/instructions/vperm2f128_ymm_ymm_ymm_imm8_8/vperm2f128_ymm_ymm_ymm_imm8_8.s --functions /home/sdasgup3/Github/strata-data/data-regs/functions --testcases /home/sdasgup3/Github/strata-data/data-regs/testcases.tc --def_in "{ %ymm2 %ymm3 }" --live_out "{ %ymm1 }" --maybe_undef_out "{ }" 
Thread 7 start: vperm2f128_ymm_ymm_ymm_imm8_41
timeout 30m  /home/sdasgup3/Github/strata/stoke/./bin/stoke_check_circuit --strata_path /home/sdasgup3/Github/strata-data/circuits --target concrete_instances/immediate-variants/vperm2f128_ymm_ymm_ymm_imm8/instructions/vperm2f128_ymm_ymm_ymm_imm8_41/vperm2f128_ymm_ymm_ymm_imm8_41.s --functions /home/sdasgup3/Github/strata-data/data-regs/functions --testcases /home/sdasgup3/Github/strata-data/data-regs/testcases.tc --def_in "{ %ymm2 %ymm3 }" --live_out "{ %ymm1 }" --maybe_undef_out "{ }" 
Thread 10 start: vperm2f128_ymm_ymm_ymm_imm8_46
timeout 30m  /home/sdasgup3/Github/strata/stoke/./bin/stoke_check_circuit --strata_path /home/sdasgup3/Github/strata-data/circuits --target concrete_instances/immediate-variants/vperm2f128_ymm_ymm_ymm_imm8/instructions/vperm2f128_ymm_ymm_ymm_imm8_46/vperm2f128_ymm_ymm_ymm_imm8_46.s --functions /home/sdasgup3/Github/strata-data/data-regs/functions --testcases /home/sdasgup3/Github/strata-data/data-regs/testcases.tc --def_in "{ %ymm2 %ymm3 }" --live_out "{ %ymm1 }" --maybe_undef_out "{ }" 
Thread 8 start: vperm2f128_ymm_ymm_ymm_imm8_42
timeout 30m  /home/sdasgup3/Github/strata/stoke/./bin/stoke_check_circuit --strata_path /home/sdasgup3/Github/strata-data/circuits --target concrete_instances/immediate-variants/vperm2f128_ymm_ymm_ymm_imm8/instructions/vperm2f128_ymm_ymm_ymm_imm8_42/vperm2f128_ymm_ymm_ymm_imm8_42.s --functions /home/sdasgup3/Github/strata-data/data-regs/functions --testcases /home/sdasgup3/Github/strata-data/data-regs/testcases.tc --def_in "{ %ymm2 %ymm3 }" --live_out "{ %ymm1 }" --maybe_undef_out "{ }" 
Thread 9 start: vperm2f128_ymm_ymm_ymm_imm8_45
timeout 30m  /home/sdasgup3/Github/strata/stoke/./bin/stoke_check_circuit --strata_path /home/sdasgup3/Github/strata-data/circuits --target concrete_instances/immediate-variants/vperm2f128_ymm_ymm_ymm_imm8/instructions/vperm2f128_ymm_ymm_ymm_imm8_45/vperm2f128_ymm_ymm_ymm_imm8_45.s --functions /home/sdasgup3/Github/strata-data/data-regs/functions --testcases /home/sdasgup3/Github/strata-data/data-regs/testcases.tc --def_in "{ %ymm2 %ymm3 }" --live_out "{ %ymm1 }" --maybe_undef_out "{ }" 
Thread 3 start: vperm2f128_ymm_ymm_ymm_imm8_6
timeout 30m  /home/sdasgup3/Github/strata/stoke/./bin/stoke_check_circuit --strata_path /home/sdasgup3/Github/strata-data/circuits --target concrete_instances/immediate-variants/vperm2f128_ymm_ymm_ymm_imm8/instructions/vperm2f128_ymm_ymm_ymm_imm8_6/vperm2f128_ymm_ymm_ymm_imm8_6.s --functions /home/sdasgup3/Github/strata-data/data-regs/functions --testcases /home/sdasgup3/Github/strata-data/data-regs/testcases.tc --def_in "{ %ymm2 %ymm3 }" --live_out "{ %ymm1 }" --maybe_undef_out "{ }" 
Thread 6 start: vperm2f128_ymm_ymm_ymm_imm8_39
timeout 30m  /home/sdasgup3/Github/strata/stoke/./bin/stoke_check_circuit --strata_path /home/sdasgup3/Github/strata-data/circuits --target concrete_instances/immediate-variants/vperm2f128_ymm_ymm_ymm_imm8/instructions/vperm2f128_ymm_ymm_ymm_imm8_39/vperm2f128_ymm_ymm_ymm_imm8_39.s --functions /home/sdasgup3/Github/strata-data/data-regs/functions --testcases /home/sdasgup3/Github/strata-data/data-regs/testcases.tc --def_in "{ %ymm2 %ymm3 }" --live_out "{ %ymm1 }" --maybe_undef_out "{ }" 
Thread 11 start: vperm2f128_ymm_ymm_ymm_imm8_47
timeout 30m  /home/sdasgup3/Github/strata/stoke/./bin/stoke_check_circuit --strata_path /home/sdasgup3/Github/strata-data/circuits --target concrete_instances/immediate-variants/vperm2f128_ymm_ymm_ymm_imm8/instructions/vperm2f128_ymm_ymm_ymm_imm8_47/vperm2f128_ymm_ymm_ymm_imm8_47.s --functions /home/sdasgup3/Github/strata-data/data-regs/functions --testcases /home/sdasgup3/Github/strata-data/data-regs/testcases.tc --def_in "{ %ymm2 %ymm3 }" --live_out "{ %ymm1 }" --maybe_undef_out "{ }" 
Thread 12 start: vperm2f128_ymm_ymm_ymm_imm8_65
timeout 30m  /home/sdasgup3/Github/strata/stoke/./bin/stoke_check_circuit --strata_path /home/sdasgup3/Github/strata-data/circuits --target concrete_instances/immediate-variants/vperm2f128_ymm_ymm_ymm_imm8/instructions/vperm2f128_ymm_ymm_ymm_imm8_65/vperm2f128_ymm_ymm_ymm_imm8_65.s --functions /home/sdasgup3/Github/strata-data/data-regs/functions --testcases /home/sdasgup3/Github/strata-data/data-regs/testcases.tc --def_in "{ %ymm2 %ymm3 }" --live_out "{ %ymm1 }" --maybe_undef_out "{ }" 
Thread 13 start: vperm2f128_ymm_ymm_ymm_imm8_69
timeout 30m  /home/sdasgup3/Github/strata/stoke/./bin/stoke_check_circuit --strata_path /home/sdasgup3/Github/strata-data/circuits --target concrete_instances/immediate-variants/vperm2f128_ymm_ymm_ymm_imm8/instructions/vperm2f128_ymm_ymm_ymm_imm8_69/vperm2f128_ymm_ymm_ymm_imm8_69.s --functions /home/sdasgup3/Github/strata-data/data-regs/functions --testcases /home/sdasgup3/Github/strata-data/data-regs/testcases.tc --def_in "{ %ymm2 %ymm3 }" --live_out "{ %ymm1 }" --maybe_undef_out "{ }" 
Thread 14 start: vperm2f128_ymm_ymm_ymm_imm8_73
timeout 30m  /home/sdasgup3/Github/strata/stoke/./bin/stoke_check_circuit --strata_path /home/sdasgup3/Github/strata-data/circuits --target concrete_instances/immediate-variants/vperm2f128_ymm_ymm_ymm_imm8/instructions/vperm2f128_ymm_ymm_ymm_imm8_73/vperm2f128_ymm_ymm_ymm_imm8_73.s --functions /home/sdasgup3/Github/strata-data/data-regs/functions --testcases /home/sdasgup3/Github/strata-data/data-regs/testcases.tc --def_in "{ %ymm2 %ymm3 }" --live_out "{ %ymm1 }" --maybe_undef_out "{ }" 
Thread 15 start: vperm2f128_ymm_ymm_ymm_imm8_75
timeout 30m  /home/sdasgup3/Github/strata/stoke/./bin/stoke_check_circuit --strata_path /home/sdasgup3/Github/strata-data/circuits --target concrete_instances/immediate-variants/vperm2f128_ymm_ymm_ymm_imm8/instructions/vperm2f128_ymm_ymm_ymm_imm8_75/vperm2f128_ymm_ymm_ymm_imm8_75.s --functions /home/sdasgup3/Github/strata-data/data-regs/functions --testcases /home/sdasgup3/Github/strata-data/data-regs/testcases.tc --def_in "{ %ymm2 %ymm3 }" --live_out "{ %ymm1 }" --maybe_undef_out "{ }" 
Thread 16 start: vperm2f128_ymm_ymm_ymm_imm8_76
timeout 30m  /home/sdasgup3/Github/strata/stoke/./bin/stoke_check_circuit --strata_path /home/sdasgup3/Github/strata-data/circuits --target concrete_instances/immediate-variants/vperm2f128_ymm_ymm_ymm_imm8/instructions/vperm2f128_ymm_ymm_ymm_imm8_76/vperm2f128_ymm_ymm_ymm_imm8_76.s --functions /home/sdasgup3/Github/strata-data/data-regs/functions --testcases /home/sdasgup3/Github/strata-data/data-regs/testcases.tc --def_in "{ %ymm2 %ymm3 }" --live_out "{ %ymm1 }" --maybe_undef_out "{ }" 
Thread 17 start: vperm2f128_ymm_ymm_ymm_imm8_78
timeout 30m  /home/sdasgup3/Github/strata/stoke/./bin/stoke_check_circuit --strata_path /home/sdasgup3/Github/strata-data/circuits --target concrete_instances/immediate-variants/vperm2f128_ymm_ymm_ymm_imm8/instructions/vperm2f128_ymm_ymm_ymm_imm8_78/vperm2f128_ymm_ymm_ymm_imm8_78.s --functions /home/sdasgup3/Github/strata-data/data-regs/functions --testcases /home/sdasgup3/Github/strata-data/data-regs/testcases.tc --def_in "{ %ymm2 %ymm3 }" --live_out "{ %ymm1 }" --maybe_undef_out "{ }" 
Thread 20 start: vperm2f128_ymm_ymm_ymm_imm8_105
timeout 30m  /home/sdasgup3/Github/strata/stoke/./bin/stoke_check_circuit --strata_path /home/sdasgup3/Github/strata-data/circuits --target concrete_instances/immediate-variants/vperm2f128_ymm_ymm_ymm_imm8/instructions/vperm2f128_ymm_ymm_ymm_imm8_105/vperm2f128_ymm_ymm_ymm_imm8_105.s --functions /home/sdasgup3/Github/strata-data/data-regs/functions --testcases /home/sdasgup3/Github/strata-data/data-regs/testcases.tc --def_in "{ %ymm2 %ymm3 }" --live_out "{ %ymm1 }" --maybe_undef_out "{ }" 
Thread 19 start: vperm2f128_ymm_ymm_ymm_imm8_103
timeout 30m  /home/sdasgup3/Github/strata/stoke/./bin/stoke_check_circuit --strata_path /home/sdasgup3/Github/strata-data/circuits --target concrete_instances/immediate-variants/vperm2f128_ymm_ymm_ymm_imm8/instructions/vperm2f128_ymm_ymm_ymm_imm8_103/vperm2f128_ymm_ymm_ymm_imm8_103.s --functions /home/sdasgup3/Github/strata-data/data-regs/functions --testcases /home/sdasgup3/Github/strata-data/data-regs/testcases.tc --def_in "{ %ymm2 %ymm3 }" --live_out "{ %ymm1 }" --maybe_undef_out "{ }" 
Thread 18 start: vperm2f128_ymm_ymm_ymm_imm8_99
timeout 30m  /home/sdasgup3/Github/strata/stoke/./bin/stoke_check_circuit --strata_path /home/sdasgup3/Github/strata-data/circuits --target concrete_instances/immediate-variants/vperm2f128_ymm_ymm_ymm_imm8/instructions/vperm2f128_ymm_ymm_ymm_imm8_99/vperm2f128_ymm_ymm_ymm_imm8_99.s --functions /home/sdasgup3/Github/strata-data/data-regs/functions --testcases /home/sdasgup3/Github/strata-data/data-regs/testcases.tc --def_in "{ %ymm2 %ymm3 }" --live_out "{ %ymm1 }" --maybe_undef_out "{ }" 
Thread 21 start: vperm2f128_ymm_ymm_ymm_imm8_108
timeout 30m  /home/sdasgup3/Github/strata/stoke/./bin/stoke_check_circuit --strata_path /home/sdasgup3/Github/strata-data/circuits --target concrete_instances/immediate-variants/vperm2f128_ymm_ymm_ymm_imm8/instructions/vperm2f128_ymm_ymm_ymm_imm8_108/vperm2f128_ymm_ymm_ymm_imm8_108.s --functions /home/sdasgup3/Github/strata-data/data-regs/functions --testcases /home/sdasgup3/Github/strata-data/data-regs/testcases.tc --def_in "{ %ymm2 %ymm3 }" --live_out "{ %ymm1 }" --maybe_undef_out "{ }" 
Thread 22 start: vperm2f128_ymm_ymm_ymm_imm8_109
timeout 30m  /home/sdasgup3/Github/strata/stoke/./bin/stoke_check_circuit --strata_path /home/sdasgup3/Github/strata-data/circuits --target concrete_instances/immediate-variants/vperm2f128_ymm_ymm_ymm_imm8/instructions/vperm2f128_ymm_ymm_ymm_imm8_109/vperm2f128_ymm_ymm_ymm_imm8_109.s --functions /home/sdasgup3/Github/strata-data/data-regs/functions --testcases /home/sdasgup3/Github/strata-data/data-regs/testcases.tc --def_in "{ %ymm2 %ymm3 }" --live_out "{ %ymm1 }" --maybe_undef_out "{ }" 
Thread 23 start: vperm2f128_ymm_ymm_ymm_imm8_110
timeout 30m  /home/sdasgup3/Github/strata/stoke/./bin/stoke_check_circuit --strata_path /home/sdasgup3/Github/strata-data/circuits --target concrete_instances/immediate-variants/vperm2f128_ymm_ymm_ymm_imm8/instructions/vperm2f128_ymm_ymm_ymm_imm8_110/vperm2f128_ymm_ymm_ymm_imm8_110.s --functions /home/sdasgup3/Github/strata-data/data-regs/functions --testcases /home/sdasgup3/Github/strata-data/data-regs/testcases.tc --def_in "{ %ymm2 %ymm3 }" --live_out "{ %ymm1 }" --maybe_undef_out "{ }" 
Thread 24 start: vperm2f128_ymm_ymm_ymm_imm8_111
timeout 30m  /home/sdasgup3/Github/strata/stoke/./bin/stoke_check_circuit --strata_path /home/sdasgup3/Github/strata-data/circuits --target concrete_instances/immediate-variants/vperm2f128_ymm_ymm_ymm_imm8/instructions/vperm2f128_ymm_ymm_ymm_imm8_111/vperm2f128_ymm_ymm_ymm_imm8_111.s --functions /home/sdasgup3/Github/strata-data/data-regs/functions --testcases /home/sdasgup3/Github/strata-data/data-regs/testcases.tc --def_in "{ %ymm2 %ymm3 }" --live_out "{ %ymm1 }" --maybe_undef_out "{ }" 
Reading the Testsuit
Preparing Sandbox
Run 6630 tests
Collect Results
Check Equivalence
Completed 1000cases
Reading the Testsuit
Preparing Sandbox
Run 6630 tests
Collect Results
Check Equivalence
Completed 1000cases
Reading the Testsuit
Preparing Sandbox
Run 6630 tests
Collect Results
Check Equivalence
Completed 1000cases
Reading the Testsuit
Preparing Sandbox
Run 6630 tests
Collect Results
Check Equivalence
Completed 1000cases
Reading the Testsuit
Preparing Sandbox
Run 6630 tests
Collect Results
Check Equivalence
Completed 1000cases
Reading the Testsuit
Preparing Sandbox
Run 6630 tests
Collect Results
Check Equivalence
Completed 1000cases
Reading the Testsuit
Preparing Sandbox
Run 6630 tests
Collect Results
Check Equivalence
Completed 1000cases
Reading the Testsuit
Preparing Sandbox
Run 6630 tests
Collect Results
Check Equivalence
Completed 1000cases
Reading the Testsuit
Preparing Sandbox
Run 6630 tests
Collect Results
Check Equivalence
Completed 1000cases
Reading the Testsuit
Preparing Sandbox
Run 6630 tests
Collect Results
Check Equivalence
Completed 1000cases
Reading the Testsuit
Preparing Sandbox
Run 6630 tests
Collect Results
Check Equivalence
Completed 1000cases
Reading the Testsuit
Preparing Sandbox
Run 6630 tests
Collect Results
Check Equivalence
Completed 1000cases
Reading the Testsuit
Preparing Sandbox
Run 6630 tests
Collect Results
Check Equivalence
Completed 1000cases
Reading the Testsuit
Preparing Sandbox
Run 6630 tests
Collect Results
Check Equivalence
Completed 1000cases
Reading the Testsuit
Preparing Sandbox
Run 6630 tests
Collect Results
Check Equivalence
Completed 1000cases
Reading the Testsuit
Preparing Sandbox
Run 6630 tests
Collect Results
Check Equivalence
Completed 1000cases
Reading the Testsuit
Preparing Sandbox
Run 6630 tests
Collect Results
Check Equivalence
Completed 1000cases
Reading the Testsuit
Preparing Sandbox
Run 6630 tests
Collect Results
Check Equivalence
Completed 1000cases
Reading the Testsuit
Preparing Sandbox
Run 6630 tests
Collect Results
Check Equivalence
Completed 1000cases
Reading the Testsuit
Preparing Sandbox
Run 6630 tests
Collect Results
Check Equivalence
Completed 1000cases
Reading the Testsuit
Preparing Sandbox
Run 6630 tests
Collect Results
Check Equivalence
Completed 1000cases
Reading the Testsuit
Preparing Sandbox
Run 6630 tests
Collect Results
Check Equivalence
Completed 1000cases
Reading the Testsuit
Preparing Sandbox
Run 6630 tests
Collect Results
Check Equivalence
Completed 1000cases
Reading the Testsuit
Preparing Sandbox
Run 6630 tests
Collect Results
Check Equivalence
Completed 1000cases
Completed 2000cases
Completed 2000cases
Completed 2000cases
Completed 2000cases
Completed 2000cases
Completed 2000cases
Completed 2000cases
Completed 2000cases
Completed 2000cases
Completed 2000cases
Completed 2000cases
Completed 2000cases
Completed 2000cases
Completed 2000cases
Completed 2000cases
Completed 2000cases
Completed 2000cases
Completed 2000cases
Completed 2000cases
Completed 2000cases
Completed 2000cases
Completed 2000cases
Completed 2000cases
Completed 2000cases
Completed 3000cases
Completed 3000cases
Completed 3000cases
Completed 3000cases
Completed 3000cases
Completed 3000cases
Completed 3000cases
Completed 3000cases
Completed 3000cases
Completed 3000cases
Completed 3000cases
Completed 3000cases
Completed 3000cases
Completed 3000cases
Completed 3000cases
Completed 3000cases
Completed 3000cases
Completed 3000cases
Completed 3000cases
Completed 3000cases
Completed 3000cases
Completed 3000cases
Completed 3000cases
Completed 3000cases
Completed 4000cases
Completed 4000cases
Completed 4000cases
Completed 4000cases
Completed 4000cases
Completed 4000cases
Completed 4000cases
Completed 4000cases
Completed 4000cases
Completed 4000cases
Completed 4000cases
Completed 4000cases
Completed 4000cases
Completed 4000cases
Completed 4000cases
Completed 4000cases
Completed 4000cases
Completed 4000cases
Completed 4000cases
Completed 4000cases
Completed 4000cases
Completed 4000cases
Completed 4000cases
Completed 4000cases
Completed 5000cases
Completed 5000cases
Completed 5000cases
Completed 5000cases
Completed 5000cases
Completed 5000cases
Completed 5000cases
Completed 5000cases
Completed 5000cases
Completed 5000cases
Completed 5000cases
Completed 5000cases
Completed 5000cases
Completed 5000cases
Completed 5000cases
Completed 5000cases
Completed 5000cases
Completed 5000cases
Completed 5000cases
Completed 5000cases
Completed 5000cases
Completed 5000cases
Completed 5000cases
Completed 5000cases
Completed 6000cases
Completed 6000cases
Completed 6000cases
Completed 6000cases
Completed 6000cases
Completed 6000cases
Completed 6000cases
Completed 6000cases
Completed 6000cases
Completed 6000cases
Completed 6000cases
Completed 6000cases
Completed 6000cases
Completed 6000cases
Completed 6000cases
Execution time vperm2f128_ymm_ymm_ymm_imm8_39: 54 s
Thread 6 done!: vperm2f128_ymm_ymm_ymm_imm8_39
Completed 6000cases
Completed 6000cases
Completed 6000cases
Completed 6000cases
Completed 6000cases
Completed 6000cases
Completed 6000cases
Execution time vperm2f128_ymm_ymm_ymm_imm8_45: 56 s
Thread 9 done!: vperm2f128_ymm_ymm_ymm_imm8_45
Completed 6000cases
Completed 6000cases
Execution time vperm2f128_ymm_ymm_ymm_imm8_13: 56 s
Thread 5 done!: vperm2f128_ymm_ymm_ymm_imm8_13
Execution time vperm2f128_ymm_ymm_ymm_imm8_76: 56 s
Thread 16 done!: vperm2f128_ymm_ymm_ymm_imm8_76
Execution time vperm2f128_ymm_ymm_ymm_imm8_47: 56 s
Thread 11 done!: vperm2f128_ymm_ymm_ymm_imm8_47
Execution time vperm2f128_ymm_ymm_ymm_imm8_8: 57 s
Thread 4 done!: vperm2f128_ymm_ymm_ymm_imm8_8
Execution time vperm2f128_ymm_ymm_ymm_imm8_75: 57 s
Thread 15 done!: vperm2f128_ymm_ymm_ymm_imm8_75
Execution time vperm2f128_ymm_ymm_ymm_imm8_110: 57 s
Thread 23 done!: vperm2f128_ymm_ymm_ymm_imm8_110
Execution time vperm2f128_ymm_ymm_ymm_imm8_65: 57 s
Thread 12 done!: vperm2f128_ymm_ymm_ymm_imm8_65
Execution time vperm2f128_ymm_ymm_ymm_imm8_107: 58 s
Thread 1 done!: vperm2f128_ymm_ymm_ymm_imm8_107
Execution time vperm2f128_ymm_ymm_ymm_imm8_108: 58 s
Thread 21 done!: vperm2f128_ymm_ymm_ymm_imm8_108
Execution time vperm2f128_ymm_ymm_ymm_imm8_6: 58 s
Thread 3 done!: vperm2f128_ymm_ymm_ymm_imm8_6
Execution time vperm2f128_ymm_ymm_ymm_imm8_42: 59 s
Thread 8 done!: vperm2f128_ymm_ymm_ymm_imm8_42
Execution time vperm2f128_ymm_ymm_ymm_imm8_46: 59 s
Thread 10 done!: vperm2f128_ymm_ymm_ymm_imm8_46
Execution time vperm2f128_ymm_ymm_ymm_imm8_41: 59 s
Thread 7 done!: vperm2f128_ymm_ymm_ymm_imm8_41
Execution time vperm2f128_ymm_ymm_ymm_imm8_99: 59 s
Thread 18 done!: vperm2f128_ymm_ymm_ymm_imm8_99
Execution time vperm2f128_ymm_ymm_ymm_imm8_109: 59 s
Thread 22 done!: vperm2f128_ymm_ymm_ymm_imm8_109
Execution time vperm2f128_ymm_ymm_ymm_imm8_103: 59 s
Thread 19 done!: vperm2f128_ymm_ymm_ymm_imm8_103
Execution time vperm2f128_ymm_ymm_ymm_imm8_105: 59 s
Thread 20 done!: vperm2f128_ymm_ymm_ymm_imm8_105
Execution time vperm2f128_ymm_ymm_ymm_imm8_69: 59 s
Thread 13 done!: vperm2f128_ymm_ymm_ymm_imm8_69
Execution time vperm2f128_ymm_ymm_ymm_imm8_73: 60 s
Thread 14 done!: vperm2f128_ymm_ymm_ymm_imm8_73
Execution time vperm2f128_ymm_ymm_ymm_imm8_126: 60 s
Thread 2 done!: vperm2f128_ymm_ymm_ymm_imm8_126
Execution time vperm2f128_ymm_ymm_ymm_imm8_111: 60 s
Thread 24 done!: vperm2f128_ymm_ymm_ymm_imm8_111
Execution time vperm2f128_ymm_ymm_ymm_imm8_78: 60 s
Thread 17 done!: vperm2f128_ymm_ymm_ymm_imm8_78
